<test>
<力>
<א/>
<س/>
<अ/>
<அ/>
<அ/>
<𐍑/>
<🪐/>
<😀/>
</力>

<ÀÖØöøÿĀĿŀſƀƿǀǿƀƿǀǿȀȿɀɿʀʿˀ˿/>
<ͰͽͿ΀οπϿ/>
<ЀпрѿҠҀҿӀӿԀԿՀտրֿ׀׿/>

<؀ؿـٿڀڿۀۿ/>
<܀ܿ݀݀ݿ/>
<ހ޿ހ޿/>
<ࠀ࠿ࡀࢿࣀࣿऀिीॿ/>
<ঀিী৿/>
<౿ൿවවເༀཀ྿࿀/>
<ကႠᄀᅀᆿᇀᇿሀሿቀቿኀዀዿጀጿፀ/>
<ᚿᛀក/>
<ᢿᣀ᧿ᨀᨿᩀ᪀/>
<ᰀ᰿᱀ᲀᴀᴿᵀᵿᶀᶿḀḿṀṿẀếỀỿ/>
<ἀἿὀᾀ᾿῀/>
<a⁰ⁿ₀₿℀ℿ⅀ⅿↀ/>
<ⰀⰿⱀⱿⲀⲿⳀ⳿ⴀⴿⵀⶀⷀⷿ/>
<⸀⸿⹀⺀⺿⻀⼀⼿⽀⽿⾀⾿⿀/>
<、みむむみむダㄿㆿ㇀ㇿ㈀㈿㋿㌀㏿/>

<㐀㐿㗿㘀㛀㛿㟀㟿/>
<㠀㠿㡀㤿㥀㨿㩀㬿㭀㯿/>
<㰀㰿㱀㶿㷀㼿㽀㾿㿀㿿/>
<䀀䀿䅀䅿䆀䊿䋀䍿䎀䏿/>
<䐀䕿䖀䙿䚀䝿䞀䟿/>
<䠀䢿䣀䧿䨀䪿䫀䬿䭀䯿/>
<䰀䱿䲀䴿䵀䶿䷀䷿一丿乀伿佀便俀俿/>
<倀忿怀濿瀀翿耀迿退/>
<ꀀꑿꒀ꒿꓀꓿ꔀꙀꟿꩿꪀꬿꭀꯀ가꿿/>
<뀀뚿뛀밿뱀뿿/>
<쀀쐿쑀엿였쟿저쩿쪀쿿/>
<퀀툿퉀퐿푀휿흀/>
<豈錄鹿ﬀנּﭿﮀﯿ﴿/>
<︿﹀ﹿﺿﻀ＿｀ｿﾀﺀﷰ/>
<�/>

<𐀀𐄀𐄿𐌀𐌿𐍀𐎿𐏀𐒀/>
<𒀀𒀿𒁀𒉿𒊀𒐀𒐿𒒀𒒿/>
<𗀀𗀿𗁀𗇿𗈀𗗿𗘀𗢿𗣀𗿿/>
<𛀀𛃿𝀀𝀿𝁀𝄀𝄿𝈀𝈿𝌀𝌿/>
<𞸀🀀🀿🂿🄀🄿🚀/>

<力>
<א/>
<س/>
<अ/>
<அ/>
<அ/>
<𐍑/>
<🪐/>
<😀/>
</力>

<ÀÖØöøÿĀĿŀſƀƿǀǿƀƿǀǿȀȿɀɿʀʿˀ˿/>
<ͰͽͿ΀οπϿ/>
<ЀпрѿҠҀҿӀӿԀԿՀտրֿ׀׿/>

<؀ؿـٿڀڿۀۿ/>
<܀ܿ݀݀ݿ/>
<ހ޿ހ޿/>
<ࠀ࠿ࡀࢿࣀࣿऀिीॿ/>
<ঀিী৿/>
<౿ൿවවເༀཀ྿࿀/>
<ကႠᄀᅀᆿᇀᇿሀሿቀቿኀዀዿጀጿፀ/>
<ᚿᛀក/>
<ᢿᣀ᧿ᨀᨿᩀ᪀/>
<ᰀ᰿᱀ᲀᴀᴿᵀᵿᶀᶿḀḿṀṿẀếỀỿ/>
<ἀἿὀᾀ᾿῀/>
<a⁰ⁿ₀₿℀ℿ⅀ⅿↀ/>
<ⰀⰿⱀⱿⲀⲿⳀ⳿ⴀⴿⵀⶀⷀⷿ/>
<⸀⸿⹀⺀⺿⻀⼀⼿⽀⽿⾀⾿⿀/>
<、みむむみむダㄿㆿ㇀ㇿ㈀㈿㋿㌀㏿/>

<㐀㐿㗿㘀㛀㛿㟀㟿/>
<㠀㠿㡀㤿㥀㨿㩀㬿㭀㯿/>
<㰀㰿㱀㶿㷀㼿㽀㾿㿀㿿/>
<䀀䀿䅀䅿䆀䊿䋀䍿䎀䏿/>
<䐀䕿䖀䙿䚀䝿䞀䟿/>
<䠀䢿䣀䧿䨀䪿䫀䬿䭀䯿/>
<䰀䱿䲀䴿䵀䶿䷀䷿一丿乀伿佀便俀俿/>
<倀忿怀濿瀀翿耀迿退/>
<ꀀꑿꒀ꒿꓀꓿ꔀꙀꟿꩿꪀꬿꭀꯀ가꿿/>
<뀀뚿뛀밿뱀뿿/>
<쀀쐿쑀엿였쟿저쩿쪀쿿/>
<퀀툿퉀퐿푀휿흀/>
<豈錄鹿ﬀנּﭿﮀﯿ﴿/>
<︿﹀ﹿﺿﻀ＿｀ｿﾀﺀﷰ/>
<�/>

<𐀀𐄀𐄿𐌀𐌿𐍀𐎿𐏀𐒀/>
<𒀀𒀿𒁀𒉿𒊀𒐀𒐿𒒀𒒿/>
<𗀀𗀿𗁀𗇿𗈀𗗿𗘀𗢿𗣀𗿿/>
<𛀀𛃿𝀀𝀿𝁀𝄀𝄿𝈀𝈿𝌀𝌿/>
<𞸀🀀🀿🂿🄀🄿🚀/>

<力>
<א/>
<س/>
<अ/>
<அ/>
<அ/>
<𐍑/>
<🪐/>
<😀/>
</力>

<ÀÖØöøÿĀĿŀſƀƿǀǿƀƿǀǿȀȿɀɿʀʿˀ˿/>
<ͰͽͿ΀οπϿ/>
<ЀпрѿҠҀҿӀӿԀԿՀտրֿ׀׿/>

<؀ؿـٿڀڿۀۿ/>
<܀ܿ݀݀ݿ/>
<ހ޿ހ޿/>
<ࠀ࠿ࡀࢿࣀࣿऀिीॿ/>
<ঀিী৿/>
<౿ൿවවເༀཀ྿࿀/>
<ကႠᄀᅀᆿᇀᇿሀሿቀቿኀዀዿጀጿፀ/>
<ᚿᛀក/>
<ᢿᣀ᧿ᨀᨿᩀ᪀/>
<ᰀ᰿᱀ᲀᴀᴿᵀᵿᶀᶿḀḿṀṿẀếỀỿ/>
<ἀἿὀᾀ᾿῀/>
<a⁰ⁿ₀₿℀ℿ⅀ⅿↀ/>
<ⰀⰿⱀⱿⲀⲿⳀ⳿ⴀⴿⵀⶀⷀⷿ/>
<⸀⸿⹀⺀⺿⻀⼀⼿⽀⽿⾀⾿⿀/>
<、みむむみむダㄿㆿ㇀ㇿ㈀㈿㋿㌀㏿/>

<㐀㐿㗿㘀㛀㛿㟀㟿/>
<㠀㠿㡀㤿㥀㨿㩀㬿㭀㯿/>
<㰀㰿㱀㶿㷀㼿㽀㾿㿀㿿/>
<䀀䀿䅀䅿䆀䊿䋀䍿䎀䏿/>
<䐀䕿䖀䙿䚀䝿䞀䟿/>
<䠀䢿䣀䧿䨀䪿䫀䬿䭀䯿/>
<䰀䱿䲀䴿䵀䶿䷀䷿一丿乀伿佀便俀俿/>
<倀忿怀濿瀀翿耀迿退/>
<ꀀꑿꒀ꒿꓀꓿ꔀꙀꟿꩿꪀꬿꭀꯀ가꿿/>
<뀀뚿뛀밿뱀뿿/>
<쀀쐿쑀엿였쟿저쩿쪀쿿/>
<퀀툿퉀퐿푀휿흀/>
<豈錄鹿ﬀנּﭿﮀﯿ﴿/>
<︿﹀ﹿﺿﻀ＿｀ｿﾀﺀﷰ/>
<�/>

<𐀀𐄀𐄿𐌀𐌿𐍀𐎿𐏀𐒀/>
<𒀀𒀿𒁀𒉿𒊀𒐀𒐿𒒀𒒿/>
<𗀀𗀿𗁀𗇿𗈀𗗿𗘀𗢿𗣀𗿿/>
<𛀀𛃿𝀀𝀿𝁀𝄀𝄿𝈀𝈿𝌀𝌿/>
<𞸀🀀🀿🂿🄀🄿🚀/>

<力>
<א/>
<س/>
<अ/>
<அ/>
<அ/>
<𐍑/>
<🪐/>
<😀/>
</力>

<ÀÖØöøÿĀĿŀſƀƿǀǿƀƿǀǿȀȿɀɿʀʿˀ˿/>
<ͰͽͿ΀οπϿ/>
<ЀпрѿҠҀҿӀӿԀԿՀտրֿ׀׿/>

<؀ؿـٿڀڿۀۿ/>
<܀ܿ݀݀ݿ/>
<ހ޿ހ޿/>
<ࠀ࠿ࡀࢿࣀࣿऀिीॿ/>
<ঀিী৿/>
<౿ൿවවເༀཀ྿࿀/>
<ကႠᄀᅀᆿᇀᇿሀሿቀቿኀዀዿጀጿፀ/>
<ᚿᛀក/>
<ᢿᣀ᧿ᨀᨿᩀ᪀/>
<ᰀ᰿᱀ᲀᴀᴿᵀᵿᶀᶿḀḿṀṿẀếỀỿ/>
<ἀἿὀᾀ᾿῀/>
<a⁰ⁿ₀₿℀ℿ⅀ⅿↀ/>
<ⰀⰿⱀⱿⲀⲿⳀ⳿ⴀⴿⵀⶀⷀⷿ/>
<⸀⸿⹀⺀⺿⻀⼀⼿⽀⽿⾀⾿⿀/>
<、みむむみむダㄿㆿ㇀ㇿ㈀㈿㋿㌀㏿/>

<㐀㐿㗿㘀㛀㛿㟀㟿/>
<㠀㠿㡀㤿㥀㨿㩀㬿㭀㯿/>
<㰀㰿㱀㶿㷀㼿㽀㾿㿀㿿/>
<䀀䀿䅀䅿䆀䊿䋀䍿䎀䏿/>
<䐀䕿䖀䙿䚀䝿䞀䟿/>
<䠀䢿䣀䧿䨀䪿䫀䬿䭀䯿/>
<䰀䱿䲀䴿䵀䶿䷀䷿一丿乀伿佀便俀俿/>
<倀忿怀濿瀀翿耀迿退/>
<ꀀꑿꒀ꒿꓀꓿ꔀꙀꟿꩿꪀꬿꭀꯀ가꿿/>
<뀀뚿뛀밿뱀뿿/>
<쀀쐿쑀엿였쟿저쩿쪀쿿/>
<퀀툿퉀퐿푀휿흀/>
<豈錄鹿ﬀנּﭿﮀﯿ﴿/>
<︿﹀ﹿﺿﻀ＿｀ｿﾀﺀﷰ/>
<�/>

<𐀀𐄀𐄿𐌀𐌿𐍀𐎿𐏀𐒀/>
<𒀀𒀿𒁀𒉿𒊀𒐀𒐿𒒀𒒿/>
<𗀀𗀿𗁀𗇿𗈀𗗿𗘀𗢿𗣀𗿿/>
<𛀀𛃿𝀀𝀿𝁀𝄀𝄿𝈀𝈿𝌀𝌿/>
<𞸀🀀🀿🂿🄀🄿🚀/>

<力>
<א/>
<س/>
<अ/>
<அ/>
<அ/>
<𐍑/>
<🪐/>
<😀/>
</力>

<ÀÖØöøÿĀĿŀſƀƿǀǿƀƿǀǿȀȿɀɿʀʿˀ˿/>
<ͰͽͿ΀οπϿ/>
<ЀпрѿҠҀҿӀӿԀԿՀտրֿ׀׿/>

<؀ؿـٿڀڿۀۿ/>
<܀ܿ݀݀ݿ/>
<ހ޿ހ޿/>
<ࠀ࠿ࡀࢿࣀࣿऀिीॿ/>
<ঀিী৿/>
<౿ൿවවເༀཀ྿࿀/>
<ကႠᄀᅀᆿᇀᇿሀሿቀቿኀዀዿጀጿፀ/>
<ᚿᛀក/>
<ᢿᣀ᧿ᨀᨿᩀ᪀/>
<ᰀ᰿᱀ᲀᴀᴿᵀᵿᶀᶿḀḿṀṿẀếỀỿ/>
<ἀἿὀᾀ᾿῀/>
<a⁰ⁿ₀₿℀ℿ⅀ⅿↀ/>
<ⰀⰿⱀⱿⲀⲿⳀ⳿ⴀⴿⵀⶀⷀⷿ/>
<⸀⸿⹀⺀⺿⻀⼀⼿⽀⽿⾀⾿⿀/>
<、みむむみむダㄿㆿ㇀ㇿ㈀㈿㋿㌀㏿/>

<㐀㐿㗿㘀㛀㛿㟀㟿/>
<㠀㠿㡀㤿㥀㨿㩀㬿㭀㯿/>
<㰀㰿㱀㶿㷀㼿㽀㾿㿀㿿/>
<䀀䀿䅀䅿䆀䊿䋀䍿䎀䏿/>
<䐀䕿䖀䙿䚀䝿䞀䟿/>
<䠀䢿䣀䧿䨀䪿䫀䬿䭀䯿/>
<䰀䱿䲀䴿䵀䶿䷀䷿一丿乀伿佀便俀俿/>
<倀忿怀濿瀀翿耀迿退/>
<ꀀꑿꒀ꒿꓀꓿ꔀꙀꟿꩿꪀꬿꭀꯀ가꿿/>
<뀀뚿뛀밿뱀뿿/>
<쀀쐿쑀엿였쟿저쩿쪀쿿/>
<퀀툿퉀퐿푀휿흀/>
<豈錄鹿ﬀנּﭿﮀﯿ﴿/>
<︿﹀ﹿﺿﻀ＿｀ｿﾀﺀﷰ/>
<�/>

<𐀀𐄀𐄿𐌀𐌿𐍀𐎿𐏀𐒀/>
<𒀀𒀿𒁀𒉿𒊀𒐀𒐿𒒀𒒿/>
<𗀀𗀿𗁀𗇿𗈀𗗿𗘀𗢿𗣀𗿿/>
<𛀀𛃿𝀀𝀿𝁀𝄀𝄿𝈀𝈿𝌀𝌿/>
<𞸀🀀🀿🂿🄀🄿🚀/>

<力>
<א/>
<س/>
<अ/>
<அ/>
<அ/>
<𐍑/>
<🪐/>
<😀/>
</力>

<ÀÖØöøÿĀĿŀſƀƿǀǿƀƿǀǿȀȿɀɿʀʿˀ˿/>
<ͰͽͿ΀οπϿ/>
<ЀпрѿҠҀҿӀӿԀԿՀտրֿ׀׿/>

<؀ؿـٿڀڿۀۿ/>
<܀ܿ݀݀ݿ/>
<ހ޿ހ޿/>
<ࠀ࠿ࡀࢿࣀࣿऀिीॿ/>
<ঀিী৿/>
<౿ൿවවເༀཀ྿࿀/>
<ကႠᄀᅀᆿᇀᇿሀሿቀቿኀዀዿጀጿፀ/>
<ᚿᛀក/>
<ᢿᣀ᧿ᨀᨿᩀ᪀/>
<ᰀ᰿᱀ᲀᴀᴿᵀᵿᶀᶿḀḿṀṿẀếỀỿ/>
<ἀἿὀᾀ᾿῀/>
<a⁰ⁿ₀₿℀ℿ⅀ⅿↀ/>
<ⰀⰿⱀⱿⲀⲿⳀ⳿ⴀⴿⵀⶀⷀⷿ/>
<⸀⸿⹀⺀⺿⻀⼀⼿⽀⽿⾀⾿⿀/>
<、みむむみむダㄿㆿ㇀ㇿ㈀㈿㋿㌀㏿/>

<㐀㐿㗿㘀㛀㛿㟀㟿/>
<㠀㠿㡀㤿㥀㨿㩀㬿㭀㯿/>
<㰀㰿㱀㶿㷀㼿㽀㾿㿀㿿/>
<䀀䀿䅀䅿䆀䊿䋀䍿䎀䏿/>
<䐀䕿䖀䙿䚀䝿䞀䟿/>
<䠀䢿䣀䧿䨀䪿䫀䬿䭀䯿/>
<䰀䱿䲀䴿䵀䶿䷀䷿一丿乀伿佀便俀俿/>
<倀忿怀濿瀀翿耀迿退/>
<ꀀꑿꒀ꒿꓀꓿ꔀꙀꟿꩿꪀꬿꭀꯀ가꿿/>
<뀀뚿뛀밿뱀뿿/>
<쀀쐿쑀엿였쟿저쩿쪀쿿/>
<퀀툿퉀퐿푀휿흀/>
<豈錄鹿ﬀנּﭿﮀﯿ﴿/>
<︿﹀ﹿﺿﻀ＿｀ｿﾀﺀﷰ/>
<�/>

<𐀀𐄀𐄿𐌀𐌿𐍀𐎿𐏀𐒀/>
<𒀀𒀿𒁀𒉿𒊀𒐀𒐿𒒀𒒿/>
<𗀀𗀿𗁀𗇿𗈀𗗿𗘀𗢿𗣀𗿿/>
<𛀀𛃿𝀀𝀿𝁀𝄀𝄿𝈀𝈿𝌀𝌿/>
<𞸀🀀🀿🂿🄀🄿🚀/>

<力>
<א/>
<س/>
<अ/>
<அ/>
<அ/>
<𐍑/>
<🪐/>
<😀/>
</力>

<ÀÖØöøÿĀĿŀſƀƿǀǿƀƿǀǿȀȿɀɿʀʿˀ˿/>
<ͰͽͿ΀οπϿ/>
<ЀпрѿҠҀҿӀӿԀԿՀտրֿ׀׿/>

<؀ؿـٿڀڿۀۿ/>
<܀ܿ݀݀ݿ/>
<ހ޿ހ޿/>
<ࠀ࠿ࡀࢿࣀࣿऀिीॿ/>
<ঀিী৿/>
<౿ൿවවເༀཀ྿࿀/>
<ကႠᄀᅀᆿᇀᇿሀሿቀቿኀዀዿጀጿፀ/>
<ᚿᛀក/>
<ᢿᣀ᧿ᨀᨿᩀ᪀/>
<ᰀ᰿᱀ᲀᴀᴿᵀᵿᶀᶿḀḿṀṿẀếỀỿ/>
<ἀἿὀᾀ᾿῀/>
<a⁰ⁿ₀₿℀ℿ⅀ⅿↀ/>
<ⰀⰿⱀⱿⲀⲿⳀ⳿ⴀⴿⵀⶀⷀⷿ/>
<⸀⸿⹀⺀⺿⻀⼀⼿⽀⽿⾀⾿⿀/>
<、みむむみむダㄿㆿ㇀ㇿ㈀㈿㋿㌀㏿/>

<㐀㐿㗿㘀㛀㛿㟀㟿/>
<㠀㠿㡀㤿㥀㨿㩀㬿㭀㯿/>
<㰀㰿㱀㶿㷀㼿㽀㾿㿀㿿/>
<䀀䀿䅀䅿䆀䊿䋀䍿䎀䏿/>
<䐀䕿䖀䙿䚀䝿䞀䟿/>
<䠀䢿䣀䧿䨀䪿䫀䬿䭀䯿/>
<䰀䱿䲀䴿䵀䶿䷀䷿一丿乀伿佀便俀俿/>
<倀忿怀濿瀀翿耀迿退/>
<ꀀꑿꒀ꒿꓀꓿ꔀꙀꟿꩿꪀꬿꭀꯀ가꿿/>
<뀀뚿뛀밿뱀뿿/>
<쀀쐿쑀엿였쟿저쩿쪀쿿/>
<퀀툿퉀퐿푀휿흀/>
<豈錄鹿ﬀנּﭿﮀﯿ﴿/>
<︿﹀ﹿﺿﻀ＿｀ｿﾀﺀﷰ/>
<�/>

<𐀀𐄀𐄿𐌀𐌿𐍀𐎿𐏀𐒀/>
<𒀀𒀿𒁀𒉿𒊀𒐀𒐿𒒀𒒿/>
<𗀀𗀿𗁀𗇿𗈀𗗿𗘀𗢿𗣀𗿿/>
<𛀀𛃿𝀀𝀿𝁀𝄀𝄿𝈀𝈿𝌀𝌿/>
<𞸀🀀🀿🂿🄀🄿🚀/>

<力>
<א/>
<س/>
<अ/>
<அ/>
<அ/>
<𐍑/>
<🪐/>
<😀/>
</力>

<ÀÖØöøÿĀĿŀſƀƿǀǿƀƿǀǿȀȿɀɿʀʿˀ˿/>
<ͰͽͿ΀οπϿ/>
<ЀпрѿҠҀҿӀӿԀԿՀտրֿ׀׿/>

<؀ؿـٿڀڿۀۿ/>
<܀ܿ݀݀ݿ/>
<ހ޿ހ޿/>
<ࠀ࠿ࡀࢿࣀࣿऀिीॿ/>
<ঀিী৿/>
<౿ൿවවເༀཀ྿࿀/>
<ကႠᄀᅀᆿᇀᇿሀሿቀቿኀዀዿጀጿፀ/>
<ᚿᛀក/>
<ᢿᣀ᧿ᨀᨿᩀ᪀/>
<ᰀ᰿᱀ᲀᴀᴿᵀᵿᶀᶿḀḿṀṿẀếỀỿ/>
<ἀἿὀᾀ᾿῀/>
<a⁰ⁿ₀₿℀ℿ⅀ⅿↀ/>
<ⰀⰿⱀⱿⲀⲿⳀ⳿ⴀⴿⵀⶀⷀⷿ/>
<⸀⸿⹀⺀⺿⻀⼀⼿⽀⽿⾀⾿⿀/>
<、みむむみむダㄿㆿ㇀ㇿ㈀㈿㋿㌀㏿/>

<㐀㐿㗿㘀㛀㛿㟀㟿/>
<㠀㠿㡀㤿㥀㨿㩀㬿㭀㯿/>
<㰀㰿㱀㶿㷀㼿㽀㾿㿀㿿/>
<䀀䀿䅀䅿䆀䊿䋀䍿䎀䏿/>
<䐀䕿䖀䙿䚀䝿䞀䟿/>
<䠀䢿䣀䧿䨀䪿䫀䬿䭀䯿/>
<䰀䱿䲀䴿䵀䶿䷀䷿一丿乀伿佀便俀俿/>
<倀忿怀濿瀀翿耀迿退/>
<ꀀꑿꒀ꒿꓀꓿ꔀꙀꟿꩿꪀꬿꭀꯀ가꿿/>
<뀀뚿뛀밿뱀뿿/>
<쀀쐿쑀엿였쟿저쩿쪀쿿/>
<퀀툿퉀퐿푀휿흀/>
<豈錄鹿ﬀנּﭿﮀﯿ﴿/>
<︿﹀ﹿﺿﻀ＿｀ｿﾀﺀﷰ/>
<�/>

<𐀀𐄀𐄿𐌀𐌿𐍀𐎿𐏀𐒀/>
<𒀀𒀿𒁀𒉿𒊀𒐀𒐿𒒀𒒿/>
<𗀀𗀿𗁀𗇿𗈀𗗿𗘀𗢿𗣀𗿿/>
<𛀀𛃿𝀀𝀿𝁀𝄀𝄿𝈀𝈿𝌀𝌿/>
<𞸀🀀🀿🂿🄀🄿🚀/>

<力>
<א/>
<س/>
<अ/>
<அ/>
<அ/>
<𐍑/>
<🪐/>
<😀/>
</力>

<ÀÖØöøÿĀĿŀſƀƿǀǿƀƿǀǿȀȿɀɿʀʿˀ˿/>
<ͰͽͿ΀οπϿ/>
<ЀпрѿҠҀҿӀӿԀԿՀտրֿ׀׿/>

<؀ؿـٿڀڿۀۿ/>
<܀ܿ݀݀ݿ/>
<ހ޿ހ޿/>
<ࠀ࠿ࡀࢿࣀࣿऀिीॿ/>
<ঀিী৿/>
<౿ൿවවເༀཀ྿࿀/>
<ကႠᄀᅀᆿᇀᇿሀሿቀቿኀዀዿጀጿፀ/>
<ᚿᛀក/>
<ᢿᣀ᧿ᨀᨿᩀ᪀/>
<ᰀ᰿᱀ᲀᴀᴿᵀᵿᶀᶿḀḿṀṿẀếỀỿ/>
<ἀἿὀᾀ᾿῀/>
<a⁰ⁿ₀₿℀ℿ⅀ⅿↀ/>
<ⰀⰿⱀⱿⲀⲿⳀ⳿ⴀⴿⵀⶀⷀⷿ/>
<⸀⸿⹀⺀⺿⻀⼀⼿⽀⽿⾀⾿⿀/>
<、みむむみむダㄿㆿ㇀ㇿ㈀㈿㋿㌀㏿/>

<㐀㐿㗿㘀㛀㛿㟀㟿/>
<㠀㠿㡀㤿㥀㨿㩀㬿㭀㯿/>
<㰀㰿㱀㶿㷀㼿㽀㾿㿀㿿/>
<䀀䀿䅀䅿䆀䊿䋀䍿䎀䏿/>
<䐀䕿䖀䙿䚀䝿䞀䟿/>
<䠀䢿䣀䧿䨀䪿䫀䬿䭀䯿/>
<䰀䱿䲀䴿䵀䶿䷀䷿一丿乀伿佀便俀俿/>
<倀忿怀濿瀀翿耀迿退/>
<ꀀꑿꒀ꒿꓀꓿ꔀꙀꟿꩿꪀꬿꭀꯀ가꿿/>
<뀀뚿뛀밿뱀뿿/>
<쀀쐿쑀엿였쟿저쩿쪀쿿/>
<퀀툿퉀퐿푀휿흀/>
<豈錄鹿ﬀנּﭿﮀﯿ﴿/>
<︿﹀ﹿﺿﻀ＿｀ｿﾀﺀﷰ/>
<�/>

<𐀀𐄀𐄿𐌀𐌿𐍀𐎿𐏀𐒀/>
<𒀀𒀿𒁀𒉿𒊀𒐀𒐿𒒀𒒿/>
<𗀀𗀿𗁀𗇿𗈀𗗿𗘀𗢿𗣀𗿿/>
<𛀀𛃿𝀀𝀿𝁀𝄀𝄿𝈀𝈿𝌀𝌿/>
<𞸀🀀🀿🂿🄀🄿🚀/>

<力>
<א/>
<س/>
<अ/>
<அ/>
<அ/>
<𐍑/>
<🪐/>
<😀/>
</力>

<ÀÖØöøÿĀĿŀſƀƿǀǿƀƿǀǿȀȿɀɿʀʿˀ˿/>
<ͰͽͿ΀οπϿ/>
<ЀпрѿҠҀҿӀӿԀԿՀտրֿ׀׿/>

<؀ؿـٿڀڿۀۿ/>
<܀ܿ݀݀ݿ/>
<ހ޿ހ޿/>
<ࠀ࠿ࡀࢿࣀࣿऀिीॿ/>
<ঀিী৿/>
<౿ൿවවເༀཀ྿࿀/>
<ကႠᄀᅀᆿᇀᇿሀሿቀቿኀዀዿጀጿፀ/>
<ᚿᛀក/>
<ᢿᣀ᧿ᨀᨿᩀ᪀/>
<ᰀ᰿᱀ᲀᴀᴿᵀᵿᶀᶿḀḿṀṿẀếỀỿ/>
<ἀἿὀᾀ᾿῀/>
<a⁰ⁿ₀₿℀ℿ⅀ⅿↀ/>
<ⰀⰿⱀⱿⲀⲿⳀ⳿ⴀⴿⵀⶀⷀⷿ/>
<⸀⸿⹀⺀⺿⻀⼀⼿⽀⽿⾀⾿⿀/>
<、みむむみむダㄿㆿ㇀ㇿ㈀㈿㋿㌀㏿/>

<㐀㐿㗿㘀㛀㛿㟀㟿/>
<㠀㠿㡀㤿㥀㨿㩀㬿㭀㯿/>
<㰀㰿㱀㶿㷀㼿㽀㾿㿀㿿/>
<䀀䀿䅀䅿䆀䊿䋀䍿䎀䏿/>
<䐀䕿䖀䙿䚀䝿䞀䟿/>
<䠀䢿䣀䧿䨀䪿䫀䬿䭀䯿/>
<䰀䱿䲀䴿䵀䶿䷀䷿一丿乀伿佀便俀俿/>
<倀忿怀濿瀀翿耀迿退/>
<ꀀꑿꒀ꒿꓀꓿ꔀꙀꟿꩿꪀꬿꭀꯀ가꿿/>
<뀀뚿뛀밿뱀뿿/>
<쀀쐿쑀엿였쟿저쩿쪀쿿/>
<퀀툿퉀퐿푀휿흀/>
<豈錄鹿ﬀנּﭿﮀﯿ﴿/>
<︿﹀ﹿﺿﻀ＿｀ｿﾀﺀﷰ/>
<�/>

<𐀀𐄀𐄿𐌀𐌿𐍀𐎿𐏀𐒀/>
<𒀀𒀿𒁀𒉿𒊀𒐀𒐿𒒀𒒿/>
<𗀀𗀿𗁀𗇿𗈀𗗿𗘀𗢿𗣀𗿿/>
<𛀀𛃿𝀀𝀿𝁀𝄀𝄿𝈀𝈿𝌀𝌿/>
<𞸀🀀🀿🂿🄀🄿🚀/>

<力>
<א/>
<س/>
<अ/>
<அ/>
<அ/>
<𐍑/>
<🪐/>
<😀/>
</力>

<ÀÖØöøÿĀĿŀſƀƿǀǿƀƿǀǿȀȿɀɿʀʿˀ˿/>
<ͰͽͿ΀οπϿ/>
<ЀпрѿҠҀҿӀӿԀԿՀտրֿ׀׿/>

<؀ؿـٿڀڿۀۿ/>
<܀ܿ݀݀ݿ/>
<ހ޿ހ޿/>
<ࠀ࠿ࡀࢿࣀࣿऀिीॿ/>
<ঀিী৿/>
<౿ൿවවເༀཀ྿࿀/>
<ကႠᄀᅀᆿᇀᇿሀሿቀቿኀዀዿጀጿፀ/>
<ᚿᛀក/>
<ᢿᣀ᧿ᨀᨿᩀ᪀/>
<ᰀ᰿᱀ᲀᴀᴿᵀᵿᶀᶿḀḿṀṿẀếỀỿ/>
<ἀἿὀᾀ᾿῀/>
<a⁰ⁿ₀₿℀ℿ⅀ⅿↀ/>
<ⰀⰿⱀⱿⲀⲿⳀ⳿ⴀⴿⵀⶀⷀⷿ/>
<⸀⸿⹀⺀⺿⻀⼀⼿⽀⽿⾀⾿⿀/>
<、みむむみむダㄿㆿ㇀ㇿ㈀㈿㋿㌀㏿/>

<㐀㐿㗿㘀㛀㛿㟀㟿/>
<㠀㠿㡀㤿㥀㨿㩀㬿㭀㯿/>
<㰀㰿㱀㶿㷀㼿㽀㾿㿀㿿/>
<䀀䀿䅀䅿䆀䊿䋀䍿䎀䏿/>
<䐀䕿䖀䙿䚀䝿䞀䟿/>
<䠀䢿䣀䧿䨀䪿䫀䬿䭀䯿/>
<䰀䱿䲀䴿䵀䶿䷀䷿一丿乀伿佀便俀俿/>
<倀忿怀濿瀀翿耀迿退/>
<ꀀꑿꒀ꒿꓀꓿ꔀꙀꟿꩿꪀꬿꭀꯀ가꿿/>
<뀀뚿뛀밿뱀뿿/>
<쀀쐿쑀엿였쟿저쩿쪀쿿/>
<퀀툿퉀퐿푀휿흀/>
<豈錄鹿ﬀנּﭿﮀﯿ﴿/>
<︿﹀ﹿﺿﻀ＿｀ｿﾀﺀﷰ/>
<�/>

<𐀀𐄀𐄿𐌀𐌿𐍀𐎿𐏀𐒀/>
<𒀀𒀿𒁀𒉿𒊀𒐀𒐿𒒀𒒿/>
<𗀀𗀿𗁀𗇿𗈀𗗿𗘀𗢿𗣀𗿿/>
<𛀀𛃿𝀀𝀿𝁀𝄀𝄿𝈀𝈿𝌀𝌿/>
<𞸀🀀🀿🂿🄀🄿🚀/>

<力>
<א/>
<س/>
<अ/>
<அ/>
<அ/>
<𐍑/>
<🪐/>
<😀/>
</力>

<ÀÖØöøÿĀĿŀſƀƿǀǿƀƿǀǿȀȿɀɿʀʿˀ˿/>
<ͰͽͿ΀οπϿ/>
<ЀпрѿҠҀҿӀӿԀԿՀտրֿ׀׿/>

<؀ؿـٿڀڿۀۿ/>
<܀ܿ݀݀ݿ/>
<ހ޿ހ޿/>
<ࠀ࠿ࡀࢿࣀࣿऀिीॿ/>
<ঀিী৿/>
<౿ൿවවເༀཀ྿࿀/>
<ကႠᄀᅀᆿᇀᇿሀሿቀቿኀዀዿጀጿፀ/>
<ᚿᛀក/>
<ᢿᣀ᧿ᨀᨿᩀ᪀/>
<ᰀ᰿᱀ᲀᴀᴿᵀᵿᶀᶿḀḿṀṿẀếỀỿ/>
<ἀἿὀᾀ᾿῀/>
<a⁰ⁿ₀₿℀ℿ⅀ⅿↀ/>
<ⰀⰿⱀⱿⲀⲿⳀ⳿ⴀⴿⵀⶀⷀⷿ/>
<⸀⸿⹀⺀⺿⻀⼀⼿⽀⽿⾀⾿⿀/>
<、みむむみむダㄿㆿ㇀ㇿ㈀㈿㋿㌀㏿/>

<㐀㐿㗿㘀㛀㛿㟀㟿/>
<㠀㠿㡀㤿㥀㨿㩀㬿㭀㯿/>
<㰀㰿㱀㶿㷀㼿㽀㾿㿀㿿/>
<䀀䀿䅀䅿䆀䊿䋀䍿䎀䏿/>
<䐀䕿䖀䙿䚀䝿䞀䟿/>
<䠀䢿䣀䧿䨀䪿䫀䬿䭀䯿/>
<䰀䱿䲀䴿䵀䶿䷀䷿一丿乀伿佀便俀俿/>
<倀忿怀濿瀀翿耀迿退/>
<ꀀꑿꒀ꒿꓀꓿ꔀꙀꟿꩿꪀꬿꭀꯀ가꿿/>
<뀀뚿뛀밿뱀뿿/>
<쀀쐿쑀엿였쟿저쩿쪀쿿/>
<퀀툿퉀퐿푀휿흀/>
<豈錄鹿ﬀנּﭿﮀﯿ﴿/>
<︿﹀ﹿﺿﻀ＿｀ｿﾀﺀﷰ/>
<�/>

<𐀀𐄀𐄿𐌀𐌿𐍀𐎿𐏀𐒀/>
<𒀀𒀿𒁀𒉿𒊀𒐀𒐿𒒀𒒿/>
<𗀀𗀿𗁀𗇿𗈀𗗿𗘀𗢿𗣀𗿿/>
<𛀀𛃿𝀀𝀿𝁀𝄀𝄿𝈀𝈿𝌀𝌿/>
<𞸀🀀🀿🂿🄀🄿🚀/>

<力>
<א/>
<س/>
<अ/>
<அ/>
<அ/>
<𐍑/>
<🪐/>
<😀/>
</力>

<ÀÖØöøÿĀĿŀſƀƿǀǿƀƿǀǿȀȿɀɿʀʿˀ˿/>
<ͰͽͿ΀οπϿ/>
<ЀпрѿҠҀҿӀӿԀԿՀտրֿ׀׿/>

<؀ؿـٿڀڿۀۿ/>
<܀ܿ݀݀ݿ/>
<ހ޿ހ޿/>
<ࠀ࠿ࡀࢿࣀࣿऀिीॿ/>
<ঀিী৿/>
<౿ൿවවເༀཀ྿࿀/>
<ကႠᄀᅀᆿᇀᇿሀሿቀቿኀዀዿጀጿፀ/>
<ᚿᛀក/>
<ᢿᣀ᧿ᨀᨿᩀ᪀/>
<ᰀ᰿᱀ᲀᴀᴿᵀᵿᶀᶿḀḿṀṿẀếỀỿ/>
<ἀἿὀᾀ᾿῀/>
<a⁰ⁿ₀₿℀ℿ⅀ⅿↀ/>
<ⰀⰿⱀⱿⲀⲿⳀ⳿ⴀⴿⵀⶀⷀⷿ/>
<⸀⸿⹀⺀⺿⻀⼀⼿⽀⽿⾀⾿⿀/>
<、みむむみむダㄿㆿ㇀ㇿ㈀㈿㋿㌀㏿/>

<㐀㐿㗿㘀㛀㛿㟀㟿/>
<㠀㠿㡀㤿㥀㨿㩀㬿㭀㯿/>
<㰀㰿㱀㶿㷀㼿㽀㾿㿀㿿/>
<䀀䀿䅀䅿䆀䊿䋀䍿䎀䏿/>
<䐀䕿䖀䙿䚀䝿䞀䟿/>
<䠀䢿䣀䧿䨀䪿䫀䬿䭀䯿/>
<䰀䱿䲀䴿䵀䶿䷀䷿一丿乀伿佀便俀俿/>
<倀忿怀濿瀀翿耀迿退/>
<ꀀꑿꒀ꒿꓀꓿ꔀꙀꟿꩿꪀꬿꭀꯀ가꿿/>
<뀀뚿뛀밿뱀뿿/>
<쀀쐿쑀엿였쟿저쩿쪀쿿/>
<퀀툿퉀퐿푀휿흀/>
<豈錄鹿ﬀנּﭿﮀﯿ﴿/>
<︿﹀ﹿﺿﻀ＿｀ｿﾀﺀﷰ/>
<�/>

<𐀀𐄀𐄿𐌀𐌿𐍀𐎿𐏀𐒀/>
<𒀀𒀿𒁀𒉿𒊀𒐀𒐿𒒀𒒿/>
<𗀀𗀿𗁀𗇿𗈀𗗿𗘀𗢿𗣀𗿿/>
<𛀀𛃿𝀀𝀿𝁀𝄀𝄿𝈀𝈿𝌀𝌿/>
<𞸀🀀🀿🂿🄀🄿🚀/>

<力>
<א/>
<س/>
<अ/>
<அ/>
<அ/>
<𐍑/>
<🪐/>
<😀/>
</力>

<ÀÖØöøÿĀĿŀſƀƿǀǿƀƿǀǿȀȿɀɿʀʿˀ˿/>
<ͰͽͿ΀οπϿ/>
<ЀпрѿҠҀҿӀӿԀԿՀտրֿ׀׿/>

<؀ؿـٿڀڿۀۿ/>
<܀ܿ݀݀ݿ/>
<ހ޿ހ޿/>
<ࠀ࠿ࡀࢿࣀࣿऀिीॿ/>
<ঀিী৿/>
<౿ൿවවເༀཀ྿࿀/>
<ကႠᄀᅀᆿᇀᇿሀሿቀቿኀዀዿጀጿፀ/>
<ᚿᛀក/>
<ᢿᣀ᧿ᨀᨿᩀ᪀/>
<ᰀ᰿᱀ᲀᴀᴿᵀᵿᶀᶿḀḿṀṿẀếỀỿ/>
<ἀἿὀᾀ᾿῀/>
<a⁰ⁿ₀₿℀ℿ⅀ⅿↀ/>
<ⰀⰿⱀⱿⲀⲿⳀ⳿ⴀⴿⵀⶀⷀⷿ/>
<⸀⸿⹀⺀⺿⻀⼀⼿⽀⽿⾀⾿⿀/>
<、みむむみむダㄿㆿ㇀ㇿ㈀㈿㋿㌀㏿/>

<㐀㐿㗿㘀㛀㛿㟀㟿/>
<㠀㠿㡀㤿㥀㨿㩀㬿㭀㯿/>
<㰀㰿㱀㶿㷀㼿㽀㾿㿀㿿/>
<䀀䀿䅀䅿䆀䊿䋀䍿䎀䏿/>
<䐀䕿䖀䙿䚀䝿䞀䟿/>
<䠀䢿䣀䧿䨀䪿䫀䬿䭀䯿/>
<䰀䱿䲀䴿䵀䶿䷀䷿一丿乀伿佀便俀俿/>
<倀忿怀濿瀀翿耀迿退/>
<ꀀꑿꒀ꒿꓀꓿ꔀꙀꟿꩿꪀꬿꭀꯀ가꿿/>
<뀀뚿뛀밿뱀뿿/>
<쀀쐿쑀엿였쟿저쩿쪀쿿/>
<퀀툿퉀퐿푀휿흀/>
<豈錄鹿ﬀנּﭿﮀﯿ﴿/>
<︿﹀ﹿﺿﻀ＿｀ｿﾀﺀﷰ/>
<�/>

<𐀀𐄀𐄿𐌀𐌿𐍀𐎿𐏀𐒀/>
<𒀀𒀿𒁀𒉿𒊀𒐀𒐿𒒀𒒿/>
<𗀀𗀿𗁀𗇿𗈀𗗿𗘀𗢿𗣀𗿿/>
<𛀀𛃿𝀀𝀿𝁀𝄀𝄿𝈀𝈿𝌀𝌿/>
<𞸀🀀🀿🂿🄀🄿🚀/>

<力>
<א/>
<س/>
<अ/>
<அ/>
<அ/>
<𐍑/>
<🪐/>
<😀/>
</力>

<ÀÖØöøÿĀĿŀſƀƿǀǿƀƿǀǿȀȿɀɿʀʿˀ˿/>
<ͰͽͿ΀οπϿ/>
<ЀпрѿҠҀҿӀӿԀԿՀտրֿ׀׿/>

<؀ؿـٿڀڿۀۿ/>
<܀ܿ݀݀ݿ/>
<ހ޿ހ޿/>
<ࠀ࠿ࡀࢿࣀࣿऀिीॿ/>
<ঀিী৿/>
<౿ൿවවເༀཀ྿࿀/>
<ကႠᄀᅀᆿᇀᇿሀሿቀቿኀዀዿጀጿፀ/>
<ᚿᛀក/>
<ᢿᣀ᧿ᨀᨿᩀ᪀/>
<ᰀ᰿᱀ᲀᴀᴿᵀᵿᶀᶿḀḿṀṿẀếỀỿ/>
<ἀἿὀᾀ᾿῀/>
<a⁰ⁿ₀₿℀ℿ⅀ⅿↀ/>
<ⰀⰿⱀⱿⲀⲿⳀ⳿ⴀⴿⵀⶀⷀⷿ/>
<⸀⸿⹀⺀⺿⻀⼀⼿⽀⽿⾀⾿⿀/>
<、みむむみむダㄿㆿ㇀ㇿ㈀㈿㋿㌀㏿/>

<㐀㐿㗿㘀㛀㛿㟀㟿/>
<㠀㠿㡀㤿㥀㨿㩀㬿㭀㯿/>
<㰀㰿㱀㶿㷀㼿㽀㾿㿀㿿/>
<䀀䀿䅀䅿䆀䊿䋀䍿䎀䏿/>
<䐀䕿䖀䙿䚀䝿䞀䟿/>
<䠀䢿䣀䧿䨀䪿䫀䬿䭀䯿/>
<䰀䱿䲀䴿䵀䶿䷀䷿一丿乀伿佀便俀俿/>
<倀忿怀濿瀀翿耀迿退/>
<ꀀꑿꒀ꒿꓀꓿ꔀꙀꟿꩿꪀꬿꭀꯀ가꿿/>
<뀀뚿뛀밿뱀뿿/>
<쀀쐿쑀엿였쟿저쩿쪀쿿/>
<퀀툿퉀퐿푀휿흀/>
<豈錄鹿ﬀנּﭿﮀﯿ﴿/>
<︿﹀ﹿﺿﻀ＿｀ｿﾀﺀﷰ/>
<�/>

<𐀀𐄀𐄿𐌀𐌿𐍀𐎿𐏀𐒀/>
<𒀀𒀿𒁀𒉿𒊀𒐀𒐿𒒀𒒿/>
<𗀀𗀿𗁀𗇿𗈀𗗿𗘀𗢿𗣀𗿿/>
<𛀀𛃿𝀀𝀿𝁀𝄀𝄿𝈀𝈿𝌀𝌿/>
<𞸀🀀🀿🂿🄀🄿🚀/>

<力>
<א/>
<س/>
<अ/>
<அ/>
<அ/>
<𐍑/>
<🪐/>
<😀/>
</力>

<ÀÖØöøÿĀĿŀſƀƿǀǿƀƿǀǿȀȿɀɿʀʿˀ˿/>
<ͰͽͿ΀οπϿ/>
<ЀпрѿҠҀҿӀӿԀԿՀտրֿ׀׿/>

<؀ؿـٿڀڿۀۿ/>
<܀ܿ݀݀ݿ/>
<ހ޿ހ޿/>
<ࠀ࠿ࡀࢿࣀࣿऀिीॿ/>
<ঀিী৿/>
<౿ൿවවເༀཀ྿࿀/>
<ကႠᄀᅀᆿᇀᇿሀሿቀቿኀዀዿጀጿፀ/>
<ᚿᛀក/>
<ᢿᣀ᧿ᨀᨿᩀ᪀/>
<ᰀ᰿᱀ᲀᴀᴿᵀᵿᶀᶿḀḿṀṿẀếỀỿ/>
<ἀἿὀᾀ᾿῀/>
<a⁰ⁿ₀₿℀ℿ⅀ⅿↀ/>
<ⰀⰿⱀⱿⲀⲿⳀ⳿ⴀⴿⵀⶀⷀⷿ/>
<⸀⸿⹀⺀⺿⻀⼀⼿⽀⽿⾀⾿⿀/>
<、みむむみむダㄿㆿ㇀ㇿ㈀㈿㋿㌀㏿/>

<㐀㐿㗿㘀㛀㛿㟀㟿/>
<㠀㠿㡀㤿㥀㨿㩀㬿㭀㯿/>
<㰀㰿㱀㶿㷀㼿㽀㾿㿀㿿/>
<䀀䀿䅀䅿䆀䊿䋀䍿䎀䏿/>
<䐀䕿䖀䙿䚀䝿䞀䟿/>
<䠀䢿䣀䧿䨀䪿䫀䬿䭀䯿/>
<䰀䱿䲀䴿䵀䶿䷀䷿一丿乀伿佀便俀俿/>
<倀忿怀濿瀀翿耀迿退/>
<ꀀꑿꒀ꒿꓀꓿ꔀꙀꟿꩿꪀꬿꭀꯀ가꿿/>
<뀀뚿뛀밿뱀뿿/>
<쀀쐿쑀엿였쟿저쩿쪀쿿/>
<퀀툿퉀퐿푀휿흀/>
<豈錄鹿ﬀנּﭿﮀﯿ﴿/>
<︿﹀ﹿﺿﻀ＿｀ｿﾀﺀﷰ/>
<�/>

<𐀀𐄀𐄿𐌀𐌿𐍀𐎿𐏀𐒀/>
<𒀀𒀿𒁀𒉿𒊀𒐀𒐿𒒀𒒿/>
<𗀀𗀿𗁀𗇿𗈀𗗿𗘀𗢿𗣀𗿿/>
<𛀀𛃿𝀀𝀿𝁀𝄀𝄿𝈀𝈿𝌀𝌿/>
<𞸀🀀🀿🂿🄀🄿🚀/>

<力>
<א/>
<س/>
<अ/>
<அ/>
<அ/>
<𐍑/>
<🪐/>
<😀/>
</力>

<ÀÖØöøÿĀĿŀſƀƿǀǿƀƿǀǿȀȿɀɿʀʿˀ˿/>
<ͰͽͿ΀οπϿ/>
<ЀпрѿҠҀҿӀӿԀԿՀտրֿ׀׿/>

<؀ؿـٿڀڿۀۿ/>
<܀ܿ݀݀ݿ/>
<ހ޿ހ޿/>
<ࠀ࠿ࡀࢿࣀࣿऀिीॿ/>
<ঀিী৿/>
<౿ൿවවເༀཀ྿࿀/>
<ကႠᄀᅀᆿᇀᇿሀሿቀቿኀዀዿጀጿፀ/>
<ᚿᛀក/>
<ᢿᣀ᧿ᨀᨿᩀ᪀/>
<ᰀ᰿᱀ᲀᴀᴿᵀᵿᶀᶿḀḿṀṿẀếỀỿ/>
<ἀἿὀᾀ᾿῀/>
<a⁰ⁿ₀₿℀ℿ⅀ⅿↀ/>
<ⰀⰿⱀⱿⲀⲿⳀ⳿ⴀⴿⵀⶀⷀⷿ/>
<⸀⸿⹀⺀⺿⻀⼀⼿⽀⽿⾀⾿⿀/>
<、みむむみむダㄿㆿ㇀ㇿ㈀㈿㋿㌀㏿/>

<㐀㐿㗿㘀㛀㛿㟀㟿/>
<㠀㠿㡀㤿㥀㨿㩀㬿㭀㯿/>
<㰀㰿㱀㶿㷀㼿㽀㾿㿀㿿/>
<䀀䀿䅀䅿䆀䊿䋀䍿䎀䏿/>
<䐀䕿䖀䙿䚀䝿䞀䟿/>
<䠀䢿䣀䧿䨀䪿䫀䬿䭀䯿/>
<䰀䱿䲀䴿䵀䶿䷀䷿一丿乀伿佀便俀俿/>
<倀忿怀濿瀀翿耀迿退/>
<ꀀꑿꒀ꒿꓀꓿ꔀꙀꟿꩿꪀꬿꭀꯀ가꿿/>
<뀀뚿뛀밿뱀뿿/>
<쀀쐿쑀엿였쟿저쩿쪀쿿/>
<퀀툿퉀퐿푀휿흀/>
<豈錄鹿ﬀנּﭿﮀﯿ﴿/>
<︿﹀ﹿﺿﻀ＿｀ｿﾀﺀﷰ/>
<�/>

<𐀀𐄀𐄿𐌀𐌿𐍀𐎿𐏀𐒀/>
<𒀀𒀿𒁀𒉿𒊀𒐀𒐿𒒀𒒿/>
<𗀀𗀿𗁀𗇿𗈀𗗿𗘀𗢿𗣀𗿿/>
<𛀀𛃿𝀀𝀿𝁀𝄀𝄿𝈀𝈿𝌀𝌿/>
<𞸀🀀🀿🂿🄀🄿🚀/>

<力>
<א/>
<س/>
<अ/>
<அ/>
<அ/>
<𐍑/>
<🪐/>
<😀/>
</力>

<ÀÖØöøÿĀĿŀſƀƿǀǿƀƿǀǿȀȿɀɿʀʿˀ˿/>
<ͰͽͿ΀οπϿ/>
<ЀпрѿҠҀҿӀӿԀԿՀտրֿ׀׿/>

<؀ؿـٿڀڿۀۿ/>
<܀ܿ݀݀ݿ/>
<ހ޿ހ޿/>
<ࠀ࠿ࡀࢿࣀࣿऀिीॿ/>
<ঀিী৿/>
<౿ൿවවເༀཀ྿࿀/>
<ကႠᄀᅀᆿᇀᇿሀሿቀቿኀዀዿጀጿፀ/>
<ᚿᛀក/>
<ᢿᣀ᧿ᨀᨿᩀ᪀/>
<ᰀ᰿᱀ᲀᴀᴿᵀᵿᶀᶿḀḿṀṿẀếỀỿ/>
<ἀἿὀᾀ᾿῀/>
<a⁰ⁿ₀₿℀ℿ⅀ⅿↀ/>
<ⰀⰿⱀⱿⲀⲿⳀ⳿ⴀⴿⵀⶀⷀⷿ/>
<⸀⸿⹀⺀⺿⻀⼀⼿⽀⽿⾀⾿⿀/>
<、みむむみむダㄿㆿ㇀ㇿ㈀㈿㋿㌀㏿/>

<㐀㐿㗿㘀㛀㛿㟀㟿/>
<㠀㠿㡀㤿㥀㨿㩀㬿㭀㯿/>
<㰀㰿㱀㶿㷀㼿㽀㾿㿀㿿/>
<䀀䀿䅀䅿䆀䊿䋀䍿䎀䏿/>
<䐀䕿䖀䙿䚀䝿䞀䟿/>
<䠀䢿䣀䧿䨀䪿䫀䬿䭀䯿/>
<䰀䱿䲀䴿䵀䶿䷀䷿一丿乀伿佀便俀俿/>
<倀忿怀濿瀀翿耀迿退/>
<ꀀꑿꒀ꒿꓀꓿ꔀꙀꟿꩿꪀꬿꭀꯀ가꿿/>
<뀀뚿뛀밿뱀뿿/>
<쀀쐿쑀엿였쟿저쩿쪀쿿/>
<퀀툿퉀퐿푀휿흀/>
<豈錄鹿ﬀנּﭿﮀﯿ﴿/>
<︿﹀ﹿﺿﻀ＿｀ｿﾀﺀﷰ/>
<�/>

<𐀀𐄀𐄿𐌀𐌿𐍀𐎿𐏀𐒀/>
<𒀀𒀿𒁀𒉿𒊀𒐀𒐿𒒀𒒿/>
<𗀀𗀿𗁀𗇿𗈀𗗿𗘀𗢿𗣀𗿿/>
<𛀀𛃿𝀀𝀿𝁀𝄀𝄿𝈀𝈿𝌀𝌿/>
<𞸀🀀🀿🂿🄀🄿🚀/>

<力>
<א/>
<س/>
<अ/>
<அ/>
<அ/>
<𐍑/>
<🪐/>
<😀/>
</力>

<ÀÖØöøÿĀĿŀſƀƿǀǿƀƿǀǿȀȿɀɿʀʿˀ˿/>
<ͰͽͿ΀οπϿ/>
<ЀпрѿҠҀҿӀӿԀԿՀտրֿ׀׿/>

<؀ؿـٿڀڿۀۿ/>
<܀ܿ݀݀ݿ/>
<ހ޿ހ޿/>
<ࠀ࠿ࡀࢿࣀࣿऀिीॿ/>
<ঀিী৿/>
<౿ൿවවເༀཀ྿࿀/>
<ကႠᄀᅀᆿᇀᇿሀሿቀቿኀዀዿጀጿፀ/>
<ᚿᛀក/>
<ᢿᣀ᧿ᨀᨿᩀ᪀/>
<ᰀ᰿᱀ᲀᴀᴿᵀᵿᶀᶿḀḿṀṿẀếỀỿ/>
<ἀἿὀᾀ᾿῀/>
<a⁰ⁿ₀₿℀ℿ⅀ⅿↀ/>
<ⰀⰿⱀⱿⲀⲿⳀ⳿ⴀⴿⵀⶀⷀⷿ/>
<⸀⸿⹀⺀⺿⻀⼀⼿⽀⽿⾀⾿⿀/>
<、みむむみむダㄿㆿ㇀ㇿ㈀㈿㋿㌀㏿/>

<㐀㐿㗿㘀㛀㛿㟀㟿/>
<㠀㠿㡀㤿㥀㨿㩀㬿㭀㯿/>
<㰀㰿㱀㶿㷀㼿㽀㾿㿀㿿/>
<䀀䀿䅀䅿䆀䊿䋀䍿䎀䏿/>
<䐀䕿䖀䙿䚀䝿䞀䟿/>
<䠀䢿䣀䧿䨀䪿䫀䬿䭀䯿/>
<䰀䱿䲀䴿䵀䶿䷀䷿一丿乀伿佀便俀俿/>
<倀忿怀濿瀀翿耀迿退/>
<ꀀꑿꒀ꒿꓀꓿ꔀꙀꟿꩿꪀꬿꭀꯀ가꿿/>
<뀀뚿뛀밿뱀뿿/>
<쀀쐿쑀엿였쟿저쩿쪀쿿/>
<퀀툿퉀퐿푀휿흀/>
<豈錄鹿ﬀנּﭿﮀﯿ﴿/>
<︿﹀ﹿﺿﻀ＿｀ｿﾀﺀﷰ/>
<�/>

<𐀀𐄀𐄿𐌀𐌿𐍀𐎿𐏀𐒀/>
<𒀀𒀿𒁀𒉿𒊀𒐀𒐿𒒀𒒿/>
<𗀀𗀿𗁀𗇿𗈀𗗿𗘀𗢿𗣀𗿿/>
<𛀀𛃿𝀀𝀿𝁀𝄀𝄿𝈀𝈿𝌀𝌿/>
<𞸀🀀🀿🂿🄀🄿🚀/>

<力>
<א/>
<س/>
<अ/>
<அ/>
<அ/>
<𐍑/>
<🪐/>
<😀/>
</力>

<ÀÖØöøÿĀĿŀſƀƿǀǿƀƿǀǿȀȿɀɿʀʿˀ˿/>
<ͰͽͿ΀οπϿ/>
<ЀпрѿҠҀҿӀӿԀԿՀտրֿ׀׿/>

<؀ؿـٿڀڿۀۿ/>
<܀ܿ݀݀ݿ/>
<ހ޿ހ޿/>
<ࠀ࠿ࡀࢿࣀࣿऀिीॿ/>
<ঀিী৿/>
<౿ൿවවເༀཀ྿࿀/>
<ကႠᄀᅀᆿᇀᇿሀሿቀቿኀዀዿጀጿፀ/>
<ᚿᛀក/>
<ᢿᣀ᧿ᨀᨿᩀ᪀/>
<ᰀ᰿᱀ᲀᴀᴿᵀᵿᶀᶿḀḿṀṿẀếỀỿ/>
<ἀἿὀᾀ᾿῀/>
<a⁰ⁿ₀₿℀ℿ⅀ⅿↀ/>
<ⰀⰿⱀⱿⲀⲿⳀ⳿ⴀⴿⵀⶀⷀⷿ/>
<⸀⸿⹀⺀⺿⻀⼀⼿⽀⽿⾀⾿⿀/>
<、みむむみむダㄿㆿ㇀ㇿ㈀㈿㋿㌀㏿/>

<㐀㐿㗿㘀㛀㛿㟀㟿/>
<㠀㠿㡀㤿㥀㨿㩀㬿㭀㯿/>
<㰀㰿㱀㶿㷀㼿㽀㾿㿀㿿/>
<䀀䀿䅀䅿䆀䊿䋀䍿䎀䏿/>
<䐀䕿䖀䙿䚀䝿䞀䟿/>
<䠀䢿䣀䧿䨀䪿䫀䬿䭀䯿/>
<䰀䱿䲀䴿䵀䶿䷀䷿一丿乀伿佀便俀俿/>
<倀忿怀濿瀀翿耀迿退/>
<ꀀꑿꒀ꒿꓀꓿ꔀꙀꟿꩿꪀꬿꭀꯀ가꿿/>
<뀀뚿뛀밿뱀뿿/>
<쀀쐿쑀엿였쟿저쩿쪀쿿/>
<퀀툿퉀퐿푀휿흀/>
<豈錄鹿ﬀנּﭿﮀﯿ﴿/>
<︿﹀ﹿﺿﻀ＿｀ｿﾀﺀﷰ/>
<�/>

<𐀀𐄀𐄿𐌀𐌿𐍀𐎿𐏀𐒀/>
<𒀀𒀿𒁀𒉿𒊀𒐀𒐿𒒀𒒿/>
<𗀀𗀿𗁀𗇿𗈀𗗿𗘀𗢿𗣀𗿿/>
<𛀀𛃿𝀀𝀿𝁀𝄀𝄿𝈀𝈿𝌀𝌿/>
<𞸀🀀🀿🂿🄀🄿🚀/>

<力>
<א/>
<س/>
<अ/>
<அ/>
<அ/>
<𐍑/>
<🪐/>
<😀/>
</力>

<ÀÖØöøÿĀĿŀſƀƿǀǿƀƿǀǿȀȿɀɿʀʿˀ˿/>
<ͰͽͿ΀οπϿ/>
<ЀпрѿҠҀҿӀӿԀԿՀտրֿ׀׿/>

<؀ؿـٿڀڿۀۿ/>
<܀ܿ݀݀ݿ/>
<ހ޿ހ޿/>
<ࠀ࠿ࡀࢿࣀࣿऀिीॿ/>
<ঀিী৿/>
<౿ൿවවເༀཀ྿࿀/>
<ကႠᄀᅀᆿᇀᇿሀሿቀቿኀዀዿጀጿፀ/>
<ᚿᛀក/>
<ᢿᣀ᧿ᨀᨿᩀ᪀/>
<ᰀ᰿᱀ᲀᴀᴿᵀᵿᶀᶿḀḿṀṿẀếỀỿ/>
<ἀἿὀᾀ᾿῀/>
<a⁰ⁿ₀₿℀ℿ⅀ⅿↀ/>
<ⰀⰿⱀⱿⲀⲿⳀ⳿ⴀⴿⵀⶀⷀⷿ/>
<⸀⸿⹀⺀⺿⻀⼀⼿⽀⽿⾀⾿⿀/>
<、みむむみむダㄿㆿ㇀ㇿ㈀㈿㋿㌀㏿/>

<㐀㐿㗿㘀㛀㛿㟀㟿/>
<㠀㠿㡀㤿㥀㨿㩀㬿㭀㯿/>
<㰀㰿㱀㶿㷀㼿㽀㾿㿀㿿/>
<䀀䀿䅀䅿䆀䊿䋀䍿䎀䏿/>
<䐀䕿䖀䙿䚀䝿䞀䟿/>
<䠀䢿䣀䧿䨀䪿䫀䬿䭀䯿/>
<䰀䱿䲀䴿䵀䶿䷀䷿一丿乀伿佀便俀俿/>
<倀忿怀濿瀀翿耀迿退/>
<ꀀꑿꒀ꒿꓀꓿ꔀꙀꟿꩿꪀꬿꭀꯀ가꿿/>
<뀀뚿뛀밿뱀뿿/>
<쀀쐿쑀엿였쟿저쩿쪀쿿/>
<퀀툿퉀퐿푀휿흀/>
<豈錄鹿ﬀנּﭿﮀﯿ﴿/>
<︿﹀ﹿﺿﻀ＿｀ｿﾀﺀﷰ/>
<�/>

<𐀀𐄀𐄿𐌀𐌿𐍀𐎿𐏀𐒀/>
<𒀀𒀿𒁀𒉿𒊀𒐀𒐿𒒀𒒿/>
<𗀀𗀿𗁀𗇿𗈀𗗿𗘀𗢿𗣀𗿿/>
<𛀀𛃿𝀀𝀿𝁀𝄀𝄿𝈀𝈿𝌀𝌿/>
<𞸀🀀🀿🂿🄀🄿🚀/>

<力>
<א/>
<س/>
<अ/>
<அ/>
<அ/>
<𐍑/>
<🪐/>
<😀/>
</力>

<ÀÖØöøÿĀĿŀſƀƿǀǿƀƿǀǿȀȿɀɿʀʿˀ˿/>
<ͰͽͿ΀οπϿ/>
<ЀпрѿҠҀҿӀӿԀԿՀտրֿ׀׿/>

<؀ؿـٿڀڿۀۿ/>
<܀ܿ݀݀ݿ/>
<ހ޿ހ޿/>
<ࠀ࠿ࡀࢿࣀࣿऀिीॿ/>
<ঀিী৿/>
<౿ൿවවເༀཀ྿࿀/>
<ကႠᄀᅀᆿᇀᇿሀሿቀቿኀዀዿጀጿፀ/>
<ᚿᛀក/>
<ᢿᣀ᧿ᨀᨿᩀ᪀/>
<ᰀ᰿᱀ᲀᴀᴿᵀᵿᶀᶿḀḿṀṿẀếỀỿ/>
<ἀἿὀᾀ᾿῀/>
<a⁰ⁿ₀₿℀ℿ⅀ⅿↀ/>
<ⰀⰿⱀⱿⲀⲿⳀ⳿ⴀⴿⵀⶀⷀⷿ/>
<⸀⸿⹀⺀⺿⻀⼀⼿⽀⽿⾀⾿⿀/>
<、みむむみむダㄿㆿ㇀ㇿ㈀㈿㋿㌀㏿/>

<㐀㐿㗿㘀㛀㛿㟀㟿/>
<㠀㠿㡀㤿㥀㨿㩀㬿㭀㯿/>
<㰀㰿㱀㶿㷀㼿㽀㾿㿀㿿/>
<䀀䀿䅀䅿䆀䊿䋀䍿䎀䏿/>
<䐀䕿䖀䙿䚀䝿䞀䟿/>
<䠀䢿䣀䧿䨀䪿䫀䬿䭀䯿/>
<䰀䱿䲀䴿䵀䶿䷀䷿一丿乀伿佀便俀俿/>
<倀忿怀濿瀀翿耀迿退/>
<ꀀꑿꒀ꒿꓀꓿ꔀꙀꟿꩿꪀꬿꭀꯀ가꿿/>
<뀀뚿뛀밿뱀뿿/>
<쀀쐿쑀엿였쟿저쩿쪀쿿/>
<퀀툿퉀퐿푀휿흀/>
<豈錄鹿ﬀנּﭿﮀﯿ﴿/>
<︿﹀ﹿﺿﻀ＿｀ｿﾀﺀﷰ/>
<�/>

<𐀀𐄀𐄿𐌀𐌿𐍀𐎿𐏀𐒀/>
<𒀀𒀿𒁀𒉿𒊀𒐀𒐿𒒀𒒿/>
<𗀀𗀿𗁀𗇿𗈀𗗿𗘀𗢿𗣀𗿿/>
<𛀀𛃿𝀀𝀿𝁀𝄀𝄿𝈀𝈿𝌀𝌿/>
<𞸀🀀🀿🂿🄀🄿🚀/>

<力>
<א/>
<س/>
<अ/>
<அ/>
<அ/>
<𐍑/>
<🪐/>
<😀/>
</力>

<ÀÖØöøÿĀĿŀſƀƿǀǿƀƿǀǿȀȿɀɿʀʿˀ˿/>
<ͰͽͿ΀οπϿ/>
<ЀпрѿҠҀҿӀӿԀԿՀտրֿ׀׿/>

<؀ؿـٿڀڿۀۿ/>
<܀ܿ݀݀ݿ/>
<ހ޿ހ޿/>
<ࠀ࠿ࡀࢿࣀࣿऀिीॿ/>
<ঀিী৿/>
<౿ൿවවເༀཀ྿࿀/>
<ကႠᄀᅀᆿᇀᇿሀሿቀቿኀዀዿጀጿፀ/>
<ᚿᛀក/>
<ᢿᣀ᧿ᨀᨿᩀ᪀/>
<ᰀ᰿᱀ᲀᴀᴿᵀᵿᶀᶿḀḿṀṿẀếỀỿ/>
<ἀἿὀᾀ᾿῀/>
<a⁰ⁿ₀₿℀ℿ⅀ⅿↀ/>
<ⰀⰿⱀⱿⲀⲿⳀ⳿ⴀⴿⵀⶀⷀⷿ/>
<⸀⸿⹀⺀⺿⻀⼀⼿⽀⽿⾀⾿⿀/>
<、みむむみむダㄿㆿ㇀ㇿ㈀㈿㋿㌀㏿/>

<㐀㐿㗿㘀㛀㛿㟀㟿/>
<㠀㠿㡀㤿㥀㨿㩀㬿㭀㯿/>
<㰀㰿㱀㶿㷀㼿㽀㾿㿀㿿/>
<䀀䀿䅀䅿䆀䊿䋀䍿䎀䏿/>
<䐀䕿䖀䙿䚀䝿䞀䟿/>
<䠀䢿䣀䧿䨀䪿䫀䬿䭀䯿/>
<䰀䱿䲀䴿䵀䶿䷀䷿一丿乀伿佀便俀俿/>
<倀忿怀濿瀀翿耀迿退/>
<ꀀꑿꒀ꒿꓀꓿ꔀꙀꟿꩿꪀꬿꭀꯀ가꿿/>
<뀀뚿뛀밿뱀뿿/>
<쀀쐿쑀엿였쟿저쩿쪀쿿/>
<퀀툿퉀퐿푀휿흀/>
<豈錄鹿ﬀנּﭿﮀﯿ﴿/>
<︿﹀ﹿﺿﻀ＿｀ｿﾀﺀﷰ/>
<�/>

<𐀀𐄀𐄿𐌀𐌿𐍀𐎿𐏀𐒀/>
<𒀀𒀿𒁀𒉿𒊀𒐀𒐿𒒀𒒿/>
<𗀀𗀿𗁀𗇿𗈀𗗿𗘀𗢿𗣀𗿿/>
<𛀀𛃿𝀀𝀿𝁀𝄀𝄿𝈀𝈿𝌀𝌿/>
<𞸀🀀🀿🂿🄀🄿🚀/>

<力>
<א/>
<س/>
<अ/>
<அ/>
<அ/>
<𐍑/>
<🪐/>
<😀/>
</力>

<ÀÖØöøÿĀĿŀſƀƿǀǿƀƿǀǿȀȿɀɿʀʿˀ˿/>
<ͰͽͿ΀οπϿ/>
<ЀпрѿҠҀҿӀӿԀԿՀտրֿ׀׿/>

<؀ؿـٿڀڿۀۿ/>
<܀ܿ݀݀ݿ/>
<ހ޿ހ޿/>
<ࠀ࠿ࡀࢿࣀࣿऀिीॿ/>
<ঀিী৿/>
<౿ൿවවເༀཀ྿࿀/>
<ကႠᄀᅀᆿᇀᇿሀሿቀቿኀዀዿጀጿፀ/>
<ᚿᛀក/>
<ᢿᣀ᧿ᨀᨿᩀ᪀/>
<ᰀ᰿᱀ᲀᴀᴿᵀᵿᶀᶿḀḿṀṿẀếỀỿ/>
<ἀἿὀᾀ᾿῀/>
<a⁰ⁿ₀₿℀ℿ⅀ⅿↀ/>
<ⰀⰿⱀⱿⲀⲿⳀ⳿ⴀⴿⵀⶀⷀⷿ/>
<⸀⸿⹀⺀⺿⻀⼀⼿⽀⽿⾀⾿⿀/>
<、みむむみむダㄿㆿ㇀ㇿ㈀㈿㋿㌀㏿/>

<㐀㐿㗿㘀㛀㛿㟀㟿/>
<㠀㠿㡀㤿㥀㨿㩀㬿㭀㯿/>
<㰀㰿㱀㶿㷀㼿㽀㾿㿀㿿/>
<䀀䀿䅀䅿䆀䊿䋀䍿䎀䏿/>
<䐀䕿䖀䙿䚀䝿䞀䟿/>
<䠀䢿䣀䧿䨀䪿䫀䬿䭀䯿/>
<䰀䱿䲀䴿䵀䶿䷀䷿一丿乀伿佀便俀俿/>
<倀忿怀濿瀀翿耀迿退/>
<ꀀꑿꒀ꒿꓀꓿ꔀꙀꟿꩿꪀꬿꭀꯀ가꿿/>
<뀀뚿뛀밿뱀뿿/>
<쀀쐿쑀엿였쟿저쩿쪀쿿/>
<퀀툿퉀퐿푀휿흀/>
<豈錄鹿ﬀנּﭿﮀﯿ﴿/>
<︿﹀ﹿﺿﻀ＿｀ｿﾀﺀﷰ/>
<�/>

<𐀀𐄀𐄿𐌀𐌿𐍀𐎿𐏀𐒀/>
<𒀀𒀿𒁀𒉿𒊀𒐀𒐿𒒀𒒿/>
<𗀀𗀿𗁀𗇿𗈀𗗿𗘀𗢿𗣀𗿿/>
<𛀀𛃿𝀀𝀿𝁀𝄀𝄿𝈀𝈿𝌀𝌿/>
<𞸀🀀🀿🂿🄀🄿🚀/>

<力>
<א/>
<س/>
<अ/>
<அ/>
<அ/>
<𐍑/>
<🪐/>
<😀/>
</力>

<ÀÖØöøÿĀĿŀſƀƿǀǿƀƿǀǿȀȿɀɿʀʿˀ˿/>
<ͰͽͿ΀οπϿ/>
<ЀпрѿҠҀҿӀӿԀԿՀտրֿ׀׿/>

<؀ؿـٿڀڿۀۿ/>
<܀ܿ݀݀ݿ/>
<ހ޿ހ޿/>
<ࠀ࠿ࡀࢿࣀࣿऀिीॿ/>
<ঀিী৿/>
<౿ൿවවເༀཀ྿࿀/>
<ကႠᄀᅀᆿᇀᇿሀሿቀቿኀዀዿጀጿፀ/>
<ᚿᛀក/>
<ᢿᣀ᧿ᨀᨿᩀ᪀/>
<ᰀ᰿᱀ᲀᴀᴿᵀᵿᶀᶿḀḿṀṿẀếỀỿ/>
<ἀἿὀᾀ᾿῀/>
<a⁰ⁿ₀₿℀ℿ⅀ⅿↀ/>
<ⰀⰿⱀⱿⲀⲿⳀ⳿ⴀⴿⵀⶀⷀⷿ/>
<⸀⸿⹀⺀⺿⻀⼀⼿⽀⽿⾀⾿⿀/>
<、みむむみむダㄿㆿ㇀ㇿ㈀㈿㋿㌀㏿/>

<㐀㐿㗿㘀㛀㛿㟀㟿/>
<㠀㠿㡀㤿㥀㨿㩀㬿㭀㯿/>
<㰀㰿㱀㶿㷀㼿㽀㾿㿀㿿/>
<䀀䀿䅀䅿䆀䊿䋀䍿䎀䏿/>
<䐀䕿䖀䙿䚀䝿䞀䟿/>
<䠀䢿䣀䧿䨀䪿䫀䬿䭀䯿/>
<䰀䱿䲀䴿䵀䶿䷀䷿一丿乀伿佀便俀俿/>
<倀忿怀濿瀀翿耀迿退/>
<ꀀꑿꒀ꒿꓀꓿ꔀꙀꟿꩿꪀꬿꭀꯀ가꿿/>
<뀀뚿뛀밿뱀뿿/>
<쀀쐿쑀엿였쟿저쩿쪀쿿/>
<퀀툿퉀퐿푀휿흀/>
<豈錄鹿ﬀנּﭿﮀﯿ﴿/>
<︿﹀ﹿﺿﻀ＿｀ｿﾀﺀﷰ/>
<�/>

<𐀀𐄀𐄿𐌀𐌿𐍀𐎿𐏀𐒀/>
<𒀀𒀿𒁀𒉿𒊀𒐀𒐿𒒀𒒿/>
<𗀀𗀿𗁀𗇿𗈀𗗿𗘀𗢿𗣀𗿿/>
<𛀀𛃿𝀀𝀿𝁀𝄀𝄿𝈀𝈿𝌀𝌿/>
<𞸀🀀🀿🂿🄀🄿🚀/>

<力>
<א/>
<س/>
<अ/>
<அ/>
<அ/>
<𐍑/>
<🪐/>
<😀/>
</力>

<ÀÖØöøÿĀĿŀſƀƿǀǿƀƿǀǿȀȿɀɿʀʿˀ˿/>
<ͰͽͿ΀οπϿ/>
<ЀпрѿҠҀҿӀӿԀԿՀտրֿ׀׿/>

<؀ؿـٿڀڿۀۿ/>
<܀ܿ݀݀ݿ/>
<ހ޿ހ޿/>
<ࠀ࠿ࡀࢿࣀࣿऀिीॿ/>
<ঀিী৿/>
<౿ൿවවເༀཀ྿࿀/>
<ကႠᄀᅀᆿᇀᇿሀሿቀቿኀዀዿጀጿፀ/>
<ᚿᛀក/>
<ᢿᣀ᧿ᨀᨿᩀ᪀/>
<ᰀ᰿᱀ᲀᴀᴿᵀᵿᶀᶿḀḿṀṿẀếỀỿ/>
<ἀἿὀᾀ᾿῀/>
<a⁰ⁿ₀₿℀ℿ⅀ⅿↀ/>
<ⰀⰿⱀⱿⲀⲿⳀ⳿ⴀⴿⵀⶀⷀⷿ/>
<⸀⸿⹀⺀⺿⻀⼀⼿⽀⽿⾀⾿⿀/>
<、みむむみむダㄿㆿ㇀ㇿ㈀㈿㋿㌀㏿/>

<㐀㐿㗿㘀㛀㛿㟀㟿/>
<㠀㠿㡀㤿㥀㨿㩀㬿㭀㯿/>
<㰀㰿㱀㶿㷀㼿㽀㾿㿀㿿/>
<䀀䀿䅀䅿䆀䊿䋀䍿䎀䏿/>
<䐀䕿䖀䙿䚀䝿䞀䟿/>
<䠀䢿䣀䧿䨀䪿䫀䬿䭀䯿/>
<䰀䱿䲀䴿䵀䶿䷀䷿一丿乀伿佀便俀俿/>
<倀忿怀濿瀀翿耀迿退/>
<ꀀꑿꒀ꒿꓀꓿ꔀꙀꟿꩿꪀꬿꭀꯀ가꿿/>
<뀀뚿뛀밿뱀뿿/>
<쀀쐿쑀엿였쟿저쩿쪀쿿/>
<퀀툿퉀퐿푀휿흀/>
<豈錄鹿ﬀנּﭿﮀﯿ﴿/>
<︿﹀ﹿﺿﻀ＿｀ｿﾀﺀﷰ/>
<�/>

<𐀀𐄀𐄿𐌀𐌿𐍀𐎿𐏀𐒀/>
<𒀀𒀿𒁀𒉿𒊀𒐀𒐿𒒀𒒿/>
<𗀀𗀿𗁀𗇿𗈀𗗿𗘀𗢿𗣀𗿿/>
<𛀀𛃿𝀀𝀿𝁀𝄀𝄿𝈀𝈿𝌀𝌿/>
<𞸀🀀🀿🂿🄀🄿🚀/>

<力>
<א/>
<س/>
<अ/>
<அ/>
<அ/>
<𐍑/>
<🪐/>
<😀/>
</力>

<ÀÖØöøÿĀĿŀſƀƿǀǿƀƿǀǿȀȿɀɿʀʿˀ˿/>
<ͰͽͿ΀οπϿ/>
<ЀпрѿҠҀҿӀӿԀԿՀտրֿ׀׿/>

<؀ؿـٿڀڿۀۿ/>
<܀ܿ݀݀ݿ/>
<ހ޿ހ޿/>
<ࠀ࠿ࡀࢿࣀࣿऀिीॿ/>
<ঀিী৿/>
<౿ൿවවເༀཀ྿࿀/>
<ကႠᄀᅀᆿᇀᇿሀሿቀቿኀዀዿጀጿፀ/>
<ᚿᛀក/>
<ᢿᣀ᧿ᨀᨿᩀ᪀/>
<ᰀ᰿᱀ᲀᴀᴿᵀᵿᶀᶿḀḿṀṿẀếỀỿ/>
<ἀἿὀᾀ᾿῀/>
<a⁰ⁿ₀₿℀ℿ⅀ⅿↀ/>
<ⰀⰿⱀⱿⲀⲿⳀ⳿ⴀⴿⵀⶀⷀⷿ/>
<⸀⸿⹀⺀⺿⻀⼀⼿⽀⽿⾀⾿⿀/>
<、みむむみむダㄿㆿ㇀ㇿ㈀㈿㋿㌀㏿/>

<㐀㐿㗿㘀㛀㛿㟀㟿/>
<㠀㠿㡀㤿㥀㨿㩀㬿㭀㯿/>
<㰀㰿㱀㶿㷀㼿㽀㾿㿀㿿/>
<䀀䀿䅀䅿䆀䊿䋀䍿䎀䏿/>
<䐀䕿䖀䙿䚀䝿䞀䟿/>
<䠀䢿䣀䧿䨀䪿䫀䬿䭀䯿/>
<䰀䱿䲀䴿䵀䶿䷀䷿一丿乀伿佀便俀俿/>
<倀忿怀濿瀀翿耀迿退/>
<ꀀꑿꒀ꒿꓀꓿ꔀꙀꟿꩿꪀꬿꭀꯀ가꿿/>
<뀀뚿뛀밿뱀뿿/>
<쀀쐿쑀엿였쟿저쩿쪀쿿/>
<퀀툿퉀퐿푀휿흀/>
<豈錄鹿ﬀנּﭿﮀﯿ﴿/>
<︿﹀ﹿﺿﻀ＿｀ｿﾀﺀﷰ/>
<�/>

<𐀀𐄀𐄿𐌀𐌿𐍀𐎿𐏀𐒀/>
<𒀀𒀿𒁀𒉿𒊀𒐀𒐿𒒀𒒿/>
<𗀀𗀿𗁀𗇿𗈀𗗿𗘀𗢿𗣀𗿿/>
<𛀀𛃿𝀀𝀿𝁀𝄀𝄿𝈀𝈿𝌀𝌿/>
<𞸀🀀🀿🂿🄀🄿🚀/>

<力>
<א/>
<س/>
<अ/>
<அ/>
<அ/>
<𐍑/>
<🪐/>
<😀/>
</力>

<ÀÖØöøÿĀĿŀſƀƿǀǿƀƿǀǿȀȿɀɿʀʿˀ˿/>
<ͰͽͿ΀οπϿ/>
<ЀпрѿҠҀҿӀӿԀԿՀտրֿ׀׿/>

<؀ؿـٿڀڿۀۿ/>
<܀ܿ݀݀ݿ/>
<ހ޿ހ޿/>
<ࠀ࠿ࡀࢿࣀࣿऀिीॿ/>
<ঀিী৿/>
<౿ൿවවເༀཀ྿࿀/>
<ကႠᄀᅀᆿᇀᇿሀሿቀቿኀዀዿጀጿፀ/>
<ᚿᛀក/>
<ᢿᣀ᧿ᨀᨿᩀ᪀/>
<ᰀ᰿᱀ᲀᴀᴿᵀᵿᶀᶿḀḿṀṿẀếỀỿ/>
<ἀἿὀᾀ᾿῀/>
<a⁰ⁿ₀₿℀ℿ⅀ⅿↀ/>
<ⰀⰿⱀⱿⲀⲿⳀ⳿ⴀⴿⵀⶀⷀⷿ/>
<⸀⸿⹀⺀⺿⻀⼀⼿⽀⽿⾀⾿⿀/>
<、みむむみむダㄿㆿ㇀ㇿ㈀㈿㋿㌀㏿/>

<㐀㐿㗿㘀㛀㛿㟀㟿/>
<㠀㠿㡀㤿㥀㨿㩀㬿㭀㯿/>
<㰀㰿㱀㶿㷀㼿㽀㾿㿀㿿/>
<䀀䀿䅀䅿䆀䊿䋀䍿䎀䏿/>
<䐀䕿䖀䙿䚀䝿䞀䟿/>
<䠀䢿䣀䧿䨀䪿䫀䬿䭀䯿/>
<䰀䱿䲀䴿䵀䶿䷀䷿一丿乀伿佀便俀俿/>
<倀忿怀濿瀀翿耀迿退/>
<ꀀꑿꒀ꒿꓀꓿ꔀꙀꟿꩿꪀꬿꭀꯀ가꿿/>
<뀀뚿뛀밿뱀뿿/>
<쀀쐿쑀엿였쟿저쩿쪀쿿/>
<퀀툿퉀퐿푀휿흀/>
<豈錄鹿ﬀנּﭿﮀﯿ﴿/>
<︿﹀ﹿﺿﻀ＿｀ｿﾀﺀﷰ/>
<�/>

<𐀀𐄀𐄿𐌀𐌿𐍀𐎿𐏀𐒀/>
<𒀀𒀿𒁀𒉿𒊀𒐀𒐿𒒀𒒿/>
<𗀀𗀿𗁀𗇿𗈀𗗿𗘀𗢿𗣀𗿿/>
<𛀀𛃿𝀀𝀿𝁀𝄀𝄿𝈀𝈿𝌀𝌿/>
<𞸀🀀🀿🂿🄀🄿🚀/>

<力>
<א/>
<س/>
<अ/>
<அ/>
<அ/>
<𐍑/>
<🪐/>
<😀/>
</力>

<ÀÖØöøÿĀĿŀſƀƿǀǿƀƿǀǿȀȿɀɿʀʿˀ˿/>
<ͰͽͿ΀οπϿ/>
<ЀпрѿҠҀҿӀӿԀԿՀտրֿ׀׿/>

<؀ؿـٿڀڿۀۿ/>
<܀ܿ݀݀ݿ/>
<ހ޿ހ޿/>
<ࠀ࠿ࡀࢿࣀࣿऀिीॿ/>
<ঀিী৿/>
<౿ൿවවເༀཀ྿࿀/>
<ကႠᄀᅀᆿᇀᇿሀሿቀቿኀዀዿጀጿፀ/>
<ᚿᛀក/>
<ᢿᣀ᧿ᨀᨿᩀ᪀/>
<ᰀ᰿᱀ᲀᴀᴿᵀᵿᶀᶿḀḿṀṿẀếỀỿ/>
<ἀἿὀᾀ᾿῀/>
<a⁰ⁿ₀₿℀ℿ⅀ⅿↀ/>
<ⰀⰿⱀⱿⲀⲿⳀ⳿ⴀⴿⵀⶀⷀⷿ/>
<⸀⸿⹀⺀⺿⻀⼀⼿⽀⽿⾀⾿⿀/>
<、みむむみむダㄿㆿ㇀ㇿ㈀㈿㋿㌀㏿/>

<㐀㐿㗿㘀㛀㛿㟀㟿/>
<㠀㠿㡀㤿㥀㨿㩀㬿㭀㯿/>
<㰀㰿㱀㶿㷀㼿㽀㾿㿀㿿/>
<䀀䀿䅀䅿䆀䊿䋀䍿䎀䏿/>
<䐀䕿䖀䙿䚀䝿䞀䟿/>
<䠀䢿䣀䧿䨀䪿䫀䬿䭀䯿/>
<䰀䱿䲀䴿䵀䶿䷀䷿一丿乀伿佀便俀俿/>
<倀忿怀濿瀀翿耀迿退/>
<ꀀꑿꒀ꒿꓀꓿ꔀꙀꟿꩿꪀꬿꭀꯀ가꿿/>
<뀀뚿뛀밿뱀뿿/>
<쀀쐿쑀엿였쟿저쩿쪀쿿/>
<퀀툿퉀퐿푀휿흀/>
<豈錄鹿ﬀנּﭿﮀﯿ﴿/>
<︿﹀ﹿﺿﻀ＿｀ｿﾀﺀﷰ/>
<�/>

<𐀀𐄀𐄿𐌀𐌿𐍀𐎿𐏀𐒀/>
<𒀀𒀿𒁀𒉿𒊀𒐀𒐿𒒀𒒿/>
<𗀀𗀿𗁀𗇿𗈀𗗿𗘀𗢿𗣀𗿿/>
<𛀀𛃿𝀀𝀿𝁀𝄀𝄿𝈀𝈿𝌀𝌿/>
<𞸀🀀🀿🂿🄀🄿🚀/>

<力>
<א/>
<س/>
<अ/>
<அ/>
<அ/>
<𐍑/>
<🪐/>
<😀/>
</力>

<ÀÖØöøÿĀĿŀſƀƿǀǿƀƿǀǿȀȿɀɿʀʿˀ˿/>
<ͰͽͿ΀οπϿ/>
<ЀпрѿҠҀҿӀӿԀԿՀտրֿ׀׿/>

<؀ؿـٿڀڿۀۿ/>
<܀ܿ݀݀ݿ/>
<ހ޿ހ޿/>
<ࠀ࠿ࡀࢿࣀࣿऀिीॿ/>
<ঀিী৿/>
<౿ൿවවເༀཀ྿࿀/>
<ကႠᄀᅀᆿᇀᇿሀሿቀቿኀዀዿጀጿፀ/>
<ᚿᛀក/>
<ᢿᣀ᧿ᨀᨿᩀ᪀/>
<ᰀ᰿᱀ᲀᴀᴿᵀᵿᶀᶿḀḿṀṿẀếỀỿ/>
<ἀἿὀᾀ᾿῀/>
<a⁰ⁿ₀₿℀ℿ⅀ⅿↀ/>
<ⰀⰿⱀⱿⲀⲿⳀ⳿ⴀⴿⵀⶀⷀⷿ/>
<⸀⸿⹀⺀⺿⻀⼀⼿⽀⽿⾀⾿⿀/>
<、みむむみむダㄿㆿ㇀ㇿ㈀㈿㋿㌀㏿/>

<㐀㐿㗿㘀㛀㛿㟀㟿/>
<㠀㠿㡀㤿㥀㨿㩀㬿㭀㯿/>
<㰀㰿㱀㶿㷀㼿㽀㾿㿀㿿/>
<䀀䀿䅀䅿䆀䊿䋀䍿䎀䏿/>
<䐀䕿䖀䙿䚀䝿䞀䟿/>
<䠀䢿䣀䧿䨀䪿䫀䬿䭀䯿/>
<䰀䱿䲀䴿䵀䶿䷀䷿一丿乀伿佀便俀俿/>
<倀忿怀濿瀀翿耀迿退/>
<ꀀꑿꒀ꒿꓀꓿ꔀꙀꟿꩿꪀꬿꭀꯀ가꿿/>
<뀀뚿뛀밿뱀뿿/>
<쀀쐿쑀엿였쟿저쩿쪀쿿/>
<퀀툿퉀퐿푀휿흀/>
<豈錄鹿ﬀנּﭿﮀﯿ﴿/>
<︿﹀ﹿﺿﻀ＿｀ｿﾀﺀﷰ/>
<�/>

<𐀀𐄀𐄿𐌀𐌿𐍀𐎿𐏀𐒀/>
<𒀀𒀿𒁀𒉿𒊀𒐀𒐿𒒀𒒿/>
<𗀀𗀿𗁀𗇿𗈀𗗿𗘀𗢿𗣀𗿿/>
<𛀀𛃿𝀀𝀿𝁀𝄀𝄿𝈀𝈿𝌀𝌿/>
<𞸀🀀🀿🂿🄀🄿🚀/>

<力>
<א/>
<س/>
<अ/>
<அ/>
<அ/>
<𐍑/>
<🪐/>
<😀/>
</力>

<ÀÖØöøÿĀĿŀſƀƿǀǿƀƿǀǿȀȿɀɿʀʿˀ˿/>
<ͰͽͿ΀οπϿ/>
<ЀпрѿҠҀҿӀӿԀԿՀտրֿ׀׿/>

<؀ؿـٿڀڿۀۿ/>
<܀ܿ݀݀ݿ/>
<ހ޿ހ޿/>
<ࠀ࠿ࡀࢿࣀࣿऀिीॿ/>
<ঀিী৿/>
<౿ൿවවເༀཀ྿࿀/>
<ကႠᄀᅀᆿᇀᇿሀሿቀቿኀዀዿጀጿፀ/>
<ᚿᛀក/>
<ᢿᣀ᧿ᨀᨿᩀ᪀/>
<ᰀ᰿᱀ᲀᴀᴿᵀᵿᶀᶿḀḿṀṿẀếỀỿ/>
<ἀἿὀᾀ᾿῀/>
<a⁰ⁿ₀₿℀ℿ⅀ⅿↀ/>
<ⰀⰿⱀⱿⲀⲿⳀ⳿ⴀⴿⵀⶀⷀⷿ/>
<⸀⸿⹀⺀⺿⻀⼀⼿⽀⽿⾀⾿⿀/>
<、みむむみむダㄿㆿ㇀ㇿ㈀㈿㋿㌀㏿/>

<㐀㐿㗿㘀㛀㛿㟀㟿/>
<㠀㠿㡀㤿㥀㨿㩀㬿㭀㯿/>
<㰀㰿㱀㶿㷀㼿㽀㾿㿀㿿/>
<䀀䀿䅀䅿䆀䊿䋀䍿䎀䏿/>
<䐀䕿䖀䙿䚀䝿䞀䟿/>
<䠀䢿䣀䧿䨀䪿䫀䬿䭀䯿/>
<䰀䱿䲀䴿䵀䶿䷀䷿一丿乀伿佀便俀俿/>
<倀忿怀濿瀀翿耀迿退/>
<ꀀꑿꒀ꒿꓀꓿ꔀꙀꟿꩿꪀꬿꭀꯀ가꿿/>
<뀀뚿뛀밿뱀뿿/>
<쀀쐿쑀엿였쟿저쩿쪀쿿/>
<퀀툿퉀퐿푀휿흀/>
<豈錄鹿ﬀנּﭿﮀﯿ﴿/>
<︿﹀ﹿﺿﻀ＿｀ｿﾀﺀﷰ/>
<�/>

<𐀀𐄀𐄿𐌀𐌿𐍀𐎿𐏀𐒀/>
<𒀀𒀿𒁀𒉿𒊀𒐀𒐿𒒀𒒿/>
<𗀀𗀿𗁀𗇿𗈀𗗿𗘀𗢿𗣀𗿿/>
<𛀀𛃿𝀀𝀿𝁀𝄀𝄿𝈀𝈿𝌀𝌿/>
<𞸀🀀🀿🂿🄀🄿🚀/>

<力>
<א/>
<س/>
<अ/>
<அ/>
<அ/>
<𐍑/>
<🪐/>
<😀/>
</力>

<ÀÖØöøÿĀĿŀſƀƿǀǿƀƿǀǿȀȿɀɿʀʿˀ˿/>
<ͰͽͿ΀οπϿ/>
<ЀпрѿҠҀҿӀӿԀԿՀտրֿ׀׿/>

<؀ؿـٿڀڿۀۿ/>
<܀ܿ݀݀ݿ/>
<ހ޿ހ޿/>
<ࠀ࠿ࡀࢿࣀࣿऀिीॿ/>
<ঀিী৿/>
<౿ൿවවເༀཀ྿࿀/>
<ကႠᄀᅀᆿᇀᇿሀሿቀቿኀዀዿጀጿፀ/>
<ᚿᛀក/>
<ᢿᣀ᧿ᨀᨿᩀ᪀/>
<ᰀ᰿᱀ᲀᴀᴿᵀᵿᶀᶿḀḿṀṿẀếỀỿ/>
<ἀἿὀᾀ᾿῀/>
<a⁰ⁿ₀₿℀ℿ⅀ⅿↀ/>
<ⰀⰿⱀⱿⲀⲿⳀ⳿ⴀⴿⵀⶀⷀⷿ/>
<⸀⸿⹀⺀⺿⻀⼀⼿⽀⽿⾀⾿⿀/>
<、みむむみむダㄿㆿ㇀ㇿ㈀㈿㋿㌀㏿/>

<㐀㐿㗿㘀㛀㛿㟀㟿/>
<㠀㠿㡀㤿㥀㨿㩀㬿㭀㯿/>
<㰀㰿㱀㶿㷀㼿㽀㾿㿀㿿/>
<䀀䀿䅀䅿䆀䊿䋀䍿䎀䏿/>
<䐀䕿䖀䙿䚀䝿䞀䟿/>
<䠀䢿䣀䧿䨀䪿䫀䬿䭀䯿/>
<䰀䱿䲀䴿䵀䶿䷀䷿一丿乀伿佀便俀俿/>
<倀忿怀濿瀀翿耀迿退/>
<ꀀꑿꒀ꒿꓀꓿ꔀꙀꟿꩿꪀꬿꭀꯀ가꿿/>
<뀀뚿뛀밿뱀뿿/>
<쀀쐿쑀엿였쟿저쩿쪀쿿/>
<퀀툿퉀퐿푀휿흀/>
<豈錄鹿ﬀנּﭿﮀﯿ﴿/>
<︿﹀ﹿﺿﻀ＿｀ｿﾀﺀﷰ/>
<�/>

<𐀀𐄀𐄿𐌀𐌿𐍀𐎿𐏀𐒀/>
<𒀀𒀿𒁀𒉿𒊀𒐀𒐿𒒀𒒿/>
<𗀀𗀿𗁀𗇿𗈀𗗿𗘀𗢿𗣀𗿿/>
<𛀀𛃿𝀀𝀿𝁀𝄀𝄿𝈀𝈿𝌀𝌿/>
<𞸀🀀🀿🂿🄀🄿🚀/>

<力>
<א/>
<س/>
<अ/>
<அ/>
<அ/>
<𐍑/>
<🪐/>
<😀/>
</力>

<ÀÖØöøÿĀĿŀſƀƿǀǿƀƿǀǿȀȿɀɿʀʿˀ˿/>
<ͰͽͿ΀οπϿ/>
<ЀпрѿҠҀҿӀӿԀԿՀտրֿ׀׿/>

<؀ؿـٿڀڿۀۿ/>
<܀ܿ݀݀ݿ/>
<ހ޿ހ޿/>
<ࠀ࠿ࡀࢿࣀࣿऀिीॿ/>
<ঀিী৿/>
<౿ൿවවເༀཀ྿࿀/>
<ကႠᄀᅀᆿᇀᇿሀሿቀቿኀዀዿጀጿፀ/>
<ᚿᛀក/>
<ᢿᣀ᧿ᨀᨿᩀ᪀/>
<ᰀ᰿᱀ᲀᴀᴿᵀᵿᶀᶿḀḿṀṿẀếỀỿ/>
<ἀἿὀᾀ᾿῀/>
<a⁰ⁿ₀₿℀ℿ⅀ⅿↀ/>
<ⰀⰿⱀⱿⲀⲿⳀ⳿ⴀⴿⵀⶀⷀⷿ/>
<⸀⸿⹀⺀⺿⻀⼀⼿⽀⽿⾀⾿⿀/>
<、みむむみむダㄿㆿ㇀ㇿ㈀㈿㋿㌀㏿/>

<㐀㐿㗿㘀㛀㛿㟀㟿/>
<㠀㠿㡀㤿㥀㨿㩀㬿㭀㯿/>
<㰀㰿㱀㶿㷀㼿㽀㾿㿀㿿/>
<䀀䀿䅀䅿䆀䊿䋀䍿䎀䏿/>
<䐀䕿䖀䙿䚀䝿䞀䟿/>
<䠀䢿䣀䧿䨀䪿䫀䬿䭀䯿/>
<䰀䱿䲀䴿䵀䶿䷀䷿一丿乀伿佀便俀俿/>
<倀忿怀濿瀀翿耀迿退/>
<ꀀꑿꒀ꒿꓀꓿ꔀꙀꟿꩿꪀꬿꭀꯀ가꿿/>
<뀀뚿뛀밿뱀뿿/>
<쀀쐿쑀엿였쟿저쩿쪀쿿/>
<퀀툿퉀퐿푀휿흀/>
<豈錄鹿ﬀנּﭿﮀﯿ﴿/>
<︿﹀ﹿﺿﻀ＿｀ｿﾀﺀﷰ/>
<�/>

<𐀀𐄀𐄿𐌀𐌿𐍀𐎿𐏀𐒀/>
<𒀀𒀿𒁀𒉿𒊀𒐀𒐿𒒀𒒿/>
<𗀀𗀿𗁀𗇿𗈀𗗿𗘀𗢿𗣀𗿿/>
<𛀀𛃿𝀀𝀿𝁀𝄀𝄿𝈀𝈿𝌀𝌿/>
<𞸀🀀🀿🂿🄀🄿🚀/>

<力>
<א/>
<س/>
<अ/>
<அ/>
<அ/>
<𐍑/>
<🪐/>
<😀/>
</力>

<ÀÖØöøÿĀĿŀſƀƿǀǿƀƿǀǿȀȿɀɿʀʿˀ˿/>
<ͰͽͿ΀οπϿ/>
<ЀпрѿҠҀҿӀӿԀԿՀտրֿ׀׿/>

<؀ؿـٿڀڿۀۿ/>
<܀ܿ݀݀ݿ/>
<ހ޿ހ޿/>
<ࠀ࠿ࡀࢿࣀࣿऀिीॿ/>
<ঀিী৿/>
<౿ൿවවເༀཀ྿࿀/>
<ကႠᄀᅀᆿᇀᇿሀሿቀቿኀዀዿጀጿፀ/>
<ᚿᛀក/>
<ᢿᣀ᧿ᨀᨿᩀ᪀/>
<ᰀ᰿᱀ᲀᴀᴿᵀᵿᶀᶿḀḿṀṿẀếỀỿ/>
<ἀἿὀᾀ᾿῀/>
<a⁰ⁿ₀₿℀ℿ⅀ⅿↀ/>
<ⰀⰿⱀⱿⲀⲿⳀ⳿ⴀⴿⵀⶀⷀⷿ/>
<⸀⸿⹀⺀⺿⻀⼀⼿⽀⽿⾀⾿⿀/>
<、みむむみむダㄿㆿ㇀ㇿ㈀㈿㋿㌀㏿/>

<㐀㐿㗿㘀㛀㛿㟀㟿/>
<㠀㠿㡀㤿㥀㨿㩀㬿㭀㯿/>
<㰀㰿㱀㶿㷀㼿㽀㾿㿀㿿/>
<䀀䀿䅀䅿䆀䊿䋀䍿䎀䏿/>
<䐀䕿䖀䙿䚀䝿䞀䟿/>
<䠀䢿䣀䧿䨀䪿䫀䬿䭀䯿/>
<䰀䱿䲀䴿䵀䶿䷀䷿一丿乀伿佀便俀俿/>
<倀忿怀濿瀀翿耀迿退/>
<ꀀꑿꒀ꒿꓀꓿ꔀꙀꟿꩿꪀꬿꭀꯀ가꿿/>
<뀀뚿뛀밿뱀뿿/>
<쀀쐿쑀엿였쟿저쩿쪀쿿/>
<퀀툿퉀퐿푀휿흀/>
<豈錄鹿ﬀנּﭿﮀﯿ﴿/>
<︿﹀ﹿﺿﻀ＿｀ｿﾀﺀﷰ/>
<�/>

<𐀀𐄀𐄿𐌀𐌿𐍀𐎿𐏀𐒀/>
<𒀀𒀿𒁀𒉿𒊀𒐀𒐿𒒀𒒿/>
<𗀀𗀿𗁀𗇿𗈀𗗿𗘀𗢿𗣀𗿿/>
<𛀀𛃿𝀀𝀿𝁀𝄀𝄿𝈀𝈿𝌀𝌿/>
<𞸀🀀🀿🂿🄀🄿🚀/>

<力>
<א/>
<س/>
<अ/>
<அ/>
<அ/>
<𐍑/>
<🪐/>
<😀/>
</力>

<ÀÖØöøÿĀĿŀſƀƿǀǿƀƿǀǿȀȿɀɿʀʿˀ˿/>
<ͰͽͿ΀οπϿ/>
<ЀпрѿҠҀҿӀӿԀԿՀտրֿ׀׿/>

<؀ؿـٿڀڿۀۿ/>
<܀ܿ݀݀ݿ/>
<ހ޿ހ޿/>
<ࠀ࠿ࡀࢿࣀࣿऀिीॿ/>
<ঀিী৿/>
<౿ൿවවເༀཀ྿࿀/>
<ကႠᄀᅀᆿᇀᇿሀሿቀቿኀዀዿጀጿፀ/>
<ᚿᛀក/>
<ᢿᣀ᧿ᨀᨿᩀ᪀/>
<ᰀ᰿᱀ᲀᴀᴿᵀᵿᶀᶿḀḿṀṿẀếỀỿ/>
<ἀἿὀᾀ᾿῀/>
<a⁰ⁿ₀₿℀ℿ⅀ⅿↀ/>
<ⰀⰿⱀⱿⲀⲿⳀ⳿ⴀⴿⵀⶀⷀⷿ/>
<⸀⸿⹀⺀⺿⻀⼀⼿⽀⽿⾀⾿⿀/>
<、みむむみむダㄿㆿ㇀ㇿ㈀㈿㋿㌀㏿/>

<㐀㐿㗿㘀㛀㛿㟀㟿/>
<㠀㠿㡀㤿㥀㨿㩀㬿㭀㯿/>
<㰀㰿㱀㶿㷀㼿㽀㾿㿀㿿/>
<䀀䀿䅀䅿䆀䊿䋀䍿䎀䏿/>
<䐀䕿䖀䙿䚀䝿䞀䟿/>
<䠀䢿䣀䧿䨀䪿䫀䬿䭀䯿/>
<䰀䱿䲀䴿䵀䶿䷀䷿一丿乀伿佀便俀俿/>
<倀忿怀濿瀀翿耀迿退/>
<ꀀꑿꒀ꒿꓀꓿ꔀꙀꟿꩿꪀꬿꭀꯀ가꿿/>
<뀀뚿뛀밿뱀뿿/>
<쀀쐿쑀엿였쟿저쩿쪀쿿/>
<퀀툿퉀퐿푀휿흀/>
<豈錄鹿ﬀנּﭿﮀﯿ﴿/>
<︿﹀ﹿﺿﻀ＿｀ｿﾀﺀﷰ/>
<�/>

<𐀀𐄀𐄿𐌀𐌿𐍀𐎿𐏀𐒀/>
<𒀀𒀿𒁀𒉿𒊀𒐀𒐿𒒀𒒿/>
<𗀀𗀿𗁀𗇿𗈀𗗿𗘀𗢿𗣀𗿿/>
<𛀀𛃿𝀀𝀿𝁀𝄀𝄿𝈀𝈿𝌀𝌿/>
<𞸀🀀🀿🂿🄀🄿🚀/>

<力>
<א/>
<س/>
<अ/>
<அ/>
<அ/>
<𐍑/>
<🪐/>
<😀/>
</力>

<ÀÖØöøÿĀĿŀſƀƿǀǿƀƿǀǿȀȿɀɿʀʿˀ˿/>
<ͰͽͿ΀οπϿ/>
<ЀпрѿҠҀҿӀӿԀԿՀտրֿ׀׿/>

<؀ؿـٿڀڿۀۿ/>
<܀ܿ݀݀ݿ/>
<ހ޿ހ޿/>
<ࠀ࠿ࡀࢿࣀࣿऀिीॿ/>
<ঀিী৿/>
<౿ൿවවເༀཀ྿࿀/>
<ကႠᄀᅀᆿᇀᇿሀሿቀቿኀዀዿጀጿፀ/>
<ᚿᛀក/>
<ᢿᣀ᧿ᨀᨿᩀ᪀/>
<ᰀ᰿᱀ᲀᴀᴿᵀᵿᶀᶿḀḿṀṿẀếỀỿ/>
<ἀἿὀᾀ᾿῀/>
<a⁰ⁿ₀₿℀ℿ⅀ⅿↀ/>
<ⰀⰿⱀⱿⲀⲿⳀ⳿ⴀⴿⵀⶀⷀⷿ/>
<⸀⸿⹀⺀⺿⻀⼀⼿⽀⽿⾀⾿⿀/>
<、みむむみむダㄿㆿ㇀ㇿ㈀㈿㋿㌀㏿/>

<㐀㐿㗿㘀㛀㛿㟀㟿/>
<㠀㠿㡀㤿㥀㨿㩀㬿㭀㯿/>
<㰀㰿㱀㶿㷀㼿㽀㾿㿀㿿/>
<䀀䀿䅀䅿䆀䊿䋀䍿䎀䏿/>
<䐀䕿䖀䙿䚀䝿䞀䟿/>
<䠀䢿䣀䧿䨀䪿䫀䬿䭀䯿/>
<䰀䱿䲀䴿䵀䶿䷀䷿一丿乀伿佀便俀俿/>
<倀忿怀濿瀀翿耀迿退/>
<ꀀꑿꒀ꒿꓀꓿ꔀꙀꟿꩿꪀꬿꭀꯀ가꿿/>
<뀀뚿뛀밿뱀뿿/>
<쀀쐿쑀엿였쟿저쩿쪀쿿/>
<퀀툿퉀퐿푀휿흀/>
<豈錄鹿ﬀנּﭿﮀﯿ﴿/>
<︿﹀ﹿﺿﻀ＿｀ｿﾀﺀﷰ/>
<�/>

<𐀀𐄀𐄿𐌀𐌿𐍀𐎿𐏀𐒀/>
<𒀀𒀿𒁀𒉿𒊀𒐀𒐿𒒀𒒿/>
<𗀀𗀿𗁀𗇿𗈀𗗿𗘀𗢿𗣀𗿿/>
<𛀀𛃿𝀀𝀿𝁀𝄀𝄿𝈀𝈿𝌀𝌿/>
<𞸀🀀🀿🂿🄀🄿🚀/>

<力>
<א/>
<س/>
<अ/>
<அ/>
<அ/>
<𐍑/>
<🪐/>
<😀/>
</力>

<ÀÖØöøÿĀĿŀſƀƿǀǿƀƿǀǿȀȿɀɿʀʿˀ˿/>
<ͰͽͿ΀οπϿ/>
<ЀпрѿҠҀҿӀӿԀԿՀտրֿ׀׿/>

<؀ؿـٿڀڿۀۿ/>
<܀ܿ݀݀ݿ/>
<ހ޿ހ޿/>
<ࠀ࠿ࡀࢿࣀࣿऀिीॿ/>
<ঀিী৿/>
<౿ൿවවເༀཀ྿࿀/>
<ကႠᄀᅀᆿᇀᇿሀሿቀቿኀዀዿጀጿፀ/>
<ᚿᛀក/>
<ᢿᣀ᧿ᨀᨿᩀ᪀/>
<ᰀ᰿᱀ᲀᴀᴿᵀᵿᶀᶿḀḿṀṿẀếỀỿ/>
<ἀἿὀᾀ᾿῀/>
<a⁰ⁿ₀₿℀ℿ⅀ⅿↀ/>
<ⰀⰿⱀⱿⲀⲿⳀ⳿ⴀⴿⵀⶀⷀⷿ/>
<⸀⸿⹀⺀⺿⻀⼀⼿⽀⽿⾀⾿⿀/>
<、みむむみむダㄿㆿ㇀ㇿ㈀㈿㋿㌀㏿/>

<㐀㐿㗿㘀㛀㛿㟀㟿/>
<㠀㠿㡀㤿㥀㨿㩀㬿㭀㯿/>
<㰀㰿㱀㶿㷀㼿㽀㾿㿀㿿/>
<䀀䀿䅀䅿䆀䊿䋀䍿䎀䏿/>
<䐀䕿䖀䙿䚀䝿䞀䟿/>
<䠀䢿䣀䧿䨀䪿䫀䬿䭀䯿/>
<䰀䱿䲀䴿䵀䶿䷀䷿一丿乀伿佀便俀俿/>
<倀忿怀濿瀀翿耀迿退/>
<ꀀꑿꒀ꒿꓀꓿ꔀꙀꟿꩿꪀꬿꭀꯀ가꿿/>
<뀀뚿뛀밿뱀뿿/>
<쀀쐿쑀엿였쟿저쩿쪀쿿/>
<퀀툿퉀퐿푀휿흀/>
<豈錄鹿ﬀנּﭿﮀﯿ﴿/>
<︿﹀ﹿﺿﻀ＿｀ｿﾀﺀﷰ/>
<�/>

<𐀀𐄀𐄿𐌀𐌿𐍀𐎿𐏀𐒀/>
<𒀀𒀿𒁀𒉿𒊀𒐀𒐿𒒀𒒿/>
<𗀀𗀿𗁀𗇿𗈀𗗿𗘀𗢿𗣀𗿿/>
<𛀀𛃿𝀀𝀿𝁀𝄀𝄿𝈀𝈿𝌀𝌿/>
<𞸀🀀🀿🂿🄀🄿🚀/>

<力>
<א/>
<س/>
<अ/>
<அ/>
<அ/>
<𐍑/>
<🪐/>
<😀/>
</力>

<ÀÖØöøÿĀĿŀſƀƿǀǿƀƿǀǿȀȿɀɿʀʿˀ˿/>
<ͰͽͿ΀οπϿ/>
<ЀпрѿҠҀҿӀӿԀԿՀտրֿ׀׿/>

<؀ؿـٿڀڿۀۿ/>
<܀ܿ݀݀ݿ/>
<ހ޿ހ޿/>
<ࠀ࠿ࡀࢿࣀࣿऀिीॿ/>
<ঀিী৿/>
<౿ൿවවເༀཀ྿࿀/>
<ကႠᄀᅀᆿᇀᇿሀሿቀቿኀዀዿጀጿፀ/>
<ᚿᛀក/>
<ᢿᣀ᧿ᨀᨿᩀ᪀/>
<ᰀ᰿᱀ᲀᴀᴿᵀᵿᶀᶿḀḿṀṿẀếỀỿ/>
<ἀἿὀᾀ᾿῀/>
<a⁰ⁿ₀₿℀ℿ⅀ⅿↀ/>
<ⰀⰿⱀⱿⲀⲿⳀ⳿ⴀⴿⵀⶀⷀⷿ/>
<⸀⸿⹀⺀⺿⻀⼀⼿⽀⽿⾀⾿⿀/>
<、みむむみむダㄿㆿ㇀ㇿ㈀㈿㋿㌀㏿/>

<㐀㐿㗿㘀㛀㛿㟀㟿/>
<㠀㠿㡀㤿㥀㨿㩀㬿㭀㯿/>
<㰀㰿㱀㶿㷀㼿㽀㾿㿀㿿/>
<䀀䀿䅀䅿䆀䊿䋀䍿䎀䏿/>
<䐀䕿䖀䙿䚀䝿䞀䟿/>
<䠀䢿䣀䧿䨀䪿䫀䬿䭀䯿/>
<䰀䱿䲀䴿䵀䶿䷀䷿一丿乀伿佀便俀俿/>
<倀忿怀濿瀀翿耀迿退/>
<ꀀꑿꒀ꒿꓀꓿ꔀꙀꟿꩿꪀꬿꭀꯀ가꿿/>
<뀀뚿뛀밿뱀뿿/>
<쀀쐿쑀엿였쟿저쩿쪀쿿/>
<퀀툿퉀퐿푀휿흀/>
<豈錄鹿ﬀנּﭿﮀﯿ﴿/>
<︿﹀ﹿﺿﻀ＿｀ｿﾀﺀﷰ/>
<�/>

<𐀀𐄀𐄿𐌀𐌿𐍀𐎿𐏀𐒀/>
<𒀀𒀿𒁀𒉿𒊀𒐀𒐿𒒀𒒿/>
<𗀀𗀿𗁀𗇿𗈀𗗿𗘀𗢿𗣀𗿿/>
<𛀀𛃿𝀀𝀿𝁀𝄀𝄿𝈀𝈿𝌀𝌿/>
<𞸀🀀🀿🂿🄀🄿🚀/>

<力>
<א/>
<س/>
<अ/>
<அ/>
<அ/>
<𐍑/>
<🪐/>
<😀/>
</力>

<ÀÖØöøÿĀĿŀſƀƿǀǿƀƿǀǿȀȿɀɿʀʿˀ˿/>
<ͰͽͿ΀οπϿ/>
<ЀпрѿҠҀҿӀӿԀԿՀտրֿ׀׿/>

<؀ؿـٿڀڿۀۿ/>
<܀ܿ݀݀ݿ/>
<ހ޿ހ޿/>
<ࠀ࠿ࡀࢿࣀࣿऀिीॿ/>
<ঀিী৿/>
<౿ൿවවເༀཀ྿࿀/>
<ကႠᄀᅀᆿᇀᇿሀሿቀቿኀዀዿጀጿፀ/>
<ᚿᛀក/>
<ᢿᣀ᧿ᨀᨿᩀ᪀/>
<ᰀ᰿᱀ᲀᴀᴿᵀᵿᶀᶿḀḿṀṿẀếỀỿ/>
<ἀἿὀᾀ᾿῀/>
<a⁰ⁿ₀₿℀ℿ⅀ⅿↀ/>
<ⰀⰿⱀⱿⲀⲿⳀ⳿ⴀⴿⵀⶀⷀⷿ/>
<⸀⸿⹀⺀⺿⻀⼀⼿⽀⽿⾀⾿⿀/>
<、みむむみむダㄿㆿ㇀ㇿ㈀㈿㋿㌀㏿/>

<㐀㐿㗿㘀㛀㛿㟀㟿/>
<㠀㠿㡀㤿㥀㨿㩀㬿㭀㯿/>
<㰀㰿㱀㶿㷀㼿㽀㾿㿀㿿/>
<䀀䀿䅀䅿䆀䊿䋀䍿䎀䏿/>
<䐀䕿䖀䙿䚀䝿䞀䟿/>
<䠀䢿䣀䧿䨀䪿䫀䬿䭀䯿/>
<䰀䱿䲀䴿䵀䶿䷀䷿一丿乀伿佀便俀俿/>
<倀忿怀濿瀀翿耀迿退/>
<ꀀꑿꒀ꒿꓀꓿ꔀꙀꟿꩿꪀꬿꭀꯀ가꿿/>
<뀀뚿뛀밿뱀뿿/>
<쀀쐿쑀엿였쟿저쩿쪀쿿/>
<퀀툿퉀퐿푀휿흀/>
<豈錄鹿ﬀנּﭿﮀﯿ﴿/>
<︿﹀ﹿﺿﻀ＿｀ｿﾀﺀﷰ/>
<�/>

<𐀀𐄀𐄿𐌀𐌿𐍀𐎿𐏀𐒀/>
<𒀀𒀿𒁀𒉿𒊀𒐀𒐿𒒀𒒿/>
<𗀀𗀿𗁀𗇿𗈀𗗿𗘀𗢿𗣀𗿿/>
<𛀀𛃿𝀀𝀿𝁀𝄀𝄿𝈀𝈿𝌀𝌿/>
<𞸀🀀🀿🂿🄀🄿🚀/>

<力>
<א/>
<س/>
<अ/>
<அ/>
<அ/>
<𐍑/>
<🪐/>
<😀/>
</力>

<ÀÖØöøÿĀĿŀſƀƿǀǿƀƿǀǿȀȿɀɿʀʿˀ˿/>
<ͰͽͿ΀οπϿ/>
<ЀпрѿҠҀҿӀӿԀԿՀտրֿ׀׿/>

<؀ؿـٿڀڿۀۿ/>
<܀ܿ݀݀ݿ/>
<ހ޿ހ޿/>
<ࠀ࠿ࡀࢿࣀࣿऀिीॿ/>
<ঀিী৿/>
<౿ൿවවເༀཀ྿࿀/>
<ကႠᄀᅀᆿᇀᇿሀሿቀቿኀዀዿጀጿፀ/>
<ᚿᛀក/>
<ᢿᣀ᧿ᨀᨿᩀ᪀/>
<ᰀ᰿᱀ᲀᴀᴿᵀᵿᶀᶿḀḿṀṿẀếỀỿ/>
<ἀἿὀᾀ᾿῀/>
<a⁰ⁿ₀₿℀ℿ⅀ⅿↀ/>
<ⰀⰿⱀⱿⲀⲿⳀ⳿ⴀⴿⵀⶀⷀⷿ/>
<⸀⸿⹀⺀⺿⻀⼀⼿⽀⽿⾀⾿⿀/>
<、みむむみむダㄿㆿ㇀ㇿ㈀㈿㋿㌀㏿/>

<㐀㐿㗿㘀㛀㛿㟀㟿/>
<㠀㠿㡀㤿㥀㨿㩀㬿㭀㯿/>
<㰀㰿㱀㶿㷀㼿㽀㾿㿀㿿/>
<䀀䀿䅀䅿䆀䊿䋀䍿䎀䏿/>
<䐀䕿䖀䙿䚀䝿䞀䟿/>
<䠀䢿䣀䧿䨀䪿䫀䬿䭀䯿/>
<䰀䱿䲀䴿䵀䶿䷀䷿一丿乀伿佀便俀俿/>
<倀忿怀濿瀀翿耀迿退/>
<ꀀꑿꒀ꒿꓀꓿ꔀꙀꟿꩿꪀꬿꭀꯀ가꿿/>
<뀀뚿뛀밿뱀뿿/>
<쀀쐿쑀엿였쟿저쩿쪀쿿/>
<퀀툿퉀퐿푀휿흀/>
<豈錄鹿ﬀנּﭿﮀﯿ﴿/>
<︿﹀ﹿﺿﻀ＿｀ｿﾀﺀﷰ/>
<�/>

<𐀀𐄀𐄿𐌀𐌿𐍀𐎿𐏀𐒀/>
<𒀀𒀿𒁀𒉿𒊀𒐀𒐿𒒀𒒿/>
<𗀀𗀿𗁀𗇿𗈀𗗿𗘀𗢿𗣀𗿿/>
<𛀀𛃿𝀀𝀿𝁀𝄀𝄿𝈀𝈿𝌀𝌿/>
<𞸀🀀🀿🂿🄀🄿🚀/>

<力>
<א/>
<س/>
<अ/>
<அ/>
<அ/>
<𐍑/>
<🪐/>
<😀/>
</力>

<ÀÖØöøÿĀĿŀſƀƿǀǿƀƿǀǿȀȿɀɿʀʿˀ˿/>
<ͰͽͿ΀οπϿ/>
<ЀпрѿҠҀҿӀӿԀԿՀտրֿ׀׿/>

<؀ؿـٿڀڿۀۿ/>
<܀ܿ݀݀ݿ/>
<ހ޿ހ޿/>
<ࠀ࠿ࡀࢿࣀࣿऀिीॿ/>
<ঀিী৿/>
<౿ൿවවເༀཀ྿࿀/>
<ကႠᄀᅀᆿᇀᇿሀሿቀቿኀዀዿጀጿፀ/>
<ᚿᛀក/>
<ᢿᣀ᧿ᨀᨿᩀ᪀/>
<ᰀ᰿᱀ᲀᴀᴿᵀᵿᶀᶿḀḿṀṿẀếỀỿ/>
<ἀἿὀᾀ᾿῀/>
<a⁰ⁿ₀₿℀ℿ⅀ⅿↀ/>
<ⰀⰿⱀⱿⲀⲿⳀ⳿ⴀⴿⵀⶀⷀⷿ/>
<⸀⸿⹀⺀⺿⻀⼀⼿⽀⽿⾀⾿⿀/>
<、みむむみむダㄿㆿ㇀ㇿ㈀㈿㋿㌀㏿/>

<㐀㐿㗿㘀㛀㛿㟀㟿/>
<㠀㠿㡀㤿㥀㨿㩀㬿㭀㯿/>
<㰀㰿㱀㶿㷀㼿㽀㾿㿀㿿/>
<䀀䀿䅀䅿䆀䊿䋀䍿䎀䏿/>
<䐀䕿䖀䙿䚀䝿䞀䟿/>
<䠀䢿䣀䧿䨀䪿䫀䬿䭀䯿/>
<䰀䱿䲀䴿䵀䶿䷀䷿一丿乀伿佀便俀俿/>
<倀忿怀濿瀀翿耀迿退/>
<ꀀꑿꒀ꒿꓀꓿ꔀꙀꟿꩿꪀꬿꭀꯀ가꿿/>
<뀀뚿뛀밿뱀뿿/>
<쀀쐿쑀엿였쟿저쩿쪀쿿/>
<퀀툿퉀퐿푀휿흀/>
<豈錄鹿ﬀנּﭿﮀﯿ﴿/>
<︿﹀ﹿﺿﻀ＿｀ｿﾀﺀﷰ/>
<�/>

<𐀀𐄀𐄿𐌀𐌿𐍀𐎿𐏀𐒀/>
<𒀀𒀿𒁀𒉿𒊀𒐀𒐿𒒀𒒿/>
<𗀀𗀿𗁀𗇿𗈀𗗿𗘀𗢿𗣀𗿿/>
<𛀀𛃿𝀀𝀿𝁀𝄀𝄿𝈀𝈿𝌀𝌿/>
<𞸀🀀🀿🂿🄀🄿🚀/>

<力>
<א/>
<س/>
<अ/>
<அ/>
<அ/>
<𐍑/>
<🪐/>
<😀/>
</力>

<ÀÖØöøÿĀĿŀſƀƿǀǿƀƿǀǿȀȿɀɿʀʿˀ˿/>
<ͰͽͿ΀οπϿ/>
<ЀпрѿҠҀҿӀӿԀԿՀտրֿ׀׿/>

<؀ؿـٿڀڿۀۿ/>
<܀ܿ݀݀ݿ/>
<ހ޿ހ޿/>
<ࠀ࠿ࡀࢿࣀࣿऀिीॿ/>
<ঀিী৿/>
<౿ൿවවເༀཀ྿࿀/>
<ကႠᄀᅀᆿᇀᇿሀሿቀቿኀዀዿጀጿፀ/>
<ᚿᛀក/>
<ᢿᣀ᧿ᨀᨿᩀ᪀/>
<ᰀ᰿᱀ᲀᴀᴿᵀᵿᶀᶿḀḿṀṿẀếỀỿ/>
<ἀἿὀᾀ᾿῀/>
<a⁰ⁿ₀₿℀ℿ⅀ⅿↀ/>
<ⰀⰿⱀⱿⲀⲿⳀ⳿ⴀⴿⵀⶀⷀⷿ/>
<⸀⸿⹀⺀⺿⻀⼀⼿⽀⽿⾀⾿⿀/>
<、みむむみむダㄿㆿ㇀ㇿ㈀㈿㋿㌀㏿/>

<㐀㐿㗿㘀㛀㛿㟀㟿/>
<㠀㠿㡀㤿㥀㨿㩀㬿㭀㯿/>
<㰀㰿㱀㶿㷀㼿㽀㾿㿀㿿/>
<䀀䀿䅀䅿䆀䊿䋀䍿䎀䏿/>
<䐀䕿䖀䙿䚀䝿䞀䟿/>
<䠀䢿䣀䧿䨀䪿䫀䬿䭀䯿/>
<䰀䱿䲀䴿䵀䶿䷀䷿一丿乀伿佀便俀俿/>
<倀忿怀濿瀀翿耀迿退/>
<ꀀꑿꒀ꒿꓀꓿ꔀꙀꟿꩿꪀꬿꭀꯀ가꿿/>
<뀀뚿뛀밿뱀뿿/>
<쀀쐿쑀엿였쟿저쩿쪀쿿/>
<퀀툿퉀퐿푀휿흀/>
<豈錄鹿ﬀנּﭿﮀﯿ﴿/>
<︿﹀ﹿﺿﻀ＿｀ｿﾀﺀﷰ/>
<�/>

<𐀀𐄀𐄿𐌀𐌿𐍀𐎿𐏀𐒀/>
<𒀀𒀿𒁀𒉿𒊀𒐀𒐿𒒀𒒿/>
<𗀀𗀿𗁀𗇿𗈀𗗿𗘀𗢿𗣀𗿿/>
<𛀀𛃿𝀀𝀿𝁀𝄀𝄿𝈀𝈿𝌀𝌿/>
<𞸀🀀🀿🂿🄀🄿🚀/>

<力>
<א/>
<س/>
<अ/>
<அ/>
<அ/>
<𐍑/>
<🪐/>
<😀/>
</力>

<ÀÖØöøÿĀĿŀſƀƿǀǿƀƿǀǿȀȿɀɿʀʿˀ˿/>
<ͰͽͿ΀οπϿ/>
<ЀпрѿҠҀҿӀӿԀԿՀտրֿ׀׿/>

<؀ؿـٿڀڿۀۿ/>
<܀ܿ݀݀ݿ/>
<ހ޿ހ޿/>
<ࠀ࠿ࡀࢿࣀࣿऀिीॿ/>
<ঀিী৿/>
<౿ൿවවເༀཀ྿࿀/>
<ကႠᄀᅀᆿᇀᇿሀሿቀቿኀዀዿጀጿፀ/>
<ᚿᛀក/>
<ᢿᣀ᧿ᨀᨿᩀ᪀/>
<ᰀ᰿᱀ᲀᴀᴿᵀᵿᶀᶿḀḿṀṿẀếỀỿ/>
<ἀἿὀᾀ᾿῀/>
<a⁰ⁿ₀₿℀ℿ⅀ⅿↀ/>
<ⰀⰿⱀⱿⲀⲿⳀ⳿ⴀⴿⵀⶀⷀⷿ/>
<⸀⸿⹀⺀⺿⻀⼀⼿⽀⽿⾀⾿⿀/>
<、みむむみむダㄿㆿ㇀ㇿ㈀㈿㋿㌀㏿/>

<㐀㐿㗿㘀㛀㛿㟀㟿/>
<㠀㠿㡀㤿㥀㨿㩀㬿㭀㯿/>
<㰀㰿㱀㶿㷀㼿㽀㾿㿀㿿/>
<䀀䀿䅀䅿䆀䊿䋀䍿䎀䏿/>
<䐀䕿䖀䙿䚀䝿䞀䟿/>
<䠀䢿䣀䧿䨀䪿䫀䬿䭀䯿/>
<䰀䱿䲀䴿䵀䶿䷀䷿一丿乀伿佀便俀俿/>
<倀忿怀濿瀀翿耀迿退/>
<ꀀꑿꒀ꒿꓀꓿ꔀꙀꟿꩿꪀꬿꭀꯀ가꿿/>
<뀀뚿뛀밿뱀뿿/>
<쀀쐿쑀엿였쟿저쩿쪀쿿/>
<퀀툿퉀퐿푀휿흀/>
<豈錄鹿ﬀנּﭿﮀﯿ﴿/>
<︿﹀ﹿﺿﻀ＿｀ｿﾀﺀﷰ/>
<�/>

<𐀀𐄀𐄿𐌀𐌿𐍀𐎿𐏀𐒀/>
<𒀀𒀿𒁀𒉿𒊀𒐀𒐿𒒀𒒿/>
<𗀀𗀿𗁀𗇿𗈀𗗿𗘀𗢿𗣀𗿿/>
<𛀀𛃿𝀀𝀿𝁀𝄀𝄿𝈀𝈿𝌀𝌿/>
<𞸀🀀🀿🂿🄀🄿🚀/>

<力>
<א/>
<س/>
<अ/>
<அ/>
<அ/>
<𐍑/>
<🪐/>
<😀/>
</力>

<ÀÖØöøÿĀĿŀſƀƿǀǿƀƿǀǿȀȿɀɿʀʿˀ˿/>
<ͰͽͿ΀οπϿ/>
<ЀпрѿҠҀҿӀӿԀԿՀտրֿ׀׿/>

<؀ؿـٿڀڿۀۿ/>
<܀ܿ݀݀ݿ/>
<ހ޿ހ޿/>
<ࠀ࠿ࡀࢿࣀࣿऀिीॿ/>
<ঀিী৿/>
<౿ൿවවເༀཀ྿࿀/>
<ကႠᄀᅀᆿᇀᇿሀሿቀቿኀዀዿጀጿፀ/>
<ᚿᛀក/>
<ᢿᣀ᧿ᨀᨿᩀ᪀/>
<ᰀ᰿᱀ᲀᴀᴿᵀᵿᶀᶿḀḿṀṿẀếỀỿ/>
<ἀἿὀᾀ᾿῀/>
<a⁰ⁿ₀₿℀ℿ⅀ⅿↀ/>
<ⰀⰿⱀⱿⲀⲿⳀ⳿ⴀⴿⵀⶀⷀⷿ/>
<⸀⸿⹀⺀⺿⻀⼀⼿⽀⽿⾀⾿⿀/>
<、みむむみむダㄿㆿ㇀ㇿ㈀㈿㋿㌀㏿/>

<㐀㐿㗿㘀㛀㛿㟀㟿/>
<㠀㠿㡀㤿㥀㨿㩀㬿㭀㯿/>
<㰀㰿㱀㶿㷀㼿㽀㾿㿀㿿/>
<䀀䀿䅀䅿䆀䊿䋀䍿䎀䏿/>
<䐀䕿䖀䙿䚀䝿䞀䟿/>
<䠀䢿䣀䧿䨀䪿䫀䬿䭀䯿/>
<䰀䱿䲀䴿䵀䶿䷀䷿一丿乀伿佀便俀俿/>
<倀忿怀濿瀀翿耀迿退/>
<ꀀꑿꒀ꒿꓀꓿ꔀꙀꟿꩿꪀꬿꭀꯀ가꿿/>
<뀀뚿뛀밿뱀뿿/>
<쀀쐿쑀엿였쟿저쩿쪀쿿/>
<퀀툿퉀퐿푀휿흀/>
<豈錄鹿ﬀנּﭿﮀﯿ﴿/>
<︿﹀ﹿﺿﻀ＿｀ｿﾀﺀﷰ/>
<�/>

<𐀀𐄀𐄿𐌀𐌿𐍀𐎿𐏀𐒀/>
<𒀀𒀿𒁀𒉿𒊀𒐀𒐿𒒀𒒿/>
<𗀀𗀿𗁀𗇿𗈀𗗿𗘀𗢿𗣀𗿿/>
<𛀀𛃿𝀀𝀿𝁀𝄀𝄿𝈀𝈿𝌀𝌿/>
<𞸀🀀🀿🂿🄀🄿🚀/>

<力>
<א/>
<س/>
<अ/>
<அ/>
<அ/>
<𐍑/>
<🪐/>
<😀/>
</力>

<ÀÖØöøÿĀĿŀſƀƿǀǿƀƿǀǿȀȿɀɿʀʿˀ˿/>
<ͰͽͿ΀οπϿ/>
<ЀпрѿҠҀҿӀӿԀԿՀտրֿ׀׿/>

<؀ؿـٿڀڿۀۿ/>
<܀ܿ݀݀ݿ/>
<ހ޿ހ޿/>
<ࠀ࠿ࡀࢿࣀࣿऀिीॿ/>
<ঀিী৿/>
<౿ൿවවເༀཀ྿࿀/>
<ကႠᄀᅀᆿᇀᇿሀሿቀቿኀዀዿጀጿፀ/>
<ᚿᛀក/>
<ᢿᣀ᧿ᨀᨿᩀ᪀/>
<ᰀ᰿᱀ᲀᴀᴿᵀᵿᶀᶿḀḿṀṿẀếỀỿ/>
<ἀἿὀᾀ᾿῀/>
<a⁰ⁿ₀₿℀ℿ⅀ⅿↀ/>
<ⰀⰿⱀⱿⲀⲿⳀ⳿ⴀⴿⵀⶀⷀⷿ/>
<⸀⸿⹀⺀⺿⻀⼀⼿⽀⽿⾀⾿⿀/>
<、みむむみむダㄿㆿ㇀ㇿ㈀㈿㋿㌀㏿/>

<㐀㐿㗿㘀㛀㛿㟀㟿/>
<㠀㠿㡀㤿㥀㨿㩀㬿㭀㯿/>
<㰀㰿㱀㶿㷀㼿㽀㾿㿀㿿/>
<䀀䀿䅀䅿䆀䊿䋀䍿䎀䏿/>
<䐀䕿䖀䙿䚀䝿䞀䟿/>
<䠀䢿䣀䧿䨀䪿䫀䬿䭀䯿/>
<䰀䱿䲀䴿䵀䶿䷀䷿一丿乀伿佀便俀俿/>
<倀忿怀濿瀀翿耀迿退/>
<ꀀꑿꒀ꒿꓀꓿ꔀꙀꟿꩿꪀꬿꭀꯀ가꿿/>
<뀀뚿뛀밿뱀뿿/>
<쀀쐿쑀엿였쟿저쩿쪀쿿/>
<퀀툿퉀퐿푀휿흀/>
<豈錄鹿ﬀנּﭿﮀﯿ﴿/>
<︿﹀ﹿﺿﻀ＿｀ｿﾀﺀﷰ/>
<�/>

<𐀀𐄀𐄿𐌀𐌿𐍀𐎿𐏀𐒀/>
<𒀀𒀿𒁀𒉿𒊀𒐀𒐿𒒀𒒿/>
<𗀀𗀿𗁀𗇿𗈀𗗿𗘀𗢿𗣀𗿿/>
<𛀀𛃿𝀀𝀿𝁀𝄀𝄿𝈀𝈿𝌀𝌿/>
<𞸀🀀🀿🂿🄀🄿🚀/>

<力>
<א/>
<س/>
<अ/>
<அ/>
<அ/>
<𐍑/>
<🪐/>
<😀/>
</力>

<ÀÖØöøÿĀĿŀſƀƿǀǿƀƿǀǿȀȿɀɿʀʿˀ˿/>
<ͰͽͿ΀οπϿ/>
<ЀпрѿҠҀҿӀӿԀԿՀտրֿ׀׿/>

<؀ؿـٿڀڿۀۿ/>
<܀ܿ݀݀ݿ/>
<ހ޿ހ޿/>
<ࠀ࠿ࡀࢿࣀࣿऀिीॿ/>
<ঀিী৿/>
<౿ൿවවເༀཀ྿࿀/>
<ကႠᄀᅀᆿᇀᇿሀሿቀቿኀዀዿጀጿፀ/>
<ᚿᛀក/>
<ᢿᣀ᧿ᨀᨿᩀ᪀/>
<ᰀ᰿᱀ᲀᴀᴿᵀᵿᶀᶿḀḿṀṿẀếỀỿ/>
<ἀἿὀᾀ᾿῀/>
<a⁰ⁿ₀₿℀ℿ⅀ⅿↀ/>
<ⰀⰿⱀⱿⲀⲿⳀ⳿ⴀⴿⵀⶀⷀⷿ/>
<⸀⸿⹀⺀⺿⻀⼀⼿⽀⽿⾀⾿⿀/>
<、みむむみむダㄿㆿ㇀ㇿ㈀㈿㋿㌀㏿/>

<㐀㐿㗿㘀㛀㛿㟀㟿/>
<㠀㠿㡀㤿㥀㨿㩀㬿㭀㯿/>
<㰀㰿㱀㶿㷀㼿㽀㾿㿀㿿/>
<䀀䀿䅀䅿䆀䊿䋀䍿䎀䏿/>
<䐀䕿䖀䙿䚀䝿䞀䟿/>
<䠀䢿䣀䧿䨀䪿䫀䬿䭀䯿/>
<䰀䱿䲀䴿䵀䶿䷀䷿一丿乀伿佀便俀俿/>
<倀忿怀濿瀀翿耀迿退/>
<ꀀꑿꒀ꒿꓀꓿ꔀꙀꟿꩿꪀꬿꭀꯀ가꿿/>
<뀀뚿뛀밿뱀뿿/>
<쀀쐿쑀엿였쟿저쩿쪀쿿/>
<퀀툿퉀퐿푀휿흀/>
<豈錄鹿ﬀנּﭿﮀﯿ﴿/>
<︿﹀ﹿﺿﻀ＿｀ｿﾀﺀﷰ/>
<�/>

<𐀀𐄀𐄿𐌀𐌿𐍀𐎿𐏀𐒀/>
<𒀀𒀿𒁀𒉿𒊀𒐀𒐿𒒀𒒿/>
<𗀀𗀿𗁀𗇿𗈀𗗿𗘀𗢿𗣀𗿿/>
<𛀀𛃿𝀀𝀿𝁀𝄀𝄿𝈀𝈿𝌀𝌿/>
<𞸀🀀🀿🂿🄀🄿🚀/>

<力>
<א/>
<س/>
<अ/>
<அ/>
<அ/>
<𐍑/>
<🪐/>
<😀/>
</力>

<ÀÖØöøÿĀĿŀſƀƿǀǿƀƿǀǿȀȿɀɿʀʿˀ˿/>
<ͰͽͿ΀οπϿ/>
<ЀпрѿҠҀҿӀӿԀԿՀտրֿ׀׿/>

<؀ؿـٿڀڿۀۿ/>
<܀ܿ݀݀ݿ/>
<ހ޿ހ޿/>
<ࠀ࠿ࡀࢿࣀࣿऀिीॿ/>
<ঀিী৿/>
<౿ൿවවເༀཀ྿࿀/>
<ကႠᄀᅀᆿᇀᇿሀሿቀቿኀዀዿጀጿፀ/>
<ᚿᛀក/>
<ᢿᣀ᧿ᨀᨿᩀ᪀/>
<ᰀ᰿᱀ᲀᴀᴿᵀᵿᶀᶿḀḿṀṿẀếỀỿ/>
<ἀἿὀᾀ᾿῀/>
<a⁰ⁿ₀₿℀ℿ⅀ⅿↀ/>
<ⰀⰿⱀⱿⲀⲿⳀ⳿ⴀⴿⵀⶀⷀⷿ/>
<⸀⸿⹀⺀⺿⻀⼀⼿⽀⽿⾀⾿⿀/>
<、みむむみむダㄿㆿ㇀ㇿ㈀㈿㋿㌀㏿/>

<㐀㐿㗿㘀㛀㛿㟀㟿/>
<㠀㠿㡀㤿㥀㨿㩀㬿㭀㯿/>
<㰀㰿㱀㶿㷀㼿㽀㾿㿀㿿/>
<䀀䀿䅀䅿䆀䊿䋀䍿䎀䏿/>
<䐀䕿䖀䙿䚀䝿䞀䟿/>
<䠀䢿䣀䧿䨀䪿䫀䬿䭀䯿/>
<䰀䱿䲀䴿䵀䶿䷀䷿一丿乀伿佀便俀俿/>
<倀忿怀濿瀀翿耀迿退/>
<ꀀꑿꒀ꒿꓀꓿ꔀꙀꟿꩿꪀꬿꭀꯀ가꿿/>
<뀀뚿뛀밿뱀뿿/>
<쀀쐿쑀엿였쟿저쩿쪀쿿/>
<퀀툿퉀퐿푀휿흀/>
<豈錄鹿ﬀנּﭿﮀﯿ﴿/>
<︿﹀ﹿﺿﻀ＿｀ｿﾀﺀﷰ/>
<�/>

<𐀀𐄀𐄿𐌀𐌿𐍀𐎿𐏀𐒀/>
<𒀀𒀿𒁀𒉿𒊀𒐀𒐿𒒀𒒿/>
<𗀀𗀿𗁀𗇿𗈀𗗿𗘀𗢿𗣀𗿿/>
<𛀀𛃿𝀀𝀿𝁀𝄀𝄿𝈀𝈿𝌀𝌿/>
<𞸀🀀🀿🂿🄀🄿🚀/>

<力>
<א/>
<س/>
<अ/>
<அ/>
<அ/>
<𐍑/>
<🪐/>
<😀/>
</力>

<ÀÖØöøÿĀĿŀſƀƿǀǿƀƿǀǿȀȿɀɿʀʿˀ˿/>
<ͰͽͿ΀οπϿ/>
<ЀпрѿҠҀҿӀӿԀԿՀտրֿ׀׿/>

<؀ؿـٿڀڿۀۿ/>
<܀ܿ݀݀ݿ/>
<ހ޿ހ޿/>
<ࠀ࠿ࡀࢿࣀࣿऀिीॿ/>
<ঀিী৿/>
<౿ൿවවເༀཀ྿࿀/>
<ကႠᄀᅀᆿᇀᇿሀሿቀቿኀዀዿጀጿፀ/>
<ᚿᛀក/>
<ᢿᣀ᧿ᨀᨿᩀ᪀/>
<ᰀ᰿᱀ᲀᴀᴿᵀᵿᶀᶿḀḿṀṿẀếỀỿ/>
<ἀἿὀᾀ᾿῀/>
<a⁰ⁿ₀₿℀ℿ⅀ⅿↀ/>
<ⰀⰿⱀⱿⲀⲿⳀ⳿ⴀⴿⵀⶀⷀⷿ/>
<⸀⸿⹀⺀⺿⻀⼀⼿⽀⽿⾀⾿⿀/>
<、みむむみむダㄿㆿ㇀ㇿ㈀㈿㋿㌀㏿/>

<㐀㐿㗿㘀㛀㛿㟀㟿/>
<㠀㠿㡀㤿㥀㨿㩀㬿㭀㯿/>
<㰀㰿㱀㶿㷀㼿㽀㾿㿀㿿/>
<䀀䀿䅀䅿䆀䊿䋀䍿䎀䏿/>
<䐀䕿䖀䙿䚀䝿䞀䟿/>
<䠀䢿䣀䧿䨀䪿䫀䬿䭀䯿/>
<䰀䱿䲀䴿䵀䶿䷀䷿一丿乀伿佀便俀俿/>
<倀忿怀濿瀀翿耀迿退/>
<ꀀꑿꒀ꒿꓀꓿ꔀꙀꟿꩿꪀꬿꭀꯀ가꿿/>
<뀀뚿뛀밿뱀뿿/>
<쀀쐿쑀엿였쟿저쩿쪀쿿/>
<퀀툿퉀퐿푀휿흀/>
<豈錄鹿ﬀנּﭿﮀﯿ﴿/>
<︿﹀ﹿﺿﻀ＿｀ｿﾀﺀﷰ/>
<�/>

<𐀀𐄀𐄿𐌀𐌿𐍀𐎿𐏀𐒀/>
<𒀀𒀿𒁀𒉿𒊀𒐀𒐿𒒀𒒿/>
<𗀀𗀿𗁀𗇿𗈀𗗿𗘀𗢿𗣀𗿿/>
<𛀀𛃿𝀀𝀿𝁀𝄀𝄿𝈀𝈿𝌀𝌿/>
<𞸀🀀🀿🂿🄀🄿🚀/>

<力>
<א/>
<س/>
<अ/>
<அ/>
<அ/>
<𐍑/>
<🪐/>
<😀/>
</力>

<ÀÖØöøÿĀĿŀſƀƿǀǿƀƿǀǿȀȿɀɿʀʿˀ˿/>
<ͰͽͿ΀οπϿ/>
<ЀпрѿҠҀҿӀӿԀԿՀտրֿ׀׿/>

<؀ؿـٿڀڿۀۿ/>
<܀ܿ݀݀ݿ/>
<ހ޿ހ޿/>
<ࠀ࠿ࡀࢿࣀࣿऀिीॿ/>
<ঀিী৿/>
<౿ൿවවເༀཀ྿࿀/>
<ကႠᄀᅀᆿᇀᇿሀሿቀቿኀዀዿጀጿፀ/>
<ᚿᛀក/>
<ᢿᣀ᧿ᨀᨿᩀ᪀/>
<ᰀ᰿᱀ᲀᴀᴿᵀᵿᶀᶿḀḿṀṿẀếỀỿ/>
<ἀἿὀᾀ᾿῀/>
<a⁰ⁿ₀₿℀ℿ⅀ⅿↀ/>
<ⰀⰿⱀⱿⲀⲿⳀ⳿ⴀⴿⵀⶀⷀⷿ/>
<⸀⸿⹀⺀⺿⻀⼀⼿⽀⽿⾀⾿⿀/>
<、みむむみむダㄿㆿ㇀ㇿ㈀㈿㋿㌀㏿/>

<㐀㐿㗿㘀㛀㛿㟀㟿/>
<㠀㠿㡀㤿㥀㨿㩀㬿㭀㯿/>
<㰀㰿㱀㶿㷀㼿㽀㾿㿀㿿/>
<䀀䀿䅀䅿䆀䊿䋀䍿䎀䏿/>
<䐀䕿䖀䙿䚀䝿䞀䟿/>
<䠀䢿䣀䧿䨀䪿䫀䬿䭀䯿/>
<䰀䱿䲀䴿䵀䶿䷀䷿一丿乀伿佀便俀俿/>
<倀忿怀濿瀀翿耀迿退/>
<ꀀꑿꒀ꒿꓀꓿ꔀꙀꟿꩿꪀꬿꭀꯀ가꿿/>
<뀀뚿뛀밿뱀뿿/>
<쀀쐿쑀엿였쟿저쩿쪀쿿/>
<퀀툿퉀퐿푀휿흀/>
<豈錄鹿ﬀנּﭿﮀﯿ﴿/>
<︿﹀ﹿﺿﻀ＿｀ｿﾀﺀﷰ/>
<�/>

<𐀀𐄀𐄿𐌀𐌿𐍀𐎿𐏀𐒀/>
<𒀀𒀿𒁀𒉿𒊀𒐀𒐿𒒀𒒿/>
<𗀀𗀿𗁀𗇿𗈀𗗿𗘀𗢿𗣀𗿿/>
<𛀀𛃿𝀀𝀿𝁀𝄀𝄿𝈀𝈿𝌀𝌿/>
<𞸀🀀🀿🂿🄀🄿🚀/>

<力>
<א/>
<س/>
<अ/>
<அ/>
<அ/>
<𐍑/>
<🪐/>
<😀/>
</力>

<ÀÖØöøÿĀĿŀſƀƿǀǿƀƿǀǿȀȿɀɿʀʿˀ˿/>
<ͰͽͿ΀οπϿ/>
<ЀпрѿҠҀҿӀӿԀԿՀտրֿ׀׿/>

<؀ؿـٿڀڿۀۿ/>
<܀ܿ݀݀ݿ/>
<ހ޿ހ޿/>
<ࠀ࠿ࡀࢿࣀࣿऀिीॿ/>
<ঀিী৿/>
<౿ൿවවເༀཀ྿࿀/>
<ကႠᄀᅀᆿᇀᇿሀሿቀቿኀዀዿጀጿፀ/>
<ᚿᛀក/>
<ᢿᣀ᧿ᨀᨿᩀ᪀/>
<ᰀ᰿᱀ᲀᴀᴿᵀᵿᶀᶿḀḿṀṿẀếỀỿ/>
<ἀἿὀᾀ᾿῀/>
<a⁰ⁿ₀₿℀ℿ⅀ⅿↀ/>
<ⰀⰿⱀⱿⲀⲿⳀ⳿ⴀⴿⵀⶀⷀⷿ/>
<⸀⸿⹀⺀⺿⻀⼀⼿⽀⽿⾀⾿⿀/>
<、みむむみむダㄿㆿ㇀ㇿ㈀㈿㋿㌀㏿/>

<㐀㐿㗿㘀㛀㛿㟀㟿/>
<㠀㠿㡀㤿㥀㨿㩀㬿㭀㯿/>
<㰀㰿㱀㶿㷀㼿㽀㾿㿀㿿/>
<䀀䀿䅀䅿䆀䊿䋀䍿䎀䏿/>
<䐀䕿䖀䙿䚀䝿䞀䟿/>
<䠀䢿䣀䧿䨀䪿䫀䬿䭀䯿/>
<䰀䱿䲀䴿䵀䶿䷀䷿一丿乀伿佀便俀俿/>
<倀忿怀濿瀀翿耀迿退/>
<ꀀꑿꒀ꒿꓀꓿ꔀꙀꟿꩿꪀꬿꭀꯀ가꿿/>
<뀀뚿뛀밿뱀뿿/>
<쀀쐿쑀엿였쟿저쩿쪀쿿/>
<퀀툿퉀퐿푀휿흀/>
<豈錄鹿ﬀנּﭿﮀﯿ﴿/>
<︿﹀ﹿﺿﻀ＿｀ｿﾀﺀﷰ/>
<�/>

<𐀀𐄀𐄿𐌀𐌿𐍀𐎿𐏀𐒀/>
<𒀀𒀿𒁀𒉿𒊀𒐀𒐿𒒀𒒿/>
<𗀀𗀿𗁀𗇿𗈀𗗿𗘀𗢿𗣀𗿿/>
<𛀀𛃿𝀀𝀿𝁀𝄀𝄿𝈀𝈿𝌀𝌿/>
<𞸀🀀🀿🂿🄀🄿🚀/>

<力>
<א/>
<س/>
<अ/>
<அ/>
<அ/>
<𐍑/>
<🪐/>
<😀/>
</力>

<ÀÖØöøÿĀĿŀſƀƿǀǿƀƿǀǿȀȿɀɿʀʿˀ˿/>
<ͰͽͿ΀οπϿ/>
<ЀпрѿҠҀҿӀӿԀԿՀտրֿ׀׿/>

<؀ؿـٿڀڿۀۿ/>
<܀ܿ݀݀ݿ/>
<ހ޿ހ޿/>
<ࠀ࠿ࡀࢿࣀࣿऀिीॿ/>
<ঀিী৿/>
<౿ൿවවເༀཀ྿࿀/>
<ကႠᄀᅀᆿᇀᇿሀሿቀቿኀዀዿጀጿፀ/>
<ᚿᛀក/>
<ᢿᣀ᧿ᨀᨿᩀ᪀/>
<ᰀ᰿᱀ᲀᴀᴿᵀᵿᶀᶿḀḿṀṿẀếỀỿ/>
<ἀἿὀᾀ᾿῀/>
<a⁰ⁿ₀₿℀ℿ⅀ⅿↀ/>
<ⰀⰿⱀⱿⲀⲿⳀ⳿ⴀⴿⵀⶀⷀⷿ/>
<⸀⸿⹀⺀⺿⻀⼀⼿⽀⽿⾀⾿⿀/>
<、みむむみむダㄿㆿ㇀ㇿ㈀㈿㋿㌀㏿/>

<㐀㐿㗿㘀㛀㛿㟀㟿/>
<㠀㠿㡀㤿㥀㨿㩀㬿㭀㯿/>
<㰀㰿㱀㶿㷀㼿㽀㾿㿀㿿/>
<䀀䀿䅀䅿䆀䊿䋀䍿䎀䏿/>
<䐀䕿䖀䙿䚀䝿䞀䟿/>
<䠀䢿䣀䧿䨀䪿䫀䬿䭀䯿/>
<䰀䱿䲀䴿䵀䶿䷀䷿一丿乀伿佀便俀俿/>
<倀忿怀濿瀀翿耀迿退/>
<ꀀꑿꒀ꒿꓀꓿ꔀꙀꟿꩿꪀꬿꭀꯀ가꿿/>
<뀀뚿뛀밿뱀뿿/>
<쀀쐿쑀엿였쟿저쩿쪀쿿/>
<퀀툿퉀퐿푀휿흀/>
<豈錄鹿ﬀנּﭿﮀﯿ﴿/>
<︿﹀ﹿﺿﻀ＿｀ｿﾀﺀﷰ/>
<�/>

<𐀀𐄀𐄿𐌀𐌿𐍀𐎿𐏀𐒀/>
<𒀀𒀿𒁀𒉿𒊀𒐀𒐿𒒀𒒿/>
<𗀀𗀿𗁀𗇿𗈀𗗿𗘀𗢿𗣀𗿿/>
<𛀀𛃿𝀀𝀿𝁀𝄀𝄿𝈀𝈿𝌀𝌿/>
<𞸀🀀🀿🂿🄀🄿🚀/>

<力>
<א/>
<س/>
<अ/>
<அ/>
<அ/>
<𐍑/>
<🪐/>
<😀/>
</力>

<ÀÖØöøÿĀĿŀſƀƿǀǿƀƿǀǿȀȿɀɿʀʿˀ˿/>
<ͰͽͿ΀οπϿ/>
<ЀпрѿҠҀҿӀӿԀԿՀտրֿ׀׿/>

<؀ؿـٿڀڿۀۿ/>
<܀ܿ݀݀ݿ/>
<ހ޿ހ޿/>
<ࠀ࠿ࡀࢿࣀࣿऀिीॿ/>
<ঀিী৿/>
<౿ൿවවເༀཀ྿࿀/>
<ကႠᄀᅀᆿᇀᇿሀሿቀቿኀዀዿጀጿፀ/>
<ᚿᛀក/>
<ᢿᣀ᧿ᨀᨿᩀ᪀/>
<ᰀ᰿᱀ᲀᴀᴿᵀᵿᶀᶿḀḿṀṿẀếỀỿ/>
<ἀἿὀᾀ᾿῀/>
<a⁰ⁿ₀₿℀ℿ⅀ⅿↀ/>
<ⰀⰿⱀⱿⲀⲿⳀ⳿ⴀⴿⵀⶀⷀⷿ/>
<⸀⸿⹀⺀⺿⻀⼀⼿⽀⽿⾀⾿⿀/>
<、みむむみむダㄿㆿ㇀ㇿ㈀㈿㋿㌀㏿/>

<㐀㐿㗿㘀㛀㛿㟀㟿/>
<㠀㠿㡀㤿㥀㨿㩀㬿㭀㯿/>
<㰀㰿㱀㶿㷀㼿㽀㾿㿀㿿/>
<䀀䀿䅀䅿䆀䊿䋀䍿䎀䏿/>
<䐀䕿䖀䙿䚀䝿䞀䟿/>
<䠀䢿䣀䧿䨀䪿䫀䬿䭀䯿/>
<䰀䱿䲀䴿䵀䶿䷀䷿一丿乀伿佀便俀俿/>
<倀忿怀濿瀀翿耀迿退/>
<ꀀꑿꒀ꒿꓀꓿ꔀꙀꟿꩿꪀꬿꭀꯀ가꿿/>
<뀀뚿뛀밿뱀뿿/>
<쀀쐿쑀엿였쟿저쩿쪀쿿/>
<퀀툿퉀퐿푀휿흀/>
<豈錄鹿ﬀנּﭿﮀﯿ﴿/>
<︿﹀ﹿﺿﻀ＿｀ｿﾀﺀﷰ/>
<�/>

<𐀀𐄀𐄿𐌀𐌿𐍀𐎿𐏀𐒀/>
<𒀀𒀿𒁀𒉿𒊀𒐀𒐿𒒀𒒿/>
<𗀀𗀿𗁀𗇿𗈀𗗿𗘀𗢿𗣀𗿿/>
<𛀀𛃿𝀀𝀿𝁀𝄀𝄿𝈀𝈿𝌀𝌿/>
<𞸀🀀🀿🂿🄀🄿🚀/>

<力>
<א/>
<س/>
<अ/>
<அ/>
<அ/>
<𐍑/>
<🪐/>
<😀/>
</力>

<ÀÖØöøÿĀĿŀſƀƿǀǿƀƿǀǿȀȿɀɿʀʿˀ˿/>
<ͰͽͿ΀οπϿ/>
<ЀпрѿҠҀҿӀӿԀԿՀտրֿ׀׿/>

<؀ؿـٿڀڿۀۿ/>
<܀ܿ݀݀ݿ/>
<ހ޿ހ޿/>
<ࠀ࠿ࡀࢿࣀࣿऀिीॿ/>
<ঀিী৿/>
<౿ൿවවເༀཀ྿࿀/>
<ကႠᄀᅀᆿᇀᇿሀሿቀቿኀዀዿጀጿፀ/>
<ᚿᛀក/>
<ᢿᣀ᧿ᨀᨿᩀ᪀/>
<ᰀ᰿᱀ᲀᴀᴿᵀᵿᶀᶿḀḿṀṿẀếỀỿ/>
<ἀἿὀᾀ᾿῀/>
<a⁰ⁿ₀₿℀ℿ⅀ⅿↀ/>
<ⰀⰿⱀⱿⲀⲿⳀ⳿ⴀⴿⵀⶀⷀⷿ/>
<⸀⸿⹀⺀⺿⻀⼀⼿⽀⽿⾀⾿⿀/>
<、みむむみむダㄿㆿ㇀ㇿ㈀㈿㋿㌀㏿/>

<㐀㐿㗿㘀㛀㛿㟀㟿/>
<㠀㠿㡀㤿㥀㨿㩀㬿㭀㯿/>
<㰀㰿㱀㶿㷀㼿㽀㾿㿀㿿/>
<䀀䀿䅀䅿䆀䊿䋀䍿䎀䏿/>
<䐀䕿䖀䙿䚀䝿䞀䟿/>
<䠀䢿䣀䧿䨀䪿䫀䬿䭀䯿/>
<䰀䱿䲀䴿䵀䶿䷀䷿一丿乀伿佀便俀俿/>
<倀忿怀濿瀀翿耀迿退/>
<ꀀꑿꒀ꒿꓀꓿ꔀꙀꟿꩿꪀꬿꭀꯀ가꿿/>
<뀀뚿뛀밿뱀뿿/>
<쀀쐿쑀엿였쟿저쩿쪀쿿/>
<퀀툿퉀퐿푀휿흀/>
<豈錄鹿ﬀנּﭿﮀﯿ﴿/>
<︿﹀ﹿﺿﻀ＿｀ｿﾀﺀﷰ/>
<�/>

<𐀀𐄀𐄿𐌀𐌿𐍀𐎿𐏀𐒀/>
<𒀀𒀿𒁀𒉿𒊀𒐀𒐿𒒀𒒿/>
<𗀀𗀿𗁀𗇿𗈀𗗿𗘀𗢿𗣀𗿿/>
<𛀀𛃿𝀀𝀿𝁀𝄀𝄿𝈀𝈿𝌀𝌿/>
<𞸀🀀🀿🂿🄀🄿🚀/>

<力>
<א/>
<س/>
<अ/>
<அ/>
<அ/>
<𐍑/>
<🪐/>
<😀/>
</力>

<ÀÖØöøÿĀĿŀſƀƿǀǿƀƿǀǿȀȿɀɿʀʿˀ˿/>
<ͰͽͿ΀οπϿ/>
<ЀпрѿҠҀҿӀӿԀԿՀտրֿ׀׿/>

<؀ؿـٿڀڿۀۿ/>
<܀ܿ݀݀ݿ/>
<ހ޿ހ޿/>
<ࠀ࠿ࡀࢿࣀࣿऀिीॿ/>
<ঀিী৿/>
<౿ൿවවເༀཀ྿࿀/>
<ကႠᄀᅀᆿᇀᇿሀሿቀቿኀዀዿጀጿፀ/>
<ᚿᛀក/>
<ᢿᣀ᧿ᨀᨿᩀ᪀/>
<ᰀ᰿᱀ᲀᴀᴿᵀᵿᶀᶿḀḿṀṿẀếỀỿ/>
<ἀἿὀᾀ᾿῀/>
<a⁰ⁿ₀₿℀ℿ⅀ⅿↀ/>
<ⰀⰿⱀⱿⲀⲿⳀ⳿ⴀⴿⵀⶀⷀⷿ/>
<⸀⸿⹀⺀⺿⻀⼀⼿⽀⽿⾀⾿⿀/>
<、みむむみむダㄿㆿ㇀ㇿ㈀㈿㋿㌀㏿/>

<㐀㐿㗿㘀㛀㛿㟀㟿/>
<㠀㠿㡀㤿㥀㨿㩀㬿㭀㯿/>
<㰀㰿㱀㶿㷀㼿㽀㾿㿀㿿/>
<䀀䀿䅀䅿䆀䊿䋀䍿䎀䏿/>
<䐀䕿䖀䙿䚀䝿䞀䟿/>
<䠀䢿䣀䧿䨀䪿䫀䬿䭀䯿/>
<䰀䱿䲀䴿䵀䶿䷀䷿一丿乀伿佀便俀俿/>
<倀忿怀濿瀀翿耀迿退/>
<ꀀꑿꒀ꒿꓀꓿ꔀꙀꟿꩿꪀꬿꭀꯀ가꿿/>
<뀀뚿뛀밿뱀뿿/>
<쀀쐿쑀엿였쟿저쩿쪀쿿/>
<퀀툿퉀퐿푀휿흀/>
<豈錄鹿ﬀנּﭿﮀﯿ﴿/>
<︿﹀ﹿﺿﻀ＿｀ｿﾀﺀﷰ/>
<�/>

<𐀀𐄀𐄿𐌀𐌿𐍀𐎿𐏀𐒀/>
<𒀀𒀿𒁀𒉿𒊀𒐀𒐿𒒀𒒿/>
<𗀀𗀿𗁀𗇿𗈀𗗿𗘀𗢿𗣀𗿿/>
<𛀀𛃿𝀀𝀿𝁀𝄀𝄿𝈀𝈿𝌀𝌿/>
<𞸀🀀🀿🂿🄀🄿🚀/>

<力>
<א/>
<س/>
<अ/>
<அ/>
<அ/>
<𐍑/>
<🪐/>
<😀/>
</力>

<ÀÖØöøÿĀĿŀſƀƿǀǿƀƿǀǿȀȿɀɿʀʿˀ˿/>
<ͰͽͿ΀οπϿ/>
<ЀпрѿҠҀҿӀӿԀԿՀտրֿ׀׿/>

<؀ؿـٿڀڿۀۿ/>
<܀ܿ݀݀ݿ/>
<ހ޿ހ޿/>
<ࠀ࠿ࡀࢿࣀࣿऀिीॿ/>
<ঀিী৿/>
<౿ൿවවເༀཀ྿࿀/>
<ကႠᄀᅀᆿᇀᇿሀሿቀቿኀዀዿጀጿፀ/>
<ᚿᛀក/>
<ᢿᣀ᧿ᨀᨿᩀ᪀/>
<ᰀ᰿᱀ᲀᴀᴿᵀᵿᶀᶿḀḿṀṿẀếỀỿ/>
<ἀἿὀᾀ᾿῀/>
<a⁰ⁿ₀₿℀ℿ⅀ⅿↀ/>
<ⰀⰿⱀⱿⲀⲿⳀ⳿ⴀⴿⵀⶀⷀⷿ/>
<⸀⸿⹀⺀⺿⻀⼀⼿⽀⽿⾀⾿⿀/>
<、みむむみむダㄿㆿ㇀ㇿ㈀㈿㋿㌀㏿/>

<㐀㐿㗿㘀㛀㛿㟀㟿/>
<㠀㠿㡀㤿㥀㨿㩀㬿㭀㯿/>
<㰀㰿㱀㶿㷀㼿㽀㾿㿀㿿/>
<䀀䀿䅀䅿䆀䊿䋀䍿䎀䏿/>
<䐀䕿䖀䙿䚀䝿䞀䟿/>
<䠀䢿䣀䧿䨀䪿䫀䬿䭀䯿/>
<䰀䱿䲀䴿䵀䶿䷀䷿一丿乀伿佀便俀俿/>
<倀忿怀濿瀀翿耀迿退/>
<ꀀꑿꒀ꒿꓀꓿ꔀꙀꟿꩿꪀꬿꭀꯀ가꿿/>
<뀀뚿뛀밿뱀뿿/>
<쀀쐿쑀엿였쟿저쩿쪀쿿/>
<퀀툿퉀퐿푀휿흀/>
<豈錄鹿ﬀנּﭿﮀﯿ﴿/>
<︿﹀ﹿﺿﻀ＿｀ｿﾀﺀﷰ/>
<�/>

<𐀀𐄀𐄿𐌀𐌿𐍀𐎿𐏀𐒀/>
<𒀀𒀿𒁀𒉿𒊀𒐀𒐿𒒀𒒿/>
<𗀀𗀿𗁀𗇿𗈀𗗿𗘀𗢿𗣀𗿿/>
<𛀀𛃿𝀀𝀿𝁀𝄀𝄿𝈀𝈿𝌀𝌿/>
<𞸀🀀🀿🂿🄀🄿🚀/>

<力>
<א/>
<س/>
<अ/>
<அ/>
<அ/>
<𐍑/>
<🪐/>
<😀/>
</力>

<ÀÖØöøÿĀĿŀſƀƿǀǿƀƿǀǿȀȿɀɿʀʿˀ˿/>
<ͰͽͿ΀οπϿ/>
<ЀпрѿҠҀҿӀӿԀԿՀտրֿ׀׿/>

<؀ؿـٿڀڿۀۿ/>
<܀ܿ݀݀ݿ/>
<ހ޿ހ޿/>
<ࠀ࠿ࡀࢿࣀࣿऀिीॿ/>
<ঀিী৿/>
<౿ൿවවເༀཀ྿࿀/>
<ကႠᄀᅀᆿᇀᇿሀሿቀቿኀዀዿጀጿፀ/>
<ᚿᛀក/>
<ᢿᣀ᧿ᨀᨿᩀ᪀/>
<ᰀ᰿᱀ᲀᴀᴿᵀᵿᶀᶿḀḿṀṿẀếỀỿ/>
<ἀἿὀᾀ᾿῀/>
<a⁰ⁿ₀₿℀ℿ⅀ⅿↀ/>
<ⰀⰿⱀⱿⲀⲿⳀ⳿ⴀⴿⵀⶀⷀⷿ/>
<⸀⸿⹀⺀⺿⻀⼀⼿⽀⽿⾀⾿⿀/>
<、みむむみむダㄿㆿ㇀ㇿ㈀㈿㋿㌀㏿/>

<㐀㐿㗿㘀㛀㛿㟀㟿/>
<㠀㠿㡀㤿㥀㨿㩀㬿㭀㯿/>
<㰀㰿㱀㶿㷀㼿㽀㾿㿀㿿/>
<䀀䀿䅀䅿䆀䊿䋀䍿䎀䏿/>
<䐀䕿䖀䙿䚀䝿䞀䟿/>
<䠀䢿䣀䧿䨀䪿䫀䬿䭀䯿/>
<䰀䱿䲀䴿䵀䶿䷀䷿一丿乀伿佀便俀俿/>
<倀忿怀濿瀀翿耀迿退/>
<ꀀꑿꒀ꒿꓀꓿ꔀꙀꟿꩿꪀꬿꭀꯀ가꿿/>
<뀀뚿뛀밿뱀뿿/>
<쀀쐿쑀엿였쟿저쩿쪀쿿/>
<퀀툿퉀퐿푀휿흀/>
<豈錄鹿ﬀנּﭿﮀﯿ﴿/>
<︿﹀ﹿﺿﻀ＿｀ｿﾀﺀﷰ/>
<�/>

<𐀀𐄀𐄿𐌀𐌿𐍀𐎿𐏀𐒀/>
<𒀀𒀿𒁀𒉿𒊀𒐀𒐿𒒀𒒿/>
<𗀀𗀿𗁀𗇿𗈀𗗿𗘀𗢿𗣀𗿿/>
<𛀀𛃿𝀀𝀿𝁀𝄀𝄿𝈀𝈿𝌀𝌿/>
<𞸀🀀🀿🂿🄀🄿🚀/>

<力>
<א/>
<س/>
<अ/>
<அ/>
<அ/>
<𐍑/>
<🪐/>
<😀/>
</力>

<ÀÖØöøÿĀĿŀſƀƿǀǿƀƿǀǿȀȿɀɿʀʿˀ˿/>
<ͰͽͿ΀οπϿ/>
<ЀпрѿҠҀҿӀӿԀԿՀտրֿ׀׿/>

<؀ؿـٿڀڿۀۿ/>
<܀ܿ݀݀ݿ/>
<ހ޿ހ޿/>
<ࠀ࠿ࡀࢿࣀࣿऀिीॿ/>
<ঀিী৿/>
<౿ൿවවເༀཀ྿࿀/>
<ကႠᄀᅀᆿᇀᇿሀሿቀቿኀዀዿጀጿፀ/>
<ᚿᛀក/>
<ᢿᣀ᧿ᨀᨿᩀ᪀/>
<ᰀ᰿᱀ᲀᴀᴿᵀᵿᶀᶿḀḿṀṿẀếỀỿ/>
<ἀἿὀᾀ᾿῀/>
<a⁰ⁿ₀₿℀ℿ⅀ⅿↀ/>
<ⰀⰿⱀⱿⲀⲿⳀ⳿ⴀⴿⵀⶀⷀⷿ/>
<⸀⸿⹀⺀⺿⻀⼀⼿⽀⽿⾀⾿⿀/>
<、みむむみむダㄿㆿ㇀ㇿ㈀㈿㋿㌀㏿/>

<㐀㐿㗿㘀㛀㛿㟀㟿/>
<㠀㠿㡀㤿㥀㨿㩀㬿㭀㯿/>
<㰀㰿㱀㶿㷀㼿㽀㾿㿀㿿/>
<䀀䀿䅀䅿䆀䊿䋀䍿䎀䏿/>
<䐀䕿䖀䙿䚀䝿䞀䟿/>
<䠀䢿䣀䧿䨀䪿䫀䬿䭀䯿/>
<䰀䱿䲀䴿䵀䶿䷀䷿一丿乀伿佀便俀俿/>
<倀忿怀濿瀀翿耀迿退/>
<ꀀꑿꒀ꒿꓀꓿ꔀꙀꟿꩿꪀꬿꭀꯀ가꿿/>
<뀀뚿뛀밿뱀뿿/>
<쀀쐿쑀엿였쟿저쩿쪀쿿/>
<퀀툿퉀퐿푀휿흀/>
<豈錄鹿ﬀנּﭿﮀﯿ﴿/>
<︿﹀ﹿﺿﻀ＿｀ｿﾀﺀﷰ/>
<�/>

<𐀀𐄀𐄿𐌀𐌿𐍀𐎿𐏀𐒀/>
<𒀀𒀿𒁀𒉿𒊀𒐀𒐿𒒀𒒿/>
<𗀀𗀿𗁀𗇿𗈀𗗿𗘀𗢿𗣀𗿿/>
<𛀀𛃿𝀀𝀿𝁀𝄀𝄿𝈀𝈿𝌀𝌿/>
<𞸀🀀🀿🂿🄀🄿🚀/>

<力>
<א/>
<س/>
<अ/>
<அ/>
<அ/>
<𐍑/>
<🪐/>
<😀/>
</力>

<ÀÖØöøÿĀĿŀſƀƿǀǿƀƿǀǿȀȿɀɿʀʿˀ˿/>
<ͰͽͿ΀οπϿ/>
<ЀпрѿҠҀҿӀӿԀԿՀտրֿ׀׿/>

<؀ؿـٿڀڿۀۿ/>
<܀ܿ݀݀ݿ/>
<ހ޿ހ޿/>
<ࠀ࠿ࡀࢿࣀࣿऀिीॿ/>
<ঀিী৿/>
<౿ൿවවເༀཀ྿࿀/>
<ကႠᄀᅀᆿᇀᇿሀሿቀቿኀዀዿጀጿፀ/>
<ᚿᛀក/>
<ᢿᣀ᧿ᨀᨿᩀ᪀/>
<ᰀ᰿᱀ᲀᴀᴿᵀᵿᶀᶿḀḿṀṿẀếỀỿ/>
<ἀἿὀᾀ᾿῀/>
<a⁰ⁿ₀₿℀ℿ⅀ⅿↀ/>
<ⰀⰿⱀⱿⲀⲿⳀ⳿ⴀⴿⵀⶀⷀⷿ/>
<⸀⸿⹀⺀⺿⻀⼀⼿⽀⽿⾀⾿⿀/>
<、みむむみむダㄿㆿ㇀ㇿ㈀㈿㋿㌀㏿/>

<㐀㐿㗿㘀㛀㛿㟀㟿/>
<㠀㠿㡀㤿㥀㨿㩀㬿㭀㯿/>
<㰀㰿㱀㶿㷀㼿㽀㾿㿀㿿/>
<䀀䀿䅀䅿䆀䊿䋀䍿䎀䏿/>
<䐀䕿䖀䙿䚀䝿䞀䟿/>
<䠀䢿䣀䧿䨀䪿䫀䬿䭀䯿/>
<䰀䱿䲀䴿䵀䶿䷀䷿一丿乀伿佀便俀俿/>
<倀忿怀濿瀀翿耀迿退/>
<ꀀꑿꒀ꒿꓀꓿ꔀꙀꟿꩿꪀꬿꭀꯀ가꿿/>
<뀀뚿뛀밿뱀뿿/>
<쀀쐿쑀엿였쟿저쩿쪀쿿/>
<퀀툿퉀퐿푀휿흀/>
<豈錄鹿ﬀנּﭿﮀﯿ﴿/>
<︿﹀ﹿﺿﻀ＿｀ｿﾀﺀﷰ/>
<�/>

<𐀀𐄀𐄿𐌀𐌿𐍀𐎿𐏀𐒀/>
<𒀀𒀿𒁀𒉿𒊀𒐀𒐿𒒀𒒿/>
<𗀀𗀿𗁀𗇿𗈀𗗿𗘀𗢿𗣀𗿿/>
<𛀀𛃿𝀀𝀿𝁀𝄀𝄿𝈀𝈿𝌀𝌿/>
<𞸀🀀🀿🂿🄀🄿🚀/>

<力>
<א/>
<س/>
<अ/>
<அ/>
<அ/>
<𐍑/>
<🪐/>
<😀/>
</力>

<ÀÖØöøÿĀĿŀſƀƿǀǿƀƿǀǿȀȿɀɿʀʿˀ˿/>
<ͰͽͿ΀οπϿ/>
<ЀпрѿҠҀҿӀӿԀԿՀտրֿ׀׿/>

<؀ؿـٿڀڿۀۿ/>
<܀ܿ݀݀ݿ/>
<ހ޿ހ޿/>
<ࠀ࠿ࡀࢿࣀࣿऀिीॿ/>
<ঀিী৿/>
<౿ൿවවເༀཀ྿࿀/>
<ကႠᄀᅀᆿᇀᇿሀሿቀቿኀዀዿጀጿፀ/>
<ᚿᛀក/>
<ᢿᣀ᧿ᨀᨿᩀ᪀/>
<ᰀ᰿᱀ᲀᴀᴿᵀᵿᶀᶿḀḿṀṿẀếỀỿ/>
<ἀἿὀᾀ᾿῀/>
<a⁰ⁿ₀₿℀ℿ⅀ⅿↀ/>
<ⰀⰿⱀⱿⲀⲿⳀ⳿ⴀⴿⵀⶀⷀⷿ/>
<⸀⸿⹀⺀⺿⻀⼀⼿⽀⽿⾀⾿⿀/>
<、みむむみむダㄿㆿ㇀ㇿ㈀㈿㋿㌀㏿/>

<㐀㐿㗿㘀㛀㛿㟀㟿/>
<㠀㠿㡀㤿㥀㨿㩀㬿㭀㯿/>
<㰀㰿㱀㶿㷀㼿㽀㾿㿀㿿/>
<䀀䀿䅀䅿䆀䊿䋀䍿䎀䏿/>
<䐀䕿䖀䙿䚀䝿䞀䟿/>
<䠀䢿䣀䧿䨀䪿䫀䬿䭀䯿/>
<䰀䱿䲀䴿䵀䶿䷀䷿一丿乀伿佀便俀俿/>
<倀忿怀濿瀀翿耀迿退/>
<ꀀꑿꒀ꒿꓀꓿ꔀꙀꟿꩿꪀꬿꭀꯀ가꿿/>
<뀀뚿뛀밿뱀뿿/>
<쀀쐿쑀엿였쟿저쩿쪀쿿/>
<퀀툿퉀퐿푀휿흀/>
<豈錄鹿ﬀנּﭿﮀﯿ﴿/>
<︿﹀ﹿﺿﻀ＿｀ｿﾀﺀﷰ/>
<�/>

<𐀀𐄀𐄿𐌀𐌿𐍀𐎿𐏀𐒀/>
<𒀀𒀿𒁀𒉿𒊀𒐀𒐿𒒀𒒿/>
<𗀀𗀿𗁀𗇿𗈀𗗿𗘀𗢿𗣀𗿿/>
<𛀀𛃿𝀀𝀿𝁀𝄀𝄿𝈀𝈿𝌀𝌿/>
<𞸀🀀🀿🂿🄀🄿🚀/>

<力>
<א/>
<س/>
<अ/>
<அ/>
<அ/>
<𐍑/>
<🪐/>
<😀/>
</力>

<ÀÖØöøÿĀĿŀſƀƿǀǿƀƿǀǿȀȿɀɿʀʿˀ˿/>
<ͰͽͿ΀οπϿ/>
<ЀпрѿҠҀҿӀӿԀԿՀտրֿ׀׿/>

<؀ؿـٿڀڿۀۿ/>
<܀ܿ݀݀ݿ/>
<ހ޿ހ޿/>
<ࠀ࠿ࡀࢿࣀࣿऀिीॿ/>
<ঀিী৿/>
<౿ൿවවເༀཀ྿࿀/>
<ကႠᄀᅀᆿᇀᇿሀሿቀቿኀዀዿጀጿፀ/>
<ᚿᛀក/>
<ᢿᣀ᧿ᨀᨿᩀ᪀/>
<ᰀ᰿᱀ᲀᴀᴿᵀᵿᶀᶿḀḿṀṿẀếỀỿ/>
<ἀἿὀᾀ᾿῀/>
<a⁰ⁿ₀₿℀ℿ⅀ⅿↀ/>
<ⰀⰿⱀⱿⲀⲿⳀ⳿ⴀⴿⵀⶀⷀⷿ/>
<⸀⸿⹀⺀⺿⻀⼀⼿⽀⽿⾀⾿⿀/>
<、みむむみむダㄿㆿ㇀ㇿ㈀㈿㋿㌀㏿/>

<㐀㐿㗿㘀㛀㛿㟀㟿/>
<㠀㠿㡀㤿㥀㨿㩀㬿㭀㯿/>
<㰀㰿㱀㶿㷀㼿㽀㾿㿀㿿/>
<䀀䀿䅀䅿䆀䊿䋀䍿䎀䏿/>
<䐀䕿䖀䙿䚀䝿䞀䟿/>
<䠀䢿䣀䧿䨀䪿䫀䬿䭀䯿/>
<䰀䱿䲀䴿䵀䶿䷀䷿一丿乀伿佀便俀俿/>
<倀忿怀濿瀀翿耀迿退/>
<ꀀꑿꒀ꒿꓀꓿ꔀꙀꟿꩿꪀꬿꭀꯀ가꿿/>
<뀀뚿뛀밿뱀뿿/>
<쀀쐿쑀엿였쟿저쩿쪀쿿/>
<퀀툿퉀퐿푀휿흀/>
<豈錄鹿ﬀנּﭿﮀﯿ﴿/>
<︿﹀ﹿﺿﻀ＿｀ｿﾀﺀﷰ/>
<�/>

<𐀀𐄀𐄿𐌀𐌿𐍀𐎿𐏀𐒀/>
<𒀀𒀿𒁀𒉿𒊀𒐀𒐿𒒀𒒿/>
<𗀀𗀿𗁀𗇿𗈀𗗿𗘀𗢿𗣀𗿿/>
<𛀀𛃿𝀀𝀿𝁀𝄀𝄿𝈀𝈿𝌀𝌿/>
<𞸀🀀🀿🂿🄀🄿🚀/>

<力>
<א/>
<س/>
<अ/>
<அ/>
<அ/>
<𐍑/>
<🪐/>
<😀/>
</力>

<ÀÖØöøÿĀĿŀſƀƿǀǿƀƿǀǿȀȿɀɿʀʿˀ˿/>
<ͰͽͿ΀οπϿ/>
<ЀпрѿҠҀҿӀӿԀԿՀտրֿ׀׿/>

<؀ؿـٿڀڿۀۿ/>
<܀ܿ݀݀ݿ/>
<ހ޿ހ޿/>
<ࠀ࠿ࡀࢿࣀࣿऀिीॿ/>
<ঀিী৿/>
<౿ൿවවເༀཀ྿࿀/>
<ကႠᄀᅀᆿᇀᇿሀሿቀቿኀዀዿጀጿፀ/>
<ᚿᛀក/>
<ᢿᣀ᧿ᨀᨿᩀ᪀/>
<ᰀ᰿᱀ᲀᴀᴿᵀᵿᶀᶿḀḿṀṿẀếỀỿ/>
<ἀἿὀᾀ᾿῀/>
<a⁰ⁿ₀₿℀ℿ⅀ⅿↀ/>
<ⰀⰿⱀⱿⲀⲿⳀ⳿ⴀⴿⵀⶀⷀⷿ/>
<⸀⸿⹀⺀⺿⻀⼀⼿⽀⽿⾀⾿⿀/>
<、みむむみむダㄿㆿ㇀ㇿ㈀㈿㋿㌀㏿/>

<㐀㐿㗿㘀㛀㛿㟀㟿/>
<㠀㠿㡀㤿㥀㨿㩀㬿㭀㯿/>
<㰀㰿㱀㶿㷀㼿㽀㾿㿀㿿/>
<䀀䀿䅀䅿䆀䊿䋀䍿䎀䏿/>
<䐀䕿䖀䙿䚀䝿䞀䟿/>
<䠀䢿䣀䧿䨀䪿䫀䬿䭀䯿/>
<䰀䱿䲀䴿䵀䶿䷀䷿一丿乀伿佀便俀俿/>
<倀忿怀濿瀀翿耀迿退/>
<ꀀꑿꒀ꒿꓀꓿ꔀꙀꟿꩿꪀꬿꭀꯀ가꿿/>
<뀀뚿뛀밿뱀뿿/>
<쀀쐿쑀엿였쟿저쩿쪀쿿/>
<퀀툿퉀퐿푀휿흀/>
<豈錄鹿ﬀנּﭿﮀﯿ﴿/>
<︿﹀ﹿﺿﻀ＿｀ｿﾀﺀﷰ/>
<�/>

<𐀀𐄀𐄿𐌀𐌿𐍀𐎿𐏀𐒀/>
<𒀀𒀿𒁀𒉿𒊀𒐀𒐿𒒀𒒿/>
<𗀀𗀿𗁀𗇿𗈀𗗿𗘀𗢿𗣀𗿿/>
<𛀀𛃿𝀀𝀿𝁀𝄀𝄿𝈀𝈿𝌀𝌿/>
<𞸀🀀🀿🂿🄀🄿🚀/>

<力>
<א/>
<س/>
<अ/>
<அ/>
<அ/>
<𐍑/>
<🪐/>
<😀/>
</力>

<ÀÖØöøÿĀĿŀſƀƿǀǿƀƿǀǿȀȿɀɿʀʿˀ˿/>
<ͰͽͿ΀οπϿ/>
<ЀпрѿҠҀҿӀӿԀԿՀտրֿ׀׿/>

<؀ؿـٿڀڿۀۿ/>
<܀ܿ݀݀ݿ/>
<ހ޿ހ޿/>
<ࠀ࠿ࡀࢿࣀࣿऀिीॿ/>
<ঀিী৿/>
<౿ൿවවເༀཀ྿࿀/>
<ကႠᄀᅀᆿᇀᇿሀሿቀቿኀዀዿጀጿፀ/>
<ᚿᛀក/>
<ᢿᣀ᧿ᨀᨿᩀ᪀/>
<ᰀ᰿᱀ᲀᴀᴿᵀᵿᶀᶿḀḿṀṿẀếỀỿ/>
<ἀἿὀᾀ᾿῀/>
<a⁰ⁿ₀₿℀ℿ⅀ⅿↀ/>
<ⰀⰿⱀⱿⲀⲿⳀ⳿ⴀⴿⵀⶀⷀⷿ/>
<⸀⸿⹀⺀⺿⻀⼀⼿⽀⽿⾀⾿⿀/>
<、みむむみむダㄿㆿ㇀ㇿ㈀㈿㋿㌀㏿/>

<㐀㐿㗿㘀㛀㛿㟀㟿/>
<㠀㠿㡀㤿㥀㨿㩀㬿㭀㯿/>
<㰀㰿㱀㶿㷀㼿㽀㾿㿀㿿/>
<䀀䀿䅀䅿䆀䊿䋀䍿䎀䏿/>
<䐀䕿䖀䙿䚀䝿䞀䟿/>
<䠀䢿䣀䧿䨀䪿䫀䬿䭀䯿/>
<䰀䱿䲀䴿䵀䶿䷀䷿一丿乀伿佀便俀俿/>
<倀忿怀濿瀀翿耀迿退/>
<ꀀꑿꒀ꒿꓀꓿ꔀꙀꟿꩿꪀꬿꭀꯀ가꿿/>
<뀀뚿뛀밿뱀뿿/>
<쀀쐿쑀엿였쟿저쩿쪀쿿/>
<퀀툿퉀퐿푀휿흀/>
<豈錄鹿ﬀנּﭿﮀﯿ﴿/>
<︿﹀ﹿﺿﻀ＿｀ｿﾀﺀﷰ/>
<�/>

<𐀀𐄀𐄿𐌀𐌿𐍀𐎿𐏀𐒀/>
<𒀀𒀿𒁀𒉿𒊀𒐀𒐿𒒀𒒿/>
<𗀀𗀿𗁀𗇿𗈀𗗿𗘀𗢿𗣀𗿿/>
<𛀀𛃿𝀀𝀿𝁀𝄀𝄿𝈀𝈿𝌀𝌿/>
<𞸀🀀🀿🂿🄀🄿🚀/>

<力>
<א/>
<س/>
<अ/>
<அ/>
<அ/>
<𐍑/>
<🪐/>
<😀/>
</力>

<ÀÖØöøÿĀĿŀſƀƿǀǿƀƿǀǿȀȿɀɿʀʿˀ˿/>
<ͰͽͿ΀οπϿ/>
<ЀпрѿҠҀҿӀӿԀԿՀտրֿ׀׿/>

<؀ؿـٿڀڿۀۿ/>
<܀ܿ݀݀ݿ/>
<ހ޿ހ޿/>
<ࠀ࠿ࡀࢿࣀࣿऀिीॿ/>
<ঀিী৿/>
<౿ൿවවເༀཀ྿࿀/>
<ကႠᄀᅀᆿᇀᇿሀሿቀቿኀዀዿጀጿፀ/>
<ᚿᛀក/>
<ᢿᣀ᧿ᨀᨿᩀ᪀/>
<ᰀ᰿᱀ᲀᴀᴿᵀᵿᶀᶿḀḿṀṿẀếỀỿ/>
<ἀἿὀᾀ᾿῀/>
<a⁰ⁿ₀₿℀ℿ⅀ⅿↀ/>
<ⰀⰿⱀⱿⲀⲿⳀ⳿ⴀⴿⵀⶀⷀⷿ/>
<⸀⸿⹀⺀⺿⻀⼀⼿⽀⽿⾀⾿⿀/>
<、みむむみむダㄿㆿ㇀ㇿ㈀㈿㋿㌀㏿/>

<㐀㐿㗿㘀㛀㛿㟀㟿/>
<㠀㠿㡀㤿㥀㨿㩀㬿㭀㯿/>
<㰀㰿㱀㶿㷀㼿㽀㾿㿀㿿/>
<䀀䀿䅀䅿䆀䊿䋀䍿䎀䏿/>
<䐀䕿䖀䙿䚀䝿䞀䟿/>
<䠀䢿䣀䧿䨀䪿䫀䬿䭀䯿/>
<䰀䱿䲀䴿䵀䶿䷀䷿一丿乀伿佀便俀俿/>
<倀忿怀濿瀀翿耀迿退/>
<ꀀꑿꒀ꒿꓀꓿ꔀꙀꟿꩿꪀꬿꭀꯀ가꿿/>
<뀀뚿뛀밿뱀뿿/>
<쀀쐿쑀엿였쟿저쩿쪀쿿/>
<퀀툿퉀퐿푀휿흀/>
<豈錄鹿ﬀנּﭿﮀﯿ﴿/>
<︿﹀ﹿﺿﻀ＿｀ｿﾀﺀﷰ/>
<�/>

<𐀀𐄀𐄿𐌀𐌿𐍀𐎿𐏀𐒀/>
<𒀀𒀿𒁀𒉿𒊀𒐀𒐿𒒀𒒿/>
<𗀀𗀿𗁀𗇿𗈀𗗿𗘀𗢿𗣀𗿿/>
<𛀀𛃿𝀀𝀿𝁀𝄀𝄿𝈀𝈿𝌀𝌿/>
<𞸀🀀🀿🂿🄀🄿🚀/>

<力>
<א/>
<س/>
<अ/>
<அ/>
<அ/>
<𐍑/>
<🪐/>
<😀/>
</力>

<ÀÖØöøÿĀĿŀſƀƿǀǿƀƿǀǿȀȿɀɿʀʿˀ˿/>
<ͰͽͿ΀οπϿ/>
<ЀпрѿҠҀҿӀӿԀԿՀտրֿ׀׿/>

<؀ؿـٿڀڿۀۿ/>
<܀ܿ݀݀ݿ/>
<ހ޿ހ޿/>
<ࠀ࠿ࡀࢿࣀࣿऀिीॿ/>
<ঀিী৿/>
<౿ൿවවເༀཀ྿࿀/>
<ကႠᄀᅀᆿᇀᇿሀሿቀቿኀዀዿጀጿፀ/>
<ᚿᛀក/>
<ᢿᣀ᧿ᨀᨿᩀ᪀/>
<ᰀ᰿᱀ᲀᴀᴿᵀᵿᶀᶿḀḿṀṿẀếỀỿ/>
<ἀἿὀᾀ᾿῀/>
<a⁰ⁿ₀₿℀ℿ⅀ⅿↀ/>
<ⰀⰿⱀⱿⲀⲿⳀ⳿ⴀⴿⵀⶀⷀⷿ/>
<⸀⸿⹀⺀⺿⻀⼀⼿⽀⽿⾀⾿⿀/>
<、みむむみむダㄿㆿ㇀ㇿ㈀㈿㋿㌀㏿/>

<㐀㐿㗿㘀㛀㛿㟀㟿/>
<㠀㠿㡀㤿㥀㨿㩀㬿㭀㯿/>
<㰀㰿㱀㶿㷀㼿㽀㾿㿀㿿/>
<䀀䀿䅀䅿䆀䊿䋀䍿䎀䏿/>
<䐀䕿䖀䙿䚀䝿䞀䟿/>
<䠀䢿䣀䧿䨀䪿䫀䬿䭀䯿/>
<䰀䱿䲀䴿䵀䶿䷀䷿一丿乀伿佀便俀俿/>
<倀忿怀濿瀀翿耀迿退/>
<ꀀꑿꒀ꒿꓀꓿ꔀꙀꟿꩿꪀꬿꭀꯀ가꿿/>
<뀀뚿뛀밿뱀뿿/>
<쀀쐿쑀엿였쟿저쩿쪀쿿/>
<퀀툿퉀퐿푀휿흀/>
<豈錄鹿ﬀנּﭿﮀﯿ﴿/>
<︿﹀ﹿﺿﻀ＿｀ｿﾀﺀﷰ/>
<�/>

<𐀀𐄀𐄿𐌀𐌿𐍀𐎿𐏀𐒀/>
<𒀀𒀿𒁀𒉿𒊀𒐀𒐿𒒀𒒿/>
<𗀀𗀿𗁀𗇿𗈀𗗿𗘀𗢿𗣀𗿿/>
<𛀀𛃿𝀀𝀿𝁀𝄀𝄿𝈀𝈿𝌀𝌿/>
<𞸀🀀🀿🂿🄀🄿🚀/>

<力>
<א/>
<س/>
<अ/>
<அ/>
<அ/>
<𐍑/>
<🪐/>
<😀/>
</力>

<ÀÖØöøÿĀĿŀſƀƿǀǿƀƿǀǿȀȿɀɿʀʿˀ˿/>
<ͰͽͿ΀οπϿ/>
<ЀпрѿҠҀҿӀӿԀԿՀտրֿ׀׿/>

<؀ؿـٿڀڿۀۿ/>
<܀ܿ݀݀ݿ/>
<ހ޿ހ޿/>
<ࠀ࠿ࡀࢿࣀࣿऀिीॿ/>
<ঀিী৿/>
<౿ൿවවເༀཀ྿࿀/>
<ကႠᄀᅀᆿᇀᇿሀሿቀቿኀዀዿጀጿፀ/>
<ᚿᛀក/>
<ᢿᣀ᧿ᨀᨿᩀ᪀/>
<ᰀ᰿᱀ᲀᴀᴿᵀᵿᶀᶿḀḿṀṿẀếỀỿ/>
<ἀἿὀᾀ᾿῀/>
<a⁰ⁿ₀₿℀ℿ⅀ⅿↀ/>
<ⰀⰿⱀⱿⲀⲿⳀ⳿ⴀⴿⵀⶀⷀⷿ/>
<⸀⸿⹀⺀⺿⻀⼀⼿⽀⽿⾀⾿⿀/>
<、みむむみむダㄿㆿ㇀ㇿ㈀㈿㋿㌀㏿/>

<㐀㐿㗿㘀㛀㛿㟀㟿/>
<㠀㠿㡀㤿㥀㨿㩀㬿㭀㯿/>
<㰀㰿㱀㶿㷀㼿㽀㾿㿀㿿/>
<䀀䀿䅀䅿䆀䊿䋀䍿䎀䏿/>
<䐀䕿䖀䙿䚀䝿䞀䟿/>
<䠀䢿䣀䧿䨀䪿䫀䬿䭀䯿/>
<䰀䱿䲀䴿䵀䶿䷀䷿一丿乀伿佀便俀俿/>
<倀忿怀濿瀀翿耀迿退/>
<ꀀꑿꒀ꒿꓀꓿ꔀꙀꟿꩿꪀꬿꭀꯀ가꿿/>
<뀀뚿뛀밿뱀뿿/>
<쀀쐿쑀엿였쟿저쩿쪀쿿/>
<퀀툿퉀퐿푀휿흀/>
<豈錄鹿ﬀנּﭿﮀﯿ﴿/>
<︿﹀ﹿﺿﻀ＿｀ｿﾀﺀﷰ/>
<�/>

<𐀀𐄀𐄿𐌀𐌿𐍀𐎿𐏀𐒀/>
<𒀀𒀿𒁀𒉿𒊀𒐀𒐿𒒀𒒿/>
<𗀀𗀿𗁀𗇿𗈀𗗿𗘀𗢿𗣀𗿿/>
<𛀀𛃿𝀀𝀿𝁀𝄀𝄿𝈀𝈿𝌀𝌿/>
<𞸀🀀🀿🂿🄀🄿🚀/>

<力>
<א/>
<س/>
<अ/>
<அ/>
<அ/>
<𐍑/>
<🪐/>
<😀/>
</力>

<ÀÖØöøÿĀĿŀſƀƿǀǿƀƿǀǿȀȿɀɿʀʿˀ˿/>
<ͰͽͿ΀οπϿ/>
<ЀпрѿҠҀҿӀӿԀԿՀտրֿ׀׿/>

<؀ؿـٿڀڿۀۿ/>
<܀ܿ݀݀ݿ/>
<ހ޿ހ޿/>
<ࠀ࠿ࡀࢿࣀࣿऀिीॿ/>
<ঀিী৿/>
<౿ൿවවເༀཀ྿࿀/>
<ကႠᄀᅀᆿᇀᇿሀሿቀቿኀዀዿጀጿፀ/>
<ᚿᛀក/>
<ᢿᣀ᧿ᨀᨿᩀ᪀/>
<ᰀ᰿᱀ᲀᴀᴿᵀᵿᶀᶿḀḿṀṿẀếỀỿ/>
<ἀἿὀᾀ᾿῀/>
<a⁰ⁿ₀₿℀ℿ⅀ⅿↀ/>
<ⰀⰿⱀⱿⲀⲿⳀ⳿ⴀⴿⵀⶀⷀⷿ/>
<⸀⸿⹀⺀⺿⻀⼀⼿⽀⽿⾀⾿⿀/>
<、みむむみむダㄿㆿ㇀ㇿ㈀㈿㋿㌀㏿/>

<㐀㐿㗿㘀㛀㛿㟀㟿/>
<㠀㠿㡀㤿㥀㨿㩀㬿㭀㯿/>
<㰀㰿㱀㶿㷀㼿㽀㾿㿀㿿/>
<䀀䀿䅀䅿䆀䊿䋀䍿䎀䏿/>
<䐀䕿䖀䙿䚀䝿䞀䟿/>
<䠀䢿䣀䧿䨀䪿䫀䬿䭀䯿/>
<䰀䱿䲀䴿䵀䶿䷀䷿一丿乀伿佀便俀俿/>
<倀忿怀濿瀀翿耀迿退/>
<ꀀꑿꒀ꒿꓀꓿ꔀꙀꟿꩿꪀꬿꭀꯀ가꿿/>
<뀀뚿뛀밿뱀뿿/>
<쀀쐿쑀엿였쟿저쩿쪀쿿/>
<퀀툿퉀퐿푀휿흀/>
<豈錄鹿ﬀנּﭿﮀﯿ﴿/>
<︿﹀ﹿﺿﻀ＿｀ｿﾀﺀﷰ/>
<�/>

<𐀀𐄀𐄿𐌀𐌿𐍀𐎿𐏀𐒀/>
<𒀀𒀿𒁀𒉿𒊀𒐀𒐿𒒀𒒿/>
<𗀀𗀿𗁀𗇿𗈀𗗿𗘀𗢿𗣀𗿿/>
<𛀀𛃿𝀀𝀿𝁀𝄀𝄿𝈀𝈿𝌀𝌿/>
<𞸀🀀🀿🂿🄀🄿🚀/>

<力>
<א/>
<س/>
<अ/>
<அ/>
<அ/>
<𐍑/>
<🪐/>
<😀/>
</力>

<ÀÖØöøÿĀĿŀſƀƿǀǿƀƿǀǿȀȿɀɿʀʿˀ˿/>
<ͰͽͿ΀οπϿ/>
<ЀпрѿҠҀҿӀӿԀԿՀտրֿ׀׿/>

<؀ؿـٿڀڿۀۿ/>
<܀ܿ݀݀ݿ/>
<ހ޿ހ޿/>
<ࠀ࠿ࡀࢿࣀࣿऀिीॿ/>
<ঀিী৿/>
<౿ൿවවເༀཀ྿࿀/>
<ကႠᄀᅀᆿᇀᇿሀሿቀቿኀዀዿጀጿፀ/>
<ᚿᛀក/>
<ᢿᣀ᧿ᨀᨿᩀ᪀/>
<ᰀ᰿᱀ᲀᴀᴿᵀᵿᶀᶿḀḿṀṿẀếỀỿ/>
<ἀἿὀᾀ᾿῀/>
<a⁰ⁿ₀₿℀ℿ⅀ⅿↀ/>
<ⰀⰿⱀⱿⲀⲿⳀ⳿ⴀⴿⵀⶀⷀⷿ/>
<⸀⸿⹀⺀⺿⻀⼀⼿⽀⽿⾀⾿⿀/>
<、みむむみむダㄿㆿ㇀ㇿ㈀㈿㋿㌀㏿/>

<㐀㐿㗿㘀㛀㛿㟀㟿/>
<㠀㠿㡀㤿㥀㨿㩀㬿㭀㯿/>
<㰀㰿㱀㶿㷀㼿㽀㾿㿀㿿/>
<䀀䀿䅀䅿䆀䊿䋀䍿䎀䏿/>
<䐀䕿䖀䙿䚀䝿䞀䟿/>
<䠀䢿䣀䧿䨀䪿䫀䬿䭀䯿/>
<䰀䱿䲀䴿䵀䶿䷀䷿一丿乀伿佀便俀俿/>
<倀忿怀濿瀀翿耀迿退/>
<ꀀꑿꒀ꒿꓀꓿ꔀꙀꟿꩿꪀꬿꭀꯀ가꿿/>
<뀀뚿뛀밿뱀뿿/>
<쀀쐿쑀엿였쟿저쩿쪀쿿/>
<퀀툿퉀퐿푀휿흀/>
<豈錄鹿ﬀנּﭿﮀﯿ﴿/>
<︿﹀ﹿﺿﻀ＿｀ｿﾀﺀﷰ/>
<�/>

<𐀀𐄀𐄿𐌀𐌿𐍀𐎿𐏀𐒀/>
<𒀀𒀿𒁀𒉿𒊀𒐀𒐿𒒀𒒿/>
<𗀀𗀿𗁀𗇿𗈀𗗿𗘀𗢿𗣀𗿿/>
<𛀀𛃿𝀀𝀿𝁀𝄀𝄿𝈀𝈿𝌀𝌿/>
<𞸀🀀🀿🂿🄀🄿🚀/>

<力>
<א/>
<س/>
<अ/>
<அ/>
<அ/>
<𐍑/>
<🪐/>
<😀/>
</力>

<ÀÖØöøÿĀĿŀſƀƿǀǿƀƿǀǿȀȿɀɿʀʿˀ˿/>
<ͰͽͿ΀οπϿ/>
<ЀпрѿҠҀҿӀӿԀԿՀտրֿ׀׿/>

<؀ؿـٿڀڿۀۿ/>
<܀ܿ݀݀ݿ/>
<ހ޿ހ޿/>
<ࠀ࠿ࡀࢿࣀࣿऀिीॿ/>
<ঀিী৿/>
<౿ൿවවເༀཀ྿࿀/>
<ကႠᄀᅀᆿᇀᇿሀሿቀቿኀዀዿጀጿፀ/>
<ᚿᛀក/>
<ᢿᣀ᧿ᨀᨿᩀ᪀/>
<ᰀ᰿᱀ᲀᴀᴿᵀᵿᶀᶿḀḿṀṿẀếỀỿ/>
<ἀἿὀᾀ᾿῀/>
<a⁰ⁿ₀₿℀ℿ⅀ⅿↀ/>
<ⰀⰿⱀⱿⲀⲿⳀ⳿ⴀⴿⵀⶀⷀⷿ/>
<⸀⸿⹀⺀⺿⻀⼀⼿⽀⽿⾀⾿⿀/>
<、みむむみむダㄿㆿ㇀ㇿ㈀㈿㋿㌀㏿/>

<㐀㐿㗿㘀㛀㛿㟀㟿/>
<㠀㠿㡀㤿㥀㨿㩀㬿㭀㯿/>
<㰀㰿㱀㶿㷀㼿㽀㾿㿀㿿/>
<䀀䀿䅀䅿䆀䊿䋀䍿䎀䏿/>
<䐀䕿䖀䙿䚀䝿䞀䟿/>
<䠀䢿䣀䧿䨀䪿䫀䬿䭀䯿/>
<䰀䱿䲀䴿䵀䶿䷀䷿一丿乀伿佀便俀俿/>
<倀忿怀濿瀀翿耀迿退/>
<ꀀꑿꒀ꒿꓀꓿ꔀꙀꟿꩿꪀꬿꭀꯀ가꿿/>
<뀀뚿뛀밿뱀뿿/>
<쀀쐿쑀엿였쟿저쩿쪀쿿/>
<퀀툿퉀퐿푀휿흀/>
<豈錄鹿ﬀנּﭿﮀﯿ﴿/>
<︿﹀ﹿﺿﻀ＿｀ｿﾀﺀﷰ/>
<�/>

<𐀀𐄀𐄿𐌀𐌿𐍀𐎿𐏀𐒀/>
<𒀀𒀿𒁀𒉿𒊀𒐀𒐿𒒀𒒿/>
<𗀀𗀿𗁀𗇿𗈀𗗿𗘀𗢿𗣀𗿿/>
<𛀀𛃿𝀀𝀿𝁀𝄀𝄿𝈀𝈿𝌀𝌿/>
<𞸀🀀🀿🂿🄀🄿🚀/>

<力>
<א/>
<س/>
<अ/>
<அ/>
<அ/>
<𐍑/>
<🪐/>
<😀/>
</力>

<ÀÖØöøÿĀĿŀſƀƿǀǿƀƿǀǿȀȿɀɿʀʿˀ˿/>
<ͰͽͿ΀οπϿ/>
<ЀпрѿҠҀҿӀӿԀԿՀտրֿ׀׿/>

<؀ؿـٿڀڿۀۿ/>
<܀ܿ݀݀ݿ/>
<ހ޿ހ޿/>
<ࠀ࠿ࡀࢿࣀࣿऀिीॿ/>
<ঀিী৿/>
<౿ൿවවເༀཀ྿࿀/>
<ကႠᄀᅀᆿᇀᇿሀሿቀቿኀዀዿጀጿፀ/>
<ᚿᛀក/>
<ᢿᣀ᧿ᨀᨿᩀ᪀/>
<ᰀ᰿᱀ᲀᴀᴿᵀᵿᶀᶿḀḿṀṿẀếỀỿ/>
<ἀἿὀᾀ᾿῀/>
<a⁰ⁿ₀₿℀ℿ⅀ⅿↀ/>
<ⰀⰿⱀⱿⲀⲿⳀ⳿ⴀⴿⵀⶀⷀⷿ/>
<⸀⸿⹀⺀⺿⻀⼀⼿⽀⽿⾀⾿⿀/>
<、みむむみむダㄿㆿ㇀ㇿ㈀㈿㋿㌀㏿/>

<㐀㐿㗿㘀㛀㛿㟀㟿/>
<㠀㠿㡀㤿㥀㨿㩀㬿㭀㯿/>
<㰀㰿㱀㶿㷀㼿㽀㾿㿀㿿/>
<䀀䀿䅀䅿䆀䊿䋀䍿䎀䏿/>
<䐀䕿䖀䙿䚀䝿䞀䟿/>
<䠀䢿䣀䧿䨀䪿䫀䬿䭀䯿/>
<䰀䱿䲀䴿䵀䶿䷀䷿一丿乀伿佀便俀俿/>
<倀忿怀濿瀀翿耀迿退/>
<ꀀꑿꒀ꒿꓀꓿ꔀꙀꟿꩿꪀꬿꭀꯀ가꿿/>
<뀀뚿뛀밿뱀뿿/>
<쀀쐿쑀엿였쟿저쩿쪀쿿/>
<퀀툿퉀퐿푀휿흀/>
<豈錄鹿ﬀנּﭿﮀﯿ﴿/>
<︿﹀ﹿﺿﻀ＿｀ｿﾀﺀﷰ/>
<�/>

<𐀀𐄀𐄿𐌀𐌿𐍀𐎿𐏀𐒀/>
<𒀀𒀿𒁀𒉿𒊀𒐀𒐿𒒀𒒿/>
<𗀀𗀿𗁀𗇿𗈀𗗿𗘀𗢿𗣀𗿿/>
<𛀀𛃿𝀀𝀿𝁀𝄀𝄿𝈀𝈿𝌀𝌿/>
<𞸀🀀🀿🂿🄀🄿🚀/>

<力>
<א/>
<س/>
<अ/>
<அ/>
<அ/>
<𐍑/>
<🪐/>
<😀/>
</力>

<ÀÖØöøÿĀĿŀſƀƿǀǿƀƿǀǿȀȿɀɿʀʿˀ˿/>
<ͰͽͿ΀οπϿ/>
<ЀпрѿҠҀҿӀӿԀԿՀտրֿ׀׿/>

<؀ؿـٿڀڿۀۿ/>
<܀ܿ݀݀ݿ/>
<ހ޿ހ޿/>
<ࠀ࠿ࡀࢿࣀࣿऀिीॿ/>
<ঀিী৿/>
<౿ൿවවເༀཀ྿࿀/>
<ကႠᄀᅀᆿᇀᇿሀሿቀቿኀዀዿጀጿፀ/>
<ᚿᛀក/>
<ᢿᣀ᧿ᨀᨿᩀ᪀/>
<ᰀ᰿᱀ᲀᴀᴿᵀᵿᶀᶿḀḿṀṿẀếỀỿ/>
<ἀἿὀᾀ᾿῀/>
<a⁰ⁿ₀₿℀ℿ⅀ⅿↀ/>
<ⰀⰿⱀⱿⲀⲿⳀ⳿ⴀⴿⵀⶀⷀⷿ/>
<⸀⸿⹀⺀⺿⻀⼀⼿⽀⽿⾀⾿⿀/>
<、みむむみむダㄿㆿ㇀ㇿ㈀㈿㋿㌀㏿/>

<㐀㐿㗿㘀㛀㛿㟀㟿/>
<㠀㠿㡀㤿㥀㨿㩀㬿㭀㯿/>
<㰀㰿㱀㶿㷀㼿㽀㾿㿀㿿/>
<䀀䀿䅀䅿䆀䊿䋀䍿䎀䏿/>
<䐀䕿䖀䙿䚀䝿䞀䟿/>
<䠀䢿䣀䧿䨀䪿䫀䬿䭀䯿/>
<䰀䱿䲀䴿䵀䶿䷀䷿一丿乀伿佀便俀俿/>
<倀忿怀濿瀀翿耀迿退/>
<ꀀꑿꒀ꒿꓀꓿ꔀꙀꟿꩿꪀꬿꭀꯀ가꿿/>
<뀀뚿뛀밿뱀뿿/>
<쀀쐿쑀엿였쟿저쩿쪀쿿/>
<퀀툿퉀퐿푀휿흀/>
<豈錄鹿ﬀנּﭿﮀﯿ﴿/>
<︿﹀ﹿﺿﻀ＿｀ｿﾀﺀﷰ/>
<�/>

<𐀀𐄀𐄿𐌀𐌿𐍀𐎿𐏀𐒀/>
<𒀀𒀿𒁀𒉿𒊀𒐀𒐿𒒀𒒿/>
<𗀀𗀿𗁀𗇿𗈀𗗿𗘀𗢿𗣀𗿿/>
<𛀀𛃿𝀀𝀿𝁀𝄀𝄿𝈀𝈿𝌀𝌿/>
<𞸀🀀🀿🂿🄀🄿🚀/>

<力>
<א/>
<س/>
<अ/>
<அ/>
<அ/>
<𐍑/>
<🪐/>
<😀/>
</力>

<ÀÖØöøÿĀĿŀſƀƿǀǿƀƿǀǿȀȿɀɿʀʿˀ˿/>
<ͰͽͿ΀οπϿ/>
<ЀпрѿҠҀҿӀӿԀԿՀտրֿ׀׿/>

<؀ؿـٿڀڿۀۿ/>
<܀ܿ݀݀ݿ/>
<ހ޿ހ޿/>
<ࠀ࠿ࡀࢿࣀࣿऀिीॿ/>
<ঀিী৿/>
<౿ൿවවເༀཀ྿࿀/>
<ကႠᄀᅀᆿᇀᇿሀሿቀቿኀዀዿጀጿፀ/>
<ᚿᛀក/>
<ᢿᣀ᧿ᨀᨿᩀ᪀/>
<ᰀ᰿᱀ᲀᴀᴿᵀᵿᶀᶿḀḿṀṿẀếỀỿ/>
<ἀἿὀᾀ᾿῀/>
<a⁰ⁿ₀₿℀ℿ⅀ⅿↀ/>
<ⰀⰿⱀⱿⲀⲿⳀ⳿ⴀⴿⵀⶀⷀⷿ/>
<⸀⸿⹀⺀⺿⻀⼀⼿⽀⽿⾀⾿⿀/>
<、みむむみむダㄿㆿ㇀ㇿ㈀㈿㋿㌀㏿/>

<㐀㐿㗿㘀㛀㛿㟀㟿/>
<㠀㠿㡀㤿㥀㨿㩀㬿㭀㯿/>
<㰀㰿㱀㶿㷀㼿㽀㾿㿀㿿/>
<䀀䀿䅀䅿䆀䊿䋀䍿䎀䏿/>
<䐀䕿䖀䙿䚀䝿䞀䟿/>
<䠀䢿䣀䧿䨀䪿䫀䬿䭀䯿/>
<䰀䱿䲀䴿䵀䶿䷀䷿一丿乀伿佀便俀俿/>
<倀忿怀濿瀀翿耀迿退/>
<ꀀꑿꒀ꒿꓀꓿ꔀꙀꟿꩿꪀꬿꭀꯀ가꿿/>
<뀀뚿뛀밿뱀뿿/>
<쀀쐿쑀엿였쟿저쩿쪀쿿/>
<퀀툿퉀퐿푀휿흀/>
<豈錄鹿ﬀנּﭿﮀﯿ﴿/>
<︿﹀ﹿﺿﻀ＿｀ｿﾀﺀﷰ/>
<�/>

<𐀀𐄀𐄿𐌀𐌿𐍀𐎿𐏀𐒀/>
<𒀀𒀿𒁀𒉿𒊀𒐀𒐿𒒀𒒿/>
<𗀀𗀿𗁀𗇿𗈀𗗿𗘀𗢿𗣀𗿿/>
<𛀀𛃿𝀀𝀿𝁀𝄀𝄿𝈀𝈿𝌀𝌿/>
<𞸀🀀🀿🂿🄀🄿🚀/>

<力>
<א/>
<س/>
<अ/>
<அ/>
<அ/>
<𐍑/>
<🪐/>
<😀/>
</力>

<ÀÖØöøÿĀĿŀſƀƿǀǿƀƿǀǿȀȿɀɿʀʿˀ˿/>
<ͰͽͿ΀οπϿ/>
<ЀпрѿҠҀҿӀӿԀԿՀտրֿ׀׿/>

<؀ؿـٿڀڿۀۿ/>
<܀ܿ݀݀ݿ/>
<ހ޿ހ޿/>
<ࠀ࠿ࡀࢿࣀࣿऀिीॿ/>
<ঀিী৿/>
<౿ൿවවເༀཀ྿࿀/>
<ကႠᄀᅀᆿᇀᇿሀሿቀቿኀዀዿጀጿፀ/>
<ᚿᛀក/>
<ᢿᣀ᧿ᨀᨿᩀ᪀/>
<ᰀ᰿᱀ᲀᴀᴿᵀᵿᶀᶿḀḿṀṿẀếỀỿ/>
<ἀἿὀᾀ᾿῀/>
<a⁰ⁿ₀₿℀ℿ⅀ⅿↀ/>
<ⰀⰿⱀⱿⲀⲿⳀ⳿ⴀⴿⵀⶀⷀⷿ/>
<⸀⸿⹀⺀⺿⻀⼀⼿⽀⽿⾀⾿⿀/>
<、みむむみむダㄿㆿ㇀ㇿ㈀㈿㋿㌀㏿/>

<㐀㐿㗿㘀㛀㛿㟀㟿/>
<㠀㠿㡀㤿㥀㨿㩀㬿㭀㯿/>
<㰀㰿㱀㶿㷀㼿㽀㾿㿀㿿/>
<䀀䀿䅀䅿䆀䊿䋀䍿䎀䏿/>
<䐀䕿䖀䙿䚀䝿䞀䟿/>
<䠀䢿䣀䧿䨀䪿䫀䬿䭀䯿/>
<䰀䱿䲀䴿䵀䶿䷀䷿一丿乀伿佀便俀俿/>
<倀忿怀濿瀀翿耀迿退/>
<ꀀꑿꒀ꒿꓀꓿ꔀꙀꟿꩿꪀꬿꭀꯀ가꿿/>
<뀀뚿뛀밿뱀뿿/>
<쀀쐿쑀엿였쟿저쩿쪀쿿/>
<퀀툿퉀퐿푀휿흀/>
<豈錄鹿ﬀנּﭿﮀﯿ﴿/>
<︿﹀ﹿﺿﻀ＿｀ｿﾀﺀﷰ/>
<�/>

<𐀀𐄀𐄿𐌀𐌿𐍀𐎿𐏀𐒀/>
<𒀀𒀿𒁀𒉿𒊀𒐀𒐿𒒀𒒿/>
<𗀀𗀿𗁀𗇿𗈀𗗿𗘀𗢿𗣀𗿿/>
<𛀀𛃿𝀀𝀿𝁀𝄀𝄿𝈀𝈿𝌀𝌿/>
<𞸀🀀🀿🂿🄀🄿🚀/>

<力>
<א/>
<س/>
<अ/>
<அ/>
<அ/>
<𐍑/>
<🪐/>
<😀/>
</力>

<ÀÖØöøÿĀĿŀſƀƿǀǿƀƿǀǿȀȿɀɿʀʿˀ˿/>
<ͰͽͿ΀οπϿ/>
<ЀпрѿҠҀҿӀӿԀԿՀտրֿ׀׿/>

<؀ؿـٿڀڿۀۿ/>
<܀ܿ݀݀ݿ/>
<ހ޿ހ޿/>
<ࠀ࠿ࡀࢿࣀࣿऀिीॿ/>
<ঀিী৿/>
<౿ൿවවເༀཀ྿࿀/>
<ကႠᄀᅀᆿᇀᇿሀሿቀቿኀዀዿጀጿፀ/>
<ᚿᛀក/>
<ᢿᣀ᧿ᨀᨿᩀ᪀/>
<ᰀ᰿᱀ᲀᴀᴿᵀᵿᶀᶿḀḿṀṿẀếỀỿ/>
<ἀἿὀᾀ᾿῀/>
<a⁰ⁿ₀₿℀ℿ⅀ⅿↀ/>
<ⰀⰿⱀⱿⲀⲿⳀ⳿ⴀⴿⵀⶀⷀⷿ/>
<⸀⸿⹀⺀⺿⻀⼀⼿⽀⽿⾀⾿⿀/>
<、みむむみむダㄿㆿ㇀ㇿ㈀㈿㋿㌀㏿/>

<㐀㐿㗿㘀㛀㛿㟀㟿/>
<㠀㠿㡀㤿㥀㨿㩀㬿㭀㯿/>
<㰀㰿㱀㶿㷀㼿㽀㾿㿀㿿/>
<䀀䀿䅀䅿䆀䊿䋀䍿䎀䏿/>
<䐀䕿䖀䙿䚀䝿䞀䟿/>
<䠀䢿䣀䧿䨀䪿䫀䬿䭀䯿/>
<䰀䱿䲀䴿䵀䶿䷀䷿一丿乀伿佀便俀俿/>
<倀忿怀濿瀀翿耀迿退/>
<ꀀꑿꒀ꒿꓀꓿ꔀꙀꟿꩿꪀꬿꭀꯀ가꿿/>
<뀀뚿뛀밿뱀뿿/>
<쀀쐿쑀엿였쟿저쩿쪀쿿/>
<퀀툿퉀퐿푀휿흀/>
<豈錄鹿ﬀנּﭿﮀﯿ﴿/>
<︿﹀ﹿﺿﻀ＿｀ｿﾀﺀﷰ/>
<�/>

<𐀀𐄀𐄿𐌀𐌿𐍀𐎿𐏀𐒀/>
<𒀀𒀿𒁀𒉿𒊀𒐀𒐿𒒀𒒿/>
<𗀀𗀿𗁀𗇿𗈀𗗿𗘀𗢿𗣀𗿿/>
<𛀀𛃿𝀀𝀿𝁀𝄀𝄿𝈀𝈿𝌀𝌿/>
<𞸀🀀🀿🂿🄀🄿🚀/>

<力>
<א/>
<س/>
<अ/>
<அ/>
<அ/>
<𐍑/>
<🪐/>
<😀/>
</力>

<ÀÖØöøÿĀĿŀſƀƿǀǿƀƿǀǿȀȿɀɿʀʿˀ˿/>
<ͰͽͿ΀οπϿ/>
<ЀпрѿҠҀҿӀӿԀԿՀտրֿ׀׿/>

<؀ؿـٿڀڿۀۿ/>
<܀ܿ݀݀ݿ/>
<ހ޿ހ޿/>
<ࠀ࠿ࡀࢿࣀࣿऀिीॿ/>
<ঀিী৿/>
<౿ൿවවເༀཀ྿࿀/>
<ကႠᄀᅀᆿᇀᇿሀሿቀቿኀዀዿጀጿፀ/>
<ᚿᛀក/>
<ᢿᣀ᧿ᨀᨿᩀ᪀/>
<ᰀ᰿᱀ᲀᴀᴿᵀᵿᶀᶿḀḿṀṿẀếỀỿ/>
<ἀἿὀᾀ᾿῀/>
<a⁰ⁿ₀₿℀ℿ⅀ⅿↀ/>
<ⰀⰿⱀⱿⲀⲿⳀ⳿ⴀⴿⵀⶀⷀⷿ/>
<⸀⸿⹀⺀⺿⻀⼀⼿⽀⽿⾀⾿⿀/>
<、みむむみむダㄿㆿ㇀ㇿ㈀㈿㋿㌀㏿/>

<㐀㐿㗿㘀㛀㛿㟀㟿/>
<㠀㠿㡀㤿㥀㨿㩀㬿㭀㯿/>
<㰀㰿㱀㶿㷀㼿㽀㾿㿀㿿/>
<䀀䀿䅀䅿䆀䊿䋀䍿䎀䏿/>
<䐀䕿䖀䙿䚀䝿䞀䟿/>
<䠀䢿䣀䧿䨀䪿䫀䬿䭀䯿/>
<䰀䱿䲀䴿䵀䶿䷀䷿一丿乀伿佀便俀俿/>
<倀忿怀濿瀀翿耀迿退/>
<ꀀꑿꒀ꒿꓀꓿ꔀꙀꟿꩿꪀꬿꭀꯀ가꿿/>
<뀀뚿뛀밿뱀뿿/>
<쀀쐿쑀엿였쟿저쩿쪀쿿/>
<퀀툿퉀퐿푀휿흀/>
<豈錄鹿ﬀנּﭿﮀﯿ﴿/>
<︿﹀ﹿﺿﻀ＿｀ｿﾀﺀﷰ/>
<�/>

<𐀀𐄀𐄿𐌀𐌿𐍀𐎿𐏀𐒀/>
<𒀀𒀿𒁀𒉿𒊀𒐀𒐿𒒀𒒿/>
<𗀀𗀿𗁀𗇿𗈀𗗿𗘀𗢿𗣀𗿿/>
<𛀀𛃿𝀀𝀿𝁀𝄀𝄿𝈀𝈿𝌀𝌿/>
<𞸀🀀🀿🂿🄀🄿🚀/>

<力>
<א/>
<س/>
<अ/>
<அ/>
<அ/>
<𐍑/>
<🪐/>
<😀/>
</力>

<ÀÖØöøÿĀĿŀſƀƿǀǿƀƿǀǿȀȿɀɿʀʿˀ˿/>
<ͰͽͿ΀οπϿ/>
<ЀпрѿҠҀҿӀӿԀԿՀտրֿ׀׿/>

<؀ؿـٿڀڿۀۿ/>
<܀ܿ݀݀ݿ/>
<ހ޿ހ޿/>
<ࠀ࠿ࡀࢿࣀࣿऀिीॿ/>
<ঀিী৿/>
<౿ൿවවເༀཀ྿࿀/>
<ကႠᄀᅀᆿᇀᇿሀሿቀቿኀዀዿጀጿፀ/>
<ᚿᛀក/>
<ᢿᣀ᧿ᨀᨿᩀ᪀/>
<ᰀ᰿᱀ᲀᴀᴿᵀᵿᶀᶿḀḿṀṿẀếỀỿ/>
<ἀἿὀᾀ᾿῀/>
<a⁰ⁿ₀₿℀ℿ⅀ⅿↀ/>
<ⰀⰿⱀⱿⲀⲿⳀ⳿ⴀⴿⵀⶀⷀⷿ/>
<⸀⸿⹀⺀⺿⻀⼀⼿⽀⽿⾀⾿⿀/>
<、みむむみむダㄿㆿ㇀ㇿ㈀㈿㋿㌀㏿/>

<㐀㐿㗿㘀㛀㛿㟀㟿/>
<㠀㠿㡀㤿㥀㨿㩀㬿㭀㯿/>
<㰀㰿㱀㶿㷀㼿㽀㾿㿀㿿/>
<䀀䀿䅀䅿䆀䊿䋀䍿䎀䏿/>
<䐀䕿䖀䙿䚀䝿䞀䟿/>
<䠀䢿䣀䧿䨀䪿䫀䬿䭀䯿/>
<䰀䱿䲀䴿䵀䶿䷀䷿一丿乀伿佀便俀俿/>
<倀忿怀濿瀀翿耀迿退/>
<ꀀꑿꒀ꒿꓀꓿ꔀꙀꟿꩿꪀꬿꭀꯀ가꿿/>
<뀀뚿뛀밿뱀뿿/>
<쀀쐿쑀엿였쟿저쩿쪀쿿/>
<퀀툿퉀퐿푀휿흀/>
<豈錄鹿ﬀנּﭿﮀﯿ﴿/>
<︿﹀ﹿﺿﻀ＿｀ｿﾀﺀﷰ/>
<�/>

<𐀀𐄀𐄿𐌀𐌿𐍀𐎿𐏀𐒀/>
<𒀀𒀿𒁀𒉿𒊀𒐀𒐿𒒀𒒿/>
<𗀀𗀿𗁀𗇿𗈀𗗿𗘀𗢿𗣀𗿿/>
<𛀀𛃿𝀀𝀿𝁀𝄀𝄿𝈀𝈿𝌀𝌿/>
<𞸀🀀🀿🂿🄀🄿🚀/>

<力>
<א/>
<س/>
<अ/>
<அ/>
<அ/>
<𐍑/>
<🪐/>
<😀/>
</力>

<ÀÖØöøÿĀĿŀſƀƿǀǿƀƿǀǿȀȿɀɿʀʿˀ˿/>
<ͰͽͿ΀οπϿ/>
<ЀпрѿҠҀҿӀӿԀԿՀտրֿ׀׿/>

<؀ؿـٿڀڿۀۿ/>
<܀ܿ݀݀ݿ/>
<ހ޿ހ޿/>
<ࠀ࠿ࡀࢿࣀࣿऀिीॿ/>
<ঀিী৿/>
<౿ൿවවເༀཀ྿࿀/>
<ကႠᄀᅀᆿᇀᇿሀሿቀቿኀዀዿጀጿፀ/>
<ᚿᛀក/>
<ᢿᣀ᧿ᨀᨿᩀ᪀/>
<ᰀ᰿᱀ᲀᴀᴿᵀᵿᶀᶿḀḿṀṿẀếỀỿ/>
<ἀἿὀᾀ᾿῀/>
<a⁰ⁿ₀₿℀ℿ⅀ⅿↀ/>
<ⰀⰿⱀⱿⲀⲿⳀ⳿ⴀⴿⵀⶀⷀⷿ/>
<⸀⸿⹀⺀⺿⻀⼀⼿⽀⽿⾀⾿⿀/>
<、みむむみむダㄿㆿ㇀ㇿ㈀㈿㋿㌀㏿/>

<㐀㐿㗿㘀㛀㛿㟀㟿/>
<㠀㠿㡀㤿㥀㨿㩀㬿㭀㯿/>
<㰀㰿㱀㶿㷀㼿㽀㾿㿀㿿/>
<䀀䀿䅀䅿䆀䊿䋀䍿䎀䏿/>
<䐀䕿䖀䙿䚀䝿䞀䟿/>
<䠀䢿䣀䧿䨀䪿䫀䬿䭀䯿/>
<䰀䱿䲀䴿䵀䶿䷀䷿一丿乀伿佀便俀俿/>
<倀忿怀濿瀀翿耀迿退/>
<ꀀꑿꒀ꒿꓀꓿ꔀꙀꟿꩿꪀꬿꭀꯀ가꿿/>
<뀀뚿뛀밿뱀뿿/>
<쀀쐿쑀엿였쟿저쩿쪀쿿/>
<퀀툿퉀퐿푀휿흀/>
<豈錄鹿ﬀנּﭿﮀﯿ﴿/>
<︿﹀ﹿﺿﻀ＿｀ｿﾀﺀﷰ/>
<�/>

<𐀀𐄀𐄿𐌀𐌿𐍀𐎿𐏀𐒀/>
<𒀀𒀿𒁀𒉿𒊀𒐀𒐿𒒀𒒿/>
<𗀀𗀿𗁀𗇿𗈀𗗿𗘀𗢿𗣀𗿿/>
<𛀀𛃿𝀀𝀿𝁀𝄀𝄿𝈀𝈿𝌀𝌿/>
<𞸀🀀🀿🂿🄀🄿🚀/>

<力>
<א/>
<س/>
<अ/>
<அ/>
<அ/>
<𐍑/>
<🪐/>
<😀/>
</力>

<ÀÖØöøÿĀĿŀſƀƿǀǿƀƿǀǿȀȿɀɿʀʿˀ˿/>
<ͰͽͿ΀οπϿ/>
<ЀпрѿҠҀҿӀӿԀԿՀտրֿ׀׿/>

<؀ؿـٿڀڿۀۿ/>
<܀ܿ݀݀ݿ/>
<ހ޿ހ޿/>
<ࠀ࠿ࡀࢿࣀࣿऀिीॿ/>
<ঀিী৿/>
<౿ൿවවເༀཀ྿࿀/>
<ကႠᄀᅀᆿᇀᇿሀሿቀቿኀዀዿጀጿፀ/>
<ᚿᛀក/>
<ᢿᣀ᧿ᨀᨿᩀ᪀/>
<ᰀ᰿᱀ᲀᴀᴿᵀᵿᶀᶿḀḿṀṿẀếỀỿ/>
<ἀἿὀᾀ᾿῀/>
<a⁰ⁿ₀₿℀ℿ⅀ⅿↀ/>
<ⰀⰿⱀⱿⲀⲿⳀ⳿ⴀⴿⵀⶀⷀⷿ/>
<⸀⸿⹀⺀⺿⻀⼀⼿⽀⽿⾀⾿⿀/>
<、みむむみむダㄿㆿ㇀ㇿ㈀㈿㋿㌀㏿/>

<㐀㐿㗿㘀㛀㛿㟀㟿/>
<㠀㠿㡀㤿㥀㨿㩀㬿㭀㯿/>
<㰀㰿㱀㶿㷀㼿㽀㾿㿀㿿/>
<䀀䀿䅀䅿䆀䊿䋀䍿䎀䏿/>
<䐀䕿䖀䙿䚀䝿䞀䟿/>
<䠀䢿䣀䧿䨀䪿䫀䬿䭀䯿/>
<䰀䱿䲀䴿䵀䶿䷀䷿一丿乀伿佀便俀俿/>
<倀忿怀濿瀀翿耀迿退/>
<ꀀꑿꒀ꒿꓀꓿ꔀꙀꟿꩿꪀꬿꭀꯀ가꿿/>
<뀀뚿뛀밿뱀뿿/>
<쀀쐿쑀엿였쟿저쩿쪀쿿/>
<퀀툿퉀퐿푀휿흀/>
<豈錄鹿ﬀנּﭿﮀﯿ﴿/>
<︿﹀ﹿﺿﻀ＿｀ｿﾀﺀﷰ/>
<�/>

<𐀀𐄀𐄿𐌀𐌿𐍀𐎿𐏀𐒀/>
<𒀀𒀿𒁀𒉿𒊀𒐀𒐿𒒀𒒿/>
<𗀀𗀿𗁀𗇿𗈀𗗿𗘀𗢿𗣀𗿿/>
<𛀀𛃿𝀀𝀿𝁀𝄀𝄿𝈀𝈿𝌀𝌿/>
<𞸀🀀🀿🂿🄀🄿🚀/>

<力>
<א/>
<س/>
<अ/>
<அ/>
<அ/>
<𐍑/>
<🪐/>
<😀/>
</力>

<ÀÖØöøÿĀĿŀſƀƿǀǿƀƿǀǿȀȿɀɿʀʿˀ˿/>
<ͰͽͿ΀οπϿ/>
<ЀпрѿҠҀҿӀӿԀԿՀտրֿ׀׿/>

<؀ؿـٿڀڿۀۿ/>
<܀ܿ݀݀ݿ/>
<ހ޿ހ޿/>
<ࠀ࠿ࡀࢿࣀࣿऀिीॿ/>
<ঀিী৿/>
<౿ൿවවເༀཀ྿࿀/>
<ကႠᄀᅀᆿᇀᇿሀሿቀቿኀዀዿጀጿፀ/>
<ᚿᛀក/>
<ᢿᣀ᧿ᨀᨿᩀ᪀/>
<ᰀ᰿᱀ᲀᴀᴿᵀᵿᶀᶿḀḿṀṿẀếỀỿ/>
<ἀἿὀᾀ᾿῀/>
<a⁰ⁿ₀₿℀ℿ⅀ⅿↀ/>
<ⰀⰿⱀⱿⲀⲿⳀ⳿ⴀⴿⵀⶀⷀⷿ/>
<⸀⸿⹀⺀⺿⻀⼀⼿⽀⽿⾀⾿⿀/>
<、みむむみむダㄿㆿ㇀ㇿ㈀㈿㋿㌀㏿/>

<㐀㐿㗿㘀㛀㛿㟀㟿/>
<㠀㠿㡀㤿㥀㨿㩀㬿㭀㯿/>
<㰀㰿㱀㶿㷀㼿㽀㾿㿀㿿/>
<䀀䀿䅀䅿䆀䊿䋀䍿䎀䏿/>
<䐀䕿䖀䙿䚀䝿䞀䟿/>
<䠀䢿䣀䧿䨀䪿䫀䬿䭀䯿/>
<䰀䱿䲀䴿䵀䶿䷀䷿一丿乀伿佀便俀俿/>
<倀忿怀濿瀀翿耀迿退/>
<ꀀꑿꒀ꒿꓀꓿ꔀꙀꟿꩿꪀꬿꭀꯀ가꿿/>
<뀀뚿뛀밿뱀뿿/>
<쀀쐿쑀엿였쟿저쩿쪀쿿/>
<퀀툿퉀퐿푀휿흀/>
<豈錄鹿ﬀנּﭿﮀﯿ﴿/>
<︿﹀ﹿﺿﻀ＿｀ｿﾀﺀﷰ/>
<�/>

<𐀀𐄀𐄿𐌀𐌿𐍀𐎿𐏀𐒀/>
<𒀀𒀿𒁀𒉿𒊀𒐀𒐿𒒀𒒿/>
<𗀀𗀿𗁀𗇿𗈀𗗿𗘀𗢿𗣀𗿿/>
<𛀀𛃿𝀀𝀿𝁀𝄀𝄿𝈀𝈿𝌀𝌿/>
<𞸀🀀🀿🂿🄀🄿🚀/>

<力>
<א/>
<س/>
<अ/>
<அ/>
<அ/>
<𐍑/>
<🪐/>
<😀/>
</力>

<ÀÖØöøÿĀĿŀſƀƿǀǿƀƿǀǿȀȿɀɿʀʿˀ˿/>
<ͰͽͿ΀οπϿ/>
<ЀпрѿҠҀҿӀӿԀԿՀտրֿ׀׿/>

<؀ؿـٿڀڿۀۿ/>
<܀ܿ݀݀ݿ/>
<ހ޿ހ޿/>
<ࠀ࠿ࡀࢿࣀࣿऀिीॿ/>
<ঀিী৿/>
<౿ൿවවເༀཀ྿࿀/>
<ကႠᄀᅀᆿᇀᇿሀሿቀቿኀዀዿጀጿፀ/>
<ᚿᛀក/>
<ᢿᣀ᧿ᨀᨿᩀ᪀/>
<ᰀ᰿᱀ᲀᴀᴿᵀᵿᶀᶿḀḿṀṿẀếỀỿ/>
<ἀἿὀᾀ᾿῀/>
<a⁰ⁿ₀₿℀ℿ⅀ⅿↀ/>
<ⰀⰿⱀⱿⲀⲿⳀ⳿ⴀⴿⵀⶀⷀⷿ/>
<⸀⸿⹀⺀⺿⻀⼀⼿⽀⽿⾀⾿⿀/>
<、みむむみむダㄿㆿ㇀ㇿ㈀㈿㋿㌀㏿/>

<㐀㐿㗿㘀㛀㛿㟀㟿/>
<㠀㠿㡀㤿㥀㨿㩀㬿㭀㯿/>
<㰀㰿㱀㶿㷀㼿㽀㾿㿀㿿/>
<䀀䀿䅀䅿䆀䊿䋀䍿䎀䏿/>
<䐀䕿䖀䙿䚀䝿䞀䟿/>
<䠀䢿䣀䧿䨀䪿䫀䬿䭀䯿/>
<䰀䱿䲀䴿䵀䶿䷀䷿一丿乀伿佀便俀俿/>
<倀忿怀濿瀀翿耀迿退/>
<ꀀꑿꒀ꒿꓀꓿ꔀꙀꟿꩿꪀꬿꭀꯀ가꿿/>
<뀀뚿뛀밿뱀뿿/>
<쀀쐿쑀엿였쟿저쩿쪀쿿/>
<퀀툿퉀퐿푀휿흀/>
<豈錄鹿ﬀנּﭿﮀﯿ﴿/>
<︿﹀ﹿﺿﻀ＿｀ｿﾀﺀﷰ/>
<�/>

<𐀀𐄀𐄿𐌀𐌿𐍀𐎿𐏀𐒀/>
<𒀀𒀿𒁀𒉿𒊀𒐀𒐿𒒀𒒿/>
<𗀀𗀿𗁀𗇿𗈀𗗿𗘀𗢿𗣀𗿿/>
<𛀀𛃿𝀀𝀿𝁀𝄀𝄿𝈀𝈿𝌀𝌿/>
<𞸀🀀🀿🂿🄀🄿🚀/>

<力>
<א/>
<س/>
<अ/>
<அ/>
<அ/>
<𐍑/>
<🪐/>
<😀/>
</力>

<ÀÖØöøÿĀĿŀſƀƿǀǿƀƿǀǿȀȿɀɿʀʿˀ˿/>
<ͰͽͿ΀οπϿ/>
<ЀпрѿҠҀҿӀӿԀԿՀտրֿ׀׿/>

<؀ؿـٿڀڿۀۿ/>
<܀ܿ݀݀ݿ/>
<ހ޿ހ޿/>
<ࠀ࠿ࡀࢿࣀࣿऀिीॿ/>
<ঀিী৿/>
<౿ൿවවເༀཀ྿࿀/>
<ကႠᄀᅀᆿᇀᇿሀሿቀቿኀዀዿጀጿፀ/>
<ᚿᛀក/>
<ᢿᣀ᧿ᨀᨿᩀ᪀/>
<ᰀ᰿᱀ᲀᴀᴿᵀᵿᶀᶿḀḿṀṿẀếỀỿ/>
<ἀἿὀᾀ᾿῀/>
<a⁰ⁿ₀₿℀ℿ⅀ⅿↀ/>
<ⰀⰿⱀⱿⲀⲿⳀ⳿ⴀⴿⵀⶀⷀⷿ/>
<⸀⸿⹀⺀⺿⻀⼀⼿⽀⽿⾀⾿⿀/>
<、みむむみむダㄿㆿ㇀ㇿ㈀㈿㋿㌀㏿/>

<㐀㐿㗿㘀㛀㛿㟀㟿/>
<㠀㠿㡀㤿㥀㨿㩀㬿㭀㯿/>
<㰀㰿㱀㶿㷀㼿㽀㾿㿀㿿/>
<䀀䀿䅀䅿䆀䊿䋀䍿䎀䏿/>
<䐀䕿䖀䙿䚀䝿䞀䟿/>
<䠀䢿䣀䧿䨀䪿䫀䬿䭀䯿/>
<䰀䱿䲀䴿䵀䶿䷀䷿一丿乀伿佀便俀俿/>
<倀忿怀濿瀀翿耀迿退/>
<ꀀꑿꒀ꒿꓀꓿ꔀꙀꟿꩿꪀꬿꭀꯀ가꿿/>
<뀀뚿뛀밿뱀뿿/>
<쀀쐿쑀엿였쟿저쩿쪀쿿/>
<퀀툿퉀퐿푀휿흀/>
<豈錄鹿ﬀנּﭿﮀﯿ﴿/>
<︿﹀ﹿﺿﻀ＿｀ｿﾀﺀﷰ/>
<�/>

<𐀀𐄀𐄿𐌀𐌿𐍀𐎿𐏀𐒀/>
<𒀀𒀿𒁀𒉿𒊀𒐀𒐿𒒀𒒿/>
<𗀀𗀿𗁀𗇿𗈀𗗿𗘀𗢿𗣀𗿿/>
<𛀀𛃿𝀀𝀿𝁀𝄀𝄿𝈀𝈿𝌀𝌿/>
<𞸀🀀🀿🂿🄀🄿🚀/>

<力>
<א/>
<س/>
<अ/>
<அ/>
<அ/>
<𐍑/>
<🪐/>
<😀/>
</力>

<ÀÖØöøÿĀĿŀſƀƿǀǿƀƿǀǿȀȿɀɿʀʿˀ˿/>
<ͰͽͿ΀οπϿ/>
<ЀпрѿҠҀҿӀӿԀԿՀտրֿ׀׿/>

<؀ؿـٿڀڿۀۿ/>
<܀ܿ݀݀ݿ/>
<ހ޿ހ޿/>
<ࠀ࠿ࡀࢿࣀࣿऀिीॿ/>
<ঀিী৿/>
<౿ൿවවເༀཀ྿࿀/>
<ကႠᄀᅀᆿᇀᇿሀሿቀቿኀዀዿጀጿፀ/>
<ᚿᛀក/>
<ᢿᣀ᧿ᨀᨿᩀ᪀/>
<ᰀ᰿᱀ᲀᴀᴿᵀᵿᶀᶿḀḿṀṿẀếỀỿ/>
<ἀἿὀᾀ᾿῀/>
<a⁰ⁿ₀₿℀ℿ⅀ⅿↀ/>
<ⰀⰿⱀⱿⲀⲿⳀ⳿ⴀⴿⵀⶀⷀⷿ/>
<⸀⸿⹀⺀⺿⻀⼀⼿⽀⽿⾀⾿⿀/>
<、みむむみむダㄿㆿ㇀ㇿ㈀㈿㋿㌀㏿/>

<㐀㐿㗿㘀㛀㛿㟀㟿/>
<㠀㠿㡀㤿㥀㨿㩀㬿㭀㯿/>
<㰀㰿㱀㶿㷀㼿㽀㾿㿀㿿/>
<䀀䀿䅀䅿䆀䊿䋀䍿䎀䏿/>
<䐀䕿䖀䙿䚀䝿䞀䟿/>
<䠀䢿䣀䧿䨀䪿䫀䬿䭀䯿/>
<䰀䱿䲀䴿䵀䶿䷀䷿一丿乀伿佀便俀俿/>
<倀忿怀濿瀀翿耀迿退/>
<ꀀꑿꒀ꒿꓀꓿ꔀꙀꟿꩿꪀꬿꭀꯀ가꿿/>
<뀀뚿뛀밿뱀뿿/>
<쀀쐿쑀엿였쟿저쩿쪀쿿/>
<퀀툿퉀퐿푀휿흀/>
<豈錄鹿ﬀנּﭿﮀﯿ﴿/>
<︿﹀ﹿﺿﻀ＿｀ｿﾀﺀﷰ/>
<�/>

<𐀀𐄀𐄿𐌀𐌿𐍀𐎿𐏀𐒀/>
<𒀀𒀿𒁀𒉿𒊀𒐀𒐿𒒀𒒿/>
<𗀀𗀿𗁀𗇿𗈀𗗿𗘀𗢿𗣀𗿿/>
<𛀀𛃿𝀀𝀿𝁀𝄀𝄿𝈀𝈿𝌀𝌿/>
<𞸀🀀🀿🂿🄀🄿🚀/>

<力>
<א/>
<س/>
<अ/>
<அ/>
<அ/>
<𐍑/>
<🪐/>
<😀/>
</力>

<ÀÖØöøÿĀĿŀſƀƿǀǿƀƿǀǿȀȿɀɿʀʿˀ˿/>
<ͰͽͿ΀οπϿ/>
<ЀпрѿҠҀҿӀӿԀԿՀտրֿ׀׿/>

<؀ؿـٿڀڿۀۿ/>
<܀ܿ݀݀ݿ/>
<ހ޿ހ޿/>
<ࠀ࠿ࡀࢿࣀࣿऀिीॿ/>
<ঀিী৿/>
<౿ൿවවເༀཀ྿࿀/>
<ကႠᄀᅀᆿᇀᇿሀሿቀቿኀዀዿጀጿፀ/>
<ᚿᛀក/>
<ᢿᣀ᧿ᨀᨿᩀ᪀/>
<ᰀ᰿᱀ᲀᴀᴿᵀᵿᶀᶿḀḿṀṿẀếỀỿ/>
<ἀἿὀᾀ᾿῀/>
<a⁰ⁿ₀₿℀ℿ⅀ⅿↀ/>
<ⰀⰿⱀⱿⲀⲿⳀ⳿ⴀⴿⵀⶀⷀⷿ/>
<⸀⸿⹀⺀⺿⻀⼀⼿⽀⽿⾀⾿⿀/>
<、みむむみむダㄿㆿ㇀ㇿ㈀㈿㋿㌀㏿/>

<㐀㐿㗿㘀㛀㛿㟀㟿/>
<㠀㠿㡀㤿㥀㨿㩀㬿㭀㯿/>
<㰀㰿㱀㶿㷀㼿㽀㾿㿀㿿/>
<䀀䀿䅀䅿䆀䊿䋀䍿䎀䏿/>
<䐀䕿䖀䙿䚀䝿䞀䟿/>
<䠀䢿䣀䧿䨀䪿䫀䬿䭀䯿/>
<䰀䱿䲀䴿䵀䶿䷀䷿一丿乀伿佀便俀俿/>
<倀忿怀濿瀀翿耀迿退/>
<ꀀꑿꒀ꒿꓀꓿ꔀꙀꟿꩿꪀꬿꭀꯀ가꿿/>
<뀀뚿뛀밿뱀뿿/>
<쀀쐿쑀엿였쟿저쩿쪀쿿/>
<퀀툿퉀퐿푀휿흀/>
<豈錄鹿ﬀנּﭿﮀﯿ﴿/>
<︿﹀ﹿﺿﻀ＿｀ｿﾀﺀﷰ/>
<�/>

<𐀀𐄀𐄿𐌀𐌿𐍀𐎿𐏀𐒀/>
<𒀀𒀿𒁀𒉿𒊀𒐀𒐿𒒀𒒿/>
<𗀀𗀿𗁀𗇿𗈀𗗿𗘀𗢿𗣀𗿿/>
<𛀀𛃿𝀀𝀿𝁀𝄀𝄿𝈀𝈿𝌀𝌿/>
<𞸀🀀🀿🂿🄀🄿🚀/>

<力>
<א/>
<س/>
<अ/>
<அ/>
<அ/>
<𐍑/>
<🪐/>
<😀/>
</力>

<ÀÖØöøÿĀĿŀſƀƿǀǿƀƿǀǿȀȿɀɿʀʿˀ˿/>
<ͰͽͿ΀οπϿ/>
<ЀпрѿҠҀҿӀӿԀԿՀտրֿ׀׿/>

<؀ؿـٿڀڿۀۿ/>
<܀ܿ݀݀ݿ/>
<ހ޿ހ޿/>
<ࠀ࠿ࡀࢿࣀࣿऀिीॿ/>
<ঀিী৿/>
<౿ൿවවເༀཀ྿࿀/>
<ကႠᄀᅀᆿᇀᇿሀሿቀቿኀዀዿጀጿፀ/>
<ᚿᛀក/>
<ᢿᣀ᧿ᨀᨿᩀ᪀/>
<ᰀ᰿᱀ᲀᴀᴿᵀᵿᶀᶿḀḿṀṿẀếỀỿ/>
<ἀἿὀᾀ᾿῀/>
<a⁰ⁿ₀₿℀ℿ⅀ⅿↀ/>
<ⰀⰿⱀⱿⲀⲿⳀ⳿ⴀⴿⵀⶀⷀⷿ/>
<⸀⸿⹀⺀⺿⻀⼀⼿⽀⽿⾀⾿⿀/>
<、みむむみむダㄿㆿ㇀ㇿ㈀㈿㋿㌀㏿/>

<㐀㐿㗿㘀㛀㛿㟀㟿/>
<㠀㠿㡀㤿㥀㨿㩀㬿㭀㯿/>
<㰀㰿㱀㶿㷀㼿㽀㾿㿀㿿/>
<䀀䀿䅀䅿䆀䊿䋀䍿䎀䏿/>
<䐀䕿䖀䙿䚀䝿䞀䟿/>
<䠀䢿䣀䧿䨀䪿䫀䬿䭀䯿/>
<䰀䱿䲀䴿䵀䶿䷀䷿一丿乀伿佀便俀俿/>
<倀忿怀濿瀀翿耀迿退/>
<ꀀꑿꒀ꒿꓀꓿ꔀꙀꟿꩿꪀꬿꭀꯀ가꿿/>
<뀀뚿뛀밿뱀뿿/>
<쀀쐿쑀엿였쟿저쩿쪀쿿/>
<퀀툿퉀퐿푀휿흀/>
<豈錄鹿ﬀנּﭿﮀﯿ﴿/>
<︿﹀ﹿﺿﻀ＿｀ｿﾀﺀﷰ/>
<�/>

<𐀀𐄀𐄿𐌀𐌿𐍀𐎿𐏀𐒀/>
<𒀀𒀿𒁀𒉿𒊀𒐀𒐿𒒀𒒿/>
<𗀀𗀿𗁀𗇿𗈀𗗿𗘀𗢿𗣀𗿿/>
<𛀀𛃿𝀀𝀿𝁀𝄀𝄿𝈀𝈿𝌀𝌿/>
<𞸀🀀🀿🂿🄀🄿🚀/>

<力>
<א/>
<س/>
<अ/>
<அ/>
<அ/>
<𐍑/>
<🪐/>
<😀/>
</力>

<ÀÖØöøÿĀĿŀſƀƿǀǿƀƿǀǿȀȿɀɿʀʿˀ˿/>
<ͰͽͿ΀οπϿ/>
<ЀпрѿҠҀҿӀӿԀԿՀտրֿ׀׿/>

<؀ؿـٿڀڿۀۿ/>
<܀ܿ݀݀ݿ/>
<ހ޿ހ޿/>
<ࠀ࠿ࡀࢿࣀࣿऀिीॿ/>
<ঀিী৿/>
<౿ൿවවເༀཀ྿࿀/>
<ကႠᄀᅀᆿᇀᇿሀሿቀቿኀዀዿጀጿፀ/>
<ᚿᛀក/>
<ᢿᣀ᧿ᨀᨿᩀ᪀/>
<ᰀ᰿᱀ᲀᴀᴿᵀᵿᶀᶿḀḿṀṿẀếỀỿ/>
<ἀἿὀᾀ᾿῀/>
<a⁰ⁿ₀₿℀ℿ⅀ⅿↀ/>
<ⰀⰿⱀⱿⲀⲿⳀ⳿ⴀⴿⵀⶀⷀⷿ/>
<⸀⸿⹀⺀⺿⻀⼀⼿⽀⽿⾀⾿⿀/>
<、みむむみむダㄿㆿ㇀ㇿ㈀㈿㋿㌀㏿/>

<㐀㐿㗿㘀㛀㛿㟀㟿/>
<㠀㠿㡀㤿㥀㨿㩀㬿㭀㯿/>
<㰀㰿㱀㶿㷀㼿㽀㾿㿀㿿/>
<䀀䀿䅀䅿䆀䊿䋀䍿䎀䏿/>
<䐀䕿䖀䙿䚀䝿䞀䟿/>
<䠀䢿䣀䧿䨀䪿䫀䬿䭀䯿/>
<䰀䱿䲀䴿䵀䶿䷀䷿一丿乀伿佀便俀俿/>
<倀忿怀濿瀀翿耀迿退/>
<ꀀꑿꒀ꒿꓀꓿ꔀꙀꟿꩿꪀꬿꭀꯀ가꿿/>
<뀀뚿뛀밿뱀뿿/>
<쀀쐿쑀엿였쟿저쩿쪀쿿/>
<퀀툿퉀퐿푀휿흀/>
<豈錄鹿ﬀנּﭿﮀﯿ﴿/>
<︿﹀ﹿﺿﻀ＿｀ｿﾀﺀﷰ/>
<�/>

<𐀀𐄀𐄿𐌀𐌿𐍀𐎿𐏀𐒀/>
<𒀀𒀿𒁀𒉿𒊀𒐀𒐿𒒀𒒿/>
<𗀀𗀿𗁀𗇿𗈀𗗿𗘀𗢿𗣀𗿿/>
<𛀀𛃿𝀀𝀿𝁀𝄀𝄿𝈀𝈿𝌀𝌿/>
<𞸀🀀🀿🂿🄀🄿🚀/>

<力>
<א/>
<س/>
<अ/>
<அ/>
<அ/>
<𐍑/>
<🪐/>
<😀/>
</力>

<ÀÖØöøÿĀĿŀſƀƿǀǿƀƿǀǿȀȿɀɿʀʿˀ˿/>
<ͰͽͿ΀οπϿ/>
<ЀпрѿҠҀҿӀӿԀԿՀտրֿ׀׿/>

<؀ؿـٿڀڿۀۿ/>
<܀ܿ݀݀ݿ/>
<ހ޿ހ޿/>
<ࠀ࠿ࡀࢿࣀࣿऀिीॿ/>
<ঀিী৿/>
<౿ൿවවເༀཀ྿࿀/>
<ကႠᄀᅀᆿᇀᇿሀሿቀቿኀዀዿጀጿፀ/>
<ᚿᛀក/>
<ᢿᣀ᧿ᨀᨿᩀ᪀/>
<ᰀ᰿᱀ᲀᴀᴿᵀᵿᶀᶿḀḿṀṿẀếỀỿ/>
<ἀἿὀᾀ᾿῀/>
<a⁰ⁿ₀₿℀ℿ⅀ⅿↀ/>
<ⰀⰿⱀⱿⲀⲿⳀ⳿ⴀⴿⵀⶀⷀⷿ/>
<⸀⸿⹀⺀⺿⻀⼀⼿⽀⽿⾀⾿⿀/>
<、みむむみむダㄿㆿ㇀ㇿ㈀㈿㋿㌀㏿/>

<㐀㐿㗿㘀㛀㛿㟀㟿/>
<㠀㠿㡀㤿㥀㨿㩀㬿㭀㯿/>
<㰀㰿㱀㶿㷀㼿㽀㾿㿀㿿/>
<䀀䀿䅀䅿䆀䊿䋀䍿䎀䏿/>
<䐀䕿䖀䙿䚀䝿䞀䟿/>
<䠀䢿䣀䧿䨀䪿䫀䬿䭀䯿/>
<䰀䱿䲀䴿䵀䶿䷀䷿一丿乀伿佀便俀俿/>
<倀忿怀濿瀀翿耀迿退/>
<ꀀꑿꒀ꒿꓀꓿ꔀꙀꟿꩿꪀꬿꭀꯀ가꿿/>
<뀀뚿뛀밿뱀뿿/>
<쀀쐿쑀엿였쟿저쩿쪀쿿/>
<퀀툿퉀퐿푀휿흀/>
<豈錄鹿ﬀנּﭿﮀﯿ﴿/>
<︿﹀ﹿﺿﻀ＿｀ｿﾀﺀﷰ/>
<�/>

<𐀀𐄀𐄿𐌀𐌿𐍀𐎿𐏀𐒀/>
<𒀀𒀿𒁀𒉿𒊀𒐀𒐿𒒀𒒿/>
<𗀀𗀿𗁀𗇿𗈀𗗿𗘀𗢿𗣀𗿿/>
<𛀀𛃿𝀀𝀿𝁀𝄀𝄿𝈀𝈿𝌀𝌿/>
<𞸀🀀🀿🂿🄀🄿🚀/>

<力>
<א/>
<س/>
<अ/>
<அ/>
<அ/>
<𐍑/>
<🪐/>
<😀/>
</力>

<ÀÖØöøÿĀĿŀſƀƿǀǿƀƿǀǿȀȿɀɿʀʿˀ˿/>
<ͰͽͿ΀οπϿ/>
<ЀпрѿҠҀҿӀӿԀԿՀտրֿ׀׿/>

<؀ؿـٿڀڿۀۿ/>
<܀ܿ݀݀ݿ/>
<ހ޿ހ޿/>
<ࠀ࠿ࡀࢿࣀࣿऀिीॿ/>
<ঀিী৿/>
<౿ൿවවເༀཀ྿࿀/>
<ကႠᄀᅀᆿᇀᇿሀሿቀቿኀዀዿጀጿፀ/>
<ᚿᛀក/>
<ᢿᣀ᧿ᨀᨿᩀ᪀/>
<ᰀ᰿᱀ᲀᴀᴿᵀᵿᶀᶿḀḿṀṿẀếỀỿ/>
<ἀἿὀᾀ᾿῀/>
<a⁰ⁿ₀₿℀ℿ⅀ⅿↀ/>
<ⰀⰿⱀⱿⲀⲿⳀ⳿ⴀⴿⵀⶀⷀⷿ/>
<⸀⸿⹀⺀⺿⻀⼀⼿⽀⽿⾀⾿⿀/>
<、みむむみむダㄿㆿ㇀ㇿ㈀㈿㋿㌀㏿/>

<㐀㐿㗿㘀㛀㛿㟀㟿/>
<㠀㠿㡀㤿㥀㨿㩀㬿㭀㯿/>
<㰀㰿㱀㶿㷀㼿㽀㾿㿀㿿/>
<䀀䀿䅀䅿䆀䊿䋀䍿䎀䏿/>
<䐀䕿䖀䙿䚀䝿䞀䟿/>
<䠀䢿䣀䧿䨀䪿䫀䬿䭀䯿/>
<䰀䱿䲀䴿䵀䶿䷀䷿一丿乀伿佀便俀俿/>
<倀忿怀濿瀀翿耀迿退/>
<ꀀꑿꒀ꒿꓀꓿ꔀꙀꟿꩿꪀꬿꭀꯀ가꿿/>
<뀀뚿뛀밿뱀뿿/>
<쀀쐿쑀엿였쟿저쩿쪀쿿/>
<퀀툿퉀퐿푀휿흀/>
<豈錄鹿ﬀנּﭿﮀﯿ﴿/>
<︿﹀ﹿﺿﻀ＿｀ｿﾀﺀﷰ/>
<�/>

<𐀀𐄀𐄿𐌀𐌿𐍀𐎿𐏀𐒀/>
<𒀀𒀿𒁀𒉿𒊀𒐀𒐿𒒀𒒿/>
<𗀀𗀿𗁀𗇿𗈀𗗿𗘀𗢿𗣀𗿿/>
<𛀀𛃿𝀀𝀿𝁀𝄀𝄿𝈀𝈿𝌀𝌿/>
<𞸀🀀🀿🂿🄀🄿🚀/>

<力>
<א/>
<س/>
<अ/>
<அ/>
<அ/>
<𐍑/>
<🪐/>
<😀/>
</力>

<ÀÖØöøÿĀĿŀſƀƿǀǿƀƿǀǿȀȿɀɿʀʿˀ˿/>
<ͰͽͿ΀οπϿ/>
<ЀпрѿҠҀҿӀӿԀԿՀտրֿ׀׿/>

<؀ؿـٿڀڿۀۿ/>
<܀ܿ݀݀ݿ/>
<ހ޿ހ޿/>
<ࠀ࠿ࡀࢿࣀࣿऀिीॿ/>
<ঀিী৿/>
<౿ൿවවເༀཀ྿࿀/>
<ကႠᄀᅀᆿᇀᇿሀሿቀቿኀዀዿጀጿፀ/>
<ᚿᛀក/>
<ᢿᣀ᧿ᨀᨿᩀ᪀/>
<ᰀ᰿᱀ᲀᴀᴿᵀᵿᶀᶿḀḿṀṿẀếỀỿ/>
<ἀἿὀᾀ᾿῀/>
<a⁰ⁿ₀₿℀ℿ⅀ⅿↀ/>
<ⰀⰿⱀⱿⲀⲿⳀ⳿ⴀⴿⵀⶀⷀⷿ/>
<⸀⸿⹀⺀⺿⻀⼀⼿⽀⽿⾀⾿⿀/>
<、みむむみむダㄿㆿ㇀ㇿ㈀㈿㋿㌀㏿/>

<㐀㐿㗿㘀㛀㛿㟀㟿/>
<㠀㠿㡀㤿㥀㨿㩀㬿㭀㯿/>
<㰀㰿㱀㶿㷀㼿㽀㾿㿀㿿/>
<䀀䀿䅀䅿䆀䊿䋀䍿䎀䏿/>
<䐀䕿䖀䙿䚀䝿䞀䟿/>
<䠀䢿䣀䧿䨀䪿䫀䬿䭀䯿/>
<䰀䱿䲀䴿䵀䶿䷀䷿一丿乀伿佀便俀俿/>
<倀忿怀濿瀀翿耀迿退/>
<ꀀꑿꒀ꒿꓀꓿ꔀꙀꟿꩿꪀꬿꭀꯀ가꿿/>
<뀀뚿뛀밿뱀뿿/>
<쀀쐿쑀엿였쟿저쩿쪀쿿/>
<퀀툿퉀퐿푀휿흀/>
<豈錄鹿ﬀנּﭿﮀﯿ﴿/>
<︿﹀ﹿﺿﻀ＿｀ｿﾀﺀﷰ/>
<�/>

<𐀀𐄀𐄿𐌀𐌿𐍀𐎿𐏀𐒀/>
<𒀀𒀿𒁀𒉿𒊀𒐀𒐿𒒀𒒿/>
<𗀀𗀿𗁀𗇿𗈀𗗿𗘀𗢿𗣀𗿿/>
<𛀀𛃿𝀀𝀿𝁀𝄀𝄿𝈀𝈿𝌀𝌿/>
<𞸀🀀🀿🂿🄀🄿🚀/>

<力>
<א/>
<س/>
<अ/>
<அ/>
<அ/>
<𐍑/>
<🪐/>
<😀/>
</力>

<ÀÖØöøÿĀĿŀſƀƿǀǿƀƿǀǿȀȿɀɿʀʿˀ˿/>
<ͰͽͿ΀οπϿ/>
<ЀпрѿҠҀҿӀӿԀԿՀտրֿ׀׿/>

<؀ؿـٿڀڿۀۿ/>
<܀ܿ݀݀ݿ/>
<ހ޿ހ޿/>
<ࠀ࠿ࡀࢿࣀࣿऀिीॿ/>
<ঀিী৿/>
<౿ൿවවເༀཀ྿࿀/>
<ကႠᄀᅀᆿᇀᇿሀሿቀቿኀዀዿጀጿፀ/>
<ᚿᛀក/>
<ᢿᣀ᧿ᨀᨿᩀ᪀/>
<ᰀ᰿᱀ᲀᴀᴿᵀᵿᶀᶿḀḿṀṿẀếỀỿ/>
<ἀἿὀᾀ᾿῀/>
<a⁰ⁿ₀₿℀ℿ⅀ⅿↀ/>
<ⰀⰿⱀⱿⲀⲿⳀ⳿ⴀⴿⵀⶀⷀⷿ/>
<⸀⸿⹀⺀⺿⻀⼀⼿⽀⽿⾀⾿⿀/>
<、みむむみむダㄿㆿ㇀ㇿ㈀㈿㋿㌀㏿/>

<㐀㐿㗿㘀㛀㛿㟀㟿/>
<㠀㠿㡀㤿㥀㨿㩀㬿㭀㯿/>
<㰀㰿㱀㶿㷀㼿㽀㾿㿀㿿/>
<䀀䀿䅀䅿䆀䊿䋀䍿䎀䏿/>
<䐀䕿䖀䙿䚀䝿䞀䟿/>
<䠀䢿䣀䧿䨀䪿䫀䬿䭀䯿/>
<䰀䱿䲀䴿䵀䶿䷀䷿一丿乀伿佀便俀俿/>
<倀忿怀濿瀀翿耀迿退/>
<ꀀꑿꒀ꒿꓀꓿ꔀꙀꟿꩿꪀꬿꭀꯀ가꿿/>
<뀀뚿뛀밿뱀뿿/>
<쀀쐿쑀엿였쟿저쩿쪀쿿/>
<퀀툿퉀퐿푀휿흀/>
<豈錄鹿ﬀנּﭿﮀﯿ﴿/>
<︿﹀ﹿﺿﻀ＿｀ｿﾀﺀﷰ/>
<�/>

<𐀀𐄀𐄿𐌀𐌿𐍀𐎿𐏀𐒀/>
<𒀀𒀿𒁀𒉿𒊀𒐀𒐿𒒀𒒿/>
<𗀀𗀿𗁀𗇿𗈀𗗿𗘀𗢿𗣀𗿿/>
<𛀀𛃿𝀀𝀿𝁀𝄀𝄿𝈀𝈿𝌀𝌿/>
<𞸀🀀🀿🂿🄀🄿🚀/>

<力>
<א/>
<س/>
<अ/>
<அ/>
<அ/>
<𐍑/>
<🪐/>
<😀/>
</力>

<ÀÖØöøÿĀĿŀſƀƿǀǿƀƿǀǿȀȿɀɿʀʿˀ˿/>
<ͰͽͿ΀οπϿ/>
<ЀпрѿҠҀҿӀӿԀԿՀտրֿ׀׿/>

<؀ؿـٿڀڿۀۿ/>
<܀ܿ݀݀ݿ/>
<ހ޿ހ޿/>
<ࠀ࠿ࡀࢿࣀࣿऀिीॿ/>
<ঀিী৿/>
<౿ൿවවເༀཀ྿࿀/>
<ကႠᄀᅀᆿᇀᇿሀሿቀቿኀዀዿጀጿፀ/>
<ᚿᛀក/>
<ᢿᣀ᧿ᨀᨿᩀ᪀/>
<ᰀ᰿᱀ᲀᴀᴿᵀᵿᶀᶿḀḿṀṿẀếỀỿ/>
<ἀἿὀᾀ᾿῀/>
<a⁰ⁿ₀₿℀ℿ⅀ⅿↀ/>
<ⰀⰿⱀⱿⲀⲿⳀ⳿ⴀⴿⵀⶀⷀⷿ/>
<⸀⸿⹀⺀⺿⻀⼀⼿⽀⽿⾀⾿⿀/>
<、みむむみむダㄿㆿ㇀ㇿ㈀㈿㋿㌀㏿/>

<㐀㐿㗿㘀㛀㛿㟀㟿/>
<㠀㠿㡀㤿㥀㨿㩀㬿㭀㯿/>
<㰀㰿㱀㶿㷀㼿㽀㾿㿀㿿/>
<䀀䀿䅀䅿䆀䊿䋀䍿䎀䏿/>
<䐀䕿䖀䙿䚀䝿䞀䟿/>
<䠀䢿䣀䧿䨀䪿䫀䬿䭀䯿/>
<䰀䱿䲀䴿䵀䶿䷀䷿一丿乀伿佀便俀俿/>
<倀忿怀濿瀀翿耀迿退/>
<ꀀꑿꒀ꒿꓀꓿ꔀꙀꟿꩿꪀꬿꭀꯀ가꿿/>
<뀀뚿뛀밿뱀뿿/>
<쀀쐿쑀엿였쟿저쩿쪀쿿/>
<퀀툿퉀퐿푀휿흀/>
<豈錄鹿ﬀנּﭿﮀﯿ﴿/>
<︿﹀ﹿﺿﻀ＿｀ｿﾀﺀﷰ/>
<�/>

<𐀀𐄀𐄿𐌀𐌿𐍀𐎿𐏀𐒀/>
<𒀀𒀿𒁀𒉿𒊀𒐀𒐿𒒀𒒿/>
<𗀀𗀿𗁀𗇿𗈀𗗿𗘀𗢿𗣀𗿿/>
<𛀀𛃿𝀀𝀿𝁀𝄀𝄿𝈀𝈿𝌀𝌿/>
<𞸀🀀🀿🂿🄀🄿🚀/>

<力>
<א/>
<س/>
<अ/>
<அ/>
<அ/>
<𐍑/>
<🪐/>
<😀/>
</力>

<ÀÖØöøÿĀĿŀſƀƿǀǿƀƿǀǿȀȿɀɿʀʿˀ˿/>
<ͰͽͿ΀οπϿ/>
<ЀпрѿҠҀҿӀӿԀԿՀտրֿ׀׿/>

<؀ؿـٿڀڿۀۿ/>
<܀ܿ݀݀ݿ/>
<ހ޿ހ޿/>
<ࠀ࠿ࡀࢿࣀࣿऀिीॿ/>
<ঀিী৿/>
<౿ൿවවເༀཀ྿࿀/>
<ကႠᄀᅀᆿᇀᇿሀሿቀቿኀዀዿጀጿፀ/>
<ᚿᛀក/>
<ᢿᣀ᧿ᨀᨿᩀ᪀/>
<ᰀ᰿᱀ᲀᴀᴿᵀᵿᶀᶿḀḿṀṿẀếỀỿ/>
<ἀἿὀᾀ᾿῀/>
<a⁰ⁿ₀₿℀ℿ⅀ⅿↀ/>
<ⰀⰿⱀⱿⲀⲿⳀ⳿ⴀⴿⵀⶀⷀⷿ/>
<⸀⸿⹀⺀⺿⻀⼀⼿⽀⽿⾀⾿⿀/>
<、みむむみむダㄿㆿ㇀ㇿ㈀㈿㋿㌀㏿/>

<㐀㐿㗿㘀㛀㛿㟀㟿/>
<㠀㠿㡀㤿㥀㨿㩀㬿㭀㯿/>
<㰀㰿㱀㶿㷀㼿㽀㾿㿀㿿/>
<䀀䀿䅀䅿䆀䊿䋀䍿䎀䏿/>
<䐀䕿䖀䙿䚀䝿䞀䟿/>
<䠀䢿䣀䧿䨀䪿䫀䬿䭀䯿/>
<䰀䱿䲀䴿䵀䶿䷀䷿一丿乀伿佀便俀俿/>
<倀忿怀濿瀀翿耀迿退/>
<ꀀꑿꒀ꒿꓀꓿ꔀꙀꟿꩿꪀꬿꭀꯀ가꿿/>
<뀀뚿뛀밿뱀뿿/>
<쀀쐿쑀엿였쟿저쩿쪀쿿/>
<퀀툿퉀퐿푀휿흀/>
<豈錄鹿ﬀנּﭿﮀﯿ﴿/>
<︿﹀ﹿﺿﻀ＿｀ｿﾀﺀﷰ/>
<�/>

<𐀀𐄀𐄿𐌀𐌿𐍀𐎿𐏀𐒀/>
<𒀀𒀿𒁀𒉿𒊀𒐀𒐿𒒀𒒿/>
<𗀀𗀿𗁀𗇿𗈀𗗿𗘀𗢿𗣀𗿿/>
<𛀀𛃿𝀀𝀿𝁀𝄀𝄿𝈀𝈿𝌀𝌿/>
<𞸀🀀🀿🂿🄀🄿🚀/>

<力>
<א/>
<س/>
<अ/>
<அ/>
<அ/>
<𐍑/>
<🪐/>
<😀/>
</力>

<ÀÖØöøÿĀĿŀſƀƿǀǿƀƿǀǿȀȿɀɿʀʿˀ˿/>
<ͰͽͿ΀οπϿ/>
<ЀпрѿҠҀҿӀӿԀԿՀտրֿ׀׿/>

<؀ؿـٿڀڿۀۿ/>
<܀ܿ݀݀ݿ/>
<ހ޿ހ޿/>
<ࠀ࠿ࡀࢿࣀࣿऀिीॿ/>
<ঀিী৿/>
<౿ൿවවເༀཀ྿࿀/>
<ကႠᄀᅀᆿᇀᇿሀሿቀቿኀዀዿጀጿፀ/>
<ᚿᛀក/>
<ᢿᣀ᧿ᨀᨿᩀ᪀/>
<ᰀ᰿᱀ᲀᴀᴿᵀᵿᶀᶿḀḿṀṿẀếỀỿ/>
<ἀἿὀᾀ᾿῀/>
<a⁰ⁿ₀₿℀ℿ⅀ⅿↀ/>
<ⰀⰿⱀⱿⲀⲿⳀ⳿ⴀⴿⵀⶀⷀⷿ/>
<⸀⸿⹀⺀⺿⻀⼀⼿⽀⽿⾀⾿⿀/>
<、みむむみむダㄿㆿ㇀ㇿ㈀㈿㋿㌀㏿/>

<㐀㐿㗿㘀㛀㛿㟀㟿/>
<㠀㠿㡀㤿㥀㨿㩀㬿㭀㯿/>
<㰀㰿㱀㶿㷀㼿㽀㾿㿀㿿/>
<䀀䀿䅀䅿䆀䊿䋀䍿䎀䏿/>
<䐀䕿䖀䙿䚀䝿䞀䟿/>
<䠀䢿䣀䧿䨀䪿䫀䬿䭀䯿/>
<䰀䱿䲀䴿䵀䶿䷀䷿一丿乀伿佀便俀俿/>
<倀忿怀濿瀀翿耀迿退/>
<ꀀꑿꒀ꒿꓀꓿ꔀꙀꟿꩿꪀꬿꭀꯀ가꿿/>
<뀀뚿뛀밿뱀뿿/>
<쀀쐿쑀엿였쟿저쩿쪀쿿/>
<퀀툿퉀퐿푀휿흀/>
<豈錄鹿ﬀנּﭿﮀﯿ﴿/>
<︿﹀ﹿﺿﻀ＿｀ｿﾀﺀﷰ/>
<�/>

<𐀀𐄀𐄿𐌀𐌿𐍀𐎿𐏀𐒀/>
<𒀀𒀿𒁀𒉿𒊀𒐀𒐿𒒀𒒿/>
<𗀀𗀿𗁀𗇿𗈀𗗿𗘀𗢿𗣀𗿿/>
<𛀀𛃿𝀀𝀿𝁀𝄀𝄿𝈀𝈿𝌀𝌿/>
<𞸀🀀🀿🂿🄀🄿🚀/>

<力>
<א/>
<س/>
<अ/>
<அ/>
<அ/>
<𐍑/>
<🪐/>
<😀/>
</力>

<ÀÖØöøÿĀĿŀſƀƿǀǿƀƿǀǿȀȿɀɿʀʿˀ˿/>
<ͰͽͿ΀οπϿ/>
<ЀпрѿҠҀҿӀӿԀԿՀտրֿ׀׿/>

<؀ؿـٿڀڿۀۿ/>
<܀ܿ݀݀ݿ/>
<ހ޿ހ޿/>
<ࠀ࠿ࡀࢿࣀࣿऀिीॿ/>
<ঀিী৿/>
<౿ൿවවເༀཀ྿࿀/>
<ကႠᄀᅀᆿᇀᇿሀሿቀቿኀዀዿጀጿፀ/>
<ᚿᛀក/>
<ᢿᣀ᧿ᨀᨿᩀ᪀/>
<ᰀ᰿᱀ᲀᴀᴿᵀᵿᶀᶿḀḿṀṿẀếỀỿ/>
<ἀἿὀᾀ᾿῀/>
<a⁰ⁿ₀₿℀ℿ⅀ⅿↀ/>
<ⰀⰿⱀⱿⲀⲿⳀ⳿ⴀⴿⵀⶀⷀⷿ/>
<⸀⸿⹀⺀⺿⻀⼀⼿⽀⽿⾀⾿⿀/>
<、みむむみむダㄿㆿ㇀ㇿ㈀㈿㋿㌀㏿/>

<㐀㐿㗿㘀㛀㛿㟀㟿/>
<㠀㠿㡀㤿㥀㨿㩀㬿㭀㯿/>
<㰀㰿㱀㶿㷀㼿㽀㾿㿀㿿/>
<䀀䀿䅀䅿䆀䊿䋀䍿䎀䏿/>
<䐀䕿䖀䙿䚀䝿䞀䟿/>
<䠀䢿䣀䧿䨀䪿䫀䬿䭀䯿/>
<䰀䱿䲀䴿䵀䶿䷀䷿一丿乀伿佀便俀俿/>
<倀忿怀濿瀀翿耀迿退/>
<ꀀꑿꒀ꒿꓀꓿ꔀꙀꟿꩿꪀꬿꭀꯀ가꿿/>
<뀀뚿뛀밿뱀뿿/>
<쀀쐿쑀엿였쟿저쩿쪀쿿/>
<퀀툿퉀퐿푀휿흀/>
<豈錄鹿ﬀנּﭿﮀﯿ﴿/>
<︿﹀ﹿﺿﻀ＿｀ｿﾀﺀﷰ/>
<�/>

<𐀀𐄀𐄿𐌀𐌿𐍀𐎿𐏀𐒀/>
<𒀀𒀿𒁀𒉿𒊀𒐀𒐿𒒀𒒿/>
<𗀀𗀿𗁀𗇿𗈀𗗿𗘀𗢿𗣀𗿿/>
<𛀀𛃿𝀀𝀿𝁀𝄀𝄿𝈀𝈿𝌀𝌿/>
<𞸀🀀🀿🂿🄀🄿🚀/>

<力>
<א/>
<س/>
<अ/>
<அ/>
<அ/>
<𐍑/>
<🪐/>
<😀/>
</力>

<ÀÖØöøÿĀĿŀſƀƿǀǿƀƿǀǿȀȿɀɿʀʿˀ˿/>
<ͰͽͿ΀οπϿ/>
<ЀпрѿҠҀҿӀӿԀԿՀտրֿ׀׿/>

<؀ؿـٿڀڿۀۿ/>
<܀ܿ݀݀ݿ/>
<ހ޿ހ޿/>
<ࠀ࠿ࡀࢿࣀࣿऀिीॿ/>
<ঀিী৿/>
<౿ൿවවເༀཀ྿࿀/>
<ကႠᄀᅀᆿᇀᇿሀሿቀቿኀዀዿጀጿፀ/>
<ᚿᛀក/>
<ᢿᣀ᧿ᨀᨿᩀ᪀/>
<ᰀ᰿᱀ᲀᴀᴿᵀᵿᶀᶿḀḿṀṿẀếỀỿ/>
<ἀἿὀᾀ᾿῀/>
<a⁰ⁿ₀₿℀ℿ⅀ⅿↀ/>
<ⰀⰿⱀⱿⲀⲿⳀ⳿ⴀⴿⵀⶀⷀⷿ/>
<⸀⸿⹀⺀⺿⻀⼀⼿⽀⽿⾀⾿⿀/>
<、みむむみむダㄿㆿ㇀ㇿ㈀㈿㋿㌀㏿/>

<㐀㐿㗿㘀㛀㛿㟀㟿/>
<㠀㠿㡀㤿㥀㨿㩀㬿㭀㯿/>
<㰀㰿㱀㶿㷀㼿㽀㾿㿀㿿/>
<䀀䀿䅀䅿䆀䊿䋀䍿䎀䏿/>
<䐀䕿䖀䙿䚀䝿䞀䟿/>
<䠀䢿䣀䧿䨀䪿䫀䬿䭀䯿/>
<䰀䱿䲀䴿䵀䶿䷀䷿一丿乀伿佀便俀俿/>
<倀忿怀濿瀀翿耀迿退/>
<ꀀꑿꒀ꒿꓀꓿ꔀꙀꟿꩿꪀꬿꭀꯀ가꿿/>
<뀀뚿뛀밿뱀뿿/>
<쀀쐿쑀엿였쟿저쩿쪀쿿/>
<퀀툿퉀퐿푀휿흀/>
<豈錄鹿ﬀנּﭿﮀﯿ﴿/>
<︿﹀ﹿﺿﻀ＿｀ｿﾀﺀﷰ/>
<�/>

<𐀀𐄀𐄿𐌀𐌿𐍀𐎿𐏀𐒀/>
<𒀀𒀿𒁀𒉿𒊀𒐀𒐿𒒀𒒿/>
<𗀀𗀿𗁀𗇿𗈀𗗿𗘀𗢿𗣀𗿿/>
<𛀀𛃿𝀀𝀿𝁀𝄀𝄿𝈀𝈿𝌀𝌿/>
<𞸀🀀🀿🂿🄀🄿🚀/>

<力>
<א/>
<س/>
<अ/>
<அ/>
<அ/>
<𐍑/>
<🪐/>
<😀/>
</力>

<ÀÖØöøÿĀĿŀſƀƿǀǿƀƿǀǿȀȿɀɿʀʿˀ˿/>
<ͰͽͿ΀οπϿ/>
<ЀпрѿҠҀҿӀӿԀԿՀտրֿ׀׿/>

<؀ؿـٿڀڿۀۿ/>
<܀ܿ݀݀ݿ/>
<ހ޿ހ޿/>
<ࠀ࠿ࡀࢿࣀࣿऀिीॿ/>
<ঀিী৿/>
<౿ൿවවເༀཀ྿࿀/>
<ကႠᄀᅀᆿᇀᇿሀሿቀቿኀዀዿጀጿፀ/>
<ᚿᛀក/>
<ᢿᣀ᧿ᨀᨿᩀ᪀/>
<ᰀ᰿᱀ᲀᴀᴿᵀᵿᶀᶿḀḿṀṿẀếỀỿ/>
<ἀἿὀᾀ᾿῀/>
<a⁰ⁿ₀₿℀ℿ⅀ⅿↀ/>
<ⰀⰿⱀⱿⲀⲿⳀ⳿ⴀⴿⵀⶀⷀⷿ/>
<⸀⸿⹀⺀⺿⻀⼀⼿⽀⽿⾀⾿⿀/>
<、みむむみむダㄿㆿ㇀ㇿ㈀㈿㋿㌀㏿/>

<㐀㐿㗿㘀㛀㛿㟀㟿/>
<㠀㠿㡀㤿㥀㨿㩀㬿㭀㯿/>
<㰀㰿㱀㶿㷀㼿㽀㾿㿀㿿/>
<䀀䀿䅀䅿䆀䊿䋀䍿䎀䏿/>
<䐀䕿䖀䙿䚀䝿䞀䟿/>
<䠀䢿䣀䧿䨀䪿䫀䬿䭀䯿/>
<䰀䱿䲀䴿䵀䶿䷀䷿一丿乀伿佀便俀俿/>
<倀忿怀濿瀀翿耀迿退/>
<ꀀꑿꒀ꒿꓀꓿ꔀꙀꟿꩿꪀꬿꭀꯀ가꿿/>
<뀀뚿뛀밿뱀뿿/>
<쀀쐿쑀엿였쟿저쩿쪀쿿/>
<퀀툿퉀퐿푀휿흀/>
<豈錄鹿ﬀנּﭿﮀﯿ﴿/>
<︿﹀ﹿﺿﻀ＿｀ｿﾀﺀﷰ/>
<�/>

<𐀀𐄀𐄿𐌀𐌿𐍀𐎿𐏀𐒀/>
<𒀀𒀿𒁀𒉿𒊀𒐀𒐿𒒀𒒿/>
<𗀀𗀿𗁀𗇿𗈀𗗿𗘀𗢿𗣀𗿿/>
<𛀀𛃿𝀀𝀿𝁀𝄀𝄿𝈀𝈿𝌀𝌿/>
<𞸀🀀🀿🂿🄀🄿🚀/>

<力>
<א/>
<س/>
<अ/>
<அ/>
<அ/>
<𐍑/>
<🪐/>
<😀/>
</力>

<ÀÖØöøÿĀĿŀſƀƿǀǿƀƿǀǿȀȿɀɿʀʿˀ˿/>
<ͰͽͿ΀οπϿ/>
<ЀпрѿҠҀҿӀӿԀԿՀտրֿ׀׿/>

<؀ؿـٿڀڿۀۿ/>
<܀ܿ݀݀ݿ/>
<ހ޿ހ޿/>
<ࠀ࠿ࡀࢿࣀࣿऀिीॿ/>
<ঀিী৿/>
<౿ൿවවເༀཀ྿࿀/>
<ကႠᄀᅀᆿᇀᇿሀሿቀቿኀዀዿጀጿፀ/>
<ᚿᛀក/>
<ᢿᣀ᧿ᨀᨿᩀ᪀/>
<ᰀ᰿᱀ᲀᴀᴿᵀᵿᶀᶿḀḿṀṿẀếỀỿ/>
<ἀἿὀᾀ᾿῀/>
<a⁰ⁿ₀₿℀ℿ⅀ⅿↀ/>
<ⰀⰿⱀⱿⲀⲿⳀ⳿ⴀⴿⵀⶀⷀⷿ/>
<⸀⸿⹀⺀⺿⻀⼀⼿⽀⽿⾀⾿⿀/>
<、みむむみむダㄿㆿ㇀ㇿ㈀㈿㋿㌀㏿/>

<㐀㐿㗿㘀㛀㛿㟀㟿/>
<㠀㠿㡀㤿㥀㨿㩀㬿㭀㯿/>
<㰀㰿㱀㶿㷀㼿㽀㾿㿀㿿/>
<䀀䀿䅀䅿䆀䊿䋀䍿䎀䏿/>
<䐀䕿䖀䙿䚀䝿䞀䟿/>
<䠀䢿䣀䧿䨀䪿䫀䬿䭀䯿/>
<䰀䱿䲀䴿䵀䶿䷀䷿一丿乀伿佀便俀俿/>
<倀忿怀濿瀀翿耀迿退/>
<ꀀꑿꒀ꒿꓀꓿ꔀꙀꟿꩿꪀꬿꭀꯀ가꿿/>
<뀀뚿뛀밿뱀뿿/>
<쀀쐿쑀엿였쟿저쩿쪀쿿/>
<퀀툿퉀퐿푀휿흀/>
<豈錄鹿ﬀנּﭿﮀﯿ﴿/>
<︿﹀ﹿﺿﻀ＿｀ｿﾀﺀﷰ/>
<�/>

<𐀀𐄀𐄿𐌀𐌿𐍀𐎿𐏀𐒀/>
<𒀀𒀿𒁀𒉿𒊀𒐀𒐿𒒀𒒿/>
<𗀀𗀿𗁀𗇿𗈀𗗿𗘀𗢿𗣀𗿿/>
<𛀀𛃿𝀀𝀿𝁀𝄀𝄿𝈀𝈿𝌀𝌿/>
<𞸀🀀🀿🂿🄀🄿🚀/>

<力>
<א/>
<س/>
<अ/>
<அ/>
<அ/>
<𐍑/>
<🪐/>
<😀/>
</力>

<ÀÖØöøÿĀĿŀſƀƿǀǿƀƿǀǿȀȿɀɿʀʿˀ˿/>
<ͰͽͿ΀οπϿ/>
<ЀпрѿҠҀҿӀӿԀԿՀտրֿ׀׿/>

<؀ؿـٿڀڿۀۿ/>
<܀ܿ݀݀ݿ/>
<ހ޿ހ޿/>
<ࠀ࠿ࡀࢿࣀࣿऀिीॿ/>
<ঀিী৿/>
<౿ൿවවເༀཀ྿࿀/>
<ကႠᄀᅀᆿᇀᇿሀሿቀቿኀዀዿጀጿፀ/>
<ᚿᛀក/>
<ᢿᣀ᧿ᨀᨿᩀ᪀/>
<ᰀ᰿᱀ᲀᴀᴿᵀᵿᶀᶿḀḿṀṿẀếỀỿ/>
<ἀἿὀᾀ᾿῀/>
<a⁰ⁿ₀₿℀ℿ⅀ⅿↀ/>
<ⰀⰿⱀⱿⲀⲿⳀ⳿ⴀⴿⵀⶀⷀⷿ/>
<⸀⸿⹀⺀⺿⻀⼀⼿⽀⽿⾀⾿⿀/>
<、みむむみむダㄿㆿ㇀ㇿ㈀㈿㋿㌀㏿/>

<㐀㐿㗿㘀㛀㛿㟀㟿/>
<㠀㠿㡀㤿㥀㨿㩀㬿㭀㯿/>
<㰀㰿㱀㶿㷀㼿㽀㾿㿀㿿/>
<䀀䀿䅀䅿䆀䊿䋀䍿䎀䏿/>
<䐀䕿䖀䙿䚀䝿䞀䟿/>
<䠀䢿䣀䧿䨀䪿䫀䬿䭀䯿/>
<䰀䱿䲀䴿䵀䶿䷀䷿一丿乀伿佀便俀俿/>
<倀忿怀濿瀀翿耀迿退/>
<ꀀꑿꒀ꒿꓀꓿ꔀꙀꟿꩿꪀꬿꭀꯀ가꿿/>
<뀀뚿뛀밿뱀뿿/>
<쀀쐿쑀엿였쟿저쩿쪀쿿/>
<퀀툿퉀퐿푀휿흀/>
<豈錄鹿ﬀנּﭿﮀﯿ﴿/>
<︿﹀ﹿﺿﻀ＿｀ｿﾀﺀﷰ/>
<�/>

<𐀀𐄀𐄿𐌀𐌿𐍀𐎿𐏀𐒀/>
<𒀀𒀿𒁀𒉿𒊀𒐀𒐿𒒀𒒿/>
<𗀀𗀿𗁀𗇿𗈀𗗿𗘀𗢿𗣀𗿿/>
<𛀀𛃿𝀀𝀿𝁀𝄀𝄿𝈀𝈿𝌀𝌿/>
<𞸀🀀🀿🂿🄀🄿🚀/>

<力>
<א/>
<س/>
<अ/>
<அ/>
<அ/>
<𐍑/>
<🪐/>
<😀/>
</力>

<ÀÖØöøÿĀĿŀſƀƿǀǿƀƿǀǿȀȿɀɿʀʿˀ˿/>
<ͰͽͿ΀οπϿ/>
<ЀпрѿҠҀҿӀӿԀԿՀտրֿ׀׿/>

<؀ؿـٿڀڿۀۿ/>
<܀ܿ݀݀ݿ/>
<ހ޿ހ޿/>
<ࠀ࠿ࡀࢿࣀࣿऀिीॿ/>
<ঀিী৿/>
<౿ൿවවເༀཀ྿࿀/>
<ကႠᄀᅀᆿᇀᇿሀሿቀቿኀዀዿጀጿፀ/>
<ᚿᛀក/>
<ᢿᣀ᧿ᨀᨿᩀ᪀/>
<ᰀ᰿᱀ᲀᴀᴿᵀᵿᶀᶿḀḿṀṿẀếỀỿ/>
<ἀἿὀᾀ᾿῀/>
<a⁰ⁿ₀₿℀ℿ⅀ⅿↀ/>
<ⰀⰿⱀⱿⲀⲿⳀ⳿ⴀⴿⵀⶀⷀⷿ/>
<⸀⸿⹀⺀⺿⻀⼀⼿⽀⽿⾀⾿⿀/>
<、みむむみむダㄿㆿ㇀ㇿ㈀㈿㋿㌀㏿/>

<㐀㐿㗿㘀㛀㛿㟀㟿/>
<㠀㠿㡀㤿㥀㨿㩀㬿㭀㯿/>
<㰀㰿㱀㶿㷀㼿㽀㾿㿀㿿/>
<䀀䀿䅀䅿䆀䊿䋀䍿䎀䏿/>
<䐀䕿䖀䙿䚀䝿䞀䟿/>
<䠀䢿䣀䧿䨀䪿䫀䬿䭀䯿/>
<䰀䱿䲀䴿䵀䶿䷀䷿一丿乀伿佀便俀俿/>
<倀忿怀濿瀀翿耀迿退/>
<ꀀꑿꒀ꒿꓀꓿ꔀꙀꟿꩿꪀꬿꭀꯀ가꿿/>
<뀀뚿뛀밿뱀뿿/>
<쀀쐿쑀엿였쟿저쩿쪀쿿/>
<퀀툿퉀퐿푀휿흀/>
<豈錄鹿ﬀנּﭿﮀﯿ﴿/>
<︿﹀ﹿﺿﻀ＿｀ｿﾀﺀﷰ/>
<�/>

<𐀀𐄀𐄿𐌀𐌿𐍀𐎿𐏀𐒀/>
<𒀀𒀿𒁀𒉿𒊀𒐀𒐿𒒀𒒿/>
<𗀀𗀿𗁀𗇿𗈀𗗿𗘀𗢿𗣀𗿿/>
<𛀀𛃿𝀀𝀿𝁀𝄀𝄿𝈀𝈿𝌀𝌿/>
<𞸀🀀🀿🂿🄀🄿🚀/>

<力>
<א/>
<س/>
<अ/>
<அ/>
<அ/>
<𐍑/>
<🪐/>
<😀/>
</力>

<ÀÖØöøÿĀĿŀſƀƿǀǿƀƿǀǿȀȿɀɿʀʿˀ˿/>
<ͰͽͿ΀οπϿ/>
<ЀпрѿҠҀҿӀӿԀԿՀտրֿ׀׿/>

<؀ؿـٿڀڿۀۿ/>
<܀ܿ݀݀ݿ/>
<ހ޿ހ޿/>
<ࠀ࠿ࡀࢿࣀࣿऀिीॿ/>
<ঀিী৿/>
<౿ൿවවເༀཀ྿࿀/>
<ကႠᄀᅀᆿᇀᇿሀሿቀቿኀዀዿጀጿፀ/>
<ᚿᛀក/>
<ᢿᣀ᧿ᨀᨿᩀ᪀/>
<ᰀ᰿᱀ᲀᴀᴿᵀᵿᶀᶿḀḿṀṿẀếỀỿ/>
<ἀἿὀᾀ᾿῀/>
<a⁰ⁿ₀₿℀ℿ⅀ⅿↀ/>
<ⰀⰿⱀⱿⲀⲿⳀ⳿ⴀⴿⵀⶀⷀⷿ/>
<⸀⸿⹀⺀⺿⻀⼀⼿⽀⽿⾀⾿⿀/>
<、みむむみむダㄿㆿ㇀ㇿ㈀㈿㋿㌀㏿/>

<㐀㐿㗿㘀㛀㛿㟀㟿/>
<㠀㠿㡀㤿㥀㨿㩀㬿㭀㯿/>
<㰀㰿㱀㶿㷀㼿㽀㾿㿀㿿/>
<䀀䀿䅀䅿䆀䊿䋀䍿䎀䏿/>
<䐀䕿䖀䙿䚀䝿䞀䟿/>
<䠀䢿䣀䧿䨀䪿䫀䬿䭀䯿/>
<䰀䱿䲀䴿䵀䶿䷀䷿一丿乀伿佀便俀俿/>
<倀忿怀濿瀀翿耀迿退/>
<ꀀꑿꒀ꒿꓀꓿ꔀꙀꟿꩿꪀꬿꭀꯀ가꿿/>
<뀀뚿뛀밿뱀뿿/>
<쀀쐿쑀엿였쟿저쩿쪀쿿/>
<퀀툿퉀퐿푀휿흀/>
<豈錄鹿ﬀנּﭿﮀﯿ﴿/>
<︿﹀ﹿﺿﻀ＿｀ｿﾀﺀﷰ/>
<�/>

<𐀀𐄀𐄿𐌀𐌿𐍀𐎿𐏀𐒀/>
<𒀀𒀿𒁀𒉿𒊀𒐀𒐿𒒀𒒿/>
<𗀀𗀿𗁀𗇿𗈀𗗿𗘀𗢿𗣀𗿿/>
<𛀀𛃿𝀀𝀿𝁀𝄀𝄿𝈀𝈿𝌀𝌿/>
<𞸀🀀🀿🂿🄀🄿🚀/>

<力>
<א/>
<س/>
<अ/>
<அ/>
<அ/>
<𐍑/>
<🪐/>
<😀/>
</力>

<ÀÖØöøÿĀĿŀſƀƿǀǿƀƿǀǿȀȿɀɿʀʿˀ˿/>
<ͰͽͿ΀οπϿ/>
<ЀпрѿҠҀҿӀӿԀԿՀտրֿ׀׿/>

<؀ؿـٿڀڿۀۿ/>
<܀ܿ݀݀ݿ/>
<ހ޿ހ޿/>
<ࠀ࠿ࡀࢿࣀࣿऀिीॿ/>
<ঀিী৿/>
<౿ൿවවເༀཀ྿࿀/>
<ကႠᄀᅀᆿᇀᇿሀሿቀቿኀዀዿጀጿፀ/>
<ᚿᛀក/>
<ᢿᣀ᧿ᨀᨿᩀ᪀/>
<ᰀ᰿᱀ᲀᴀᴿᵀᵿᶀᶿḀḿṀṿẀếỀỿ/>
<ἀἿὀᾀ᾿῀/>
<a⁰ⁿ₀₿℀ℿ⅀ⅿↀ/>
<ⰀⰿⱀⱿⲀⲿⳀ⳿ⴀⴿⵀⶀⷀⷿ/>
<⸀⸿⹀⺀⺿⻀⼀⼿⽀⽿⾀⾿⿀/>
<、みむむみむダㄿㆿ㇀ㇿ㈀㈿㋿㌀㏿/>

<㐀㐿㗿㘀㛀㛿㟀㟿/>
<㠀㠿㡀㤿㥀㨿㩀㬿㭀㯿/>
<㰀㰿㱀㶿㷀㼿㽀㾿㿀㿿/>
<䀀䀿䅀䅿䆀䊿䋀䍿䎀䏿/>
<䐀䕿䖀䙿䚀䝿䞀䟿/>
<䠀䢿䣀䧿䨀䪿䫀䬿䭀䯿/>
<䰀䱿䲀䴿䵀䶿䷀䷿一丿乀伿佀便俀俿/>
<倀忿怀濿瀀翿耀迿退/>
<ꀀꑿꒀ꒿꓀꓿ꔀꙀꟿꩿꪀꬿꭀꯀ가꿿/>
<뀀뚿뛀밿뱀뿿/>
<쀀쐿쑀엿였쟿저쩿쪀쿿/>
<퀀툿퉀퐿푀휿흀/>
<豈錄鹿ﬀנּﭿﮀﯿ﴿/>
<︿﹀ﹿﺿﻀ＿｀ｿﾀﺀﷰ/>
<�/>

<𐀀𐄀𐄿𐌀𐌿𐍀𐎿𐏀𐒀/>
<𒀀𒀿𒁀𒉿𒊀𒐀𒐿𒒀𒒿/>
<𗀀𗀿𗁀𗇿𗈀𗗿𗘀𗢿𗣀𗿿/>
<𛀀𛃿𝀀𝀿𝁀𝄀𝄿𝈀𝈿𝌀𝌿/>
<𞸀🀀🀿🂿🄀🄿🚀/>

<力>
<א/>
<س/>
<अ/>
<அ/>
<அ/>
<𐍑/>
<🪐/>
<😀/>
</力>

<ÀÖØöøÿĀĿŀſƀƿǀǿƀƿǀǿȀȿɀɿʀʿˀ˿/>
<ͰͽͿ΀οπϿ/>
<ЀпрѿҠҀҿӀӿԀԿՀտրֿ׀׿/>

<؀ؿـٿڀڿۀۿ/>
<܀ܿ݀݀ݿ/>
<ހ޿ހ޿/>
<ࠀ࠿ࡀࢿࣀࣿऀिीॿ/>
<ঀিী৿/>
<౿ൿවවເༀཀ྿࿀/>
<ကႠᄀᅀᆿᇀᇿሀሿቀቿኀዀዿጀጿፀ/>
<ᚿᛀក/>
<ᢿᣀ᧿ᨀᨿᩀ᪀/>
<ᰀ᰿᱀ᲀᴀᴿᵀᵿᶀᶿḀḿṀṿẀếỀỿ/>
<ἀἿὀᾀ᾿῀/>
<a⁰ⁿ₀₿℀ℿ⅀ⅿↀ/>
<ⰀⰿⱀⱿⲀⲿⳀ⳿ⴀⴿⵀⶀⷀⷿ/>
<⸀⸿⹀⺀⺿⻀⼀⼿⽀⽿⾀⾿⿀/>
<、みむむみむダㄿㆿ㇀ㇿ㈀㈿㋿㌀㏿/>

<㐀㐿㗿㘀㛀㛿㟀㟿/>
<㠀㠿㡀㤿㥀㨿㩀㬿㭀㯿/>
<㰀㰿㱀㶿㷀㼿㽀㾿㿀㿿/>
<䀀䀿䅀䅿䆀䊿䋀䍿䎀䏿/>
<䐀䕿䖀䙿䚀䝿䞀䟿/>
<䠀䢿䣀䧿䨀䪿䫀䬿䭀䯿/>
<䰀䱿䲀䴿䵀䶿䷀䷿一丿乀伿佀便俀俿/>
<倀忿怀濿瀀翿耀迿退/>
<ꀀꑿꒀ꒿꓀꓿ꔀꙀꟿꩿꪀꬿꭀꯀ가꿿/>
<뀀뚿뛀밿뱀뿿/>
<쀀쐿쑀엿였쟿저쩿쪀쿿/>
<퀀툿퉀퐿푀휿흀/>
<豈錄鹿ﬀנּﭿﮀﯿ﴿/>
<︿﹀ﹿﺿﻀ＿｀ｿﾀﺀﷰ/>
<�/>

<𐀀𐄀𐄿𐌀𐌿𐍀𐎿𐏀𐒀/>
<𒀀𒀿𒁀𒉿𒊀𒐀𒐿𒒀𒒿/>
<𗀀𗀿𗁀𗇿𗈀𗗿𗘀𗢿𗣀𗿿/>
<𛀀𛃿𝀀𝀿𝁀𝄀𝄿𝈀𝈿𝌀𝌿/>
<𞸀🀀🀿🂿🄀🄿🚀/>

<力>
<א/>
<س/>
<अ/>
<அ/>
<அ/>
<𐍑/>
<🪐/>
<😀/>
</力>

<ÀÖØöøÿĀĿŀſƀƿǀǿƀƿǀǿȀȿɀɿʀʿˀ˿/>
<ͰͽͿ΀οπϿ/>
<ЀпрѿҠҀҿӀӿԀԿՀտրֿ׀׿/>

<؀ؿـٿڀڿۀۿ/>
<܀ܿ݀݀ݿ/>
<ހ޿ހ޿/>
<ࠀ࠿ࡀࢿࣀࣿऀिीॿ/>
<ঀিী৿/>
<౿ൿවවເༀཀ྿࿀/>
<ကႠᄀᅀᆿᇀᇿሀሿቀቿኀዀዿጀጿፀ/>
<ᚿᛀក/>
<ᢿᣀ᧿ᨀᨿᩀ᪀/>
<ᰀ᰿᱀ᲀᴀᴿᵀᵿᶀᶿḀḿṀṿẀếỀỿ/>
<ἀἿὀᾀ᾿῀/>
<a⁰ⁿ₀₿℀ℿ⅀ⅿↀ/>
<ⰀⰿⱀⱿⲀⲿⳀ⳿ⴀⴿⵀⶀⷀⷿ/>
<⸀⸿⹀⺀⺿⻀⼀⼿⽀⽿⾀⾿⿀/>
<、みむむみむダㄿㆿ㇀ㇿ㈀㈿㋿㌀㏿/>

<㐀㐿㗿㘀㛀㛿㟀㟿/>
<㠀㠿㡀㤿㥀㨿㩀㬿㭀㯿/>
<㰀㰿㱀㶿㷀㼿㽀㾿㿀㿿/>
<䀀䀿䅀䅿䆀䊿䋀䍿䎀䏿/>
<䐀䕿䖀䙿䚀䝿䞀䟿/>
<䠀䢿䣀䧿䨀䪿䫀䬿䭀䯿/>
<䰀䱿䲀䴿䵀䶿䷀䷿一丿乀伿佀便俀俿/>
<倀忿怀濿瀀翿耀迿退/>
<ꀀꑿꒀ꒿꓀꓿ꔀꙀꟿꩿꪀꬿꭀꯀ가꿿/>
<뀀뚿뛀밿뱀뿿/>
<쀀쐿쑀엿였쟿저쩿쪀쿿/>
<퀀툿퉀퐿푀휿흀/>
<豈錄鹿ﬀנּﭿﮀﯿ﴿/>
<︿﹀ﹿﺿﻀ＿｀ｿﾀﺀﷰ/>
<�/>

<𐀀𐄀𐄿𐌀𐌿𐍀𐎿𐏀𐒀/>
<𒀀𒀿𒁀𒉿𒊀𒐀𒐿𒒀𒒿/>
<𗀀𗀿𗁀𗇿𗈀𗗿𗘀𗢿𗣀𗿿/>
<𛀀𛃿𝀀𝀿𝁀𝄀𝄿𝈀𝈿𝌀𝌿/>
<𞸀🀀🀿🂿🄀🄿🚀/>

<力>
<א/>
<س/>
<अ/>
<அ/>
<அ/>
<𐍑/>
<🪐/>
<😀/>
</力>

<ÀÖØöøÿĀĿŀſƀƿǀǿƀƿǀǿȀȿɀɿʀʿˀ˿/>
<ͰͽͿ΀οπϿ/>
<ЀпрѿҠҀҿӀӿԀԿՀտրֿ׀׿/>

<؀ؿـٿڀڿۀۿ/>
<܀ܿ݀݀ݿ/>
<ހ޿ހ޿/>
<ࠀ࠿ࡀࢿࣀࣿऀिीॿ/>
<ঀিী৿/>
<౿ൿවවເༀཀ྿࿀/>
<ကႠᄀᅀᆿᇀᇿሀሿቀቿኀዀዿጀጿፀ/>
<ᚿᛀក/>
<ᢿᣀ᧿ᨀᨿᩀ᪀/>
<ᰀ᰿᱀ᲀᴀᴿᵀᵿᶀᶿḀḿṀṿẀếỀỿ/>
<ἀἿὀᾀ᾿῀/>
<a⁰ⁿ₀₿℀ℿ⅀ⅿↀ/>
<ⰀⰿⱀⱿⲀⲿⳀ⳿ⴀⴿⵀⶀⷀⷿ/>
<⸀⸿⹀⺀⺿⻀⼀⼿⽀⽿⾀⾿⿀/>
<、みむむみむダㄿㆿ㇀ㇿ㈀㈿㋿㌀㏿/>

<㐀㐿㗿㘀㛀㛿㟀㟿/>
<㠀㠿㡀㤿㥀㨿㩀㬿㭀㯿/>
<㰀㰿㱀㶿㷀㼿㽀㾿㿀㿿/>
<䀀䀿䅀䅿䆀䊿䋀䍿䎀䏿/>
<䐀䕿䖀䙿䚀䝿䞀䟿/>
<䠀䢿䣀䧿䨀䪿䫀䬿䭀䯿/>
<䰀䱿䲀䴿䵀䶿䷀䷿一丿乀伿佀便俀俿/>
<倀忿怀濿瀀翿耀迿退/>
<ꀀꑿꒀ꒿꓀꓿ꔀꙀꟿꩿꪀꬿꭀꯀ가꿿/>
<뀀뚿뛀밿뱀뿿/>
<쀀쐿쑀엿였쟿저쩿쪀쿿/>
<퀀툿퉀퐿푀휿흀/>
<豈錄鹿ﬀנּﭿﮀﯿ﴿/>
<︿﹀ﹿﺿﻀ＿｀ｿﾀﺀﷰ/>
<�/>

<𐀀𐄀𐄿𐌀𐌿𐍀𐎿𐏀𐒀/>
<𒀀𒀿𒁀𒉿𒊀𒐀𒐿𒒀𒒿/>
<𗀀𗀿𗁀𗇿𗈀𗗿𗘀𗢿𗣀𗿿/>
<𛀀𛃿𝀀𝀿𝁀𝄀𝄿𝈀𝈿𝌀𝌿/>
<𞸀🀀🀿🂿🄀🄿🚀/>

<力>
<א/>
<س/>
<अ/>
<அ/>
<அ/>
<𐍑/>
<🪐/>
<😀/>
</力>

<ÀÖØöøÿĀĿŀſƀƿǀǿƀƿǀǿȀȿɀɿʀʿˀ˿/>
<ͰͽͿ΀οπϿ/>
<ЀпрѿҠҀҿӀӿԀԿՀտրֿ׀׿/>

<؀ؿـٿڀڿۀۿ/>
<܀ܿ݀݀ݿ/>
<ހ޿ހ޿/>
<ࠀ࠿ࡀࢿࣀࣿऀिीॿ/>
<ঀিী৿/>
<౿ൿවවເༀཀ྿࿀/>
<ကႠᄀᅀᆿᇀᇿሀሿቀቿኀዀዿጀጿፀ/>
<ᚿᛀក/>
<ᢿᣀ᧿ᨀᨿᩀ᪀/>
<ᰀ᰿᱀ᲀᴀᴿᵀᵿᶀᶿḀḿṀṿẀếỀỿ/>
<ἀἿὀᾀ᾿῀/>
<a⁰ⁿ₀₿℀ℿ⅀ⅿↀ/>
<ⰀⰿⱀⱿⲀⲿⳀ⳿ⴀⴿⵀⶀⷀⷿ/>
<⸀⸿⹀⺀⺿⻀⼀⼿⽀⽿⾀⾿⿀/>
<、みむむみむダㄿㆿ㇀ㇿ㈀㈿㋿㌀㏿/>

<㐀㐿㗿㘀㛀㛿㟀㟿/>
<㠀㠿㡀㤿㥀㨿㩀㬿㭀㯿/>
<㰀㰿㱀㶿㷀㼿㽀㾿㿀㿿/>
<䀀䀿䅀䅿䆀䊿䋀䍿䎀䏿/>
<䐀䕿䖀䙿䚀䝿䞀䟿/>
<䠀䢿䣀䧿䨀䪿䫀䬿䭀䯿/>
<䰀䱿䲀䴿䵀䶿䷀䷿一丿乀伿佀便俀俿/>
<倀忿怀濿瀀翿耀迿退/>
<ꀀꑿꒀ꒿꓀꓿ꔀꙀꟿꩿꪀꬿꭀꯀ가꿿/>
<뀀뚿뛀밿뱀뿿/>
<쀀쐿쑀엿였쟿저쩿쪀쿿/>
<퀀툿퉀퐿푀휿흀/>
<豈錄鹿ﬀנּﭿﮀﯿ﴿/>
<︿﹀ﹿﺿﻀ＿｀ｿﾀﺀﷰ/>
<�/>

<𐀀𐄀𐄿𐌀𐌿𐍀𐎿𐏀𐒀/>
<𒀀𒀿𒁀𒉿𒊀𒐀𒐿𒒀𒒿/>
<𗀀𗀿𗁀𗇿𗈀𗗿𗘀𗢿𗣀𗿿/>
<𛀀𛃿𝀀𝀿𝁀𝄀𝄿𝈀𝈿𝌀𝌿/>
<𞸀🀀🀿🂿🄀🄿🚀/>

<力>
<א/>
<س/>
<अ/>
<அ/>
<அ/>
<𐍑/>
<🪐/>
<😀/>
</力>

<ÀÖØöøÿĀĿŀſƀƿǀǿƀƿǀǿȀȿɀɿʀʿˀ˿/>
<ͰͽͿ΀οπϿ/>
<ЀпрѿҠҀҿӀӿԀԿՀտրֿ׀׿/>

<؀ؿـٿڀڿۀۿ/>
<܀ܿ݀݀ݿ/>
<ހ޿ހ޿/>
<ࠀ࠿ࡀࢿࣀࣿऀिीॿ/>
<ঀিী৿/>
<౿ൿවවເༀཀ྿࿀/>
<ကႠᄀᅀᆿᇀᇿሀሿቀቿኀዀዿጀጿፀ/>
<ᚿᛀក/>
<ᢿᣀ᧿ᨀᨿᩀ᪀/>
<ᰀ᰿᱀ᲀᴀᴿᵀᵿᶀᶿḀḿṀṿẀếỀỿ/>
<ἀἿὀᾀ᾿῀/>
<a⁰ⁿ₀₿℀ℿ⅀ⅿↀ/>
<ⰀⰿⱀⱿⲀⲿⳀ⳿ⴀⴿⵀⶀⷀⷿ/>
<⸀⸿⹀⺀⺿⻀⼀⼿⽀⽿⾀⾿⿀/>
<、みむむみむダㄿㆿ㇀ㇿ㈀㈿㋿㌀㏿/>

<㐀㐿㗿㘀㛀㛿㟀㟿/>
<㠀㠿㡀㤿㥀㨿㩀㬿㭀㯿/>
<㰀㰿㱀㶿㷀㼿㽀㾿㿀㿿/>
<䀀䀿䅀䅿䆀䊿䋀䍿䎀䏿/>
<䐀䕿䖀䙿䚀䝿䞀䟿/>
<䠀䢿䣀䧿䨀䪿䫀䬿䭀䯿/>
<䰀䱿䲀䴿䵀䶿䷀䷿一丿乀伿佀便俀俿/>
<倀忿怀濿瀀翿耀迿退/>
<ꀀꑿꒀ꒿꓀꓿ꔀꙀꟿꩿꪀꬿꭀꯀ가꿿/>
<뀀뚿뛀밿뱀뿿/>
<쀀쐿쑀엿였쟿저쩿쪀쿿/>
<퀀툿퉀퐿푀휿흀/>
<豈錄鹿ﬀנּﭿﮀﯿ﴿/>
<︿﹀ﹿﺿﻀ＿｀ｿﾀﺀﷰ/>
<�/>

<𐀀𐄀𐄿𐌀𐌿𐍀𐎿𐏀𐒀/>
<𒀀𒀿𒁀𒉿𒊀𒐀𒐿𒒀𒒿/>
<𗀀𗀿𗁀𗇿𗈀𗗿𗘀𗢿𗣀𗿿/>
<𛀀𛃿𝀀𝀿𝁀𝄀𝄿𝈀𝈿𝌀𝌿/>
<𞸀🀀🀿🂿🄀🄿🚀/>

<力>
<א/>
<س/>
<अ/>
<அ/>
<அ/>
<𐍑/>
<🪐/>
<😀/>
</力>

<ÀÖØöøÿĀĿŀſƀƿǀǿƀƿǀǿȀȿɀɿʀʿˀ˿/>
<ͰͽͿ΀οπϿ/>
<ЀпрѿҠҀҿӀӿԀԿՀտրֿ׀׿/>

<؀ؿـٿڀڿۀۿ/>
<܀ܿ݀݀ݿ/>
<ހ޿ހ޿/>
<ࠀ࠿ࡀࢿࣀࣿऀिीॿ/>
<ঀিী৿/>
<౿ൿවවເༀཀ྿࿀/>
<ကႠᄀᅀᆿᇀᇿሀሿቀቿኀዀዿጀጿፀ/>
<ᚿᛀក/>
<ᢿᣀ᧿ᨀᨿᩀ᪀/>
<ᰀ᰿᱀ᲀᴀᴿᵀᵿᶀᶿḀḿṀṿẀếỀỿ/>
<ἀἿὀᾀ᾿῀/>
<a⁰ⁿ₀₿℀ℿ⅀ⅿↀ/>
<ⰀⰿⱀⱿⲀⲿⳀ⳿ⴀⴿⵀⶀⷀⷿ/>
<⸀⸿⹀⺀⺿⻀⼀⼿⽀⽿⾀⾿⿀/>
<、みむむみむダㄿㆿ㇀ㇿ㈀㈿㋿㌀㏿/>

<㐀㐿㗿㘀㛀㛿㟀㟿/>
<㠀㠿㡀㤿㥀㨿㩀㬿㭀㯿/>
<㰀㰿㱀㶿㷀㼿㽀㾿㿀㿿/>
<䀀䀿䅀䅿䆀䊿䋀䍿䎀䏿/>
<䐀䕿䖀䙿䚀䝿䞀䟿/>
<䠀䢿䣀䧿䨀䪿䫀䬿䭀䯿/>
<䰀䱿䲀䴿䵀䶿䷀䷿一丿乀伿佀便俀俿/>
<倀忿怀濿瀀翿耀迿退/>
<ꀀꑿꒀ꒿꓀꓿ꔀꙀꟿꩿꪀꬿꭀꯀ가꿿/>
<뀀뚿뛀밿뱀뿿/>
<쀀쐿쑀엿였쟿저쩿쪀쿿/>
<퀀툿퉀퐿푀휿흀/>
<豈錄鹿ﬀנּﭿﮀﯿ﴿/>
<︿﹀ﹿﺿﻀ＿｀ｿﾀﺀﷰ/>
<�/>

<𐀀𐄀𐄿𐌀𐌿𐍀𐎿𐏀𐒀/>
<𒀀𒀿𒁀𒉿𒊀𒐀𒐿𒒀𒒿/>
<𗀀𗀿𗁀𗇿𗈀𗗿𗘀𗢿𗣀𗿿/>
<𛀀𛃿𝀀𝀿𝁀𝄀𝄿𝈀𝈿𝌀𝌿/>
<𞸀🀀🀿🂿🄀🄿🚀/>

<力>
<א/>
<س/>
<अ/>
<அ/>
<அ/>
<𐍑/>
<🪐/>
<😀/>
</力>

<ÀÖØöøÿĀĿŀſƀƿǀǿƀƿǀǿȀȿɀɿʀʿˀ˿/>
<ͰͽͿ΀οπϿ/>
<ЀпрѿҠҀҿӀӿԀԿՀտրֿ׀׿/>

<؀ؿـٿڀڿۀۿ/>
<܀ܿ݀݀ݿ/>
<ހ޿ހ޿/>
<ࠀ࠿ࡀࢿࣀࣿऀिीॿ/>
<ঀিী৿/>
<౿ൿවවເༀཀ྿࿀/>
<ကႠᄀᅀᆿᇀᇿሀሿቀቿኀዀዿጀጿፀ/>
<ᚿᛀក/>
<ᢿᣀ᧿ᨀᨿᩀ᪀/>
<ᰀ᰿᱀ᲀᴀᴿᵀᵿᶀᶿḀḿṀṿẀếỀỿ/>
<ἀἿὀᾀ᾿῀/>
<a⁰ⁿ₀₿℀ℿ⅀ⅿↀ/>
<ⰀⰿⱀⱿⲀⲿⳀ⳿ⴀⴿⵀⶀⷀⷿ/>
<⸀⸿⹀⺀⺿⻀⼀⼿⽀⽿⾀⾿⿀/>
<、みむむみむダㄿㆿ㇀ㇿ㈀㈿㋿㌀㏿/>

<㐀㐿㗿㘀㛀㛿㟀㟿/>
<㠀㠿㡀㤿㥀㨿㩀㬿㭀㯿/>
<㰀㰿㱀㶿㷀㼿㽀㾿㿀㿿/>
<䀀䀿䅀䅿䆀䊿䋀䍿䎀䏿/>
<䐀䕿䖀䙿䚀䝿䞀䟿/>
<䠀䢿䣀䧿䨀䪿䫀䬿䭀䯿/>
<䰀䱿䲀䴿䵀䶿䷀䷿一丿乀伿佀便俀俿/>
<倀忿怀濿瀀翿耀迿退/>
<ꀀꑿꒀ꒿꓀꓿ꔀꙀꟿꩿꪀꬿꭀꯀ가꿿/>
<뀀뚿뛀밿뱀뿿/>
<쀀쐿쑀엿였쟿저쩿쪀쿿/>
<퀀툿퉀퐿푀휿흀/>
<豈錄鹿ﬀנּﭿﮀﯿ﴿/>
<︿﹀ﹿﺿﻀ＿｀ｿﾀﺀﷰ/>
<�/>

<𐀀𐄀𐄿𐌀𐌿𐍀𐎿𐏀𐒀/>
<𒀀𒀿𒁀𒉿𒊀𒐀𒐿𒒀𒒿/>
<𗀀𗀿𗁀𗇿𗈀𗗿𗘀𗢿𗣀𗿿/>
<𛀀𛃿𝀀𝀿𝁀𝄀𝄿𝈀𝈿𝌀𝌿/>
<𞸀🀀🀿🂿🄀🄿🚀/>

<力>
<א/>
<س/>
<अ/>
<அ/>
<அ/>
<𐍑/>
<🪐/>
<😀/>
</力>

<ÀÖØöøÿĀĿŀſƀƿǀǿƀƿǀǿȀȿɀɿʀʿˀ˿/>
<ͰͽͿ΀οπϿ/>
<ЀпрѿҠҀҿӀӿԀԿՀտրֿ׀׿/>

<؀ؿـٿڀڿۀۿ/>
<܀ܿ݀݀ݿ/>
<ހ޿ހ޿/>
<ࠀ࠿ࡀࢿࣀࣿऀिीॿ/>
<ঀিী৿/>
<౿ൿවවເༀཀ྿࿀/>
<ကႠᄀᅀᆿᇀᇿሀሿቀቿኀዀዿጀጿፀ/>
<ᚿᛀក/>
<ᢿᣀ᧿ᨀᨿᩀ᪀/>
<ᰀ᰿᱀ᲀᴀᴿᵀᵿᶀᶿḀḿṀṿẀếỀỿ/>
<ἀἿὀᾀ᾿῀/>
<a⁰ⁿ₀₿℀ℿ⅀ⅿↀ/>
<ⰀⰿⱀⱿⲀⲿⳀ⳿ⴀⴿⵀⶀⷀⷿ/>
<⸀⸿⹀⺀⺿⻀⼀⼿⽀⽿⾀⾿⿀/>
<、みむむみむダㄿㆿ㇀ㇿ㈀㈿㋿㌀㏿/>

<㐀㐿㗿㘀㛀㛿㟀㟿/>
<㠀㠿㡀㤿㥀㨿㩀㬿㭀㯿/>
<㰀㰿㱀㶿㷀㼿㽀㾿㿀㿿/>
<䀀䀿䅀䅿䆀䊿䋀䍿䎀䏿/>
<䐀䕿䖀䙿䚀䝿䞀䟿/>
<䠀䢿䣀䧿䨀䪿䫀䬿䭀䯿/>
<䰀䱿䲀䴿䵀䶿䷀䷿一丿乀伿佀便俀俿/>
<倀忿怀濿瀀翿耀迿退/>
<ꀀꑿꒀ꒿꓀꓿ꔀꙀꟿꩿꪀꬿꭀꯀ가꿿/>
<뀀뚿뛀밿뱀뿿/>
<쀀쐿쑀엿였쟿저쩿쪀쿿/>
<퀀툿퉀퐿푀휿흀/>
<豈錄鹿ﬀנּﭿﮀﯿ﴿/>
<︿﹀ﹿﺿﻀ＿｀ｿﾀﺀﷰ/>
<�/>

<𐀀𐄀𐄿𐌀𐌿𐍀𐎿𐏀𐒀/>
<𒀀𒀿𒁀𒉿𒊀𒐀𒐿𒒀𒒿/>
<𗀀𗀿𗁀𗇿𗈀𗗿𗘀𗢿𗣀𗿿/>
<𛀀𛃿𝀀𝀿𝁀𝄀𝄿𝈀𝈿𝌀𝌿/>
<𞸀🀀🀿🂿🄀🄿🚀/>

<力>
<א/>
<س/>
<अ/>
<அ/>
<அ/>
<𐍑/>
<🪐/>
<😀/>
</力>

<ÀÖØöøÿĀĿŀſƀƿǀǿƀƿǀǿȀȿɀɿʀʿˀ˿/>
<ͰͽͿ΀οπϿ/>
<ЀпрѿҠҀҿӀӿԀԿՀտրֿ׀׿/>

<؀ؿـٿڀڿۀۿ/>
<܀ܿ݀݀ݿ/>
<ހ޿ހ޿/>
<ࠀ࠿ࡀࢿࣀࣿऀिीॿ/>
<ঀিী৿/>
<౿ൿවවເༀཀ྿࿀/>
<ကႠᄀᅀᆿᇀᇿሀሿቀቿኀዀዿጀጿፀ/>
<ᚿᛀក/>
<ᢿᣀ᧿ᨀᨿᩀ᪀/>
<ᰀ᰿᱀ᲀᴀᴿᵀᵿᶀᶿḀḿṀṿẀếỀỿ/>
<ἀἿὀᾀ᾿῀/>
<a⁰ⁿ₀₿℀ℿ⅀ⅿↀ/>
<ⰀⰿⱀⱿⲀⲿⳀ⳿ⴀⴿⵀⶀⷀⷿ/>
<⸀⸿⹀⺀⺿⻀⼀⼿⽀⽿⾀⾿⿀/>
<、みむむみむダㄿㆿ㇀ㇿ㈀㈿㋿㌀㏿/>

<㐀㐿㗿㘀㛀㛿㟀㟿/>
<㠀㠿㡀㤿㥀㨿㩀㬿㭀㯿/>
<㰀㰿㱀㶿㷀㼿㽀㾿㿀㿿/>
<䀀䀿䅀䅿䆀䊿䋀䍿䎀䏿/>
<䐀䕿䖀䙿䚀䝿䞀䟿/>
<䠀䢿䣀䧿䨀䪿䫀䬿䭀䯿/>
<䰀䱿䲀䴿䵀䶿䷀䷿一丿乀伿佀便俀俿/>
<倀忿怀濿瀀翿耀迿退/>
<ꀀꑿꒀ꒿꓀꓿ꔀꙀꟿꩿꪀꬿꭀꯀ가꿿/>
<뀀뚿뛀밿뱀뿿/>
<쀀쐿쑀엿였쟿저쩿쪀쿿/>
<퀀툿퉀퐿푀휿흀/>
<豈錄鹿ﬀנּﭿﮀﯿ﴿/>
<︿﹀ﹿﺿﻀ＿｀ｿﾀﺀﷰ/>
<�/>

<𐀀𐄀𐄿𐌀𐌿𐍀𐎿𐏀𐒀/>
<𒀀𒀿𒁀𒉿𒊀𒐀𒐿𒒀𒒿/>
<𗀀𗀿𗁀𗇿𗈀𗗿𗘀𗢿𗣀𗿿/>
<𛀀𛃿𝀀𝀿𝁀𝄀𝄿𝈀𝈿𝌀𝌿/>
<𞸀🀀🀿🂿🄀🄿🚀/>

<力>
<א/>
<س/>
<अ/>
<அ/>
<அ/>
<𐍑/>
<🪐/>
<😀/>
</力>

<ÀÖØöøÿĀĿŀſƀƿǀǿƀƿǀǿȀȿɀɿʀʿˀ˿/>
<ͰͽͿ΀οπϿ/>
<ЀпрѿҠҀҿӀӿԀԿՀտրֿ׀׿/>

<؀ؿـٿڀڿۀۿ/>
<܀ܿ݀݀ݿ/>
<ހ޿ހ޿/>
<ࠀ࠿ࡀࢿࣀࣿऀिीॿ/>
<ঀিী৿/>
<౿ൿවවເༀཀ྿࿀/>
<ကႠᄀᅀᆿᇀᇿሀሿቀቿኀዀዿጀጿፀ/>
<ᚿᛀក/>
<ᢿᣀ᧿ᨀᨿᩀ᪀/>
<ᰀ᰿᱀ᲀᴀᴿᵀᵿᶀᶿḀḿṀṿẀếỀỿ/>
<ἀἿὀᾀ᾿῀/>
<a⁰ⁿ₀₿℀ℿ⅀ⅿↀ/>
<ⰀⰿⱀⱿⲀⲿⳀ⳿ⴀⴿⵀⶀⷀⷿ/>
<⸀⸿⹀⺀⺿⻀⼀⼿⽀⽿⾀⾿⿀/>
<、みむむみむダㄿㆿ㇀ㇿ㈀㈿㋿㌀㏿/>

<㐀㐿㗿㘀㛀㛿㟀㟿/>
<㠀㠿㡀㤿㥀㨿㩀㬿㭀㯿/>
<㰀㰿㱀㶿㷀㼿㽀㾿㿀㿿/>
<䀀䀿䅀䅿䆀䊿䋀䍿䎀䏿/>
<䐀䕿䖀䙿䚀䝿䞀䟿/>
<䠀䢿䣀䧿䨀䪿䫀䬿䭀䯿/>
<䰀䱿䲀䴿䵀䶿䷀䷿一丿乀伿佀便俀俿/>
<倀忿怀濿瀀翿耀迿退/>
<ꀀꑿꒀ꒿꓀꓿ꔀꙀꟿꩿꪀꬿꭀꯀ가꿿/>
<뀀뚿뛀밿뱀뿿/>
<쀀쐿쑀엿였쟿저쩿쪀쿿/>
<퀀툿퉀퐿푀휿흀/>
<豈錄鹿ﬀנּﭿﮀﯿ﴿/>
<︿﹀ﹿﺿﻀ＿｀ｿﾀﺀﷰ/>
<�/>

<𐀀𐄀𐄿𐌀𐌿𐍀𐎿𐏀𐒀/>
<𒀀𒀿𒁀𒉿𒊀𒐀𒐿𒒀𒒿/>
<𗀀𗀿𗁀𗇿𗈀𗗿𗘀𗢿𗣀𗿿/>
<𛀀𛃿𝀀𝀿𝁀𝄀𝄿𝈀𝈿𝌀𝌿/>
<𞸀🀀🀿🂿🄀🄿🚀/>

<力>
<א/>
<س/>
<अ/>
<அ/>
<அ/>
<𐍑/>
<🪐/>
<😀/>
</力>

<ÀÖØöøÿĀĿŀſƀƿǀǿƀƿǀǿȀȿɀɿʀʿˀ˿/>
<ͰͽͿ΀οπϿ/>
<ЀпрѿҠҀҿӀӿԀԿՀտրֿ׀׿/>

<؀ؿـٿڀڿۀۿ/>
<܀ܿ݀݀ݿ/>
<ހ޿ހ޿/>
<ࠀ࠿ࡀࢿࣀࣿऀिीॿ/>
<ঀিী৿/>
<౿ൿවවເༀཀ྿࿀/>
<ကႠᄀᅀᆿᇀᇿሀሿቀቿኀዀዿጀጿፀ/>
<ᚿᛀក/>
<ᢿᣀ᧿ᨀᨿᩀ᪀/>
<ᰀ᰿᱀ᲀᴀᴿᵀᵿᶀᶿḀḿṀṿẀếỀỿ/>
<ἀἿὀᾀ᾿῀/>
<a⁰ⁿ₀₿℀ℿ⅀ⅿↀ/>
<ⰀⰿⱀⱿⲀⲿⳀ⳿ⴀⴿⵀⶀⷀⷿ/>
<⸀⸿⹀⺀⺿⻀⼀⼿⽀⽿⾀⾿⿀/>
<、みむむみむダㄿㆿ㇀ㇿ㈀㈿㋿㌀㏿/>

<㐀㐿㗿㘀㛀㛿㟀㟿/>
<㠀㠿㡀㤿㥀㨿㩀㬿㭀㯿/>
<㰀㰿㱀㶿㷀㼿㽀㾿㿀㿿/>
<䀀䀿䅀䅿䆀䊿䋀䍿䎀䏿/>
<䐀䕿䖀䙿䚀䝿䞀䟿/>
<䠀䢿䣀䧿䨀䪿䫀䬿䭀䯿/>
<䰀䱿䲀䴿䵀䶿䷀䷿一丿乀伿佀便俀俿/>
<倀忿怀濿瀀翿耀迿退/>
<ꀀꑿꒀ꒿꓀꓿ꔀꙀꟿꩿꪀꬿꭀꯀ가꿿/>
<뀀뚿뛀밿뱀뿿/>
<쀀쐿쑀엿였쟿저쩿쪀쿿/>
<퀀툿퉀퐿푀휿흀/>
<豈錄鹿ﬀנּﭿﮀﯿ﴿/>
<︿﹀ﹿﺿﻀ＿｀ｿﾀﺀﷰ/>
<�/>

<𐀀𐄀𐄿𐌀𐌿𐍀𐎿𐏀𐒀/>
<𒀀𒀿𒁀𒉿𒊀𒐀𒐿𒒀𒒿/>
<𗀀𗀿𗁀𗇿𗈀𗗿𗘀𗢿𗣀𗿿/>
<𛀀𛃿𝀀𝀿𝁀𝄀𝄿𝈀𝈿𝌀𝌿/>
<𞸀🀀🀿🂿🄀🄿🚀/>

<力>
<א/>
<س/>
<अ/>
<அ/>
<அ/>
<𐍑/>
<🪐/>
<😀/>
</力>

<ÀÖØöøÿĀĿŀſƀƿǀǿƀƿǀǿȀȿɀɿʀʿˀ˿/>
<ͰͽͿ΀οπϿ/>
<ЀпрѿҠҀҿӀӿԀԿՀտրֿ׀׿/>

<؀ؿـٿڀڿۀۿ/>
<܀ܿ݀݀ݿ/>
<ހ޿ހ޿/>
<ࠀ࠿ࡀࢿࣀࣿऀिीॿ/>
<ঀিী৿/>
<౿ൿවවເༀཀ྿࿀/>
<ကႠᄀᅀᆿᇀᇿሀሿቀቿኀዀዿጀጿፀ/>
<ᚿᛀក/>
<ᢿᣀ᧿ᨀᨿᩀ᪀/>
<ᰀ᰿᱀ᲀᴀᴿᵀᵿᶀᶿḀḿṀṿẀếỀỿ/>
<ἀἿὀᾀ᾿῀/>
<a⁰ⁿ₀₿℀ℿ⅀ⅿↀ/>
<ⰀⰿⱀⱿⲀⲿⳀ⳿ⴀⴿⵀⶀⷀⷿ/>
<⸀⸿⹀⺀⺿⻀⼀⼿⽀⽿⾀⾿⿀/>
<、みむむみむダㄿㆿ㇀ㇿ㈀㈿㋿㌀㏿/>

<㐀㐿㗿㘀㛀㛿㟀㟿/>
<㠀㠿㡀㤿㥀㨿㩀㬿㭀㯿/>
<㰀㰿㱀㶿㷀㼿㽀㾿㿀㿿/>
<䀀䀿䅀䅿䆀䊿䋀䍿䎀䏿/>
<䐀䕿䖀䙿䚀䝿䞀䟿/>
<䠀䢿䣀䧿䨀䪿䫀䬿䭀䯿/>
<䰀䱿䲀䴿䵀䶿䷀䷿一丿乀伿佀便俀俿/>
<倀忿怀濿瀀翿耀迿退/>
<ꀀꑿꒀ꒿꓀꓿ꔀꙀꟿꩿꪀꬿꭀꯀ가꿿/>
<뀀뚿뛀밿뱀뿿/>
<쀀쐿쑀엿였쟿저쩿쪀쿿/>
<퀀툿퉀퐿푀휿흀/>
<豈錄鹿ﬀנּﭿﮀﯿ﴿/>
<︿﹀ﹿﺿﻀ＿｀ｿﾀﺀﷰ/>
<�/>

<𐀀𐄀𐄿𐌀𐌿𐍀𐎿𐏀𐒀/>
<𒀀𒀿𒁀𒉿𒊀𒐀𒐿𒒀𒒿/>
<𗀀𗀿𗁀𗇿𗈀𗗿𗘀𗢿𗣀𗿿/>
<𛀀𛃿𝀀𝀿𝁀𝄀𝄿𝈀𝈿𝌀𝌿/>
<𞸀🀀🀿🂿🄀🄿🚀/>

<力>
<א/>
<س/>
<अ/>
<அ/>
<அ/>
<𐍑/>
<🪐/>
<😀/>
</力>

<ÀÖØöøÿĀĿŀſƀƿǀǿƀƿǀǿȀȿɀɿʀʿˀ˿/>
<ͰͽͿ΀οπϿ/>
<ЀпрѿҠҀҿӀӿԀԿՀտրֿ׀׿/>

<؀ؿـٿڀڿۀۿ/>
<܀ܿ݀݀ݿ/>
<ހ޿ހ޿/>
<ࠀ࠿ࡀࢿࣀࣿऀिीॿ/>
<ঀিী৿/>
<౿ൿවවເༀཀ྿࿀/>
<ကႠᄀᅀᆿᇀᇿሀሿቀቿኀዀዿጀጿፀ/>
<ᚿᛀក/>
<ᢿᣀ᧿ᨀᨿᩀ᪀/>
<ᰀ᰿᱀ᲀᴀᴿᵀᵿᶀᶿḀḿṀṿẀếỀỿ/>
<ἀἿὀᾀ᾿῀/>
<a⁰ⁿ₀₿℀ℿ⅀ⅿↀ/>
<ⰀⰿⱀⱿⲀⲿⳀ⳿ⴀⴿⵀⶀⷀⷿ/>
<⸀⸿⹀⺀⺿⻀⼀⼿⽀⽿⾀⾿⿀/>
<、みむむみむダㄿㆿ㇀ㇿ㈀㈿㋿㌀㏿/>

<㐀㐿㗿㘀㛀㛿㟀㟿/>
<㠀㠿㡀㤿㥀㨿㩀㬿㭀㯿/>
<㰀㰿㱀㶿㷀㼿㽀㾿㿀㿿/>
<䀀䀿䅀䅿䆀䊿䋀䍿䎀䏿/>
<䐀䕿䖀䙿䚀䝿䞀䟿/>
<䠀䢿䣀䧿䨀䪿䫀䬿䭀䯿/>
<䰀䱿䲀䴿䵀䶿䷀䷿一丿乀伿佀便俀俿/>
<倀忿怀濿瀀翿耀迿退/>
<ꀀꑿꒀ꒿꓀꓿ꔀꙀꟿꩿꪀꬿꭀꯀ가꿿/>
<뀀뚿뛀밿뱀뿿/>
<쀀쐿쑀엿였쟿저쩿쪀쿿/>
<퀀툿퉀퐿푀휿흀/>
<豈錄鹿ﬀנּﭿﮀﯿ﴿/>
<︿﹀ﹿﺿﻀ＿｀ｿﾀﺀﷰ/>
<�/>

<𐀀𐄀𐄿𐌀𐌿𐍀𐎿𐏀𐒀/>
<𒀀𒀿𒁀𒉿𒊀𒐀𒐿𒒀𒒿/>
<𗀀𗀿𗁀𗇿𗈀𗗿𗘀𗢿𗣀𗿿/>
<𛀀𛃿𝀀𝀿𝁀𝄀𝄿𝈀𝈿𝌀𝌿/>
<𞸀🀀🀿🂿🄀🄿🚀/>

<力>
<א/>
<س/>
<अ/>
<அ/>
<அ/>
<𐍑/>
<🪐/>
<😀/>
</力>

<ÀÖØöøÿĀĿŀſƀƿǀǿƀƿǀǿȀȿɀɿʀʿˀ˿/>
<ͰͽͿ΀οπϿ/>
<ЀпрѿҠҀҿӀӿԀԿՀտրֿ׀׿/>

<؀ؿـٿڀڿۀۿ/>
<܀ܿ݀݀ݿ/>
<ހ޿ހ޿/>
<ࠀ࠿ࡀࢿࣀࣿऀिीॿ/>
<ঀিী৿/>
<౿ൿවවເༀཀ྿࿀/>
<ကႠᄀᅀᆿᇀᇿሀሿቀቿኀዀዿጀጿፀ/>
<ᚿᛀក/>
<ᢿᣀ᧿ᨀᨿᩀ᪀/>
<ᰀ᰿᱀ᲀᴀᴿᵀᵿᶀᶿḀḿṀṿẀếỀỿ/>
<ἀἿὀᾀ᾿῀/>
<a⁰ⁿ₀₿℀ℿ⅀ⅿↀ/>
<ⰀⰿⱀⱿⲀⲿⳀ⳿ⴀⴿⵀⶀⷀⷿ/>
<⸀⸿⹀⺀⺿⻀⼀⼿⽀⽿⾀⾿⿀/>
<、みむむみむダㄿㆿ㇀ㇿ㈀㈿㋿㌀㏿/>

<㐀㐿㗿㘀㛀㛿㟀㟿/>
<㠀㠿㡀㤿㥀㨿㩀㬿㭀㯿/>
<㰀㰿㱀㶿㷀㼿㽀㾿㿀㿿/>
<䀀䀿䅀䅿䆀䊿䋀䍿䎀䏿/>
<䐀䕿䖀䙿䚀䝿䞀䟿/>
<䠀䢿䣀䧿䨀䪿䫀䬿䭀䯿/>
<䰀䱿䲀䴿䵀䶿䷀䷿一丿乀伿佀便俀俿/>
<倀忿怀濿瀀翿耀迿退/>
<ꀀꑿꒀ꒿꓀꓿ꔀꙀꟿꩿꪀꬿꭀꯀ가꿿/>
<뀀뚿뛀밿뱀뿿/>
<쀀쐿쑀엿였쟿저쩿쪀쿿/>
<퀀툿퉀퐿푀휿흀/>
<豈錄鹿ﬀנּﭿﮀﯿ﴿/>
<︿﹀ﹿﺿﻀ＿｀ｿﾀﺀﷰ/>
<�/>

<𐀀𐄀𐄿𐌀𐌿𐍀𐎿𐏀𐒀/>
<𒀀𒀿𒁀𒉿𒊀𒐀𒐿𒒀𒒿/>
<𗀀𗀿𗁀𗇿𗈀𗗿𗘀𗢿𗣀𗿿/>
<𛀀𛃿𝀀𝀿𝁀𝄀𝄿𝈀𝈿𝌀𝌿/>
<𞸀🀀🀿🂿🄀🄿🚀/>

<力>
<א/>
<س/>
<अ/>
<அ/>
<அ/>
<𐍑/>
<🪐/>
<😀/>
</力>

<ÀÖØöøÿĀĿŀſƀƿǀǿƀƿǀǿȀȿɀɿʀʿˀ˿/>
<ͰͽͿ΀οπϿ/>
<ЀпрѿҠҀҿӀӿԀԿՀտրֿ׀׿/>

<؀ؿـٿڀڿۀۿ/>
<܀ܿ݀݀ݿ/>
<ހ޿ހ޿/>
<ࠀ࠿ࡀࢿࣀࣿऀिीॿ/>
<ঀিী৿/>
<౿ൿවවເༀཀ྿࿀/>
<ကႠᄀᅀᆿᇀᇿሀሿቀቿኀዀዿጀጿፀ/>
<ᚿᛀក/>
<ᢿᣀ᧿ᨀᨿᩀ᪀/>
<ᰀ᰿᱀ᲀᴀᴿᵀᵿᶀᶿḀḿṀṿẀếỀỿ/>
<ἀἿὀᾀ᾿῀/>
<a⁰ⁿ₀₿℀ℿ⅀ⅿↀ/>
<ⰀⰿⱀⱿⲀⲿⳀ⳿ⴀⴿⵀⶀⷀⷿ/>
<⸀⸿⹀⺀⺿⻀⼀⼿⽀⽿⾀⾿⿀/>
<、みむむみむダㄿㆿ㇀ㇿ㈀㈿㋿㌀㏿/>

<㐀㐿㗿㘀㛀㛿㟀㟿/>
<㠀㠿㡀㤿㥀㨿㩀㬿㭀㯿/>
<㰀㰿㱀㶿㷀㼿㽀㾿㿀㿿/>
<䀀䀿䅀䅿䆀䊿䋀䍿䎀䏿/>
<䐀䕿䖀䙿䚀䝿䞀䟿/>
<䠀䢿䣀䧿䨀䪿䫀䬿䭀䯿/>
<䰀䱿䲀䴿䵀䶿䷀䷿一丿乀伿佀便俀俿/>
<倀忿怀濿瀀翿耀迿退/>
<ꀀꑿꒀ꒿꓀꓿ꔀꙀꟿꩿꪀꬿꭀꯀ가꿿/>
<뀀뚿뛀밿뱀뿿/>
<쀀쐿쑀엿였쟿저쩿쪀쿿/>
<퀀툿퉀퐿푀휿흀/>
<豈錄鹿ﬀנּﭿﮀﯿ﴿/>
<︿﹀ﹿﺿﻀ＿｀ｿﾀﺀﷰ/>
<�/>

<𐀀𐄀𐄿𐌀𐌿𐍀𐎿𐏀𐒀/>
<𒀀𒀿𒁀𒉿𒊀𒐀𒐿𒒀𒒿/>
<𗀀𗀿𗁀𗇿𗈀𗗿𗘀𗢿𗣀𗿿/>
<𛀀𛃿𝀀𝀿𝁀𝄀𝄿𝈀𝈿𝌀𝌿/>
<𞸀🀀🀿🂿🄀🄿🚀/>

<力>
<א/>
<س/>
<अ/>
<அ/>
<அ/>
<𐍑/>
<🪐/>
<😀/>
</力>

<ÀÖØöøÿĀĿŀſƀƿǀǿƀƿǀǿȀȿɀɿʀʿˀ˿/>
<ͰͽͿ΀οπϿ/>
<ЀпрѿҠҀҿӀӿԀԿՀտրֿ׀׿/>

<؀ؿـٿڀڿۀۿ/>
<܀ܿ݀݀ݿ/>
<ހ޿ހ޿/>
<ࠀ࠿ࡀࢿࣀࣿऀिीॿ/>
<ঀিী৿/>
<౿ൿවවເༀཀ྿࿀/>
<ကႠᄀᅀᆿᇀᇿሀሿቀቿኀዀዿጀጿፀ/>
<ᚿᛀក/>
<ᢿᣀ᧿ᨀᨿᩀ᪀/>
<ᰀ᰿᱀ᲀᴀᴿᵀᵿᶀᶿḀḿṀṿẀếỀỿ/>
<ἀἿὀᾀ᾿῀/>
<a⁰ⁿ₀₿℀ℿ⅀ⅿↀ/>
<ⰀⰿⱀⱿⲀⲿⳀ⳿ⴀⴿⵀⶀⷀⷿ/>
<⸀⸿⹀⺀⺿⻀⼀⼿⽀⽿⾀⾿⿀/>
<、みむむみむダㄿㆿ㇀ㇿ㈀㈿㋿㌀㏿/>

<㐀㐿㗿㘀㛀㛿㟀㟿/>
<㠀㠿㡀㤿㥀㨿㩀㬿㭀㯿/>
<㰀㰿㱀㶿㷀㼿㽀㾿㿀㿿/>
<䀀䀿䅀䅿䆀䊿䋀䍿䎀䏿/>
<䐀䕿䖀䙿䚀䝿䞀䟿/>
<䠀䢿䣀䧿䨀䪿䫀䬿䭀䯿/>
<䰀䱿䲀䴿䵀䶿䷀䷿一丿乀伿佀便俀俿/>
<倀忿怀濿瀀翿耀迿退/>
<ꀀꑿꒀ꒿꓀꓿ꔀꙀꟿꩿꪀꬿꭀꯀ가꿿/>
<뀀뚿뛀밿뱀뿿/>
<쀀쐿쑀엿였쟿저쩿쪀쿿/>
<퀀툿퉀퐿푀휿흀/>
<豈錄鹿ﬀנּﭿﮀﯿ﴿/>
<︿﹀ﹿﺿﻀ＿｀ｿﾀﺀﷰ/>
<�/>

<𐀀𐄀𐄿𐌀𐌿𐍀𐎿𐏀𐒀/>
<𒀀𒀿𒁀𒉿𒊀𒐀𒐿𒒀𒒿/>
<𗀀𗀿𗁀𗇿𗈀𗗿𗘀𗢿𗣀𗿿/>
<𛀀𛃿𝀀𝀿𝁀𝄀𝄿𝈀𝈿𝌀𝌿/>
<𞸀🀀🀿🂿🄀🄿🚀/>

<力>
<א/>
<س/>
<अ/>
<அ/>
<அ/>
<𐍑/>
<🪐/>
<😀/>
</力>

<ÀÖØöøÿĀĿŀſƀƿǀǿƀƿǀǿȀȿɀɿʀʿˀ˿/>
<ͰͽͿ΀οπϿ/>
<ЀпрѿҠҀҿӀӿԀԿՀտրֿ׀׿/>

<؀ؿـٿڀڿۀۿ/>
<܀ܿ݀݀ݿ/>
<ހ޿ހ޿/>
<ࠀ࠿ࡀࢿࣀࣿऀिीॿ/>
<ঀিী৿/>
<౿ൿවවເༀཀ྿࿀/>
<ကႠᄀᅀᆿᇀᇿሀሿቀቿኀዀዿጀጿፀ/>
<ᚿᛀក/>
<ᢿᣀ᧿ᨀᨿᩀ᪀/>
<ᰀ᰿᱀ᲀᴀᴿᵀᵿᶀᶿḀḿṀṿẀếỀỿ/>
<ἀἿὀᾀ᾿῀/>
<a⁰ⁿ₀₿℀ℿ⅀ⅿↀ/>
<ⰀⰿⱀⱿⲀⲿⳀ⳿ⴀⴿⵀⶀⷀⷿ/>
<⸀⸿⹀⺀⺿⻀⼀⼿⽀⽿⾀⾿⿀/>
<、みむむみむダㄿㆿ㇀ㇿ㈀㈿㋿㌀㏿/>

<㐀㐿㗿㘀㛀㛿㟀㟿/>
<㠀㠿㡀㤿㥀㨿㩀㬿㭀㯿/>
<㰀㰿㱀㶿㷀㼿㽀㾿㿀㿿/>
<䀀䀿䅀䅿䆀䊿䋀䍿䎀䏿/>
<䐀䕿䖀䙿䚀䝿䞀䟿/>
<䠀䢿䣀䧿䨀䪿䫀䬿䭀䯿/>
<䰀䱿䲀䴿䵀䶿䷀䷿一丿乀伿佀便俀俿/>
<倀忿怀濿瀀翿耀迿退/>
<ꀀꑿꒀ꒿꓀꓿ꔀꙀꟿꩿꪀꬿꭀꯀ가꿿/>
<뀀뚿뛀밿뱀뿿/>
<쀀쐿쑀엿였쟿저쩿쪀쿿/>
<퀀툿퉀퐿푀휿흀/>
<豈錄鹿ﬀנּﭿﮀﯿ﴿/>
<︿﹀ﹿﺿﻀ＿｀ｿﾀﺀﷰ/>
<�/>

<𐀀𐄀𐄿𐌀𐌿𐍀𐎿𐏀𐒀/>
<𒀀𒀿𒁀𒉿𒊀𒐀𒐿𒒀𒒿/>
<𗀀𗀿𗁀𗇿𗈀𗗿𗘀𗢿𗣀𗿿/>
<𛀀𛃿𝀀𝀿𝁀𝄀𝄿𝈀𝈿𝌀𝌿/>
<𞸀🀀🀿🂿🄀🄿🚀/>

<力>
<א/>
<س/>
<अ/>
<அ/>
<அ/>
<𐍑/>
<🪐/>
<😀/>
</力>

<ÀÖØöøÿĀĿŀſƀƿǀǿƀƿǀǿȀȿɀɿʀʿˀ˿/>
<ͰͽͿ΀οπϿ/>
<ЀпрѿҠҀҿӀӿԀԿՀտրֿ׀׿/>

<؀ؿـٿڀڿۀۿ/>
<܀ܿ݀݀ݿ/>
<ހ޿ހ޿/>
<ࠀ࠿ࡀࢿࣀࣿऀिीॿ/>
<ঀিী৿/>
<౿ൿවවເༀཀ྿࿀/>
<ကႠᄀᅀᆿᇀᇿሀሿቀቿኀዀዿጀጿፀ/>
<ᚿᛀក/>
<ᢿᣀ᧿ᨀᨿᩀ᪀/>
<ᰀ᰿᱀ᲀᴀᴿᵀᵿᶀᶿḀḿṀṿẀếỀỿ/>
<ἀἿὀᾀ᾿῀/>
<a⁰ⁿ₀₿℀ℿ⅀ⅿↀ/>
<ⰀⰿⱀⱿⲀⲿⳀ⳿ⴀⴿⵀⶀⷀⷿ/>
<⸀⸿⹀⺀⺿⻀⼀⼿⽀⽿⾀⾿⿀/>
<、みむむみむダㄿㆿ㇀ㇿ㈀㈿㋿㌀㏿/>

<㐀㐿㗿㘀㛀㛿㟀㟿/>
<㠀㠿㡀㤿㥀㨿㩀㬿㭀㯿/>
<㰀㰿㱀㶿㷀㼿㽀㾿㿀㿿/>
<䀀䀿䅀䅿䆀䊿䋀䍿䎀䏿/>
<䐀䕿䖀䙿䚀䝿䞀䟿/>
<䠀䢿䣀䧿䨀䪿䫀䬿䭀䯿/>
<䰀䱿䲀䴿䵀䶿䷀䷿一丿乀伿佀便俀俿/>
<倀忿怀濿瀀翿耀迿退/>
<ꀀꑿꒀ꒿꓀꓿ꔀꙀꟿꩿꪀꬿꭀꯀ가꿿/>
<뀀뚿뛀밿뱀뿿/>
<쀀쐿쑀엿였쟿저쩿쪀쿿/>
<퀀툿퉀퐿푀휿흀/>
<豈錄鹿ﬀנּﭿﮀﯿ﴿/>
<︿﹀ﹿﺿﻀ＿｀ｿﾀﺀﷰ/>
<�/>

<𐀀𐄀𐄿𐌀𐌿𐍀𐎿𐏀𐒀/>
<𒀀𒀿𒁀𒉿𒊀𒐀𒐿𒒀𒒿/>
<𗀀𗀿𗁀𗇿𗈀𗗿𗘀𗢿𗣀𗿿/>
<𛀀𛃿𝀀𝀿𝁀𝄀𝄿𝈀𝈿𝌀𝌿/>
<𞸀🀀🀿🂿🄀🄿🚀/>

<力>
<א/>
<س/>
<अ/>
<அ/>
<அ/>
<𐍑/>
<🪐/>
<😀/>
</力>

<ÀÖØöøÿĀĿŀſƀƿǀǿƀƿǀǿȀȿɀɿʀʿˀ˿/>
<ͰͽͿ΀οπϿ/>
<ЀпрѿҠҀҿӀӿԀԿՀտրֿ׀׿/>

<؀ؿـٿڀڿۀۿ/>
<܀ܿ݀݀ݿ/>
<ހ޿ހ޿/>
<ࠀ࠿ࡀࢿࣀࣿऀिीॿ/>
<ঀিী৿/>
<౿ൿවවເༀཀ྿࿀/>
<ကႠᄀᅀᆿᇀᇿሀሿቀቿኀዀዿጀጿፀ/>
<ᚿᛀក/>
<ᢿᣀ᧿ᨀᨿᩀ᪀/>
<ᰀ᰿᱀ᲀᴀᴿᵀᵿᶀᶿḀḿṀṿẀếỀỿ/>
<ἀἿὀᾀ᾿῀/>
<a⁰ⁿ₀₿℀ℿ⅀ⅿↀ/>
<ⰀⰿⱀⱿⲀⲿⳀ⳿ⴀⴿⵀⶀⷀⷿ/>
<⸀⸿⹀⺀⺿⻀⼀⼿⽀⽿⾀⾿⿀/>
<、みむむみむダㄿㆿ㇀ㇿ㈀㈿㋿㌀㏿/>

<㐀㐿㗿㘀㛀㛿㟀㟿/>
<㠀㠿㡀㤿㥀㨿㩀㬿㭀㯿/>
<㰀㰿㱀㶿㷀㼿㽀㾿㿀㿿/>
<䀀䀿䅀䅿䆀䊿䋀䍿䎀䏿/>
<䐀䕿䖀䙿䚀䝿䞀䟿/>
<䠀䢿䣀䧿䨀䪿䫀䬿䭀䯿/>
<䰀䱿䲀䴿䵀䶿䷀䷿一丿乀伿佀便俀俿/>
<倀忿怀濿瀀翿耀迿退/>
<ꀀꑿꒀ꒿꓀꓿ꔀꙀꟿꩿꪀꬿꭀꯀ가꿿/>
<뀀뚿뛀밿뱀뿿/>
<쀀쐿쑀엿였쟿저쩿쪀쿿/>
<퀀툿퉀퐿푀휿흀/>
<豈錄鹿ﬀנּﭿﮀﯿ﴿/>
<︿﹀ﹿﺿﻀ＿｀ｿﾀﺀﷰ/>
<�/>

<𐀀𐄀𐄿𐌀𐌿𐍀𐎿𐏀𐒀/>
<𒀀𒀿𒁀𒉿𒊀𒐀𒐿𒒀𒒿/>
<𗀀𗀿𗁀𗇿𗈀𗗿𗘀𗢿𗣀𗿿/>
<𛀀𛃿𝀀𝀿𝁀𝄀𝄿𝈀𝈿𝌀𝌿/>
<𞸀🀀🀿🂿🄀🄿🚀/>

<力>
<א/>
<س/>
<अ/>
<அ/>
<அ/>
<𐍑/>
<🪐/>
<😀/>
</力>

<ÀÖØöøÿĀĿŀſƀƿǀǿƀƿǀǿȀȿɀɿʀʿˀ˿/>
<ͰͽͿ΀οπϿ/>
<ЀпрѿҠҀҿӀӿԀԿՀտրֿ׀׿/>

<؀ؿـٿڀڿۀۿ/>
<܀ܿ݀݀ݿ/>
<ހ޿ހ޿/>
<ࠀ࠿ࡀࢿࣀࣿऀिीॿ/>
<ঀিী৿/>
<౿ൿවවເༀཀ྿࿀/>
<ကႠᄀᅀᆿᇀᇿሀሿቀቿኀዀዿጀጿፀ/>
<ᚿᛀក/>
<ᢿᣀ᧿ᨀᨿᩀ᪀/>
<ᰀ᰿᱀ᲀᴀᴿᵀᵿᶀᶿḀḿṀṿẀếỀỿ/>
<ἀἿὀᾀ᾿῀/>
<a⁰ⁿ₀₿℀ℿ⅀ⅿↀ/>
<ⰀⰿⱀⱿⲀⲿⳀ⳿ⴀⴿⵀⶀⷀⷿ/>
<⸀⸿⹀⺀⺿⻀⼀⼿⽀⽿⾀⾿⿀/>
<、みむむみむダㄿㆿ㇀ㇿ㈀㈿㋿㌀㏿/>

<㐀㐿㗿㘀㛀㛿㟀㟿/>
<㠀㠿㡀㤿㥀㨿㩀㬿㭀㯿/>
<㰀㰿㱀㶿㷀㼿㽀㾿㿀㿿/>
<䀀䀿䅀䅿䆀䊿䋀䍿䎀䏿/>
<䐀䕿䖀䙿䚀䝿䞀䟿/>
<䠀䢿䣀䧿䨀䪿䫀䬿䭀䯿/>
<䰀䱿䲀䴿䵀䶿䷀䷿一丿乀伿佀便俀俿/>
<倀忿怀濿瀀翿耀迿退/>
<ꀀꑿꒀ꒿꓀꓿ꔀꙀꟿꩿꪀꬿꭀꯀ가꿿/>
<뀀뚿뛀밿뱀뿿/>
<쀀쐿쑀엿였쟿저쩿쪀쿿/>
<퀀툿퉀퐿푀휿흀/>
<豈錄鹿ﬀנּﭿﮀﯿ﴿/>
<︿﹀ﹿﺿﻀ＿｀ｿﾀﺀﷰ/>
<�/>

<𐀀𐄀𐄿𐌀𐌿𐍀𐎿𐏀𐒀/>
<𒀀𒀿𒁀𒉿𒊀𒐀𒐿𒒀𒒿/>
<𗀀𗀿𗁀𗇿𗈀𗗿𗘀𗢿𗣀𗿿/>
<𛀀𛃿𝀀𝀿𝁀𝄀𝄿𝈀𝈿𝌀𝌿/>
<𞸀🀀🀿🂿🄀🄿🚀/>

<力>
<א/>
<س/>
<अ/>
<அ/>
<அ/>
<𐍑/>
<🪐/>
<😀/>
</力>

<ÀÖØöøÿĀĿŀſƀƿǀǿƀƿǀǿȀȿɀɿʀʿˀ˿/>
<ͰͽͿ΀οπϿ/>
<ЀпрѿҠҀҿӀӿԀԿՀտրֿ׀׿/>

<؀ؿـٿڀڿۀۿ/>
<܀ܿ݀݀ݿ/>
<ހ޿ހ޿/>
<ࠀ࠿ࡀࢿࣀࣿऀिीॿ/>
<ঀিী৿/>
<౿ൿවවເༀཀ྿࿀/>
<ကႠᄀᅀᆿᇀᇿሀሿቀቿኀዀዿጀጿፀ/>
<ᚿᛀក/>
<ᢿᣀ᧿ᨀᨿᩀ᪀/>
<ᰀ᰿᱀ᲀᴀᴿᵀᵿᶀᶿḀḿṀṿẀếỀỿ/>
<ἀἿὀᾀ᾿῀/>
<a⁰ⁿ₀₿℀ℿ⅀ⅿↀ/>
<ⰀⰿⱀⱿⲀⲿⳀ⳿ⴀⴿⵀⶀⷀⷿ/>
<⸀⸿⹀⺀⺿⻀⼀⼿⽀⽿⾀⾿⿀/>
<、みむむみむダㄿㆿ㇀ㇿ㈀㈿㋿㌀㏿/>

<㐀㐿㗿㘀㛀㛿㟀㟿/>
<㠀㠿㡀㤿㥀㨿㩀㬿㭀㯿/>
<㰀㰿㱀㶿㷀㼿㽀㾿㿀㿿/>
<䀀䀿䅀䅿䆀䊿䋀䍿䎀䏿/>
<䐀䕿䖀䙿䚀䝿䞀䟿/>
<䠀䢿䣀䧿䨀䪿䫀䬿䭀䯿/>
<䰀䱿䲀䴿䵀䶿䷀䷿一丿乀伿佀便俀俿/>
<倀忿怀濿瀀翿耀迿退/>
<ꀀꑿꒀ꒿꓀꓿ꔀꙀꟿꩿꪀꬿꭀꯀ가꿿/>
<뀀뚿뛀밿뱀뿿/>
<쀀쐿쑀엿였쟿저쩿쪀쿿/>
<퀀툿퉀퐿푀휿흀/>
<豈錄鹿ﬀנּﭿﮀﯿ﴿/>
<︿﹀ﹿﺿﻀ＿｀ｿﾀﺀﷰ/>
<�/>

<𐀀𐄀𐄿𐌀𐌿𐍀𐎿𐏀𐒀/>
<𒀀𒀿𒁀𒉿𒊀𒐀𒐿𒒀𒒿/>
<𗀀𗀿𗁀𗇿𗈀𗗿𗘀𗢿𗣀𗿿/>
<𛀀𛃿𝀀𝀿𝁀𝄀𝄿𝈀𝈿𝌀𝌿/>
<𞸀🀀🀿🂿🄀🄿🚀/>

<力>
<א/>
<س/>
<अ/>
<அ/>
<அ/>
<𐍑/>
<🪐/>
<😀/>
</力>

<ÀÖØöøÿĀĿŀſƀƿǀǿƀƿǀǿȀȿɀɿʀʿˀ˿/>
<ͰͽͿ΀οπϿ/>
<ЀпрѿҠҀҿӀӿԀԿՀտրֿ׀׿/>

<؀ؿـٿڀڿۀۿ/>
<܀ܿ݀݀ݿ/>
<ހ޿ހ޿/>
<ࠀ࠿ࡀࢿࣀࣿऀिीॿ/>
<ঀিী৿/>
<౿ൿවවເༀཀ྿࿀/>
<ကႠᄀᅀᆿᇀᇿሀሿቀቿኀዀዿጀጿፀ/>
<ᚿᛀក/>
<ᢿᣀ᧿ᨀᨿᩀ᪀/>
<ᰀ᰿᱀ᲀᴀᴿᵀᵿᶀᶿḀḿṀṿẀếỀỿ/>
<ἀἿὀᾀ᾿῀/>
<a⁰ⁿ₀₿℀ℿ⅀ⅿↀ/>
<ⰀⰿⱀⱿⲀⲿⳀ⳿ⴀⴿⵀⶀⷀⷿ/>
<⸀⸿⹀⺀⺿⻀⼀⼿⽀⽿⾀⾿⿀/>
<、みむむみむダㄿㆿ㇀ㇿ㈀㈿㋿㌀㏿/>

<㐀㐿㗿㘀㛀㛿㟀㟿/>
<㠀㠿㡀㤿㥀㨿㩀㬿㭀㯿/>
<㰀㰿㱀㶿㷀㼿㽀㾿㿀㿿/>
<䀀䀿䅀䅿䆀䊿䋀䍿䎀䏿/>
<䐀䕿䖀䙿䚀䝿䞀䟿/>
<䠀䢿䣀䧿䨀䪿䫀䬿䭀䯿/>
<䰀䱿䲀䴿䵀䶿䷀䷿一丿乀伿佀便俀俿/>
<倀忿怀濿瀀翿耀迿退/>
<ꀀꑿꒀ꒿꓀꓿ꔀꙀꟿꩿꪀꬿꭀꯀ가꿿/>
<뀀뚿뛀밿뱀뿿/>
<쀀쐿쑀엿였쟿저쩿쪀쿿/>
<퀀툿퉀퐿푀휿흀/>
<豈錄鹿ﬀנּﭿﮀﯿ﴿/>
<︿﹀ﹿﺿﻀ＿｀ｿﾀﺀﷰ/>
<�/>

<𐀀𐄀𐄿𐌀𐌿𐍀𐎿𐏀𐒀/>
<𒀀𒀿𒁀𒉿𒊀𒐀𒐿𒒀𒒿/>
<𗀀𗀿𗁀𗇿𗈀𗗿𗘀𗢿𗣀𗿿/>
<𛀀𛃿𝀀𝀿𝁀𝄀𝄿𝈀𝈿𝌀𝌿/>
<𞸀🀀🀿🂿🄀🄿🚀/>

<力>
<א/>
<س/>
<अ/>
<அ/>
<அ/>
<𐍑/>
<🪐/>
<😀/>
</力>

<ÀÖØöøÿĀĿŀſƀƿǀǿƀƿǀǿȀȿɀɿʀʿˀ˿/>
<ͰͽͿ΀οπϿ/>
<ЀпрѿҠҀҿӀӿԀԿՀտրֿ׀׿/>

<؀ؿـٿڀڿۀۿ/>
<܀ܿ݀݀ݿ/>
<ހ޿ހ޿/>
<ࠀ࠿ࡀࢿࣀࣿऀिीॿ/>
<ঀিী৿/>
<౿ൿවවເༀཀ྿࿀/>
<ကႠᄀᅀᆿᇀᇿሀሿቀቿኀዀዿጀጿፀ/>
<ᚿᛀក/>
<ᢿᣀ᧿ᨀᨿᩀ᪀/>
<ᰀ᰿᱀ᲀᴀᴿᵀᵿᶀᶿḀḿṀṿẀếỀỿ/>
<ἀἿὀᾀ᾿῀/>
<a⁰ⁿ₀₿℀ℿ⅀ⅿↀ/>
<ⰀⰿⱀⱿⲀⲿⳀ⳿ⴀⴿⵀⶀⷀⷿ/>
<⸀⸿⹀⺀⺿⻀⼀⼿⽀⽿⾀⾿⿀/>
<、みむむみむダㄿㆿ㇀ㇿ㈀㈿㋿㌀㏿/>

<㐀㐿㗿㘀㛀㛿㟀㟿/>
<㠀㠿㡀㤿㥀㨿㩀㬿㭀㯿/>
<㰀㰿㱀㶿㷀㼿㽀㾿㿀㿿/>
<䀀䀿䅀䅿䆀䊿䋀䍿䎀䏿/>
<䐀䕿䖀䙿䚀䝿䞀䟿/>
<䠀䢿䣀䧿䨀䪿䫀䬿䭀䯿/>
<䰀䱿䲀䴿䵀䶿䷀䷿一丿乀伿佀便俀俿/>
<倀忿怀濿瀀翿耀迿退/>
<ꀀꑿꒀ꒿꓀꓿ꔀꙀꟿꩿꪀꬿꭀꯀ가꿿/>
<뀀뚿뛀밿뱀뿿/>
<쀀쐿쑀엿였쟿저쩿쪀쿿/>
<퀀툿퉀퐿푀휿흀/>
<豈錄鹿ﬀנּﭿﮀﯿ﴿/>
<︿﹀ﹿﺿﻀ＿｀ｿﾀﺀﷰ/>
<�/>

<𐀀𐄀𐄿𐌀𐌿𐍀𐎿𐏀𐒀/>
<𒀀𒀿𒁀𒉿𒊀𒐀𒐿𒒀𒒿/>
<𗀀𗀿𗁀𗇿𗈀𗗿𗘀𗢿𗣀𗿿/>
<𛀀𛃿𝀀𝀿𝁀𝄀𝄿𝈀𝈿𝌀𝌿/>
<𞸀🀀🀿🂿🄀🄿🚀/>

<力>
<א/>
<س/>
<अ/>
<அ/>
<அ/>
<𐍑/>
<🪐/>
<😀/>
</力>

<ÀÖØöøÿĀĿŀſƀƿǀǿƀƿǀǿȀȿɀɿʀʿˀ˿/>
<ͰͽͿ΀οπϿ/>
<ЀпрѿҠҀҿӀӿԀԿՀտրֿ׀׿/>

<؀ؿـٿڀڿۀۿ/>
<܀ܿ݀݀ݿ/>
<ހ޿ހ޿/>
<ࠀ࠿ࡀࢿࣀࣿऀिीॿ/>
<ঀিী৿/>
<౿ൿවවເༀཀ྿࿀/>
<ကႠᄀᅀᆿᇀᇿሀሿቀቿኀዀዿጀጿፀ/>
<ᚿᛀក/>
<ᢿᣀ᧿ᨀᨿᩀ᪀/>
<ᰀ᰿᱀ᲀᴀᴿᵀᵿᶀᶿḀḿṀṿẀếỀỿ/>
<ἀἿὀᾀ᾿῀/>
<a⁰ⁿ₀₿℀ℿ⅀ⅿↀ/>
<ⰀⰿⱀⱿⲀⲿⳀ⳿ⴀⴿⵀⶀⷀⷿ/>
<⸀⸿⹀⺀⺿⻀⼀⼿⽀⽿⾀⾿⿀/>
<、みむむみむダㄿㆿ㇀ㇿ㈀㈿㋿㌀㏿/>

<㐀㐿㗿㘀㛀㛿㟀㟿/>
<㠀㠿㡀㤿㥀㨿㩀㬿㭀㯿/>
<㰀㰿㱀㶿㷀㼿㽀㾿㿀㿿/>
<䀀䀿䅀䅿䆀䊿䋀䍿䎀䏿/>
<䐀䕿䖀䙿䚀䝿䞀䟿/>
<䠀䢿䣀䧿䨀䪿䫀䬿䭀䯿/>
<䰀䱿䲀䴿䵀䶿䷀䷿一丿乀伿佀便俀俿/>
<倀忿怀濿瀀翿耀迿退/>
<ꀀꑿꒀ꒿꓀꓿ꔀꙀꟿꩿꪀꬿꭀꯀ가꿿/>
<뀀뚿뛀밿뱀뿿/>
<쀀쐿쑀엿였쟿저쩿쪀쿿/>
<퀀툿퉀퐿푀휿흀/>
<豈錄鹿ﬀנּﭿﮀﯿ﴿/>
<︿﹀ﹿﺿﻀ＿｀ｿﾀﺀﷰ/>
<�/>

<𐀀𐄀𐄿𐌀𐌿𐍀𐎿𐏀𐒀/>
<𒀀𒀿𒁀𒉿𒊀𒐀𒐿𒒀𒒿/>
<𗀀𗀿𗁀𗇿𗈀𗗿𗘀𗢿𗣀𗿿/>
<𛀀𛃿𝀀𝀿𝁀𝄀𝄿𝈀𝈿𝌀𝌿/>
<𞸀🀀🀿🂿🄀🄿🚀/>

<力>
<א/>
<س/>
<अ/>
<அ/>
<அ/>
<𐍑/>
<🪐/>
<😀/>
</力>

<ÀÖØöøÿĀĿŀſƀƿǀǿƀƿǀǿȀȿɀɿʀʿˀ˿/>
<ͰͽͿ΀οπϿ/>
<ЀпрѿҠҀҿӀӿԀԿՀտրֿ׀׿/>

<؀ؿـٿڀڿۀۿ/>
<܀ܿ݀݀ݿ/>
<ހ޿ހ޿/>
<ࠀ࠿ࡀࢿࣀࣿऀिीॿ/>
<ঀিী৿/>
<౿ൿවවເༀཀ྿࿀/>
<ကႠᄀᅀᆿᇀᇿሀሿቀቿኀዀዿጀጿፀ/>
<ᚿᛀក/>
<ᢿᣀ᧿ᨀᨿᩀ᪀/>
<ᰀ᰿᱀ᲀᴀᴿᵀᵿᶀᶿḀḿṀṿẀếỀỿ/>
<ἀἿὀᾀ᾿῀/>
<a⁰ⁿ₀₿℀ℿ⅀ⅿↀ/>
<ⰀⰿⱀⱿⲀⲿⳀ⳿ⴀⴿⵀⶀⷀⷿ/>
<⸀⸿⹀⺀⺿⻀⼀⼿⽀⽿⾀⾿⿀/>
<、みむむみむダㄿㆿ㇀ㇿ㈀㈿㋿㌀㏿/>

<㐀㐿㗿㘀㛀㛿㟀㟿/>
<㠀㠿㡀㤿㥀㨿㩀㬿㭀㯿/>
<㰀㰿㱀㶿㷀㼿㽀㾿㿀㿿/>
<䀀䀿䅀䅿䆀䊿䋀䍿䎀䏿/>
<䐀䕿䖀䙿䚀䝿䞀䟿/>
<䠀䢿䣀䧿䨀䪿䫀䬿䭀䯿/>
<䰀䱿䲀䴿䵀䶿䷀䷿一丿乀伿佀便俀俿/>
<倀忿怀濿瀀翿耀迿退/>
<ꀀꑿꒀ꒿꓀꓿ꔀꙀꟿꩿꪀꬿꭀꯀ가꿿/>
<뀀뚿뛀밿뱀뿿/>
<쀀쐿쑀엿였쟿저쩿쪀쿿/>
<퀀툿퉀퐿푀휿흀/>
<豈錄鹿ﬀנּﭿﮀﯿ﴿/>
<︿﹀ﹿﺿﻀ＿｀ｿﾀﺀﷰ/>
<�/>

<𐀀𐄀𐄿𐌀𐌿𐍀𐎿𐏀𐒀/>
<𒀀𒀿𒁀𒉿𒊀𒐀𒐿𒒀𒒿/>
<𗀀𗀿𗁀𗇿𗈀𗗿𗘀𗢿𗣀𗿿/>
<𛀀𛃿𝀀𝀿𝁀𝄀𝄿𝈀𝈿𝌀𝌿/>
<𞸀🀀🀿🂿🄀🄿🚀/>

<力>
<א/>
<س/>
<अ/>
<அ/>
<அ/>
<𐍑/>
<🪐/>
<😀/>
</力>

<ÀÖØöøÿĀĿŀſƀƿǀǿƀƿǀǿȀȿɀɿʀʿˀ˿/>
<ͰͽͿ΀οπϿ/>
<ЀпрѿҠҀҿӀӿԀԿՀտրֿ׀׿/>

<؀ؿـٿڀڿۀۿ/>
<܀ܿ݀݀ݿ/>
<ހ޿ހ޿/>
<ࠀ࠿ࡀࢿࣀࣿऀिीॿ/>
<ঀিী৿/>
<౿ൿවවເༀཀ྿࿀/>
<ကႠᄀᅀᆿᇀᇿሀሿቀቿኀዀዿጀጿፀ/>
<ᚿᛀក/>
<ᢿᣀ᧿ᨀᨿᩀ᪀/>
<ᰀ᰿᱀ᲀᴀᴿᵀᵿᶀᶿḀḿṀṿẀếỀỿ/>
<ἀἿὀᾀ᾿῀/>
<a⁰ⁿ₀₿℀ℿ⅀ⅿↀ/>
<ⰀⰿⱀⱿⲀⲿⳀ⳿ⴀⴿⵀⶀⷀⷿ/>
<⸀⸿⹀⺀⺿⻀⼀⼿⽀⽿⾀⾿⿀/>
<、みむむみむダㄿㆿ㇀ㇿ㈀㈿㋿㌀㏿/>

<㐀㐿㗿㘀㛀㛿㟀㟿/>
<㠀㠿㡀㤿㥀㨿㩀㬿㭀㯿/>
<㰀㰿㱀㶿㷀㼿㽀㾿㿀㿿/>
<䀀䀿䅀䅿䆀䊿䋀䍿䎀䏿/>
<䐀䕿䖀䙿䚀䝿䞀䟿/>
<䠀䢿䣀䧿䨀䪿䫀䬿䭀䯿/>
<䰀䱿䲀䴿䵀䶿䷀䷿一丿乀伿佀便俀俿/>
<倀忿怀濿瀀翿耀迿退/>
<ꀀꑿꒀ꒿꓀꓿ꔀꙀꟿꩿꪀꬿꭀꯀ가꿿/>
<뀀뚿뛀밿뱀뿿/>
<쀀쐿쑀엿였쟿저쩿쪀쿿/>
<퀀툿퉀퐿푀휿흀/>
<豈錄鹿ﬀנּﭿﮀﯿ﴿/>
<︿﹀ﹿﺿﻀ＿｀ｿﾀﺀﷰ/>
<�/>

<𐀀𐄀𐄿𐌀𐌿𐍀𐎿𐏀𐒀/>
<𒀀𒀿𒁀𒉿𒊀𒐀𒐿𒒀𒒿/>
<𗀀𗀿𗁀𗇿𗈀𗗿𗘀𗢿𗣀𗿿/>
<𛀀𛃿𝀀𝀿𝁀𝄀𝄿𝈀𝈿𝌀𝌿/>
<𞸀🀀🀿🂿🄀🄿🚀/>

<力>
<א/>
<س/>
<अ/>
<அ/>
<அ/>
<𐍑/>
<🪐/>
<😀/>
</力>

<ÀÖØöøÿĀĿŀſƀƿǀǿƀƿǀǿȀȿɀɿʀʿˀ˿/>
<ͰͽͿ΀οπϿ/>
<ЀпрѿҠҀҿӀӿԀԿՀտրֿ׀׿/>

<؀ؿـٿڀڿۀۿ/>
<܀ܿ݀݀ݿ/>
<ހ޿ހ޿/>
<ࠀ࠿ࡀࢿࣀࣿऀिीॿ/>
<ঀিী৿/>
<౿ൿවවເༀཀ྿࿀/>
<ကႠᄀᅀᆿᇀᇿሀሿቀቿኀዀዿጀጿፀ/>
<ᚿᛀក/>
<ᢿᣀ᧿ᨀᨿᩀ᪀/>
<ᰀ᰿᱀ᲀᴀᴿᵀᵿᶀᶿḀḿṀṿẀếỀỿ/>
<ἀἿὀᾀ᾿῀/>
<a⁰ⁿ₀₿℀ℿ⅀ⅿↀ/>
<ⰀⰿⱀⱿⲀⲿⳀ⳿ⴀⴿⵀⶀⷀⷿ/>
<⸀⸿⹀⺀⺿⻀⼀⼿⽀⽿⾀⾿⿀/>
<、みむむみむダㄿㆿ㇀ㇿ㈀㈿㋿㌀㏿/>

<㐀㐿㗿㘀㛀㛿㟀㟿/>
<㠀㠿㡀㤿㥀㨿㩀㬿㭀㯿/>
<㰀㰿㱀㶿㷀㼿㽀㾿㿀㿿/>
<䀀䀿䅀䅿䆀䊿䋀䍿䎀䏿/>
<䐀䕿䖀䙿䚀䝿䞀䟿/>
<䠀䢿䣀䧿䨀䪿䫀䬿䭀䯿/>
<䰀䱿䲀䴿䵀䶿䷀䷿一丿乀伿佀便俀俿/>
<倀忿怀濿瀀翿耀迿退/>
<ꀀꑿꒀ꒿꓀꓿ꔀꙀꟿꩿꪀꬿꭀꯀ가꿿/>
<뀀뚿뛀밿뱀뿿/>
<쀀쐿쑀엿였쟿저쩿쪀쿿/>
<퀀툿퉀퐿푀휿흀/>
<豈錄鹿ﬀנּﭿﮀﯿ﴿/>
<︿﹀ﹿﺿﻀ＿｀ｿﾀﺀﷰ/>
<�/>

<𐀀𐄀𐄿𐌀𐌿𐍀𐎿𐏀𐒀/>
<𒀀𒀿𒁀𒉿𒊀𒐀𒐿𒒀𒒿/>
<𗀀𗀿𗁀𗇿𗈀𗗿𗘀𗢿𗣀𗿿/>
<𛀀𛃿𝀀𝀿𝁀𝄀𝄿𝈀𝈿𝌀𝌿/>
<𞸀🀀🀿🂿🄀🄿🚀/>

<力>
<א/>
<س/>
<अ/>
<அ/>
<அ/>
<𐍑/>
<🪐/>
<😀/>
</力>

<ÀÖØöøÿĀĿŀſƀƿǀǿƀƿǀǿȀȿɀɿʀʿˀ˿/>
<ͰͽͿ΀οπϿ/>
<ЀпрѿҠҀҿӀӿԀԿՀտրֿ׀׿/>

<؀ؿـٿڀڿۀۿ/>
<܀ܿ݀݀ݿ/>
<ހ޿ހ޿/>
<ࠀ࠿ࡀࢿࣀࣿऀिीॿ/>
<ঀিী৿/>
<౿ൿවවເༀཀ྿࿀/>
<ကႠᄀᅀᆿᇀᇿሀሿቀቿኀዀዿጀጿፀ/>
<ᚿᛀក/>
<ᢿᣀ᧿ᨀᨿᩀ᪀/>
<ᰀ᰿᱀ᲀᴀᴿᵀᵿᶀᶿḀḿṀṿẀếỀỿ/>
<ἀἿὀᾀ᾿῀/>
<a⁰ⁿ₀₿℀ℿ⅀ⅿↀ/>
<ⰀⰿⱀⱿⲀⲿⳀ⳿ⴀⴿⵀⶀⷀⷿ/>
<⸀⸿⹀⺀⺿⻀⼀⼿⽀⽿⾀⾿⿀/>
<、みむむみむダㄿㆿ㇀ㇿ㈀㈿㋿㌀㏿/>

<㐀㐿㗿㘀㛀㛿㟀㟿/>
<㠀㠿㡀㤿㥀㨿㩀㬿㭀㯿/>
<㰀㰿㱀㶿㷀㼿㽀㾿㿀㿿/>
<䀀䀿䅀䅿䆀䊿䋀䍿䎀䏿/>
<䐀䕿䖀䙿䚀䝿䞀䟿/>
<䠀䢿䣀䧿䨀䪿䫀䬿䭀䯿/>
<䰀䱿䲀䴿䵀䶿䷀䷿一丿乀伿佀便俀俿/>
<倀忿怀濿瀀翿耀迿退/>
<ꀀꑿꒀ꒿꓀꓿ꔀꙀꟿꩿꪀꬿꭀꯀ가꿿/>
<뀀뚿뛀밿뱀뿿/>
<쀀쐿쑀엿였쟿저쩿쪀쿿/>
<퀀툿퉀퐿푀휿흀/>
<豈錄鹿ﬀנּﭿﮀﯿ﴿/>
<︿﹀ﹿﺿﻀ＿｀ｿﾀﺀﷰ/>
<�/>

<𐀀𐄀𐄿𐌀𐌿𐍀𐎿𐏀𐒀/>
<𒀀𒀿𒁀𒉿𒊀𒐀𒐿𒒀𒒿/>
<𗀀𗀿𗁀𗇿𗈀𗗿𗘀𗢿𗣀𗿿/>
<𛀀𛃿𝀀𝀿𝁀𝄀𝄿𝈀𝈿𝌀𝌿/>
<𞸀🀀🀿🂿🄀🄿🚀/>

<力>
<א/>
<س/>
<अ/>
<அ/>
<அ/>
<𐍑/>
<🪐/>
<😀/>
</力>

<ÀÖØöøÿĀĿŀſƀƿǀǿƀƿǀǿȀȿɀɿʀʿˀ˿/>
<ͰͽͿ΀οπϿ/>
<ЀпрѿҠҀҿӀӿԀԿՀտրֿ׀׿/>

<؀ؿـٿڀڿۀۿ/>
<܀ܿ݀݀ݿ/>
<ހ޿ހ޿/>
<ࠀ࠿ࡀࢿࣀࣿऀिीॿ/>
<ঀিী৿/>
<౿ൿවවເༀཀ྿࿀/>
<ကႠᄀᅀᆿᇀᇿሀሿቀቿኀዀዿጀጿፀ/>
<ᚿᛀក/>
<ᢿᣀ᧿ᨀᨿᩀ᪀/>
<ᰀ᰿᱀ᲀᴀᴿᵀᵿᶀᶿḀḿṀṿẀếỀỿ/>
<ἀἿὀᾀ᾿῀/>
<a⁰ⁿ₀₿℀ℿ⅀ⅿↀ/>
<ⰀⰿⱀⱿⲀⲿⳀ⳿ⴀⴿⵀⶀⷀⷿ/>
<⸀⸿⹀⺀⺿⻀⼀⼿⽀⽿⾀⾿⿀/>
<、みむむみむダㄿㆿ㇀ㇿ㈀㈿㋿㌀㏿/>

<㐀㐿㗿㘀㛀㛿㟀㟿/>
<㠀㠿㡀㤿㥀㨿㩀㬿㭀㯿/>
<㰀㰿㱀㶿㷀㼿㽀㾿㿀㿿/>
<䀀䀿䅀䅿䆀䊿䋀䍿䎀䏿/>
<䐀䕿䖀䙿䚀䝿䞀䟿/>
<䠀䢿䣀䧿䨀䪿䫀䬿䭀䯿/>
<䰀䱿䲀䴿䵀䶿䷀䷿一丿乀伿佀便俀俿/>
<倀忿怀濿瀀翿耀迿退/>
<ꀀꑿꒀ꒿꓀꓿ꔀꙀꟿꩿꪀꬿꭀꯀ가꿿/>
<뀀뚿뛀밿뱀뿿/>
<쀀쐿쑀엿였쟿저쩿쪀쿿/>
<퀀툿퉀퐿푀휿흀/>
<豈錄鹿ﬀנּﭿﮀﯿ﴿/>
<︿﹀ﹿﺿﻀ＿｀ｿﾀﺀﷰ/>
<�/>

<𐀀𐄀𐄿𐌀𐌿𐍀𐎿𐏀𐒀/>
<𒀀𒀿𒁀𒉿𒊀𒐀𒐿𒒀𒒿/>
<𗀀𗀿𗁀𗇿𗈀𗗿𗘀𗢿𗣀𗿿/>
<𛀀𛃿𝀀𝀿𝁀𝄀𝄿𝈀𝈿𝌀𝌿/>
<𞸀🀀🀿🂿🄀🄿🚀/>

<力>
<א/>
<س/>
<अ/>
<அ/>
<அ/>
<𐍑/>
<🪐/>
<😀/>
</力>

<ÀÖØöøÿĀĿŀſƀƿǀǿƀƿǀǿȀȿɀɿʀʿˀ˿/>
<ͰͽͿ΀οπϿ/>
<ЀпрѿҠҀҿӀӿԀԿՀտրֿ׀׿/>

<؀ؿـٿڀڿۀۿ/>
<܀ܿ݀݀ݿ/>
<ހ޿ހ޿/>
<ࠀ࠿ࡀࢿࣀࣿऀिीॿ/>
<ঀিী৿/>
<౿ൿවවເༀཀ྿࿀/>
<ကႠᄀᅀᆿᇀᇿሀሿቀቿኀዀዿጀጿፀ/>
<ᚿᛀក/>
<ᢿᣀ᧿ᨀᨿᩀ᪀/>
<ᰀ᰿᱀ᲀᴀᴿᵀᵿᶀᶿḀḿṀṿẀếỀỿ/>
<ἀἿὀᾀ᾿῀/>
<a⁰ⁿ₀₿℀ℿ⅀ⅿↀ/>
<ⰀⰿⱀⱿⲀⲿⳀ⳿ⴀⴿⵀⶀⷀⷿ/>
<⸀⸿⹀⺀⺿⻀⼀⼿⽀⽿⾀⾿⿀/>
<、みむむみむダㄿㆿ㇀ㇿ㈀㈿㋿㌀㏿/>

<㐀㐿㗿㘀㛀㛿㟀㟿/>
<㠀㠿㡀㤿㥀㨿㩀㬿㭀㯿/>
<㰀㰿㱀㶿㷀㼿㽀㾿㿀㿿/>
<䀀䀿䅀䅿䆀䊿䋀䍿䎀䏿/>
<䐀䕿䖀䙿䚀䝿䞀䟿/>
<䠀䢿䣀䧿䨀䪿䫀䬿䭀䯿/>
<䰀䱿䲀䴿䵀䶿䷀䷿一丿乀伿佀便俀俿/>
<倀忿怀濿瀀翿耀迿退/>
<ꀀꑿꒀ꒿꓀꓿ꔀꙀꟿꩿꪀꬿꭀꯀ가꿿/>
<뀀뚿뛀밿뱀뿿/>
<쀀쐿쑀엿였쟿저쩿쪀쿿/>
<퀀툿퉀퐿푀휿흀/>
<豈錄鹿ﬀנּﭿﮀﯿ﴿/>
<︿﹀ﹿﺿﻀ＿｀ｿﾀﺀﷰ/>
<�/>

<𐀀𐄀𐄿𐌀𐌿𐍀𐎿𐏀𐒀/>
<𒀀𒀿𒁀𒉿𒊀𒐀𒐿𒒀𒒿/>
<𗀀𗀿𗁀𗇿𗈀𗗿𗘀𗢿𗣀𗿿/>
<𛀀𛃿𝀀𝀿𝁀𝄀𝄿𝈀𝈿𝌀𝌿/>
<𞸀🀀🀿🂿🄀🄿🚀/>

<力>
<א/>
<س/>
<अ/>
<அ/>
<அ/>
<𐍑/>
<🪐/>
<😀/>
</力>

<ÀÖØöøÿĀĿŀſƀƿǀǿƀƿǀǿȀȿɀɿʀʿˀ˿/>
<ͰͽͿ΀οπϿ/>
<ЀпрѿҠҀҿӀӿԀԿՀտրֿ׀׿/>

<؀ؿـٿڀڿۀۿ/>
<܀ܿ݀݀ݿ/>
<ހ޿ހ޿/>
<ࠀ࠿ࡀࢿࣀࣿऀिीॿ/>
<ঀিী৿/>
<౿ൿවවເༀཀ྿࿀/>
<ကႠᄀᅀᆿᇀᇿሀሿቀቿኀዀዿጀጿፀ/>
<ᚿᛀក/>
<ᢿᣀ᧿ᨀᨿᩀ᪀/>
<ᰀ᰿᱀ᲀᴀᴿᵀᵿᶀᶿḀḿṀṿẀếỀỿ/>
<ἀἿὀᾀ᾿῀/>
<a⁰ⁿ₀₿℀ℿ⅀ⅿↀ/>
<ⰀⰿⱀⱿⲀⲿⳀ⳿ⴀⴿⵀⶀⷀⷿ/>
<⸀⸿⹀⺀⺿⻀⼀⼿⽀⽿⾀⾿⿀/>
<、みむむみむダㄿㆿ㇀ㇿ㈀㈿㋿㌀㏿/>

<㐀㐿㗿㘀㛀㛿㟀㟿/>
<㠀㠿㡀㤿㥀㨿㩀㬿㭀㯿/>
<㰀㰿㱀㶿㷀㼿㽀㾿㿀㿿/>
<䀀䀿䅀䅿䆀䊿䋀䍿䎀䏿/>
<䐀䕿䖀䙿䚀䝿䞀䟿/>
<䠀䢿䣀䧿䨀䪿䫀䬿䭀䯿/>
<䰀䱿䲀䴿䵀䶿䷀䷿一丿乀伿佀便俀俿/>
<倀忿怀濿瀀翿耀迿退/>
<ꀀꑿꒀ꒿꓀꓿ꔀꙀꟿꩿꪀꬿꭀꯀ가꿿/>
<뀀뚿뛀밿뱀뿿/>
<쀀쐿쑀엿였쟿저쩿쪀쿿/>
<퀀툿퉀퐿푀휿흀/>
<豈錄鹿ﬀנּﭿﮀﯿ﴿/>
<︿﹀ﹿﺿﻀ＿｀ｿﾀﺀﷰ/>
<�/>

<𐀀𐄀𐄿𐌀𐌿𐍀𐎿𐏀𐒀/>
<𒀀𒀿𒁀𒉿𒊀𒐀𒐿𒒀𒒿/>
<𗀀𗀿𗁀𗇿𗈀𗗿𗘀𗢿𗣀𗿿/>
<𛀀𛃿𝀀𝀿𝁀𝄀𝄿𝈀𝈿𝌀𝌿/>
<𞸀🀀🀿🂿🄀🄿🚀/>

<力>
<א/>
<س/>
<अ/>
<அ/>
<அ/>
<𐍑/>
<🪐/>
<😀/>
</力>

<ÀÖØöøÿĀĿŀſƀƿǀǿƀƿǀǿȀȿɀɿʀʿˀ˿/>
<ͰͽͿ΀οπϿ/>
<ЀпрѿҠҀҿӀӿԀԿՀտրֿ׀׿/>

<؀ؿـٿڀڿۀۿ/>
<܀ܿ݀݀ݿ/>
<ހ޿ހ޿/>
<ࠀ࠿ࡀࢿࣀࣿऀिीॿ/>
<ঀিী৿/>
<౿ൿවවເༀཀ྿࿀/>
<ကႠᄀᅀᆿᇀᇿሀሿቀቿኀዀዿጀጿፀ/>
<ᚿᛀក/>
<ᢿᣀ᧿ᨀᨿᩀ᪀/>
<ᰀ᰿᱀ᲀᴀᴿᵀᵿᶀᶿḀḿṀṿẀếỀỿ/>
<ἀἿὀᾀ᾿῀/>
<a⁰ⁿ₀₿℀ℿ⅀ⅿↀ/>
<ⰀⰿⱀⱿⲀⲿⳀ⳿ⴀⴿⵀⶀⷀⷿ/>
<⸀⸿⹀⺀⺿⻀⼀⼿⽀⽿⾀⾿⿀/>
<、みむむみむダㄿㆿ㇀ㇿ㈀㈿㋿㌀㏿/>

<㐀㐿㗿㘀㛀㛿㟀㟿/>
<㠀㠿㡀㤿㥀㨿㩀㬿㭀㯿/>
<㰀㰿㱀㶿㷀㼿㽀㾿㿀㿿/>
<䀀䀿䅀䅿䆀䊿䋀䍿䎀䏿/>
<䐀䕿䖀䙿䚀䝿䞀䟿/>
<䠀䢿䣀䧿䨀䪿䫀䬿䭀䯿/>
<䰀䱿䲀䴿䵀䶿䷀䷿一丿乀伿佀便俀俿/>
<倀忿怀濿瀀翿耀迿退/>
<ꀀꑿꒀ꒿꓀꓿ꔀꙀꟿꩿꪀꬿꭀꯀ가꿿/>
<뀀뚿뛀밿뱀뿿/>
<쀀쐿쑀엿였쟿저쩿쪀쿿/>
<퀀툿퉀퐿푀휿흀/>
<豈錄鹿ﬀנּﭿﮀﯿ﴿/>
<︿﹀ﹿﺿﻀ＿｀ｿﾀﺀﷰ/>
<�/>

<𐀀𐄀𐄿𐌀𐌿𐍀𐎿𐏀𐒀/>
<𒀀𒀿𒁀𒉿𒊀𒐀𒐿𒒀𒒿/>
<𗀀𗀿𗁀𗇿𗈀𗗿𗘀𗢿𗣀𗿿/>
<𛀀𛃿𝀀𝀿𝁀𝄀𝄿𝈀𝈿𝌀𝌿/>
<𞸀🀀🀿🂿🄀🄿🚀/>

<力>
<א/>
<س/>
<अ/>
<அ/>
<அ/>
<𐍑/>
<🪐/>
<😀/>
</力>

<ÀÖØöøÿĀĿŀſƀƿǀǿƀƿǀǿȀȿɀɿʀʿˀ˿/>
<ͰͽͿ΀οπϿ/>
<ЀпрѿҠҀҿӀӿԀԿՀտրֿ׀׿/>

<؀ؿـٿڀڿۀۿ/>
<܀ܿ݀݀ݿ/>
<ހ޿ހ޿/>
<ࠀ࠿ࡀࢿࣀࣿऀिीॿ/>
<ঀিী৿/>
<౿ൿවවເༀཀ྿࿀/>
<ကႠᄀᅀᆿᇀᇿሀሿቀቿኀዀዿጀጿፀ/>
<ᚿᛀក/>
<ᢿᣀ᧿ᨀᨿᩀ᪀/>
<ᰀ᰿᱀ᲀᴀᴿᵀᵿᶀᶿḀḿṀṿẀếỀỿ/>
<ἀἿὀᾀ᾿῀/>
<a⁰ⁿ₀₿℀ℿ⅀ⅿↀ/>
<ⰀⰿⱀⱿⲀⲿⳀ⳿ⴀⴿⵀⶀⷀⷿ/>
<⸀⸿⹀⺀⺿⻀⼀⼿⽀⽿⾀⾿⿀/>
<、みむむみむダㄿㆿ㇀ㇿ㈀㈿㋿㌀㏿/>

<㐀㐿㗿㘀㛀㛿㟀㟿/>
<㠀㠿㡀㤿㥀㨿㩀㬿㭀㯿/>
<㰀㰿㱀㶿㷀㼿㽀㾿㿀㿿/>
<䀀䀿䅀䅿䆀䊿䋀䍿䎀䏿/>
<䐀䕿䖀䙿䚀䝿䞀䟿/>
<䠀䢿䣀䧿䨀䪿䫀䬿䭀䯿/>
<䰀䱿䲀䴿䵀䶿䷀䷿一丿乀伿佀便俀俿/>
<倀忿怀濿瀀翿耀迿退/>
<ꀀꑿꒀ꒿꓀꓿ꔀꙀꟿꩿꪀꬿꭀꯀ가꿿/>
<뀀뚿뛀밿뱀뿿/>
<쀀쐿쑀엿였쟿저쩿쪀쿿/>
<퀀툿퉀퐿푀휿흀/>
<豈錄鹿ﬀנּﭿﮀﯿ﴿/>
<︿﹀ﹿﺿﻀ＿｀ｿﾀﺀﷰ/>
<�/>

<𐀀𐄀𐄿𐌀𐌿𐍀𐎿𐏀𐒀/>
<𒀀𒀿𒁀𒉿𒊀𒐀𒐿𒒀𒒿/>
<𗀀𗀿𗁀𗇿𗈀𗗿𗘀𗢿𗣀𗿿/>
<𛀀𛃿𝀀𝀿𝁀𝄀𝄿𝈀𝈿𝌀𝌿/>
<𞸀🀀🀿🂿🄀🄿🚀/>

<力>
<א/>
<س/>
<अ/>
<அ/>
<அ/>
<𐍑/>
<🪐/>
<😀/>
</力>

<ÀÖØöøÿĀĿŀſƀƿǀǿƀƿǀǿȀȿɀɿʀʿˀ˿/>
<ͰͽͿ΀οπϿ/>
<ЀпрѿҠҀҿӀӿԀԿՀտրֿ׀׿/>

<؀ؿـٿڀڿۀۿ/>
<܀ܿ݀݀ݿ/>
<ހ޿ހ޿/>
<ࠀ࠿ࡀࢿࣀࣿऀिीॿ/>
<ঀিী৿/>
<౿ൿවවເༀཀ྿࿀/>
<ကႠᄀᅀᆿᇀᇿሀሿቀቿኀዀዿጀጿፀ/>
<ᚿᛀក/>
<ᢿᣀ᧿ᨀᨿᩀ᪀/>
<ᰀ᰿᱀ᲀᴀᴿᵀᵿᶀᶿḀḿṀṿẀếỀỿ/>
<ἀἿὀᾀ᾿῀/>
<a⁰ⁿ₀₿℀ℿ⅀ⅿↀ/>
<ⰀⰿⱀⱿⲀⲿⳀ⳿ⴀⴿⵀⶀⷀⷿ/>
<⸀⸿⹀⺀⺿⻀⼀⼿⽀⽿⾀⾿⿀/>
<、みむむみむダㄿㆿ㇀ㇿ㈀㈿㋿㌀㏿/>

<㐀㐿㗿㘀㛀㛿㟀㟿/>
<㠀㠿㡀㤿㥀㨿㩀㬿㭀㯿/>
<㰀㰿㱀㶿㷀㼿㽀㾿㿀㿿/>
<䀀䀿䅀䅿䆀䊿䋀䍿䎀䏿/>
<䐀䕿䖀䙿䚀䝿䞀䟿/>
<䠀䢿䣀䧿䨀䪿䫀䬿䭀䯿/>
<䰀䱿䲀䴿䵀䶿䷀䷿一丿乀伿佀便俀俿/>
<倀忿怀濿瀀翿耀迿退/>
<ꀀꑿꒀ꒿꓀꓿ꔀꙀꟿꩿꪀꬿꭀꯀ가꿿/>
<뀀뚿뛀밿뱀뿿/>
<쀀쐿쑀엿였쟿저쩿쪀쿿/>
<퀀툿퉀퐿푀휿흀/>
<豈錄鹿ﬀנּﭿﮀﯿ﴿/>
<︿﹀ﹿﺿﻀ＿｀ｿﾀﺀﷰ/>
<�/>

<𐀀𐄀𐄿𐌀𐌿𐍀𐎿𐏀𐒀/>
<𒀀𒀿𒁀𒉿𒊀𒐀𒐿𒒀𒒿/>
<𗀀𗀿𗁀𗇿𗈀𗗿𗘀𗢿𗣀𗿿/>
<𛀀𛃿𝀀𝀿𝁀𝄀𝄿𝈀𝈿𝌀𝌿/>
<𞸀🀀🀿🂿🄀🄿🚀/>

<力>
<א/>
<س/>
<अ/>
<அ/>
<அ/>
<𐍑/>
<🪐/>
<😀/>
</力>

<ÀÖØöøÿĀĿŀſƀƿǀǿƀƿǀǿȀȿɀɿʀʿˀ˿/>
<ͰͽͿ΀οπϿ/>
<ЀпрѿҠҀҿӀӿԀԿՀտրֿ׀׿/>

<؀ؿـٿڀڿۀۿ/>
<܀ܿ݀݀ݿ/>
<ހ޿ހ޿/>
<ࠀ࠿ࡀࢿࣀࣿऀिीॿ/>
<ঀিী৿/>
<౿ൿවවເༀཀ྿࿀/>
<ကႠᄀᅀᆿᇀᇿሀሿቀቿኀዀዿጀጿፀ/>
<ᚿᛀក/>
<ᢿᣀ᧿ᨀᨿᩀ᪀/>
<ᰀ᰿᱀ᲀᴀᴿᵀᵿᶀᶿḀḿṀṿẀếỀỿ/>
<ἀἿὀᾀ᾿῀/>
<a⁰ⁿ₀₿℀ℿ⅀ⅿↀ/>
<ⰀⰿⱀⱿⲀⲿⳀ⳿ⴀⴿⵀⶀⷀⷿ/>
<⸀⸿⹀⺀⺿⻀⼀⼿⽀⽿⾀⾿⿀/>
<、みむむみむダㄿㆿ㇀ㇿ㈀㈿㋿㌀㏿/>

<㐀㐿㗿㘀㛀㛿㟀㟿/>
<㠀㠿㡀㤿㥀㨿㩀㬿㭀㯿/>
<㰀㰿㱀㶿㷀㼿㽀㾿㿀㿿/>
<䀀䀿䅀䅿䆀䊿䋀䍿䎀䏿/>
<䐀䕿䖀䙿䚀䝿䞀䟿/>
<䠀䢿䣀䧿䨀䪿䫀䬿䭀䯿/>
<䰀䱿䲀䴿䵀䶿䷀䷿一丿乀伿佀便俀俿/>
<倀忿怀濿瀀翿耀迿退/>
<ꀀꑿꒀ꒿꓀꓿ꔀꙀꟿꩿꪀꬿꭀꯀ가꿿/>
<뀀뚿뛀밿뱀뿿/>
<쀀쐿쑀엿였쟿저쩿쪀쿿/>
<퀀툿퉀퐿푀휿흀/>
<豈錄鹿ﬀנּﭿﮀﯿ﴿/>
<︿﹀ﹿﺿﻀ＿｀ｿﾀﺀﷰ/>
<�/>

<𐀀𐄀𐄿𐌀𐌿𐍀𐎿𐏀𐒀/>
<𒀀𒀿𒁀𒉿𒊀𒐀𒐿𒒀𒒿/>
<𗀀𗀿𗁀𗇿𗈀𗗿𗘀𗢿𗣀𗿿/>
<𛀀𛃿𝀀𝀿𝁀𝄀𝄿𝈀𝈿𝌀𝌿/>
<𞸀🀀🀿🂿🄀🄿🚀/>

<力>
<א/>
<س/>
<अ/>
<அ/>
<அ/>
<𐍑/>
<🪐/>
<😀/>
</力>

<ÀÖØöøÿĀĿŀſƀƿǀǿƀƿǀǿȀȿɀɿʀʿˀ˿/>
<ͰͽͿ΀οπϿ/>
<ЀпрѿҠҀҿӀӿԀԿՀտրֿ׀׿/>

<؀ؿـٿڀڿۀۿ/>
<܀ܿ݀݀ݿ/>
<ހ޿ހ޿/>
<ࠀ࠿ࡀࢿࣀࣿऀिीॿ/>
<ঀিী৿/>
<౿ൿවවເༀཀ྿࿀/>
<ကႠᄀᅀᆿᇀᇿሀሿቀቿኀዀዿጀጿፀ/>
<ᚿᛀក/>
<ᢿᣀ᧿ᨀᨿᩀ᪀/>
<ᰀ᰿᱀ᲀᴀᴿᵀᵿᶀᶿḀḿṀṿẀếỀỿ/>
<ἀἿὀᾀ᾿῀/>
<a⁰ⁿ₀₿℀ℿ⅀ⅿↀ/>
<ⰀⰿⱀⱿⲀⲿⳀ⳿ⴀⴿⵀⶀⷀⷿ/>
<⸀⸿⹀⺀⺿⻀⼀⼿⽀⽿⾀⾿⿀/>
<、みむむみむダㄿㆿ㇀ㇿ㈀㈿㋿㌀㏿/>

<㐀㐿㗿㘀㛀㛿㟀㟿/>
<㠀㠿㡀㤿㥀㨿㩀㬿㭀㯿/>
<㰀㰿㱀㶿㷀㼿㽀㾿㿀㿿/>
<䀀䀿䅀䅿䆀䊿䋀䍿䎀䏿/>
<䐀䕿䖀䙿䚀䝿䞀䟿/>
<䠀䢿䣀䧿䨀䪿䫀䬿䭀䯿/>
<䰀䱿䲀䴿䵀䶿䷀䷿一丿乀伿佀便俀俿/>
<倀忿怀濿瀀翿耀迿退/>
<ꀀꑿꒀ꒿꓀꓿ꔀꙀꟿꩿꪀꬿꭀꯀ가꿿/>
<뀀뚿뛀밿뱀뿿/>
<쀀쐿쑀엿였쟿저쩿쪀쿿/>
<퀀툿퉀퐿푀휿흀/>
<豈錄鹿ﬀנּﭿﮀﯿ﴿/>
<︿﹀ﹿﺿﻀ＿｀ｿﾀﺀﷰ/>
<�/>

<𐀀𐄀𐄿𐌀𐌿𐍀𐎿𐏀𐒀/>
<𒀀𒀿𒁀𒉿𒊀𒐀𒐿𒒀𒒿/>
<𗀀𗀿𗁀𗇿𗈀𗗿𗘀𗢿𗣀𗿿/>
<𛀀𛃿𝀀𝀿𝁀𝄀𝄿𝈀𝈿𝌀𝌿/>
<𞸀🀀🀿🂿🄀🄿🚀/>

<力>
<א/>
<س/>
<अ/>
<அ/>
<அ/>
<𐍑/>
<🪐/>
<😀/>
</力>

<ÀÖØöøÿĀĿŀſƀƿǀǿƀƿǀǿȀȿɀɿʀʿˀ˿/>
<ͰͽͿ΀οπϿ/>
<ЀпрѿҠҀҿӀӿԀԿՀտրֿ׀׿/>

<؀ؿـٿڀڿۀۿ/>
<܀ܿ݀݀ݿ/>
<ހ޿ހ޿/>
<ࠀ࠿ࡀࢿࣀࣿऀिीॿ/>
<ঀিী৿/>
<౿ൿවවເༀཀ྿࿀/>
<ကႠᄀᅀᆿᇀᇿሀሿቀቿኀዀዿጀጿፀ/>
<ᚿᛀក/>
<ᢿᣀ᧿ᨀᨿᩀ᪀/>
<ᰀ᰿᱀ᲀᴀᴿᵀᵿᶀᶿḀḿṀṿẀếỀỿ/>
<ἀἿὀᾀ᾿῀/>
<a⁰ⁿ₀₿℀ℿ⅀ⅿↀ/>
<ⰀⰿⱀⱿⲀⲿⳀ⳿ⴀⴿⵀⶀⷀⷿ/>
<⸀⸿⹀⺀⺿⻀⼀⼿⽀⽿⾀⾿⿀/>
<、みむむみむダㄿㆿ㇀ㇿ㈀㈿㋿㌀㏿/>

<㐀㐿㗿㘀㛀㛿㟀㟿/>
<㠀㠿㡀㤿㥀㨿㩀㬿㭀㯿/>
<㰀㰿㱀㶿㷀㼿㽀㾿㿀㿿/>
<䀀䀿䅀䅿䆀䊿䋀䍿䎀䏿/>
<䐀䕿䖀䙿䚀䝿䞀䟿/>
<䠀䢿䣀䧿䨀䪿䫀䬿䭀䯿/>
<䰀䱿䲀䴿䵀䶿䷀䷿一丿乀伿佀便俀俿/>
<倀忿怀濿瀀翿耀迿退/>
<ꀀꑿꒀ꒿꓀꓿ꔀꙀꟿꩿꪀꬿꭀꯀ가꿿/>
<뀀뚿뛀밿뱀뿿/>
<쀀쐿쑀엿였쟿저쩿쪀쿿/>
<퀀툿퉀퐿푀휿흀/>
<豈錄鹿ﬀנּﭿﮀﯿ﴿/>
<︿﹀ﹿﺿﻀ＿｀ｿﾀﺀﷰ/>
<�/>

<𐀀𐄀𐄿𐌀𐌿𐍀𐎿𐏀𐒀/>
<𒀀𒀿𒁀𒉿𒊀𒐀𒐿𒒀𒒿/>
<𗀀𗀿𗁀𗇿𗈀𗗿𗘀𗢿𗣀𗿿/>
<𛀀𛃿𝀀𝀿𝁀𝄀𝄿𝈀𝈿𝌀𝌿/>
<𞸀🀀🀿🂿🄀🄿🚀/>

<力>
<א/>
<س/>
<अ/>
<அ/>
<அ/>
<𐍑/>
<🪐/>
<😀/>
</力>

<ÀÖØöøÿĀĿŀſƀƿǀǿƀƿǀǿȀȿɀɿʀʿˀ˿/>
<ͰͽͿ΀οπϿ/>
<ЀпрѿҠҀҿӀӿԀԿՀտրֿ׀׿/>

<؀ؿـٿڀڿۀۿ/>
<܀ܿ݀݀ݿ/>
<ހ޿ހ޿/>
<ࠀ࠿ࡀࢿࣀࣿऀिीॿ/>
<ঀিী৿/>
<౿ൿවවເༀཀ྿࿀/>
<ကႠᄀᅀᆿᇀᇿሀሿቀቿኀዀዿጀጿፀ/>
<ᚿᛀក/>
<ᢿᣀ᧿ᨀᨿᩀ᪀/>
<ᰀ᰿᱀ᲀᴀᴿᵀᵿᶀᶿḀḿṀṿẀếỀỿ/>
<ἀἿὀᾀ᾿῀/>
<a⁰ⁿ₀₿℀ℿ⅀ⅿↀ/>
<ⰀⰿⱀⱿⲀⲿⳀ⳿ⴀⴿⵀⶀⷀⷿ/>
<⸀⸿⹀⺀⺿⻀⼀⼿⽀⽿⾀⾿⿀/>
<、みむむみむダㄿㆿ㇀ㇿ㈀㈿㋿㌀㏿/>

<㐀㐿㗿㘀㛀㛿㟀㟿/>
<㠀㠿㡀㤿㥀㨿㩀㬿㭀㯿/>
<㰀㰿㱀㶿㷀㼿㽀㾿㿀㿿/>
<䀀䀿䅀䅿䆀䊿䋀䍿䎀䏿/>
<䐀䕿䖀䙿䚀䝿䞀䟿/>
<䠀䢿䣀䧿䨀䪿䫀䬿䭀䯿/>
<䰀䱿䲀䴿䵀䶿䷀䷿一丿乀伿佀便俀俿/>
<倀忿怀濿瀀翿耀迿退/>
<ꀀꑿꒀ꒿꓀꓿ꔀꙀꟿꩿꪀꬿꭀꯀ가꿿/>
<뀀뚿뛀밿뱀뿿/>
<쀀쐿쑀엿였쟿저쩿쪀쿿/>
<퀀툿퉀퐿푀휿흀/>
<豈錄鹿ﬀנּﭿﮀﯿ﴿/>
<︿﹀ﹿﺿﻀ＿｀ｿﾀﺀﷰ/>
<�/>

<𐀀𐄀𐄿𐌀𐌿𐍀𐎿𐏀𐒀/>
<𒀀𒀿𒁀𒉿𒊀𒐀𒐿𒒀𒒿/>
<𗀀𗀿𗁀𗇿𗈀𗗿𗘀𗢿𗣀𗿿/>
<𛀀𛃿𝀀𝀿𝁀𝄀𝄿𝈀𝈿𝌀𝌿/>
<𞸀🀀🀿🂿🄀🄿🚀/>

<力>
<א/>
<س/>
<अ/>
<அ/>
<அ/>
<𐍑/>
<🪐/>
<😀/>
</力>

<ÀÖØöøÿĀĿŀſƀƿǀǿƀƿǀǿȀȿɀɿʀʿˀ˿/>
<ͰͽͿ΀οπϿ/>
<ЀпрѿҠҀҿӀӿԀԿՀտրֿ׀׿/>

<؀ؿـٿڀڿۀۿ/>
<܀ܿ݀݀ݿ/>
<ހ޿ހ޿/>
<ࠀ࠿ࡀࢿࣀࣿऀिीॿ/>
<ঀিী৿/>
<౿ൿවවເༀཀ྿࿀/>
<ကႠᄀᅀᆿᇀᇿሀሿቀቿኀዀዿጀጿፀ/>
<ᚿᛀក/>
<ᢿᣀ᧿ᨀᨿᩀ᪀/>
<ᰀ᰿᱀ᲀᴀᴿᵀᵿᶀᶿḀḿṀṿẀếỀỿ/>
<ἀἿὀᾀ᾿῀/>
<a⁰ⁿ₀₿℀ℿ⅀ⅿↀ/>
<ⰀⰿⱀⱿⲀⲿⳀ⳿ⴀⴿⵀⶀⷀⷿ/>
<⸀⸿⹀⺀⺿⻀⼀⼿⽀⽿⾀⾿⿀/>
<、みむむみむダㄿㆿ㇀ㇿ㈀㈿㋿㌀㏿/>

<㐀㐿㗿㘀㛀㛿㟀㟿/>
<㠀㠿㡀㤿㥀㨿㩀㬿㭀㯿/>
<㰀㰿㱀㶿㷀㼿㽀㾿㿀㿿/>
<䀀䀿䅀䅿䆀䊿䋀䍿䎀䏿/>
<䐀䕿䖀䙿䚀䝿䞀䟿/>
<䠀䢿䣀䧿䨀䪿䫀䬿䭀䯿/>
<䰀䱿䲀䴿䵀䶿䷀䷿一丿乀伿佀便俀俿/>
<倀忿怀濿瀀翿耀迿退/>
<ꀀꑿꒀ꒿꓀꓿ꔀꙀꟿꩿꪀꬿꭀꯀ가꿿/>
<뀀뚿뛀밿뱀뿿/>
<쀀쐿쑀엿였쟿저쩿쪀쿿/>
<퀀툿퉀퐿푀휿흀/>
<豈錄鹿ﬀנּﭿﮀﯿ﴿/>
<︿﹀ﹿﺿﻀ＿｀ｿﾀﺀﷰ/>
<�/>

<𐀀𐄀𐄿𐌀𐌿𐍀𐎿𐏀𐒀/>
<𒀀𒀿𒁀𒉿𒊀𒐀𒐿𒒀𒒿/>
<𗀀𗀿𗁀𗇿𗈀𗗿𗘀𗢿𗣀𗿿/>
<𛀀𛃿𝀀𝀿𝁀𝄀𝄿𝈀𝈿𝌀𝌿/>
<𞸀🀀🀿🂿🄀🄿🚀/>

<力>
<א/>
<س/>
<अ/>
<அ/>
<அ/>
<𐍑/>
<🪐/>
<😀/>
</力>

<ÀÖØöøÿĀĿŀſƀƿǀǿƀƿǀǿȀȿɀɿʀʿˀ˿/>
<ͰͽͿ΀οπϿ/>
<ЀпрѿҠҀҿӀӿԀԿՀտրֿ׀׿/>

<؀ؿـٿڀڿۀۿ/>
<܀ܿ݀݀ݿ/>
<ހ޿ހ޿/>
<ࠀ࠿ࡀࢿࣀࣿऀिीॿ/>
<ঀিী৿/>
<౿ൿවවເༀཀ྿࿀/>
<ကႠᄀᅀᆿᇀᇿሀሿቀቿኀዀዿጀጿፀ/>
<ᚿᛀក/>
<ᢿᣀ᧿ᨀᨿᩀ᪀/>
<ᰀ᰿᱀ᲀᴀᴿᵀᵿᶀᶿḀḿṀṿẀếỀỿ/>
<ἀἿὀᾀ᾿῀/>
<a⁰ⁿ₀₿℀ℿ⅀ⅿↀ/>
<ⰀⰿⱀⱿⲀⲿⳀ⳿ⴀⴿⵀⶀⷀⷿ/>
<⸀⸿⹀⺀⺿⻀⼀⼿⽀⽿⾀⾿⿀/>
<、みむむみむダㄿㆿ㇀ㇿ㈀㈿㋿㌀㏿/>

<㐀㐿㗿㘀㛀㛿㟀㟿/>
<㠀㠿㡀㤿㥀㨿㩀㬿㭀㯿/>
<㰀㰿㱀㶿㷀㼿㽀㾿㿀㿿/>
<䀀䀿䅀䅿䆀䊿䋀䍿䎀䏿/>
<䐀䕿䖀䙿䚀䝿䞀䟿/>
<䠀䢿䣀䧿䨀䪿䫀䬿䭀䯿/>
<䰀䱿䲀䴿䵀䶿䷀䷿一丿乀伿佀便俀俿/>
<倀忿怀濿瀀翿耀迿退/>
<ꀀꑿꒀ꒿꓀꓿ꔀꙀꟿꩿꪀꬿꭀꯀ가꿿/>
<뀀뚿뛀밿뱀뿿/>
<쀀쐿쑀엿였쟿저쩿쪀쿿/>
<퀀툿퉀퐿푀휿흀/>
<豈錄鹿ﬀנּﭿﮀﯿ﴿/>
<︿﹀ﹿﺿﻀ＿｀ｿﾀﺀﷰ/>
<�/>

<𐀀𐄀𐄿𐌀𐌿𐍀𐎿𐏀𐒀/>
<𒀀𒀿𒁀𒉿𒊀𒐀𒐿𒒀𒒿/>
<𗀀𗀿𗁀𗇿𗈀𗗿𗘀𗢿𗣀𗿿/>
<𛀀𛃿𝀀𝀿𝁀𝄀𝄿𝈀𝈿𝌀𝌿/>
<𞸀🀀🀿🂿🄀🄿🚀/>

<力>
<א/>
<س/>
<अ/>
<அ/>
<அ/>
<𐍑/>
<🪐/>
<😀/>
</力>

<ÀÖØöøÿĀĿŀſƀƿǀǿƀƿǀǿȀȿɀɿʀʿˀ˿/>
<ͰͽͿ΀οπϿ/>
<ЀпрѿҠҀҿӀӿԀԿՀտրֿ׀׿/>

<؀ؿـٿڀڿۀۿ/>
<܀ܿ݀݀ݿ/>
<ހ޿ހ޿/>
<ࠀ࠿ࡀࢿࣀࣿऀिीॿ/>
<ঀিী৿/>
<౿ൿවවເༀཀ྿࿀/>
<ကႠᄀᅀᆿᇀᇿሀሿቀቿኀዀዿጀጿፀ/>
<ᚿᛀក/>
<ᢿᣀ᧿ᨀᨿᩀ᪀/>
<ᰀ᰿᱀ᲀᴀᴿᵀᵿᶀᶿḀḿṀṿẀếỀỿ/>
<ἀἿὀᾀ᾿῀/>
<a⁰ⁿ₀₿℀ℿ⅀ⅿↀ/>
<ⰀⰿⱀⱿⲀⲿⳀ⳿ⴀⴿⵀⶀⷀⷿ/>
<⸀⸿⹀⺀⺿⻀⼀⼿⽀⽿⾀⾿⿀/>
<、みむむみむダㄿㆿ㇀ㇿ㈀㈿㋿㌀㏿/>

<㐀㐿㗿㘀㛀㛿㟀㟿/>
<㠀㠿㡀㤿㥀㨿㩀㬿㭀㯿/>
<㰀㰿㱀㶿㷀㼿㽀㾿㿀㿿/>
<䀀䀿䅀䅿䆀䊿䋀䍿䎀䏿/>
<䐀䕿䖀䙿䚀䝿䞀䟿/>
<䠀䢿䣀䧿䨀䪿䫀䬿䭀䯿/>
<䰀䱿䲀䴿䵀䶿䷀䷿一丿乀伿佀便俀俿/>
<倀忿怀濿瀀翿耀迿退/>
<ꀀꑿꒀ꒿꓀꓿ꔀꙀꟿꩿꪀꬿꭀꯀ가꿿/>
<뀀뚿뛀밿뱀뿿/>
<쀀쐿쑀엿였쟿저쩿쪀쿿/>
<퀀툿퉀퐿푀휿흀/>
<豈錄鹿ﬀנּﭿﮀﯿ﴿/>
<︿﹀ﹿﺿﻀ＿｀ｿﾀﺀﷰ/>
<�/>

<𐀀𐄀𐄿𐌀𐌿𐍀𐎿𐏀𐒀/>
<𒀀𒀿𒁀𒉿𒊀𒐀𒐿𒒀𒒿/>
<𗀀𗀿𗁀𗇿𗈀𗗿𗘀𗢿𗣀𗿿/>
<𛀀𛃿𝀀𝀿𝁀𝄀𝄿𝈀𝈿𝌀𝌿/>
<𞸀🀀🀿🂿🄀🄿🚀/>

<力>
<א/>
<س/>
<अ/>
<அ/>
<அ/>
<𐍑/>
<🪐/>
<😀/>
</力>

<ÀÖØöøÿĀĿŀſƀƿǀǿƀƿǀǿȀȿɀɿʀʿˀ˿/>
<ͰͽͿ΀οπϿ/>
<ЀпрѿҠҀҿӀӿԀԿՀտրֿ׀׿/>

<؀ؿـٿڀڿۀۿ/>
<܀ܿ݀݀ݿ/>
<ހ޿ހ޿/>
<ࠀ࠿ࡀࢿࣀࣿऀिीॿ/>
<ঀিী৿/>
<౿ൿවවເༀཀ྿࿀/>
<ကႠᄀᅀᆿᇀᇿሀሿቀቿኀዀዿጀጿፀ/>
<ᚿᛀក/>
<ᢿᣀ᧿ᨀᨿᩀ᪀/>
<ᰀ᰿᱀ᲀᴀᴿᵀᵿᶀᶿḀḿṀṿẀếỀỿ/>
<ἀἿὀᾀ᾿῀/>
<a⁰ⁿ₀₿℀ℿ⅀ⅿↀ/>
<ⰀⰿⱀⱿⲀⲿⳀ⳿ⴀⴿⵀⶀⷀⷿ/>
<⸀⸿⹀⺀⺿⻀⼀⼿⽀⽿⾀⾿⿀/>
<、みむむみむダㄿㆿ㇀ㇿ㈀㈿㋿㌀㏿/>

<㐀㐿㗿㘀㛀㛿㟀㟿/>
<㠀㠿㡀㤿㥀㨿㩀㬿㭀㯿/>
<㰀㰿㱀㶿㷀㼿㽀㾿㿀㿿/>
<䀀䀿䅀䅿䆀䊿䋀䍿䎀䏿/>
<䐀䕿䖀䙿䚀䝿䞀䟿/>
<䠀䢿䣀䧿䨀䪿䫀䬿䭀䯿/>
<䰀䱿䲀䴿䵀䶿䷀䷿一丿乀伿佀便俀俿/>
<倀忿怀濿瀀翿耀迿退/>
<ꀀꑿꒀ꒿꓀꓿ꔀꙀꟿꩿꪀꬿꭀꯀ가꿿/>
<뀀뚿뛀밿뱀뿿/>
<쀀쐿쑀엿였쟿저쩿쪀쿿/>
<퀀툿퉀퐿푀휿흀/>
<豈錄鹿ﬀנּﭿﮀﯿ﴿/>
<︿﹀ﹿﺿﻀ＿｀ｿﾀﺀﷰ/>
<�/>

<𐀀𐄀𐄿𐌀𐌿𐍀𐎿𐏀𐒀/>
<𒀀𒀿𒁀𒉿𒊀𒐀𒐿𒒀𒒿/>
<𗀀𗀿𗁀𗇿𗈀𗗿𗘀𗢿𗣀𗿿/>
<𛀀𛃿𝀀𝀿𝁀𝄀𝄿𝈀𝈿𝌀𝌿/>
<𞸀🀀🀿🂿🄀🄿🚀/>

<力>
<א/>
<س/>
<अ/>
<அ/>
<அ/>
<𐍑/>
<🪐/>
<😀/>
</力>

<ÀÖØöøÿĀĿŀſƀƿǀǿƀƿǀǿȀȿɀɿʀʿˀ˿/>
<ͰͽͿ΀οπϿ/>
<ЀпрѿҠҀҿӀӿԀԿՀտրֿ׀׿/>

<؀ؿـٿڀڿۀۿ/>
<܀ܿ݀݀ݿ/>
<ހ޿ހ޿/>
<ࠀ࠿ࡀࢿࣀࣿऀिीॿ/>
<ঀিী৿/>
<౿ൿවවເༀཀ྿࿀/>
<ကႠᄀᅀᆿᇀᇿሀሿቀቿኀዀዿጀጿፀ/>
<ᚿᛀក/>
<ᢿᣀ᧿ᨀᨿᩀ᪀/>
<ᰀ᰿᱀ᲀᴀᴿᵀᵿᶀᶿḀḿṀṿẀếỀỿ/>
<ἀἿὀᾀ᾿῀/>
<a⁰ⁿ₀₿℀ℿ⅀ⅿↀ/>
<ⰀⰿⱀⱿⲀⲿⳀ⳿ⴀⴿⵀⶀⷀⷿ/>
<⸀⸿⹀⺀⺿⻀⼀⼿⽀⽿⾀⾿⿀/>
<、みむむみむダㄿㆿ㇀ㇿ㈀㈿㋿㌀㏿/>

<㐀㐿㗿㘀㛀㛿㟀㟿/>
<㠀㠿㡀㤿㥀㨿㩀㬿㭀㯿/>
<㰀㰿㱀㶿㷀㼿㽀㾿㿀㿿/>
<䀀䀿䅀䅿䆀䊿䋀䍿䎀䏿/>
<䐀䕿䖀䙿䚀䝿䞀䟿/>
<䠀䢿䣀䧿䨀䪿䫀䬿䭀䯿/>
<䰀䱿䲀䴿䵀䶿䷀䷿一丿乀伿佀便俀俿/>
<倀忿怀濿瀀翿耀迿退/>
<ꀀꑿꒀ꒿꓀꓿ꔀꙀꟿꩿꪀꬿꭀꯀ가꿿/>
<뀀뚿뛀밿뱀뿿/>
<쀀쐿쑀엿였쟿저쩿쪀쿿/>
<퀀툿퉀퐿푀휿흀/>
<豈錄鹿ﬀנּﭿﮀﯿ﴿/>
<︿﹀ﹿﺿﻀ＿｀ｿﾀﺀﷰ/>
<�/>

<𐀀𐄀𐄿𐌀𐌿𐍀𐎿𐏀𐒀/>
<𒀀𒀿𒁀𒉿𒊀𒐀𒐿𒒀𒒿/>
<𗀀𗀿𗁀𗇿𗈀𗗿𗘀𗢿𗣀𗿿/>
<𛀀𛃿𝀀𝀿𝁀𝄀𝄿𝈀𝈿𝌀𝌿/>
<𞸀🀀🀿🂿🄀🄿🚀/>

<力>
<א/>
<س/>
<अ/>
<அ/>
<அ/>
<𐍑/>
<🪐/>
<😀/>
</力>

<ÀÖØöøÿĀĿŀſƀƿǀǿƀƿǀǿȀȿɀɿʀʿˀ˿/>
<ͰͽͿ΀οπϿ/>
<ЀпрѿҠҀҿӀӿԀԿՀտրֿ׀׿/>

<؀ؿـٿڀڿۀۿ/>
<܀ܿ݀݀ݿ/>
<ހ޿ހ޿/>
<ࠀ࠿ࡀࢿࣀࣿऀिीॿ/>
<ঀিী৿/>
<౿ൿවවເༀཀ྿࿀/>
<ကႠᄀᅀᆿᇀᇿሀሿቀቿኀዀዿጀጿፀ/>
<ᚿᛀក/>
<ᢿᣀ᧿ᨀᨿᩀ᪀/>
<ᰀ᰿᱀ᲀᴀᴿᵀᵿᶀᶿḀḿṀṿẀếỀỿ/>
<ἀἿὀᾀ᾿῀/>
<a⁰ⁿ₀₿℀ℿ⅀ⅿↀ/>
<ⰀⰿⱀⱿⲀⲿⳀ⳿ⴀⴿⵀⶀⷀⷿ/>
<⸀⸿⹀⺀⺿⻀⼀⼿⽀⽿⾀⾿⿀/>
<、みむむみむダㄿㆿ㇀ㇿ㈀㈿㋿㌀㏿/>

<㐀㐿㗿㘀㛀㛿㟀㟿/>
<㠀㠿㡀㤿㥀㨿㩀㬿㭀㯿/>
<㰀㰿㱀㶿㷀㼿㽀㾿㿀㿿/>
<䀀䀿䅀䅿䆀䊿䋀䍿䎀䏿/>
<䐀䕿䖀䙿䚀䝿䞀䟿/>
<䠀䢿䣀䧿䨀䪿䫀䬿䭀䯿/>
<䰀䱿䲀䴿䵀䶿䷀䷿一丿乀伿佀便俀俿/>
<倀忿怀濿瀀翿耀迿退/>
<ꀀꑿꒀ꒿꓀꓿ꔀꙀꟿꩿꪀꬿꭀꯀ가꿿/>
<뀀뚿뛀밿뱀뿿/>
<쀀쐿쑀엿였쟿저쩿쪀쿿/>
<퀀툿퉀퐿푀휿흀/>
<豈錄鹿ﬀנּﭿﮀﯿ﴿/>
<︿﹀ﹿﺿﻀ＿｀ｿﾀﺀﷰ/>
<�/>

<𐀀𐄀𐄿𐌀𐌿𐍀𐎿𐏀𐒀/>
<𒀀𒀿𒁀𒉿𒊀𒐀𒐿𒒀𒒿/>
<𗀀𗀿𗁀𗇿𗈀𗗿𗘀𗢿𗣀𗿿/>
<𛀀𛃿𝀀𝀿𝁀𝄀𝄿𝈀𝈿𝌀𝌿/>
<𞸀🀀🀿🂿🄀🄿🚀/>

<力>
<א/>
<س/>
<अ/>
<அ/>
<அ/>
<𐍑/>
<🪐/>
<😀/>
</力>

<ÀÖØöøÿĀĿŀſƀƿǀǿƀƿǀǿȀȿɀɿʀʿˀ˿/>
<ͰͽͿ΀οπϿ/>
<ЀпрѿҠҀҿӀӿԀԿՀտրֿ׀׿/>

<؀ؿـٿڀڿۀۿ/>
<܀ܿ݀݀ݿ/>
<ހ޿ހ޿/>
<ࠀ࠿ࡀࢿࣀࣿऀिीॿ/>
<ঀিী৿/>
<౿ൿවවເༀཀ྿࿀/>
<ကႠᄀᅀᆿᇀᇿሀሿቀቿኀዀዿጀጿፀ/>
<ᚿᛀក/>
<ᢿᣀ᧿ᨀᨿᩀ᪀/>
<ᰀ᰿᱀ᲀᴀᴿᵀᵿᶀᶿḀḿṀṿẀếỀỿ/>
<ἀἿὀᾀ᾿῀/>
<a⁰ⁿ₀₿℀ℿ⅀ⅿↀ/>
<ⰀⰿⱀⱿⲀⲿⳀ⳿ⴀⴿⵀⶀⷀⷿ/>
<⸀⸿⹀⺀⺿⻀⼀⼿⽀⽿⾀⾿⿀/>
<、みむむみむダㄿㆿ㇀ㇿ㈀㈿㋿㌀㏿/>

<㐀㐿㗿㘀㛀㛿㟀㟿/>
<㠀㠿㡀㤿㥀㨿㩀㬿㭀㯿/>
<㰀㰿㱀㶿㷀㼿㽀㾿㿀㿿/>
<䀀䀿䅀䅿䆀䊿䋀䍿䎀䏿/>
<䐀䕿䖀䙿䚀䝿䞀䟿/>
<䠀䢿䣀䧿䨀䪿䫀䬿䭀䯿/>
<䰀䱿䲀䴿䵀䶿䷀䷿一丿乀伿佀便俀俿/>
<倀忿怀濿瀀翿耀迿退/>
<ꀀꑿꒀ꒿꓀꓿ꔀꙀꟿꩿꪀꬿꭀꯀ가꿿/>
<뀀뚿뛀밿뱀뿿/>
<쀀쐿쑀엿였쟿저쩿쪀쿿/>
<퀀툿퉀퐿푀휿흀/>
<豈錄鹿ﬀנּﭿﮀﯿ﴿/>
<︿﹀ﹿﺿﻀ＿｀ｿﾀﺀﷰ/>
<�/>

<𐀀𐄀𐄿𐌀𐌿𐍀𐎿𐏀𐒀/>
<𒀀𒀿𒁀𒉿𒊀𒐀𒐿𒒀𒒿/>
<𗀀𗀿𗁀𗇿𗈀𗗿𗘀𗢿𗣀𗿿/>
<𛀀𛃿𝀀𝀿𝁀𝄀𝄿𝈀𝈿𝌀𝌿/>
<𞸀🀀🀿🂿🄀🄿🚀/>

<力>
<א/>
<س/>
<अ/>
<அ/>
<அ/>
<𐍑/>
<🪐/>
<😀/>
</力>

<ÀÖØöøÿĀĿŀſƀƿǀǿƀƿǀǿȀȿɀɿʀʿˀ˿/>
<ͰͽͿ΀οπϿ/>
<ЀпрѿҠҀҿӀӿԀԿՀտրֿ׀׿/>

<؀ؿـٿڀڿۀۿ/>
<܀ܿ݀݀ݿ/>
<ހ޿ހ޿/>
<ࠀ࠿ࡀࢿࣀࣿऀिीॿ/>
<ঀিী৿/>
<౿ൿවවເༀཀ྿࿀/>
<ကႠᄀᅀᆿᇀᇿሀሿቀቿኀዀዿጀጿፀ/>
<ᚿᛀក/>
<ᢿᣀ᧿ᨀᨿᩀ᪀/>
<ᰀ᰿᱀ᲀᴀᴿᵀᵿᶀᶿḀḿṀṿẀếỀỿ/>
<ἀἿὀᾀ᾿῀/>
<a⁰ⁿ₀₿℀ℿ⅀ⅿↀ/>
<ⰀⰿⱀⱿⲀⲿⳀ⳿ⴀⴿⵀⶀⷀⷿ/>
<⸀⸿⹀⺀⺿⻀⼀⼿⽀⽿⾀⾿⿀/>
<、みむむみむダㄿㆿ㇀ㇿ㈀㈿㋿㌀㏿/>

<㐀㐿㗿㘀㛀㛿㟀㟿/>
<㠀㠿㡀㤿㥀㨿㩀㬿㭀㯿/>
<㰀㰿㱀㶿㷀㼿㽀㾿㿀㿿/>
<䀀䀿䅀䅿䆀䊿䋀䍿䎀䏿/>
<䐀䕿䖀䙿䚀䝿䞀䟿/>
<䠀䢿䣀䧿䨀䪿䫀䬿䭀䯿/>
<䰀䱿䲀䴿䵀䶿䷀䷿一丿乀伿佀便俀俿/>
<倀忿怀濿瀀翿耀迿退/>
<ꀀꑿꒀ꒿꓀꓿ꔀꙀꟿꩿꪀꬿꭀꯀ가꿿/>
<뀀뚿뛀밿뱀뿿/>
<쀀쐿쑀엿였쟿저쩿쪀쿿/>
<퀀툿퉀퐿푀휿흀/>
<豈錄鹿ﬀנּﭿﮀﯿ﴿/>
<︿﹀ﹿﺿﻀ＿｀ｿﾀﺀﷰ/>
<�/>

<𐀀𐄀𐄿𐌀𐌿𐍀𐎿𐏀𐒀/>
<𒀀𒀿𒁀𒉿𒊀𒐀𒐿𒒀𒒿/>
<𗀀𗀿𗁀𗇿𗈀𗗿𗘀𗢿𗣀𗿿/>
<𛀀𛃿𝀀𝀿𝁀𝄀𝄿𝈀𝈿𝌀𝌿/>
<𞸀🀀🀿🂿🄀🄿🚀/>

<力>
<א/>
<س/>
<अ/>
<அ/>
<அ/>
<𐍑/>
<🪐/>
<😀/>
</力>

<ÀÖØöøÿĀĿŀſƀƿǀǿƀƿǀǿȀȿɀɿʀʿˀ˿/>
<ͰͽͿ΀οπϿ/>
<ЀпрѿҠҀҿӀӿԀԿՀտրֿ׀׿/>

<؀ؿـٿڀڿۀۿ/>
<܀ܿ݀݀ݿ/>
<ހ޿ހ޿/>
<ࠀ࠿ࡀࢿࣀࣿऀिीॿ/>
<ঀিী৿/>
<౿ൿවවເༀཀ྿࿀/>
<ကႠᄀᅀᆿᇀᇿሀሿቀቿኀዀዿጀጿፀ/>
<ᚿᛀក/>
<ᢿᣀ᧿ᨀᨿᩀ᪀/>
<ᰀ᰿᱀ᲀᴀᴿᵀᵿᶀᶿḀḿṀṿẀếỀỿ/>
<ἀἿὀᾀ᾿῀/>
<a⁰ⁿ₀₿℀ℿ⅀ⅿↀ/>
<ⰀⰿⱀⱿⲀⲿⳀ⳿ⴀⴿⵀⶀⷀⷿ/>
<⸀⸿⹀⺀⺿⻀⼀⼿⽀⽿⾀⾿⿀/>
<、みむむみむダㄿㆿ㇀ㇿ㈀㈿㋿㌀㏿/>

<㐀㐿㗿㘀㛀㛿㟀㟿/>
<㠀㠿㡀㤿㥀㨿㩀㬿㭀㯿/>
<㰀㰿㱀㶿㷀㼿㽀㾿㿀㿿/>
<䀀䀿䅀䅿䆀䊿䋀䍿䎀䏿/>
<䐀䕿䖀䙿䚀䝿䞀䟿/>
<䠀䢿䣀䧿䨀䪿䫀䬿䭀䯿/>
<䰀䱿䲀䴿䵀䶿䷀䷿一丿乀伿佀便俀俿/>
<倀忿怀濿瀀翿耀迿退/>
<ꀀꑿꒀ꒿꓀꓿ꔀꙀꟿꩿꪀꬿꭀꯀ가꿿/>
<뀀뚿뛀밿뱀뿿/>
<쀀쐿쑀엿였쟿저쩿쪀쿿/>
<퀀툿퉀퐿푀휿흀/>
<豈錄鹿ﬀנּﭿﮀﯿ﴿/>
<︿﹀ﹿﺿﻀ＿｀ｿﾀﺀﷰ/>
<�/>

<𐀀𐄀𐄿𐌀𐌿𐍀𐎿𐏀𐒀/>
<𒀀𒀿𒁀𒉿𒊀𒐀𒐿𒒀𒒿/>
<𗀀𗀿𗁀𗇿𗈀𗗿𗘀𗢿𗣀𗿿/>
<𛀀𛃿𝀀𝀿𝁀𝄀𝄿𝈀𝈿𝌀𝌿/>
<𞸀🀀🀿🂿🄀🄿🚀/>

<力>
<א/>
<س/>
<अ/>
<அ/>
<அ/>
<𐍑/>
<🪐/>
<😀/>
</力>

<ÀÖØöøÿĀĿŀſƀƿǀǿƀƿǀǿȀȿɀɿʀʿˀ˿/>
<ͰͽͿ΀οπϿ/>
<ЀпрѿҠҀҿӀӿԀԿՀտրֿ׀׿/>

<؀ؿـٿڀڿۀۿ/>
<܀ܿ݀݀ݿ/>
<ހ޿ހ޿/>
<ࠀ࠿ࡀࢿࣀࣿऀिीॿ/>
<ঀিী৿/>
<౿ൿවවເༀཀ྿࿀/>
<ကႠᄀᅀᆿᇀᇿሀሿቀቿኀዀዿጀጿፀ/>
<ᚿᛀក/>
<ᢿᣀ᧿ᨀᨿᩀ᪀/>
<ᰀ᰿᱀ᲀᴀᴿᵀᵿᶀᶿḀḿṀṿẀếỀỿ/>
<ἀἿὀᾀ᾿῀/>
<a⁰ⁿ₀₿℀ℿ⅀ⅿↀ/>
<ⰀⰿⱀⱿⲀⲿⳀ⳿ⴀⴿⵀⶀⷀⷿ/>
<⸀⸿⹀⺀⺿⻀⼀⼿⽀⽿⾀⾿⿀/>
<、みむむみむダㄿㆿ㇀ㇿ㈀㈿㋿㌀㏿/>

<㐀㐿㗿㘀㛀㛿㟀㟿/>
<㠀㠿㡀㤿㥀㨿㩀㬿㭀㯿/>
<㰀㰿㱀㶿㷀㼿㽀㾿㿀㿿/>
<䀀䀿䅀䅿䆀䊿䋀䍿䎀䏿/>
<䐀䕿䖀䙿䚀䝿䞀䟿/>
<䠀䢿䣀䧿䨀䪿䫀䬿䭀䯿/>
<䰀䱿䲀䴿䵀䶿䷀䷿一丿乀伿佀便俀俿/>
<倀忿怀濿瀀翿耀迿退/>
<ꀀꑿꒀ꒿꓀꓿ꔀꙀꟿꩿꪀꬿꭀꯀ가꿿/>
<뀀뚿뛀밿뱀뿿/>
<쀀쐿쑀엿였쟿저쩿쪀쿿/>
<퀀툿퉀퐿푀휿흀/>
<豈錄鹿ﬀנּﭿﮀﯿ﴿/>
<︿﹀ﹿﺿﻀ＿｀ｿﾀﺀﷰ/>
<�/>

<𐀀𐄀𐄿𐌀𐌿𐍀𐎿𐏀𐒀/>
<𒀀𒀿𒁀𒉿𒊀𒐀𒐿𒒀𒒿/>
<𗀀𗀿𗁀𗇿𗈀𗗿𗘀𗢿𗣀𗿿/>
<𛀀𛃿𝀀𝀿𝁀𝄀𝄿𝈀𝈿𝌀𝌿/>
<𞸀🀀🀿🂿🄀🄿🚀/>

<力>
<א/>
<س/>
<अ/>
<அ/>
<அ/>
<𐍑/>
<🪐/>
<😀/>
</力>

<ÀÖØöøÿĀĿŀſƀƿǀǿƀƿǀǿȀȿɀɿʀʿˀ˿/>
<ͰͽͿ΀οπϿ/>
<ЀпрѿҠҀҿӀӿԀԿՀտրֿ׀׿/>

<؀ؿـٿڀڿۀۿ/>
<܀ܿ݀݀ݿ/>
<ހ޿ހ޿/>
<ࠀ࠿ࡀࢿࣀࣿऀिीॿ/>
<ঀিী৿/>
<౿ൿවවເༀཀ྿࿀/>
<ကႠᄀᅀᆿᇀᇿሀሿቀቿኀዀዿጀጿፀ/>
<ᚿᛀក/>
<ᢿᣀ᧿ᨀᨿᩀ᪀/>
<ᰀ᰿᱀ᲀᴀᴿᵀᵿᶀᶿḀḿṀṿẀếỀỿ/>
<ἀἿὀᾀ᾿῀/>
<a⁰ⁿ₀₿℀ℿ⅀ⅿↀ/>
<ⰀⰿⱀⱿⲀⲿⳀ⳿ⴀⴿⵀⶀⷀⷿ/>
<⸀⸿⹀⺀⺿⻀⼀⼿⽀⽿⾀⾿⿀/>
<、みむむみむダㄿㆿ㇀ㇿ㈀㈿㋿㌀㏿/>

<㐀㐿㗿㘀㛀㛿㟀㟿/>
<㠀㠿㡀㤿㥀㨿㩀㬿㭀㯿/>
<㰀㰿㱀㶿㷀㼿㽀㾿㿀㿿/>
<䀀䀿䅀䅿䆀䊿䋀䍿䎀䏿/>
<䐀䕿䖀䙿䚀䝿䞀䟿/>
<䠀䢿䣀䧿䨀䪿䫀䬿䭀䯿/>
<䰀䱿䲀䴿䵀䶿䷀䷿一丿乀伿佀便俀俿/>
<倀忿怀濿瀀翿耀迿退/>
<ꀀꑿꒀ꒿꓀꓿ꔀꙀꟿꩿꪀꬿꭀꯀ가꿿/>
<뀀뚿뛀밿뱀뿿/>
<쀀쐿쑀엿였쟿저쩿쪀쿿/>
<퀀툿퉀퐿푀휿흀/>
<豈錄鹿ﬀנּﭿﮀﯿ﴿/>
<︿﹀ﹿﺿﻀ＿｀ｿﾀﺀﷰ/>
<�/>

<𐀀𐄀𐄿𐌀𐌿𐍀𐎿𐏀𐒀/>
<𒀀𒀿𒁀𒉿𒊀𒐀𒐿𒒀𒒿/>
<𗀀𗀿𗁀𗇿𗈀𗗿𗘀𗢿𗣀𗿿/>
<𛀀𛃿𝀀𝀿𝁀𝄀𝄿𝈀𝈿𝌀𝌿/>
<𞸀🀀🀿🂿🄀🄿🚀/>

<力>
<א/>
<س/>
<अ/>
<அ/>
<அ/>
<𐍑/>
<🪐/>
<😀/>
</力>

<ÀÖØöøÿĀĿŀſƀƿǀǿƀƿǀǿȀȿɀɿʀʿˀ˿/>
<ͰͽͿ΀οπϿ/>
<ЀпрѿҠҀҿӀӿԀԿՀտրֿ׀׿/>

<؀ؿـٿڀڿۀۿ/>
<܀ܿ݀݀ݿ/>
<ހ޿ހ޿/>
<ࠀ࠿ࡀࢿࣀࣿऀिीॿ/>
<ঀিী৿/>
<౿ൿවවເༀཀ྿࿀/>
<ကႠᄀᅀᆿᇀᇿሀሿቀቿኀዀዿጀጿፀ/>
<ᚿᛀក/>
<ᢿᣀ᧿ᨀᨿᩀ᪀/>
<ᰀ᰿᱀ᲀᴀᴿᵀᵿᶀᶿḀḿṀṿẀếỀỿ/>
<ἀἿὀᾀ᾿῀/>
<a⁰ⁿ₀₿℀ℿ⅀ⅿↀ/>
<ⰀⰿⱀⱿⲀⲿⳀ⳿ⴀⴿⵀⶀⷀⷿ/>
<⸀⸿⹀⺀⺿⻀⼀⼿⽀⽿⾀⾿⿀/>
<、みむむみむダㄿㆿ㇀ㇿ㈀㈿㋿㌀㏿/>

<㐀㐿㗿㘀㛀㛿㟀㟿/>
<㠀㠿㡀㤿㥀㨿㩀㬿㭀㯿/>
<㰀㰿㱀㶿㷀㼿㽀㾿㿀㿿/>
<䀀䀿䅀䅿䆀䊿䋀䍿䎀䏿/>
<䐀䕿䖀䙿䚀䝿䞀䟿/>
<䠀䢿䣀䧿䨀䪿䫀䬿䭀䯿/>
<䰀䱿䲀䴿䵀䶿䷀䷿一丿乀伿佀便俀俿/>
<倀忿怀濿瀀翿耀迿退/>
<ꀀꑿꒀ꒿꓀꓿ꔀꙀꟿꩿꪀꬿꭀꯀ가꿿/>
<뀀뚿뛀밿뱀뿿/>
<쀀쐿쑀엿였쟿저쩿쪀쿿/>
<퀀툿퉀퐿푀휿흀/>
<豈錄鹿ﬀנּﭿﮀﯿ﴿/>
<︿﹀ﹿﺿﻀ＿｀ｿﾀﺀﷰ/>
<�/>

<𐀀𐄀𐄿𐌀𐌿𐍀𐎿𐏀𐒀/>
<𒀀𒀿𒁀𒉿𒊀𒐀𒐿𒒀𒒿/>
<𗀀𗀿𗁀𗇿𗈀𗗿𗘀𗢿𗣀𗿿/>
<𛀀𛃿𝀀𝀿𝁀𝄀𝄿𝈀𝈿𝌀𝌿/>
<𞸀🀀🀿🂿🄀🄿🚀/>

<力>
<א/>
<س/>
<अ/>
<அ/>
<அ/>
<𐍑/>
<🪐/>
<😀/>
</力>

<ÀÖØöøÿĀĿŀſƀƿǀǿƀƿǀǿȀȿɀɿʀʿˀ˿/>
<ͰͽͿ΀οπϿ/>
<ЀпрѿҠҀҿӀӿԀԿՀտրֿ׀׿/>

<؀ؿـٿڀڿۀۿ/>
<܀ܿ݀݀ݿ/>
<ހ޿ހ޿/>
<ࠀ࠿ࡀࢿࣀࣿऀिीॿ/>
<ঀিী৿/>
<౿ൿවවເༀཀ྿࿀/>
<ကႠᄀᅀᆿᇀᇿሀሿቀቿኀዀዿጀጿፀ/>
<ᚿᛀក/>
<ᢿᣀ᧿ᨀᨿᩀ᪀/>
<ᰀ᰿᱀ᲀᴀᴿᵀᵿᶀᶿḀḿṀṿẀếỀỿ/>
<ἀἿὀᾀ᾿῀/>
<a⁰ⁿ₀₿℀ℿ⅀ⅿↀ/>
<ⰀⰿⱀⱿⲀⲿⳀ⳿ⴀⴿⵀⶀⷀⷿ/>
<⸀⸿⹀⺀⺿⻀⼀⼿⽀⽿⾀⾿⿀/>
<、みむむみむダㄿㆿ㇀ㇿ㈀㈿㋿㌀㏿/>

<㐀㐿㗿㘀㛀㛿㟀㟿/>
<㠀㠿㡀㤿㥀㨿㩀㬿㭀㯿/>
<㰀㰿㱀㶿㷀㼿㽀㾿㿀㿿/>
<䀀䀿䅀䅿䆀䊿䋀䍿䎀䏿/>
<䐀䕿䖀䙿䚀䝿䞀䟿/>
<䠀䢿䣀䧿䨀䪿䫀䬿䭀䯿/>
<䰀䱿䲀䴿䵀䶿䷀䷿一丿乀伿佀便俀俿/>
<倀忿怀濿瀀翿耀迿退/>
<ꀀꑿꒀ꒿꓀꓿ꔀꙀꟿꩿꪀꬿꭀꯀ가꿿/>
<뀀뚿뛀밿뱀뿿/>
<쀀쐿쑀엿였쟿저쩿쪀쿿/>
<퀀툿퉀퐿푀휿흀/>
<豈錄鹿ﬀנּﭿﮀﯿ﴿/>
<︿﹀ﹿﺿﻀ＿｀ｿﾀﺀﷰ/>
<�/>

<𐀀𐄀𐄿𐌀𐌿𐍀𐎿𐏀𐒀/>
<𒀀𒀿𒁀𒉿𒊀𒐀𒐿𒒀𒒿/>
<𗀀𗀿𗁀𗇿𗈀𗗿𗘀𗢿𗣀𗿿/>
<𛀀𛃿𝀀𝀿𝁀𝄀𝄿𝈀𝈿𝌀𝌿/>
<𞸀🀀🀿🂿🄀🄿🚀/>

<力>
<א/>
<س/>
<अ/>
<அ/>
<அ/>
<𐍑/>
<🪐/>
<😀/>
</力>

<ÀÖØöøÿĀĿŀſƀƿǀǿƀƿǀǿȀȿɀɿʀʿˀ˿/>
<ͰͽͿ΀οπϿ/>
<ЀпрѿҠҀҿӀӿԀԿՀտրֿ׀׿/>

<؀ؿـٿڀڿۀۿ/>
<܀ܿ݀݀ݿ/>
<ހ޿ހ޿/>
<ࠀ࠿ࡀࢿࣀࣿऀिीॿ/>
<ঀিী৿/>
<౿ൿවවເༀཀ྿࿀/>
<ကႠᄀᅀᆿᇀᇿሀሿቀቿኀዀዿጀጿፀ/>
<ᚿᛀក/>
<ᢿᣀ᧿ᨀᨿᩀ᪀/>
<ᰀ᰿᱀ᲀᴀᴿᵀᵿᶀᶿḀḿṀṿẀếỀỿ/>
<ἀἿὀᾀ᾿῀/>
<a⁰ⁿ₀₿℀ℿ⅀ⅿↀ/>
<ⰀⰿⱀⱿⲀⲿⳀ⳿ⴀⴿⵀⶀⷀⷿ/>
<⸀⸿⹀⺀⺿⻀⼀⼿⽀⽿⾀⾿⿀/>
<、みむむみむダㄿㆿ㇀ㇿ㈀㈿㋿㌀㏿/>

<㐀㐿㗿㘀㛀㛿㟀㟿/>
<㠀㠿㡀㤿㥀㨿㩀㬿㭀㯿/>
<㰀㰿㱀㶿㷀㼿㽀㾿㿀㿿/>
<䀀䀿䅀䅿䆀䊿䋀䍿䎀䏿/>
<䐀䕿䖀䙿䚀䝿䞀䟿/>
<䠀䢿䣀䧿䨀䪿䫀䬿䭀䯿/>
<䰀䱿䲀䴿䵀䶿䷀䷿一丿乀伿佀便俀俿/>
<倀忿怀濿瀀翿耀迿退/>
<ꀀꑿꒀ꒿꓀꓿ꔀꙀꟿꩿꪀꬿꭀꯀ가꿿/>
<뀀뚿뛀밿뱀뿿/>
<쀀쐿쑀엿였쟿저쩿쪀쿿/>
<퀀툿퉀퐿푀휿흀/>
<豈錄鹿ﬀנּﭿﮀﯿ﴿/>
<︿﹀ﹿﺿﻀ＿｀ｿﾀﺀﷰ/>
<�/>

<𐀀𐄀𐄿𐌀𐌿𐍀𐎿𐏀𐒀/>
<𒀀𒀿𒁀𒉿𒊀𒐀𒐿𒒀𒒿/>
<𗀀𗀿𗁀𗇿𗈀𗗿𗘀𗢿𗣀𗿿/>
<𛀀𛃿𝀀𝀿𝁀𝄀𝄿𝈀𝈿𝌀𝌿/>
<𞸀🀀🀿🂿🄀🄿🚀/>

<力>
<א/>
<س/>
<अ/>
<அ/>
<அ/>
<𐍑/>
<🪐/>
<😀/>
</力>

<ÀÖØöøÿĀĿŀſƀƿǀǿƀƿǀǿȀȿɀɿʀʿˀ˿/>
<ͰͽͿ΀οπϿ/>
<ЀпрѿҠҀҿӀӿԀԿՀտրֿ׀׿/>

<؀ؿـٿڀڿۀۿ/>
<܀ܿ݀݀ݿ/>
<ހ޿ހ޿/>
<ࠀ࠿ࡀࢿࣀࣿऀिीॿ/>
<ঀিী৿/>
<౿ൿවවເༀཀ྿࿀/>
<ကႠᄀᅀᆿᇀᇿሀሿቀቿኀዀዿጀጿፀ/>
<ᚿᛀក/>
<ᢿᣀ᧿ᨀᨿᩀ᪀/>
<ᰀ᰿᱀ᲀᴀᴿᵀᵿᶀᶿḀḿṀṿẀếỀỿ/>
<ἀἿὀᾀ᾿῀/>
<a⁰ⁿ₀₿℀ℿ⅀ⅿↀ/>
<ⰀⰿⱀⱿⲀⲿⳀ⳿ⴀⴿⵀⶀⷀⷿ/>
<⸀⸿⹀⺀⺿⻀⼀⼿⽀⽿⾀⾿⿀/>
<、みむむみむダㄿㆿ㇀ㇿ㈀㈿㋿㌀㏿/>

<㐀㐿㗿㘀㛀㛿㟀㟿/>
<㠀㠿㡀㤿㥀㨿㩀㬿㭀㯿/>
<㰀㰿㱀㶿㷀㼿㽀㾿㿀㿿/>
<䀀䀿䅀䅿䆀䊿䋀䍿䎀䏿/>
<䐀䕿䖀䙿䚀䝿䞀䟿/>
<䠀䢿䣀䧿䨀䪿䫀䬿䭀䯿/>
<䰀䱿䲀䴿䵀䶿䷀䷿一丿乀伿佀便俀俿/>
<倀忿怀濿瀀翿耀迿退/>
<ꀀꑿꒀ꒿꓀꓿ꔀꙀꟿꩿꪀꬿꭀꯀ가꿿/>
<뀀뚿뛀밿뱀뿿/>
<쀀쐿쑀엿였쟿저쩿쪀쿿/>
<퀀툿퉀퐿푀휿흀/>
<豈錄鹿ﬀנּﭿﮀﯿ﴿/>
<︿﹀ﹿﺿﻀ＿｀ｿﾀﺀﷰ/>
<�/>

<𐀀𐄀𐄿𐌀𐌿𐍀𐎿𐏀𐒀/>
<𒀀𒀿𒁀𒉿𒊀𒐀𒐿𒒀𒒿/>
<𗀀𗀿𗁀𗇿𗈀𗗿𗘀𗢿𗣀𗿿/>
<𛀀𛃿𝀀𝀿𝁀𝄀𝄿𝈀𝈿𝌀𝌿/>
<𞸀🀀🀿🂿🄀🄿🚀/>

<力>
<א/>
<س/>
<अ/>
<அ/>
<அ/>
<𐍑/>
<🪐/>
<😀/>
</力>

<ÀÖØöøÿĀĿŀſƀƿǀǿƀƿǀǿȀȿɀɿʀʿˀ˿/>
<ͰͽͿ΀οπϿ/>
<ЀпрѿҠҀҿӀӿԀԿՀտրֿ׀׿/>

<؀ؿـٿڀڿۀۿ/>
<܀ܿ݀݀ݿ/>
<ހ޿ހ޿/>
<ࠀ࠿ࡀࢿࣀࣿऀिीॿ/>
<ঀিী৿/>
<౿ൿවවເༀཀ྿࿀/>
<ကႠᄀᅀᆿᇀᇿሀሿቀቿኀዀዿጀጿፀ/>
<ᚿᛀក/>
<ᢿᣀ᧿ᨀᨿᩀ᪀/>
<ᰀ᰿᱀ᲀᴀᴿᵀᵿᶀᶿḀḿṀṿẀếỀỿ/>
<ἀἿὀᾀ᾿῀/>
<a⁰ⁿ₀₿℀ℿ⅀ⅿↀ/>
<ⰀⰿⱀⱿⲀⲿⳀ⳿ⴀⴿⵀⶀⷀⷿ/>
<⸀⸿⹀⺀⺿⻀⼀⼿⽀⽿⾀⾿⿀/>
<、みむむみむダㄿㆿ㇀ㇿ㈀㈿㋿㌀㏿/>

<㐀㐿㗿㘀㛀㛿㟀㟿/>
<㠀㠿㡀㤿㥀㨿㩀㬿㭀㯿/>
<㰀㰿㱀㶿㷀㼿㽀㾿㿀㿿/>
<䀀䀿䅀䅿䆀䊿䋀䍿䎀䏿/>
<䐀䕿䖀䙿䚀䝿䞀䟿/>
<䠀䢿䣀䧿䨀䪿䫀䬿䭀䯿/>
<䰀䱿䲀䴿䵀䶿䷀䷿一丿乀伿佀便俀俿/>
<倀忿怀濿瀀翿耀迿退/>
<ꀀꑿꒀ꒿꓀꓿ꔀꙀꟿꩿꪀꬿꭀꯀ가꿿/>
<뀀뚿뛀밿뱀뿿/>
<쀀쐿쑀엿였쟿저쩿쪀쿿/>
<퀀툿퉀퐿푀휿흀/>
<豈錄鹿ﬀנּﭿﮀﯿ﴿/>
<︿﹀ﹿﺿﻀ＿｀ｿﾀﺀﷰ/>
<�/>

<𐀀𐄀𐄿𐌀𐌿𐍀𐎿𐏀𐒀/>
<𒀀𒀿𒁀𒉿𒊀𒐀𒐿𒒀𒒿/>
<𗀀𗀿𗁀𗇿𗈀𗗿𗘀𗢿𗣀𗿿/>
<𛀀𛃿𝀀𝀿𝁀𝄀𝄿𝈀𝈿𝌀𝌿/>
<𞸀🀀🀿🂿🄀🄿🚀/>

<力>
<א/>
<س/>
<अ/>
<அ/>
<அ/>
<𐍑/>
<🪐/>
<😀/>
</力>

<ÀÖØöøÿĀĿŀſƀƿǀǿƀƿǀǿȀȿɀɿʀʿˀ˿/>
<ͰͽͿ΀οπϿ/>
<ЀпрѿҠҀҿӀӿԀԿՀտրֿ׀׿/>

<؀ؿـٿڀڿۀۿ/>
<܀ܿ݀݀ݿ/>
<ހ޿ހ޿/>
<ࠀ࠿ࡀࢿࣀࣿऀिीॿ/>
<ঀিী৿/>
<౿ൿවවເༀཀ྿࿀/>
<ကႠᄀᅀᆿᇀᇿሀሿቀቿኀዀዿጀጿፀ/>
<ᚿᛀក/>
<ᢿᣀ᧿ᨀᨿᩀ᪀/>
<ᰀ᰿᱀ᲀᴀᴿᵀᵿᶀᶿḀḿṀṿẀếỀỿ/>
<ἀἿὀᾀ᾿῀/>
<a⁰ⁿ₀₿℀ℿ⅀ⅿↀ/>
<ⰀⰿⱀⱿⲀⲿⳀ⳿ⴀⴿⵀⶀⷀⷿ/>
<⸀⸿⹀⺀⺿⻀⼀⼿⽀⽿⾀⾿⿀/>
<、みむむみむダㄿㆿ㇀ㇿ㈀㈿㋿㌀㏿/>

<㐀㐿㗿㘀㛀㛿㟀㟿/>
<㠀㠿㡀㤿㥀㨿㩀㬿㭀㯿/>
<㰀㰿㱀㶿㷀㼿㽀㾿㿀㿿/>
<䀀䀿䅀䅿䆀䊿䋀䍿䎀䏿/>
<䐀䕿䖀䙿䚀䝿䞀䟿/>
<䠀䢿䣀䧿䨀䪿䫀䬿䭀䯿/>
<䰀䱿䲀䴿䵀䶿䷀䷿一丿乀伿佀便俀俿/>
<倀忿怀濿瀀翿耀迿退/>
<ꀀꑿꒀ꒿꓀꓿ꔀꙀꟿꩿꪀꬿꭀꯀ가꿿/>
<뀀뚿뛀밿뱀뿿/>
<쀀쐿쑀엿였쟿저쩿쪀쿿/>
<퀀툿퉀퐿푀휿흀/>
<豈錄鹿ﬀנּﭿﮀﯿ﴿/>
<︿﹀ﹿﺿﻀ＿｀ｿﾀﺀﷰ/>
<�/>

<𐀀𐄀𐄿𐌀𐌿𐍀𐎿𐏀𐒀/>
<𒀀𒀿𒁀𒉿𒊀𒐀𒐿𒒀𒒿/>
<𗀀𗀿𗁀𗇿𗈀𗗿𗘀𗢿𗣀𗿿/>
<𛀀𛃿𝀀𝀿𝁀𝄀𝄿𝈀𝈿𝌀𝌿/>
<𞸀🀀🀿🂿🄀🄿🚀/>

<力>
<א/>
<س/>
<अ/>
<அ/>
<அ/>
<𐍑/>
<🪐/>
<😀/>
</力>

<ÀÖØöøÿĀĿŀſƀƿǀǿƀƿǀǿȀȿɀɿʀʿˀ˿/>
<ͰͽͿ΀οπϿ/>
<ЀпрѿҠҀҿӀӿԀԿՀտրֿ׀׿/>

<؀ؿـٿڀڿۀۿ/>
<܀ܿ݀݀ݿ/>
<ހ޿ހ޿/>
<ࠀ࠿ࡀࢿࣀࣿऀिीॿ/>
<ঀিী৿/>
<౿ൿවවເༀཀ྿࿀/>
<ကႠᄀᅀᆿᇀᇿሀሿቀቿኀዀዿጀጿፀ/>
<ᚿᛀក/>
<ᢿᣀ᧿ᨀᨿᩀ᪀/>
<ᰀ᰿᱀ᲀᴀᴿᵀᵿᶀᶿḀḿṀṿẀếỀỿ/>
<ἀἿὀᾀ᾿῀/>
<a⁰ⁿ₀₿℀ℿ⅀ⅿↀ/>
<ⰀⰿⱀⱿⲀⲿⳀ⳿ⴀⴿⵀⶀⷀⷿ/>
<⸀⸿⹀⺀⺿⻀⼀⼿⽀⽿⾀⾿⿀/>
<、みむむみむダㄿㆿ㇀ㇿ㈀㈿㋿㌀㏿/>

<㐀㐿㗿㘀㛀㛿㟀㟿/>
<㠀㠿㡀㤿㥀㨿㩀㬿㭀㯿/>
<㰀㰿㱀㶿㷀㼿㽀㾿㿀㿿/>
<䀀䀿䅀䅿䆀䊿䋀䍿䎀䏿/>
<䐀䕿䖀䙿䚀䝿䞀䟿/>
<䠀䢿䣀䧿䨀䪿䫀䬿䭀䯿/>
<䰀䱿䲀䴿䵀䶿䷀䷿一丿乀伿佀便俀俿/>
<倀忿怀濿瀀翿耀迿退/>
<ꀀꑿꒀ꒿꓀꓿ꔀꙀꟿꩿꪀꬿꭀꯀ가꿿/>
<뀀뚿뛀밿뱀뿿/>
<쀀쐿쑀엿였쟿저쩿쪀쿿/>
<퀀툿퉀퐿푀휿흀/>
<豈錄鹿ﬀנּﭿﮀﯿ﴿/>
<︿﹀ﹿﺿﻀ＿｀ｿﾀﺀﷰ/>
<�/>

<𐀀𐄀𐄿𐌀𐌿𐍀𐎿𐏀𐒀/>
<𒀀𒀿𒁀𒉿𒊀𒐀𒐿𒒀𒒿/>
<𗀀𗀿𗁀𗇿𗈀𗗿𗘀𗢿𗣀𗿿/>
<𛀀𛃿𝀀𝀿𝁀𝄀𝄿𝈀𝈿𝌀𝌿/>
<𞸀🀀🀿🂿🄀🄿🚀/>

<力>
<א/>
<س/>
<अ/>
<அ/>
<அ/>
<𐍑/>
<🪐/>
<😀/>
</力>

<ÀÖØöøÿĀĿŀſƀƿǀǿƀƿǀǿȀȿɀɿʀʿˀ˿/>
<ͰͽͿ΀οπϿ/>
<ЀпрѿҠҀҿӀӿԀԿՀտրֿ׀׿/>

<؀ؿـٿڀڿۀۿ/>
<܀ܿ݀݀ݿ/>
<ހ޿ހ޿/>
<ࠀ࠿ࡀࢿࣀࣿऀिीॿ/>
<ঀিী৿/>
<౿ൿවවເༀཀ྿࿀/>
<ကႠᄀᅀᆿᇀᇿሀሿቀቿኀዀዿጀጿፀ/>
<ᚿᛀក/>
<ᢿᣀ᧿ᨀᨿᩀ᪀/>
<ᰀ᰿᱀ᲀᴀᴿᵀᵿᶀᶿḀḿṀṿẀếỀỿ/>
<ἀἿὀᾀ᾿῀/>
<a⁰ⁿ₀₿℀ℿ⅀ⅿↀ/>
<ⰀⰿⱀⱿⲀⲿⳀ⳿ⴀⴿⵀⶀⷀⷿ/>
<⸀⸿⹀⺀⺿⻀⼀⼿⽀⽿⾀⾿⿀/>
<、みむむみむダㄿㆿ㇀ㇿ㈀㈿㋿㌀㏿/>

<㐀㐿㗿㘀㛀㛿㟀㟿/>
<㠀㠿㡀㤿㥀㨿㩀㬿㭀㯿/>
<㰀㰿㱀㶿㷀㼿㽀㾿㿀㿿/>
<䀀䀿䅀䅿䆀䊿䋀䍿䎀䏿/>
<䐀䕿䖀䙿䚀䝿䞀䟿/>
<䠀䢿䣀䧿䨀䪿䫀䬿䭀䯿/>
<䰀䱿䲀䴿䵀䶿䷀䷿一丿乀伿佀便俀俿/>
<倀忿怀濿瀀翿耀迿退/>
<ꀀꑿꒀ꒿꓀꓿ꔀꙀꟿꩿꪀꬿꭀꯀ가꿿/>
<뀀뚿뛀밿뱀뿿/>
<쀀쐿쑀엿였쟿저쩿쪀쿿/>
<퀀툿퉀퐿푀휿흀/>
<豈錄鹿ﬀנּﭿﮀﯿ﴿/>
<︿﹀ﹿﺿﻀ＿｀ｿﾀﺀﷰ/>
<�/>

<𐀀𐄀𐄿𐌀𐌿𐍀𐎿𐏀𐒀/>
<𒀀𒀿𒁀𒉿𒊀𒐀𒐿𒒀𒒿/>
<𗀀𗀿𗁀𗇿𗈀𗗿𗘀𗢿𗣀𗿿/>
<𛀀𛃿𝀀𝀿𝁀𝄀𝄿𝈀𝈿𝌀𝌿/>
<𞸀🀀🀿🂿🄀🄿🚀/>

<力>
<א/>
<س/>
<अ/>
<அ/>
<அ/>
<𐍑/>
<🪐/>
<😀/>
</力>

<ÀÖØöøÿĀĿŀſƀƿǀǿƀƿǀǿȀȿɀɿʀʿˀ˿/>
<ͰͽͿ΀οπϿ/>
<ЀпрѿҠҀҿӀӿԀԿՀտրֿ׀׿/>

<؀ؿـٿڀڿۀۿ/>
<܀ܿ݀݀ݿ/>
<ހ޿ހ޿/>
<ࠀ࠿ࡀࢿࣀࣿऀिीॿ/>
<ঀিী৿/>
<౿ൿවවເༀཀ྿࿀/>
<ကႠᄀᅀᆿᇀᇿሀሿቀቿኀዀዿጀጿፀ/>
<ᚿᛀក/>
<ᢿᣀ᧿ᨀᨿᩀ᪀/>
<ᰀ᰿᱀ᲀᴀᴿᵀᵿᶀᶿḀḿṀṿẀếỀỿ/>
<ἀἿὀᾀ᾿῀/>
<a⁰ⁿ₀₿℀ℿ⅀ⅿↀ/>
<ⰀⰿⱀⱿⲀⲿⳀ⳿ⴀⴿⵀⶀⷀⷿ/>
<⸀⸿⹀⺀⺿⻀⼀⼿⽀⽿⾀⾿⿀/>
<、みむむみむダㄿㆿ㇀ㇿ㈀㈿㋿㌀㏿/>

<㐀㐿㗿㘀㛀㛿㟀㟿/>
<㠀㠿㡀㤿㥀㨿㩀㬿㭀㯿/>
<㰀㰿㱀㶿㷀㼿㽀㾿㿀㿿/>
<䀀䀿䅀䅿䆀䊿䋀䍿䎀䏿/>
<䐀䕿䖀䙿䚀䝿䞀䟿/>
<䠀䢿䣀䧿䨀䪿䫀䬿䭀䯿/>
<䰀䱿䲀䴿䵀䶿䷀䷿一丿乀伿佀便俀俿/>
<倀忿怀濿瀀翿耀迿退/>
<ꀀꑿꒀ꒿꓀꓿ꔀꙀꟿꩿꪀꬿꭀꯀ가꿿/>
<뀀뚿뛀밿뱀뿿/>
<쀀쐿쑀엿였쟿저쩿쪀쿿/>
<퀀툿퉀퐿푀휿흀/>
<豈錄鹿ﬀנּﭿﮀﯿ﴿/>
<︿﹀ﹿﺿﻀ＿｀ｿﾀﺀﷰ/>
<�/>

<𐀀𐄀𐄿𐌀𐌿𐍀𐎿𐏀𐒀/>
<𒀀𒀿𒁀𒉿𒊀𒐀𒐿𒒀𒒿/>
<𗀀𗀿𗁀𗇿𗈀𗗿𗘀𗢿𗣀𗿿/>
<𛀀𛃿𝀀𝀿𝁀𝄀𝄿𝈀𝈿𝌀𝌿/>
<𞸀🀀🀿🂿🄀🄿🚀/>

<力>
<א/>
<س/>
<अ/>
<அ/>
<அ/>
<𐍑/>
<🪐/>
<😀/>
</力>

<ÀÖØöøÿĀĿŀſƀƿǀǿƀƿǀǿȀȿɀɿʀʿˀ˿/>
<ͰͽͿ΀οπϿ/>
<ЀпрѿҠҀҿӀӿԀԿՀտրֿ׀׿/>

<؀ؿـٿڀڿۀۿ/>
<܀ܿ݀݀ݿ/>
<ހ޿ހ޿/>
<ࠀ࠿ࡀࢿࣀࣿऀिीॿ/>
<ঀিী৿/>
<౿ൿවවເༀཀ྿࿀/>
<ကႠᄀᅀᆿᇀᇿሀሿቀቿኀዀዿጀጿፀ/>
<ᚿᛀក/>
<ᢿᣀ᧿ᨀᨿᩀ᪀/>
<ᰀ᰿᱀ᲀᴀᴿᵀᵿᶀᶿḀḿṀṿẀếỀỿ/>
<ἀἿὀᾀ᾿῀/>
<a⁰ⁿ₀₿℀ℿ⅀ⅿↀ/>
<ⰀⰿⱀⱿⲀⲿⳀ⳿ⴀⴿⵀⶀⷀⷿ/>
<⸀⸿⹀⺀⺿⻀⼀⼿⽀⽿⾀⾿⿀/>
<、みむむみむダㄿㆿ㇀ㇿ㈀㈿㋿㌀㏿/>

<㐀㐿㗿㘀㛀㛿㟀㟿/>
<㠀㠿㡀㤿㥀㨿㩀㬿㭀㯿/>
<㰀㰿㱀㶿㷀㼿㽀㾿㿀㿿/>
<䀀䀿䅀䅿䆀䊿䋀䍿䎀䏿/>
<䐀䕿䖀䙿䚀䝿䞀䟿/>
<䠀䢿䣀䧿䨀䪿䫀䬿䭀䯿/>
<䰀䱿䲀䴿䵀䶿䷀䷿一丿乀伿佀便俀俿/>
<倀忿怀濿瀀翿耀迿退/>
<ꀀꑿꒀ꒿꓀꓿ꔀꙀꟿꩿꪀꬿꭀꯀ가꿿/>
<뀀뚿뛀밿뱀뿿/>
<쀀쐿쑀엿였쟿저쩿쪀쿿/>
<퀀툿퉀퐿푀휿흀/>
<豈錄鹿ﬀנּﭿﮀﯿ﴿/>
<︿﹀ﹿﺿﻀ＿｀ｿﾀﺀﷰ/>
<�/>

<𐀀𐄀𐄿𐌀𐌿𐍀𐎿𐏀𐒀/>
<𒀀𒀿𒁀𒉿𒊀𒐀𒐿𒒀𒒿/>
<𗀀𗀿𗁀𗇿𗈀𗗿𗘀𗢿𗣀𗿿/>
<𛀀𛃿𝀀𝀿𝁀𝄀𝄿𝈀𝈿𝌀𝌿/>
<𞸀🀀🀿🂿🄀🄿🚀/>

<力>
<א/>
<س/>
<अ/>
<அ/>
<அ/>
<𐍑/>
<🪐/>
<😀/>
</力>

<ÀÖØöøÿĀĿŀſƀƿǀǿƀƿǀǿȀȿɀɿʀʿˀ˿/>
<ͰͽͿ΀οπϿ/>
<ЀпрѿҠҀҿӀӿԀԿՀտրֿ׀׿/>

<؀ؿـٿڀڿۀۿ/>
<܀ܿ݀݀ݿ/>
<ހ޿ހ޿/>
<ࠀ࠿ࡀࢿࣀࣿऀिीॿ/>
<ঀিী৿/>
<౿ൿවවເༀཀ྿࿀/>
<ကႠᄀᅀᆿᇀᇿሀሿቀቿኀዀዿጀጿፀ/>
<ᚿᛀក/>
<ᢿᣀ᧿ᨀᨿᩀ᪀/>
<ᰀ᰿᱀ᲀᴀᴿᵀᵿᶀᶿḀḿṀṿẀếỀỿ/>
<ἀἿὀᾀ᾿῀/>
<a⁰ⁿ₀₿℀ℿ⅀ⅿↀ/>
<ⰀⰿⱀⱿⲀⲿⳀ⳿ⴀⴿⵀⶀⷀⷿ/>
<⸀⸿⹀⺀⺿⻀⼀⼿⽀⽿⾀⾿⿀/>
<、みむむみむダㄿㆿ㇀ㇿ㈀㈿㋿㌀㏿/>

<㐀㐿㗿㘀㛀㛿㟀㟿/>
<㠀㠿㡀㤿㥀㨿㩀㬿㭀㯿/>
<㰀㰿㱀㶿㷀㼿㽀㾿㿀㿿/>
<䀀䀿䅀䅿䆀䊿䋀䍿䎀䏿/>
<䐀䕿䖀䙿䚀䝿䞀䟿/>
<䠀䢿䣀䧿䨀䪿䫀䬿䭀䯿/>
<䰀䱿䲀䴿䵀䶿䷀䷿一丿乀伿佀便俀俿/>
<倀忿怀濿瀀翿耀迿退/>
<ꀀꑿꒀ꒿꓀꓿ꔀꙀꟿꩿꪀꬿꭀꯀ가꿿/>
<뀀뚿뛀밿뱀뿿/>
<쀀쐿쑀엿였쟿저쩿쪀쿿/>
<퀀툿퉀퐿푀휿흀/>
<豈錄鹿ﬀנּﭿﮀﯿ﴿/>
<︿﹀ﹿﺿﻀ＿｀ｿﾀﺀﷰ/>
<�/>

<𐀀𐄀𐄿𐌀𐌿𐍀𐎿𐏀𐒀/>
<𒀀𒀿𒁀𒉿𒊀𒐀𒐿𒒀𒒿/>
<𗀀𗀿𗁀𗇿𗈀𗗿𗘀𗢿𗣀𗿿/>
<𛀀𛃿𝀀𝀿𝁀𝄀𝄿𝈀𝈿𝌀𝌿/>
<𞸀🀀🀿🂿🄀🄿🚀/>

<力>
<א/>
<س/>
<अ/>
<அ/>
<அ/>
<𐍑/>
<🪐/>
<😀/>
</力>

<ÀÖØöøÿĀĿŀſƀƿǀǿƀƿǀǿȀȿɀɿʀʿˀ˿/>
<ͰͽͿ΀οπϿ/>
<ЀпрѿҠҀҿӀӿԀԿՀտրֿ׀׿/>

<؀ؿـٿڀڿۀۿ/>
<܀ܿ݀݀ݿ/>
<ހ޿ހ޿/>
<ࠀ࠿ࡀࢿࣀࣿऀिीॿ/>
<ঀিী৿/>
<౿ൿවවເༀཀ྿࿀/>
<ကႠᄀᅀᆿᇀᇿሀሿቀቿኀዀዿጀጿፀ/>
<ᚿᛀក/>
<ᢿᣀ᧿ᨀᨿᩀ᪀/>
<ᰀ᰿᱀ᲀᴀᴿᵀᵿᶀᶿḀḿṀṿẀếỀỿ/>
<ἀἿὀᾀ᾿῀/>
<a⁰ⁿ₀₿℀ℿ⅀ⅿↀ/>
<ⰀⰿⱀⱿⲀⲿⳀ⳿ⴀⴿⵀⶀⷀⷿ/>
<⸀⸿⹀⺀⺿⻀⼀⼿⽀⽿⾀⾿⿀/>
<、みむむみむダㄿㆿ㇀ㇿ㈀㈿㋿㌀㏿/>

<㐀㐿㗿㘀㛀㛿㟀㟿/>
<㠀㠿㡀㤿㥀㨿㩀㬿㭀㯿/>
<㰀㰿㱀㶿㷀㼿㽀㾿㿀㿿/>
<䀀䀿䅀䅿䆀䊿䋀䍿䎀䏿/>
<䐀䕿䖀䙿䚀䝿䞀䟿/>
<䠀䢿䣀䧿䨀䪿䫀䬿䭀䯿/>
<䰀䱿䲀䴿䵀䶿䷀䷿一丿乀伿佀便俀俿/>
<倀忿怀濿瀀翿耀迿退/>
<ꀀꑿꒀ꒿꓀꓿ꔀꙀꟿꩿꪀꬿꭀꯀ가꿿/>
<뀀뚿뛀밿뱀뿿/>
<쀀쐿쑀엿였쟿저쩿쪀쿿/>
<퀀툿퉀퐿푀휿흀/>
<豈錄鹿ﬀנּﭿﮀﯿ﴿/>
<︿﹀ﹿﺿﻀ＿｀ｿﾀﺀﷰ/>
<�/>

<𐀀𐄀𐄿𐌀𐌿𐍀𐎿𐏀𐒀/>
<𒀀𒀿𒁀𒉿𒊀𒐀𒐿𒒀𒒿/>
<𗀀𗀿𗁀𗇿𗈀𗗿𗘀𗢿𗣀𗿿/>
<𛀀𛃿𝀀𝀿𝁀𝄀𝄿𝈀𝈿𝌀𝌿/>
<𞸀🀀🀿🂿🄀🄿🚀/>

<力>
<א/>
<س/>
<अ/>
<அ/>
<அ/>
<𐍑/>
<🪐/>
<😀/>
</力>

<ÀÖØöøÿĀĿŀſƀƿǀǿƀƿǀǿȀȿɀɿʀʿˀ˿/>
<ͰͽͿ΀οπϿ/>
<ЀпрѿҠҀҿӀӿԀԿՀտրֿ׀׿/>

<؀ؿـٿڀڿۀۿ/>
<܀ܿ݀݀ݿ/>
<ހ޿ހ޿/>
<ࠀ࠿ࡀࢿࣀࣿऀिीॿ/>
<ঀিী৿/>
<౿ൿවවເༀཀ྿࿀/>
<ကႠᄀᅀᆿᇀᇿሀሿቀቿኀዀዿጀጿፀ/>
<ᚿᛀក/>
<ᢿᣀ᧿ᨀᨿᩀ᪀/>
<ᰀ᰿᱀ᲀᴀᴿᵀᵿᶀᶿḀḿṀṿẀếỀỿ/>
<ἀἿὀᾀ᾿῀/>
<a⁰ⁿ₀₿℀ℿ⅀ⅿↀ/>
<ⰀⰿⱀⱿⲀⲿⳀ⳿ⴀⴿⵀⶀⷀⷿ/>
<⸀⸿⹀⺀⺿⻀⼀⼿⽀⽿⾀⾿⿀/>
<、みむむみむダㄿㆿ㇀ㇿ㈀㈿㋿㌀㏿/>

<㐀㐿㗿㘀㛀㛿㟀㟿/>
<㠀㠿㡀㤿㥀㨿㩀㬿㭀㯿/>
<㰀㰿㱀㶿㷀㼿㽀㾿㿀㿿/>
<䀀䀿䅀䅿䆀䊿䋀䍿䎀䏿/>
<䐀䕿䖀䙿䚀䝿䞀䟿/>
<䠀䢿䣀䧿䨀䪿䫀䬿䭀䯿/>
<䰀䱿䲀䴿䵀䶿䷀䷿一丿乀伿佀便俀俿/>
<倀忿怀濿瀀翿耀迿退/>
<ꀀꑿꒀ꒿꓀꓿ꔀꙀꟿꩿꪀꬿꭀꯀ가꿿/>
<뀀뚿뛀밿뱀뿿/>
<쀀쐿쑀엿였쟿저쩿쪀쿿/>
<퀀툿퉀퐿푀휿흀/>
<豈錄鹿ﬀנּﭿﮀﯿ﴿/>
<︿﹀ﹿﺿﻀ＿｀ｿﾀﺀﷰ/>
<�/>

<𐀀𐄀𐄿𐌀𐌿𐍀𐎿𐏀𐒀/>
<𒀀𒀿𒁀𒉿𒊀𒐀𒐿𒒀𒒿/>
<𗀀𗀿𗁀𗇿𗈀𗗿𗘀𗢿𗣀𗿿/>
<𛀀𛃿𝀀𝀿𝁀𝄀𝄿𝈀𝈿𝌀𝌿/>
<𞸀🀀🀿🂿🄀🄿🚀/>

<力>
<א/>
<س/>
<अ/>
<அ/>
<அ/>
<𐍑/>
<🪐/>
<😀/>
</力>

<ÀÖØöøÿĀĿŀſƀƿǀǿƀƿǀǿȀȿɀɿʀʿˀ˿/>
<ͰͽͿ΀οπϿ/>
<ЀпрѿҠҀҿӀӿԀԿՀտրֿ׀׿/>

<؀ؿـٿڀڿۀۿ/>
<܀ܿ݀݀ݿ/>
<ހ޿ހ޿/>
<ࠀ࠿ࡀࢿࣀࣿऀिीॿ/>
<ঀিী৿/>
<౿ൿවවເༀཀ྿࿀/>
<ကႠᄀᅀᆿᇀᇿሀሿቀቿኀዀዿጀጿፀ/>
<ᚿᛀក/>
<ᢿᣀ᧿ᨀᨿᩀ᪀/>
<ᰀ᰿᱀ᲀᴀᴿᵀᵿᶀᶿḀḿṀṿẀếỀỿ/>
<ἀἿὀᾀ᾿῀/>
<a⁰ⁿ₀₿℀ℿ⅀ⅿↀ/>
<ⰀⰿⱀⱿⲀⲿⳀ⳿ⴀⴿⵀⶀⷀⷿ/>
<⸀⸿⹀⺀⺿⻀⼀⼿⽀⽿⾀⾿⿀/>
<、みむむみむダㄿㆿ㇀ㇿ㈀㈿㋿㌀㏿/>

<㐀㐿㗿㘀㛀㛿㟀㟿/>
<㠀㠿㡀㤿㥀㨿㩀㬿㭀㯿/>
<㰀㰿㱀㶿㷀㼿㽀㾿㿀㿿/>
<䀀䀿䅀䅿䆀䊿䋀䍿䎀䏿/>
<䐀䕿䖀䙿䚀䝿䞀䟿/>
<䠀䢿䣀䧿䨀䪿䫀䬿䭀䯿/>
<䰀䱿䲀䴿䵀䶿䷀䷿一丿乀伿佀便俀俿/>
<倀忿怀濿瀀翿耀迿退/>
<ꀀꑿꒀ꒿꓀꓿ꔀꙀꟿꩿꪀꬿꭀꯀ가꿿/>
<뀀뚿뛀밿뱀뿿/>
<쀀쐿쑀엿였쟿저쩿쪀쿿/>
<퀀툿퉀퐿푀휿흀/>
<豈錄鹿ﬀנּﭿﮀﯿ﴿/>
<︿﹀ﹿﺿﻀ＿｀ｿﾀﺀﷰ/>
<�/>

<𐀀𐄀𐄿𐌀𐌿𐍀𐎿𐏀𐒀/>
<𒀀𒀿𒁀𒉿𒊀𒐀𒐿𒒀𒒿/>
<𗀀𗀿𗁀𗇿𗈀𗗿𗘀𗢿𗣀𗿿/>
<𛀀𛃿𝀀𝀿𝁀𝄀𝄿𝈀𝈿𝌀𝌿/>
<𞸀🀀🀿🂿🄀🄿🚀/>

<力>
<א/>
<س/>
<अ/>
<அ/>
<அ/>
<𐍑/>
<🪐/>
<😀/>
</力>

<ÀÖØöøÿĀĿŀſƀƿǀǿƀƿǀǿȀȿɀɿʀʿˀ˿/>
<ͰͽͿ΀οπϿ/>
<ЀпрѿҠҀҿӀӿԀԿՀտրֿ׀׿/>

<؀ؿـٿڀڿۀۿ/>
<܀ܿ݀݀ݿ/>
<ހ޿ހ޿/>
<ࠀ࠿ࡀࢿࣀࣿऀिीॿ/>
<ঀিী৿/>
<౿ൿවවເༀཀ྿࿀/>
<ကႠᄀᅀᆿᇀᇿሀሿቀቿኀዀዿጀጿፀ/>
<ᚿᛀក/>
<ᢿᣀ᧿ᨀᨿᩀ᪀/>
<ᰀ᰿᱀ᲀᴀᴿᵀᵿᶀᶿḀḿṀṿẀếỀỿ/>
<ἀἿὀᾀ᾿῀/>
<a⁰ⁿ₀₿℀ℿ⅀ⅿↀ/>
<ⰀⰿⱀⱿⲀⲿⳀ⳿ⴀⴿⵀⶀⷀⷿ/>
<⸀⸿⹀⺀⺿⻀⼀⼿⽀⽿⾀⾿⿀/>
<、みむむみむダㄿㆿ㇀ㇿ㈀㈿㋿㌀㏿/>

<㐀㐿㗿㘀㛀㛿㟀㟿/>
<㠀㠿㡀㤿㥀㨿㩀㬿㭀㯿/>
<㰀㰿㱀㶿㷀㼿㽀㾿㿀㿿/>
<䀀䀿䅀䅿䆀䊿䋀䍿䎀䏿/>
<䐀䕿䖀䙿䚀䝿䞀䟿/>
<䠀䢿䣀䧿䨀䪿䫀䬿䭀䯿/>
<䰀䱿䲀䴿䵀䶿䷀䷿一丿乀伿佀便俀俿/>
<倀忿怀濿瀀翿耀迿退/>
<ꀀꑿꒀ꒿꓀꓿ꔀꙀꟿꩿꪀꬿꭀꯀ가꿿/>
<뀀뚿뛀밿뱀뿿/>
<쀀쐿쑀엿였쟿저쩿쪀쿿/>
<퀀툿퉀퐿푀휿흀/>
<豈錄鹿ﬀנּﭿﮀﯿ﴿/>
<︿﹀ﹿﺿﻀ＿｀ｿﾀﺀﷰ/>
<�/>

<𐀀𐄀𐄿𐌀𐌿𐍀𐎿𐏀𐒀/>
<𒀀𒀿𒁀𒉿𒊀𒐀𒐿𒒀𒒿/>
<𗀀𗀿𗁀𗇿𗈀𗗿𗘀𗢿𗣀𗿿/>
<𛀀𛃿𝀀𝀿𝁀𝄀𝄿𝈀𝈿𝌀𝌿/>
<𞸀🀀🀿🂿🄀🄿🚀/>

<力>
<א/>
<س/>
<अ/>
<அ/>
<அ/>
<𐍑/>
<🪐/>
<😀/>
</力>

<ÀÖØöøÿĀĿŀſƀƿǀǿƀƿǀǿȀȿɀɿʀʿˀ˿/>
<ͰͽͿ΀οπϿ/>
<ЀпрѿҠҀҿӀӿԀԿՀտրֿ׀׿/>

<؀ؿـٿڀڿۀۿ/>
<܀ܿ݀݀ݿ/>
<ހ޿ހ޿/>
<ࠀ࠿ࡀࢿࣀࣿऀिीॿ/>
<ঀিী৿/>
<౿ൿවවເༀཀ྿࿀/>
<ကႠᄀᅀᆿᇀᇿሀሿቀቿኀዀዿጀጿፀ/>
<ᚿᛀក/>
<ᢿᣀ᧿ᨀᨿᩀ᪀/>
<ᰀ᰿᱀ᲀᴀᴿᵀᵿᶀᶿḀḿṀṿẀếỀỿ/>
<ἀἿὀᾀ᾿῀/>
<a⁰ⁿ₀₿℀ℿ⅀ⅿↀ/>
<ⰀⰿⱀⱿⲀⲿⳀ⳿ⴀⴿⵀⶀⷀⷿ/>
<⸀⸿⹀⺀⺿⻀⼀⼿⽀⽿⾀⾿⿀/>
<、みむむみむダㄿㆿ㇀ㇿ㈀㈿㋿㌀㏿/>

<㐀㐿㗿㘀㛀㛿㟀㟿/>
<㠀㠿㡀㤿㥀㨿㩀㬿㭀㯿/>
<㰀㰿㱀㶿㷀㼿㽀㾿㿀㿿/>
<䀀䀿䅀䅿䆀䊿䋀䍿䎀䏿/>
<䐀䕿䖀䙿䚀䝿䞀䟿/>
<䠀䢿䣀䧿䨀䪿䫀䬿䭀䯿/>
<䰀䱿䲀䴿䵀䶿䷀䷿一丿乀伿佀便俀俿/>
<倀忿怀濿瀀翿耀迿退/>
<ꀀꑿꒀ꒿꓀꓿ꔀꙀꟿꩿꪀꬿꭀꯀ가꿿/>
<뀀뚿뛀밿뱀뿿/>
<쀀쐿쑀엿였쟿저쩿쪀쿿/>
<퀀툿퉀퐿푀휿흀/>
<豈錄鹿ﬀנּﭿﮀﯿ﴿/>
<︿﹀ﹿﺿﻀ＿｀ｿﾀﺀﷰ/>
<�/>

<𐀀𐄀𐄿𐌀𐌿𐍀𐎿𐏀𐒀/>
<𒀀𒀿𒁀𒉿𒊀𒐀𒐿𒒀𒒿/>
<𗀀𗀿𗁀𗇿𗈀𗗿𗘀𗢿𗣀𗿿/>
<𛀀𛃿𝀀𝀿𝁀𝄀𝄿𝈀𝈿𝌀𝌿/>
<𞸀🀀🀿🂿🄀🄿🚀/>

<力>
<א/>
<س/>
<अ/>
<அ/>
<அ/>
<𐍑/>
<🪐/>
<😀/>
</力>

<ÀÖØöøÿĀĿŀſƀƿǀǿƀƿǀǿȀȿɀɿʀʿˀ˿/>
<ͰͽͿ΀οπϿ/>
<ЀпрѿҠҀҿӀӿԀԿՀտրֿ׀׿/>

<؀ؿـٿڀڿۀۿ/>
<܀ܿ݀݀ݿ/>
<ހ޿ހ޿/>
<ࠀ࠿ࡀࢿࣀࣿऀिीॿ/>
<ঀিী৿/>
<౿ൿවවເༀཀ྿࿀/>
<ကႠᄀᅀᆿᇀᇿሀሿቀቿኀዀዿጀጿፀ/>
<ᚿᛀក/>
<ᢿᣀ᧿ᨀᨿᩀ᪀/>
<ᰀ᰿᱀ᲀᴀᴿᵀᵿᶀᶿḀḿṀṿẀếỀỿ/>
<ἀἿὀᾀ᾿῀/>
<a⁰ⁿ₀₿℀ℿ⅀ⅿↀ/>
<ⰀⰿⱀⱿⲀⲿⳀ⳿ⴀⴿⵀⶀⷀⷿ/>
<⸀⸿⹀⺀⺿⻀⼀⼿⽀⽿⾀⾿⿀/>
<、みむむみむダㄿㆿ㇀ㇿ㈀㈿㋿㌀㏿/>

<㐀㐿㗿㘀㛀㛿㟀㟿/>
<㠀㠿㡀㤿㥀㨿㩀㬿㭀㯿/>
<㰀㰿㱀㶿㷀㼿㽀㾿㿀㿿/>
<䀀䀿䅀䅿䆀䊿䋀䍿䎀䏿/>
<䐀䕿䖀䙿䚀䝿䞀䟿/>
<䠀䢿䣀䧿䨀䪿䫀䬿䭀䯿/>
<䰀䱿䲀䴿䵀䶿䷀䷿一丿乀伿佀便俀俿/>
<倀忿怀濿瀀翿耀迿退/>
<ꀀꑿꒀ꒿꓀꓿ꔀꙀꟿꩿꪀꬿꭀꯀ가꿿/>
<뀀뚿뛀밿뱀뿿/>
<쀀쐿쑀엿였쟿저쩿쪀쿿/>
<퀀툿퉀퐿푀휿흀/>
<豈錄鹿ﬀנּﭿﮀﯿ﴿/>
<︿﹀ﹿﺿﻀ＿｀ｿﾀﺀﷰ/>
<�/>

<𐀀𐄀𐄿𐌀𐌿𐍀𐎿𐏀𐒀/>
<𒀀𒀿𒁀𒉿𒊀𒐀𒐿𒒀𒒿/>
<𗀀𗀿𗁀𗇿𗈀𗗿𗘀𗢿𗣀𗿿/>
<𛀀𛃿𝀀𝀿𝁀𝄀𝄿𝈀𝈿𝌀𝌿/>
<𞸀🀀🀿🂿🄀🄿🚀/>

<力>
<א/>
<س/>
<अ/>
<அ/>
<அ/>
<𐍑/>
<🪐/>
<😀/>
</力>

<ÀÖØöøÿĀĿŀſƀƿǀǿƀƿǀǿȀȿɀɿʀʿˀ˿/>
<ͰͽͿ΀οπϿ/>
<ЀпрѿҠҀҿӀӿԀԿՀտրֿ׀׿/>

<؀ؿـٿڀڿۀۿ/>
<܀ܿ݀݀ݿ/>
<ހ޿ހ޿/>
<ࠀ࠿ࡀࢿࣀࣿऀिीॿ/>
<ঀিী৿/>
<౿ൿවවເༀཀ྿࿀/>
<ကႠᄀᅀᆿᇀᇿሀሿቀቿኀዀዿጀጿፀ/>
<ᚿᛀក/>
<ᢿᣀ᧿ᨀᨿᩀ᪀/>
<ᰀ᰿᱀ᲀᴀᴿᵀᵿᶀᶿḀḿṀṿẀếỀỿ/>
<ἀἿὀᾀ᾿῀/>
<a⁰ⁿ₀₿℀ℿ⅀ⅿↀ/>
<ⰀⰿⱀⱿⲀⲿⳀ⳿ⴀⴿⵀⶀⷀⷿ/>
<⸀⸿⹀⺀⺿⻀⼀⼿⽀⽿⾀⾿⿀/>
<、みむむみむダㄿㆿ㇀ㇿ㈀㈿㋿㌀㏿/>

<㐀㐿㗿㘀㛀㛿㟀㟿/>
<㠀㠿㡀㤿㥀㨿㩀㬿㭀㯿/>
<㰀㰿㱀㶿㷀㼿㽀㾿㿀㿿/>
<䀀䀿䅀䅿䆀䊿䋀䍿䎀䏿/>
<䐀䕿䖀䙿䚀䝿䞀䟿/>
<䠀䢿䣀䧿䨀䪿䫀䬿䭀䯿/>
<䰀䱿䲀䴿䵀䶿䷀䷿一丿乀伿佀便俀俿/>
<倀忿怀濿瀀翿耀迿退/>
<ꀀꑿꒀ꒿꓀꓿ꔀꙀꟿꩿꪀꬿꭀꯀ가꿿/>
<뀀뚿뛀밿뱀뿿/>
<쀀쐿쑀엿였쟿저쩿쪀쿿/>
<퀀툿퉀퐿푀휿흀/>
<豈錄鹿ﬀנּﭿﮀﯿ﴿/>
<︿﹀ﹿﺿﻀ＿｀ｿﾀﺀﷰ/>
<�/>

<𐀀𐄀𐄿𐌀𐌿𐍀𐎿𐏀𐒀/>
<𒀀𒀿𒁀𒉿𒊀𒐀𒐿𒒀𒒿/>
<𗀀𗀿𗁀𗇿𗈀𗗿𗘀𗢿𗣀𗿿/>
<𛀀𛃿𝀀𝀿𝁀𝄀𝄿𝈀𝈿𝌀𝌿/>
<𞸀🀀🀿🂿🄀🄿🚀/>

<力>
<א/>
<س/>
<अ/>
<அ/>
<அ/>
<𐍑/>
<🪐/>
<😀/>
</力>

<ÀÖØöøÿĀĿŀſƀƿǀǿƀƿǀǿȀȿɀɿʀʿˀ˿/>
<ͰͽͿ΀οπϿ/>
<ЀпрѿҠҀҿӀӿԀԿՀտրֿ׀׿/>

<؀ؿـٿڀڿۀۿ/>
<܀ܿ݀݀ݿ/>
<ހ޿ހ޿/>
<ࠀ࠿ࡀࢿࣀࣿऀिीॿ/>
<ঀিী৿/>
<౿ൿවවເༀཀ྿࿀/>
<ကႠᄀᅀᆿᇀᇿሀሿቀቿኀዀዿጀጿፀ/>
<ᚿᛀក/>
<ᢿᣀ᧿ᨀᨿᩀ᪀/>
<ᰀ᰿᱀ᲀᴀᴿᵀᵿᶀᶿḀḿṀṿẀếỀỿ/>
<ἀἿὀᾀ᾿῀/>
<a⁰ⁿ₀₿℀ℿ⅀ⅿↀ/>
<ⰀⰿⱀⱿⲀⲿⳀ⳿ⴀⴿⵀⶀⷀⷿ/>
<⸀⸿⹀⺀⺿⻀⼀⼿⽀⽿⾀⾿⿀/>
<、みむむみむダㄿㆿ㇀ㇿ㈀㈿㋿㌀㏿/>

<㐀㐿㗿㘀㛀㛿㟀㟿/>
<㠀㠿㡀㤿㥀㨿㩀㬿㭀㯿/>
<㰀㰿㱀㶿㷀㼿㽀㾿㿀㿿/>
<䀀䀿䅀䅿䆀䊿䋀䍿䎀䏿/>
<䐀䕿䖀䙿䚀䝿䞀䟿/>
<䠀䢿䣀䧿䨀䪿䫀䬿䭀䯿/>
<䰀䱿䲀䴿䵀䶿䷀䷿一丿乀伿佀便俀俿/>
<倀忿怀濿瀀翿耀迿退/>
<ꀀꑿꒀ꒿꓀꓿ꔀꙀꟿꩿꪀꬿꭀꯀ가꿿/>
<뀀뚿뛀밿뱀뿿/>
<쀀쐿쑀엿였쟿저쩿쪀쿿/>
<퀀툿퉀퐿푀휿흀/>
<豈錄鹿ﬀנּﭿﮀﯿ﴿/>
<︿﹀ﹿﺿﻀ＿｀ｿﾀﺀﷰ/>
<�/>

<𐀀𐄀𐄿𐌀𐌿𐍀𐎿𐏀𐒀/>
<𒀀𒀿𒁀𒉿𒊀𒐀𒐿𒒀𒒿/>
<𗀀𗀿𗁀𗇿𗈀𗗿𗘀𗢿𗣀𗿿/>
<𛀀𛃿𝀀𝀿𝁀𝄀𝄿𝈀𝈿𝌀𝌿/>
<𞸀🀀🀿🂿🄀🄿🚀/>

<力>
<א/>
<س/>
<अ/>
<அ/>
<அ/>
<𐍑/>
<🪐/>
<😀/>
</力>

<ÀÖØöøÿĀĿŀſƀƿǀǿƀƿǀǿȀȿɀɿʀʿˀ˿/>
<ͰͽͿ΀οπϿ/>
<ЀпрѿҠҀҿӀӿԀԿՀտրֿ׀׿/>

<؀ؿـٿڀڿۀۿ/>
<܀ܿ݀݀ݿ/>
<ހ޿ހ޿/>
<ࠀ࠿ࡀࢿࣀࣿऀिीॿ/>
<ঀিী৿/>
<౿ൿවවເༀཀ྿࿀/>
<ကႠᄀᅀᆿᇀᇿሀሿቀቿኀዀዿጀጿፀ/>
<ᚿᛀក/>
<ᢿᣀ᧿ᨀᨿᩀ᪀/>
<ᰀ᰿᱀ᲀᴀᴿᵀᵿᶀᶿḀḿṀṿẀếỀỿ/>
<ἀἿὀᾀ᾿῀/>
<a⁰ⁿ₀₿℀ℿ⅀ⅿↀ/>
<ⰀⰿⱀⱿⲀⲿⳀ⳿ⴀⴿⵀⶀⷀⷿ/>
<⸀⸿⹀⺀⺿⻀⼀⼿⽀⽿⾀⾿⿀/>
<、みむむみむダㄿㆿ㇀ㇿ㈀㈿㋿㌀㏿/>

<㐀㐿㗿㘀㛀㛿㟀㟿/>
<㠀㠿㡀㤿㥀㨿㩀㬿㭀㯿/>
<㰀㰿㱀㶿㷀㼿㽀㾿㿀㿿/>
<䀀䀿䅀䅿䆀䊿䋀䍿䎀䏿/>
<䐀䕿䖀䙿䚀䝿䞀䟿/>
<䠀䢿䣀䧿䨀䪿䫀䬿䭀䯿/>
<䰀䱿䲀䴿䵀䶿䷀䷿一丿乀伿佀便俀俿/>
<倀忿怀濿瀀翿耀迿退/>
<ꀀꑿꒀ꒿꓀꓿ꔀꙀꟿꩿꪀꬿꭀꯀ가꿿/>
<뀀뚿뛀밿뱀뿿/>
<쀀쐿쑀엿였쟿저쩿쪀쿿/>
<퀀툿퉀퐿푀휿흀/>
<豈錄鹿ﬀנּﭿﮀﯿ﴿/>
<︿﹀ﹿﺿﻀ＿｀ｿﾀﺀﷰ/>
<�/>

<𐀀𐄀𐄿𐌀𐌿𐍀𐎿𐏀𐒀/>
<𒀀𒀿𒁀𒉿𒊀𒐀𒐿𒒀𒒿/>
<𗀀𗀿𗁀𗇿𗈀𗗿𗘀𗢿𗣀𗿿/>
<𛀀𛃿𝀀𝀿𝁀𝄀𝄿𝈀𝈿𝌀𝌿/>
<𞸀🀀🀿🂿🄀🄿🚀/>

<力>
<א/>
<س/>
<अ/>
<அ/>
<அ/>
<𐍑/>
<🪐/>
<😀/>
</力>

<ÀÖØöøÿĀĿŀſƀƿǀǿƀƿǀǿȀȿɀɿʀʿˀ˿/>
<ͰͽͿ΀οπϿ/>
<ЀпрѿҠҀҿӀӿԀԿՀտրֿ׀׿/>

<؀ؿـٿڀڿۀۿ/>
<܀ܿ݀݀ݿ/>
<ހ޿ހ޿/>
<ࠀ࠿ࡀࢿࣀࣿऀिीॿ/>
<ঀিী৿/>
<౿ൿවවເༀཀ྿࿀/>
<ကႠᄀᅀᆿᇀᇿሀሿቀቿኀዀዿጀጿፀ/>
<ᚿᛀក/>
<ᢿᣀ᧿ᨀᨿᩀ᪀/>
<ᰀ᰿᱀ᲀᴀᴿᵀᵿᶀᶿḀḿṀṿẀếỀỿ/>
<ἀἿὀᾀ᾿῀/>
<a⁰ⁿ₀₿℀ℿ⅀ⅿↀ/>
<ⰀⰿⱀⱿⲀⲿⳀ⳿ⴀⴿⵀⶀⷀⷿ/>
<⸀⸿⹀⺀⺿⻀⼀⼿⽀⽿⾀⾿⿀/>
<、みむむみむダㄿㆿ㇀ㇿ㈀㈿㋿㌀㏿/>

<㐀㐿㗿㘀㛀㛿㟀㟿/>
<㠀㠿㡀㤿㥀㨿㩀㬿㭀㯿/>
<㰀㰿㱀㶿㷀㼿㽀㾿㿀㿿/>
<䀀䀿䅀䅿䆀䊿䋀䍿䎀䏿/>
<䐀䕿䖀䙿䚀䝿䞀䟿/>
<䠀䢿䣀䧿䨀䪿䫀䬿䭀䯿/>
<䰀䱿䲀䴿䵀䶿䷀䷿一丿乀伿佀便俀俿/>
<倀忿怀濿瀀翿耀迿退/>
<ꀀꑿꒀ꒿꓀꓿ꔀꙀꟿꩿꪀꬿꭀꯀ가꿿/>
<뀀뚿뛀밿뱀뿿/>
<쀀쐿쑀엿였쟿저쩿쪀쿿/>
<퀀툿퉀퐿푀휿흀/>
<豈錄鹿ﬀנּﭿﮀﯿ﴿/>
<︿﹀ﹿﺿﻀ＿｀ｿﾀﺀﷰ/>
<�/>

<𐀀𐄀𐄿𐌀𐌿𐍀𐎿𐏀𐒀/>
<𒀀𒀿𒁀𒉿𒊀𒐀𒐿𒒀𒒿/>
<𗀀𗀿𗁀𗇿𗈀𗗿𗘀𗢿𗣀𗿿/>
<𛀀𛃿𝀀𝀿𝁀𝄀𝄿𝈀𝈿𝌀𝌿/>
<𞸀🀀🀿🂿🄀🄿🚀/>

<力>
<א/>
<س/>
<अ/>
<அ/>
<அ/>
<𐍑/>
<🪐/>
<😀/>
</力>

<ÀÖØöøÿĀĿŀſƀƿǀǿƀƿǀǿȀȿɀɿʀʿˀ˿/>
<ͰͽͿ΀οπϿ/>
<ЀпрѿҠҀҿӀӿԀԿՀտրֿ׀׿/>

<؀ؿـٿڀڿۀۿ/>
<܀ܿ݀݀ݿ/>
<ހ޿ހ޿/>
<ࠀ࠿ࡀࢿࣀࣿऀिीॿ/>
<ঀিী৿/>
<౿ൿවවເༀཀ྿࿀/>
<ကႠᄀᅀᆿᇀᇿሀሿቀቿኀዀዿጀጿፀ/>
<ᚿᛀក/>
<ᢿᣀ᧿ᨀᨿᩀ᪀/>
<ᰀ᰿᱀ᲀᴀᴿᵀᵿᶀᶿḀḿṀṿẀếỀỿ/>
<ἀἿὀᾀ᾿῀/>
<a⁰ⁿ₀₿℀ℿ⅀ⅿↀ/>
<ⰀⰿⱀⱿⲀⲿⳀ⳿ⴀⴿⵀⶀⷀⷿ/>
<⸀⸿⹀⺀⺿⻀⼀⼿⽀⽿⾀⾿⿀/>
<、みむむみむダㄿㆿ㇀ㇿ㈀㈿㋿㌀㏿/>

<㐀㐿㗿㘀㛀㛿㟀㟿/>
<㠀㠿㡀㤿㥀㨿㩀㬿㭀㯿/>
<㰀㰿㱀㶿㷀㼿㽀㾿㿀㿿/>
<䀀䀿䅀䅿䆀䊿䋀䍿䎀䏿/>
<䐀䕿䖀䙿䚀䝿䞀䟿/>
<䠀䢿䣀䧿䨀䪿䫀䬿䭀䯿/>
<䰀䱿䲀䴿䵀䶿䷀䷿一丿乀伿佀便俀俿/>
<倀忿怀濿瀀翿耀迿退/>
<ꀀꑿꒀ꒿꓀꓿ꔀꙀꟿꩿꪀꬿꭀꯀ가꿿/>
<뀀뚿뛀밿뱀뿿/>
<쀀쐿쑀엿였쟿저쩿쪀쿿/>
<퀀툿퉀퐿푀휿흀/>
<豈錄鹿ﬀנּﭿﮀﯿ﴿/>
<︿﹀ﹿﺿﻀ＿｀ｿﾀﺀﷰ/>
<�/>

<𐀀𐄀𐄿𐌀𐌿𐍀𐎿𐏀𐒀/>
<𒀀𒀿𒁀𒉿𒊀𒐀𒐿𒒀𒒿/>
<𗀀𗀿𗁀𗇿𗈀𗗿𗘀𗢿𗣀𗿿/>
<𛀀𛃿𝀀𝀿𝁀𝄀𝄿𝈀𝈿𝌀𝌿/>
<𞸀🀀🀿🂿🄀🄿🚀/>

<力>
<א/>
<س/>
<अ/>
<அ/>
<அ/>
<𐍑/>
<🪐/>
<😀/>
</力>

<ÀÖØöøÿĀĿŀſƀƿǀǿƀƿǀǿȀȿɀɿʀʿˀ˿/>
<ͰͽͿ΀οπϿ/>
<ЀпрѿҠҀҿӀӿԀԿՀտրֿ׀׿/>

<؀ؿـٿڀڿۀۿ/>
<܀ܿ݀݀ݿ/>
<ހ޿ހ޿/>
<ࠀ࠿ࡀࢿࣀࣿऀिीॿ/>
<ঀিী৿/>
<౿ൿවවເༀཀ྿࿀/>
<ကႠᄀᅀᆿᇀᇿሀሿቀቿኀዀዿጀጿፀ/>
<ᚿᛀក/>
<ᢿᣀ᧿ᨀᨿᩀ᪀/>
<ᰀ᰿᱀ᲀᴀᴿᵀᵿᶀᶿḀḿṀṿẀếỀỿ/>
<ἀἿὀᾀ᾿῀/>
<a⁰ⁿ₀₿℀ℿ⅀ⅿↀ/>
<ⰀⰿⱀⱿⲀⲿⳀ⳿ⴀⴿⵀⶀⷀⷿ/>
<⸀⸿⹀⺀⺿⻀⼀⼿⽀⽿⾀⾿⿀/>
<、みむむみむダㄿㆿ㇀ㇿ㈀㈿㋿㌀㏿/>

<㐀㐿㗿㘀㛀㛿㟀㟿/>
<㠀㠿㡀㤿㥀㨿㩀㬿㭀㯿/>
<㰀㰿㱀㶿㷀㼿㽀㾿㿀㿿/>
<䀀䀿䅀䅿䆀䊿䋀䍿䎀䏿/>
<䐀䕿䖀䙿䚀䝿䞀䟿/>
<䠀䢿䣀䧿䨀䪿䫀䬿䭀䯿/>
<䰀䱿䲀䴿䵀䶿䷀䷿一丿乀伿佀便俀俿/>
<倀忿怀濿瀀翿耀迿退/>
<ꀀꑿꒀ꒿꓀꓿ꔀꙀꟿꩿꪀꬿꭀꯀ가꿿/>
<뀀뚿뛀밿뱀뿿/>
<쀀쐿쑀엿였쟿저쩿쪀쿿/>
<퀀툿퉀퐿푀휿흀/>
<豈錄鹿ﬀנּﭿﮀﯿ﴿/>
<︿﹀ﹿﺿﻀ＿｀ｿﾀﺀﷰ/>
<�/>

<𐀀𐄀𐄿𐌀𐌿𐍀𐎿𐏀𐒀/>
<𒀀𒀿𒁀𒉿𒊀𒐀𒐿𒒀𒒿/>
<𗀀𗀿𗁀𗇿𗈀𗗿𗘀𗢿𗣀𗿿/>
<𛀀𛃿𝀀𝀿𝁀𝄀𝄿𝈀𝈿𝌀𝌿/>
<𞸀🀀🀿🂿🄀🄿🚀/>

<力>
<א/>
<س/>
<अ/>
<அ/>
<அ/>
<𐍑/>
<🪐/>
<😀/>
</力>

<ÀÖØöøÿĀĿŀſƀƿǀǿƀƿǀǿȀȿɀɿʀʿˀ˿/>
<ͰͽͿ΀οπϿ/>
<ЀпрѿҠҀҿӀӿԀԿՀտրֿ׀׿/>

<؀ؿـٿڀڿۀۿ/>
<܀ܿ݀݀ݿ/>
<ހ޿ހ޿/>
<ࠀ࠿ࡀࢿࣀࣿऀिीॿ/>
<ঀিী৿/>
<౿ൿවවເༀཀ྿࿀/>
<ကႠᄀᅀᆿᇀᇿሀሿቀቿኀዀዿጀጿፀ/>
<ᚿᛀក/>
<ᢿᣀ᧿ᨀᨿᩀ᪀/>
<ᰀ᰿᱀ᲀᴀᴿᵀᵿᶀᶿḀḿṀṿẀếỀỿ/>
<ἀἿὀᾀ᾿῀/>
<a⁰ⁿ₀₿℀ℿ⅀ⅿↀ/>
<ⰀⰿⱀⱿⲀⲿⳀ⳿ⴀⴿⵀⶀⷀⷿ/>
<⸀⸿⹀⺀⺿⻀⼀⼿⽀⽿⾀⾿⿀/>
<、みむむみむダㄿㆿ㇀ㇿ㈀㈿㋿㌀㏿/>

<㐀㐿㗿㘀㛀㛿㟀㟿/>
<㠀㠿㡀㤿㥀㨿㩀㬿㭀㯿/>
<㰀㰿㱀㶿㷀㼿㽀㾿㿀㿿/>
<䀀䀿䅀䅿䆀䊿䋀䍿䎀䏿/>
<䐀䕿䖀䙿䚀䝿䞀䟿/>
<䠀䢿䣀䧿䨀䪿䫀䬿䭀䯿/>
<䰀䱿䲀䴿䵀䶿䷀䷿一丿乀伿佀便俀俿/>
<倀忿怀濿瀀翿耀迿退/>
<ꀀꑿꒀ꒿꓀꓿ꔀꙀꟿꩿꪀꬿꭀꯀ가꿿/>
<뀀뚿뛀밿뱀뿿/>
<쀀쐿쑀엿였쟿저쩿쪀쿿/>
<퀀툿퉀퐿푀휿흀/>
<豈錄鹿ﬀנּﭿﮀﯿ﴿/>
<︿﹀ﹿﺿﻀ＿｀ｿﾀﺀﷰ/>
<�/>

<𐀀𐄀𐄿𐌀𐌿𐍀𐎿𐏀𐒀/>
<𒀀𒀿𒁀𒉿𒊀𒐀𒐿𒒀𒒿/>
<𗀀𗀿𗁀𗇿𗈀𗗿𗘀𗢿𗣀𗿿/>
<𛀀𛃿𝀀𝀿𝁀𝄀𝄿𝈀𝈿𝌀𝌿/>
<𞸀🀀🀿🂿🄀🄿🚀/>

<力>
<א/>
<س/>
<अ/>
<அ/>
<அ/>
<𐍑/>
<🪐/>
<😀/>
</力>

<ÀÖØöøÿĀĿŀſƀƿǀǿƀƿǀǿȀȿɀɿʀʿˀ˿/>
<ͰͽͿ΀οπϿ/>
<ЀпрѿҠҀҿӀӿԀԿՀտրֿ׀׿/>

<؀ؿـٿڀڿۀۿ/>
<܀ܿ݀݀ݿ/>
<ހ޿ހ޿/>
<ࠀ࠿ࡀࢿࣀࣿऀिीॿ/>
<ঀিী৿/>
<౿ൿවවເༀཀ྿࿀/>
<ကႠᄀᅀᆿᇀᇿሀሿቀቿኀዀዿጀጿፀ/>
<ᚿᛀក/>
<ᢿᣀ᧿ᨀᨿᩀ᪀/>
<ᰀ᰿᱀ᲀᴀᴿᵀᵿᶀᶿḀḿṀṿẀếỀỿ/>
<ἀἿὀᾀ᾿῀/>
<a⁰ⁿ₀₿℀ℿ⅀ⅿↀ/>
<ⰀⰿⱀⱿⲀⲿⳀ⳿ⴀⴿⵀⶀⷀⷿ/>
<⸀⸿⹀⺀⺿⻀⼀⼿⽀⽿⾀⾿⿀/>
<、みむむみむダㄿㆿ㇀ㇿ㈀㈿㋿㌀㏿/>

<㐀㐿㗿㘀㛀㛿㟀㟿/>
<㠀㠿㡀㤿㥀㨿㩀㬿㭀㯿/>
<㰀㰿㱀㶿㷀㼿㽀㾿㿀㿿/>
<䀀䀿䅀䅿䆀䊿䋀䍿䎀䏿/>
<䐀䕿䖀䙿䚀䝿䞀䟿/>
<䠀䢿䣀䧿䨀䪿䫀䬿䭀䯿/>
<䰀䱿䲀䴿䵀䶿䷀䷿一丿乀伿佀便俀俿/>
<倀忿怀濿瀀翿耀迿退/>
<ꀀꑿꒀ꒿꓀꓿ꔀꙀꟿꩿꪀꬿꭀꯀ가꿿/>
<뀀뚿뛀밿뱀뿿/>
<쀀쐿쑀엿였쟿저쩿쪀쿿/>
<퀀툿퉀퐿푀휿흀/>
<豈錄鹿ﬀנּﭿﮀﯿ﴿/>
<︿﹀ﹿﺿﻀ＿｀ｿﾀﺀﷰ/>
<�/>

<𐀀𐄀𐄿𐌀𐌿𐍀𐎿𐏀𐒀/>
<𒀀𒀿𒁀𒉿𒊀𒐀𒐿𒒀𒒿/>
<𗀀𗀿𗁀𗇿𗈀𗗿𗘀𗢿𗣀𗿿/>
<𛀀𛃿𝀀𝀿𝁀𝄀𝄿𝈀𝈿𝌀𝌿/>
<𞸀🀀🀿🂿🄀🄿🚀/>

<力>
<א/>
<س/>
<अ/>
<அ/>
<அ/>
<𐍑/>
<🪐/>
<😀/>
</力>

<ÀÖØöøÿĀĿŀſƀƿǀǿƀƿǀǿȀȿɀɿʀʿˀ˿/>
<ͰͽͿ΀οπϿ/>
<ЀпрѿҠҀҿӀӿԀԿՀտրֿ׀׿/>

<؀ؿـٿڀڿۀۿ/>
<܀ܿ݀݀ݿ/>
<ހ޿ހ޿/>
<ࠀ࠿ࡀࢿࣀࣿऀिीॿ/>
<ঀিী৿/>
<౿ൿවවເༀཀ྿࿀/>
<ကႠᄀᅀᆿᇀᇿሀሿቀቿኀዀዿጀጿፀ/>
<ᚿᛀក/>
<ᢿᣀ᧿ᨀᨿᩀ᪀/>
<ᰀ᰿᱀ᲀᴀᴿᵀᵿᶀᶿḀḿṀṿẀếỀỿ/>
<ἀἿὀᾀ᾿῀/>
<a⁰ⁿ₀₿℀ℿ⅀ⅿↀ/>
<ⰀⰿⱀⱿⲀⲿⳀ⳿ⴀⴿⵀⶀⷀⷿ/>
<⸀⸿⹀⺀⺿⻀⼀⼿⽀⽿⾀⾿⿀/>
<、みむむみむダㄿㆿ㇀ㇿ㈀㈿㋿㌀㏿/>

<㐀㐿㗿㘀㛀㛿㟀㟿/>
<㠀㠿㡀㤿㥀㨿㩀㬿㭀㯿/>
<㰀㰿㱀㶿㷀㼿㽀㾿㿀㿿/>
<䀀䀿䅀䅿䆀䊿䋀䍿䎀䏿/>
<䐀䕿䖀䙿䚀䝿䞀䟿/>
<䠀䢿䣀䧿䨀䪿䫀䬿䭀䯿/>
<䰀䱿䲀䴿䵀䶿䷀䷿一丿乀伿佀便俀俿/>
<倀忿怀濿瀀翿耀迿退/>
<ꀀꑿꒀ꒿꓀꓿ꔀꙀꟿꩿꪀꬿꭀꯀ가꿿/>
<뀀뚿뛀밿뱀뿿/>
<쀀쐿쑀엿였쟿저쩿쪀쿿/>
<퀀툿퉀퐿푀휿흀/>
<豈錄鹿ﬀנּﭿﮀﯿ﴿/>
<︿﹀ﹿﺿﻀ＿｀ｿﾀﺀﷰ/>
<�/>

<𐀀𐄀𐄿𐌀𐌿𐍀𐎿𐏀𐒀/>
<𒀀𒀿𒁀𒉿𒊀𒐀𒐿𒒀𒒿/>
<𗀀𗀿𗁀𗇿𗈀𗗿𗘀𗢿𗣀𗿿/>
<𛀀𛃿𝀀𝀿𝁀𝄀𝄿𝈀𝈿𝌀𝌿/>
<𞸀🀀🀿🂿🄀🄿🚀/>

<力>
<א/>
<س/>
<अ/>
<அ/>
<அ/>
<𐍑/>
<🪐/>
<😀/>
</力>

<ÀÖØöøÿĀĿŀſƀƿǀǿƀƿǀǿȀȿɀɿʀʿˀ˿/>
<ͰͽͿ΀οπϿ/>
<ЀпрѿҠҀҿӀӿԀԿՀտրֿ׀׿/>

<؀ؿـٿڀڿۀۿ/>
<܀ܿ݀݀ݿ/>
<ހ޿ހ޿/>
<ࠀ࠿ࡀࢿࣀࣿऀिीॿ/>
<ঀিী৿/>
<౿ൿවවເༀཀ྿࿀/>
<ကႠᄀᅀᆿᇀᇿሀሿቀቿኀዀዿጀጿፀ/>
<ᚿᛀក/>
<ᢿᣀ᧿ᨀᨿᩀ᪀/>
<ᰀ᰿᱀ᲀᴀᴿᵀᵿᶀᶿḀḿṀṿẀếỀỿ/>
<ἀἿὀᾀ᾿῀/>
<a⁰ⁿ₀₿℀ℿ⅀ⅿↀ/>
<ⰀⰿⱀⱿⲀⲿⳀ⳿ⴀⴿⵀⶀⷀⷿ/>
<⸀⸿⹀⺀⺿⻀⼀⼿⽀⽿⾀⾿⿀/>
<、みむむみむダㄿㆿ㇀ㇿ㈀㈿㋿㌀㏿/>

<㐀㐿㗿㘀㛀㛿㟀㟿/>
<㠀㠿㡀㤿㥀㨿㩀㬿㭀㯿/>
<㰀㰿㱀㶿㷀㼿㽀㾿㿀㿿/>
<䀀䀿䅀䅿䆀䊿䋀䍿䎀䏿/>
<䐀䕿䖀䙿䚀䝿䞀䟿/>
<䠀䢿䣀䧿䨀䪿䫀䬿䭀䯿/>
<䰀䱿䲀䴿䵀䶿䷀䷿一丿乀伿佀便俀俿/>
<倀忿怀濿瀀翿耀迿退/>
<ꀀꑿꒀ꒿꓀꓿ꔀꙀꟿꩿꪀꬿꭀꯀ가꿿/>
<뀀뚿뛀밿뱀뿿/>
<쀀쐿쑀엿였쟿저쩿쪀쿿/>
<퀀툿퉀퐿푀휿흀/>
<豈錄鹿ﬀנּﭿﮀﯿ﴿/>
<︿﹀ﹿﺿﻀ＿｀ｿﾀﺀﷰ/>
<�/>

<𐀀𐄀𐄿𐌀𐌿𐍀𐎿𐏀𐒀/>
<𒀀𒀿𒁀𒉿𒊀𒐀𒐿𒒀𒒿/>
<𗀀𗀿𗁀𗇿𗈀𗗿𗘀𗢿𗣀𗿿/>
<𛀀𛃿𝀀𝀿𝁀𝄀𝄿𝈀𝈿𝌀𝌿/>
<𞸀🀀🀿🂿🄀🄿🚀/>

<力>
<א/>
<س/>
<अ/>
<அ/>
<அ/>
<𐍑/>
<🪐/>
<😀/>
</力>

<ÀÖØöøÿĀĿŀſƀƿǀǿƀƿǀǿȀȿɀɿʀʿˀ˿/>
<ͰͽͿ΀οπϿ/>
<ЀпрѿҠҀҿӀӿԀԿՀտրֿ׀׿/>

<؀ؿـٿڀڿۀۿ/>
<܀ܿ݀݀ݿ/>
<ހ޿ހ޿/>
<ࠀ࠿ࡀࢿࣀࣿऀिीॿ/>
<ঀিী৿/>
<౿ൿවවເༀཀ྿࿀/>
<ကႠᄀᅀᆿᇀᇿሀሿቀቿኀዀዿጀጿፀ/>
<ᚿᛀក/>
<ᢿᣀ᧿ᨀᨿᩀ᪀/>
<ᰀ᰿᱀ᲀᴀᴿᵀᵿᶀᶿḀḿṀṿẀếỀỿ/>
<ἀἿὀᾀ᾿῀/>
<a⁰ⁿ₀₿℀ℿ⅀ⅿↀ/>
<ⰀⰿⱀⱿⲀⲿⳀ⳿ⴀⴿⵀⶀⷀⷿ/>
<⸀⸿⹀⺀⺿⻀⼀⼿⽀⽿⾀⾿⿀/>
<、みむむみむダㄿㆿ㇀ㇿ㈀㈿㋿㌀㏿/>

<㐀㐿㗿㘀㛀㛿㟀㟿/>
<㠀㠿㡀㤿㥀㨿㩀㬿㭀㯿/>
<㰀㰿㱀㶿㷀㼿㽀㾿㿀㿿/>
<䀀䀿䅀䅿䆀䊿䋀䍿䎀䏿/>
<䐀䕿䖀䙿䚀䝿䞀䟿/>
<䠀䢿䣀䧿䨀䪿䫀䬿䭀䯿/>
<䰀䱿䲀䴿䵀䶿䷀䷿一丿乀伿佀便俀俿/>
<倀忿怀濿瀀翿耀迿退/>
<ꀀꑿꒀ꒿꓀꓿ꔀꙀꟿꩿꪀꬿꭀꯀ가꿿/>
<뀀뚿뛀밿뱀뿿/>
<쀀쐿쑀엿였쟿저쩿쪀쿿/>
<퀀툿퉀퐿푀휿흀/>
<豈錄鹿ﬀנּﭿﮀﯿ﴿/>
<︿﹀ﹿﺿﻀ＿｀ｿﾀﺀﷰ/>
<�/>

<𐀀𐄀𐄿𐌀𐌿𐍀𐎿𐏀𐒀/>
<𒀀𒀿𒁀𒉿𒊀𒐀𒐿𒒀𒒿/>
<𗀀𗀿𗁀𗇿𗈀𗗿𗘀𗢿𗣀𗿿/>
<𛀀𛃿𝀀𝀿𝁀𝄀𝄿𝈀𝈿𝌀𝌿/>
<𞸀🀀🀿🂿🄀🄿🚀/>

<力>
<א/>
<س/>
<अ/>
<அ/>
<அ/>
<𐍑/>
<🪐/>
<😀/>
</力>

<ÀÖØöøÿĀĿŀſƀƿǀǿƀƿǀǿȀȿɀɿʀʿˀ˿/>
<ͰͽͿ΀οπϿ/>
<ЀпрѿҠҀҿӀӿԀԿՀտրֿ׀׿/>

<؀ؿـٿڀڿۀۿ/>
<܀ܿ݀݀ݿ/>
<ހ޿ހ޿/>
<ࠀ࠿ࡀࢿࣀࣿऀिीॿ/>
<ঀিী৿/>
<౿ൿවවເༀཀ྿࿀/>
<ကႠᄀᅀᆿᇀᇿሀሿቀቿኀዀዿጀጿፀ/>
<ᚿᛀក/>
<ᢿᣀ᧿ᨀᨿᩀ᪀/>
<ᰀ᰿᱀ᲀᴀᴿᵀᵿᶀᶿḀḿṀṿẀếỀỿ/>
<ἀἿὀᾀ᾿῀/>
<a⁰ⁿ₀₿℀ℿ⅀ⅿↀ/>
<ⰀⰿⱀⱿⲀⲿⳀ⳿ⴀⴿⵀⶀⷀⷿ/>
<⸀⸿⹀⺀⺿⻀⼀⼿⽀⽿⾀⾿⿀/>
<、みむむみむダㄿㆿ㇀ㇿ㈀㈿㋿㌀㏿/>

<㐀㐿㗿㘀㛀㛿㟀㟿/>
<㠀㠿㡀㤿㥀㨿㩀㬿㭀㯿/>
<㰀㰿㱀㶿㷀㼿㽀㾿㿀㿿/>
<䀀䀿䅀䅿䆀䊿䋀䍿䎀䏿/>
<䐀䕿䖀䙿䚀䝿䞀䟿/>
<䠀䢿䣀䧿䨀䪿䫀䬿䭀䯿/>
<䰀䱿䲀䴿䵀䶿䷀䷿一丿乀伿佀便俀俿/>
<倀忿怀濿瀀翿耀迿退/>
<ꀀꑿꒀ꒿꓀꓿ꔀꙀꟿꩿꪀꬿꭀꯀ가꿿/>
<뀀뚿뛀밿뱀뿿/>
<쀀쐿쑀엿였쟿저쩿쪀쿿/>
<퀀툿퉀퐿푀휿흀/>
<豈錄鹿ﬀנּﭿﮀﯿ﴿/>
<︿﹀ﹿﺿﻀ＿｀ｿﾀﺀﷰ/>
<�/>

<𐀀𐄀𐄿𐌀𐌿𐍀𐎿𐏀𐒀/>
<𒀀𒀿𒁀𒉿𒊀𒐀𒐿𒒀𒒿/>
<𗀀𗀿𗁀𗇿𗈀𗗿𗘀𗢿𗣀𗿿/>
<𛀀𛃿𝀀𝀿𝁀𝄀𝄿𝈀𝈿𝌀𝌿/>
<𞸀🀀🀿🂿🄀🄿🚀/>

<力>
<א/>
<س/>
<अ/>
<அ/>
<அ/>
<𐍑/>
<🪐/>
<😀/>
</力>

<ÀÖØöøÿĀĿŀſƀƿǀǿƀƿǀǿȀȿɀɿʀʿˀ˿/>
<ͰͽͿ΀οπϿ/>
<ЀпрѿҠҀҿӀӿԀԿՀտրֿ׀׿/>

<؀ؿـٿڀڿۀۿ/>
<܀ܿ݀݀ݿ/>
<ހ޿ހ޿/>
<ࠀ࠿ࡀࢿࣀࣿऀिीॿ/>
<ঀিী৿/>
<౿ൿවවເༀཀ྿࿀/>
<ကႠᄀᅀᆿᇀᇿሀሿቀቿኀዀዿጀጿፀ/>
<ᚿᛀក/>
<ᢿᣀ᧿ᨀᨿᩀ᪀/>
<ᰀ᰿᱀ᲀᴀᴿᵀᵿᶀᶿḀḿṀṿẀếỀỿ/>
<ἀἿὀᾀ᾿῀/>
<a⁰ⁿ₀₿℀ℿ⅀ⅿↀ/>
<ⰀⰿⱀⱿⲀⲿⳀ⳿ⴀⴿⵀⶀⷀⷿ/>
<⸀⸿⹀⺀⺿⻀⼀⼿⽀⽿⾀⾿⿀/>
<、みむむみむダㄿㆿ㇀ㇿ㈀㈿㋿㌀㏿/>

<㐀㐿㗿㘀㛀㛿㟀㟿/>
<㠀㠿㡀㤿㥀㨿㩀㬿㭀㯿/>
<㰀㰿㱀㶿㷀㼿㽀㾿㿀㿿/>
<䀀䀿䅀䅿䆀䊿䋀䍿䎀䏿/>
<䐀䕿䖀䙿䚀䝿䞀䟿/>
<䠀䢿䣀䧿䨀䪿䫀䬿䭀䯿/>
<䰀䱿䲀䴿䵀䶿䷀䷿一丿乀伿佀便俀俿/>
<倀忿怀濿瀀翿耀迿退/>
<ꀀꑿꒀ꒿꓀꓿ꔀꙀꟿꩿꪀꬿꭀꯀ가꿿/>
<뀀뚿뛀밿뱀뿿/>
<쀀쐿쑀엿였쟿저쩿쪀쿿/>
<퀀툿퉀퐿푀휿흀/>
<豈錄鹿ﬀנּﭿﮀﯿ﴿/>
<︿﹀ﹿﺿﻀ＿｀ｿﾀﺀﷰ/>
<�/>

<𐀀𐄀𐄿𐌀𐌿𐍀𐎿𐏀𐒀/>
<𒀀𒀿𒁀𒉿𒊀𒐀𒐿𒒀𒒿/>
<𗀀𗀿𗁀𗇿𗈀𗗿𗘀𗢿𗣀𗿿/>
<𛀀𛃿𝀀𝀿𝁀𝄀𝄿𝈀𝈿𝌀𝌿/>
<𞸀🀀🀿🂿🄀🄿🚀/>

<力>
<א/>
<س/>
<अ/>
<அ/>
<அ/>
<𐍑/>
<🪐/>
<😀/>
</力>

<ÀÖØöøÿĀĿŀſƀƿǀǿƀƿǀǿȀȿɀɿʀʿˀ˿/>
<ͰͽͿ΀οπϿ/>
<ЀпрѿҠҀҿӀӿԀԿՀտրֿ׀׿/>

<؀ؿـٿڀڿۀۿ/>
<܀ܿ݀݀ݿ/>
<ހ޿ހ޿/>
<ࠀ࠿ࡀࢿࣀࣿऀिीॿ/>
<ঀিী৿/>
<౿ൿවවເༀཀ྿࿀/>
<ကႠᄀᅀᆿᇀᇿሀሿቀቿኀዀዿጀጿፀ/>
<ᚿᛀក/>
<ᢿᣀ᧿ᨀᨿᩀ᪀/>
<ᰀ᰿᱀ᲀᴀᴿᵀᵿᶀᶿḀḿṀṿẀếỀỿ/>
<ἀἿὀᾀ᾿῀/>
<a⁰ⁿ₀₿℀ℿ⅀ⅿↀ/>
<ⰀⰿⱀⱿⲀⲿⳀ⳿ⴀⴿⵀⶀⷀⷿ/>
<⸀⸿⹀⺀⺿⻀⼀⼿⽀⽿⾀⾿⿀/>
<、みむむみむダㄿㆿ㇀ㇿ㈀㈿㋿㌀㏿/>

<㐀㐿㗿㘀㛀㛿㟀㟿/>
<㠀㠿㡀㤿㥀㨿㩀㬿㭀㯿/>
<㰀㰿㱀㶿㷀㼿㽀㾿㿀㿿/>
<䀀䀿䅀䅿䆀䊿䋀䍿䎀䏿/>
<䐀䕿䖀䙿䚀䝿䞀䟿/>
<䠀䢿䣀䧿䨀䪿䫀䬿䭀䯿/>
<䰀䱿䲀䴿䵀䶿䷀䷿一丿乀伿佀便俀俿/>
<倀忿怀濿瀀翿耀迿退/>
<ꀀꑿꒀ꒿꓀꓿ꔀꙀꟿꩿꪀꬿꭀꯀ가꿿/>
<뀀뚿뛀밿뱀뿿/>
<쀀쐿쑀엿였쟿저쩿쪀쿿/>
<퀀툿퉀퐿푀휿흀/>
<豈錄鹿ﬀנּﭿﮀﯿ﴿/>
<︿﹀ﹿﺿﻀ＿｀ｿﾀﺀﷰ/>
<�/>

<𐀀𐄀𐄿𐌀𐌿𐍀𐎿𐏀𐒀/>
<𒀀𒀿𒁀𒉿𒊀𒐀𒐿𒒀𒒿/>
<𗀀𗀿𗁀𗇿𗈀𗗿𗘀𗢿𗣀𗿿/>
<𛀀𛃿𝀀𝀿𝁀𝄀𝄿𝈀𝈿𝌀𝌿/>
<𞸀🀀🀿🂿🄀🄿🚀/>

<力>
<א/>
<س/>
<अ/>
<அ/>
<அ/>
<𐍑/>
<🪐/>
<😀/>
</力>

<ÀÖØöøÿĀĿŀſƀƿǀǿƀƿǀǿȀȿɀɿʀʿˀ˿/>
<ͰͽͿ΀οπϿ/>
<ЀпрѿҠҀҿӀӿԀԿՀտրֿ׀׿/>

<؀ؿـٿڀڿۀۿ/>
<܀ܿ݀݀ݿ/>
<ހ޿ހ޿/>
<ࠀ࠿ࡀࢿࣀࣿऀिीॿ/>
<ঀিী৿/>
<౿ൿවවເༀཀ྿࿀/>
<ကႠᄀᅀᆿᇀᇿሀሿቀቿኀዀዿጀጿፀ/>
<ᚿᛀក/>
<ᢿᣀ᧿ᨀᨿᩀ᪀/>
<ᰀ᰿᱀ᲀᴀᴿᵀᵿᶀᶿḀḿṀṿẀếỀỿ/>
<ἀἿὀᾀ᾿῀/>
<a⁰ⁿ₀₿℀ℿ⅀ⅿↀ/>
<ⰀⰿⱀⱿⲀⲿⳀ⳿ⴀⴿⵀⶀⷀⷿ/>
<⸀⸿⹀⺀⺿⻀⼀⼿⽀⽿⾀⾿⿀/>
<、みむむみむダㄿㆿ㇀ㇿ㈀㈿㋿㌀㏿/>

<㐀㐿㗿㘀㛀㛿㟀㟿/>
<㠀㠿㡀㤿㥀㨿㩀㬿㭀㯿/>
<㰀㰿㱀㶿㷀㼿㽀㾿㿀㿿/>
<䀀䀿䅀䅿䆀䊿䋀䍿䎀䏿/>
<䐀䕿䖀䙿䚀䝿䞀䟿/>
<䠀䢿䣀䧿䨀䪿䫀䬿䭀䯿/>
<䰀䱿䲀䴿䵀䶿䷀䷿一丿乀伿佀便俀俿/>
<倀忿怀濿瀀翿耀迿退/>
<ꀀꑿꒀ꒿꓀꓿ꔀꙀꟿꩿꪀꬿꭀꯀ가꿿/>
<뀀뚿뛀밿뱀뿿/>
<쀀쐿쑀엿였쟿저쩿쪀쿿/>
<퀀툿퉀퐿푀휿흀/>
<豈錄鹿ﬀנּﭿﮀﯿ﴿/>
<︿﹀ﹿﺿﻀ＿｀ｿﾀﺀﷰ/>
<�/>

<𐀀𐄀𐄿𐌀𐌿𐍀𐎿𐏀𐒀/>
<𒀀𒀿𒁀𒉿𒊀𒐀𒐿𒒀𒒿/>
<𗀀𗀿𗁀𗇿𗈀𗗿𗘀𗢿𗣀𗿿/>
<𛀀𛃿𝀀𝀿𝁀𝄀𝄿𝈀𝈿𝌀𝌿/>
<𞸀🀀🀿🂿🄀🄿🚀/>

<力>
<א/>
<س/>
<अ/>
<அ/>
<அ/>
<𐍑/>
<🪐/>
<😀/>
</力>

<ÀÖØöøÿĀĿŀſƀƿǀǿƀƿǀǿȀȿɀɿʀʿˀ˿/>
<ͰͽͿ΀οπϿ/>
<ЀпрѿҠҀҿӀӿԀԿՀտրֿ׀׿/>

<؀ؿـٿڀڿۀۿ/>
<܀ܿ݀݀ݿ/>
<ހ޿ހ޿/>
<ࠀ࠿ࡀࢿࣀࣿऀिीॿ/>
<ঀিী৿/>
<౿ൿවවເༀཀ྿࿀/>
<ကႠᄀᅀᆿᇀᇿሀሿቀቿኀዀዿጀጿፀ/>
<ᚿᛀក/>
<ᢿᣀ᧿ᨀᨿᩀ᪀/>
<ᰀ᰿᱀ᲀᴀᴿᵀᵿᶀᶿḀḿṀṿẀếỀỿ/>
<ἀἿὀᾀ᾿῀/>
<a⁰ⁿ₀₿℀ℿ⅀ⅿↀ/>
<ⰀⰿⱀⱿⲀⲿⳀ⳿ⴀⴿⵀⶀⷀⷿ/>
<⸀⸿⹀⺀⺿⻀⼀⼿⽀⽿⾀⾿⿀/>
<、みむむみむダㄿㆿ㇀ㇿ㈀㈿㋿㌀㏿/>

<㐀㐿㗿㘀㛀㛿㟀㟿/>
<㠀㠿㡀㤿㥀㨿㩀㬿㭀㯿/>
<㰀㰿㱀㶿㷀㼿㽀㾿㿀㿿/>
<䀀䀿䅀䅿䆀䊿䋀䍿䎀䏿/>
<䐀䕿䖀䙿䚀䝿䞀䟿/>
<䠀䢿䣀䧿䨀䪿䫀䬿䭀䯿/>
<䰀䱿䲀䴿䵀䶿䷀䷿一丿乀伿佀便俀俿/>
<倀忿怀濿瀀翿耀迿退/>
<ꀀꑿꒀ꒿꓀꓿ꔀꙀꟿꩿꪀꬿꭀꯀ가꿿/>
<뀀뚿뛀밿뱀뿿/>
<쀀쐿쑀엿였쟿저쩿쪀쿿/>
<퀀툿퉀퐿푀휿흀/>
<豈錄鹿ﬀנּﭿﮀﯿ﴿/>
<︿﹀ﹿﺿﻀ＿｀ｿﾀﺀﷰ/>
<�/>

<𐀀𐄀𐄿𐌀𐌿𐍀𐎿𐏀𐒀/>
<𒀀𒀿𒁀𒉿𒊀𒐀𒐿𒒀𒒿/>
<𗀀𗀿𗁀𗇿𗈀𗗿𗘀𗢿𗣀𗿿/>
<𛀀𛃿𝀀𝀿𝁀𝄀𝄿𝈀𝈿𝌀𝌿/>
<𞸀🀀🀿🂿🄀🄿🚀/>

<力>
<א/>
<س/>
<अ/>
<அ/>
<அ/>
<𐍑/>
<🪐/>
<😀/>
</力>

<ÀÖØöøÿĀĿŀſƀƿǀǿƀƿǀǿȀȿɀɿʀʿˀ˿/>
<ͰͽͿ΀οπϿ/>
<ЀпрѿҠҀҿӀӿԀԿՀտրֿ׀׿/>

<؀ؿـٿڀڿۀۿ/>
<܀ܿ݀݀ݿ/>
<ހ޿ހ޿/>
<ࠀ࠿ࡀࢿࣀࣿऀिीॿ/>
<ঀিী৿/>
<౿ൿවවເༀཀ྿࿀/>
<ကႠᄀᅀᆿᇀᇿሀሿቀቿኀዀዿጀጿፀ/>
<ᚿᛀក/>
<ᢿᣀ᧿ᨀᨿᩀ᪀/>
<ᰀ᰿᱀ᲀᴀᴿᵀᵿᶀᶿḀḿṀṿẀếỀỿ/>
<ἀἿὀᾀ᾿῀/>
<a⁰ⁿ₀₿℀ℿ⅀ⅿↀ/>
<ⰀⰿⱀⱿⲀⲿⳀ⳿ⴀⴿⵀⶀⷀⷿ/>
<⸀⸿⹀⺀⺿⻀⼀⼿⽀⽿⾀⾿⿀/>
<、みむむみむダㄿㆿ㇀ㇿ㈀㈿㋿㌀㏿/>

<㐀㐿㗿㘀㛀㛿㟀㟿/>
<㠀㠿㡀㤿㥀㨿㩀㬿㭀㯿/>
<㰀㰿㱀㶿㷀㼿㽀㾿㿀㿿/>
<䀀䀿䅀䅿䆀䊿䋀䍿䎀䏿/>
<䐀䕿䖀䙿䚀䝿䞀䟿/>
<䠀䢿䣀䧿䨀䪿䫀䬿䭀䯿/>
<䰀䱿䲀䴿䵀䶿䷀䷿一丿乀伿佀便俀俿/>
<倀忿怀濿瀀翿耀迿退/>
<ꀀꑿꒀ꒿꓀꓿ꔀꙀꟿꩿꪀꬿꭀꯀ가꿿/>
<뀀뚿뛀밿뱀뿿/>
<쀀쐿쑀엿였쟿저쩿쪀쿿/>
<퀀툿퉀퐿푀휿흀/>
<豈錄鹿ﬀנּﭿﮀﯿ﴿/>
<︿﹀ﹿﺿﻀ＿｀ｿﾀﺀﷰ/>
<�/>

<𐀀𐄀𐄿𐌀𐌿𐍀𐎿𐏀𐒀/>
<𒀀𒀿𒁀𒉿𒊀𒐀𒐿𒒀𒒿/>
<𗀀𗀿𗁀𗇿𗈀𗗿𗘀𗢿𗣀𗿿/>
<𛀀𛃿𝀀𝀿𝁀𝄀𝄿𝈀𝈿𝌀𝌿/>
<𞸀🀀🀿🂿🄀🄿🚀/>

<力>
<א/>
<س/>
<अ/>
<அ/>
<அ/>
<𐍑/>
<🪐/>
<😀/>
</力>

<ÀÖØöøÿĀĿŀſƀƿǀǿƀƿǀǿȀȿɀɿʀʿˀ˿/>
<ͰͽͿ΀οπϿ/>
<ЀпрѿҠҀҿӀӿԀԿՀտրֿ׀׿/>

<؀ؿـٿڀڿۀۿ/>
<܀ܿ݀݀ݿ/>
<ހ޿ހ޿/>
<ࠀ࠿ࡀࢿࣀࣿऀिीॿ/>
<ঀিী৿/>
<౿ൿවවເༀཀ྿࿀/>
<ကႠᄀᅀᆿᇀᇿሀሿቀቿኀዀዿጀጿፀ/>
<ᚿᛀក/>
<ᢿᣀ᧿ᨀᨿᩀ᪀/>
<ᰀ᰿᱀ᲀᴀᴿᵀᵿᶀᶿḀḿṀṿẀếỀỿ/>
<ἀἿὀᾀ᾿῀/>
<a⁰ⁿ₀₿℀ℿ⅀ⅿↀ/>
<ⰀⰿⱀⱿⲀⲿⳀ⳿ⴀⴿⵀⶀⷀⷿ/>
<⸀⸿⹀⺀⺿⻀⼀⼿⽀⽿⾀⾿⿀/>
<、みむむみむダㄿㆿ㇀ㇿ㈀㈿㋿㌀㏿/>

<㐀㐿㗿㘀㛀㛿㟀㟿/>
<㠀㠿㡀㤿㥀㨿㩀㬿㭀㯿/>
<㰀㰿㱀㶿㷀㼿㽀㾿㿀㿿/>
<䀀䀿䅀䅿䆀䊿䋀䍿䎀䏿/>
<䐀䕿䖀䙿䚀䝿䞀䟿/>
<䠀䢿䣀䧿䨀䪿䫀䬿䭀䯿/>
<䰀䱿䲀䴿䵀䶿䷀䷿一丿乀伿佀便俀俿/>
<倀忿怀濿瀀翿耀迿退/>
<ꀀꑿꒀ꒿꓀꓿ꔀꙀꟿꩿꪀꬿꭀꯀ가꿿/>
<뀀뚿뛀밿뱀뿿/>
<쀀쐿쑀엿였쟿저쩿쪀쿿/>
<퀀툿퉀퐿푀휿흀/>
<豈錄鹿ﬀנּﭿﮀﯿ﴿/>
<︿﹀ﹿﺿﻀ＿｀ｿﾀﺀﷰ/>
<�/>

<𐀀𐄀𐄿𐌀𐌿𐍀𐎿𐏀𐒀/>
<𒀀𒀿𒁀𒉿𒊀𒐀𒐿𒒀𒒿/>
<𗀀𗀿𗁀𗇿𗈀𗗿𗘀𗢿𗣀𗿿/>
<𛀀𛃿𝀀𝀿𝁀𝄀𝄿𝈀𝈿𝌀𝌿/>
<𞸀🀀🀿🂿🄀🄿🚀/>

<力>
<א/>
<س/>
<अ/>
<அ/>
<அ/>
<𐍑/>
<🪐/>
<😀/>
</力>

<ÀÖØöøÿĀĿŀſƀƿǀǿƀƿǀǿȀȿɀɿʀʿˀ˿/>
<ͰͽͿ΀οπϿ/>
<ЀпрѿҠҀҿӀӿԀԿՀտրֿ׀׿/>

<؀ؿـٿڀڿۀۿ/>
<܀ܿ݀݀ݿ/>
<ހ޿ހ޿/>
<ࠀ࠿ࡀࢿࣀࣿऀिीॿ/>
<ঀিী৿/>
<౿ൿවවເༀཀ྿࿀/>
<ကႠᄀᅀᆿᇀᇿሀሿቀቿኀዀዿጀጿፀ/>
<ᚿᛀក/>
<ᢿᣀ᧿ᨀᨿᩀ᪀/>
<ᰀ᰿᱀ᲀᴀᴿᵀᵿᶀᶿḀḿṀṿẀếỀỿ/>
<ἀἿὀᾀ᾿῀/>
<a⁰ⁿ₀₿℀ℿ⅀ⅿↀ/>
<ⰀⰿⱀⱿⲀⲿⳀ⳿ⴀⴿⵀⶀⷀⷿ/>
<⸀⸿⹀⺀⺿⻀⼀⼿⽀⽿⾀⾿⿀/>
<、みむむみむダㄿㆿ㇀ㇿ㈀㈿㋿㌀㏿/>

<㐀㐿㗿㘀㛀㛿㟀㟿/>
<㠀㠿㡀㤿㥀㨿㩀㬿㭀㯿/>
<㰀㰿㱀㶿㷀㼿㽀㾿㿀㿿/>
<䀀䀿䅀䅿䆀䊿䋀䍿䎀䏿/>
<䐀䕿䖀䙿䚀䝿䞀䟿/>
<䠀䢿䣀䧿䨀䪿䫀䬿䭀䯿/>
<䰀䱿䲀䴿䵀䶿䷀䷿一丿乀伿佀便俀俿/>
<倀忿怀濿瀀翿耀迿退/>
<ꀀꑿꒀ꒿꓀꓿ꔀꙀꟿꩿꪀꬿꭀꯀ가꿿/>
<뀀뚿뛀밿뱀뿿/>
<쀀쐿쑀엿였쟿저쩿쪀쿿/>
<퀀툿퉀퐿푀휿흀/>
<豈錄鹿ﬀנּﭿﮀﯿ﴿/>
<︿﹀ﹿﺿﻀ＿｀ｿﾀﺀﷰ/>
<�/>

<𐀀𐄀𐄿𐌀𐌿𐍀𐎿𐏀𐒀/>
<𒀀𒀿𒁀𒉿𒊀𒐀𒐿𒒀𒒿/>
<𗀀𗀿𗁀𗇿𗈀𗗿𗘀𗢿𗣀𗿿/>
<𛀀𛃿𝀀𝀿𝁀𝄀𝄿𝈀𝈿𝌀𝌿/>
<𞸀🀀🀿🂿🄀🄿🚀/>

<力>
<א/>
<س/>
<अ/>
<அ/>
<அ/>
<𐍑/>
<🪐/>
<😀/>
</力>

<ÀÖØöøÿĀĿŀſƀƿǀǿƀƿǀǿȀȿɀɿʀʿˀ˿/>
<ͰͽͿ΀οπϿ/>
<ЀпрѿҠҀҿӀӿԀԿՀտրֿ׀׿/>

<؀ؿـٿڀڿۀۿ/>
<܀ܿ݀݀ݿ/>
<ހ޿ހ޿/>
<ࠀ࠿ࡀࢿࣀࣿऀिीॿ/>
<ঀিী৿/>
<౿ൿවවເༀཀ྿࿀/>
<ကႠᄀᅀᆿᇀᇿሀሿቀቿኀዀዿጀጿፀ/>
<ᚿᛀក/>
<ᢿᣀ᧿ᨀᨿᩀ᪀/>
<ᰀ᰿᱀ᲀᴀᴿᵀᵿᶀᶿḀḿṀṿẀếỀỿ/>
<ἀἿὀᾀ᾿῀/>
<a⁰ⁿ₀₿℀ℿ⅀ⅿↀ/>
<ⰀⰿⱀⱿⲀⲿⳀ⳿ⴀⴿⵀⶀⷀⷿ/>
<⸀⸿⹀⺀⺿⻀⼀⼿⽀⽿⾀⾿⿀/>
<、みむむみむダㄿㆿ㇀ㇿ㈀㈿㋿㌀㏿/>

<㐀㐿㗿㘀㛀㛿㟀㟿/>
<㠀㠿㡀㤿㥀㨿㩀㬿㭀㯿/>
<㰀㰿㱀㶿㷀㼿㽀㾿㿀㿿/>
<䀀䀿䅀䅿䆀䊿䋀䍿䎀䏿/>
<䐀䕿䖀䙿䚀䝿䞀䟿/>
<䠀䢿䣀䧿䨀䪿䫀䬿䭀䯿/>
<䰀䱿䲀䴿䵀䶿䷀䷿一丿乀伿佀便俀俿/>
<倀忿怀濿瀀翿耀迿退/>
<ꀀꑿꒀ꒿꓀꓿ꔀꙀꟿꩿꪀꬿꭀꯀ가꿿/>
<뀀뚿뛀밿뱀뿿/>
<쀀쐿쑀엿였쟿저쩿쪀쿿/>
<퀀툿퉀퐿푀휿흀/>
<豈錄鹿ﬀנּﭿﮀﯿ﴿/>
<︿﹀ﹿﺿﻀ＿｀ｿﾀﺀﷰ/>
<�/>

<𐀀𐄀𐄿𐌀𐌿𐍀𐎿𐏀𐒀/>
<𒀀𒀿𒁀𒉿𒊀𒐀𒐿𒒀𒒿/>
<𗀀𗀿𗁀𗇿𗈀𗗿𗘀𗢿𗣀𗿿/>
<𛀀𛃿𝀀𝀿𝁀𝄀𝄿𝈀𝈿𝌀𝌿/>
<𞸀🀀🀿🂿🄀🄿🚀/>

<力>
<א/>
<س/>
<अ/>
<அ/>
<அ/>
<𐍑/>
<🪐/>
<😀/>
</力>

<ÀÖØöøÿĀĿŀſƀƿǀǿƀƿǀǿȀȿɀɿʀʿˀ˿/>
<ͰͽͿ΀οπϿ/>
<ЀпрѿҠҀҿӀӿԀԿՀտրֿ׀׿/>

<؀ؿـٿڀڿۀۿ/>
<܀ܿ݀݀ݿ/>
<ހ޿ހ޿/>
<ࠀ࠿ࡀࢿࣀࣿऀिीॿ/>
<ঀিী৿/>
<౿ൿවවເༀཀ྿࿀/>
<ကႠᄀᅀᆿᇀᇿሀሿቀቿኀዀዿጀጿፀ/>
<ᚿᛀក/>
<ᢿᣀ᧿ᨀᨿᩀ᪀/>
<ᰀ᰿᱀ᲀᴀᴿᵀᵿᶀᶿḀḿṀṿẀếỀỿ/>
<ἀἿὀᾀ᾿῀/>
<a⁰ⁿ₀₿℀ℿ⅀ⅿↀ/>
<ⰀⰿⱀⱿⲀⲿⳀ⳿ⴀⴿⵀⶀⷀⷿ/>
<⸀⸿⹀⺀⺿⻀⼀⼿⽀⽿⾀⾿⿀/>
<、みむむみむダㄿㆿ㇀ㇿ㈀㈿㋿㌀㏿/>

<㐀㐿㗿㘀㛀㛿㟀㟿/>
<㠀㠿㡀㤿㥀㨿㩀㬿㭀㯿/>
<㰀㰿㱀㶿㷀㼿㽀㾿㿀㿿/>
<䀀䀿䅀䅿䆀䊿䋀䍿䎀䏿/>
<䐀䕿䖀䙿䚀䝿䞀䟿/>
<䠀䢿䣀䧿䨀䪿䫀䬿䭀䯿/>
<䰀䱿䲀䴿䵀䶿䷀䷿一丿乀伿佀便俀俿/>
<倀忿怀濿瀀翿耀迿退/>
<ꀀꑿꒀ꒿꓀꓿ꔀꙀꟿꩿꪀꬿꭀꯀ가꿿/>
<뀀뚿뛀밿뱀뿿/>
<쀀쐿쑀엿였쟿저쩿쪀쿿/>
<퀀툿퉀퐿푀휿흀/>
<豈錄鹿ﬀנּﭿﮀﯿ﴿/>
<︿﹀ﹿﺿﻀ＿｀ｿﾀﺀﷰ/>
<�/>

<𐀀𐄀𐄿𐌀𐌿𐍀𐎿𐏀𐒀/>
<𒀀𒀿𒁀𒉿𒊀𒐀𒐿𒒀𒒿/>
<𗀀𗀿𗁀𗇿𗈀𗗿𗘀𗢿𗣀𗿿/>
<𛀀𛃿𝀀𝀿𝁀𝄀𝄿𝈀𝈿𝌀𝌿/>
<𞸀🀀🀿🂿🄀🄿🚀/>

<力>
<א/>
<س/>
<अ/>
<அ/>
<அ/>
<𐍑/>
<🪐/>
<😀/>
</力>

<ÀÖØöøÿĀĿŀſƀƿǀǿƀƿǀǿȀȿɀɿʀʿˀ˿/>
<ͰͽͿ΀οπϿ/>
<ЀпрѿҠҀҿӀӿԀԿՀտրֿ׀׿/>

<؀ؿـٿڀڿۀۿ/>
<܀ܿ݀݀ݿ/>
<ހ޿ހ޿/>
<ࠀ࠿ࡀࢿࣀࣿऀिीॿ/>
<ঀিী৿/>
<౿ൿවවເༀཀ྿࿀/>
<ကႠᄀᅀᆿᇀᇿሀሿቀቿኀዀዿጀጿፀ/>
<ᚿᛀក/>
<ᢿᣀ᧿ᨀᨿᩀ᪀/>
<ᰀ᰿᱀ᲀᴀᴿᵀᵿᶀᶿḀḿṀṿẀếỀỿ/>
<ἀἿὀᾀ᾿῀/>
<a⁰ⁿ₀₿℀ℿ⅀ⅿↀ/>
<ⰀⰿⱀⱿⲀⲿⳀ⳿ⴀⴿⵀⶀⷀⷿ/>
<⸀⸿⹀⺀⺿⻀⼀⼿⽀⽿⾀⾿⿀/>
<、みむむみむダㄿㆿ㇀ㇿ㈀㈿㋿㌀㏿/>

<㐀㐿㗿㘀㛀㛿㟀㟿/>
<㠀㠿㡀㤿㥀㨿㩀㬿㭀㯿/>
<㰀㰿㱀㶿㷀㼿㽀㾿㿀㿿/>
<䀀䀿䅀䅿䆀䊿䋀䍿䎀䏿/>
<䐀䕿䖀䙿䚀䝿䞀䟿/>
<䠀䢿䣀䧿䨀䪿䫀䬿䭀䯿/>
<䰀䱿䲀䴿䵀䶿䷀䷿一丿乀伿佀便俀俿/>
<倀忿怀濿瀀翿耀迿退/>
<ꀀꑿꒀ꒿꓀꓿ꔀꙀꟿꩿꪀꬿꭀꯀ가꿿/>
<뀀뚿뛀밿뱀뿿/>
<쀀쐿쑀엿였쟿저쩿쪀쿿/>
<퀀툿퉀퐿푀휿흀/>
<豈錄鹿ﬀנּﭿﮀﯿ﴿/>
<︿﹀ﹿﺿﻀ＿｀ｿﾀﺀﷰ/>
<�/>

<𐀀𐄀𐄿𐌀𐌿𐍀𐎿𐏀𐒀/>
<𒀀𒀿𒁀𒉿𒊀𒐀𒐿𒒀𒒿/>
<𗀀𗀿𗁀𗇿𗈀𗗿𗘀𗢿𗣀𗿿/>
<𛀀𛃿𝀀𝀿𝁀𝄀𝄿𝈀𝈿𝌀𝌿/>
<𞸀🀀🀿🂿🄀🄿🚀/>

<力>
<א/>
<س/>
<अ/>
<அ/>
<அ/>
<𐍑/>
<🪐/>
<😀/>
</力>

<ÀÖØöøÿĀĿŀſƀƿǀǿƀƿǀǿȀȿɀɿʀʿˀ˿/>
<ͰͽͿ΀οπϿ/>
<ЀпрѿҠҀҿӀӿԀԿՀտրֿ׀׿/>

<؀ؿـٿڀڿۀۿ/>
<܀ܿ݀݀ݿ/>
<ހ޿ހ޿/>
<ࠀ࠿ࡀࢿࣀࣿऀिीॿ/>
<ঀিী৿/>
<౿ൿවවເༀཀ྿࿀/>
<ကႠᄀᅀᆿᇀᇿሀሿቀቿኀዀዿጀጿፀ/>
<ᚿᛀក/>
<ᢿᣀ᧿ᨀᨿᩀ᪀/>
<ᰀ᰿᱀ᲀᴀᴿᵀᵿᶀᶿḀḿṀṿẀếỀỿ/>
<ἀἿὀᾀ᾿῀/>
<a⁰ⁿ₀₿℀ℿ⅀ⅿↀ/>
<ⰀⰿⱀⱿⲀⲿⳀ⳿ⴀⴿⵀⶀⷀⷿ/>
<⸀⸿⹀⺀⺿⻀⼀⼿⽀⽿⾀⾿⿀/>
<、みむむみむダㄿㆿ㇀ㇿ㈀㈿㋿㌀㏿/>

<㐀㐿㗿㘀㛀㛿㟀㟿/>
<㠀㠿㡀㤿㥀㨿㩀㬿㭀㯿/>
<㰀㰿㱀㶿㷀㼿㽀㾿㿀㿿/>
<䀀䀿䅀䅿䆀䊿䋀䍿䎀䏿/>
<䐀䕿䖀䙿䚀䝿䞀䟿/>
<䠀䢿䣀䧿䨀䪿䫀䬿䭀䯿/>
<䰀䱿䲀䴿䵀䶿䷀䷿一丿乀伿佀便俀俿/>
<倀忿怀濿瀀翿耀迿退/>
<ꀀꑿꒀ꒿꓀꓿ꔀꙀꟿꩿꪀꬿꭀꯀ가꿿/>
<뀀뚿뛀밿뱀뿿/>
<쀀쐿쑀엿였쟿저쩿쪀쿿/>
<퀀툿퉀퐿푀휿흀/>
<豈錄鹿ﬀנּﭿﮀﯿ﴿/>
<︿﹀ﹿﺿﻀ＿｀ｿﾀﺀﷰ/>
<�/>

<𐀀𐄀𐄿𐌀𐌿𐍀𐎿𐏀𐒀/>
<𒀀𒀿𒁀𒉿𒊀𒐀𒐿𒒀𒒿/>
<𗀀𗀿𗁀𗇿𗈀𗗿𗘀𗢿𗣀𗿿/>
<𛀀𛃿𝀀𝀿𝁀𝄀𝄿𝈀𝈿𝌀𝌿/>
<𞸀🀀🀿🂿🄀🄿🚀/>

<力>
<א/>
<س/>
<अ/>
<அ/>
<அ/>
<𐍑/>
<🪐/>
<😀/>
</力>

<ÀÖØöøÿĀĿŀſƀƿǀǿƀƿǀǿȀȿɀɿʀʿˀ˿/>
<ͰͽͿ΀οπϿ/>
<ЀпрѿҠҀҿӀӿԀԿՀտրֿ׀׿/>

<؀ؿـٿڀڿۀۿ/>
<܀ܿ݀݀ݿ/>
<ހ޿ހ޿/>
<ࠀ࠿ࡀࢿࣀࣿऀिीॿ/>
<ঀিী৿/>
<౿ൿවවເༀཀ྿࿀/>
<ကႠᄀᅀᆿᇀᇿሀሿቀቿኀዀዿጀጿፀ/>
<ᚿᛀក/>
<ᢿᣀ᧿ᨀᨿᩀ᪀/>
<ᰀ᰿᱀ᲀᴀᴿᵀᵿᶀᶿḀḿṀṿẀếỀỿ/>
<ἀἿὀᾀ᾿῀/>
<a⁰ⁿ₀₿℀ℿ⅀ⅿↀ/>
<ⰀⰿⱀⱿⲀⲿⳀ⳿ⴀⴿⵀⶀⷀⷿ/>
<⸀⸿⹀⺀⺿⻀⼀⼿⽀⽿⾀⾿⿀/>
<、みむむみむダㄿㆿ㇀ㇿ㈀㈿㋿㌀㏿/>

<㐀㐿㗿㘀㛀㛿㟀㟿/>
<㠀㠿㡀㤿㥀㨿㩀㬿㭀㯿/>
<㰀㰿㱀㶿㷀㼿㽀㾿㿀㿿/>
<䀀䀿䅀䅿䆀䊿䋀䍿䎀䏿/>
<䐀䕿䖀䙿䚀䝿䞀䟿/>
<䠀䢿䣀䧿䨀䪿䫀䬿䭀䯿/>
<䰀䱿䲀䴿䵀䶿䷀䷿一丿乀伿佀便俀俿/>
<倀忿怀濿瀀翿耀迿退/>
<ꀀꑿꒀ꒿꓀꓿ꔀꙀꟿꩿꪀꬿꭀꯀ가꿿/>
<뀀뚿뛀밿뱀뿿/>
<쀀쐿쑀엿였쟿저쩿쪀쿿/>
<퀀툿퉀퐿푀휿흀/>
<豈錄鹿ﬀנּﭿﮀﯿ﴿/>
<︿﹀ﹿﺿﻀ＿｀ｿﾀﺀﷰ/>
<�/>

<𐀀𐄀𐄿𐌀𐌿𐍀𐎿𐏀𐒀/>
<𒀀𒀿𒁀𒉿𒊀𒐀𒐿𒒀𒒿/>
<𗀀𗀿𗁀𗇿𗈀𗗿𗘀𗢿𗣀𗿿/>
<𛀀𛃿𝀀𝀿𝁀𝄀𝄿𝈀𝈿𝌀𝌿/>
<𞸀🀀🀿🂿🄀🄿🚀/>

<力>
<א/>
<س/>
<अ/>
<அ/>
<அ/>
<𐍑/>
<🪐/>
<😀/>
</力>

<ÀÖØöøÿĀĿŀſƀƿǀǿƀƿǀǿȀȿɀɿʀʿˀ˿/>
<ͰͽͿ΀οπϿ/>
<ЀпрѿҠҀҿӀӿԀԿՀտրֿ׀׿/>

<؀ؿـٿڀڿۀۿ/>
<܀ܿ݀݀ݿ/>
<ހ޿ހ޿/>
<ࠀ࠿ࡀࢿࣀࣿऀिीॿ/>
<ঀিী৿/>
<౿ൿවවເༀཀ྿࿀/>
<ကႠᄀᅀᆿᇀᇿሀሿቀቿኀዀዿጀጿፀ/>
<ᚿᛀក/>
<ᢿᣀ᧿ᨀᨿᩀ᪀/>
<ᰀ᰿᱀ᲀᴀᴿᵀᵿᶀᶿḀḿṀṿẀếỀỿ/>
<ἀἿὀᾀ᾿῀/>
<a⁰ⁿ₀₿℀ℿ⅀ⅿↀ/>
<ⰀⰿⱀⱿⲀⲿⳀ⳿ⴀⴿⵀⶀⷀⷿ/>
<⸀⸿⹀⺀⺿⻀⼀⼿⽀⽿⾀⾿⿀/>
<、みむむみむダㄿㆿ㇀ㇿ㈀㈿㋿㌀㏿/>

<㐀㐿㗿㘀㛀㛿㟀㟿/>
<㠀㠿㡀㤿㥀㨿㩀㬿㭀㯿/>
<㰀㰿㱀㶿㷀㼿㽀㾿㿀㿿/>
<䀀䀿䅀䅿䆀䊿䋀䍿䎀䏿/>
<䐀䕿䖀䙿䚀䝿䞀䟿/>
<䠀䢿䣀䧿䨀䪿䫀䬿䭀䯿/>
<䰀䱿䲀䴿䵀䶿䷀䷿一丿乀伿佀便俀俿/>
<倀忿怀濿瀀翿耀迿退/>
<ꀀꑿꒀ꒿꓀꓿ꔀꙀꟿꩿꪀꬿꭀꯀ가꿿/>
<뀀뚿뛀밿뱀뿿/>
<쀀쐿쑀엿였쟿저쩿쪀쿿/>
<퀀툿퉀퐿푀휿흀/>
<豈錄鹿ﬀנּﭿﮀﯿ﴿/>
<︿﹀ﹿﺿﻀ＿｀ｿﾀﺀﷰ/>
<�/>

<𐀀𐄀𐄿𐌀𐌿𐍀𐎿𐏀𐒀/>
<𒀀𒀿𒁀𒉿𒊀𒐀𒐿𒒀𒒿/>
<𗀀𗀿𗁀𗇿𗈀𗗿𗘀𗢿𗣀𗿿/>
<𛀀𛃿𝀀𝀿𝁀𝄀𝄿𝈀𝈿𝌀𝌿/>
<𞸀🀀🀿🂿🄀🄿🚀/>

<力>
<א/>
<س/>
<अ/>
<அ/>
<அ/>
<𐍑/>
<🪐/>
<😀/>
</力>

<ÀÖØöøÿĀĿŀſƀƿǀǿƀƿǀǿȀȿɀɿʀʿˀ˿/>
<ͰͽͿ΀οπϿ/>
<ЀпрѿҠҀҿӀӿԀԿՀտրֿ׀׿/>

<؀ؿـٿڀڿۀۿ/>
<܀ܿ݀݀ݿ/>
<ހ޿ހ޿/>
<ࠀ࠿ࡀࢿࣀࣿऀिीॿ/>
<ঀিী৿/>
<౿ൿවවເༀཀ྿࿀/>
<ကႠᄀᅀᆿᇀᇿሀሿቀቿኀዀዿጀጿፀ/>
<ᚿᛀក/>
<ᢿᣀ᧿ᨀᨿᩀ᪀/>
<ᰀ᰿᱀ᲀᴀᴿᵀᵿᶀᶿḀḿṀṿẀếỀỿ/>
<ἀἿὀᾀ᾿῀/>
<a⁰ⁿ₀₿℀ℿ⅀ⅿↀ/>
<ⰀⰿⱀⱿⲀⲿⳀ⳿ⴀⴿⵀⶀⷀⷿ/>
<⸀⸿⹀⺀⺿⻀⼀⼿⽀⽿⾀⾿⿀/>
<、みむむみむダㄿㆿ㇀ㇿ㈀㈿㋿㌀㏿/>

<㐀㐿㗿㘀㛀㛿㟀㟿/>
<㠀㠿㡀㤿㥀㨿㩀㬿㭀㯿/>
<㰀㰿㱀㶿㷀㼿㽀㾿㿀㿿/>
<䀀䀿䅀䅿䆀䊿䋀䍿䎀䏿/>
<䐀䕿䖀䙿䚀䝿䞀䟿/>
<䠀䢿䣀䧿䨀䪿䫀䬿䭀䯿/>
<䰀䱿䲀䴿䵀䶿䷀䷿一丿乀伿佀便俀俿/>
<倀忿怀濿瀀翿耀迿退/>
<ꀀꑿꒀ꒿꓀꓿ꔀꙀꟿꩿꪀꬿꭀꯀ가꿿/>
<뀀뚿뛀밿뱀뿿/>
<쀀쐿쑀엿였쟿저쩿쪀쿿/>
<퀀툿퉀퐿푀휿흀/>
<豈錄鹿ﬀנּﭿﮀﯿ﴿/>
<︿﹀ﹿﺿﻀ＿｀ｿﾀﺀﷰ/>
<�/>

<𐀀𐄀𐄿𐌀𐌿𐍀𐎿𐏀𐒀/>
<𒀀𒀿𒁀𒉿𒊀𒐀𒐿𒒀𒒿/>
<𗀀𗀿𗁀𗇿𗈀𗗿𗘀𗢿𗣀𗿿/>
<𛀀𛃿𝀀𝀿𝁀𝄀𝄿𝈀𝈿𝌀𝌿/>
<𞸀🀀🀿🂿🄀🄿🚀/>

<力>
<א/>
<س/>
<अ/>
<அ/>
<அ/>
<𐍑/>
<🪐/>
<😀/>
</力>

<ÀÖØöøÿĀĿŀſƀƿǀǿƀƿǀǿȀȿɀɿʀʿˀ˿/>
<ͰͽͿ΀οπϿ/>
<ЀпрѿҠҀҿӀӿԀԿՀտրֿ׀׿/>

<؀ؿـٿڀڿۀۿ/>
<܀ܿ݀݀ݿ/>
<ހ޿ހ޿/>
<ࠀ࠿ࡀࢿࣀࣿऀिीॿ/>
<ঀিী৿/>
<౿ൿවවເༀཀ྿࿀/>
<ကႠᄀᅀᆿᇀᇿሀሿቀቿኀዀዿጀጿፀ/>
<ᚿᛀក/>
<ᢿᣀ᧿ᨀᨿᩀ᪀/>
<ᰀ᰿᱀ᲀᴀᴿᵀᵿᶀᶿḀḿṀṿẀếỀỿ/>
<ἀἿὀᾀ᾿῀/>
<a⁰ⁿ₀₿℀ℿ⅀ⅿↀ/>
<ⰀⰿⱀⱿⲀⲿⳀ⳿ⴀⴿⵀⶀⷀⷿ/>
<⸀⸿⹀⺀⺿⻀⼀⼿⽀⽿⾀⾿⿀/>
<、みむむみむダㄿㆿ㇀ㇿ㈀㈿㋿㌀㏿/>

<㐀㐿㗿㘀㛀㛿㟀㟿/>
<㠀㠿㡀㤿㥀㨿㩀㬿㭀㯿/>
<㰀㰿㱀㶿㷀㼿㽀㾿㿀㿿/>
<䀀䀿䅀䅿䆀䊿䋀䍿䎀䏿/>
<䐀䕿䖀䙿䚀䝿䞀䟿/>
<䠀䢿䣀䧿䨀䪿䫀䬿䭀䯿/>
<䰀䱿䲀䴿䵀䶿䷀䷿一丿乀伿佀便俀俿/>
<倀忿怀濿瀀翿耀迿退/>
<ꀀꑿꒀ꒿꓀꓿ꔀꙀꟿꩿꪀꬿꭀꯀ가꿿/>
<뀀뚿뛀밿뱀뿿/>
<쀀쐿쑀엿였쟿저쩿쪀쿿/>
<퀀툿퉀퐿푀휿흀/>
<豈錄鹿ﬀנּﭿﮀﯿ﴿/>
<︿﹀ﹿﺿﻀ＿｀ｿﾀﺀﷰ/>
<�/>

<𐀀𐄀𐄿𐌀𐌿𐍀𐎿𐏀𐒀/>
<𒀀𒀿𒁀𒉿𒊀𒐀𒐿𒒀𒒿/>
<𗀀𗀿𗁀𗇿𗈀𗗿𗘀𗢿𗣀𗿿/>
<𛀀𛃿𝀀𝀿𝁀𝄀𝄿𝈀𝈿𝌀𝌿/>
<𞸀🀀🀿🂿🄀🄿🚀/>

<力>
<א/>
<س/>
<अ/>
<அ/>
<அ/>
<𐍑/>
<🪐/>
<😀/>
</力>

<ÀÖØöøÿĀĿŀſƀƿǀǿƀƿǀǿȀȿɀɿʀʿˀ˿/>
<ͰͽͿ΀οπϿ/>
<ЀпрѿҠҀҿӀӿԀԿՀտրֿ׀׿/>

<؀ؿـٿڀڿۀۿ/>
<܀ܿ݀݀ݿ/>
<ހ޿ހ޿/>
<ࠀ࠿ࡀࢿࣀࣿऀिीॿ/>
<ঀিী৿/>
<౿ൿවවເༀཀ྿࿀/>
<ကႠᄀᅀᆿᇀᇿሀሿቀቿኀዀዿጀጿፀ/>
<ᚿᛀក/>
<ᢿᣀ᧿ᨀᨿᩀ᪀/>
<ᰀ᰿᱀ᲀᴀᴿᵀᵿᶀᶿḀḿṀṿẀếỀỿ/>
<ἀἿὀᾀ᾿῀/>
<a⁰ⁿ₀₿℀ℿ⅀ⅿↀ/>
<ⰀⰿⱀⱿⲀⲿⳀ⳿ⴀⴿⵀⶀⷀⷿ/>
<⸀⸿⹀⺀⺿⻀⼀⼿⽀⽿⾀⾿⿀/>
<、みむむみむダㄿㆿ㇀ㇿ㈀㈿㋿㌀㏿/>

<㐀㐿㗿㘀㛀㛿㟀㟿/>
<㠀㠿㡀㤿㥀㨿㩀㬿㭀㯿/>
<㰀㰿㱀㶿㷀㼿㽀㾿㿀㿿/>
<䀀䀿䅀䅿䆀䊿䋀䍿䎀䏿/>
<䐀䕿䖀䙿䚀䝿䞀䟿/>
<䠀䢿䣀䧿䨀䪿䫀䬿䭀䯿/>
<䰀䱿䲀䴿䵀䶿䷀䷿一丿乀伿佀便俀俿/>
<倀忿怀濿瀀翿耀迿退/>
<ꀀꑿꒀ꒿꓀꓿ꔀꙀꟿꩿꪀꬿꭀꯀ가꿿/>
<뀀뚿뛀밿뱀뿿/>
<쀀쐿쑀엿였쟿저쩿쪀쿿/>
<퀀툿퉀퐿푀휿흀/>
<豈錄鹿ﬀנּﭿﮀﯿ﴿/>
<︿﹀ﹿﺿﻀ＿｀ｿﾀﺀﷰ/>
<�/>

<𐀀𐄀𐄿𐌀𐌿𐍀𐎿𐏀𐒀/>
<𒀀𒀿𒁀𒉿𒊀𒐀𒐿𒒀𒒿/>
<𗀀𗀿𗁀𗇿𗈀𗗿𗘀𗢿𗣀𗿿/>
<𛀀𛃿𝀀𝀿𝁀𝄀𝄿𝈀𝈿𝌀𝌿/>
<𞸀🀀🀿🂿🄀🄿🚀/>

<力>
<א/>
<س/>
<अ/>
<அ/>
<அ/>
<𐍑/>
<🪐/>
<😀/>
</力>

<ÀÖØöøÿĀĿŀſƀƿǀǿƀƿǀǿȀȿɀɿʀʿˀ˿/>
<ͰͽͿ΀οπϿ/>
<ЀпрѿҠҀҿӀӿԀԿՀտրֿ׀׿/>

<؀ؿـٿڀڿۀۿ/>
<܀ܿ݀݀ݿ/>
<ހ޿ހ޿/>
<ࠀ࠿ࡀࢿࣀࣿऀिीॿ/>
<ঀিী৿/>
<౿ൿවවເༀཀ྿࿀/>
<ကႠᄀᅀᆿᇀᇿሀሿቀቿኀዀዿጀጿፀ/>
<ᚿᛀក/>
<ᢿᣀ᧿ᨀᨿᩀ᪀/>
<ᰀ᰿᱀ᲀᴀᴿᵀᵿᶀᶿḀḿṀṿẀếỀỿ/>
<ἀἿὀᾀ᾿῀/>
<a⁰ⁿ₀₿℀ℿ⅀ⅿↀ/>
<ⰀⰿⱀⱿⲀⲿⳀ⳿ⴀⴿⵀⶀⷀⷿ/>
<⸀⸿⹀⺀⺿⻀⼀⼿⽀⽿⾀⾿⿀/>
<、みむむみむダㄿㆿ㇀ㇿ㈀㈿㋿㌀㏿/>

<㐀㐿㗿㘀㛀㛿㟀㟿/>
<㠀㠿㡀㤿㥀㨿㩀㬿㭀㯿/>
<㰀㰿㱀㶿㷀㼿㽀㾿㿀㿿/>
<䀀䀿䅀䅿䆀䊿䋀䍿䎀䏿/>
<䐀䕿䖀䙿䚀䝿䞀䟿/>
<䠀䢿䣀䧿䨀䪿䫀䬿䭀䯿/>
<䰀䱿䲀䴿䵀䶿䷀䷿一丿乀伿佀便俀俿/>
<倀忿怀濿瀀翿耀迿退/>
<ꀀꑿꒀ꒿꓀꓿ꔀꙀꟿꩿꪀꬿꭀꯀ가꿿/>
<뀀뚿뛀밿뱀뿿/>
<쀀쐿쑀엿였쟿저쩿쪀쿿/>
<퀀툿퉀퐿푀휿흀/>
<豈錄鹿ﬀנּﭿﮀﯿ﴿/>
<︿﹀ﹿﺿﻀ＿｀ｿﾀﺀﷰ/>
<�/>

<𐀀𐄀𐄿𐌀𐌿𐍀𐎿𐏀𐒀/>
<𒀀𒀿𒁀𒉿𒊀𒐀𒐿𒒀𒒿/>
<𗀀𗀿𗁀𗇿𗈀𗗿𗘀𗢿𗣀𗿿/>
<𛀀𛃿𝀀𝀿𝁀𝄀𝄿𝈀𝈿𝌀𝌿/>
<𞸀🀀🀿🂿🄀🄿🚀/>

<力>
<א/>
<س/>
<अ/>
<அ/>
<அ/>
<𐍑/>
<🪐/>
<😀/>
</力>

<ÀÖØöøÿĀĿŀſƀƿǀǿƀƿǀǿȀȿɀɿʀʿˀ˿/>
<ͰͽͿ΀οπϿ/>
<ЀпрѿҠҀҿӀӿԀԿՀտրֿ׀׿/>

<؀ؿـٿڀڿۀۿ/>
<܀ܿ݀݀ݿ/>
<ހ޿ހ޿/>
<ࠀ࠿ࡀࢿࣀࣿऀिीॿ/>
<ঀিী৿/>
<౿ൿවවເༀཀ྿࿀/>
<ကႠᄀᅀᆿᇀᇿሀሿቀቿኀዀዿጀጿፀ/>
<ᚿᛀក/>
<ᢿᣀ᧿ᨀᨿᩀ᪀/>
<ᰀ᰿᱀ᲀᴀᴿᵀᵿᶀᶿḀḿṀṿẀếỀỿ/>
<ἀἿὀᾀ᾿῀/>
<a⁰ⁿ₀₿℀ℿ⅀ⅿↀ/>
<ⰀⰿⱀⱿⲀⲿⳀ⳿ⴀⴿⵀⶀⷀⷿ/>
<⸀⸿⹀⺀⺿⻀⼀⼿⽀⽿⾀⾿⿀/>
<、みむむみむダㄿㆿ㇀ㇿ㈀㈿㋿㌀㏿/>

<㐀㐿㗿㘀㛀㛿㟀㟿/>
<㠀㠿㡀㤿㥀㨿㩀㬿㭀㯿/>
<㰀㰿㱀㶿㷀㼿㽀㾿㿀㿿/>
<䀀䀿䅀䅿䆀䊿䋀䍿䎀䏿/>
<䐀䕿䖀䙿䚀䝿䞀䟿/>
<䠀䢿䣀䧿䨀䪿䫀䬿䭀䯿/>
<䰀䱿䲀䴿䵀䶿䷀䷿一丿乀伿佀便俀俿/>
<倀忿怀濿瀀翿耀迿退/>
<ꀀꑿꒀ꒿꓀꓿ꔀꙀꟿꩿꪀꬿꭀꯀ가꿿/>
<뀀뚿뛀밿뱀뿿/>
<쀀쐿쑀엿였쟿저쩿쪀쿿/>
<퀀툿퉀퐿푀휿흀/>
<豈錄鹿ﬀנּﭿﮀﯿ﴿/>
<︿﹀ﹿﺿﻀ＿｀ｿﾀﺀﷰ/>
<�/>

<𐀀𐄀𐄿𐌀𐌿𐍀𐎿𐏀𐒀/>
<𒀀𒀿𒁀𒉿𒊀𒐀𒐿𒒀𒒿/>
<𗀀𗀿𗁀𗇿𗈀𗗿𗘀𗢿𗣀𗿿/>
<𛀀𛃿𝀀𝀿𝁀𝄀𝄿𝈀𝈿𝌀𝌿/>
<𞸀🀀🀿🂿🄀🄿🚀/>

<力>
<א/>
<س/>
<अ/>
<அ/>
<அ/>
<𐍑/>
<🪐/>
<😀/>
</力>

<ÀÖØöøÿĀĿŀſƀƿǀǿƀƿǀǿȀȿɀɿʀʿˀ˿/>
<ͰͽͿ΀οπϿ/>
<ЀпрѿҠҀҿӀӿԀԿՀտրֿ׀׿/>

<؀ؿـٿڀڿۀۿ/>
<܀ܿ݀݀ݿ/>
<ހ޿ހ޿/>
<ࠀ࠿ࡀࢿࣀࣿऀिीॿ/>
<ঀিী৿/>
<౿ൿවවເༀཀ྿࿀/>
<ကႠᄀᅀᆿᇀᇿሀሿቀቿኀዀዿጀጿፀ/>
<ᚿᛀក/>
<ᢿᣀ᧿ᨀᨿᩀ᪀/>
<ᰀ᰿᱀ᲀᴀᴿᵀᵿᶀᶿḀḿṀṿẀếỀỿ/>
<ἀἿὀᾀ᾿῀/>
<a⁰ⁿ₀₿℀ℿ⅀ⅿↀ/>
<ⰀⰿⱀⱿⲀⲿⳀ⳿ⴀⴿⵀⶀⷀⷿ/>
<⸀⸿⹀⺀⺿⻀⼀⼿⽀⽿⾀⾿⿀/>
<、みむむみむダㄿㆿ㇀ㇿ㈀㈿㋿㌀㏿/>

<㐀㐿㗿㘀㛀㛿㟀㟿/>
<㠀㠿㡀㤿㥀㨿㩀㬿㭀㯿/>
<㰀㰿㱀㶿㷀㼿㽀㾿㿀㿿/>
<䀀䀿䅀䅿䆀䊿䋀䍿䎀䏿/>
<䐀䕿䖀䙿䚀䝿䞀䟿/>
<䠀䢿䣀䧿䨀䪿䫀䬿䭀䯿/>
<䰀䱿䲀䴿䵀䶿䷀䷿一丿乀伿佀便俀俿/>
<倀忿怀濿瀀翿耀迿退/>
<ꀀꑿꒀ꒿꓀꓿ꔀꙀꟿꩿꪀꬿꭀꯀ가꿿/>
<뀀뚿뛀밿뱀뿿/>
<쀀쐿쑀엿였쟿저쩿쪀쿿/>
<퀀툿퉀퐿푀휿흀/>
<豈錄鹿ﬀנּﭿﮀﯿ﴿/>
<︿﹀ﹿﺿﻀ＿｀ｿﾀﺀﷰ/>
<�/>

<𐀀𐄀𐄿𐌀𐌿𐍀𐎿𐏀𐒀/>
<𒀀𒀿𒁀𒉿𒊀𒐀𒐿𒒀𒒿/>
<𗀀𗀿𗁀𗇿𗈀𗗿𗘀𗢿𗣀𗿿/>
<𛀀𛃿𝀀𝀿𝁀𝄀𝄿𝈀𝈿𝌀𝌿/>
<𞸀🀀🀿🂿🄀🄿🚀/>

<力>
<א/>
<س/>
<अ/>
<அ/>
<அ/>
<𐍑/>
<🪐/>
<😀/>
</力>

<ÀÖØöøÿĀĿŀſƀƿǀǿƀƿǀǿȀȿɀɿʀʿˀ˿/>
<ͰͽͿ΀οπϿ/>
<ЀпрѿҠҀҿӀӿԀԿՀտրֿ׀׿/>

<؀ؿـٿڀڿۀۿ/>
<܀ܿ݀݀ݿ/>
<ހ޿ހ޿/>
<ࠀ࠿ࡀࢿࣀࣿऀिीॿ/>
<ঀিী৿/>
<౿ൿවවເༀཀ྿࿀/>
<ကႠᄀᅀᆿᇀᇿሀሿቀቿኀዀዿጀጿፀ/>
<ᚿᛀក/>
<ᢿᣀ᧿ᨀᨿᩀ᪀/>
<ᰀ᰿᱀ᲀᴀᴿᵀᵿᶀᶿḀḿṀṿẀếỀỿ/>
<ἀἿὀᾀ᾿῀/>
<a⁰ⁿ₀₿℀ℿ⅀ⅿↀ/>
<ⰀⰿⱀⱿⲀⲿⳀ⳿ⴀⴿⵀⶀⷀⷿ/>
<⸀⸿⹀⺀⺿⻀⼀⼿⽀⽿⾀⾿⿀/>
<、みむむみむダㄿㆿ㇀ㇿ㈀㈿㋿㌀㏿/>

<㐀㐿㗿㘀㛀㛿㟀㟿/>
<㠀㠿㡀㤿㥀㨿㩀㬿㭀㯿/>
<㰀㰿㱀㶿㷀㼿㽀㾿㿀㿿/>
<䀀䀿䅀䅿䆀䊿䋀䍿䎀䏿/>
<䐀䕿䖀䙿䚀䝿䞀䟿/>
<䠀䢿䣀䧿䨀䪿䫀䬿䭀䯿/>
<䰀䱿䲀䴿䵀䶿䷀䷿一丿乀伿佀便俀俿/>
<倀忿怀濿瀀翿耀迿退/>
<ꀀꑿꒀ꒿꓀꓿ꔀꙀꟿꩿꪀꬿꭀꯀ가꿿/>
<뀀뚿뛀밿뱀뿿/>
<쀀쐿쑀엿였쟿저쩿쪀쿿/>
<퀀툿퉀퐿푀휿흀/>
<豈錄鹿ﬀנּﭿﮀﯿ﴿/>
<︿﹀ﹿﺿﻀ＿｀ｿﾀﺀﷰ/>
<�/>

<𐀀𐄀𐄿𐌀𐌿𐍀𐎿𐏀𐒀/>
<𒀀𒀿𒁀𒉿𒊀𒐀𒐿𒒀𒒿/>
<𗀀𗀿𗁀𗇿𗈀𗗿𗘀𗢿𗣀𗿿/>
<𛀀𛃿𝀀𝀿𝁀𝄀𝄿𝈀𝈿𝌀𝌿/>
<𞸀🀀🀿🂿🄀🄿🚀/>

<力>
<א/>
<س/>
<अ/>
<அ/>
<அ/>
<𐍑/>
<🪐/>
<😀/>
</力>

<ÀÖØöøÿĀĿŀſƀƿǀǿƀƿǀǿȀȿɀɿʀʿˀ˿/>
<ͰͽͿ΀οπϿ/>
<ЀпрѿҠҀҿӀӿԀԿՀտրֿ׀׿/>

<؀ؿـٿڀڿۀۿ/>
<܀ܿ݀݀ݿ/>
<ހ޿ހ޿/>
<ࠀ࠿ࡀࢿࣀࣿऀिीॿ/>
<ঀিী৿/>
<౿ൿවවເༀཀ྿࿀/>
<ကႠᄀᅀᆿᇀᇿሀሿቀቿኀዀዿጀጿፀ/>
<ᚿᛀក/>
<ᢿᣀ᧿ᨀᨿᩀ᪀/>
<ᰀ᰿᱀ᲀᴀᴿᵀᵿᶀᶿḀḿṀṿẀếỀỿ/>
<ἀἿὀᾀ᾿῀/>
<a⁰ⁿ₀₿℀ℿ⅀ⅿↀ/>
<ⰀⰿⱀⱿⲀⲿⳀ⳿ⴀⴿⵀⶀⷀⷿ/>
<⸀⸿⹀⺀⺿⻀⼀⼿⽀⽿⾀⾿⿀/>
<、みむむみむダㄿㆿ㇀ㇿ㈀㈿㋿㌀㏿/>

<㐀㐿㗿㘀㛀㛿㟀㟿/>
<㠀㠿㡀㤿㥀㨿㩀㬿㭀㯿/>
<㰀㰿㱀㶿㷀㼿㽀㾿㿀㿿/>
<䀀䀿䅀䅿䆀䊿䋀䍿䎀䏿/>
<䐀䕿䖀䙿䚀䝿䞀䟿/>
<䠀䢿䣀䧿䨀䪿䫀䬿䭀䯿/>
<䰀䱿䲀䴿䵀䶿䷀䷿一丿乀伿佀便俀俿/>
<倀忿怀濿瀀翿耀迿退/>
<ꀀꑿꒀ꒿꓀꓿ꔀꙀꟿꩿꪀꬿꭀꯀ가꿿/>
<뀀뚿뛀밿뱀뿿/>
<쀀쐿쑀엿였쟿저쩿쪀쿿/>
<퀀툿퉀퐿푀휿흀/>
<豈錄鹿ﬀנּﭿﮀﯿ﴿/>
<︿﹀ﹿﺿﻀ＿｀ｿﾀﺀﷰ/>
<�/>

<𐀀𐄀𐄿𐌀𐌿𐍀𐎿𐏀𐒀/>
<𒀀𒀿𒁀𒉿𒊀𒐀𒐿𒒀𒒿/>
<𗀀𗀿𗁀𗇿𗈀𗗿𗘀𗢿𗣀𗿿/>
<𛀀𛃿𝀀𝀿𝁀𝄀𝄿𝈀𝈿𝌀𝌿/>
<𞸀🀀🀿🂿🄀🄿🚀/>

<力>
<א/>
<س/>
<अ/>
<அ/>
<அ/>
<𐍑/>
<🪐/>
<😀/>
</力>

<ÀÖØöøÿĀĿŀſƀƿǀǿƀƿǀǿȀȿɀɿʀʿˀ˿/>
<ͰͽͿ΀οπϿ/>
<ЀпрѿҠҀҿӀӿԀԿՀտրֿ׀׿/>

<؀ؿـٿڀڿۀۿ/>
<܀ܿ݀݀ݿ/>
<ހ޿ހ޿/>
<ࠀ࠿ࡀࢿࣀࣿऀिीॿ/>
<ঀিী৿/>
<౿ൿවවເༀཀ྿࿀/>
<ကႠᄀᅀᆿᇀᇿሀሿቀቿኀዀዿጀጿፀ/>
<ᚿᛀក/>
<ᢿᣀ᧿ᨀᨿᩀ᪀/>
<ᰀ᰿᱀ᲀᴀᴿᵀᵿᶀᶿḀḿṀṿẀếỀỿ/>
<ἀἿὀᾀ᾿῀/>
<a⁰ⁿ₀₿℀ℿ⅀ⅿↀ/>
<ⰀⰿⱀⱿⲀⲿⳀ⳿ⴀⴿⵀⶀⷀⷿ/>
<⸀⸿⹀⺀⺿⻀⼀⼿⽀⽿⾀⾿⿀/>
<、みむむみむダㄿㆿ㇀ㇿ㈀㈿㋿㌀㏿/>

<㐀㐿㗿㘀㛀㛿㟀㟿/>
<㠀㠿㡀㤿㥀㨿㩀㬿㭀㯿/>
<㰀㰿㱀㶿㷀㼿㽀㾿㿀㿿/>
<䀀䀿䅀䅿䆀䊿䋀䍿䎀䏿/>
<䐀䕿䖀䙿䚀䝿䞀䟿/>
<䠀䢿䣀䧿䨀䪿䫀䬿䭀䯿/>
<䰀䱿䲀䴿䵀䶿䷀䷿一丿乀伿佀便俀俿/>
<倀忿怀濿瀀翿耀迿退/>
<ꀀꑿꒀ꒿꓀꓿ꔀꙀꟿꩿꪀꬿꭀꯀ가꿿/>
<뀀뚿뛀밿뱀뿿/>
<쀀쐿쑀엿였쟿저쩿쪀쿿/>
<퀀툿퉀퐿푀휿흀/>
<豈錄鹿ﬀנּﭿﮀﯿ﴿/>
<︿﹀ﹿﺿﻀ＿｀ｿﾀﺀﷰ/>
<�/>

<𐀀𐄀𐄿𐌀𐌿𐍀𐎿𐏀𐒀/>
<𒀀𒀿𒁀𒉿𒊀𒐀𒐿𒒀𒒿/>
<𗀀𗀿𗁀𗇿𗈀𗗿𗘀𗢿𗣀𗿿/>
<𛀀𛃿𝀀𝀿𝁀𝄀𝄿𝈀𝈿𝌀𝌿/>
<𞸀🀀🀿🂿🄀🄿🚀/>

<力>
<א/>
<س/>
<अ/>
<அ/>
<அ/>
<𐍑/>
<🪐/>
<😀/>
</力>

<ÀÖØöøÿĀĿŀſƀƿǀǿƀƿǀǿȀȿɀɿʀʿˀ˿/>
<ͰͽͿ΀οπϿ/>
<ЀпрѿҠҀҿӀӿԀԿՀտրֿ׀׿/>

<؀ؿـٿڀڿۀۿ/>
<܀ܿ݀݀ݿ/>
<ހ޿ހ޿/>
<ࠀ࠿ࡀࢿࣀࣿऀिीॿ/>
<ঀিী৿/>
<౿ൿවවເༀཀ྿࿀/>
<ကႠᄀᅀᆿᇀᇿሀሿቀቿኀዀዿጀጿፀ/>
<ᚿᛀក/>
<ᢿᣀ᧿ᨀᨿᩀ᪀/>
<ᰀ᰿᱀ᲀᴀᴿᵀᵿᶀᶿḀḿṀṿẀếỀỿ/>
<ἀἿὀᾀ᾿῀/>
<a⁰ⁿ₀₿℀ℿ⅀ⅿↀ/>
<ⰀⰿⱀⱿⲀⲿⳀ⳿ⴀⴿⵀⶀⷀⷿ/>
<⸀⸿⹀⺀⺿⻀⼀⼿⽀⽿⾀⾿⿀/>
<、みむむみむダㄿㆿ㇀ㇿ㈀㈿㋿㌀㏿/>

<㐀㐿㗿㘀㛀㛿㟀㟿/>
<㠀㠿㡀㤿㥀㨿㩀㬿㭀㯿/>
<㰀㰿㱀㶿㷀㼿㽀㾿㿀㿿/>
<䀀䀿䅀䅿䆀䊿䋀䍿䎀䏿/>
<䐀䕿䖀䙿䚀䝿䞀䟿/>
<䠀䢿䣀䧿䨀䪿䫀䬿䭀䯿/>
<䰀䱿䲀䴿䵀䶿䷀䷿一丿乀伿佀便俀俿/>
<倀忿怀濿瀀翿耀迿退/>
<ꀀꑿꒀ꒿꓀꓿ꔀꙀꟿꩿꪀꬿꭀꯀ가꿿/>
<뀀뚿뛀밿뱀뿿/>
<쀀쐿쑀엿였쟿저쩿쪀쿿/>
<퀀툿퉀퐿푀휿흀/>
<豈錄鹿ﬀנּﭿﮀﯿ﴿/>
<︿﹀ﹿﺿﻀ＿｀ｿﾀﺀﷰ/>
<�/>

<𐀀𐄀𐄿𐌀𐌿𐍀𐎿𐏀𐒀/>
<𒀀𒀿𒁀𒉿𒊀𒐀𒐿𒒀𒒿/>
<𗀀𗀿𗁀𗇿𗈀𗗿𗘀𗢿𗣀𗿿/>
<𛀀𛃿𝀀𝀿𝁀𝄀𝄿𝈀𝈿𝌀𝌿/>
<𞸀🀀🀿🂿🄀🄿🚀/>

<力>
<א/>
<س/>
<अ/>
<அ/>
<அ/>
<𐍑/>
<🪐/>
<😀/>
</力>

<ÀÖØöøÿĀĿŀſƀƿǀǿƀƿǀǿȀȿɀɿʀʿˀ˿/>
<ͰͽͿ΀οπϿ/>
<ЀпрѿҠҀҿӀӿԀԿՀտրֿ׀׿/>

<؀ؿـٿڀڿۀۿ/>
<܀ܿ݀݀ݿ/>
<ހ޿ހ޿/>
<ࠀ࠿ࡀࢿࣀࣿऀिीॿ/>
<ঀিী৿/>
<౿ൿවවເༀཀ྿࿀/>
<ကႠᄀᅀᆿᇀᇿሀሿቀቿኀዀዿጀጿፀ/>
<ᚿᛀក/>
<ᢿᣀ᧿ᨀᨿᩀ᪀/>
<ᰀ᰿᱀ᲀᴀᴿᵀᵿᶀᶿḀḿṀṿẀếỀỿ/>
<ἀἿὀᾀ᾿῀/>
<a⁰ⁿ₀₿℀ℿ⅀ⅿↀ/>
<ⰀⰿⱀⱿⲀⲿⳀ⳿ⴀⴿⵀⶀⷀⷿ/>
<⸀⸿⹀⺀⺿⻀⼀⼿⽀⽿⾀⾿⿀/>
<、みむむみむダㄿㆿ㇀ㇿ㈀㈿㋿㌀㏿/>

<㐀㐿㗿㘀㛀㛿㟀㟿/>
<㠀㠿㡀㤿㥀㨿㩀㬿㭀㯿/>
<㰀㰿㱀㶿㷀㼿㽀㾿㿀㿿/>
<䀀䀿䅀䅿䆀䊿䋀䍿䎀䏿/>
<䐀䕿䖀䙿䚀䝿䞀䟿/>
<䠀䢿䣀䧿䨀䪿䫀䬿䭀䯿/>
<䰀䱿䲀䴿䵀䶿䷀䷿一丿乀伿佀便俀俿/>
<倀忿怀濿瀀翿耀迿退/>
<ꀀꑿꒀ꒿꓀꓿ꔀꙀꟿꩿꪀꬿꭀꯀ가꿿/>
<뀀뚿뛀밿뱀뿿/>
<쀀쐿쑀엿였쟿저쩿쪀쿿/>
<퀀툿퉀퐿푀휿흀/>
<豈錄鹿ﬀנּﭿﮀﯿ﴿/>
<︿﹀ﹿﺿﻀ＿｀ｿﾀﺀﷰ/>
<�/>

<𐀀𐄀𐄿𐌀𐌿𐍀𐎿𐏀𐒀/>
<𒀀𒀿𒁀𒉿𒊀𒐀𒐿𒒀𒒿/>
<𗀀𗀿𗁀𗇿𗈀𗗿𗘀𗢿𗣀𗿿/>
<𛀀𛃿𝀀𝀿𝁀𝄀𝄿𝈀𝈿𝌀𝌿/>
<𞸀🀀🀿🂿🄀🄿🚀/>

<力>
<א/>
<س/>
<अ/>
<அ/>
<அ/>
<𐍑/>
<🪐/>
<😀/>
</力>

<ÀÖØöøÿĀĿŀſƀƿǀǿƀƿǀǿȀȿɀɿʀʿˀ˿/>
<ͰͽͿ΀οπϿ/>
<ЀпрѿҠҀҿӀӿԀԿՀտրֿ׀׿/>

<؀ؿـٿڀڿۀۿ/>
<܀ܿ݀݀ݿ/>
<ހ޿ހ޿/>
<ࠀ࠿ࡀࢿࣀࣿऀिीॿ/>
<ঀিী৿/>
<౿ൿවවເༀཀ྿࿀/>
<ကႠᄀᅀᆿᇀᇿሀሿቀቿኀዀዿጀጿፀ/>
<ᚿᛀក/>
<ᢿᣀ᧿ᨀᨿᩀ᪀/>
<ᰀ᰿᱀ᲀᴀᴿᵀᵿᶀᶿḀḿṀṿẀếỀỿ/>
<ἀἿὀᾀ᾿῀/>
<a⁰ⁿ₀₿℀ℿ⅀ⅿↀ/>
<ⰀⰿⱀⱿⲀⲿⳀ⳿ⴀⴿⵀⶀⷀⷿ/>
<⸀⸿⹀⺀⺿⻀⼀⼿⽀⽿⾀⾿⿀/>
<、みむむみむダㄿㆿ㇀ㇿ㈀㈿㋿㌀㏿/>

<㐀㐿㗿㘀㛀㛿㟀㟿/>
<㠀㠿㡀㤿㥀㨿㩀㬿㭀㯿/>
<㰀㰿㱀㶿㷀㼿㽀㾿㿀㿿/>
<䀀䀿䅀䅿䆀䊿䋀䍿䎀䏿/>
<䐀䕿䖀䙿䚀䝿䞀䟿/>
<䠀䢿䣀䧿䨀䪿䫀䬿䭀䯿/>
<䰀䱿䲀䴿䵀䶿䷀䷿一丿乀伿佀便俀俿/>
<倀忿怀濿瀀翿耀迿退/>
<ꀀꑿꒀ꒿꓀꓿ꔀꙀꟿꩿꪀꬿꭀꯀ가꿿/>
<뀀뚿뛀밿뱀뿿/>
<쀀쐿쑀엿였쟿저쩿쪀쿿/>
<퀀툿퉀퐿푀휿흀/>
<豈錄鹿ﬀנּﭿﮀﯿ﴿/>
<︿﹀ﹿﺿﻀ＿｀ｿﾀﺀﷰ/>
<�/>

<𐀀𐄀𐄿𐌀𐌿𐍀𐎿𐏀𐒀/>
<𒀀𒀿𒁀𒉿𒊀𒐀𒐿𒒀𒒿/>
<𗀀𗀿𗁀𗇿𗈀𗗿𗘀𗢿𗣀𗿿/>
<𛀀𛃿𝀀𝀿𝁀𝄀𝄿𝈀𝈿𝌀𝌿/>
<𞸀🀀🀿🂿🄀🄿🚀/>

<力>
<א/>
<س/>
<अ/>
<அ/>
<அ/>
<𐍑/>
<🪐/>
<😀/>
</力>

<ÀÖØöøÿĀĿŀſƀƿǀǿƀƿǀǿȀȿɀɿʀʿˀ˿/>
<ͰͽͿ΀οπϿ/>
<ЀпрѿҠҀҿӀӿԀԿՀտրֿ׀׿/>

<؀ؿـٿڀڿۀۿ/>
<܀ܿ݀݀ݿ/>
<ހ޿ހ޿/>
<ࠀ࠿ࡀࢿࣀࣿऀिीॿ/>
<ঀিী৿/>
<౿ൿවවເༀཀ྿࿀/>
<ကႠᄀᅀᆿᇀᇿሀሿቀቿኀዀዿጀጿፀ/>
<ᚿᛀក/>
<ᢿᣀ᧿ᨀᨿᩀ᪀/>
<ᰀ᰿᱀ᲀᴀᴿᵀᵿᶀᶿḀḿṀṿẀếỀỿ/>
<ἀἿὀᾀ᾿῀/>
<a⁰ⁿ₀₿℀ℿ⅀ⅿↀ/>
<ⰀⰿⱀⱿⲀⲿⳀ⳿ⴀⴿⵀⶀⷀⷿ/>
<⸀⸿⹀⺀⺿⻀⼀⼿⽀⽿⾀⾿⿀/>
<、みむむみむダㄿㆿ㇀ㇿ㈀㈿㋿㌀㏿/>

<㐀㐿㗿㘀㛀㛿㟀㟿/>
<㠀㠿㡀㤿㥀㨿㩀㬿㭀㯿/>
<㰀㰿㱀㶿㷀㼿㽀㾿㿀㿿/>
<䀀䀿䅀䅿䆀䊿䋀䍿䎀䏿/>
<䐀䕿䖀䙿䚀䝿䞀䟿/>
<䠀䢿䣀䧿䨀䪿䫀䬿䭀䯿/>
<䰀䱿䲀䴿䵀䶿䷀䷿一丿乀伿佀便俀俿/>
<倀忿怀濿瀀翿耀迿退/>
<ꀀꑿꒀ꒿꓀꓿ꔀꙀꟿꩿꪀꬿꭀꯀ가꿿/>
<뀀뚿뛀밿뱀뿿/>
<쀀쐿쑀엿였쟿저쩿쪀쿿/>
<퀀툿퉀퐿푀휿흀/>
<豈錄鹿ﬀנּﭿﮀﯿ﴿/>
<︿﹀ﹿﺿﻀ＿｀ｿﾀﺀﷰ/>
<�/>

<𐀀𐄀𐄿𐌀𐌿𐍀𐎿𐏀𐒀/>
<𒀀𒀿𒁀𒉿𒊀𒐀𒐿𒒀𒒿/>
<𗀀𗀿𗁀𗇿𗈀𗗿𗘀𗢿𗣀𗿿/>
<𛀀𛃿𝀀𝀿𝁀𝄀𝄿𝈀𝈿𝌀𝌿/>
<𞸀🀀🀿🂿🄀🄿🚀/>

<力>
<א/>
<س/>
<अ/>
<அ/>
<அ/>
<𐍑/>
<🪐/>
<😀/>
</力>

<ÀÖØöøÿĀĿŀſƀƿǀǿƀƿǀǿȀȿɀɿʀʿˀ˿/>
<ͰͽͿ΀οπϿ/>
<ЀпрѿҠҀҿӀӿԀԿՀտրֿ׀׿/>

<؀ؿـٿڀڿۀۿ/>
<܀ܿ݀݀ݿ/>
<ހ޿ހ޿/>
<ࠀ࠿ࡀࢿࣀࣿऀिीॿ/>
<ঀিী৿/>
<౿ൿවවເༀཀ྿࿀/>
<ကႠᄀᅀᆿᇀᇿሀሿቀቿኀዀዿጀጿፀ/>
<ᚿᛀក/>
<ᢿᣀ᧿ᨀᨿᩀ᪀/>
<ᰀ᰿᱀ᲀᴀᴿᵀᵿᶀᶿḀḿṀṿẀếỀỿ/>
<ἀἿὀᾀ᾿῀/>
<a⁰ⁿ₀₿℀ℿ⅀ⅿↀ/>
<ⰀⰿⱀⱿⲀⲿⳀ⳿ⴀⴿⵀⶀⷀⷿ/>
<⸀⸿⹀⺀⺿⻀⼀⼿⽀⽿⾀⾿⿀/>
<、みむむみむダㄿㆿ㇀ㇿ㈀㈿㋿㌀㏿/>

<㐀㐿㗿㘀㛀㛿㟀㟿/>
<㠀㠿㡀㤿㥀㨿㩀㬿㭀㯿/>
<㰀㰿㱀㶿㷀㼿㽀㾿㿀㿿/>
<䀀䀿䅀䅿䆀䊿䋀䍿䎀䏿/>
<䐀䕿䖀䙿䚀䝿䞀䟿/>
<䠀䢿䣀䧿䨀䪿䫀䬿䭀䯿/>
<䰀䱿䲀䴿䵀䶿䷀䷿一丿乀伿佀便俀俿/>
<倀忿怀濿瀀翿耀迿退/>
<ꀀꑿꒀ꒿꓀꓿ꔀꙀꟿꩿꪀꬿꭀꯀ가꿿/>
<뀀뚿뛀밿뱀뿿/>
<쀀쐿쑀엿였쟿저쩿쪀쿿/>
<퀀툿퉀퐿푀휿흀/>
<豈錄鹿ﬀנּﭿﮀﯿ﴿/>
<︿﹀ﹿﺿﻀ＿｀ｿﾀﺀﷰ/>
<�/>

<𐀀𐄀𐄿𐌀𐌿𐍀𐎿𐏀𐒀/>
<𒀀𒀿𒁀𒉿𒊀𒐀𒐿𒒀𒒿/>
<𗀀𗀿𗁀𗇿𗈀𗗿𗘀𗢿𗣀𗿿/>
<𛀀𛃿𝀀𝀿𝁀𝄀𝄿𝈀𝈿𝌀𝌿/>
<𞸀🀀🀿🂿🄀🄿🚀/>

<力>
<א/>
<س/>
<अ/>
<அ/>
<அ/>
<𐍑/>
<🪐/>
<😀/>
</力>

<ÀÖØöøÿĀĿŀſƀƿǀǿƀƿǀǿȀȿɀɿʀʿˀ˿/>
<ͰͽͿ΀οπϿ/>
<ЀпрѿҠҀҿӀӿԀԿՀտրֿ׀׿/>

<؀ؿـٿڀڿۀۿ/>
<܀ܿ݀݀ݿ/>
<ހ޿ހ޿/>
<ࠀ࠿ࡀࢿࣀࣿऀिीॿ/>
<ঀিী৿/>
<౿ൿවවເༀཀ྿࿀/>
<ကႠᄀᅀᆿᇀᇿሀሿቀቿኀዀዿጀጿፀ/>
<ᚿᛀក/>
<ᢿᣀ᧿ᨀᨿᩀ᪀/>
<ᰀ᰿᱀ᲀᴀᴿᵀᵿᶀᶿḀḿṀṿẀếỀỿ/>
<ἀἿὀᾀ᾿῀/>
<a⁰ⁿ₀₿℀ℿ⅀ⅿↀ/>
<ⰀⰿⱀⱿⲀⲿⳀ⳿ⴀⴿⵀⶀⷀⷿ/>
<⸀⸿⹀⺀⺿⻀⼀⼿⽀⽿⾀⾿⿀/>
<、みむむみむダㄿㆿ㇀ㇿ㈀㈿㋿㌀㏿/>

<㐀㐿㗿㘀㛀㛿㟀㟿/>
<㠀㠿㡀㤿㥀㨿㩀㬿㭀㯿/>
<㰀㰿㱀㶿㷀㼿㽀㾿㿀㿿/>
<䀀䀿䅀䅿䆀䊿䋀䍿䎀䏿/>
<䐀䕿䖀䙿䚀䝿䞀䟿/>
<䠀䢿䣀䧿䨀䪿䫀䬿䭀䯿/>
<䰀䱿䲀䴿䵀䶿䷀䷿一丿乀伿佀便俀俿/>
<倀忿怀濿瀀翿耀迿退/>
<ꀀꑿꒀ꒿꓀꓿ꔀꙀꟿꩿꪀꬿꭀꯀ가꿿/>
<뀀뚿뛀밿뱀뿿/>
<쀀쐿쑀엿였쟿저쩿쪀쿿/>
<퀀툿퉀퐿푀휿흀/>
<豈錄鹿ﬀנּﭿﮀﯿ﴿/>
<︿﹀ﹿﺿﻀ＿｀ｿﾀﺀﷰ/>
<�/>

<𐀀𐄀𐄿𐌀𐌿𐍀𐎿𐏀𐒀/>
<𒀀𒀿𒁀𒉿𒊀𒐀𒐿𒒀𒒿/>
<𗀀𗀿𗁀𗇿𗈀𗗿𗘀𗢿𗣀𗿿/>
<𛀀𛃿𝀀𝀿𝁀𝄀𝄿𝈀𝈿𝌀𝌿/>
<𞸀🀀🀿🂿🄀🄿🚀/>

<力>
<א/>
<س/>
<अ/>
<அ/>
<அ/>
<𐍑/>
<🪐/>
<😀/>
</力>

<ÀÖØöøÿĀĿŀſƀƿǀǿƀƿǀǿȀȿɀɿʀʿˀ˿/>
<ͰͽͿ΀οπϿ/>
<ЀпрѿҠҀҿӀӿԀԿՀտրֿ׀׿/>

<؀ؿـٿڀڿۀۿ/>
<܀ܿ݀݀ݿ/>
<ހ޿ހ޿/>
<ࠀ࠿ࡀࢿࣀࣿऀिीॿ/>
<ঀিী৿/>
<౿ൿවවເༀཀ྿࿀/>
<ကႠᄀᅀᆿᇀᇿሀሿቀቿኀዀዿጀጿፀ/>
<ᚿᛀក/>
<ᢿᣀ᧿ᨀᨿᩀ᪀/>
<ᰀ᰿᱀ᲀᴀᴿᵀᵿᶀᶿḀḿṀṿẀếỀỿ/>
<ἀἿὀᾀ᾿῀/>
<a⁰ⁿ₀₿℀ℿ⅀ⅿↀ/>
<ⰀⰿⱀⱿⲀⲿⳀ⳿ⴀⴿⵀⶀⷀⷿ/>
<⸀⸿⹀⺀⺿⻀⼀⼿⽀⽿⾀⾿⿀/>
<、みむむみむダㄿㆿ㇀ㇿ㈀㈿㋿㌀㏿/>

<㐀㐿㗿㘀㛀㛿㟀㟿/>
<㠀㠿㡀㤿㥀㨿㩀㬿㭀㯿/>
<㰀㰿㱀㶿㷀㼿㽀㾿㿀㿿/>
<䀀䀿䅀䅿䆀䊿䋀䍿䎀䏿/>
<䐀䕿䖀䙿䚀䝿䞀䟿/>
<䠀䢿䣀䧿䨀䪿䫀䬿䭀䯿/>
<䰀䱿䲀䴿䵀䶿䷀䷿一丿乀伿佀便俀俿/>
<倀忿怀濿瀀翿耀迿退/>
<ꀀꑿꒀ꒿꓀꓿ꔀꙀꟿꩿꪀꬿꭀꯀ가꿿/>
<뀀뚿뛀밿뱀뿿/>
<쀀쐿쑀엿였쟿저쩿쪀쿿/>
<퀀툿퉀퐿푀휿흀/>
<豈錄鹿ﬀנּﭿﮀﯿ﴿/>
<︿﹀ﹿﺿﻀ＿｀ｿﾀﺀﷰ/>
<�/>

<𐀀𐄀𐄿𐌀𐌿𐍀𐎿𐏀𐒀/>
<𒀀𒀿𒁀𒉿𒊀𒐀𒐿𒒀𒒿/>
<𗀀𗀿𗁀𗇿𗈀𗗿𗘀𗢿𗣀𗿿/>
<𛀀𛃿𝀀𝀿𝁀𝄀𝄿𝈀𝈿𝌀𝌿/>
<𞸀🀀🀿🂿🄀🄿🚀/>

<力>
<א/>
<س/>
<अ/>
<அ/>
<அ/>
<𐍑/>
<🪐/>
<😀/>
</力>

<ÀÖØöøÿĀĿŀſƀƿǀǿƀƿǀǿȀȿɀɿʀʿˀ˿/>
<ͰͽͿ΀οπϿ/>
<ЀпрѿҠҀҿӀӿԀԿՀտրֿ׀׿/>

<؀ؿـٿڀڿۀۿ/>
<܀ܿ݀݀ݿ/>
<ހ޿ހ޿/>
<ࠀ࠿ࡀࢿࣀࣿऀिीॿ/>
<ঀিী৿/>
<౿ൿවවເༀཀ྿࿀/>
<ကႠᄀᅀᆿᇀᇿሀሿቀቿኀዀዿጀጿፀ/>
<ᚿᛀក/>
<ᢿᣀ᧿ᨀᨿᩀ᪀/>
<ᰀ᰿᱀ᲀᴀᴿᵀᵿᶀᶿḀḿṀṿẀếỀỿ/>
<ἀἿὀᾀ᾿῀/>
<a⁰ⁿ₀₿℀ℿ⅀ⅿↀ/>
<ⰀⰿⱀⱿⲀⲿⳀ⳿ⴀⴿⵀⶀⷀⷿ/>
<⸀⸿⹀⺀⺿⻀⼀⼿⽀⽿⾀⾿⿀/>
<、みむむみむダㄿㆿ㇀ㇿ㈀㈿㋿㌀㏿/>

<㐀㐿㗿㘀㛀㛿㟀㟿/>
<㠀㠿㡀㤿㥀㨿㩀㬿㭀㯿/>
<㰀㰿㱀㶿㷀㼿㽀㾿㿀㿿/>
<䀀䀿䅀䅿䆀䊿䋀䍿䎀䏿/>
<䐀䕿䖀䙿䚀䝿䞀䟿/>
<䠀䢿䣀䧿䨀䪿䫀䬿䭀䯿/>
<䰀䱿䲀䴿䵀䶿䷀䷿一丿乀伿佀便俀俿/>
<倀忿怀濿瀀翿耀迿退/>
<ꀀꑿꒀ꒿꓀꓿ꔀꙀꟿꩿꪀꬿꭀꯀ가꿿/>
<뀀뚿뛀밿뱀뿿/>
<쀀쐿쑀엿였쟿저쩿쪀쿿/>
<퀀툿퉀퐿푀휿흀/>
<豈錄鹿ﬀנּﭿﮀﯿ﴿/>
<︿﹀ﹿﺿﻀ＿｀ｿﾀﺀﷰ/>
<�/>

<𐀀𐄀𐄿𐌀𐌿𐍀𐎿𐏀𐒀/>
<𒀀𒀿𒁀𒉿𒊀𒐀𒐿𒒀𒒿/>
<𗀀𗀿𗁀𗇿𗈀𗗿𗘀𗢿𗣀𗿿/>
<𛀀𛃿𝀀𝀿𝁀𝄀𝄿𝈀𝈿𝌀𝌿/>
<𞸀🀀🀿🂿🄀🄿🚀/>

<力>
<א/>
<س/>
<अ/>
<அ/>
<அ/>
<𐍑/>
<🪐/>
<😀/>
</力>

<ÀÖØöøÿĀĿŀſƀƿǀǿƀƿǀǿȀȿɀɿʀʿˀ˿/>
<ͰͽͿ΀οπϿ/>
<ЀпрѿҠҀҿӀӿԀԿՀտրֿ׀׿/>

<؀ؿـٿڀڿۀۿ/>
<܀ܿ݀݀ݿ/>
<ހ޿ހ޿/>
<ࠀ࠿ࡀࢿࣀࣿऀिीॿ/>
<ঀিী৿/>
<౿ൿවවເༀཀ྿࿀/>
<ကႠᄀᅀᆿᇀᇿሀሿቀቿኀዀዿጀጿፀ/>
<ᚿᛀក/>
<ᢿᣀ᧿ᨀᨿᩀ᪀/>
<ᰀ᰿᱀ᲀᴀᴿᵀᵿᶀᶿḀḿṀṿẀếỀỿ/>
<ἀἿὀᾀ᾿῀/>
<a⁰ⁿ₀₿℀ℿ⅀ⅿↀ/>
<ⰀⰿⱀⱿⲀⲿⳀ⳿ⴀⴿⵀⶀⷀⷿ/>
<⸀⸿⹀⺀⺿⻀⼀⼿⽀⽿⾀⾿⿀/>
<、みむむみむダㄿㆿ㇀ㇿ㈀㈿㋿㌀㏿/>

<㐀㐿㗿㘀㛀㛿㟀㟿/>
<㠀㠿㡀㤿㥀㨿㩀㬿㭀㯿/>
<㰀㰿㱀㶿㷀㼿㽀㾿㿀㿿/>
<䀀䀿䅀䅿䆀䊿䋀䍿䎀䏿/>
<䐀䕿䖀䙿䚀䝿䞀䟿/>
<䠀䢿䣀䧿䨀䪿䫀䬿䭀䯿/>
<䰀䱿䲀䴿䵀䶿䷀䷿一丿乀伿佀便俀俿/>
<倀忿怀濿瀀翿耀迿退/>
<ꀀꑿꒀ꒿꓀꓿ꔀꙀꟿꩿꪀꬿꭀꯀ가꿿/>
<뀀뚿뛀밿뱀뿿/>
<쀀쐿쑀엿였쟿저쩿쪀쿿/>
<퀀툿퉀퐿푀휿흀/>
<豈錄鹿ﬀנּﭿﮀﯿ﴿/>
<︿﹀ﹿﺿﻀ＿｀ｿﾀﺀﷰ/>
<�/>

<𐀀𐄀𐄿𐌀𐌿𐍀𐎿𐏀𐒀/>
<𒀀𒀿𒁀𒉿𒊀𒐀𒐿𒒀𒒿/>
<𗀀𗀿𗁀𗇿𗈀𗗿𗘀𗢿𗣀𗿿/>
<𛀀𛃿𝀀𝀿𝁀𝄀𝄿𝈀𝈿𝌀𝌿/>
<𞸀🀀🀿🂿🄀🄿🚀/>

<力>
<א/>
<س/>
<अ/>
<அ/>
<அ/>
<𐍑/>
<🪐/>
<😀/>
</力>

<ÀÖØöøÿĀĿŀſƀƿǀǿƀƿǀǿȀȿɀɿʀʿˀ˿/>
<ͰͽͿ΀οπϿ/>
<ЀпрѿҠҀҿӀӿԀԿՀտրֿ׀׿/>

<؀ؿـٿڀڿۀۿ/>
<܀ܿ݀݀ݿ/>
<ހ޿ހ޿/>
<ࠀ࠿ࡀࢿࣀࣿऀिीॿ/>
<ঀিী৿/>
<౿ൿවවເༀཀ྿࿀/>
<ကႠᄀᅀᆿᇀᇿሀሿቀቿኀዀዿጀጿፀ/>
<ᚿᛀក/>
<ᢿᣀ᧿ᨀᨿᩀ᪀/>
<ᰀ᰿᱀ᲀᴀᴿᵀᵿᶀᶿḀḿṀṿẀếỀỿ/>
<ἀἿὀᾀ᾿῀/>
<a⁰ⁿ₀₿℀ℿ⅀ⅿↀ/>
<ⰀⰿⱀⱿⲀⲿⳀ⳿ⴀⴿⵀⶀⷀⷿ/>
<⸀⸿⹀⺀⺿⻀⼀⼿⽀⽿⾀⾿⿀/>
<、みむむみむダㄿㆿ㇀ㇿ㈀㈿㋿㌀㏿/>

<㐀㐿㗿㘀㛀㛿㟀㟿/>
<㠀㠿㡀㤿㥀㨿㩀㬿㭀㯿/>
<㰀㰿㱀㶿㷀㼿㽀㾿㿀㿿/>
<䀀䀿䅀䅿䆀䊿䋀䍿䎀䏿/>
<䐀䕿䖀䙿䚀䝿䞀䟿/>
<䠀䢿䣀䧿䨀䪿䫀䬿䭀䯿/>
<䰀䱿䲀䴿䵀䶿䷀䷿一丿乀伿佀便俀俿/>
<倀忿怀濿瀀翿耀迿退/>
<ꀀꑿꒀ꒿꓀꓿ꔀꙀꟿꩿꪀꬿꭀꯀ가꿿/>
<뀀뚿뛀밿뱀뿿/>
<쀀쐿쑀엿였쟿저쩿쪀쿿/>
<퀀툿퉀퐿푀휿흀/>
<豈錄鹿ﬀנּﭿﮀﯿ﴿/>
<︿﹀ﹿﺿﻀ＿｀ｿﾀﺀﷰ/>
<�/>

<𐀀𐄀𐄿𐌀𐌿𐍀𐎿𐏀𐒀/>
<𒀀𒀿𒁀𒉿𒊀𒐀𒐿𒒀𒒿/>
<𗀀𗀿𗁀𗇿𗈀𗗿𗘀𗢿𗣀𗿿/>
<𛀀𛃿𝀀𝀿𝁀𝄀𝄿𝈀𝈿𝌀𝌿/>
<𞸀🀀🀿🂿🄀🄿🚀/>

<力>
<א/>
<س/>
<अ/>
<அ/>
<அ/>
<𐍑/>
<🪐/>
<😀/>
</力>

<ÀÖØöøÿĀĿŀſƀƿǀǿƀƿǀǿȀȿɀɿʀʿˀ˿/>
<ͰͽͿ΀οπϿ/>
<ЀпрѿҠҀҿӀӿԀԿՀտրֿ׀׿/>

<؀ؿـٿڀڿۀۿ/>
<܀ܿ݀݀ݿ/>
<ހ޿ހ޿/>
<ࠀ࠿ࡀࢿࣀࣿऀिीॿ/>
<ঀিী৿/>
<౿ൿවවເༀཀ྿࿀/>
<ကႠᄀᅀᆿᇀᇿሀሿቀቿኀዀዿጀጿፀ/>
<ᚿᛀក/>
<ᢿᣀ᧿ᨀᨿᩀ᪀/>
<ᰀ᰿᱀ᲀᴀᴿᵀᵿᶀᶿḀḿṀṿẀếỀỿ/>
<ἀἿὀᾀ᾿῀/>
<a⁰ⁿ₀₿℀ℿ⅀ⅿↀ/>
<ⰀⰿⱀⱿⲀⲿⳀ⳿ⴀⴿⵀⶀⷀⷿ/>
<⸀⸿⹀⺀⺿⻀⼀⼿⽀⽿⾀⾿⿀/>
<、みむむみむダㄿㆿ㇀ㇿ㈀㈿㋿㌀㏿/>

<㐀㐿㗿㘀㛀㛿㟀㟿/>
<㠀㠿㡀㤿㥀㨿㩀㬿㭀㯿/>
<㰀㰿㱀㶿㷀㼿㽀㾿㿀㿿/>
<䀀䀿䅀䅿䆀䊿䋀䍿䎀䏿/>
<䐀䕿䖀䙿䚀䝿䞀䟿/>
<䠀䢿䣀䧿䨀䪿䫀䬿䭀䯿/>
<䰀䱿䲀䴿䵀䶿䷀䷿一丿乀伿佀便俀俿/>
<倀忿怀濿瀀翿耀迿退/>
<ꀀꑿꒀ꒿꓀꓿ꔀꙀꟿꩿꪀꬿꭀꯀ가꿿/>
<뀀뚿뛀밿뱀뿿/>
<쀀쐿쑀엿였쟿저쩿쪀쿿/>
<퀀툿퉀퐿푀휿흀/>
<豈錄鹿ﬀנּﭿﮀﯿ﴿/>
<︿﹀ﹿﺿﻀ＿｀ｿﾀﺀﷰ/>
<�/>

<𐀀𐄀𐄿𐌀𐌿𐍀𐎿𐏀𐒀/>
<𒀀𒀿𒁀𒉿𒊀𒐀𒐿𒒀𒒿/>
<𗀀𗀿𗁀𗇿𗈀𗗿𗘀𗢿𗣀𗿿/>
<𛀀𛃿𝀀𝀿𝁀𝄀𝄿𝈀𝈿𝌀𝌿/>
<𞸀🀀🀿🂿🄀🄿🚀/>

<力>
<א/>
<س/>
<अ/>
<அ/>
<அ/>
<𐍑/>
<🪐/>
<😀/>
</力>

<ÀÖØöøÿĀĿŀſƀƿǀǿƀƿǀǿȀȿɀɿʀʿˀ˿/>
<ͰͽͿ΀οπϿ/>
<ЀпрѿҠҀҿӀӿԀԿՀտրֿ׀׿/>

<؀ؿـٿڀڿۀۿ/>
<܀ܿ݀݀ݿ/>
<ހ޿ހ޿/>
<ࠀ࠿ࡀࢿࣀࣿऀिीॿ/>
<ঀিী৿/>
<౿ൿවවເༀཀ྿࿀/>
<ကႠᄀᅀᆿᇀᇿሀሿቀቿኀዀዿጀጿፀ/>
<ᚿᛀក/>
<ᢿᣀ᧿ᨀᨿᩀ᪀/>
<ᰀ᰿᱀ᲀᴀᴿᵀᵿᶀᶿḀḿṀṿẀếỀỿ/>
<ἀἿὀᾀ᾿῀/>
<a⁰ⁿ₀₿℀ℿ⅀ⅿↀ/>
<ⰀⰿⱀⱿⲀⲿⳀ⳿ⴀⴿⵀⶀⷀⷿ/>
<⸀⸿⹀⺀⺿⻀⼀⼿⽀⽿⾀⾿⿀/>
<、みむむみむダㄿㆿ㇀ㇿ㈀㈿㋿㌀㏿/>

<㐀㐿㗿㘀㛀㛿㟀㟿/>
<㠀㠿㡀㤿㥀㨿㩀㬿㭀㯿/>
<㰀㰿㱀㶿㷀㼿㽀㾿㿀㿿/>
<䀀䀿䅀䅿䆀䊿䋀䍿䎀䏿/>
<䐀䕿䖀䙿䚀䝿䞀䟿/>
<䠀䢿䣀䧿䨀䪿䫀䬿䭀䯿/>
<䰀䱿䲀䴿䵀䶿䷀䷿一丿乀伿佀便俀俿/>
<倀忿怀濿瀀翿耀迿退/>
<ꀀꑿꒀ꒿꓀꓿ꔀꙀꟿꩿꪀꬿꭀꯀ가꿿/>
<뀀뚿뛀밿뱀뿿/>
<쀀쐿쑀엿였쟿저쩿쪀쿿/>
<퀀툿퉀퐿푀휿흀/>
<豈錄鹿ﬀנּﭿﮀﯿ﴿/>
<︿﹀ﹿﺿﻀ＿｀ｿﾀﺀﷰ/>
<�/>

<𐀀𐄀𐄿𐌀𐌿𐍀𐎿𐏀𐒀/>
<𒀀𒀿𒁀𒉿𒊀𒐀𒐿𒒀𒒿/>
<𗀀𗀿𗁀𗇿𗈀𗗿𗘀𗢿𗣀𗿿/>
<𛀀𛃿𝀀𝀿𝁀𝄀𝄿𝈀𝈿𝌀𝌿/>
<𞸀🀀🀿🂿🄀🄿🚀/>

<力>
<א/>
<س/>
<अ/>
<அ/>
<அ/>
<𐍑/>
<🪐/>
<😀/>
</力>

<ÀÖØöøÿĀĿŀſƀƿǀǿƀƿǀǿȀȿɀɿʀʿˀ˿/>
<ͰͽͿ΀οπϿ/>
<ЀпрѿҠҀҿӀӿԀԿՀտրֿ׀׿/>

<؀ؿـٿڀڿۀۿ/>
<܀ܿ݀݀ݿ/>
<ހ޿ހ޿/>
<ࠀ࠿ࡀࢿࣀࣿऀिीॿ/>
<ঀিী৿/>
<౿ൿවවເༀཀ྿࿀/>
<ကႠᄀᅀᆿᇀᇿሀሿቀቿኀዀዿጀጿፀ/>
<ᚿᛀក/>
<ᢿᣀ᧿ᨀᨿᩀ᪀/>
<ᰀ᰿᱀ᲀᴀᴿᵀᵿᶀᶿḀḿṀṿẀếỀỿ/>
<ἀἿὀᾀ᾿῀/>
<a⁰ⁿ₀₿℀ℿ⅀ⅿↀ/>
<ⰀⰿⱀⱿⲀⲿⳀ⳿ⴀⴿⵀⶀⷀⷿ/>
<⸀⸿⹀⺀⺿⻀⼀⼿⽀⽿⾀⾿⿀/>
<、みむむみむダㄿㆿ㇀ㇿ㈀㈿㋿㌀㏿/>

<㐀㐿㗿㘀㛀㛿㟀㟿/>
<㠀㠿㡀㤿㥀㨿㩀㬿㭀㯿/>
<㰀㰿㱀㶿㷀㼿㽀㾿㿀㿿/>
<䀀䀿䅀䅿䆀䊿䋀䍿䎀䏿/>
<䐀䕿䖀䙿䚀䝿䞀䟿/>
<䠀䢿䣀䧿䨀䪿䫀䬿䭀䯿/>
<䰀䱿䲀䴿䵀䶿䷀䷿一丿乀伿佀便俀俿/>
<倀忿怀濿瀀翿耀迿退/>
<ꀀꑿꒀ꒿꓀꓿ꔀꙀꟿꩿꪀꬿꭀꯀ가꿿/>
<뀀뚿뛀밿뱀뿿/>
<쀀쐿쑀엿였쟿저쩿쪀쿿/>
<퀀툿퉀퐿푀휿흀/>
<豈錄鹿ﬀנּﭿﮀﯿ﴿/>
<︿﹀ﹿﺿﻀ＿｀ｿﾀﺀﷰ/>
<�/>

<𐀀𐄀𐄿𐌀𐌿𐍀𐎿𐏀𐒀/>
<𒀀𒀿𒁀𒉿𒊀𒐀𒐿𒒀𒒿/>
<𗀀𗀿𗁀𗇿𗈀𗗿𗘀𗢿𗣀𗿿/>
<𛀀𛃿𝀀𝀿𝁀𝄀𝄿𝈀𝈿𝌀𝌿/>
<𞸀🀀🀿🂿🄀🄿🚀/>

<力>
<א/>
<س/>
<अ/>
<அ/>
<அ/>
<𐍑/>
<🪐/>
<😀/>
</力>

<ÀÖØöøÿĀĿŀſƀƿǀǿƀƿǀǿȀȿɀɿʀʿˀ˿/>
<ͰͽͿ΀οπϿ/>
<ЀпрѿҠҀҿӀӿԀԿՀտրֿ׀׿/>

<؀ؿـٿڀڿۀۿ/>
<܀ܿ݀݀ݿ/>
<ހ޿ހ޿/>
<ࠀ࠿ࡀࢿࣀࣿऀिीॿ/>
<ঀিী৿/>
<౿ൿවවເༀཀ྿࿀/>
<ကႠᄀᅀᆿᇀᇿሀሿቀቿኀዀዿጀጿፀ/>
<ᚿᛀក/>
<ᢿᣀ᧿ᨀᨿᩀ᪀/>
<ᰀ᰿᱀ᲀᴀᴿᵀᵿᶀᶿḀḿṀṿẀếỀỿ/>
<ἀἿὀᾀ᾿῀/>
<a⁰ⁿ₀₿℀ℿ⅀ⅿↀ/>
<ⰀⰿⱀⱿⲀⲿⳀ⳿ⴀⴿⵀⶀⷀⷿ/>
<⸀⸿⹀⺀⺿⻀⼀⼿⽀⽿⾀⾿⿀/>
<、みむむみむダㄿㆿ㇀ㇿ㈀㈿㋿㌀㏿/>

<㐀㐿㗿㘀㛀㛿㟀㟿/>
<㠀㠿㡀㤿㥀㨿㩀㬿㭀㯿/>
<㰀㰿㱀㶿㷀㼿㽀㾿㿀㿿/>
<䀀䀿䅀䅿䆀䊿䋀䍿䎀䏿/>
<䐀䕿䖀䙿䚀䝿䞀䟿/>
<䠀䢿䣀䧿䨀䪿䫀䬿䭀䯿/>
<䰀䱿䲀䴿䵀䶿䷀䷿一丿乀伿佀便俀俿/>
<倀忿怀濿瀀翿耀迿退/>
<ꀀꑿꒀ꒿꓀꓿ꔀꙀꟿꩿꪀꬿꭀꯀ가꿿/>
<뀀뚿뛀밿뱀뿿/>
<쀀쐿쑀엿였쟿저쩿쪀쿿/>
<퀀툿퉀퐿푀휿흀/>
<豈錄鹿ﬀנּﭿﮀﯿ﴿/>
<︿﹀ﹿﺿﻀ＿｀ｿﾀﺀﷰ/>
<�/>

<𐀀𐄀𐄿𐌀𐌿𐍀𐎿𐏀𐒀/>
<𒀀𒀿𒁀𒉿𒊀𒐀𒐿𒒀𒒿/>
<𗀀𗀿𗁀𗇿𗈀𗗿𗘀𗢿𗣀𗿿/>
<𛀀𛃿𝀀𝀿𝁀𝄀𝄿𝈀𝈿𝌀𝌿/>
<𞸀🀀🀿🂿🄀🄿🚀/>

<力>
<א/>
<س/>
<अ/>
<அ/>
<அ/>
<𐍑/>
<🪐/>
<😀/>
</力>

<ÀÖØöøÿĀĿŀſƀƿǀǿƀƿǀǿȀȿɀɿʀʿˀ˿/>
<ͰͽͿ΀οπϿ/>
<ЀпрѿҠҀҿӀӿԀԿՀտրֿ׀׿/>

<؀ؿـٿڀڿۀۿ/>
<܀ܿ݀݀ݿ/>
<ހ޿ހ޿/>
<ࠀ࠿ࡀࢿࣀࣿऀिीॿ/>
<ঀিী৿/>
<౿ൿවවເༀཀ྿࿀/>
<ကႠᄀᅀᆿᇀᇿሀሿቀቿኀዀዿጀጿፀ/>
<ᚿᛀក/>
<ᢿᣀ᧿ᨀᨿᩀ᪀/>
<ᰀ᰿᱀ᲀᴀᴿᵀᵿᶀᶿḀḿṀṿẀếỀỿ/>
<ἀἿὀᾀ᾿῀/>
<a⁰ⁿ₀₿℀ℿ⅀ⅿↀ/>
<ⰀⰿⱀⱿⲀⲿⳀ⳿ⴀⴿⵀⶀⷀⷿ/>
<⸀⸿⹀⺀⺿⻀⼀⼿⽀⽿⾀⾿⿀/>
<、みむむみむダㄿㆿ㇀ㇿ㈀㈿㋿㌀㏿/>

<㐀㐿㗿㘀㛀㛿㟀㟿/>
<㠀㠿㡀㤿㥀㨿㩀㬿㭀㯿/>
<㰀㰿㱀㶿㷀㼿㽀㾿㿀㿿/>
<䀀䀿䅀䅿䆀䊿䋀䍿䎀䏿/>
<䐀䕿䖀䙿䚀䝿䞀䟿/>
<䠀䢿䣀䧿䨀䪿䫀䬿䭀䯿/>
<䰀䱿䲀䴿䵀䶿䷀䷿一丿乀伿佀便俀俿/>
<倀忿怀濿瀀翿耀迿退/>
<ꀀꑿꒀ꒿꓀꓿ꔀꙀꟿꩿꪀꬿꭀꯀ가꿿/>
<뀀뚿뛀밿뱀뿿/>
<쀀쐿쑀엿였쟿저쩿쪀쿿/>
<퀀툿퉀퐿푀휿흀/>
<豈錄鹿ﬀנּﭿﮀﯿ﴿/>
<︿﹀ﹿﺿﻀ＿｀ｿﾀﺀﷰ/>
<�/>

<𐀀𐄀𐄿𐌀𐌿𐍀𐎿𐏀𐒀/>
<𒀀𒀿𒁀𒉿𒊀𒐀𒐿𒒀𒒿/>
<𗀀𗀿𗁀𗇿𗈀𗗿𗘀𗢿𗣀𗿿/>
<𛀀𛃿𝀀𝀿𝁀𝄀𝄿𝈀𝈿𝌀𝌿/>
<𞸀🀀🀿🂿🄀🄿🚀/>

<力>
<א/>
<س/>
<अ/>
<அ/>
<அ/>
<𐍑/>
<🪐/>
<😀/>
</力>

<ÀÖØöøÿĀĿŀſƀƿǀǿƀƿǀǿȀȿɀɿʀʿˀ˿/>
<ͰͽͿ΀οπϿ/>
<ЀпрѿҠҀҿӀӿԀԿՀտրֿ׀׿/>

<؀ؿـٿڀڿۀۿ/>
<܀ܿ݀݀ݿ/>
<ހ޿ހ޿/>
<ࠀ࠿ࡀࢿࣀࣿऀिीॿ/>
<ঀিী৿/>
<౿ൿවවເༀཀ྿࿀/>
<ကႠᄀᅀᆿᇀᇿሀሿቀቿኀዀዿጀጿፀ/>
<ᚿᛀក/>
<ᢿᣀ᧿ᨀᨿᩀ᪀/>
<ᰀ᰿᱀ᲀᴀᴿᵀᵿᶀᶿḀḿṀṿẀếỀỿ/>
<ἀἿὀᾀ᾿῀/>
<a⁰ⁿ₀₿℀ℿ⅀ⅿↀ/>
<ⰀⰿⱀⱿⲀⲿⳀ⳿ⴀⴿⵀⶀⷀⷿ/>
<⸀⸿⹀⺀⺿⻀⼀⼿⽀⽿⾀⾿⿀/>
<、みむむみむダㄿㆿ㇀ㇿ㈀㈿㋿㌀㏿/>

<㐀㐿㗿㘀㛀㛿㟀㟿/>
<㠀㠿㡀㤿㥀㨿㩀㬿㭀㯿/>
<㰀㰿㱀㶿㷀㼿㽀㾿㿀㿿/>
<䀀䀿䅀䅿䆀䊿䋀䍿䎀䏿/>
<䐀䕿䖀䙿䚀䝿䞀䟿/>
<䠀䢿䣀䧿䨀䪿䫀䬿䭀䯿/>
<䰀䱿䲀䴿䵀䶿䷀䷿一丿乀伿佀便俀俿/>
<倀忿怀濿瀀翿耀迿退/>
<ꀀꑿꒀ꒿꓀꓿ꔀꙀꟿꩿꪀꬿꭀꯀ가꿿/>
<뀀뚿뛀밿뱀뿿/>
<쀀쐿쑀엿였쟿저쩿쪀쿿/>
<퀀툿퉀퐿푀휿흀/>
<豈錄鹿ﬀנּﭿﮀﯿ﴿/>
<︿﹀ﹿﺿﻀ＿｀ｿﾀﺀﷰ/>
<�/>

<𐀀𐄀𐄿𐌀𐌿𐍀𐎿𐏀𐒀/>
<𒀀𒀿𒁀𒉿𒊀𒐀𒐿𒒀𒒿/>
<𗀀𗀿𗁀𗇿𗈀𗗿𗘀𗢿𗣀𗿿/>
<𛀀𛃿𝀀𝀿𝁀𝄀𝄿𝈀𝈿𝌀𝌿/>
<𞸀🀀🀿🂿🄀🄿🚀/>

<力>
<א/>
<س/>
<अ/>
<அ/>
<அ/>
<𐍑/>
<🪐/>
<😀/>
</力>

<ÀÖØöøÿĀĿŀſƀƿǀǿƀƿǀǿȀȿɀɿʀʿˀ˿/>
<ͰͽͿ΀οπϿ/>
<ЀпрѿҠҀҿӀӿԀԿՀտրֿ׀׿/>

<؀ؿـٿڀڿۀۿ/>
<܀ܿ݀݀ݿ/>
<ހ޿ހ޿/>
<ࠀ࠿ࡀࢿࣀࣿऀिीॿ/>
<ঀিী৿/>
<౿ൿවවເༀཀ྿࿀/>
<ကႠᄀᅀᆿᇀᇿሀሿቀቿኀዀዿጀጿፀ/>
<ᚿᛀក/>
<ᢿᣀ᧿ᨀᨿᩀ᪀/>
<ᰀ᰿᱀ᲀᴀᴿᵀᵿᶀᶿḀḿṀṿẀếỀỿ/>
<ἀἿὀᾀ᾿῀/>
<a⁰ⁿ₀₿℀ℿ⅀ⅿↀ/>
<ⰀⰿⱀⱿⲀⲿⳀ⳿ⴀⴿⵀⶀⷀⷿ/>
<⸀⸿⹀⺀⺿⻀⼀⼿⽀⽿⾀⾿⿀/>
<、みむむみむダㄿㆿ㇀ㇿ㈀㈿㋿㌀㏿/>

<㐀㐿㗿㘀㛀㛿㟀㟿/>
<㠀㠿㡀㤿㥀㨿㩀㬿㭀㯿/>
<㰀㰿㱀㶿㷀㼿㽀㾿㿀㿿/>
<䀀䀿䅀䅿䆀䊿䋀䍿䎀䏿/>
<䐀䕿䖀䙿䚀䝿䞀䟿/>
<䠀䢿䣀䧿䨀䪿䫀䬿䭀䯿/>
<䰀䱿䲀䴿䵀䶿䷀䷿一丿乀伿佀便俀俿/>
<倀忿怀濿瀀翿耀迿退/>
<ꀀꑿꒀ꒿꓀꓿ꔀꙀꟿꩿꪀꬿꭀꯀ가꿿/>
<뀀뚿뛀밿뱀뿿/>
<쀀쐿쑀엿였쟿저쩿쪀쿿/>
<퀀툿퉀퐿푀휿흀/>
<豈錄鹿ﬀנּﭿﮀﯿ﴿/>
<︿﹀ﹿﺿﻀ＿｀ｿﾀﺀﷰ/>
<�/>

<𐀀𐄀𐄿𐌀𐌿𐍀𐎿𐏀𐒀/>
<𒀀𒀿𒁀𒉿𒊀𒐀𒐿𒒀𒒿/>
<𗀀𗀿𗁀𗇿𗈀𗗿𗘀𗢿𗣀𗿿/>
<𛀀𛃿𝀀𝀿𝁀𝄀𝄿𝈀𝈿𝌀𝌿/>
<𞸀🀀🀿🂿🄀🄿🚀/>

<力>
<א/>
<س/>
<अ/>
<அ/>
<அ/>
<𐍑/>
<🪐/>
<😀/>
</力>

<ÀÖØöøÿĀĿŀſƀƿǀǿƀƿǀǿȀȿɀɿʀʿˀ˿/>
<ͰͽͿ΀οπϿ/>
<ЀпрѿҠҀҿӀӿԀԿՀտրֿ׀׿/>

<؀ؿـٿڀڿۀۿ/>
<܀ܿ݀݀ݿ/>
<ހ޿ހ޿/>
<ࠀ࠿ࡀࢿࣀࣿऀिीॿ/>
<ঀিী৿/>
<౿ൿවවເༀཀ྿࿀/>
<ကႠᄀᅀᆿᇀᇿሀሿቀቿኀዀዿጀጿፀ/>
<ᚿᛀក/>
<ᢿᣀ᧿ᨀᨿᩀ᪀/>
<ᰀ᰿᱀ᲀᴀᴿᵀᵿᶀᶿḀḿṀṿẀếỀỿ/>
<ἀἿὀᾀ᾿῀/>
<a⁰ⁿ₀₿℀ℿ⅀ⅿↀ/>
<ⰀⰿⱀⱿⲀⲿⳀ⳿ⴀⴿⵀⶀⷀⷿ/>
<⸀⸿⹀⺀⺿⻀⼀⼿⽀⽿⾀⾿⿀/>
<、みむむみむダㄿㆿ㇀ㇿ㈀㈿㋿㌀㏿/>

<㐀㐿㗿㘀㛀㛿㟀㟿/>
<㠀㠿㡀㤿㥀㨿㩀㬿㭀㯿/>
<㰀㰿㱀㶿㷀㼿㽀㾿㿀㿿/>
<䀀䀿䅀䅿䆀䊿䋀䍿䎀䏿/>
<䐀䕿䖀䙿䚀䝿䞀䟿/>
<䠀䢿䣀䧿䨀䪿䫀䬿䭀䯿/>
<䰀䱿䲀䴿䵀䶿䷀䷿一丿乀伿佀便俀俿/>
<倀忿怀濿瀀翿耀迿退/>
<ꀀꑿꒀ꒿꓀꓿ꔀꙀꟿꩿꪀꬿꭀꯀ가꿿/>
<뀀뚿뛀밿뱀뿿/>
<쀀쐿쑀엿였쟿저쩿쪀쿿/>
<퀀툿퉀퐿푀휿흀/>
<豈錄鹿ﬀנּﭿﮀﯿ﴿/>
<︿﹀ﹿﺿﻀ＿｀ｿﾀﺀﷰ/>
<�/>

<𐀀𐄀𐄿𐌀𐌿𐍀𐎿𐏀𐒀/>
<𒀀𒀿𒁀𒉿𒊀𒐀𒐿𒒀𒒿/>
<𗀀𗀿𗁀𗇿𗈀𗗿𗘀𗢿𗣀𗿿/>
<𛀀𛃿𝀀𝀿𝁀𝄀𝄿𝈀𝈿𝌀𝌿/>
<𞸀🀀🀿🂿🄀🄿🚀/>

<力>
<א/>
<س/>
<अ/>
<அ/>
<அ/>
<𐍑/>
<🪐/>
<😀/>
</力>

<ÀÖØöøÿĀĿŀſƀƿǀǿƀƿǀǿȀȿɀɿʀʿˀ˿/>
<ͰͽͿ΀οπϿ/>
<ЀпрѿҠҀҿӀӿԀԿՀտրֿ׀׿/>

<؀ؿـٿڀڿۀۿ/>
<܀ܿ݀݀ݿ/>
<ހ޿ހ޿/>
<ࠀ࠿ࡀࢿࣀࣿऀिीॿ/>
<ঀিী৿/>
<౿ൿවවເༀཀ྿࿀/>
<ကႠᄀᅀᆿᇀᇿሀሿቀቿኀዀዿጀጿፀ/>
<ᚿᛀក/>
<ᢿᣀ᧿ᨀᨿᩀ᪀/>
<ᰀ᰿᱀ᲀᴀᴿᵀᵿᶀᶿḀḿṀṿẀếỀỿ/>
<ἀἿὀᾀ᾿῀/>
<a⁰ⁿ₀₿℀ℿ⅀ⅿↀ/>
<ⰀⰿⱀⱿⲀⲿⳀ⳿ⴀⴿⵀⶀⷀⷿ/>
<⸀⸿⹀⺀⺿⻀⼀⼿⽀⽿⾀⾿⿀/>
<、みむむみむダㄿㆿ㇀ㇿ㈀㈿㋿㌀㏿/>

<㐀㐿㗿㘀㛀㛿㟀㟿/>
<㠀㠿㡀㤿㥀㨿㩀㬿㭀㯿/>
<㰀㰿㱀㶿㷀㼿㽀㾿㿀㿿/>
<䀀䀿䅀䅿䆀䊿䋀䍿䎀䏿/>
<䐀䕿䖀䙿䚀䝿䞀䟿/>
<䠀䢿䣀䧿䨀䪿䫀䬿䭀䯿/>
<䰀䱿䲀䴿䵀䶿䷀䷿一丿乀伿佀便俀俿/>
<倀忿怀濿瀀翿耀迿退/>
<ꀀꑿꒀ꒿꓀꓿ꔀꙀꟿꩿꪀꬿꭀꯀ가꿿/>
<뀀뚿뛀밿뱀뿿/>
<쀀쐿쑀엿였쟿저쩿쪀쿿/>
<퀀툿퉀퐿푀휿흀/>
<豈錄鹿ﬀנּﭿﮀﯿ﴿/>
<︿﹀ﹿﺿﻀ＿｀ｿﾀﺀﷰ/>
<�/>

<𐀀𐄀𐄿𐌀𐌿𐍀𐎿𐏀𐒀/>
<𒀀𒀿𒁀𒉿𒊀𒐀𒐿𒒀𒒿/>
<𗀀𗀿𗁀𗇿𗈀𗗿𗘀𗢿𗣀𗿿/>
<𛀀𛃿𝀀𝀿𝁀𝄀𝄿𝈀𝈿𝌀𝌿/>
<𞸀🀀🀿🂿🄀🄿🚀/>

<力>
<א/>
<س/>
<अ/>
<அ/>
<அ/>
<𐍑/>
<🪐/>
<😀/>
</力>

<ÀÖØöøÿĀĿŀſƀƿǀǿƀƿǀǿȀȿɀɿʀʿˀ˿/>
<ͰͽͿ΀οπϿ/>
<ЀпрѿҠҀҿӀӿԀԿՀտրֿ׀׿/>

<؀ؿـٿڀڿۀۿ/>
<܀ܿ݀݀ݿ/>
<ހ޿ހ޿/>
<ࠀ࠿ࡀࢿࣀࣿऀिीॿ/>
<ঀিী৿/>
<౿ൿවවເༀཀ྿࿀/>
<ကႠᄀᅀᆿᇀᇿሀሿቀቿኀዀዿጀጿፀ/>
<ᚿᛀក/>
<ᢿᣀ᧿ᨀᨿᩀ᪀/>
<ᰀ᰿᱀ᲀᴀᴿᵀᵿᶀᶿḀḿṀṿẀếỀỿ/>
<ἀἿὀᾀ᾿῀/>
<a⁰ⁿ₀₿℀ℿ⅀ⅿↀ/>
<ⰀⰿⱀⱿⲀⲿⳀ⳿ⴀⴿⵀⶀⷀⷿ/>
<⸀⸿⹀⺀⺿⻀⼀⼿⽀⽿⾀⾿⿀/>
<、みむむみむダㄿㆿ㇀ㇿ㈀㈿㋿㌀㏿/>

<㐀㐿㗿㘀㛀㛿㟀㟿/>
<㠀㠿㡀㤿㥀㨿㩀㬿㭀㯿/>
<㰀㰿㱀㶿㷀㼿㽀㾿㿀㿿/>
<䀀䀿䅀䅿䆀䊿䋀䍿䎀䏿/>
<䐀䕿䖀䙿䚀䝿䞀䟿/>
<䠀䢿䣀䧿䨀䪿䫀䬿䭀䯿/>
<䰀䱿䲀䴿䵀䶿䷀䷿一丿乀伿佀便俀俿/>
<倀忿怀濿瀀翿耀迿退/>
<ꀀꑿꒀ꒿꓀꓿ꔀꙀꟿꩿꪀꬿꭀꯀ가꿿/>
<뀀뚿뛀밿뱀뿿/>
<쀀쐿쑀엿였쟿저쩿쪀쿿/>
<퀀툿퉀퐿푀휿흀/>
<豈錄鹿ﬀנּﭿﮀﯿ﴿/>
<︿﹀ﹿﺿﻀ＿｀ｿﾀﺀﷰ/>
<�/>

<𐀀𐄀𐄿𐌀𐌿𐍀𐎿𐏀𐒀/>
<𒀀𒀿𒁀𒉿𒊀𒐀𒐿𒒀𒒿/>
<𗀀𗀿𗁀𗇿𗈀𗗿𗘀𗢿𗣀𗿿/>
<𛀀𛃿𝀀𝀿𝁀𝄀𝄿𝈀𝈿𝌀𝌿/>
<𞸀🀀🀿🂿🄀🄿🚀/>

<力>
<א/>
<س/>
<अ/>
<அ/>
<அ/>
<𐍑/>
<🪐/>
<😀/>
</力>

<ÀÖØöøÿĀĿŀſƀƿǀǿƀƿǀǿȀȿɀɿʀʿˀ˿/>
<ͰͽͿ΀οπϿ/>
<ЀпрѿҠҀҿӀӿԀԿՀտրֿ׀׿/>

<؀ؿـٿڀڿۀۿ/>
<܀ܿ݀݀ݿ/>
<ހ޿ހ޿/>
<ࠀ࠿ࡀࢿࣀࣿऀिीॿ/>
<ঀিী৿/>
<౿ൿවවເༀཀ྿࿀/>
<ကႠᄀᅀᆿᇀᇿሀሿቀቿኀዀዿጀጿፀ/>
<ᚿᛀក/>
<ᢿᣀ᧿ᨀᨿᩀ᪀/>
<ᰀ᰿᱀ᲀᴀᴿᵀᵿᶀᶿḀḿṀṿẀếỀỿ/>
<ἀἿὀᾀ᾿῀/>
<a⁰ⁿ₀₿℀ℿ⅀ⅿↀ/>
<ⰀⰿⱀⱿⲀⲿⳀ⳿ⴀⴿⵀⶀⷀⷿ/>
<⸀⸿⹀⺀⺿⻀⼀⼿⽀⽿⾀⾿⿀/>
<、みむむみむダㄿㆿ㇀ㇿ㈀㈿㋿㌀㏿/>

<㐀㐿㗿㘀㛀㛿㟀㟿/>
<㠀㠿㡀㤿㥀㨿㩀㬿㭀㯿/>
<㰀㰿㱀㶿㷀㼿㽀㾿㿀㿿/>
<䀀䀿䅀䅿䆀䊿䋀䍿䎀䏿/>
<䐀䕿䖀䙿䚀䝿䞀䟿/>
<䠀䢿䣀䧿䨀䪿䫀䬿䭀䯿/>
<䰀䱿䲀䴿䵀䶿䷀䷿一丿乀伿佀便俀俿/>
<倀忿怀濿瀀翿耀迿退/>
<ꀀꑿꒀ꒿꓀꓿ꔀꙀꟿꩿꪀꬿꭀꯀ가꿿/>
<뀀뚿뛀밿뱀뿿/>
<쀀쐿쑀엿였쟿저쩿쪀쿿/>
<퀀툿퉀퐿푀휿흀/>
<豈錄鹿ﬀנּﭿﮀﯿ﴿/>
<︿﹀ﹿﺿﻀ＿｀ｿﾀﺀﷰ/>
<�/>

<𐀀𐄀𐄿𐌀𐌿𐍀𐎿𐏀𐒀/>
<𒀀𒀿𒁀𒉿𒊀𒐀𒐿𒒀𒒿/>
<𗀀𗀿𗁀𗇿𗈀𗗿𗘀𗢿𗣀𗿿/>
<𛀀𛃿𝀀𝀿𝁀𝄀𝄿𝈀𝈿𝌀𝌿/>
<𞸀🀀🀿🂿🄀🄿🚀/>

<力>
<א/>
<س/>
<अ/>
<அ/>
<அ/>
<𐍑/>
<🪐/>
<😀/>
</力>

<ÀÖØöøÿĀĿŀſƀƿǀǿƀƿǀǿȀȿɀɿʀʿˀ˿/>
<ͰͽͿ΀οπϿ/>
<ЀпрѿҠҀҿӀӿԀԿՀտրֿ׀׿/>

<؀ؿـٿڀڿۀۿ/>
<܀ܿ݀݀ݿ/>
<ހ޿ހ޿/>
<ࠀ࠿ࡀࢿࣀࣿऀिीॿ/>
<ঀিী৿/>
<౿ൿවවເༀཀ྿࿀/>
<ကႠᄀᅀᆿᇀᇿሀሿቀቿኀዀዿጀጿፀ/>
<ᚿᛀក/>
<ᢿᣀ᧿ᨀᨿᩀ᪀/>
<ᰀ᰿᱀ᲀᴀᴿᵀᵿᶀᶿḀḿṀṿẀếỀỿ/>
<ἀἿὀᾀ᾿῀/>
<a⁰ⁿ₀₿℀ℿ⅀ⅿↀ/>
<ⰀⰿⱀⱿⲀⲿⳀ⳿ⴀⴿⵀⶀⷀⷿ/>
<⸀⸿⹀⺀⺿⻀⼀⼿⽀⽿⾀⾿⿀/>
<、みむむみむダㄿㆿ㇀ㇿ㈀㈿㋿㌀㏿/>

<㐀㐿㗿㘀㛀㛿㟀㟿/>
<㠀㠿㡀㤿㥀㨿㩀㬿㭀㯿/>
<㰀㰿㱀㶿㷀㼿㽀㾿㿀㿿/>
<䀀䀿䅀䅿䆀䊿䋀䍿䎀䏿/>
<䐀䕿䖀䙿䚀䝿䞀䟿/>
<䠀䢿䣀䧿䨀䪿䫀䬿䭀䯿/>
<䰀䱿䲀䴿䵀䶿䷀䷿一丿乀伿佀便俀俿/>
<倀忿怀濿瀀翿耀迿退/>
<ꀀꑿꒀ꒿꓀꓿ꔀꙀꟿꩿꪀꬿꭀꯀ가꿿/>
<뀀뚿뛀밿뱀뿿/>
<쀀쐿쑀엿였쟿저쩿쪀쿿/>
<퀀툿퉀퐿푀휿흀/>
<豈錄鹿ﬀנּﭿﮀﯿ﴿/>
<︿﹀ﹿﺿﻀ＿｀ｿﾀﺀﷰ/>
<�/>

<𐀀𐄀𐄿𐌀𐌿𐍀𐎿𐏀𐒀/>
<𒀀𒀿𒁀𒉿𒊀𒐀𒐿𒒀𒒿/>
<𗀀𗀿𗁀𗇿𗈀𗗿𗘀𗢿𗣀𗿿/>
<𛀀𛃿𝀀𝀿𝁀𝄀𝄿𝈀𝈿𝌀𝌿/>
<𞸀🀀🀿🂿🄀🄿🚀/>

<力>
<א/>
<س/>
<अ/>
<அ/>
<அ/>
<𐍑/>
<🪐/>
<😀/>
</力>

<ÀÖØöøÿĀĿŀſƀƿǀǿƀƿǀǿȀȿɀɿʀʿˀ˿/>
<ͰͽͿ΀οπϿ/>
<ЀпрѿҠҀҿӀӿԀԿՀտրֿ׀׿/>

<؀ؿـٿڀڿۀۿ/>
<܀ܿ݀݀ݿ/>
<ހ޿ހ޿/>
<ࠀ࠿ࡀࢿࣀࣿऀिीॿ/>
<ঀিী৿/>
<౿ൿවවເༀཀ྿࿀/>
<ကႠᄀᅀᆿᇀᇿሀሿቀቿኀዀዿጀጿፀ/>
<ᚿᛀក/>
<ᢿᣀ᧿ᨀᨿᩀ᪀/>
<ᰀ᰿᱀ᲀᴀᴿᵀᵿᶀᶿḀḿṀṿẀếỀỿ/>
<ἀἿὀᾀ᾿῀/>
<a⁰ⁿ₀₿℀ℿ⅀ⅿↀ/>
<ⰀⰿⱀⱿⲀⲿⳀ⳿ⴀⴿⵀⶀⷀⷿ/>
<⸀⸿⹀⺀⺿⻀⼀⼿⽀⽿⾀⾿⿀/>
<、みむむみむダㄿㆿ㇀ㇿ㈀㈿㋿㌀㏿/>

<㐀㐿㗿㘀㛀㛿㟀㟿/>
<㠀㠿㡀㤿㥀㨿㩀㬿㭀㯿/>
<㰀㰿㱀㶿㷀㼿㽀㾿㿀㿿/>
<䀀䀿䅀䅿䆀䊿䋀䍿䎀䏿/>
<䐀䕿䖀䙿䚀䝿䞀䟿/>
<䠀䢿䣀䧿䨀䪿䫀䬿䭀䯿/>
<䰀䱿䲀䴿䵀䶿䷀䷿一丿乀伿佀便俀俿/>
<倀忿怀濿瀀翿耀迿退/>
<ꀀꑿꒀ꒿꓀꓿ꔀꙀꟿꩿꪀꬿꭀꯀ가꿿/>
<뀀뚿뛀밿뱀뿿/>
<쀀쐿쑀엿였쟿저쩿쪀쿿/>
<퀀툿퉀퐿푀휿흀/>
<豈錄鹿ﬀנּﭿﮀﯿ﴿/>
<︿﹀ﹿﺿﻀ＿｀ｿﾀﺀﷰ/>
<�/>

<𐀀𐄀𐄿𐌀𐌿𐍀𐎿𐏀𐒀/>
<𒀀𒀿𒁀𒉿𒊀𒐀𒐿𒒀𒒿/>
<𗀀𗀿𗁀𗇿𗈀𗗿𗘀𗢿𗣀𗿿/>
<𛀀𛃿𝀀𝀿𝁀𝄀𝄿𝈀𝈿𝌀𝌿/>
<𞸀🀀🀿🂿🄀🄿🚀/>

<力>
<א/>
<س/>
<अ/>
<அ/>
<அ/>
<𐍑/>
<🪐/>
<😀/>
</力>

<ÀÖØöøÿĀĿŀſƀƿǀǿƀƿǀǿȀȿɀɿʀʿˀ˿/>
<ͰͽͿ΀οπϿ/>
<ЀпрѿҠҀҿӀӿԀԿՀտրֿ׀׿/>

<؀ؿـٿڀڿۀۿ/>
<܀ܿ݀݀ݿ/>
<ހ޿ހ޿/>
<ࠀ࠿ࡀࢿࣀࣿऀिीॿ/>
<ঀিী৿/>
<౿ൿවවເༀཀ྿࿀/>
<ကႠᄀᅀᆿᇀᇿሀሿቀቿኀዀዿጀጿፀ/>
<ᚿᛀក/>
<ᢿᣀ᧿ᨀᨿᩀ᪀/>
<ᰀ᰿᱀ᲀᴀᴿᵀᵿᶀᶿḀḿṀṿẀếỀỿ/>
<ἀἿὀᾀ᾿῀/>
<a⁰ⁿ₀₿℀ℿ⅀ⅿↀ/>
<ⰀⰿⱀⱿⲀⲿⳀ⳿ⴀⴿⵀⶀⷀⷿ/>
<⸀⸿⹀⺀⺿⻀⼀⼿⽀⽿⾀⾿⿀/>
<、みむむみむダㄿㆿ㇀ㇿ㈀㈿㋿㌀㏿/>

<㐀㐿㗿㘀㛀㛿㟀㟿/>
<㠀㠿㡀㤿㥀㨿㩀㬿㭀㯿/>
<㰀㰿㱀㶿㷀㼿㽀㾿㿀㿿/>
<䀀䀿䅀䅿䆀䊿䋀䍿䎀䏿/>
<䐀䕿䖀䙿䚀䝿䞀䟿/>
<䠀䢿䣀䧿䨀䪿䫀䬿䭀䯿/>
<䰀䱿䲀䴿䵀䶿䷀䷿一丿乀伿佀便俀俿/>
<倀忿怀濿瀀翿耀迿退/>
<ꀀꑿꒀ꒿꓀꓿ꔀꙀꟿꩿꪀꬿꭀꯀ가꿿/>
<뀀뚿뛀밿뱀뿿/>
<쀀쐿쑀엿였쟿저쩿쪀쿿/>
<퀀툿퉀퐿푀휿흀/>
<豈錄鹿ﬀנּﭿﮀﯿ﴿/>
<︿﹀ﹿﺿﻀ＿｀ｿﾀﺀﷰ/>
<�/>

<𐀀𐄀𐄿𐌀𐌿𐍀𐎿𐏀𐒀/>
<𒀀𒀿𒁀𒉿𒊀𒐀𒐿𒒀𒒿/>
<𗀀𗀿𗁀𗇿𗈀𗗿𗘀𗢿𗣀𗿿/>
<𛀀𛃿𝀀𝀿𝁀𝄀𝄿𝈀𝈿𝌀𝌿/>
<𞸀🀀🀿🂿🄀🄿🚀/>

<力>
<א/>
<س/>
<अ/>
<அ/>
<அ/>
<𐍑/>
<🪐/>
<😀/>
</力>

<ÀÖØöøÿĀĿŀſƀƿǀǿƀƿǀǿȀȿɀɿʀʿˀ˿/>
<ͰͽͿ΀οπϿ/>
<ЀпрѿҠҀҿӀӿԀԿՀտրֿ׀׿/>

<؀ؿـٿڀڿۀۿ/>
<܀ܿ݀݀ݿ/>
<ހ޿ހ޿/>
<ࠀ࠿ࡀࢿࣀࣿऀिीॿ/>
<ঀিী৿/>
<౿ൿවවເༀཀ྿࿀/>
<ကႠᄀᅀᆿᇀᇿሀሿቀቿኀዀዿጀጿፀ/>
<ᚿᛀក/>
<ᢿᣀ᧿ᨀᨿᩀ᪀/>
<ᰀ᰿᱀ᲀᴀᴿᵀᵿᶀᶿḀḿṀṿẀếỀỿ/>
<ἀἿὀᾀ᾿῀/>
<a⁰ⁿ₀₿℀ℿ⅀ⅿↀ/>
<ⰀⰿⱀⱿⲀⲿⳀ⳿ⴀⴿⵀⶀⷀⷿ/>
<⸀⸿⹀⺀⺿⻀⼀⼿⽀⽿⾀⾿⿀/>
<、みむむみむダㄿㆿ㇀ㇿ㈀㈿㋿㌀㏿/>

<㐀㐿㗿㘀㛀㛿㟀㟿/>
<㠀㠿㡀㤿㥀㨿㩀㬿㭀㯿/>
<㰀㰿㱀㶿㷀㼿㽀㾿㿀㿿/>
<䀀䀿䅀䅿䆀䊿䋀䍿䎀䏿/>
<䐀䕿䖀䙿䚀䝿䞀䟿/>
<䠀䢿䣀䧿䨀䪿䫀䬿䭀䯿/>
<䰀䱿䲀䴿䵀䶿䷀䷿一丿乀伿佀便俀俿/>
<倀忿怀濿瀀翿耀迿退/>
<ꀀꑿꒀ꒿꓀꓿ꔀꙀꟿꩿꪀꬿꭀꯀ가꿿/>
<뀀뚿뛀밿뱀뿿/>
<쀀쐿쑀엿였쟿저쩿쪀쿿/>
<퀀툿퉀퐿푀휿흀/>
<豈錄鹿ﬀנּﭿﮀﯿ﴿/>
<︿﹀ﹿﺿﻀ＿｀ｿﾀﺀﷰ/>
<�/>

<𐀀𐄀𐄿𐌀𐌿𐍀𐎿𐏀𐒀/>
<𒀀𒀿𒁀𒉿𒊀𒐀𒐿𒒀𒒿/>
<𗀀𗀿𗁀𗇿𗈀𗗿𗘀𗢿𗣀𗿿/>
<𛀀𛃿𝀀𝀿𝁀𝄀𝄿𝈀𝈿𝌀𝌿/>
<𞸀🀀🀿🂿🄀🄿🚀/>

<力>
<א/>
<س/>
<अ/>
<அ/>
<அ/>
<𐍑/>
<🪐/>
<😀/>
</力>

<ÀÖØöøÿĀĿŀſƀƿǀǿƀƿǀǿȀȿɀɿʀʿˀ˿/>
<ͰͽͿ΀οπϿ/>
<ЀпрѿҠҀҿӀӿԀԿՀտրֿ׀׿/>

<؀ؿـٿڀڿۀۿ/>
<܀ܿ݀݀ݿ/>
<ހ޿ހ޿/>
<ࠀ࠿ࡀࢿࣀࣿऀिीॿ/>
<ঀিী৿/>
<౿ൿවවເༀཀ྿࿀/>
<ကႠᄀᅀᆿᇀᇿሀሿቀቿኀዀዿጀጿፀ/>
<ᚿᛀក/>
<ᢿᣀ᧿ᨀᨿᩀ᪀/>
<ᰀ᰿᱀ᲀᴀᴿᵀᵿᶀᶿḀḿṀṿẀếỀỿ/>
<ἀἿὀᾀ᾿῀/>
<a⁰ⁿ₀₿℀ℿ⅀ⅿↀ/>
<ⰀⰿⱀⱿⲀⲿⳀ⳿ⴀⴿⵀⶀⷀⷿ/>
<⸀⸿⹀⺀⺿⻀⼀⼿⽀⽿⾀⾿⿀/>
<、みむむみむダㄿㆿ㇀ㇿ㈀㈿㋿㌀㏿/>

<㐀㐿㗿㘀㛀㛿㟀㟿/>
<㠀㠿㡀㤿㥀㨿㩀㬿㭀㯿/>
<㰀㰿㱀㶿㷀㼿㽀㾿㿀㿿/>
<䀀䀿䅀䅿䆀䊿䋀䍿䎀䏿/>
<䐀䕿䖀䙿䚀䝿䞀䟿/>
<䠀䢿䣀䧿䨀䪿䫀䬿䭀䯿/>
<䰀䱿䲀䴿䵀䶿䷀䷿一丿乀伿佀便俀俿/>
<倀忿怀濿瀀翿耀迿退/>
<ꀀꑿꒀ꒿꓀꓿ꔀꙀꟿꩿꪀꬿꭀꯀ가꿿/>
<뀀뚿뛀밿뱀뿿/>
<쀀쐿쑀엿였쟿저쩿쪀쿿/>
<퀀툿퉀퐿푀휿흀/>
<豈錄鹿ﬀנּﭿﮀﯿ﴿/>
<︿﹀ﹿﺿﻀ＿｀ｿﾀﺀﷰ/>
<�/>

<𐀀𐄀𐄿𐌀𐌿𐍀𐎿𐏀𐒀/>
<𒀀𒀿𒁀𒉿𒊀𒐀𒐿𒒀𒒿/>
<𗀀𗀿𗁀𗇿𗈀𗗿𗘀𗢿𗣀𗿿/>
<𛀀𛃿𝀀𝀿𝁀𝄀𝄿𝈀𝈿𝌀𝌿/>
<𞸀🀀🀿🂿🄀🄿🚀/>

<力>
<א/>
<س/>
<अ/>
<அ/>
<அ/>
<𐍑/>
<🪐/>
<😀/>
</力>

<ÀÖØöøÿĀĿŀſƀƿǀǿƀƿǀǿȀȿɀɿʀʿˀ˿/>
<ͰͽͿ΀οπϿ/>
<ЀпрѿҠҀҿӀӿԀԿՀտրֿ׀׿/>

<؀ؿـٿڀڿۀۿ/>
<܀ܿ݀݀ݿ/>
<ހ޿ހ޿/>
<ࠀ࠿ࡀࢿࣀࣿऀिीॿ/>
<ঀিী৿/>
<౿ൿවවເༀཀ྿࿀/>
<ကႠᄀᅀᆿᇀᇿሀሿቀቿኀዀዿጀጿፀ/>
<ᚿᛀក/>
<ᢿᣀ᧿ᨀᨿᩀ᪀/>
<ᰀ᰿᱀ᲀᴀᴿᵀᵿᶀᶿḀḿṀṿẀếỀỿ/>
<ἀἿὀᾀ᾿῀/>
<a⁰ⁿ₀₿℀ℿ⅀ⅿↀ/>
<ⰀⰿⱀⱿⲀⲿⳀ⳿ⴀⴿⵀⶀⷀⷿ/>
<⸀⸿⹀⺀⺿⻀⼀⼿⽀⽿⾀⾿⿀/>
<、みむむみむダㄿㆿ㇀ㇿ㈀㈿㋿㌀㏿/>

<㐀㐿㗿㘀㛀㛿㟀㟿/>
<㠀㠿㡀㤿㥀㨿㩀㬿㭀㯿/>
<㰀㰿㱀㶿㷀㼿㽀㾿㿀㿿/>
<䀀䀿䅀䅿䆀䊿䋀䍿䎀䏿/>
<䐀䕿䖀䙿䚀䝿䞀䟿/>
<䠀䢿䣀䧿䨀䪿䫀䬿䭀䯿/>
<䰀䱿䲀䴿䵀䶿䷀䷿一丿乀伿佀便俀俿/>
<倀忿怀濿瀀翿耀迿退/>
<ꀀꑿꒀ꒿꓀꓿ꔀꙀꟿꩿꪀꬿꭀꯀ가꿿/>
<뀀뚿뛀밿뱀뿿/>
<쀀쐿쑀엿였쟿저쩿쪀쿿/>
<퀀툿퉀퐿푀휿흀/>
<豈錄鹿ﬀנּﭿﮀﯿ﴿/>
<︿﹀ﹿﺿﻀ＿｀ｿﾀﺀﷰ/>
<�/>

<𐀀𐄀𐄿𐌀𐌿𐍀𐎿𐏀𐒀/>
<𒀀𒀿𒁀𒉿𒊀𒐀𒐿𒒀𒒿/>
<𗀀𗀿𗁀𗇿𗈀𗗿𗘀𗢿𗣀𗿿/>
<𛀀𛃿𝀀𝀿𝁀𝄀𝄿𝈀𝈿𝌀𝌿/>
<𞸀🀀🀿🂿🄀🄿🚀/>

<力>
<א/>
<س/>
<अ/>
<அ/>
<அ/>
<𐍑/>
<🪐/>
<😀/>
</力>

<ÀÖØöøÿĀĿŀſƀƿǀǿƀƿǀǿȀȿɀɿʀʿˀ˿/>
<ͰͽͿ΀οπϿ/>
<ЀпрѿҠҀҿӀӿԀԿՀտրֿ׀׿/>

<؀ؿـٿڀڿۀۿ/>
<܀ܿ݀݀ݿ/>
<ހ޿ހ޿/>
<ࠀ࠿ࡀࢿࣀࣿऀिीॿ/>
<ঀিী৿/>
<౿ൿවවເༀཀ྿࿀/>
<ကႠᄀᅀᆿᇀᇿሀሿቀቿኀዀዿጀጿፀ/>
<ᚿᛀក/>
<ᢿᣀ᧿ᨀᨿᩀ᪀/>
<ᰀ᰿᱀ᲀᴀᴿᵀᵿᶀᶿḀḿṀṿẀếỀỿ/>
<ἀἿὀᾀ᾿῀/>
<a⁰ⁿ₀₿℀ℿ⅀ⅿↀ/>
<ⰀⰿⱀⱿⲀⲿⳀ⳿ⴀⴿⵀⶀⷀⷿ/>
<⸀⸿⹀⺀⺿⻀⼀⼿⽀⽿⾀⾿⿀/>
<、みむむみむダㄿㆿ㇀ㇿ㈀㈿㋿㌀㏿/>

<㐀㐿㗿㘀㛀㛿㟀㟿/>
<㠀㠿㡀㤿㥀㨿㩀㬿㭀㯿/>
<㰀㰿㱀㶿㷀㼿㽀㾿㿀㿿/>
<䀀䀿䅀䅿䆀䊿䋀䍿䎀䏿/>
<䐀䕿䖀䙿䚀䝿䞀䟿/>
<䠀䢿䣀䧿䨀䪿䫀䬿䭀䯿/>
<䰀䱿䲀䴿䵀䶿䷀䷿一丿乀伿佀便俀俿/>
<倀忿怀濿瀀翿耀迿退/>
<ꀀꑿꒀ꒿꓀꓿ꔀꙀꟿꩿꪀꬿꭀꯀ가꿿/>
<뀀뚿뛀밿뱀뿿/>
<쀀쐿쑀엿였쟿저쩿쪀쿿/>
<퀀툿퉀퐿푀휿흀/>
<豈錄鹿ﬀנּﭿﮀﯿ﴿/>
<︿﹀ﹿﺿﻀ＿｀ｿﾀﺀﷰ/>
<�/>

<𐀀𐄀𐄿𐌀𐌿𐍀𐎿𐏀𐒀/>
<𒀀𒀿𒁀𒉿𒊀𒐀𒐿𒒀𒒿/>
<𗀀𗀿𗁀𗇿𗈀𗗿𗘀𗢿𗣀𗿿/>
<𛀀𛃿𝀀𝀿𝁀𝄀𝄿𝈀𝈿𝌀𝌿/>
<𞸀🀀🀿🂿🄀🄿🚀/>

<力>
<א/>
<س/>
<अ/>
<அ/>
<அ/>
<𐍑/>
<🪐/>
<😀/>
</力>

<ÀÖØöøÿĀĿŀſƀƿǀǿƀƿǀǿȀȿɀɿʀʿˀ˿/>
<ͰͽͿ΀οπϿ/>
<ЀпрѿҠҀҿӀӿԀԿՀտրֿ׀׿/>

<؀ؿـٿڀڿۀۿ/>
<܀ܿ݀݀ݿ/>
<ހ޿ހ޿/>
<ࠀ࠿ࡀࢿࣀࣿऀिीॿ/>
<ঀিী৿/>
<౿ൿවවເༀཀ྿࿀/>
<ကႠᄀᅀᆿᇀᇿሀሿቀቿኀዀዿጀጿፀ/>
<ᚿᛀក/>
<ᢿᣀ᧿ᨀᨿᩀ᪀/>
<ᰀ᰿᱀ᲀᴀᴿᵀᵿᶀᶿḀḿṀṿẀếỀỿ/>
<ἀἿὀᾀ᾿῀/>
<a⁰ⁿ₀₿℀ℿ⅀ⅿↀ/>
<ⰀⰿⱀⱿⲀⲿⳀ⳿ⴀⴿⵀⶀⷀⷿ/>
<⸀⸿⹀⺀⺿⻀⼀⼿⽀⽿⾀⾿⿀/>
<、みむむみむダㄿㆿ㇀ㇿ㈀㈿㋿㌀㏿/>

<㐀㐿㗿㘀㛀㛿㟀㟿/>
<㠀㠿㡀㤿㥀㨿㩀㬿㭀㯿/>
<㰀㰿㱀㶿㷀㼿㽀㾿㿀㿿/>
<䀀䀿䅀䅿䆀䊿䋀䍿䎀䏿/>
<䐀䕿䖀䙿䚀䝿䞀䟿/>
<䠀䢿䣀䧿䨀䪿䫀䬿䭀䯿/>
<䰀䱿䲀䴿䵀䶿䷀䷿一丿乀伿佀便俀俿/>
<倀忿怀濿瀀翿耀迿退/>
<ꀀꑿꒀ꒿꓀꓿ꔀꙀꟿꩿꪀꬿꭀꯀ가꿿/>
<뀀뚿뛀밿뱀뿿/>
<쀀쐿쑀엿였쟿저쩿쪀쿿/>
<퀀툿퉀퐿푀휿흀/>
<豈錄鹿ﬀנּﭿﮀﯿ﴿/>
<︿﹀ﹿﺿﻀ＿｀ｿﾀﺀﷰ/>
<�/>

<𐀀𐄀𐄿𐌀𐌿𐍀𐎿𐏀𐒀/>
<𒀀𒀿𒁀𒉿𒊀𒐀𒐿𒒀𒒿/>
<𗀀𗀿𗁀𗇿𗈀𗗿𗘀𗢿𗣀𗿿/>
<𛀀𛃿𝀀𝀿𝁀𝄀𝄿𝈀𝈿𝌀𝌿/>
<𞸀🀀🀿🂿🄀🄿🚀/>

<力>
<א/>
<س/>
<अ/>
<அ/>
<அ/>
<𐍑/>
<🪐/>
<😀/>
</力>

<ÀÖØöøÿĀĿŀſƀƿǀǿƀƿǀǿȀȿɀɿʀʿˀ˿/>
<ͰͽͿ΀οπϿ/>
<ЀпрѿҠҀҿӀӿԀԿՀտրֿ׀׿/>

<؀ؿـٿڀڿۀۿ/>
<܀ܿ݀݀ݿ/>
<ހ޿ހ޿/>
<ࠀ࠿ࡀࢿࣀࣿऀिीॿ/>
<ঀিী৿/>
<౿ൿවවເༀཀ྿࿀/>
<ကႠᄀᅀᆿᇀᇿሀሿቀቿኀዀዿጀጿፀ/>
<ᚿᛀក/>
<ᢿᣀ᧿ᨀᨿᩀ᪀/>
<ᰀ᰿᱀ᲀᴀᴿᵀᵿᶀᶿḀḿṀṿẀếỀỿ/>
<ἀἿὀᾀ᾿῀/>
<a⁰ⁿ₀₿℀ℿ⅀ⅿↀ/>
<ⰀⰿⱀⱿⲀⲿⳀ⳿ⴀⴿⵀⶀⷀⷿ/>
<⸀⸿⹀⺀⺿⻀⼀⼿⽀⽿⾀⾿⿀/>
<、みむむみむダㄿㆿ㇀ㇿ㈀㈿㋿㌀㏿/>

<㐀㐿㗿㘀㛀㛿㟀㟿/>
<㠀㠿㡀㤿㥀㨿㩀㬿㭀㯿/>
<㰀㰿㱀㶿㷀㼿㽀㾿㿀㿿/>
<䀀䀿䅀䅿䆀䊿䋀䍿䎀䏿/>
<䐀䕿䖀䙿䚀䝿䞀䟿/>
<䠀䢿䣀䧿䨀䪿䫀䬿䭀䯿/>
<䰀䱿䲀䴿䵀䶿䷀䷿一丿乀伿佀便俀俿/>
<倀忿怀濿瀀翿耀迿退/>
<ꀀꑿꒀ꒿꓀꓿ꔀꙀꟿꩿꪀꬿꭀꯀ가꿿/>
<뀀뚿뛀밿뱀뿿/>
<쀀쐿쑀엿였쟿저쩿쪀쿿/>
<퀀툿퉀퐿푀휿흀/>
<豈錄鹿ﬀנּﭿﮀﯿ﴿/>
<︿﹀ﹿﺿﻀ＿｀ｿﾀﺀﷰ/>
<�/>

<𐀀𐄀𐄿𐌀𐌿𐍀𐎿𐏀𐒀/>
<𒀀𒀿𒁀𒉿𒊀𒐀𒐿𒒀𒒿/>
<𗀀𗀿𗁀𗇿𗈀𗗿𗘀𗢿𗣀𗿿/>
<𛀀𛃿𝀀𝀿𝁀𝄀𝄿𝈀𝈿𝌀𝌿/>
<𞸀🀀🀿🂿🄀🄿🚀/>

<力>
<א/>
<س/>
<अ/>
<அ/>
<அ/>
<𐍑/>
<🪐/>
<😀/>
</力>

<ÀÖØöøÿĀĿŀſƀƿǀǿƀƿǀǿȀȿɀɿʀʿˀ˿/>
<ͰͽͿ΀οπϿ/>
<ЀпрѿҠҀҿӀӿԀԿՀտրֿ׀׿/>

<؀ؿـٿڀڿۀۿ/>
<܀ܿ݀݀ݿ/>
<ހ޿ހ޿/>
<ࠀ࠿ࡀࢿࣀࣿऀिीॿ/>
<ঀিী৿/>
<౿ൿවවເༀཀ྿࿀/>
<ကႠᄀᅀᆿᇀᇿሀሿቀቿኀዀዿጀጿፀ/>
<ᚿᛀក/>
<ᢿᣀ᧿ᨀᨿᩀ᪀/>
<ᰀ᰿᱀ᲀᴀᴿᵀᵿᶀᶿḀḿṀṿẀếỀỿ/>
<ἀἿὀᾀ᾿῀/>
<a⁰ⁿ₀₿℀ℿ⅀ⅿↀ/>
<ⰀⰿⱀⱿⲀⲿⳀ⳿ⴀⴿⵀⶀⷀⷿ/>
<⸀⸿⹀⺀⺿⻀⼀⼿⽀⽿⾀⾿⿀/>
<、みむむみむダㄿㆿ㇀ㇿ㈀㈿㋿㌀㏿/>

<㐀㐿㗿㘀㛀㛿㟀㟿/>
<㠀㠿㡀㤿㥀㨿㩀㬿㭀㯿/>
<㰀㰿㱀㶿㷀㼿㽀㾿㿀㿿/>
<䀀䀿䅀䅿䆀䊿䋀䍿䎀䏿/>
<䐀䕿䖀䙿䚀䝿䞀䟿/>
<䠀䢿䣀䧿䨀䪿䫀䬿䭀䯿/>
<䰀䱿䲀䴿䵀䶿䷀䷿一丿乀伿佀便俀俿/>
<倀忿怀濿瀀翿耀迿退/>
<ꀀꑿꒀ꒿꓀꓿ꔀꙀꟿꩿꪀꬿꭀꯀ가꿿/>
<뀀뚿뛀밿뱀뿿/>
<쀀쐿쑀엿였쟿저쩿쪀쿿/>
<퀀툿퉀퐿푀휿흀/>
<豈錄鹿ﬀנּﭿﮀﯿ﴿/>
<︿﹀ﹿﺿﻀ＿｀ｿﾀﺀﷰ/>
<�/>

<𐀀𐄀𐄿𐌀𐌿𐍀𐎿𐏀𐒀/>
<𒀀𒀿𒁀𒉿𒊀𒐀𒐿𒒀𒒿/>
<𗀀𗀿𗁀𗇿𗈀𗗿𗘀𗢿𗣀𗿿/>
<𛀀𛃿𝀀𝀿𝁀𝄀𝄿𝈀𝈿𝌀𝌿/>
<𞸀🀀🀿🂿🄀🄿🚀/>

<力>
<א/>
<س/>
<अ/>
<அ/>
<அ/>
<𐍑/>
<🪐/>
<😀/>
</力>

<ÀÖØöøÿĀĿŀſƀƿǀǿƀƿǀǿȀȿɀɿʀʿˀ˿/>
<ͰͽͿ΀οπϿ/>
<ЀпрѿҠҀҿӀӿԀԿՀտրֿ׀׿/>

<؀ؿـٿڀڿۀۿ/>
<܀ܿ݀݀ݿ/>
<ހ޿ހ޿/>
<ࠀ࠿ࡀࢿࣀࣿऀिीॿ/>
<ঀিী৿/>
<౿ൿවවເༀཀ྿࿀/>
<ကႠᄀᅀᆿᇀᇿሀሿቀቿኀዀዿጀጿፀ/>
<ᚿᛀក/>
<ᢿᣀ᧿ᨀᨿᩀ᪀/>
<ᰀ᰿᱀ᲀᴀᴿᵀᵿᶀᶿḀḿṀṿẀếỀỿ/>
<ἀἿὀᾀ᾿῀/>
<a⁰ⁿ₀₿℀ℿ⅀ⅿↀ/>
<ⰀⰿⱀⱿⲀⲿⳀ⳿ⴀⴿⵀⶀⷀⷿ/>
<⸀⸿⹀⺀⺿⻀⼀⼿⽀⽿⾀⾿⿀/>
<、みむむみむダㄿㆿ㇀ㇿ㈀㈿㋿㌀㏿/>

<㐀㐿㗿㘀㛀㛿㟀㟿/>
<㠀㠿㡀㤿㥀㨿㩀㬿㭀㯿/>
<㰀㰿㱀㶿㷀㼿㽀㾿㿀㿿/>
<䀀䀿䅀䅿䆀䊿䋀䍿䎀䏿/>
<䐀䕿䖀䙿䚀䝿䞀䟿/>
<䠀䢿䣀䧿䨀䪿䫀䬿䭀䯿/>
<䰀䱿䲀䴿䵀䶿䷀䷿一丿乀伿佀便俀俿/>
<倀忿怀濿瀀翿耀迿退/>
<ꀀꑿꒀ꒿꓀꓿ꔀꙀꟿꩿꪀꬿꭀꯀ가꿿/>
<뀀뚿뛀밿뱀뿿/>
<쀀쐿쑀엿였쟿저쩿쪀쿿/>
<퀀툿퉀퐿푀휿흀/>
<豈錄鹿ﬀנּﭿﮀﯿ﴿/>
<︿﹀ﹿﺿﻀ＿｀ｿﾀﺀﷰ/>
<�/>

<𐀀𐄀𐄿𐌀𐌿𐍀𐎿𐏀𐒀/>
<𒀀𒀿𒁀𒉿𒊀𒐀𒐿𒒀𒒿/>
<𗀀𗀿𗁀𗇿𗈀𗗿𗘀𗢿𗣀𗿿/>
<𛀀𛃿𝀀𝀿𝁀𝄀𝄿𝈀𝈿𝌀𝌿/>
<𞸀🀀🀿🂿🄀🄿🚀/>

<力>
<א/>
<س/>
<अ/>
<அ/>
<அ/>
<𐍑/>
<🪐/>
<😀/>
</力>

<ÀÖØöøÿĀĿŀſƀƿǀǿƀƿǀǿȀȿɀɿʀʿˀ˿/>
<ͰͽͿ΀οπϿ/>
<ЀпрѿҠҀҿӀӿԀԿՀտրֿ׀׿/>

<؀ؿـٿڀڿۀۿ/>
<܀ܿ݀݀ݿ/>
<ހ޿ހ޿/>
<ࠀ࠿ࡀࢿࣀࣿऀिीॿ/>
<ঀিী৿/>
<౿ൿවවເༀཀ྿࿀/>
<ကႠᄀᅀᆿᇀᇿሀሿቀቿኀዀዿጀጿፀ/>
<ᚿᛀក/>
<ᢿᣀ᧿ᨀᨿᩀ᪀/>
<ᰀ᰿᱀ᲀᴀᴿᵀᵿᶀᶿḀḿṀṿẀếỀỿ/>
<ἀἿὀᾀ᾿῀/>
<a⁰ⁿ₀₿℀ℿ⅀ⅿↀ/>
<ⰀⰿⱀⱿⲀⲿⳀ⳿ⴀⴿⵀⶀⷀⷿ/>
<⸀⸿⹀⺀⺿⻀⼀⼿⽀⽿⾀⾿⿀/>
<、みむむみむダㄿㆿ㇀ㇿ㈀㈿㋿㌀㏿/>

<㐀㐿㗿㘀㛀㛿㟀㟿/>
<㠀㠿㡀㤿㥀㨿㩀㬿㭀㯿/>
<㰀㰿㱀㶿㷀㼿㽀㾿㿀㿿/>
<䀀䀿䅀䅿䆀䊿䋀䍿䎀䏿/>
<䐀䕿䖀䙿䚀䝿䞀䟿/>
<䠀䢿䣀䧿䨀䪿䫀䬿䭀䯿/>
<䰀䱿䲀䴿䵀䶿䷀䷿一丿乀伿佀便俀俿/>
<倀忿怀濿瀀翿耀迿退/>
<ꀀꑿꒀ꒿꓀꓿ꔀꙀꟿꩿꪀꬿꭀꯀ가꿿/>
<뀀뚿뛀밿뱀뿿/>
<쀀쐿쑀엿였쟿저쩿쪀쿿/>
<퀀툿퉀퐿푀휿흀/>
<豈錄鹿ﬀנּﭿﮀﯿ﴿/>
<︿﹀ﹿﺿﻀ＿｀ｿﾀﺀﷰ/>
<�/>

<𐀀𐄀𐄿𐌀𐌿𐍀𐎿𐏀𐒀/>
<𒀀𒀿𒁀𒉿𒊀𒐀𒐿𒒀𒒿/>
<𗀀𗀿𗁀𗇿𗈀𗗿𗘀𗢿𗣀𗿿/>
<𛀀𛃿𝀀𝀿𝁀𝄀𝄿𝈀𝈿𝌀𝌿/>
<𞸀🀀🀿🂿🄀🄿🚀/>

<力>
<א/>
<س/>
<अ/>
<அ/>
<அ/>
<𐍑/>
<🪐/>
<😀/>
</力>

<ÀÖØöøÿĀĿŀſƀƿǀǿƀƿǀǿȀȿɀɿʀʿˀ˿/>
<ͰͽͿ΀οπϿ/>
<ЀпрѿҠҀҿӀӿԀԿՀտրֿ׀׿/>

<؀ؿـٿڀڿۀۿ/>
<܀ܿ݀݀ݿ/>
<ހ޿ހ޿/>
<ࠀ࠿ࡀࢿࣀࣿऀिीॿ/>
<ঀিী৿/>
<౿ൿවවເༀཀ྿࿀/>
<ကႠᄀᅀᆿᇀᇿሀሿቀቿኀዀዿጀጿፀ/>
<ᚿᛀក/>
<ᢿᣀ᧿ᨀᨿᩀ᪀/>
<ᰀ᰿᱀ᲀᴀᴿᵀᵿᶀᶿḀḿṀṿẀếỀỿ/>
<ἀἿὀᾀ᾿῀/>
<a⁰ⁿ₀₿℀ℿ⅀ⅿↀ/>
<ⰀⰿⱀⱿⲀⲿⳀ⳿ⴀⴿⵀⶀⷀⷿ/>
<⸀⸿⹀⺀⺿⻀⼀⼿⽀⽿⾀⾿⿀/>
<、みむむみむダㄿㆿ㇀ㇿ㈀㈿㋿㌀㏿/>

<㐀㐿㗿㘀㛀㛿㟀㟿/>
<㠀㠿㡀㤿㥀㨿㩀㬿㭀㯿/>
<㰀㰿㱀㶿㷀㼿㽀㾿㿀㿿/>
<䀀䀿䅀䅿䆀䊿䋀䍿䎀䏿/>
<䐀䕿䖀䙿䚀䝿䞀䟿/>
<䠀䢿䣀䧿䨀䪿䫀䬿䭀䯿/>
<䰀䱿䲀䴿䵀䶿䷀䷿一丿乀伿佀便俀俿/>
<倀忿怀濿瀀翿耀迿退/>
<ꀀꑿꒀ꒿꓀꓿ꔀꙀꟿꩿꪀꬿꭀꯀ가꿿/>
<뀀뚿뛀밿뱀뿿/>
<쀀쐿쑀엿였쟿저쩿쪀쿿/>
<퀀툿퉀퐿푀휿흀/>
<豈錄鹿ﬀנּﭿﮀﯿ﴿/>
<︿﹀ﹿﺿﻀ＿｀ｿﾀﺀﷰ/>
<�/>

<𐀀𐄀𐄿𐌀𐌿𐍀𐎿𐏀𐒀/>
<𒀀𒀿𒁀𒉿𒊀𒐀𒐿𒒀𒒿/>
<𗀀𗀿𗁀𗇿𗈀𗗿𗘀𗢿𗣀𗿿/>
<𛀀𛃿𝀀𝀿𝁀𝄀𝄿𝈀𝈿𝌀𝌿/>
<𞸀🀀🀿🂿🄀🄿🚀/>

<力>
<א/>
<س/>
<अ/>
<அ/>
<அ/>
<𐍑/>
<🪐/>
<😀/>
</力>

<ÀÖØöøÿĀĿŀſƀƿǀǿƀƿǀǿȀȿɀɿʀʿˀ˿/>
<ͰͽͿ΀οπϿ/>
<ЀпрѿҠҀҿӀӿԀԿՀտրֿ׀׿/>

<؀ؿـٿڀڿۀۿ/>
<܀ܿ݀݀ݿ/>
<ހ޿ހ޿/>
<ࠀ࠿ࡀࢿࣀࣿऀिीॿ/>
<ঀিী৿/>
<౿ൿවවເༀཀ྿࿀/>
<ကႠᄀᅀᆿᇀᇿሀሿቀቿኀዀዿጀጿፀ/>
<ᚿᛀក/>
<ᢿᣀ᧿ᨀᨿᩀ᪀/>
<ᰀ᰿᱀ᲀᴀᴿᵀᵿᶀᶿḀḿṀṿẀếỀỿ/>
<ἀἿὀᾀ᾿῀/>
<a⁰ⁿ₀₿℀ℿ⅀ⅿↀ/>
<ⰀⰿⱀⱿⲀⲿⳀ⳿ⴀⴿⵀⶀⷀⷿ/>
<⸀⸿⹀⺀⺿⻀⼀⼿⽀⽿⾀⾿⿀/>
<、みむむみむダㄿㆿ㇀ㇿ㈀㈿㋿㌀㏿/>

<㐀㐿㗿㘀㛀㛿㟀㟿/>
<㠀㠿㡀㤿㥀㨿㩀㬿㭀㯿/>
<㰀㰿㱀㶿㷀㼿㽀㾿㿀㿿/>
<䀀䀿䅀䅿䆀䊿䋀䍿䎀䏿/>
<䐀䕿䖀䙿䚀䝿䞀䟿/>
<䠀䢿䣀䧿䨀䪿䫀䬿䭀䯿/>
<䰀䱿䲀䴿䵀䶿䷀䷿一丿乀伿佀便俀俿/>
<倀忿怀濿瀀翿耀迿退/>
<ꀀꑿꒀ꒿꓀꓿ꔀꙀꟿꩿꪀꬿꭀꯀ가꿿/>
<뀀뚿뛀밿뱀뿿/>
<쀀쐿쑀엿였쟿저쩿쪀쿿/>
<퀀툿퉀퐿푀휿흀/>
<豈錄鹿ﬀנּﭿﮀﯿ﴿/>
<︿﹀ﹿﺿﻀ＿｀ｿﾀﺀﷰ/>
<�/>

<𐀀𐄀𐄿𐌀𐌿𐍀𐎿𐏀𐒀/>
<𒀀𒀿𒁀𒉿𒊀𒐀𒐿𒒀𒒿/>
<𗀀𗀿𗁀𗇿𗈀𗗿𗘀𗢿𗣀𗿿/>
<𛀀𛃿𝀀𝀿𝁀𝄀𝄿𝈀𝈿𝌀𝌿/>
<𞸀🀀🀿🂿🄀🄿🚀/>

<力>
<א/>
<س/>
<अ/>
<அ/>
<அ/>
<𐍑/>
<🪐/>
<😀/>
</力>

<ÀÖØöøÿĀĿŀſƀƿǀǿƀƿǀǿȀȿɀɿʀʿˀ˿/>
<ͰͽͿ΀οπϿ/>
<ЀпрѿҠҀҿӀӿԀԿՀտրֿ׀׿/>

<؀ؿـٿڀڿۀۿ/>
<܀ܿ݀݀ݿ/>
<ހ޿ހ޿/>
<ࠀ࠿ࡀࢿࣀࣿऀिीॿ/>
<ঀিী৿/>
<౿ൿවවເༀཀ྿࿀/>
<ကႠᄀᅀᆿᇀᇿሀሿቀቿኀዀዿጀጿፀ/>
<ᚿᛀក/>
<ᢿᣀ᧿ᨀᨿᩀ᪀/>
<ᰀ᰿᱀ᲀᴀᴿᵀᵿᶀᶿḀḿṀṿẀếỀỿ/>
<ἀἿὀᾀ᾿῀/>
<a⁰ⁿ₀₿℀ℿ⅀ⅿↀ/>
<ⰀⰿⱀⱿⲀⲿⳀ⳿ⴀⴿⵀⶀⷀⷿ/>
<⸀⸿⹀⺀⺿⻀⼀⼿⽀⽿⾀⾿⿀/>
<、みむむみむダㄿㆿ㇀ㇿ㈀㈿㋿㌀㏿/>

<㐀㐿㗿㘀㛀㛿㟀㟿/>
<㠀㠿㡀㤿㥀㨿㩀㬿㭀㯿/>
<㰀㰿㱀㶿㷀㼿㽀㾿㿀㿿/>
<䀀䀿䅀䅿䆀䊿䋀䍿䎀䏿/>
<䐀䕿䖀䙿䚀䝿䞀䟿/>
<䠀䢿䣀䧿䨀䪿䫀䬿䭀䯿/>
<䰀䱿䲀䴿䵀䶿䷀䷿一丿乀伿佀便俀俿/>
<倀忿怀濿瀀翿耀迿退/>
<ꀀꑿꒀ꒿꓀꓿ꔀꙀꟿꩿꪀꬿꭀꯀ가꿿/>
<뀀뚿뛀밿뱀뿿/>
<쀀쐿쑀엿였쟿저쩿쪀쿿/>
<퀀툿퉀퐿푀휿흀/>
<豈錄鹿ﬀנּﭿﮀﯿ﴿/>
<︿﹀ﹿﺿﻀ＿｀ｿﾀﺀﷰ/>
<�/>

<𐀀𐄀𐄿𐌀𐌿𐍀𐎿𐏀𐒀/>
<𒀀𒀿𒁀𒉿𒊀𒐀𒐿𒒀𒒿/>
<𗀀𗀿𗁀𗇿𗈀𗗿𗘀𗢿𗣀𗿿/>
<𛀀𛃿𝀀𝀿𝁀𝄀𝄿𝈀𝈿𝌀𝌿/>
<𞸀🀀🀿🂿🄀🄿🚀/>

<力>
<א/>
<س/>
<अ/>
<அ/>
<அ/>
<𐍑/>
<🪐/>
<😀/>
</力>

<ÀÖØöøÿĀĿŀſƀƿǀǿƀƿǀǿȀȿɀɿʀʿˀ˿/>
<ͰͽͿ΀οπϿ/>
<ЀпрѿҠҀҿӀӿԀԿՀտրֿ׀׿/>

<؀ؿـٿڀڿۀۿ/>
<܀ܿ݀݀ݿ/>
<ހ޿ހ޿/>
<ࠀ࠿ࡀࢿࣀࣿऀिीॿ/>
<ঀিী৿/>
<౿ൿවවເༀཀ྿࿀/>
<ကႠᄀᅀᆿᇀᇿሀሿቀቿኀዀዿጀጿፀ/>
<ᚿᛀក/>
<ᢿᣀ᧿ᨀᨿᩀ᪀/>
<ᰀ᰿᱀ᲀᴀᴿᵀᵿᶀᶿḀḿṀṿẀếỀỿ/>
<ἀἿὀᾀ᾿῀/>
<a⁰ⁿ₀₿℀ℿ⅀ⅿↀ/>
<ⰀⰿⱀⱿⲀⲿⳀ⳿ⴀⴿⵀⶀⷀⷿ/>
<⸀⸿⹀⺀⺿⻀⼀⼿⽀⽿⾀⾿⿀/>
<、みむむみむダㄿㆿ㇀ㇿ㈀㈿㋿㌀㏿/>

<㐀㐿㗿㘀㛀㛿㟀㟿/>
<㠀㠿㡀㤿㥀㨿㩀㬿㭀㯿/>
<㰀㰿㱀㶿㷀㼿㽀㾿㿀㿿/>
<䀀䀿䅀䅿䆀䊿䋀䍿䎀䏿/>
<䐀䕿䖀䙿䚀䝿䞀䟿/>
<䠀䢿䣀䧿䨀䪿䫀䬿䭀䯿/>
<䰀䱿䲀䴿䵀䶿䷀䷿一丿乀伿佀便俀俿/>
<倀忿怀濿瀀翿耀迿退/>
<ꀀꑿꒀ꒿꓀꓿ꔀꙀꟿꩿꪀꬿꭀꯀ가꿿/>
<뀀뚿뛀밿뱀뿿/>
<쀀쐿쑀엿였쟿저쩿쪀쿿/>
<퀀툿퉀퐿푀휿흀/>
<豈錄鹿ﬀנּﭿﮀﯿ﴿/>
<︿﹀ﹿﺿﻀ＿｀ｿﾀﺀﷰ/>
<�/>

<𐀀𐄀𐄿𐌀𐌿𐍀𐎿𐏀𐒀/>
<𒀀𒀿𒁀𒉿𒊀𒐀𒐿𒒀𒒿/>
<𗀀𗀿𗁀𗇿𗈀𗗿𗘀𗢿𗣀𗿿/>
<𛀀𛃿𝀀𝀿𝁀𝄀𝄿𝈀𝈿𝌀𝌿/>
<𞸀🀀🀿🂿🄀🄿🚀/>

<力>
<א/>
<س/>
<अ/>
<அ/>
<அ/>
<𐍑/>
<🪐/>
<😀/>
</力>

<ÀÖØöøÿĀĿŀſƀƿǀǿƀƿǀǿȀȿɀɿʀʿˀ˿/>
<ͰͽͿ΀οπϿ/>
<ЀпрѿҠҀҿӀӿԀԿՀտրֿ׀׿/>

<؀ؿـٿڀڿۀۿ/>
<܀ܿ݀݀ݿ/>
<ހ޿ހ޿/>
<ࠀ࠿ࡀࢿࣀࣿऀिीॿ/>
<ঀিী৿/>
<౿ൿවවເༀཀ྿࿀/>
<ကႠᄀᅀᆿᇀᇿሀሿቀቿኀዀዿጀጿፀ/>
<ᚿᛀក/>
<ᢿᣀ᧿ᨀᨿᩀ᪀/>
<ᰀ᰿᱀ᲀᴀᴿᵀᵿᶀᶿḀḿṀṿẀếỀỿ/>
<ἀἿὀᾀ᾿῀/>
<a⁰ⁿ₀₿℀ℿ⅀ⅿↀ/>
<ⰀⰿⱀⱿⲀⲿⳀ⳿ⴀⴿⵀⶀⷀⷿ/>
<⸀⸿⹀⺀⺿⻀⼀⼿⽀⽿⾀⾿⿀/>
<、みむむみむダㄿㆿ㇀ㇿ㈀㈿㋿㌀㏿/>

<㐀㐿㗿㘀㛀㛿㟀㟿/>
<㠀㠿㡀㤿㥀㨿㩀㬿㭀㯿/>
<㰀㰿㱀㶿㷀㼿㽀㾿㿀㿿/>
<䀀䀿䅀䅿䆀䊿䋀䍿䎀䏿/>
<䐀䕿䖀䙿䚀䝿䞀䟿/>
<䠀䢿䣀䧿䨀䪿䫀䬿䭀䯿/>
<䰀䱿䲀䴿䵀䶿䷀䷿一丿乀伿佀便俀俿/>
<倀忿怀濿瀀翿耀迿退/>
<ꀀꑿꒀ꒿꓀꓿ꔀꙀꟿꩿꪀꬿꭀꯀ가꿿/>
<뀀뚿뛀밿뱀뿿/>
<쀀쐿쑀엿였쟿저쩿쪀쿿/>
<퀀툿퉀퐿푀휿흀/>
<豈錄鹿ﬀנּﭿﮀﯿ﴿/>
<︿﹀ﹿﺿﻀ＿｀ｿﾀﺀﷰ/>
<�/>

<𐀀𐄀𐄿𐌀𐌿𐍀𐎿𐏀𐒀/>
<𒀀𒀿𒁀𒉿𒊀𒐀𒐿𒒀𒒿/>
<𗀀𗀿𗁀𗇿𗈀𗗿𗘀𗢿𗣀𗿿/>
<𛀀𛃿𝀀𝀿𝁀𝄀𝄿𝈀𝈿𝌀𝌿/>
<𞸀🀀🀿🂿🄀🄿🚀/>

<力>
<א/>
<س/>
<अ/>
<அ/>
<அ/>
<𐍑/>
<🪐/>
<😀/>
</力>

<ÀÖØöøÿĀĿŀſƀƿǀǿƀƿǀǿȀȿɀɿʀʿˀ˿/>
<ͰͽͿ΀οπϿ/>
<ЀпрѿҠҀҿӀӿԀԿՀտրֿ׀׿/>

<؀ؿـٿڀڿۀۿ/>
<܀ܿ݀݀ݿ/>
<ހ޿ހ޿/>
<ࠀ࠿ࡀࢿࣀࣿऀिीॿ/>
<ঀিী৿/>
<౿ൿවවເༀཀ྿࿀/>
<ကႠᄀᅀᆿᇀᇿሀሿቀቿኀዀዿጀጿፀ/>
<ᚿᛀក/>
<ᢿᣀ᧿ᨀᨿᩀ᪀/>
<ᰀ᰿᱀ᲀᴀᴿᵀᵿᶀᶿḀḿṀṿẀếỀỿ/>
<ἀἿὀᾀ᾿῀/>
<a⁰ⁿ₀₿℀ℿ⅀ⅿↀ/>
<ⰀⰿⱀⱿⲀⲿⳀ⳿ⴀⴿⵀⶀⷀⷿ/>
<⸀⸿⹀⺀⺿⻀⼀⼿⽀⽿⾀⾿⿀/>
<、みむむみむダㄿㆿ㇀ㇿ㈀㈿㋿㌀㏿/>

<㐀㐿㗿㘀㛀㛿㟀㟿/>
<㠀㠿㡀㤿㥀㨿㩀㬿㭀㯿/>
<㰀㰿㱀㶿㷀㼿㽀㾿㿀㿿/>
<䀀䀿䅀䅿䆀䊿䋀䍿䎀䏿/>
<䐀䕿䖀䙿䚀䝿䞀䟿/>
<䠀䢿䣀䧿䨀䪿䫀䬿䭀䯿/>
<䰀䱿䲀䴿䵀䶿䷀䷿一丿乀伿佀便俀俿/>
<倀忿怀濿瀀翿耀迿退/>
<ꀀꑿꒀ꒿꓀꓿ꔀꙀꟿꩿꪀꬿꭀꯀ가꿿/>
<뀀뚿뛀밿뱀뿿/>
<쀀쐿쑀엿였쟿저쩿쪀쿿/>
<퀀툿퉀퐿푀휿흀/>
<豈錄鹿ﬀנּﭿﮀﯿ﴿/>
<︿﹀ﹿﺿﻀ＿｀ｿﾀﺀﷰ/>
<�/>

<𐀀𐄀𐄿𐌀𐌿𐍀𐎿𐏀𐒀/>
<𒀀𒀿𒁀𒉿𒊀𒐀𒐿𒒀𒒿/>
<𗀀𗀿𗁀𗇿𗈀𗗿𗘀𗢿𗣀𗿿/>
<𛀀𛃿𝀀𝀿𝁀𝄀𝄿𝈀𝈿𝌀𝌿/>
<𞸀🀀🀿🂿🄀🄿🚀/>

<力>
<א/>
<س/>
<अ/>
<அ/>
<அ/>
<𐍑/>
<🪐/>
<😀/>
</力>

<ÀÖØöøÿĀĿŀſƀƿǀǿƀƿǀǿȀȿɀɿʀʿˀ˿/>
<ͰͽͿ΀οπϿ/>
<ЀпрѿҠҀҿӀӿԀԿՀտրֿ׀׿/>

<؀ؿـٿڀڿۀۿ/>
<܀ܿ݀݀ݿ/>
<ހ޿ހ޿/>
<ࠀ࠿ࡀࢿࣀࣿऀिीॿ/>
<ঀিী৿/>
<౿ൿවවເༀཀ྿࿀/>
<ကႠᄀᅀᆿᇀᇿሀሿቀቿኀዀዿጀጿፀ/>
<ᚿᛀក/>
<ᢿᣀ᧿ᨀᨿᩀ᪀/>
<ᰀ᰿᱀ᲀᴀᴿᵀᵿᶀᶿḀḿṀṿẀếỀỿ/>
<ἀἿὀᾀ᾿῀/>
<a⁰ⁿ₀₿℀ℿ⅀ⅿↀ/>
<ⰀⰿⱀⱿⲀⲿⳀ⳿ⴀⴿⵀⶀⷀⷿ/>
<⸀⸿⹀⺀⺿⻀⼀⼿⽀⽿⾀⾿⿀/>
<、みむむみむダㄿㆿ㇀ㇿ㈀㈿㋿㌀㏿/>

<㐀㐿㗿㘀㛀㛿㟀㟿/>
<㠀㠿㡀㤿㥀㨿㩀㬿㭀㯿/>
<㰀㰿㱀㶿㷀㼿㽀㾿㿀㿿/>
<䀀䀿䅀䅿䆀䊿䋀䍿䎀䏿/>
<䐀䕿䖀䙿䚀䝿䞀䟿/>
<䠀䢿䣀䧿䨀䪿䫀䬿䭀䯿/>
<䰀䱿䲀䴿䵀䶿䷀䷿一丿乀伿佀便俀俿/>
<倀忿怀濿瀀翿耀迿退/>
<ꀀꑿꒀ꒿꓀꓿ꔀꙀꟿꩿꪀꬿꭀꯀ가꿿/>
<뀀뚿뛀밿뱀뿿/>
<쀀쐿쑀엿였쟿저쩿쪀쿿/>
<퀀툿퉀퐿푀휿흀/>
<豈錄鹿ﬀנּﭿﮀﯿ﴿/>
<︿﹀ﹿﺿﻀ＿｀ｿﾀﺀﷰ/>
<�/>

<𐀀𐄀𐄿𐌀𐌿𐍀𐎿𐏀𐒀/>
<𒀀𒀿𒁀𒉿𒊀𒐀𒐿𒒀𒒿/>
<𗀀𗀿𗁀𗇿𗈀𗗿𗘀𗢿𗣀𗿿/>
<𛀀𛃿𝀀𝀿𝁀𝄀𝄿𝈀𝈿𝌀𝌿/>
<𞸀🀀🀿🂿🄀🄿🚀/>

<力>
<א/>
<س/>
<अ/>
<அ/>
<அ/>
<𐍑/>
<🪐/>
<😀/>
</力>

<ÀÖØöøÿĀĿŀſƀƿǀǿƀƿǀǿȀȿɀɿʀʿˀ˿/>
<ͰͽͿ΀οπϿ/>
<ЀпрѿҠҀҿӀӿԀԿՀտրֿ׀׿/>

<؀ؿـٿڀڿۀۿ/>
<܀ܿ݀݀ݿ/>
<ހ޿ހ޿/>
<ࠀ࠿ࡀࢿࣀࣿऀिीॿ/>
<ঀিী৿/>
<౿ൿවවເༀཀ྿࿀/>
<ကႠᄀᅀᆿᇀᇿሀሿቀቿኀዀዿጀጿፀ/>
<ᚿᛀក/>
<ᢿᣀ᧿ᨀᨿᩀ᪀/>
<ᰀ᰿᱀ᲀᴀᴿᵀᵿᶀᶿḀḿṀṿẀếỀỿ/>
<ἀἿὀᾀ᾿῀/>
<a⁰ⁿ₀₿℀ℿ⅀ⅿↀ/>
<ⰀⰿⱀⱿⲀⲿⳀ⳿ⴀⴿⵀⶀⷀⷿ/>
<⸀⸿⹀⺀⺿⻀⼀⼿⽀⽿⾀⾿⿀/>
<、みむむみむダㄿㆿ㇀ㇿ㈀㈿㋿㌀㏿/>

<㐀㐿㗿㘀㛀㛿㟀㟿/>
<㠀㠿㡀㤿㥀㨿㩀㬿㭀㯿/>
<㰀㰿㱀㶿㷀㼿㽀㾿㿀㿿/>
<䀀䀿䅀䅿䆀䊿䋀䍿䎀䏿/>
<䐀䕿䖀䙿䚀䝿䞀䟿/>
<䠀䢿䣀䧿䨀䪿䫀䬿䭀䯿/>
<䰀䱿䲀䴿䵀䶿䷀䷿一丿乀伿佀便俀俿/>
<倀忿怀濿瀀翿耀迿退/>
<ꀀꑿꒀ꒿꓀꓿ꔀꙀꟿꩿꪀꬿꭀꯀ가꿿/>
<뀀뚿뛀밿뱀뿿/>
<쀀쐿쑀엿였쟿저쩿쪀쿿/>
<퀀툿퉀퐿푀휿흀/>
<豈錄鹿ﬀנּﭿﮀﯿ﴿/>
<︿﹀ﹿﺿﻀ＿｀ｿﾀﺀﷰ/>
<�/>

<𐀀𐄀𐄿𐌀𐌿𐍀𐎿𐏀𐒀/>
<𒀀𒀿𒁀𒉿𒊀𒐀𒐿𒒀𒒿/>
<𗀀𗀿𗁀𗇿𗈀𗗿𗘀𗢿𗣀𗿿/>
<𛀀𛃿𝀀𝀿𝁀𝄀𝄿𝈀𝈿𝌀𝌿/>
<𞸀🀀🀿🂿🄀🄿🚀/>

<力>
<א/>
<س/>
<अ/>
<அ/>
<அ/>
<𐍑/>
<🪐/>
<😀/>
</力>

<ÀÖØöøÿĀĿŀſƀƿǀǿƀƿǀǿȀȿɀɿʀʿˀ˿/>
<ͰͽͿ΀οπϿ/>
<ЀпрѿҠҀҿӀӿԀԿՀտրֿ׀׿/>

<؀ؿـٿڀڿۀۿ/>
<܀ܿ݀݀ݿ/>
<ހ޿ހ޿/>
<ࠀ࠿ࡀࢿࣀࣿऀिीॿ/>
<ঀিী৿/>
<౿ൿවවເༀཀ྿࿀/>
<ကႠᄀᅀᆿᇀᇿሀሿቀቿኀዀዿጀጿፀ/>
<ᚿᛀក/>
<ᢿᣀ᧿ᨀᨿᩀ᪀/>
<ᰀ᰿᱀ᲀᴀᴿᵀᵿᶀᶿḀḿṀṿẀếỀỿ/>
<ἀἿὀᾀ᾿῀/>
<a⁰ⁿ₀₿℀ℿ⅀ⅿↀ/>
<ⰀⰿⱀⱿⲀⲿⳀ⳿ⴀⴿⵀⶀⷀⷿ/>
<⸀⸿⹀⺀⺿⻀⼀⼿⽀⽿⾀⾿⿀/>
<、みむむみむダㄿㆿ㇀ㇿ㈀㈿㋿㌀㏿/>

<㐀㐿㗿㘀㛀㛿㟀㟿/>
<㠀㠿㡀㤿㥀㨿㩀㬿㭀㯿/>
<㰀㰿㱀㶿㷀㼿㽀㾿㿀㿿/>
<䀀䀿䅀䅿䆀䊿䋀䍿䎀䏿/>
<䐀䕿䖀䙿䚀䝿䞀䟿/>
<䠀䢿䣀䧿䨀䪿䫀䬿䭀䯿/>
<䰀䱿䲀䴿䵀䶿䷀䷿一丿乀伿佀便俀俿/>
<倀忿怀濿瀀翿耀迿退/>
<ꀀꑿꒀ꒿꓀꓿ꔀꙀꟿꩿꪀꬿꭀꯀ가꿿/>
<뀀뚿뛀밿뱀뿿/>
<쀀쐿쑀엿였쟿저쩿쪀쿿/>
<퀀툿퉀퐿푀휿흀/>
<豈錄鹿ﬀנּﭿﮀﯿ﴿/>
<︿﹀ﹿﺿﻀ＿｀ｿﾀﺀﷰ/>
<�/>

<𐀀𐄀𐄿𐌀𐌿𐍀𐎿𐏀𐒀/>
<𒀀𒀿𒁀𒉿𒊀𒐀𒐿𒒀𒒿/>
<𗀀𗀿𗁀𗇿𗈀𗗿𗘀𗢿𗣀𗿿/>
<𛀀𛃿𝀀𝀿𝁀𝄀𝄿𝈀𝈿𝌀𝌿/>
<𞸀🀀🀿🂿🄀🄿🚀/>

<力>
<א/>
<س/>
<अ/>
<அ/>
<அ/>
<𐍑/>
<🪐/>
<😀/>
</力>

<ÀÖØöøÿĀĿŀſƀƿǀǿƀƿǀǿȀȿɀɿʀʿˀ˿/>
<ͰͽͿ΀οπϿ/>
<ЀпрѿҠҀҿӀӿԀԿՀտրֿ׀׿/>

<؀ؿـٿڀڿۀۿ/>
<܀ܿ݀݀ݿ/>
<ހ޿ހ޿/>
<ࠀ࠿ࡀࢿࣀࣿऀिीॿ/>
<ঀিী৿/>
<౿ൿවවເༀཀ྿࿀/>
<ကႠᄀᅀᆿᇀᇿሀሿቀቿኀዀዿጀጿፀ/>
<ᚿᛀក/>
<ᢿᣀ᧿ᨀᨿᩀ᪀/>
<ᰀ᰿᱀ᲀᴀᴿᵀᵿᶀᶿḀḿṀṿẀếỀỿ/>
<ἀἿὀᾀ᾿῀/>
<a⁰ⁿ₀₿℀ℿ⅀ⅿↀ/>
<ⰀⰿⱀⱿⲀⲿⳀ⳿ⴀⴿⵀⶀⷀⷿ/>
<⸀⸿⹀⺀⺿⻀⼀⼿⽀⽿⾀⾿⿀/>
<、みむむみむダㄿㆿ㇀ㇿ㈀㈿㋿㌀㏿/>

<㐀㐿㗿㘀㛀㛿㟀㟿/>
<㠀㠿㡀㤿㥀㨿㩀㬿㭀㯿/>
<㰀㰿㱀㶿㷀㼿㽀㾿㿀㿿/>
<䀀䀿䅀䅿䆀䊿䋀䍿䎀䏿/>
<䐀䕿䖀䙿䚀䝿䞀䟿/>
<䠀䢿䣀䧿䨀䪿䫀䬿䭀䯿/>
<䰀䱿䲀䴿䵀䶿䷀䷿一丿乀伿佀便俀俿/>
<倀忿怀濿瀀翿耀迿退/>
<ꀀꑿꒀ꒿꓀꓿ꔀꙀꟿꩿꪀꬿꭀꯀ가꿿/>
<뀀뚿뛀밿뱀뿿/>
<쀀쐿쑀엿였쟿저쩿쪀쿿/>
<퀀툿퉀퐿푀휿흀/>
<豈錄鹿ﬀנּﭿﮀﯿ﴿/>
<︿﹀ﹿﺿﻀ＿｀ｿﾀﺀﷰ/>
<�/>

<𐀀𐄀𐄿𐌀𐌿𐍀𐎿𐏀𐒀/>
<𒀀𒀿𒁀𒉿𒊀𒐀𒐿𒒀𒒿/>
<𗀀𗀿𗁀𗇿𗈀𗗿𗘀𗢿𗣀𗿿/>
<𛀀𛃿𝀀𝀿𝁀𝄀𝄿𝈀𝈿𝌀𝌿/>
<𞸀🀀🀿🂿🄀🄿🚀/>

<力>
<א/>
<س/>
<अ/>
<அ/>
<அ/>
<𐍑/>
<🪐/>
<😀/>
</力>

<ÀÖØöøÿĀĿŀſƀƿǀǿƀƿǀǿȀȿɀɿʀʿˀ˿/>
<ͰͽͿ΀οπϿ/>
<ЀпрѿҠҀҿӀӿԀԿՀտրֿ׀׿/>

<؀ؿـٿڀڿۀۿ/>
<܀ܿ݀݀ݿ/>
<ހ޿ހ޿/>
<ࠀ࠿ࡀࢿࣀࣿऀिीॿ/>
<ঀিী৿/>
<౿ൿවවເༀཀ྿࿀/>
<ကႠᄀᅀᆿᇀᇿሀሿቀቿኀዀዿጀጿፀ/>
<ᚿᛀក/>
<ᢿᣀ᧿ᨀᨿᩀ᪀/>
<ᰀ᰿᱀ᲀᴀᴿᵀᵿᶀᶿḀḿṀṿẀếỀỿ/>
<ἀἿὀᾀ᾿῀/>
<a⁰ⁿ₀₿℀ℿ⅀ⅿↀ/>
<ⰀⰿⱀⱿⲀⲿⳀ⳿ⴀⴿⵀⶀⷀⷿ/>
<⸀⸿⹀⺀⺿⻀⼀⼿⽀⽿⾀⾿⿀/>
<、みむむみむダㄿㆿ㇀ㇿ㈀㈿㋿㌀㏿/>

<㐀㐿㗿㘀㛀㛿㟀㟿/>
<㠀㠿㡀㤿㥀㨿㩀㬿㭀㯿/>
<㰀㰿㱀㶿㷀㼿㽀㾿㿀㿿/>
<䀀䀿䅀䅿䆀䊿䋀䍿䎀䏿/>
<䐀䕿䖀䙿䚀䝿䞀䟿/>
<䠀䢿䣀䧿䨀䪿䫀䬿䭀䯿/>
<䰀䱿䲀䴿䵀䶿䷀䷿一丿乀伿佀便俀俿/>
<倀忿怀濿瀀翿耀迿退/>
<ꀀꑿꒀ꒿꓀꓿ꔀꙀꟿꩿꪀꬿꭀꯀ가꿿/>
<뀀뚿뛀밿뱀뿿/>
<쀀쐿쑀엿였쟿저쩿쪀쿿/>
<퀀툿퉀퐿푀휿흀/>
<豈錄鹿ﬀנּﭿﮀﯿ﴿/>
<︿﹀ﹿﺿﻀ＿｀ｿﾀﺀﷰ/>
<�/>

<𐀀𐄀𐄿𐌀𐌿𐍀𐎿𐏀𐒀/>
<𒀀𒀿𒁀𒉿𒊀𒐀𒐿𒒀𒒿/>
<𗀀𗀿𗁀𗇿𗈀𗗿𗘀𗢿𗣀𗿿/>
<𛀀𛃿𝀀𝀿𝁀𝄀𝄿𝈀𝈿𝌀𝌿/>
<𞸀🀀🀿🂿🄀🄿🚀/>

<力>
<א/>
<س/>
<अ/>
<அ/>
<அ/>
<𐍑/>
<🪐/>
<😀/>
</力>

<ÀÖØöøÿĀĿŀſƀƿǀǿƀƿǀǿȀȿɀɿʀʿˀ˿/>
<ͰͽͿ΀οπϿ/>
<ЀпрѿҠҀҿӀӿԀԿՀտրֿ׀׿/>

<؀ؿـٿڀڿۀۿ/>
<܀ܿ݀݀ݿ/>
<ހ޿ހ޿/>
<ࠀ࠿ࡀࢿࣀࣿऀिीॿ/>
<ঀিী৿/>
<౿ൿවවເༀཀ྿࿀/>
<ကႠᄀᅀᆿᇀᇿሀሿቀቿኀዀዿጀጿፀ/>
<ᚿᛀក/>
<ᢿᣀ᧿ᨀᨿᩀ᪀/>
<ᰀ᰿᱀ᲀᴀᴿᵀᵿᶀᶿḀḿṀṿẀếỀỿ/>
<ἀἿὀᾀ᾿῀/>
<a⁰ⁿ₀₿℀ℿ⅀ⅿↀ/>
<ⰀⰿⱀⱿⲀⲿⳀ⳿ⴀⴿⵀⶀⷀⷿ/>
<⸀⸿⹀⺀⺿⻀⼀⼿⽀⽿⾀⾿⿀/>
<、みむむみむダㄿㆿ㇀ㇿ㈀㈿㋿㌀㏿/>

<㐀㐿㗿㘀㛀㛿㟀㟿/>
<㠀㠿㡀㤿㥀㨿㩀㬿㭀㯿/>
<㰀㰿㱀㶿㷀㼿㽀㾿㿀㿿/>
<䀀䀿䅀䅿䆀䊿䋀䍿䎀䏿/>
<䐀䕿䖀䙿䚀䝿䞀䟿/>
<䠀䢿䣀䧿䨀䪿䫀䬿䭀䯿/>
<䰀䱿䲀䴿䵀䶿䷀䷿一丿乀伿佀便俀俿/>
<倀忿怀濿瀀翿耀迿退/>
<ꀀꑿꒀ꒿꓀꓿ꔀꙀꟿꩿꪀꬿꭀꯀ가꿿/>
<뀀뚿뛀밿뱀뿿/>
<쀀쐿쑀엿였쟿저쩿쪀쿿/>
<퀀툿퉀퐿푀휿흀/>
<豈錄鹿ﬀנּﭿﮀﯿ﴿/>
<︿﹀ﹿﺿﻀ＿｀ｿﾀﺀﷰ/>
<�/>

<𐀀𐄀𐄿𐌀𐌿𐍀𐎿𐏀𐒀/>
<𒀀𒀿𒁀𒉿𒊀𒐀𒐿𒒀𒒿/>
<𗀀𗀿𗁀𗇿𗈀𗗿𗘀𗢿𗣀𗿿/>
<𛀀𛃿𝀀𝀿𝁀𝄀𝄿𝈀𝈿𝌀𝌿/>
<𞸀🀀🀿🂿🄀🄿🚀/>

<力>
<א/>
<س/>
<अ/>
<அ/>
<அ/>
<𐍑/>
<🪐/>
<😀/>
</力>

<ÀÖØöøÿĀĿŀſƀƿǀǿƀƿǀǿȀȿɀɿʀʿˀ˿/>
<ͰͽͿ΀οπϿ/>
<ЀпрѿҠҀҿӀӿԀԿՀտրֿ׀׿/>

<؀ؿـٿڀڿۀۿ/>
<܀ܿ݀݀ݿ/>
<ހ޿ހ޿/>
<ࠀ࠿ࡀࢿࣀࣿऀिीॿ/>
<ঀিী৿/>
<౿ൿවවເༀཀ྿࿀/>
<ကႠᄀᅀᆿᇀᇿሀሿቀቿኀዀዿጀጿፀ/>
<ᚿᛀក/>
<ᢿᣀ᧿ᨀᨿᩀ᪀/>
<ᰀ᰿᱀ᲀᴀᴿᵀᵿᶀᶿḀḿṀṿẀếỀỿ/>
<ἀἿὀᾀ᾿῀/>
<a⁰ⁿ₀₿℀ℿ⅀ⅿↀ/>
<ⰀⰿⱀⱿⲀⲿⳀ⳿ⴀⴿⵀⶀⷀⷿ/>
<⸀⸿⹀⺀⺿⻀⼀⼿⽀⽿⾀⾿⿀/>
<、みむむみむダㄿㆿ㇀ㇿ㈀㈿㋿㌀㏿/>

<㐀㐿㗿㘀㛀㛿㟀㟿/>
<㠀㠿㡀㤿㥀㨿㩀㬿㭀㯿/>
<㰀㰿㱀㶿㷀㼿㽀㾿㿀㿿/>
<䀀䀿䅀䅿䆀䊿䋀䍿䎀䏿/>
<䐀䕿䖀䙿䚀䝿䞀䟿/>
<䠀䢿䣀䧿䨀䪿䫀䬿䭀䯿/>
<䰀䱿䲀䴿䵀䶿䷀䷿一丿乀伿佀便俀俿/>
<倀忿怀濿瀀翿耀迿退/>
<ꀀꑿꒀ꒿꓀꓿ꔀꙀꟿꩿꪀꬿꭀꯀ가꿿/>
<뀀뚿뛀밿뱀뿿/>
<쀀쐿쑀엿였쟿저쩿쪀쿿/>
<퀀툿퉀퐿푀휿흀/>
<豈錄鹿ﬀנּﭿﮀﯿ﴿/>
<︿﹀ﹿﺿﻀ＿｀ｿﾀﺀﷰ/>
<�/>

<𐀀𐄀𐄿𐌀𐌿𐍀𐎿𐏀𐒀/>
<𒀀𒀿𒁀𒉿𒊀𒐀𒐿𒒀𒒿/>
<𗀀𗀿𗁀𗇿𗈀𗗿𗘀𗢿𗣀𗿿/>
<𛀀𛃿𝀀𝀿𝁀𝄀𝄿𝈀𝈿𝌀𝌿/>
<𞸀🀀🀿🂿🄀🄿🚀/>

<力>
<א/>
<س/>
<अ/>
<அ/>
<அ/>
<𐍑/>
<🪐/>
<😀/>
</力>

<ÀÖØöøÿĀĿŀſƀƿǀǿƀƿǀǿȀȿɀɿʀʿˀ˿/>
<ͰͽͿ΀οπϿ/>
<ЀпрѿҠҀҿӀӿԀԿՀտրֿ׀׿/>

<؀ؿـٿڀڿۀۿ/>
<܀ܿ݀݀ݿ/>
<ހ޿ހ޿/>
<ࠀ࠿ࡀࢿࣀࣿऀिीॿ/>
<ঀিী৿/>
<౿ൿවවເༀཀ྿࿀/>
<ကႠᄀᅀᆿᇀᇿሀሿቀቿኀዀዿጀጿፀ/>
<ᚿᛀក/>
<ᢿᣀ᧿ᨀᨿᩀ᪀/>
<ᰀ᰿᱀ᲀᴀᴿᵀᵿᶀᶿḀḿṀṿẀếỀỿ/>
<ἀἿὀᾀ᾿῀/>
<a⁰ⁿ₀₿℀ℿ⅀ⅿↀ/>
<ⰀⰿⱀⱿⲀⲿⳀ⳿ⴀⴿⵀⶀⷀⷿ/>
<⸀⸿⹀⺀⺿⻀⼀⼿⽀⽿⾀⾿⿀/>
<、みむむみむダㄿㆿ㇀ㇿ㈀㈿㋿㌀㏿/>

<㐀㐿㗿㘀㛀㛿㟀㟿/>
<㠀㠿㡀㤿㥀㨿㩀㬿㭀㯿/>
<㰀㰿㱀㶿㷀㼿㽀㾿㿀㿿/>
<䀀䀿䅀䅿䆀䊿䋀䍿䎀䏿/>
<䐀䕿䖀䙿䚀䝿䞀䟿/>
<䠀䢿䣀䧿䨀䪿䫀䬿䭀䯿/>
<䰀䱿䲀䴿䵀䶿䷀䷿一丿乀伿佀便俀俿/>
<倀忿怀濿瀀翿耀迿退/>
<ꀀꑿꒀ꒿꓀꓿ꔀꙀꟿꩿꪀꬿꭀꯀ가꿿/>
<뀀뚿뛀밿뱀뿿/>
<쀀쐿쑀엿였쟿저쩿쪀쿿/>
<퀀툿퉀퐿푀휿흀/>
<豈錄鹿ﬀנּﭿﮀﯿ﴿/>
<︿﹀ﹿﺿﻀ＿｀ｿﾀﺀﷰ/>
<�/>

<𐀀𐄀𐄿𐌀𐌿𐍀𐎿𐏀𐒀/>
<𒀀𒀿𒁀𒉿𒊀𒐀𒐿𒒀𒒿/>
<𗀀𗀿𗁀𗇿𗈀𗗿𗘀𗢿𗣀𗿿/>
<𛀀𛃿𝀀𝀿𝁀𝄀𝄿𝈀𝈿𝌀𝌿/>
<𞸀🀀🀿🂿🄀🄿🚀/>

<力>
<א/>
<س/>
<अ/>
<அ/>
<அ/>
<𐍑/>
<🪐/>
<😀/>
</力>

<ÀÖØöøÿĀĿŀſƀƿǀǿƀƿǀǿȀȿɀɿʀʿˀ˿/>
<ͰͽͿ΀οπϿ/>
<ЀпрѿҠҀҿӀӿԀԿՀտրֿ׀׿/>

<؀ؿـٿڀڿۀۿ/>
<܀ܿ݀݀ݿ/>
<ހ޿ހ޿/>
<ࠀ࠿ࡀࢿࣀࣿऀिीॿ/>
<ঀিী৿/>
<౿ൿවවເༀཀ྿࿀/>
<ကႠᄀᅀᆿᇀᇿሀሿቀቿኀዀዿጀጿፀ/>
<ᚿᛀក/>
<ᢿᣀ᧿ᨀᨿᩀ᪀/>
<ᰀ᰿᱀ᲀᴀᴿᵀᵿᶀᶿḀḿṀṿẀếỀỿ/>
<ἀἿὀᾀ᾿῀/>
<a⁰ⁿ₀₿℀ℿ⅀ⅿↀ/>
<ⰀⰿⱀⱿⲀⲿⳀ⳿ⴀⴿⵀⶀⷀⷿ/>
<⸀⸿⹀⺀⺿⻀⼀⼿⽀⽿⾀⾿⿀/>
<、みむむみむダㄿㆿ㇀ㇿ㈀㈿㋿㌀㏿/>

<㐀㐿㗿㘀㛀㛿㟀㟿/>
<㠀㠿㡀㤿㥀㨿㩀㬿㭀㯿/>
<㰀㰿㱀㶿㷀㼿㽀㾿㿀㿿/>
<䀀䀿䅀䅿䆀䊿䋀䍿䎀䏿/>
<䐀䕿䖀䙿䚀䝿䞀䟿/>
<䠀䢿䣀䧿䨀䪿䫀䬿䭀䯿/>
<䰀䱿䲀䴿䵀䶿䷀䷿一丿乀伿佀便俀俿/>
<倀忿怀濿瀀翿耀迿退/>
<ꀀꑿꒀ꒿꓀꓿ꔀꙀꟿꩿꪀꬿꭀꯀ가꿿/>
<뀀뚿뛀밿뱀뿿/>
<쀀쐿쑀엿였쟿저쩿쪀쿿/>
<퀀툿퉀퐿푀휿흀/>
<豈錄鹿ﬀנּﭿﮀﯿ﴿/>
<︿﹀ﹿﺿﻀ＿｀ｿﾀﺀﷰ/>
<�/>

<𐀀𐄀𐄿𐌀𐌿𐍀𐎿𐏀𐒀/>
<𒀀𒀿𒁀𒉿𒊀𒐀𒐿𒒀𒒿/>
<𗀀𗀿𗁀𗇿𗈀𗗿𗘀𗢿𗣀𗿿/>
<𛀀𛃿𝀀𝀿𝁀𝄀𝄿𝈀𝈿𝌀𝌿/>
<𞸀🀀🀿🂿🄀🄿🚀/>

<力>
<א/>
<س/>
<अ/>
<அ/>
<அ/>
<𐍑/>
<🪐/>
<😀/>
</力>

<ÀÖØöøÿĀĿŀſƀƿǀǿƀƿǀǿȀȿɀɿʀʿˀ˿/>
<ͰͽͿ΀οπϿ/>
<ЀпрѿҠҀҿӀӿԀԿՀտրֿ׀׿/>

<؀ؿـٿڀڿۀۿ/>
<܀ܿ݀݀ݿ/>
<ހ޿ހ޿/>
<ࠀ࠿ࡀࢿࣀࣿऀिीॿ/>
<ঀিী৿/>
<౿ൿවවເༀཀ྿࿀/>
<ကႠᄀᅀᆿᇀᇿሀሿቀቿኀዀዿጀጿፀ/>
<ᚿᛀក/>
<ᢿᣀ᧿ᨀᨿᩀ᪀/>
<ᰀ᰿᱀ᲀᴀᴿᵀᵿᶀᶿḀḿṀṿẀếỀỿ/>
<ἀἿὀᾀ᾿῀/>
<a⁰ⁿ₀₿℀ℿ⅀ⅿↀ/>
<ⰀⰿⱀⱿⲀⲿⳀ⳿ⴀⴿⵀⶀⷀⷿ/>
<⸀⸿⹀⺀⺿⻀⼀⼿⽀⽿⾀⾿⿀/>
<、みむむみむダㄿㆿ㇀ㇿ㈀㈿㋿㌀㏿/>

<㐀㐿㗿㘀㛀㛿㟀㟿/>
<㠀㠿㡀㤿㥀㨿㩀㬿㭀㯿/>
<㰀㰿㱀㶿㷀㼿㽀㾿㿀㿿/>
<䀀䀿䅀䅿䆀䊿䋀䍿䎀䏿/>
<䐀䕿䖀䙿䚀䝿䞀䟿/>
<䠀䢿䣀䧿䨀䪿䫀䬿䭀䯿/>
<䰀䱿䲀䴿䵀䶿䷀䷿一丿乀伿佀便俀俿/>
<倀忿怀濿瀀翿耀迿退/>
<ꀀꑿꒀ꒿꓀꓿ꔀꙀꟿꩿꪀꬿꭀꯀ가꿿/>
<뀀뚿뛀밿뱀뿿/>
<쀀쐿쑀엿였쟿저쩿쪀쿿/>
<퀀툿퉀퐿푀휿흀/>
<豈錄鹿ﬀנּﭿﮀﯿ﴿/>
<︿﹀ﹿﺿﻀ＿｀ｿﾀﺀﷰ/>
<�/>

<𐀀𐄀𐄿𐌀𐌿𐍀𐎿𐏀𐒀/>
<𒀀𒀿𒁀𒉿𒊀𒐀𒐿𒒀𒒿/>
<𗀀𗀿𗁀𗇿𗈀𗗿𗘀𗢿𗣀𗿿/>
<𛀀𛃿𝀀𝀿𝁀𝄀𝄿𝈀𝈿𝌀𝌿/>
<𞸀🀀🀿🂿🄀🄿🚀/>

<力>
<א/>
<س/>
<अ/>
<அ/>
<அ/>
<𐍑/>
<🪐/>
<😀/>
</力>

<ÀÖØöøÿĀĿŀſƀƿǀǿƀƿǀǿȀȿɀɿʀʿˀ˿/>
<ͰͽͿ΀οπϿ/>
<ЀпрѿҠҀҿӀӿԀԿՀտրֿ׀׿/>

<؀ؿـٿڀڿۀۿ/>
<܀ܿ݀݀ݿ/>
<ހ޿ހ޿/>
<ࠀ࠿ࡀࢿࣀࣿऀिीॿ/>
<ঀিী৿/>
<౿ൿවවເༀཀ྿࿀/>
<ကႠᄀᅀᆿᇀᇿሀሿቀቿኀዀዿጀጿፀ/>
<ᚿᛀក/>
<ᢿᣀ᧿ᨀᨿᩀ᪀/>
<ᰀ᰿᱀ᲀᴀᴿᵀᵿᶀᶿḀḿṀṿẀếỀỿ/>
<ἀἿὀᾀ᾿῀/>
<a⁰ⁿ₀₿℀ℿ⅀ⅿↀ/>
<ⰀⰿⱀⱿⲀⲿⳀ⳿ⴀⴿⵀⶀⷀⷿ/>
<⸀⸿⹀⺀⺿⻀⼀⼿⽀⽿⾀⾿⿀/>
<、みむむみむダㄿㆿ㇀ㇿ㈀㈿㋿㌀㏿/>

<㐀㐿㗿㘀㛀㛿㟀㟿/>
<㠀㠿㡀㤿㥀㨿㩀㬿㭀㯿/>
<㰀㰿㱀㶿㷀㼿㽀㾿㿀㿿/>
<䀀䀿䅀䅿䆀䊿䋀䍿䎀䏿/>
<䐀䕿䖀䙿䚀䝿䞀䟿/>
<䠀䢿䣀䧿䨀䪿䫀䬿䭀䯿/>
<䰀䱿䲀䴿䵀䶿䷀䷿一丿乀伿佀便俀俿/>
<倀忿怀濿瀀翿耀迿退/>
<ꀀꑿꒀ꒿꓀꓿ꔀꙀꟿꩿꪀꬿꭀꯀ가꿿/>
<뀀뚿뛀밿뱀뿿/>
<쀀쐿쑀엿였쟿저쩿쪀쿿/>
<퀀툿퉀퐿푀휿흀/>
<豈錄鹿ﬀנּﭿﮀﯿ﴿/>
<︿﹀ﹿﺿﻀ＿｀ｿﾀﺀﷰ/>
<�/>

<𐀀𐄀𐄿𐌀𐌿𐍀𐎿𐏀𐒀/>
<𒀀𒀿𒁀𒉿𒊀𒐀𒐿𒒀𒒿/>
<𗀀𗀿𗁀𗇿𗈀𗗿𗘀𗢿𗣀𗿿/>
<𛀀𛃿𝀀𝀿𝁀𝄀𝄿𝈀𝈿𝌀𝌿/>
<𞸀🀀🀿🂿🄀🄿🚀/>

<力>
<א/>
<س/>
<अ/>
<அ/>
<அ/>
<𐍑/>
<🪐/>
<😀/>
</力>

<ÀÖØöøÿĀĿŀſƀƿǀǿƀƿǀǿȀȿɀɿʀʿˀ˿/>
<ͰͽͿ΀οπϿ/>
<ЀпрѿҠҀҿӀӿԀԿՀտրֿ׀׿/>

<؀ؿـٿڀڿۀۿ/>
<܀ܿ݀݀ݿ/>
<ހ޿ހ޿/>
<ࠀ࠿ࡀࢿࣀࣿऀिीॿ/>
<ঀিী৿/>
<౿ൿවවເༀཀ྿࿀/>
<ကႠᄀᅀᆿᇀᇿሀሿቀቿኀዀዿጀጿፀ/>
<ᚿᛀក/>
<ᢿᣀ᧿ᨀᨿᩀ᪀/>
<ᰀ᰿᱀ᲀᴀᴿᵀᵿᶀᶿḀḿṀṿẀếỀỿ/>
<ἀἿὀᾀ᾿῀/>
<a⁰ⁿ₀₿℀ℿ⅀ⅿↀ/>
<ⰀⰿⱀⱿⲀⲿⳀ⳿ⴀⴿⵀⶀⷀⷿ/>
<⸀⸿⹀⺀⺿⻀⼀⼿⽀⽿⾀⾿⿀/>
<、みむむみむダㄿㆿ㇀ㇿ㈀㈿㋿㌀㏿/>

<㐀㐿㗿㘀㛀㛿㟀㟿/>
<㠀㠿㡀㤿㥀㨿㩀㬿㭀㯿/>
<㰀㰿㱀㶿㷀㼿㽀㾿㿀㿿/>
<䀀䀿䅀䅿䆀䊿䋀䍿䎀䏿/>
<䐀䕿䖀䙿䚀䝿䞀䟿/>
<䠀䢿䣀䧿䨀䪿䫀䬿䭀䯿/>
<䰀䱿䲀䴿䵀䶿䷀䷿一丿乀伿佀便俀俿/>
<倀忿怀濿瀀翿耀迿退/>
<ꀀꑿꒀ꒿꓀꓿ꔀꙀꟿꩿꪀꬿꭀꯀ가꿿/>
<뀀뚿뛀밿뱀뿿/>
<쀀쐿쑀엿였쟿저쩿쪀쿿/>
<퀀툿퉀퐿푀휿흀/>
<豈錄鹿ﬀנּﭿﮀﯿ﴿/>
<︿﹀ﹿﺿﻀ＿｀ｿﾀﺀﷰ/>
<�/>

<𐀀𐄀𐄿𐌀𐌿𐍀𐎿𐏀𐒀/>
<𒀀𒀿𒁀𒉿𒊀𒐀𒐿𒒀𒒿/>
<𗀀𗀿𗁀𗇿𗈀𗗿𗘀𗢿𗣀𗿿/>
<𛀀𛃿𝀀𝀿𝁀𝄀𝄿𝈀𝈿𝌀𝌿/>
<𞸀🀀🀿🂿🄀🄿🚀/>

<力>
<א/>
<س/>
<अ/>
<அ/>
<அ/>
<𐍑/>
<🪐/>
<😀/>
</力>

<ÀÖØöøÿĀĿŀſƀƿǀǿƀƿǀǿȀȿɀɿʀʿˀ˿/>
<ͰͽͿ΀οπϿ/>
<ЀпрѿҠҀҿӀӿԀԿՀտրֿ׀׿/>

<؀ؿـٿڀڿۀۿ/>
<܀ܿ݀݀ݿ/>
<ހ޿ހ޿/>
<ࠀ࠿ࡀࢿࣀࣿऀिीॿ/>
<ঀিী৿/>
<౿ൿවවເༀཀ྿࿀/>
<ကႠᄀᅀᆿᇀᇿሀሿቀቿኀዀዿጀጿፀ/>
<ᚿᛀក/>
<ᢿᣀ᧿ᨀᨿᩀ᪀/>
<ᰀ᰿᱀ᲀᴀᴿᵀᵿᶀᶿḀḿṀṿẀếỀỿ/>
<ἀἿὀᾀ᾿῀/>
<a⁰ⁿ₀₿℀ℿ⅀ⅿↀ/>
<ⰀⰿⱀⱿⲀⲿⳀ⳿ⴀⴿⵀⶀⷀⷿ/>
<⸀⸿⹀⺀⺿⻀⼀⼿⽀⽿⾀⾿⿀/>
<、みむむみむダㄿㆿ㇀ㇿ㈀㈿㋿㌀㏿/>

<㐀㐿㗿㘀㛀㛿㟀㟿/>
<㠀㠿㡀㤿㥀㨿㩀㬿㭀㯿/>
<㰀㰿㱀㶿㷀㼿㽀㾿㿀㿿/>
<䀀䀿䅀䅿䆀䊿䋀䍿䎀䏿/>
<䐀䕿䖀䙿䚀䝿䞀䟿/>
<䠀䢿䣀䧿䨀䪿䫀䬿䭀䯿/>
<䰀䱿䲀䴿䵀䶿䷀䷿一丿乀伿佀便俀俿/>
<倀忿怀濿瀀翿耀迿退/>
<ꀀꑿꒀ꒿꓀꓿ꔀꙀꟿꩿꪀꬿꭀꯀ가꿿/>
<뀀뚿뛀밿뱀뿿/>
<쀀쐿쑀엿였쟿저쩿쪀쿿/>
<퀀툿퉀퐿푀휿흀/>
<豈錄鹿ﬀנּﭿﮀﯿ﴿/>
<︿﹀ﹿﺿﻀ＿｀ｿﾀﺀﷰ/>
<�/>

<𐀀𐄀𐄿𐌀𐌿𐍀𐎿𐏀𐒀/>
<𒀀𒀿𒁀𒉿𒊀𒐀𒐿𒒀𒒿/>
<𗀀𗀿𗁀𗇿𗈀𗗿𗘀𗢿𗣀𗿿/>
<𛀀𛃿𝀀𝀿𝁀𝄀𝄿𝈀𝈿𝌀𝌿/>
<𞸀🀀🀿🂿🄀🄿🚀/>

<力>
<א/>
<س/>
<अ/>
<அ/>
<அ/>
<𐍑/>
<🪐/>
<😀/>
</力>

<ÀÖØöøÿĀĿŀſƀƿǀǿƀƿǀǿȀȿɀɿʀʿˀ˿/>
<ͰͽͿ΀οπϿ/>
<ЀпрѿҠҀҿӀӿԀԿՀտրֿ׀׿/>

<؀ؿـٿڀڿۀۿ/>
<܀ܿ݀݀ݿ/>
<ހ޿ހ޿/>
<ࠀ࠿ࡀࢿࣀࣿऀिीॿ/>
<ঀিী৿/>
<౿ൿවවເༀཀ྿࿀/>
<ကႠᄀᅀᆿᇀᇿሀሿቀቿኀዀዿጀጿፀ/>
<ᚿᛀក/>
<ᢿᣀ᧿ᨀᨿᩀ᪀/>
<ᰀ᰿᱀ᲀᴀᴿᵀᵿᶀᶿḀḿṀṿẀếỀỿ/>
<ἀἿὀᾀ᾿῀/>
<a⁰ⁿ₀₿℀ℿ⅀ⅿↀ/>
<ⰀⰿⱀⱿⲀⲿⳀ⳿ⴀⴿⵀⶀⷀⷿ/>
<⸀⸿⹀⺀⺿⻀⼀⼿⽀⽿⾀⾿⿀/>
<、みむむみむダㄿㆿ㇀ㇿ㈀㈿㋿㌀㏿/>

<㐀㐿㗿㘀㛀㛿㟀㟿/>
<㠀㠿㡀㤿㥀㨿㩀㬿㭀㯿/>
<㰀㰿㱀㶿㷀㼿㽀㾿㿀㿿/>
<䀀䀿䅀䅿䆀䊿䋀䍿䎀䏿/>
<䐀䕿䖀䙿䚀䝿䞀䟿/>
<䠀䢿䣀䧿䨀䪿䫀䬿䭀䯿/>
<䰀䱿䲀䴿䵀䶿䷀䷿一丿乀伿佀便俀俿/>
<倀忿怀濿瀀翿耀迿退/>
<ꀀꑿꒀ꒿꓀꓿ꔀꙀꟿꩿꪀꬿꭀꯀ가꿿/>
<뀀뚿뛀밿뱀뿿/>
<쀀쐿쑀엿였쟿저쩿쪀쿿/>
<퀀툿퉀퐿푀휿흀/>
<豈錄鹿ﬀנּﭿﮀﯿ﴿/>
<︿﹀ﹿﺿﻀ＿｀ｿﾀﺀﷰ/>
<�/>

<𐀀𐄀𐄿𐌀𐌿𐍀𐎿𐏀𐒀/>
<𒀀𒀿𒁀𒉿𒊀𒐀𒐿𒒀𒒿/>
<𗀀𗀿𗁀𗇿𗈀𗗿𗘀𗢿𗣀𗿿/>
<𛀀𛃿𝀀𝀿𝁀𝄀𝄿𝈀𝈿𝌀𝌿/>
<𞸀🀀🀿🂿🄀🄿🚀/>

<力>
<א/>
<س/>
<अ/>
<அ/>
<அ/>
<𐍑/>
<🪐/>
<😀/>
</力>

<ÀÖØöøÿĀĿŀſƀƿǀǿƀƿǀǿȀȿɀɿʀʿˀ˿/>
<ͰͽͿ΀οπϿ/>
<ЀпрѿҠҀҿӀӿԀԿՀտրֿ׀׿/>

<؀ؿـٿڀڿۀۿ/>
<܀ܿ݀݀ݿ/>
<ހ޿ހ޿/>
<ࠀ࠿ࡀࢿࣀࣿऀिीॿ/>
<ঀিী৿/>
<౿ൿවවເༀཀ྿࿀/>
<ကႠᄀᅀᆿᇀᇿሀሿቀቿኀዀዿጀጿፀ/>
<ᚿᛀក/>
<ᢿᣀ᧿ᨀᨿᩀ᪀/>
<ᰀ᰿᱀ᲀᴀᴿᵀᵿᶀᶿḀḿṀṿẀếỀỿ/>
<ἀἿὀᾀ᾿῀/>
<a⁰ⁿ₀₿℀ℿ⅀ⅿↀ/>
<ⰀⰿⱀⱿⲀⲿⳀ⳿ⴀⴿⵀⶀⷀⷿ/>
<⸀⸿⹀⺀⺿⻀⼀⼿⽀⽿⾀⾿⿀/>
<、みむむみむダㄿㆿ㇀ㇿ㈀㈿㋿㌀㏿/>

<㐀㐿㗿㘀㛀㛿㟀㟿/>
<㠀㠿㡀㤿㥀㨿㩀㬿㭀㯿/>
<㰀㰿㱀㶿㷀㼿㽀㾿㿀㿿/>
<䀀䀿䅀䅿䆀䊿䋀䍿䎀䏿/>
<䐀䕿䖀䙿䚀䝿䞀䟿/>
<䠀䢿䣀䧿䨀䪿䫀䬿䭀䯿/>
<䰀䱿䲀䴿䵀䶿䷀䷿一丿乀伿佀便俀俿/>
<倀忿怀濿瀀翿耀迿退/>
<ꀀꑿꒀ꒿꓀꓿ꔀꙀꟿꩿꪀꬿꭀꯀ가꿿/>
<뀀뚿뛀밿뱀뿿/>
<쀀쐿쑀엿였쟿저쩿쪀쿿/>
<퀀툿퉀퐿푀휿흀/>
<豈錄鹿ﬀנּﭿﮀﯿ﴿/>
<︿﹀ﹿﺿﻀ＿｀ｿﾀﺀﷰ/>
<�/>

<𐀀𐄀𐄿𐌀𐌿𐍀𐎿𐏀𐒀/>
<𒀀𒀿𒁀𒉿𒊀𒐀𒐿𒒀𒒿/>
<𗀀𗀿𗁀𗇿𗈀𗗿𗘀𗢿𗣀𗿿/>
<𛀀𛃿𝀀𝀿𝁀𝄀𝄿𝈀𝈿𝌀𝌿/>
<𞸀🀀🀿🂿🄀🄿🚀/>

<力>
<א/>
<س/>
<अ/>
<அ/>
<அ/>
<𐍑/>
<🪐/>
<😀/>
</力>

<ÀÖØöøÿĀĿŀſƀƿǀǿƀƿǀǿȀȿɀɿʀʿˀ˿/>
<ͰͽͿ΀οπϿ/>
<ЀпрѿҠҀҿӀӿԀԿՀտրֿ׀׿/>

<؀ؿـٿڀڿۀۿ/>
<܀ܿ݀݀ݿ/>
<ހ޿ހ޿/>
<ࠀ࠿ࡀࢿࣀࣿऀिीॿ/>
<ঀিী৿/>
<౿ൿවවເༀཀ྿࿀/>
<ကႠᄀᅀᆿᇀᇿሀሿቀቿኀዀዿጀጿፀ/>
<ᚿᛀក/>
<ᢿᣀ᧿ᨀᨿᩀ᪀/>
<ᰀ᰿᱀ᲀᴀᴿᵀᵿᶀᶿḀḿṀṿẀếỀỿ/>
<ἀἿὀᾀ᾿῀/>
<a⁰ⁿ₀₿℀ℿ⅀ⅿↀ/>
<ⰀⰿⱀⱿⲀⲿⳀ⳿ⴀⴿⵀⶀⷀⷿ/>
<⸀⸿⹀⺀⺿⻀⼀⼿⽀⽿⾀⾿⿀/>
<、みむむみむダㄿㆿ㇀ㇿ㈀㈿㋿㌀㏿/>

<㐀㐿㗿㘀㛀㛿㟀㟿/>
<㠀㠿㡀㤿㥀㨿㩀㬿㭀㯿/>
<㰀㰿㱀㶿㷀㼿㽀㾿㿀㿿/>
<䀀䀿䅀䅿䆀䊿䋀䍿䎀䏿/>
<䐀䕿䖀䙿䚀䝿䞀䟿/>
<䠀䢿䣀䧿䨀䪿䫀䬿䭀䯿/>
<䰀䱿䲀䴿䵀䶿䷀䷿一丿乀伿佀便俀俿/>
<倀忿怀濿瀀翿耀迿退/>
<ꀀꑿꒀ꒿꓀꓿ꔀꙀꟿꩿꪀꬿꭀꯀ가꿿/>
<뀀뚿뛀밿뱀뿿/>
<쀀쐿쑀엿였쟿저쩿쪀쿿/>
<퀀툿퉀퐿푀휿흀/>
<豈錄鹿ﬀנּﭿﮀﯿ﴿/>
<︿﹀ﹿﺿﻀ＿｀ｿﾀﺀﷰ/>
<�/>

<𐀀𐄀𐄿𐌀𐌿𐍀𐎿𐏀𐒀/>
<𒀀𒀿𒁀𒉿𒊀𒐀𒐿𒒀𒒿/>
<𗀀𗀿𗁀𗇿𗈀𗗿𗘀𗢿𗣀𗿿/>
<𛀀𛃿𝀀𝀿𝁀𝄀𝄿𝈀𝈿𝌀𝌿/>
<𞸀🀀🀿🂿🄀🄿🚀/>

<力>
<א/>
<س/>
<अ/>
<அ/>
<அ/>
<𐍑/>
<🪐/>
<😀/>
</力>

<ÀÖØöøÿĀĿŀſƀƿǀǿƀƿǀǿȀȿɀɿʀʿˀ˿/>
<ͰͽͿ΀οπϿ/>
<ЀпрѿҠҀҿӀӿԀԿՀտրֿ׀׿/>

<؀ؿـٿڀڿۀۿ/>
<܀ܿ݀݀ݿ/>
<ހ޿ހ޿/>
<ࠀ࠿ࡀࢿࣀࣿऀिीॿ/>
<ঀিী৿/>
<౿ൿවවເༀཀ྿࿀/>
<ကႠᄀᅀᆿᇀᇿሀሿቀቿኀዀዿጀጿፀ/>
<ᚿᛀក/>
<ᢿᣀ᧿ᨀᨿᩀ᪀/>
<ᰀ᰿᱀ᲀᴀᴿᵀᵿᶀᶿḀḿṀṿẀếỀỿ/>
<ἀἿὀᾀ᾿῀/>
<a⁰ⁿ₀₿℀ℿ⅀ⅿↀ/>
<ⰀⰿⱀⱿⲀⲿⳀ⳿ⴀⴿⵀⶀⷀⷿ/>
<⸀⸿⹀⺀⺿⻀⼀⼿⽀⽿⾀⾿⿀/>
<、みむむみむダㄿㆿ㇀ㇿ㈀㈿㋿㌀㏿/>

<㐀㐿㗿㘀㛀㛿㟀㟿/>
<㠀㠿㡀㤿㥀㨿㩀㬿㭀㯿/>
<㰀㰿㱀㶿㷀㼿㽀㾿㿀㿿/>
<䀀䀿䅀䅿䆀䊿䋀䍿䎀䏿/>
<䐀䕿䖀䙿䚀䝿䞀䟿/>
<䠀䢿䣀䧿䨀䪿䫀䬿䭀䯿/>
<䰀䱿䲀䴿䵀䶿䷀䷿一丿乀伿佀便俀俿/>
<倀忿怀濿瀀翿耀迿退/>
<ꀀꑿꒀ꒿꓀꓿ꔀꙀꟿꩿꪀꬿꭀꯀ가꿿/>
<뀀뚿뛀밿뱀뿿/>
<쀀쐿쑀엿였쟿저쩿쪀쿿/>
<퀀툿퉀퐿푀휿흀/>
<豈錄鹿ﬀנּﭿﮀﯿ﴿/>
<︿﹀ﹿﺿﻀ＿｀ｿﾀﺀﷰ/>
<�/>

<𐀀𐄀𐄿𐌀𐌿𐍀𐎿𐏀𐒀/>
<𒀀𒀿𒁀𒉿𒊀𒐀𒐿𒒀𒒿/>
<𗀀𗀿𗁀𗇿𗈀𗗿𗘀𗢿𗣀𗿿/>
<𛀀𛃿𝀀𝀿𝁀𝄀𝄿𝈀𝈿𝌀𝌿/>
<𞸀🀀🀿🂿🄀🄿🚀/>

<力>
<א/>
<س/>
<अ/>
<அ/>
<அ/>
<𐍑/>
<🪐/>
<😀/>
</力>

<ÀÖØöøÿĀĿŀſƀƿǀǿƀƿǀǿȀȿɀɿʀʿˀ˿/>
<ͰͽͿ΀οπϿ/>
<ЀпрѿҠҀҿӀӿԀԿՀտրֿ׀׿/>

<؀ؿـٿڀڿۀۿ/>
<܀ܿ݀݀ݿ/>
<ހ޿ހ޿/>
<ࠀ࠿ࡀࢿࣀࣿऀिीॿ/>
<ঀিী৿/>
<౿ൿවවເༀཀ྿࿀/>
<ကႠᄀᅀᆿᇀᇿሀሿቀቿኀዀዿጀጿፀ/>
<ᚿᛀក/>
<ᢿᣀ᧿ᨀᨿᩀ᪀/>
<ᰀ᰿᱀ᲀᴀᴿᵀᵿᶀᶿḀḿṀṿẀếỀỿ/>
<ἀἿὀᾀ᾿῀/>
<a⁰ⁿ₀₿℀ℿ⅀ⅿↀ/>
<ⰀⰿⱀⱿⲀⲿⳀ⳿ⴀⴿⵀⶀⷀⷿ/>
<⸀⸿⹀⺀⺿⻀⼀⼿⽀⽿⾀⾿⿀/>
<、みむむみむダㄿㆿ㇀ㇿ㈀㈿㋿㌀㏿/>

<㐀㐿㗿㘀㛀㛿㟀㟿/>
<㠀㠿㡀㤿㥀㨿㩀㬿㭀㯿/>
<㰀㰿㱀㶿㷀㼿㽀㾿㿀㿿/>
<䀀䀿䅀䅿䆀䊿䋀䍿䎀䏿/>
<䐀䕿䖀䙿䚀䝿䞀䟿/>
<䠀䢿䣀䧿䨀䪿䫀䬿䭀䯿/>
<䰀䱿䲀䴿䵀䶿䷀䷿一丿乀伿佀便俀俿/>
<倀忿怀濿瀀翿耀迿退/>
<ꀀꑿꒀ꒿꓀꓿ꔀꙀꟿꩿꪀꬿꭀꯀ가꿿/>
<뀀뚿뛀밿뱀뿿/>
<쀀쐿쑀엿였쟿저쩿쪀쿿/>
<퀀툿퉀퐿푀휿흀/>
<豈錄鹿ﬀנּﭿﮀﯿ﴿/>
<︿﹀ﹿﺿﻀ＿｀ｿﾀﺀﷰ/>
<�/>

<𐀀𐄀𐄿𐌀𐌿𐍀𐎿𐏀𐒀/>
<𒀀𒀿𒁀𒉿𒊀𒐀𒐿𒒀𒒿/>
<𗀀𗀿𗁀𗇿𗈀𗗿𗘀𗢿𗣀𗿿/>
<𛀀𛃿𝀀𝀿𝁀𝄀𝄿𝈀𝈿𝌀𝌿/>
<𞸀🀀🀿🂿🄀🄿🚀/>

<力>
<א/>
<س/>
<अ/>
<அ/>
<அ/>
<𐍑/>
<🪐/>
<😀/>
</力>

<ÀÖØöøÿĀĿŀſƀƿǀǿƀƿǀǿȀȿɀɿʀʿˀ˿/>
<ͰͽͿ΀οπϿ/>
<ЀпрѿҠҀҿӀӿԀԿՀտրֿ׀׿/>

<؀ؿـٿڀڿۀۿ/>
<܀ܿ݀݀ݿ/>
<ހ޿ހ޿/>
<ࠀ࠿ࡀࢿࣀࣿऀिीॿ/>
<ঀিী৿/>
<౿ൿවවເༀཀ྿࿀/>
<ကႠᄀᅀᆿᇀᇿሀሿቀቿኀዀዿጀጿፀ/>
<ᚿᛀក/>
<ᢿᣀ᧿ᨀᨿᩀ᪀/>
<ᰀ᰿᱀ᲀᴀᴿᵀᵿᶀᶿḀḿṀṿẀếỀỿ/>
<ἀἿὀᾀ᾿῀/>
<a⁰ⁿ₀₿℀ℿ⅀ⅿↀ/>
<ⰀⰿⱀⱿⲀⲿⳀ⳿ⴀⴿⵀⶀⷀⷿ/>
<⸀⸿⹀⺀⺿⻀⼀⼿⽀⽿⾀⾿⿀/>
<、みむむみむダㄿㆿ㇀ㇿ㈀㈿㋿㌀㏿/>

<㐀㐿㗿㘀㛀㛿㟀㟿/>
<㠀㠿㡀㤿㥀㨿㩀㬿㭀㯿/>
<㰀㰿㱀㶿㷀㼿㽀㾿㿀㿿/>
<䀀䀿䅀䅿䆀䊿䋀䍿䎀䏿/>
<䐀䕿䖀䙿䚀䝿䞀䟿/>
<䠀䢿䣀䧿䨀䪿䫀䬿䭀䯿/>
<䰀䱿䲀䴿䵀䶿䷀䷿一丿乀伿佀便俀俿/>
<倀忿怀濿瀀翿耀迿退/>
<ꀀꑿꒀ꒿꓀꓿ꔀꙀꟿꩿꪀꬿꭀꯀ가꿿/>
<뀀뚿뛀밿뱀뿿/>
<쀀쐿쑀엿였쟿저쩿쪀쿿/>
<퀀툿퉀퐿푀휿흀/>
<豈錄鹿ﬀנּﭿﮀﯿ﴿/>
<︿﹀ﹿﺿﻀ＿｀ｿﾀﺀﷰ/>
<�/>

<𐀀𐄀𐄿𐌀𐌿𐍀𐎿𐏀𐒀/>
<𒀀𒀿𒁀𒉿𒊀𒐀𒐿𒒀𒒿/>
<𗀀𗀿𗁀𗇿𗈀𗗿𗘀𗢿𗣀𗿿/>
<𛀀𛃿𝀀𝀿𝁀𝄀𝄿𝈀𝈿𝌀𝌿/>
<𞸀🀀🀿🂿🄀🄿🚀/>

<力>
<א/>
<س/>
<अ/>
<அ/>
<அ/>
<𐍑/>
<🪐/>
<😀/>
</力>

<ÀÖØöøÿĀĿŀſƀƿǀǿƀƿǀǿȀȿɀɿʀʿˀ˿/>
<ͰͽͿ΀οπϿ/>
<ЀпрѿҠҀҿӀӿԀԿՀտրֿ׀׿/>

<؀ؿـٿڀڿۀۿ/>
<܀ܿ݀݀ݿ/>
<ހ޿ހ޿/>
<ࠀ࠿ࡀࢿࣀࣿऀिीॿ/>
<ঀিী৿/>
<౿ൿවවເༀཀ྿࿀/>
<ကႠᄀᅀᆿᇀᇿሀሿቀቿኀዀዿጀጿፀ/>
<ᚿᛀក/>
<ᢿᣀ᧿ᨀᨿᩀ᪀/>
<ᰀ᰿᱀ᲀᴀᴿᵀᵿᶀᶿḀḿṀṿẀếỀỿ/>
<ἀἿὀᾀ᾿῀/>
<a⁰ⁿ₀₿℀ℿ⅀ⅿↀ/>
<ⰀⰿⱀⱿⲀⲿⳀ⳿ⴀⴿⵀⶀⷀⷿ/>
<⸀⸿⹀⺀⺿⻀⼀⼿⽀⽿⾀⾿⿀/>
<、みむむみむダㄿㆿ㇀ㇿ㈀㈿㋿㌀㏿/>

<㐀㐿㗿㘀㛀㛿㟀㟿/>
<㠀㠿㡀㤿㥀㨿㩀㬿㭀㯿/>
<㰀㰿㱀㶿㷀㼿㽀㾿㿀㿿/>
<䀀䀿䅀䅿䆀䊿䋀䍿䎀䏿/>
<䐀䕿䖀䙿䚀䝿䞀䟿/>
<䠀䢿䣀䧿䨀䪿䫀䬿䭀䯿/>
<䰀䱿䲀䴿䵀䶿䷀䷿一丿乀伿佀便俀俿/>
<倀忿怀濿瀀翿耀迿退/>
<ꀀꑿꒀ꒿꓀꓿ꔀꙀꟿꩿꪀꬿꭀꯀ가꿿/>
<뀀뚿뛀밿뱀뿿/>
<쀀쐿쑀엿였쟿저쩿쪀쿿/>
<퀀툿퉀퐿푀휿흀/>
<豈錄鹿ﬀנּﭿﮀﯿ﴿/>
<︿﹀ﹿﺿﻀ＿｀ｿﾀﺀﷰ/>
<�/>

<𐀀𐄀𐄿𐌀𐌿𐍀𐎿𐏀𐒀/>
<𒀀𒀿𒁀𒉿𒊀𒐀𒐿𒒀𒒿/>
<𗀀𗀿𗁀𗇿𗈀𗗿𗘀𗢿𗣀𗿿/>
<𛀀𛃿𝀀𝀿𝁀𝄀𝄿𝈀𝈿𝌀𝌿/>
<𞸀🀀🀿🂿🄀🄿🚀/>

<力>
<א/>
<س/>
<अ/>
<அ/>
<அ/>
<𐍑/>
<🪐/>
<😀/>
</力>

<ÀÖØöøÿĀĿŀſƀƿǀǿƀƿǀǿȀȿɀɿʀʿˀ˿/>
<ͰͽͿ΀οπϿ/>
<ЀпрѿҠҀҿӀӿԀԿՀտրֿ׀׿/>

<؀ؿـٿڀڿۀۿ/>
<܀ܿ݀݀ݿ/>
<ހ޿ހ޿/>
<ࠀ࠿ࡀࢿࣀࣿऀिीॿ/>
<ঀিী৿/>
<౿ൿවවເༀཀ྿࿀/>
<ကႠᄀᅀᆿᇀᇿሀሿቀቿኀዀዿጀጿፀ/>
<ᚿᛀក/>
<ᢿᣀ᧿ᨀᨿᩀ᪀/>
<ᰀ᰿᱀ᲀᴀᴿᵀᵿᶀᶿḀḿṀṿẀếỀỿ/>
<ἀἿὀᾀ᾿῀/>
<a⁰ⁿ₀₿℀ℿ⅀ⅿↀ/>
<ⰀⰿⱀⱿⲀⲿⳀ⳿ⴀⴿⵀⶀⷀⷿ/>
<⸀⸿⹀⺀⺿⻀⼀⼿⽀⽿⾀⾿⿀/>
<、みむむみむダㄿㆿ㇀ㇿ㈀㈿㋿㌀㏿/>

<㐀㐿㗿㘀㛀㛿㟀㟿/>
<㠀㠿㡀㤿㥀㨿㩀㬿㭀㯿/>
<㰀㰿㱀㶿㷀㼿㽀㾿㿀㿿/>
<䀀䀿䅀䅿䆀䊿䋀䍿䎀䏿/>
<䐀䕿䖀䙿䚀䝿䞀䟿/>
<䠀䢿䣀䧿䨀䪿䫀䬿䭀䯿/>
<䰀䱿䲀䴿䵀䶿䷀䷿一丿乀伿佀便俀俿/>
<倀忿怀濿瀀翿耀迿退/>
<ꀀꑿꒀ꒿꓀꓿ꔀꙀꟿꩿꪀꬿꭀꯀ가꿿/>
<뀀뚿뛀밿뱀뿿/>
<쀀쐿쑀엿였쟿저쩿쪀쿿/>
<퀀툿퉀퐿푀휿흀/>
<豈錄鹿ﬀנּﭿﮀﯿ﴿/>
<︿﹀ﹿﺿﻀ＿｀ｿﾀﺀﷰ/>
<�/>

<𐀀𐄀𐄿𐌀𐌿𐍀𐎿𐏀𐒀/>
<𒀀𒀿𒁀𒉿𒊀𒐀𒐿𒒀𒒿/>
<𗀀𗀿𗁀𗇿𗈀𗗿𗘀𗢿𗣀𗿿/>
<𛀀𛃿𝀀𝀿𝁀𝄀𝄿𝈀𝈿𝌀𝌿/>
<𞸀🀀🀿🂿🄀🄿🚀/>

<力>
<א/>
<س/>
<अ/>
<அ/>
<அ/>
<𐍑/>
<🪐/>
<😀/>
</力>

<ÀÖØöøÿĀĿŀſƀƿǀǿƀƿǀǿȀȿɀɿʀʿˀ˿/>
<ͰͽͿ΀οπϿ/>
<ЀпрѿҠҀҿӀӿԀԿՀտրֿ׀׿/>

<؀ؿـٿڀڿۀۿ/>
<܀ܿ݀݀ݿ/>
<ހ޿ހ޿/>
<ࠀ࠿ࡀࢿࣀࣿऀिीॿ/>
<ঀিী৿/>
<౿ൿවවເༀཀ྿࿀/>
<ကႠᄀᅀᆿᇀᇿሀሿቀቿኀዀዿጀጿፀ/>
<ᚿᛀក/>
<ᢿᣀ᧿ᨀᨿᩀ᪀/>
<ᰀ᰿᱀ᲀᴀᴿᵀᵿᶀᶿḀḿṀṿẀếỀỿ/>
<ἀἿὀᾀ᾿῀/>
<a⁰ⁿ₀₿℀ℿ⅀ⅿↀ/>
<ⰀⰿⱀⱿⲀⲿⳀ⳿ⴀⴿⵀⶀⷀⷿ/>
<⸀⸿⹀⺀⺿⻀⼀⼿⽀⽿⾀⾿⿀/>
<、みむむみむダㄿㆿ㇀ㇿ㈀㈿㋿㌀㏿/>

<㐀㐿㗿㘀㛀㛿㟀㟿/>
<㠀㠿㡀㤿㥀㨿㩀㬿㭀㯿/>
<㰀㰿㱀㶿㷀㼿㽀㾿㿀㿿/>
<䀀䀿䅀䅿䆀䊿䋀䍿䎀䏿/>
<䐀䕿䖀䙿䚀䝿䞀䟿/>
<䠀䢿䣀䧿䨀䪿䫀䬿䭀䯿/>
<䰀䱿䲀䴿䵀䶿䷀䷿一丿乀伿佀便俀俿/>
<倀忿怀濿瀀翿耀迿退/>
<ꀀꑿꒀ꒿꓀꓿ꔀꙀꟿꩿꪀꬿꭀꯀ가꿿/>
<뀀뚿뛀밿뱀뿿/>
<쀀쐿쑀엿였쟿저쩿쪀쿿/>
<퀀툿퉀퐿푀휿흀/>
<豈錄鹿ﬀנּﭿﮀﯿ﴿/>
<︿﹀ﹿﺿﻀ＿｀ｿﾀﺀﷰ/>
<�/>

<𐀀𐄀𐄿𐌀𐌿𐍀𐎿𐏀𐒀/>
<𒀀𒀿𒁀𒉿𒊀𒐀𒐿𒒀𒒿/>
<𗀀𗀿𗁀𗇿𗈀𗗿𗘀𗢿𗣀𗿿/>
<𛀀𛃿𝀀𝀿𝁀𝄀𝄿𝈀𝈿𝌀𝌿/>
<𞸀🀀🀿🂿🄀🄿🚀/>

<力>
<א/>
<س/>
<अ/>
<அ/>
<அ/>
<𐍑/>
<🪐/>
<😀/>
</力>

<ÀÖØöøÿĀĿŀſƀƿǀǿƀƿǀǿȀȿɀɿʀʿˀ˿/>
<ͰͽͿ΀οπϿ/>
<ЀпрѿҠҀҿӀӿԀԿՀտրֿ׀׿/>

<؀ؿـٿڀڿۀۿ/>
<܀ܿ݀݀ݿ/>
<ހ޿ހ޿/>
<ࠀ࠿ࡀࢿࣀࣿऀिीॿ/>
<ঀিী৿/>
<౿ൿවවເༀཀ྿࿀/>
<ကႠᄀᅀᆿᇀᇿሀሿቀቿኀዀዿጀጿፀ/>
<ᚿᛀក/>
<ᢿᣀ᧿ᨀᨿᩀ᪀/>
<ᰀ᰿᱀ᲀᴀᴿᵀᵿᶀᶿḀḿṀṿẀếỀỿ/>
<ἀἿὀᾀ᾿῀/>
<a⁰ⁿ₀₿℀ℿ⅀ⅿↀ/>
<ⰀⰿⱀⱿⲀⲿⳀ⳿ⴀⴿⵀⶀⷀⷿ/>
<⸀⸿⹀⺀⺿⻀⼀⼿⽀⽿⾀⾿⿀/>
<、みむむみむダㄿㆿ㇀ㇿ㈀㈿㋿㌀㏿/>

<㐀㐿㗿㘀㛀㛿㟀㟿/>
<㠀㠿㡀㤿㥀㨿㩀㬿㭀㯿/>
<㰀㰿㱀㶿㷀㼿㽀㾿㿀㿿/>
<䀀䀿䅀䅿䆀䊿䋀䍿䎀䏿/>
<䐀䕿䖀䙿䚀䝿䞀䟿/>
<䠀䢿䣀䧿䨀䪿䫀䬿䭀䯿/>
<䰀䱿䲀䴿䵀䶿䷀䷿一丿乀伿佀便俀俿/>
<倀忿怀濿瀀翿耀迿退/>
<ꀀꑿꒀ꒿꓀꓿ꔀꙀꟿꩿꪀꬿꭀꯀ가꿿/>
<뀀뚿뛀밿뱀뿿/>
<쀀쐿쑀엿였쟿저쩿쪀쿿/>
<퀀툿퉀퐿푀휿흀/>
<豈錄鹿ﬀנּﭿﮀﯿ﴿/>
<︿﹀ﹿﺿﻀ＿｀ｿﾀﺀﷰ/>
<�/>

<𐀀𐄀𐄿𐌀𐌿𐍀𐎿𐏀𐒀/>
<𒀀𒀿𒁀𒉿𒊀𒐀𒐿𒒀𒒿/>
<𗀀𗀿𗁀𗇿𗈀𗗿𗘀𗢿𗣀𗿿/>
<𛀀𛃿𝀀𝀿𝁀𝄀𝄿𝈀𝈿𝌀𝌿/>
<𞸀🀀🀿🂿🄀🄿🚀/>

<力>
<א/>
<س/>
<अ/>
<அ/>
<அ/>
<𐍑/>
<🪐/>
<😀/>
</力>

<ÀÖØöøÿĀĿŀſƀƿǀǿƀƿǀǿȀȿɀɿʀʿˀ˿/>
<ͰͽͿ΀οπϿ/>
<ЀпрѿҠҀҿӀӿԀԿՀտրֿ׀׿/>

<؀ؿـٿڀڿۀۿ/>
<܀ܿ݀݀ݿ/>
<ހ޿ހ޿/>
<ࠀ࠿ࡀࢿࣀࣿऀिीॿ/>
<ঀিী৿/>
<౿ൿවවເༀཀ྿࿀/>
<ကႠᄀᅀᆿᇀᇿሀሿቀቿኀዀዿጀጿፀ/>
<ᚿᛀក/>
<ᢿᣀ᧿ᨀᨿᩀ᪀/>
<ᰀ᰿᱀ᲀᴀᴿᵀᵿᶀᶿḀḿṀṿẀếỀỿ/>
<ἀἿὀᾀ᾿῀/>
<a⁰ⁿ₀₿℀ℿ⅀ⅿↀ/>
<ⰀⰿⱀⱿⲀⲿⳀ⳿ⴀⴿⵀⶀⷀⷿ/>
<⸀⸿⹀⺀⺿⻀⼀⼿⽀⽿⾀⾿⿀/>
<、みむむみむダㄿㆿ㇀ㇿ㈀㈿㋿㌀㏿/>

<㐀㐿㗿㘀㛀㛿㟀㟿/>
<㠀㠿㡀㤿㥀㨿㩀㬿㭀㯿/>
<㰀㰿㱀㶿㷀㼿㽀㾿㿀㿿/>
<䀀䀿䅀䅿䆀䊿䋀䍿䎀䏿/>
<䐀䕿䖀䙿䚀䝿䞀䟿/>
<䠀䢿䣀䧿䨀䪿䫀䬿䭀䯿/>
<䰀䱿䲀䴿䵀䶿䷀䷿一丿乀伿佀便俀俿/>
<倀忿怀濿瀀翿耀迿退/>
<ꀀꑿꒀ꒿꓀꓿ꔀꙀꟿꩿꪀꬿꭀꯀ가꿿/>
<뀀뚿뛀밿뱀뿿/>
<쀀쐿쑀엿였쟿저쩿쪀쿿/>
<퀀툿퉀퐿푀휿흀/>
<豈錄鹿ﬀנּﭿﮀﯿ﴿/>
<︿﹀ﹿﺿﻀ＿｀ｿﾀﺀﷰ/>
<�/>

<𐀀𐄀𐄿𐌀𐌿𐍀𐎿𐏀𐒀/>
<𒀀𒀿𒁀𒉿𒊀𒐀𒐿𒒀𒒿/>
<𗀀𗀿𗁀𗇿𗈀𗗿𗘀𗢿𗣀𗿿/>
<𛀀𛃿𝀀𝀿𝁀𝄀𝄿𝈀𝈿𝌀𝌿/>
<𞸀🀀🀿🂿🄀🄿🚀/>

<力>
<א/>
<س/>
<अ/>
<அ/>
<அ/>
<𐍑/>
<🪐/>
<😀/>
</力>

<ÀÖØöøÿĀĿŀſƀƿǀǿƀƿǀǿȀȿɀɿʀʿˀ˿/>
<ͰͽͿ΀οπϿ/>
<ЀпрѿҠҀҿӀӿԀԿՀտրֿ׀׿/>

<؀ؿـٿڀڿۀۿ/>
<܀ܿ݀݀ݿ/>
<ހ޿ހ޿/>
<ࠀ࠿ࡀࢿࣀࣿऀिीॿ/>
<ঀিী৿/>
<౿ൿවවເༀཀ྿࿀/>
<ကႠᄀᅀᆿᇀᇿሀሿቀቿኀዀዿጀጿፀ/>
<ᚿᛀក/>
<ᢿᣀ᧿ᨀᨿᩀ᪀/>
<ᰀ᰿᱀ᲀᴀᴿᵀᵿᶀᶿḀḿṀṿẀếỀỿ/>
<ἀἿὀᾀ᾿῀/>
<a⁰ⁿ₀₿℀ℿ⅀ⅿↀ/>
<ⰀⰿⱀⱿⲀⲿⳀ⳿ⴀⴿⵀⶀⷀⷿ/>
<⸀⸿⹀⺀⺿⻀⼀⼿⽀⽿⾀⾿⿀/>
<、みむむみむダㄿㆿ㇀ㇿ㈀㈿㋿㌀㏿/>

<㐀㐿㗿㘀㛀㛿㟀㟿/>
<㠀㠿㡀㤿㥀㨿㩀㬿㭀㯿/>
<㰀㰿㱀㶿㷀㼿㽀㾿㿀㿿/>
<䀀䀿䅀䅿䆀䊿䋀䍿䎀䏿/>
<䐀䕿䖀䙿䚀䝿䞀䟿/>
<䠀䢿䣀䧿䨀䪿䫀䬿䭀䯿/>
<䰀䱿䲀䴿䵀䶿䷀䷿一丿乀伿佀便俀俿/>
<倀忿怀濿瀀翿耀迿退/>
<ꀀꑿꒀ꒿꓀꓿ꔀꙀꟿꩿꪀꬿꭀꯀ가꿿/>
<뀀뚿뛀밿뱀뿿/>
<쀀쐿쑀엿였쟿저쩿쪀쿿/>
<퀀툿퉀퐿푀휿흀/>
<豈錄鹿ﬀנּﭿﮀﯿ﴿/>
<︿﹀ﹿﺿﻀ＿｀ｿﾀﺀﷰ/>
<�/>

<𐀀𐄀𐄿𐌀𐌿𐍀𐎿𐏀𐒀/>
<𒀀𒀿𒁀𒉿𒊀𒐀𒐿𒒀𒒿/>
<𗀀𗀿𗁀𗇿𗈀𗗿𗘀𗢿𗣀𗿿/>
<𛀀𛃿𝀀𝀿𝁀𝄀𝄿𝈀𝈿𝌀𝌿/>
<𞸀🀀🀿🂿🄀🄿🚀/>

<力>
<א/>
<س/>
<अ/>
<அ/>
<அ/>
<𐍑/>
<🪐/>
<😀/>
</力>

<ÀÖØöøÿĀĿŀſƀƿǀǿƀƿǀǿȀȿɀɿʀʿˀ˿/>
<ͰͽͿ΀οπϿ/>
<ЀпрѿҠҀҿӀӿԀԿՀտրֿ׀׿/>

<؀ؿـٿڀڿۀۿ/>
<܀ܿ݀݀ݿ/>
<ހ޿ހ޿/>
<ࠀ࠿ࡀࢿࣀࣿऀिीॿ/>
<ঀিী৿/>
<౿ൿවවເༀཀ྿࿀/>
<ကႠᄀᅀᆿᇀᇿሀሿቀቿኀዀዿጀጿፀ/>
<ᚿᛀក/>
<ᢿᣀ᧿ᨀᨿᩀ᪀/>
<ᰀ᰿᱀ᲀᴀᴿᵀᵿᶀᶿḀḿṀṿẀếỀỿ/>
<ἀἿὀᾀ᾿῀/>
<a⁰ⁿ₀₿℀ℿ⅀ⅿↀ/>
<ⰀⰿⱀⱿⲀⲿⳀ⳿ⴀⴿⵀⶀⷀⷿ/>
<⸀⸿⹀⺀⺿⻀⼀⼿⽀⽿⾀⾿⿀/>
<、みむむみむダㄿㆿ㇀ㇿ㈀㈿㋿㌀㏿/>

<㐀㐿㗿㘀㛀㛿㟀㟿/>
<㠀㠿㡀㤿㥀㨿㩀㬿㭀㯿/>
<㰀㰿㱀㶿㷀㼿㽀㾿㿀㿿/>
<䀀䀿䅀䅿䆀䊿䋀䍿䎀䏿/>
<䐀䕿䖀䙿䚀䝿䞀䟿/>
<䠀䢿䣀䧿䨀䪿䫀䬿䭀䯿/>
<䰀䱿䲀䴿䵀䶿䷀䷿一丿乀伿佀便俀俿/>
<倀忿怀濿瀀翿耀迿退/>
<ꀀꑿꒀ꒿꓀꓿ꔀꙀꟿꩿꪀꬿꭀꯀ가꿿/>
<뀀뚿뛀밿뱀뿿/>
<쀀쐿쑀엿였쟿저쩿쪀쿿/>
<퀀툿퉀퐿푀휿흀/>
<豈錄鹿ﬀנּﭿﮀﯿ﴿/>
<︿﹀ﹿﺿﻀ＿｀ｿﾀﺀﷰ/>
<�/>

<𐀀𐄀𐄿𐌀𐌿𐍀𐎿𐏀𐒀/>
<𒀀𒀿𒁀𒉿𒊀𒐀𒐿𒒀𒒿/>
<𗀀𗀿𗁀𗇿𗈀𗗿𗘀𗢿𗣀𗿿/>
<𛀀𛃿𝀀𝀿𝁀𝄀𝄿𝈀𝈿𝌀𝌿/>
<𞸀🀀🀿🂿🄀🄿🚀/>

<力>
<א/>
<س/>
<अ/>
<அ/>
<அ/>
<𐍑/>
<🪐/>
<😀/>
</力>

<ÀÖØöøÿĀĿŀſƀƿǀǿƀƿǀǿȀȿɀɿʀʿˀ˿/>
<ͰͽͿ΀οπϿ/>
<ЀпрѿҠҀҿӀӿԀԿՀտրֿ׀׿/>

<؀ؿـٿڀڿۀۿ/>
<܀ܿ݀݀ݿ/>
<ހ޿ހ޿/>
<ࠀ࠿ࡀࢿࣀࣿऀिीॿ/>
<ঀিী৿/>
<౿ൿවවເༀཀ྿࿀/>
<ကႠᄀᅀᆿᇀᇿሀሿቀቿኀዀዿጀጿፀ/>
<ᚿᛀក/>
<ᢿᣀ᧿ᨀᨿᩀ᪀/>
<ᰀ᰿᱀ᲀᴀᴿᵀᵿᶀᶿḀḿṀṿẀếỀỿ/>
<ἀἿὀᾀ᾿῀/>
<a⁰ⁿ₀₿℀ℿ⅀ⅿↀ/>
<ⰀⰿⱀⱿⲀⲿⳀ⳿ⴀⴿⵀⶀⷀⷿ/>
<⸀⸿⹀⺀⺿⻀⼀⼿⽀⽿⾀⾿⿀/>
<、みむむみむダㄿㆿ㇀ㇿ㈀㈿㋿㌀㏿/>

<㐀㐿㗿㘀㛀㛿㟀㟿/>
<㠀㠿㡀㤿㥀㨿㩀㬿㭀㯿/>
<㰀㰿㱀㶿㷀㼿㽀㾿㿀㿿/>
<䀀䀿䅀䅿䆀䊿䋀䍿䎀䏿/>
<䐀䕿䖀䙿䚀䝿䞀䟿/>
<䠀䢿䣀䧿䨀䪿䫀䬿䭀䯿/>
<䰀䱿䲀䴿䵀䶿䷀䷿一丿乀伿佀便俀俿/>
<倀忿怀濿瀀翿耀迿退/>
<ꀀꑿꒀ꒿꓀꓿ꔀꙀꟿꩿꪀꬿꭀꯀ가꿿/>
<뀀뚿뛀밿뱀뿿/>
<쀀쐿쑀엿였쟿저쩿쪀쿿/>
<퀀툿퉀퐿푀휿흀/>
<豈錄鹿ﬀנּﭿﮀﯿ﴿/>
<︿﹀ﹿﺿﻀ＿｀ｿﾀﺀﷰ/>
<�/>

<𐀀𐄀𐄿𐌀𐌿𐍀𐎿𐏀𐒀/>
<𒀀𒀿𒁀𒉿𒊀𒐀𒐿𒒀𒒿/>
<𗀀𗀿𗁀𗇿𗈀𗗿𗘀𗢿𗣀𗿿/>
<𛀀𛃿𝀀𝀿𝁀𝄀𝄿𝈀𝈿𝌀𝌿/>
<𞸀🀀🀿🂿🄀🄿🚀/>

<力>
<א/>
<س/>
<अ/>
<அ/>
<அ/>
<𐍑/>
<🪐/>
<😀/>
</力>

<ÀÖØöøÿĀĿŀſƀƿǀǿƀƿǀǿȀȿɀɿʀʿˀ˿/>
<ͰͽͿ΀οπϿ/>
<ЀпрѿҠҀҿӀӿԀԿՀտրֿ׀׿/>

<؀ؿـٿڀڿۀۿ/>
<܀ܿ݀݀ݿ/>
<ހ޿ހ޿/>
<ࠀ࠿ࡀࢿࣀࣿऀिीॿ/>
<ঀিী৿/>
<౿ൿවවເༀཀ྿࿀/>
<ကႠᄀᅀᆿᇀᇿሀሿቀቿኀዀዿጀጿፀ/>
<ᚿᛀក/>
<ᢿᣀ᧿ᨀᨿᩀ᪀/>
<ᰀ᰿᱀ᲀᴀᴿᵀᵿᶀᶿḀḿṀṿẀếỀỿ/>
<ἀἿὀᾀ᾿῀/>
<a⁰ⁿ₀₿℀ℿ⅀ⅿↀ/>
<ⰀⰿⱀⱿⲀⲿⳀ⳿ⴀⴿⵀⶀⷀⷿ/>
<⸀⸿⹀⺀⺿⻀⼀⼿⽀⽿⾀⾿⿀/>
<、みむむみむダㄿㆿ㇀ㇿ㈀㈿㋿㌀㏿/>

<㐀㐿㗿㘀㛀㛿㟀㟿/>
<㠀㠿㡀㤿㥀㨿㩀㬿㭀㯿/>
<㰀㰿㱀㶿㷀㼿㽀㾿㿀㿿/>
<䀀䀿䅀䅿䆀䊿䋀䍿䎀䏿/>
<䐀䕿䖀䙿䚀䝿䞀䟿/>
<䠀䢿䣀䧿䨀䪿䫀䬿䭀䯿/>
<䰀䱿䲀䴿䵀䶿䷀䷿一丿乀伿佀便俀俿/>
<倀忿怀濿瀀翿耀迿退/>
<ꀀꑿꒀ꒿꓀꓿ꔀꙀꟿꩿꪀꬿꭀꯀ가꿿/>
<뀀뚿뛀밿뱀뿿/>
<쀀쐿쑀엿였쟿저쩿쪀쿿/>
<퀀툿퉀퐿푀휿흀/>
<豈錄鹿ﬀנּﭿﮀﯿ﴿/>
<︿﹀ﹿﺿﻀ＿｀ｿﾀﺀﷰ/>
<�/>

<𐀀𐄀𐄿𐌀𐌿𐍀𐎿𐏀𐒀/>
<𒀀𒀿𒁀𒉿𒊀𒐀𒐿𒒀𒒿/>
<𗀀𗀿𗁀𗇿𗈀𗗿𗘀𗢿𗣀𗿿/>
<𛀀𛃿𝀀𝀿𝁀𝄀𝄿𝈀𝈿𝌀𝌿/>
<𞸀🀀🀿🂿🄀🄿🚀/>

<力>
<א/>
<س/>
<अ/>
<அ/>
<அ/>
<𐍑/>
<🪐/>
<😀/>
</力>

<ÀÖØöøÿĀĿŀſƀƿǀǿƀƿǀǿȀȿɀɿʀʿˀ˿/>
<ͰͽͿ΀οπϿ/>
<ЀпрѿҠҀҿӀӿԀԿՀտրֿ׀׿/>

<؀ؿـٿڀڿۀۿ/>
<܀ܿ݀݀ݿ/>
<ހ޿ހ޿/>
<ࠀ࠿ࡀࢿࣀࣿऀिीॿ/>
<ঀিী৿/>
<౿ൿවවເༀཀ྿࿀/>
<ကႠᄀᅀᆿᇀᇿሀሿቀቿኀዀዿጀጿፀ/>
<ᚿᛀក/>
<ᢿᣀ᧿ᨀᨿᩀ᪀/>
<ᰀ᰿᱀ᲀᴀᴿᵀᵿᶀᶿḀḿṀṿẀếỀỿ/>
<ἀἿὀᾀ᾿῀/>
<a⁰ⁿ₀₿℀ℿ⅀ⅿↀ/>
<ⰀⰿⱀⱿⲀⲿⳀ⳿ⴀⴿⵀⶀⷀⷿ/>
<⸀⸿⹀⺀⺿⻀⼀⼿⽀⽿⾀⾿⿀/>
<、みむむみむダㄿㆿ㇀ㇿ㈀㈿㋿㌀㏿/>

<㐀㐿㗿㘀㛀㛿㟀㟿/>
<㠀㠿㡀㤿㥀㨿㩀㬿㭀㯿/>
<㰀㰿㱀㶿㷀㼿㽀㾿㿀㿿/>
<䀀䀿䅀䅿䆀䊿䋀䍿䎀䏿/>
<䐀䕿䖀䙿䚀䝿䞀䟿/>
<䠀䢿䣀䧿䨀䪿䫀䬿䭀䯿/>
<䰀䱿䲀䴿䵀䶿䷀䷿一丿乀伿佀便俀俿/>
<倀忿怀濿瀀翿耀迿退/>
<ꀀꑿꒀ꒿꓀꓿ꔀꙀꟿꩿꪀꬿꭀꯀ가꿿/>
<뀀뚿뛀밿뱀뿿/>
<쀀쐿쑀엿였쟿저쩿쪀쿿/>
<퀀툿퉀퐿푀휿흀/>
<豈錄鹿ﬀנּﭿﮀﯿ﴿/>
<︿﹀ﹿﺿﻀ＿｀ｿﾀﺀﷰ/>
<�/>

<𐀀𐄀𐄿𐌀𐌿𐍀𐎿𐏀𐒀/>
<𒀀𒀿𒁀𒉿𒊀𒐀𒐿𒒀𒒿/>
<𗀀𗀿𗁀𗇿𗈀𗗿𗘀𗢿𗣀𗿿/>
<𛀀𛃿𝀀𝀿𝁀𝄀𝄿𝈀𝈿𝌀𝌿/>
<𞸀🀀🀿🂿🄀🄿🚀/>

<力>
<א/>
<س/>
<अ/>
<அ/>
<அ/>
<𐍑/>
<🪐/>
<😀/>
</力>

<ÀÖØöøÿĀĿŀſƀƿǀǿƀƿǀǿȀȿɀɿʀʿˀ˿/>
<ͰͽͿ΀οπϿ/>
<ЀпрѿҠҀҿӀӿԀԿՀտրֿ׀׿/>

<؀ؿـٿڀڿۀۿ/>
<܀ܿ݀݀ݿ/>
<ހ޿ހ޿/>
<ࠀ࠿ࡀࢿࣀࣿऀिीॿ/>
<ঀিী৿/>
<౿ൿවවເༀཀ྿࿀/>
<ကႠᄀᅀᆿᇀᇿሀሿቀቿኀዀዿጀጿፀ/>
<ᚿᛀក/>
<ᢿᣀ᧿ᨀᨿᩀ᪀/>
<ᰀ᰿᱀ᲀᴀᴿᵀᵿᶀᶿḀḿṀṿẀếỀỿ/>
<ἀἿὀᾀ᾿῀/>
<a⁰ⁿ₀₿℀ℿ⅀ⅿↀ/>
<ⰀⰿⱀⱿⲀⲿⳀ⳿ⴀⴿⵀⶀⷀⷿ/>
<⸀⸿⹀⺀⺿⻀⼀⼿⽀⽿⾀⾿⿀/>
<、みむむみむダㄿㆿ㇀ㇿ㈀㈿㋿㌀㏿/>

<㐀㐿㗿㘀㛀㛿㟀㟿/>
<㠀㠿㡀㤿㥀㨿㩀㬿㭀㯿/>
<㰀㰿㱀㶿㷀㼿㽀㾿㿀㿿/>
<䀀䀿䅀䅿䆀䊿䋀䍿䎀䏿/>
<䐀䕿䖀䙿䚀䝿䞀䟿/>
<䠀䢿䣀䧿䨀䪿䫀䬿䭀䯿/>
<䰀䱿䲀䴿䵀䶿䷀䷿一丿乀伿佀便俀俿/>
<倀忿怀濿瀀翿耀迿退/>
<ꀀꑿꒀ꒿꓀꓿ꔀꙀꟿꩿꪀꬿꭀꯀ가꿿/>
<뀀뚿뛀밿뱀뿿/>
<쀀쐿쑀엿였쟿저쩿쪀쿿/>
<퀀툿퉀퐿푀휿흀/>
<豈錄鹿ﬀנּﭿﮀﯿ﴿/>
<︿﹀ﹿﺿﻀ＿｀ｿﾀﺀﷰ/>
<�/>

<𐀀𐄀𐄿𐌀𐌿𐍀𐎿𐏀𐒀/>
<𒀀𒀿𒁀𒉿𒊀𒐀𒐿𒒀𒒿/>
<𗀀𗀿𗁀𗇿𗈀𗗿𗘀𗢿𗣀𗿿/>
<𛀀𛃿𝀀𝀿𝁀𝄀𝄿𝈀𝈿𝌀𝌿/>
<𞸀🀀🀿🂿🄀🄿🚀/>

<力>
<א/>
<س/>
<अ/>
<அ/>
<அ/>
<𐍑/>
<🪐/>
<😀/>
</力>

<ÀÖØöøÿĀĿŀſƀƿǀǿƀƿǀǿȀȿɀɿʀʿˀ˿/>
<ͰͽͿ΀οπϿ/>
<ЀпрѿҠҀҿӀӿԀԿՀտրֿ׀׿/>

<؀ؿـٿڀڿۀۿ/>
<܀ܿ݀݀ݿ/>
<ހ޿ހ޿/>
<ࠀ࠿ࡀࢿࣀࣿऀिीॿ/>
<ঀিী৿/>
<౿ൿවවເༀཀ྿࿀/>
<ကႠᄀᅀᆿᇀᇿሀሿቀቿኀዀዿጀጿፀ/>
<ᚿᛀក/>
<ᢿᣀ᧿ᨀᨿᩀ᪀/>
<ᰀ᰿᱀ᲀᴀᴿᵀᵿᶀᶿḀḿṀṿẀếỀỿ/>
<ἀἿὀᾀ᾿῀/>
<a⁰ⁿ₀₿℀ℿ⅀ⅿↀ/>
<ⰀⰿⱀⱿⲀⲿⳀ⳿ⴀⴿⵀⶀⷀⷿ/>
<⸀⸿⹀⺀⺿⻀⼀⼿⽀⽿⾀⾿⿀/>
<、みむむみむダㄿㆿ㇀ㇿ㈀㈿㋿㌀㏿/>

<㐀㐿㗿㘀㛀㛿㟀㟿/>
<㠀㠿㡀㤿㥀㨿㩀㬿㭀㯿/>
<㰀㰿㱀㶿㷀㼿㽀㾿㿀㿿/>
<䀀䀿䅀䅿䆀䊿䋀䍿䎀䏿/>
<䐀䕿䖀䙿䚀䝿䞀䟿/>
<䠀䢿䣀䧿䨀䪿䫀䬿䭀䯿/>
<䰀䱿䲀䴿䵀䶿䷀䷿一丿乀伿佀便俀俿/>
<倀忿怀濿瀀翿耀迿退/>
<ꀀꑿꒀ꒿꓀꓿ꔀꙀꟿꩿꪀꬿꭀꯀ가꿿/>
<뀀뚿뛀밿뱀뿿/>
<쀀쐿쑀엿였쟿저쩿쪀쿿/>
<퀀툿퉀퐿푀휿흀/>
<豈錄鹿ﬀנּﭿﮀﯿ﴿/>
<︿﹀ﹿﺿﻀ＿｀ｿﾀﺀﷰ/>
<�/>

<𐀀𐄀𐄿𐌀𐌿𐍀𐎿𐏀𐒀/>
<𒀀𒀿𒁀𒉿𒊀𒐀𒐿𒒀𒒿/>
<𗀀𗀿𗁀𗇿𗈀𗗿𗘀𗢿𗣀𗿿/>
<𛀀𛃿𝀀𝀿𝁀𝄀𝄿𝈀𝈿𝌀𝌿/>
<𞸀🀀🀿🂿🄀🄿🚀/>

<力>
<א/>
<س/>
<अ/>
<அ/>
<அ/>
<𐍑/>
<🪐/>
<😀/>
</力>

<ÀÖØöøÿĀĿŀſƀƿǀǿƀƿǀǿȀȿɀɿʀʿˀ˿/>
<ͰͽͿ΀οπϿ/>
<ЀпрѿҠҀҿӀӿԀԿՀտրֿ׀׿/>

<؀ؿـٿڀڿۀۿ/>
<܀ܿ݀݀ݿ/>
<ހ޿ހ޿/>
<ࠀ࠿ࡀࢿࣀࣿऀिीॿ/>
<ঀিী৿/>
<౿ൿවවເༀཀ྿࿀/>
<ကႠᄀᅀᆿᇀᇿሀሿቀቿኀዀዿጀጿፀ/>
<ᚿᛀក/>
<ᢿᣀ᧿ᨀᨿᩀ᪀/>
<ᰀ᰿᱀ᲀᴀᴿᵀᵿᶀᶿḀḿṀṿẀếỀỿ/>
<ἀἿὀᾀ᾿῀/>
<a⁰ⁿ₀₿℀ℿ⅀ⅿↀ/>
<ⰀⰿⱀⱿⲀⲿⳀ⳿ⴀⴿⵀⶀⷀⷿ/>
<⸀⸿⹀⺀⺿⻀⼀⼿⽀⽿⾀⾿⿀/>
<、みむむみむダㄿㆿ㇀ㇿ㈀㈿㋿㌀㏿/>

<㐀㐿㗿㘀㛀㛿㟀㟿/>
<㠀㠿㡀㤿㥀㨿㩀㬿㭀㯿/>
<㰀㰿㱀㶿㷀㼿㽀㾿㿀㿿/>
<䀀䀿䅀䅿䆀䊿䋀䍿䎀䏿/>
<䐀䕿䖀䙿䚀䝿䞀䟿/>
<䠀䢿䣀䧿䨀䪿䫀䬿䭀䯿/>
<䰀䱿䲀䴿䵀䶿䷀䷿一丿乀伿佀便俀俿/>
<倀忿怀濿瀀翿耀迿退/>
<ꀀꑿꒀ꒿꓀꓿ꔀꙀꟿꩿꪀꬿꭀꯀ가꿿/>
<뀀뚿뛀밿뱀뿿/>
<쀀쐿쑀엿였쟿저쩿쪀쿿/>
<퀀툿퉀퐿푀휿흀/>
<豈錄鹿ﬀנּﭿﮀﯿ﴿/>
<︿﹀ﹿﺿﻀ＿｀ｿﾀﺀﷰ/>
<�/>

<𐀀𐄀𐄿𐌀𐌿𐍀𐎿𐏀𐒀/>
<𒀀𒀿𒁀𒉿𒊀𒐀𒐿𒒀𒒿/>
<𗀀𗀿𗁀𗇿𗈀𗗿𗘀𗢿𗣀𗿿/>
<𛀀𛃿𝀀𝀿𝁀𝄀𝄿𝈀𝈿𝌀𝌿/>
<𞸀🀀🀿🂿🄀🄿🚀/>

<力>
<א/>
<س/>
<अ/>
<அ/>
<அ/>
<𐍑/>
<🪐/>
<😀/>
</力>

<ÀÖØöøÿĀĿŀſƀƿǀǿƀƿǀǿȀȿɀɿʀʿˀ˿/>
<ͰͽͿ΀οπϿ/>
<ЀпрѿҠҀҿӀӿԀԿՀտրֿ׀׿/>

<؀ؿـٿڀڿۀۿ/>
<܀ܿ݀݀ݿ/>
<ހ޿ހ޿/>
<ࠀ࠿ࡀࢿࣀࣿऀिीॿ/>
<ঀিী৿/>
<౿ൿවවເༀཀ྿࿀/>
<ကႠᄀᅀᆿᇀᇿሀሿቀቿኀዀዿጀጿፀ/>
<ᚿᛀក/>
<ᢿᣀ᧿ᨀᨿᩀ᪀/>
<ᰀ᰿᱀ᲀᴀᴿᵀᵿᶀᶿḀḿṀṿẀếỀỿ/>
<ἀἿὀᾀ᾿῀/>
<a⁰ⁿ₀₿℀ℿ⅀ⅿↀ/>
<ⰀⰿⱀⱿⲀⲿⳀ⳿ⴀⴿⵀⶀⷀⷿ/>
<⸀⸿⹀⺀⺿⻀⼀⼿⽀⽿⾀⾿⿀/>
<、みむむみむダㄿㆿ㇀ㇿ㈀㈿㋿㌀㏿/>

<㐀㐿㗿㘀㛀㛿㟀㟿/>
<㠀㠿㡀㤿㥀㨿㩀㬿㭀㯿/>
<㰀㰿㱀㶿㷀㼿㽀㾿㿀㿿/>
<䀀䀿䅀䅿䆀䊿䋀䍿䎀䏿/>
<䐀䕿䖀䙿䚀䝿䞀䟿/>
<䠀䢿䣀䧿䨀䪿䫀䬿䭀䯿/>
<䰀䱿䲀䴿䵀䶿䷀䷿一丿乀伿佀便俀俿/>
<倀忿怀濿瀀翿耀迿退/>
<ꀀꑿꒀ꒿꓀꓿ꔀꙀꟿꩿꪀꬿꭀꯀ가꿿/>
<뀀뚿뛀밿뱀뿿/>
<쀀쐿쑀엿였쟿저쩿쪀쿿/>
<퀀툿퉀퐿푀휿흀/>
<豈錄鹿ﬀנּﭿﮀﯿ﴿/>
<︿﹀ﹿﺿﻀ＿｀ｿﾀﺀﷰ/>
<�/>

<𐀀𐄀𐄿𐌀𐌿𐍀𐎿𐏀𐒀/>
<𒀀𒀿𒁀𒉿𒊀𒐀𒐿𒒀𒒿/>
<𗀀𗀿𗁀𗇿𗈀𗗿𗘀𗢿𗣀𗿿/>
<𛀀𛃿𝀀𝀿𝁀𝄀𝄿𝈀𝈿𝌀𝌿/>
<𞸀🀀🀿🂿🄀🄿🚀/>

<力>
<א/>
<س/>
<अ/>
<அ/>
<அ/>
<𐍑/>
<🪐/>
<😀/>
</力>

<ÀÖØöøÿĀĿŀſƀƿǀǿƀƿǀǿȀȿɀɿʀʿˀ˿/>
<ͰͽͿ΀οπϿ/>
<ЀпрѿҠҀҿӀӿԀԿՀտրֿ׀׿/>

<؀ؿـٿڀڿۀۿ/>
<܀ܿ݀݀ݿ/>
<ހ޿ހ޿/>
<ࠀ࠿ࡀࢿࣀࣿऀिीॿ/>
<ঀিী৿/>
<౿ൿවවເༀཀ྿࿀/>
<ကႠᄀᅀᆿᇀᇿሀሿቀቿኀዀዿጀጿፀ/>
<ᚿᛀក/>
<ᢿᣀ᧿ᨀᨿᩀ᪀/>
<ᰀ᰿᱀ᲀᴀᴿᵀᵿᶀᶿḀḿṀṿẀếỀỿ/>
<ἀἿὀᾀ᾿῀/>
<a⁰ⁿ₀₿℀ℿ⅀ⅿↀ/>
<ⰀⰿⱀⱿⲀⲿⳀ⳿ⴀⴿⵀⶀⷀⷿ/>
<⸀⸿⹀⺀⺿⻀⼀⼿⽀⽿⾀⾿⿀/>
<、みむむみむダㄿㆿ㇀ㇿ㈀㈿㋿㌀㏿/>

<㐀㐿㗿㘀㛀㛿㟀㟿/>
<㠀㠿㡀㤿㥀㨿㩀㬿㭀㯿/>
<㰀㰿㱀㶿㷀㼿㽀㾿㿀㿿/>
<䀀䀿䅀䅿䆀䊿䋀䍿䎀䏿/>
<䐀䕿䖀䙿䚀䝿䞀䟿/>
<䠀䢿䣀䧿䨀䪿䫀䬿䭀䯿/>
<䰀䱿䲀䴿䵀䶿䷀䷿一丿乀伿佀便俀俿/>
<倀忿怀濿瀀翿耀迿退/>
<ꀀꑿꒀ꒿꓀꓿ꔀꙀꟿꩿꪀꬿꭀꯀ가꿿/>
<뀀뚿뛀밿뱀뿿/>
<쀀쐿쑀엿였쟿저쩿쪀쿿/>
<퀀툿퉀퐿푀휿흀/>
<豈錄鹿ﬀנּﭿﮀﯿ﴿/>
<︿﹀ﹿﺿﻀ＿｀ｿﾀﺀﷰ/>
<�/>

<𐀀𐄀𐄿𐌀𐌿𐍀𐎿𐏀𐒀/>
<𒀀𒀿𒁀𒉿𒊀𒐀𒐿𒒀𒒿/>
<𗀀𗀿𗁀𗇿𗈀𗗿𗘀𗢿𗣀𗿿/>
<𛀀𛃿𝀀𝀿𝁀𝄀𝄿𝈀𝈿𝌀𝌿/>
<𞸀🀀🀿🂿🄀🄿🚀/>

<力>
<א/>
<س/>
<अ/>
<அ/>
<அ/>
<𐍑/>
<🪐/>
<😀/>
</力>

<ÀÖØöøÿĀĿŀſƀƿǀǿƀƿǀǿȀȿɀɿʀʿˀ˿/>
<ͰͽͿ΀οπϿ/>
<ЀпрѿҠҀҿӀӿԀԿՀտրֿ׀׿/>

<؀ؿـٿڀڿۀۿ/>
<܀ܿ݀݀ݿ/>
<ހ޿ހ޿/>
<ࠀ࠿ࡀࢿࣀࣿऀिीॿ/>
<ঀিী৿/>
<౿ൿවවເༀཀ྿࿀/>
<ကႠᄀᅀᆿᇀᇿሀሿቀቿኀዀዿጀጿፀ/>
<ᚿᛀក/>
<ᢿᣀ᧿ᨀᨿᩀ᪀/>
<ᰀ᰿᱀ᲀᴀᴿᵀᵿᶀᶿḀḿṀṿẀếỀỿ/>
<ἀἿὀᾀ᾿῀/>
<a⁰ⁿ₀₿℀ℿ⅀ⅿↀ/>
<ⰀⰿⱀⱿⲀⲿⳀ⳿ⴀⴿⵀⶀⷀⷿ/>
<⸀⸿⹀⺀⺿⻀⼀⼿⽀⽿⾀⾿⿀/>
<、みむむみむダㄿㆿ㇀ㇿ㈀㈿㋿㌀㏿/>

<㐀㐿㗿㘀㛀㛿㟀㟿/>
<㠀㠿㡀㤿㥀㨿㩀㬿㭀㯿/>
<㰀㰿㱀㶿㷀㼿㽀㾿㿀㿿/>
<䀀䀿䅀䅿䆀䊿䋀䍿䎀䏿/>
<䐀䕿䖀䙿䚀䝿䞀䟿/>
<䠀䢿䣀䧿䨀䪿䫀䬿䭀䯿/>
<䰀䱿䲀䴿䵀䶿䷀䷿一丿乀伿佀便俀俿/>
<倀忿怀濿瀀翿耀迿退/>
<ꀀꑿꒀ꒿꓀꓿ꔀꙀꟿꩿꪀꬿꭀꯀ가꿿/>
<뀀뚿뛀밿뱀뿿/>
<쀀쐿쑀엿였쟿저쩿쪀쿿/>
<퀀툿퉀퐿푀휿흀/>
<豈錄鹿ﬀנּﭿﮀﯿ﴿/>
<︿﹀ﹿﺿﻀ＿｀ｿﾀﺀﷰ/>
<�/>

<𐀀𐄀𐄿𐌀𐌿𐍀𐎿𐏀𐒀/>
<𒀀𒀿𒁀𒉿𒊀𒐀𒐿𒒀𒒿/>
<𗀀𗀿𗁀𗇿𗈀𗗿𗘀𗢿𗣀𗿿/>
<𛀀𛃿𝀀𝀿𝁀𝄀𝄿𝈀𝈿𝌀𝌿/>
<𞸀🀀🀿🂿🄀🄿🚀/>

<力>
<א/>
<س/>
<अ/>
<அ/>
<அ/>
<𐍑/>
<🪐/>
<😀/>
</力>

<ÀÖØöøÿĀĿŀſƀƿǀǿƀƿǀǿȀȿɀɿʀʿˀ˿/>
<ͰͽͿ΀οπϿ/>
<ЀпрѿҠҀҿӀӿԀԿՀտրֿ׀׿/>

<؀ؿـٿڀڿۀۿ/>
<܀ܿ݀݀ݿ/>
<ހ޿ހ޿/>
<ࠀ࠿ࡀࢿࣀࣿऀिीॿ/>
<ঀিী৿/>
<౿ൿවවເༀཀ྿࿀/>
<ကႠᄀᅀᆿᇀᇿሀሿቀቿኀዀዿጀጿፀ/>
<ᚿᛀក/>
<ᢿᣀ᧿ᨀᨿᩀ᪀/>
<ᰀ᰿᱀ᲀᴀᴿᵀᵿᶀᶿḀḿṀṿẀếỀỿ/>
<ἀἿὀᾀ᾿῀/>
<a⁰ⁿ₀₿℀ℿ⅀ⅿↀ/>
<ⰀⰿⱀⱿⲀⲿⳀ⳿ⴀⴿⵀⶀⷀⷿ/>
<⸀⸿⹀⺀⺿⻀⼀⼿⽀⽿⾀⾿⿀/>
<、みむむみむダㄿㆿ㇀ㇿ㈀㈿㋿㌀㏿/>

<㐀㐿㗿㘀㛀㛿㟀㟿/>
<㠀㠿㡀㤿㥀㨿㩀㬿㭀㯿/>
<㰀㰿㱀㶿㷀㼿㽀㾿㿀㿿/>
<䀀䀿䅀䅿䆀䊿䋀䍿䎀䏿/>
<䐀䕿䖀䙿䚀䝿䞀䟿/>
<䠀䢿䣀䧿䨀䪿䫀䬿䭀䯿/>
<䰀䱿䲀䴿䵀䶿䷀䷿一丿乀伿佀便俀俿/>
<倀忿怀濿瀀翿耀迿退/>
<ꀀꑿꒀ꒿꓀꓿ꔀꙀꟿꩿꪀꬿꭀꯀ가꿿/>
<뀀뚿뛀밿뱀뿿/>
<쀀쐿쑀엿였쟿저쩿쪀쿿/>
<퀀툿퉀퐿푀휿흀/>
<豈錄鹿ﬀנּﭿﮀﯿ﴿/>
<︿﹀ﹿﺿﻀ＿｀ｿﾀﺀﷰ/>
<�/>

<𐀀𐄀𐄿𐌀𐌿𐍀𐎿𐏀𐒀/>
<𒀀𒀿𒁀𒉿𒊀𒐀𒐿𒒀𒒿/>
<𗀀𗀿𗁀𗇿𗈀𗗿𗘀𗢿𗣀𗿿/>
<𛀀𛃿𝀀𝀿𝁀𝄀𝄿𝈀𝈿𝌀𝌿/>
<𞸀🀀🀿🂿🄀🄿🚀/>

<力>
<א/>
<س/>
<अ/>
<அ/>
<அ/>
<𐍑/>
<🪐/>
<😀/>
</力>

<ÀÖØöøÿĀĿŀſƀƿǀǿƀƿǀǿȀȿɀɿʀʿˀ˿/>
<ͰͽͿ΀οπϿ/>
<ЀпрѿҠҀҿӀӿԀԿՀտրֿ׀׿/>

<؀ؿـٿڀڿۀۿ/>
<܀ܿ݀݀ݿ/>
<ހ޿ހ޿/>
<ࠀ࠿ࡀࢿࣀࣿऀिीॿ/>
<ঀিী৿/>
<౿ൿවවເༀཀ྿࿀/>
<ကႠᄀᅀᆿᇀᇿሀሿቀቿኀዀዿጀጿፀ/>
<ᚿᛀក/>
<ᢿᣀ᧿ᨀᨿᩀ᪀/>
<ᰀ᰿᱀ᲀᴀᴿᵀᵿᶀᶿḀḿṀṿẀếỀỿ/>
<ἀἿὀᾀ᾿῀/>
<a⁰ⁿ₀₿℀ℿ⅀ⅿↀ/>
<ⰀⰿⱀⱿⲀⲿⳀ⳿ⴀⴿⵀⶀⷀⷿ/>
<⸀⸿⹀⺀⺿⻀⼀⼿⽀⽿⾀⾿⿀/>
<、みむむみむダㄿㆿ㇀ㇿ㈀㈿㋿㌀㏿/>

<㐀㐿㗿㘀㛀㛿㟀㟿/>
<㠀㠿㡀㤿㥀㨿㩀㬿㭀㯿/>
<㰀㰿㱀㶿㷀㼿㽀㾿㿀㿿/>
<䀀䀿䅀䅿䆀䊿䋀䍿䎀䏿/>
<䐀䕿䖀䙿䚀䝿䞀䟿/>
<䠀䢿䣀䧿䨀䪿䫀䬿䭀䯿/>
<䰀䱿䲀䴿䵀䶿䷀䷿一丿乀伿佀便俀俿/>
<倀忿怀濿瀀翿耀迿退/>
<ꀀꑿꒀ꒿꓀꓿ꔀꙀꟿꩿꪀꬿꭀꯀ가꿿/>
<뀀뚿뛀밿뱀뿿/>
<쀀쐿쑀엿였쟿저쩿쪀쿿/>
<퀀툿퉀퐿푀휿흀/>
<豈錄鹿ﬀנּﭿﮀﯿ﴿/>
<︿﹀ﹿﺿﻀ＿｀ｿﾀﺀﷰ/>
<�/>

<𐀀𐄀𐄿𐌀𐌿𐍀𐎿𐏀𐒀/>
<𒀀𒀿𒁀𒉿𒊀𒐀𒐿𒒀𒒿/>
<𗀀𗀿𗁀𗇿𗈀𗗿𗘀𗢿𗣀𗿿/>
<𛀀𛃿𝀀𝀿𝁀𝄀𝄿𝈀𝈿𝌀𝌿/>
<𞸀🀀🀿🂿🄀🄿🚀/>

<力>
<א/>
<س/>
<अ/>
<அ/>
<அ/>
<𐍑/>
<🪐/>
<😀/>
</力>

<ÀÖØöøÿĀĿŀſƀƿǀǿƀƿǀǿȀȿɀɿʀʿˀ˿/>
<ͰͽͿ΀οπϿ/>
<ЀпрѿҠҀҿӀӿԀԿՀտրֿ׀׿/>

<؀ؿـٿڀڿۀۿ/>
<܀ܿ݀݀ݿ/>
<ހ޿ހ޿/>
<ࠀ࠿ࡀࢿࣀࣿऀिीॿ/>
<ঀিী৿/>
<౿ൿවවເༀཀ྿࿀/>
<ကႠᄀᅀᆿᇀᇿሀሿቀቿኀዀዿጀጿፀ/>
<ᚿᛀក/>
<ᢿᣀ᧿ᨀᨿᩀ᪀/>
<ᰀ᰿᱀ᲀᴀᴿᵀᵿᶀᶿḀḿṀṿẀếỀỿ/>
<ἀἿὀᾀ᾿῀/>
<a⁰ⁿ₀₿℀ℿ⅀ⅿↀ/>
<ⰀⰿⱀⱿⲀⲿⳀ⳿ⴀⴿⵀⶀⷀⷿ/>
<⸀⸿⹀⺀⺿⻀⼀⼿⽀⽿⾀⾿⿀/>
<、みむむみむダㄿㆿ㇀ㇿ㈀㈿㋿㌀㏿/>

<㐀㐿㗿㘀㛀㛿㟀㟿/>
<㠀㠿㡀㤿㥀㨿㩀㬿㭀㯿/>
<㰀㰿㱀㶿㷀㼿㽀㾿㿀㿿/>
<䀀䀿䅀䅿䆀䊿䋀䍿䎀䏿/>
<䐀䕿䖀䙿䚀䝿䞀䟿/>
<䠀䢿䣀䧿䨀䪿䫀䬿䭀䯿/>
<䰀䱿䲀䴿䵀䶿䷀䷿一丿乀伿佀便俀俿/>
<倀忿怀濿瀀翿耀迿退/>
<ꀀꑿꒀ꒿꓀꓿ꔀꙀꟿꩿꪀꬿꭀꯀ가꿿/>
<뀀뚿뛀밿뱀뿿/>
<쀀쐿쑀엿였쟿저쩿쪀쿿/>
<퀀툿퉀퐿푀휿흀/>
<豈錄鹿ﬀנּﭿﮀﯿ﴿/>
<︿﹀ﹿﺿﻀ＿｀ｿﾀﺀﷰ/>
<�/>

<𐀀𐄀𐄿𐌀𐌿𐍀𐎿𐏀𐒀/>
<𒀀𒀿𒁀𒉿𒊀𒐀𒐿𒒀𒒿/>
<𗀀𗀿𗁀𗇿𗈀𗗿𗘀𗢿𗣀𗿿/>
<𛀀𛃿𝀀𝀿𝁀𝄀𝄿𝈀𝈿𝌀𝌿/>
<𞸀🀀🀿🂿🄀🄿🚀/>

<力>
<א/>
<س/>
<अ/>
<அ/>
<அ/>
<𐍑/>
<🪐/>
<😀/>
</力>

<ÀÖØöøÿĀĿŀſƀƿǀǿƀƿǀǿȀȿɀɿʀʿˀ˿/>
<ͰͽͿ΀οπϿ/>
<ЀпрѿҠҀҿӀӿԀԿՀտրֿ׀׿/>

<؀ؿـٿڀڿۀۿ/>
<܀ܿ݀݀ݿ/>
<ހ޿ހ޿/>
<ࠀ࠿ࡀࢿࣀࣿऀिीॿ/>
<ঀিী৿/>
<౿ൿවවເༀཀ྿࿀/>
<ကႠᄀᅀᆿᇀᇿሀሿቀቿኀዀዿጀጿፀ/>
<ᚿᛀក/>
<ᢿᣀ᧿ᨀᨿᩀ᪀/>
<ᰀ᰿᱀ᲀᴀᴿᵀᵿᶀᶿḀḿṀṿẀếỀỿ/>
<ἀἿὀᾀ᾿῀/>
<a⁰ⁿ₀₿℀ℿ⅀ⅿↀ/>
<ⰀⰿⱀⱿⲀⲿⳀ⳿ⴀⴿⵀⶀⷀⷿ/>
<⸀⸿⹀⺀⺿⻀⼀⼿⽀⽿⾀⾿⿀/>
<、みむむみむダㄿㆿ㇀ㇿ㈀㈿㋿㌀㏿/>

<㐀㐿㗿㘀㛀㛿㟀㟿/>
<㠀㠿㡀㤿㥀㨿㩀㬿㭀㯿/>
<㰀㰿㱀㶿㷀㼿㽀㾿㿀㿿/>
<䀀䀿䅀䅿䆀䊿䋀䍿䎀䏿/>
<䐀䕿䖀䙿䚀䝿䞀䟿/>
<䠀䢿䣀䧿䨀䪿䫀䬿䭀䯿/>
<䰀䱿䲀䴿䵀䶿䷀䷿一丿乀伿佀便俀俿/>
<倀忿怀濿瀀翿耀迿退/>
<ꀀꑿꒀ꒿꓀꓿ꔀꙀꟿꩿꪀꬿꭀꯀ가꿿/>
<뀀뚿뛀밿뱀뿿/>
<쀀쐿쑀엿였쟿저쩿쪀쿿/>
<퀀툿퉀퐿푀휿흀/>
<豈錄鹿ﬀנּﭿﮀﯿ﴿/>
<︿﹀ﹿﺿﻀ＿｀ｿﾀﺀﷰ/>
<�/>

<𐀀𐄀𐄿𐌀𐌿𐍀𐎿𐏀𐒀/>
<𒀀𒀿𒁀𒉿𒊀𒐀𒐿𒒀𒒿/>
<𗀀𗀿𗁀𗇿𗈀𗗿𗘀𗢿𗣀𗿿/>
<𛀀𛃿𝀀𝀿𝁀𝄀𝄿𝈀𝈿𝌀𝌿/>
<𞸀🀀🀿🂿🄀🄿🚀/>

<力>
<א/>
<س/>
<अ/>
<அ/>
<அ/>
<𐍑/>
<🪐/>
<😀/>
</力>

<ÀÖØöøÿĀĿŀſƀƿǀǿƀƿǀǿȀȿɀɿʀʿˀ˿/>
<ͰͽͿ΀οπϿ/>
<ЀпрѿҠҀҿӀӿԀԿՀտրֿ׀׿/>

<؀ؿـٿڀڿۀۿ/>
<܀ܿ݀݀ݿ/>
<ހ޿ހ޿/>
<ࠀ࠿ࡀࢿࣀࣿऀिीॿ/>
<ঀিী৿/>
<౿ൿවවເༀཀ྿࿀/>
<ကႠᄀᅀᆿᇀᇿሀሿቀቿኀዀዿጀጿፀ/>
<ᚿᛀក/>
<ᢿᣀ᧿ᨀᨿᩀ᪀/>
<ᰀ᰿᱀ᲀᴀᴿᵀᵿᶀᶿḀḿṀṿẀếỀỿ/>
<ἀἿὀᾀ᾿῀/>
<a⁰ⁿ₀₿℀ℿ⅀ⅿↀ/>
<ⰀⰿⱀⱿⲀⲿⳀ⳿ⴀⴿⵀⶀⷀⷿ/>
<⸀⸿⹀⺀⺿⻀⼀⼿⽀⽿⾀⾿⿀/>
<、みむむみむダㄿㆿ㇀ㇿ㈀㈿㋿㌀㏿/>

<㐀㐿㗿㘀㛀㛿㟀㟿/>
<㠀㠿㡀㤿㥀㨿㩀㬿㭀㯿/>
<㰀㰿㱀㶿㷀㼿㽀㾿㿀㿿/>
<䀀䀿䅀䅿䆀䊿䋀䍿䎀䏿/>
<䐀䕿䖀䙿䚀䝿䞀䟿/>
<䠀䢿䣀䧿䨀䪿䫀䬿䭀䯿/>
<䰀䱿䲀䴿䵀䶿䷀䷿一丿乀伿佀便俀俿/>
<倀忿怀濿瀀翿耀迿退/>
<ꀀꑿꒀ꒿꓀꓿ꔀꙀꟿꩿꪀꬿꭀꯀ가꿿/>
<뀀뚿뛀밿뱀뿿/>
<쀀쐿쑀엿였쟿저쩿쪀쿿/>
<퀀툿퉀퐿푀휿흀/>
<豈錄鹿ﬀנּﭿﮀﯿ﴿/>
<︿﹀ﹿﺿﻀ＿｀ｿﾀﺀﷰ/>
<�/>

<𐀀𐄀𐄿𐌀𐌿𐍀𐎿𐏀𐒀/>
<𒀀𒀿𒁀𒉿𒊀𒐀𒐿𒒀𒒿/>
<𗀀𗀿𗁀𗇿𗈀𗗿𗘀𗢿𗣀𗿿/>
<𛀀𛃿𝀀𝀿𝁀𝄀𝄿𝈀𝈿𝌀𝌿/>
<𞸀🀀🀿🂿🄀🄿🚀/>

<力>
<א/>
<س/>
<अ/>
<அ/>
<அ/>
<𐍑/>
<🪐/>
<😀/>
</力>

<ÀÖØöøÿĀĿŀſƀƿǀǿƀƿǀǿȀȿɀɿʀʿˀ˿/>
<ͰͽͿ΀οπϿ/>
<ЀпрѿҠҀҿӀӿԀԿՀտրֿ׀׿/>

<؀ؿـٿڀڿۀۿ/>
<܀ܿ݀݀ݿ/>
<ހ޿ހ޿/>
<ࠀ࠿ࡀࢿࣀࣿऀिीॿ/>
<ঀিী৿/>
<౿ൿවවເༀཀ྿࿀/>
<ကႠᄀᅀᆿᇀᇿሀሿቀቿኀዀዿጀጿፀ/>
<ᚿᛀក/>
<ᢿᣀ᧿ᨀᨿᩀ᪀/>
<ᰀ᰿᱀ᲀᴀᴿᵀᵿᶀᶿḀḿṀṿẀếỀỿ/>
<ἀἿὀᾀ᾿῀/>
<a⁰ⁿ₀₿℀ℿ⅀ⅿↀ/>
<ⰀⰿⱀⱿⲀⲿⳀ⳿ⴀⴿⵀⶀⷀⷿ/>
<⸀⸿⹀⺀⺿⻀⼀⼿⽀⽿⾀⾿⿀/>
<、みむむみむダㄿㆿ㇀ㇿ㈀㈿㋿㌀㏿/>

<㐀㐿㗿㘀㛀㛿㟀㟿/>
<㠀㠿㡀㤿㥀㨿㩀㬿㭀㯿/>
<㰀㰿㱀㶿㷀㼿㽀㾿㿀㿿/>
<䀀䀿䅀䅿䆀䊿䋀䍿䎀䏿/>
<䐀䕿䖀䙿䚀䝿䞀䟿/>
<䠀䢿䣀䧿䨀䪿䫀䬿䭀䯿/>
<䰀䱿䲀䴿䵀䶿䷀䷿一丿乀伿佀便俀俿/>
<倀忿怀濿瀀翿耀迿退/>
<ꀀꑿꒀ꒿꓀꓿ꔀꙀꟿꩿꪀꬿꭀꯀ가꿿/>
<뀀뚿뛀밿뱀뿿/>
<쀀쐿쑀엿였쟿저쩿쪀쿿/>
<퀀툿퉀퐿푀휿흀/>
<豈錄鹿ﬀנּﭿﮀﯿ﴿/>
<︿﹀ﹿﺿﻀ＿｀ｿﾀﺀﷰ/>
<�/>

<𐀀𐄀𐄿𐌀𐌿𐍀𐎿𐏀𐒀/>
<𒀀𒀿𒁀𒉿𒊀𒐀𒐿𒒀𒒿/>
<𗀀𗀿𗁀𗇿𗈀𗗿𗘀𗢿𗣀𗿿/>
<𛀀𛃿𝀀𝀿𝁀𝄀𝄿𝈀𝈿𝌀𝌿/>
<𞸀🀀🀿🂿🄀🄿🚀/>

<力>
<א/>
<س/>
<अ/>
<அ/>
<அ/>
<𐍑/>
<🪐/>
<😀/>
</力>

<ÀÖØöøÿĀĿŀſƀƿǀǿƀƿǀǿȀȿɀɿʀʿˀ˿/>
<ͰͽͿ΀οπϿ/>
<ЀпрѿҠҀҿӀӿԀԿՀտրֿ׀׿/>

<؀ؿـٿڀڿۀۿ/>
<܀ܿ݀݀ݿ/>
<ހ޿ހ޿/>
<ࠀ࠿ࡀࢿࣀࣿऀिीॿ/>
<ঀিী৿/>
<౿ൿවවເༀཀ྿࿀/>
<ကႠᄀᅀᆿᇀᇿሀሿቀቿኀዀዿጀጿፀ/>
<ᚿᛀក/>
<ᢿᣀ᧿ᨀᨿᩀ᪀/>
<ᰀ᰿᱀ᲀᴀᴿᵀᵿᶀᶿḀḿṀṿẀếỀỿ/>
<ἀἿὀᾀ᾿῀/>
<a⁰ⁿ₀₿℀ℿ⅀ⅿↀ/>
<ⰀⰿⱀⱿⲀⲿⳀ⳿ⴀⴿⵀⶀⷀⷿ/>
<⸀⸿⹀⺀⺿⻀⼀⼿⽀⽿⾀⾿⿀/>
<、みむむみむダㄿㆿ㇀ㇿ㈀㈿㋿㌀㏿/>

<㐀㐿㗿㘀㛀㛿㟀㟿/>
<㠀㠿㡀㤿㥀㨿㩀㬿㭀㯿/>
<㰀㰿㱀㶿㷀㼿㽀㾿㿀㿿/>
<䀀䀿䅀䅿䆀䊿䋀䍿䎀䏿/>
<䐀䕿䖀䙿䚀䝿䞀䟿/>
<䠀䢿䣀䧿䨀䪿䫀䬿䭀䯿/>
<䰀䱿䲀䴿䵀䶿䷀䷿一丿乀伿佀便俀俿/>
<倀忿怀濿瀀翿耀迿退/>
<ꀀꑿꒀ꒿꓀꓿ꔀꙀꟿꩿꪀꬿꭀꯀ가꿿/>
<뀀뚿뛀밿뱀뿿/>
<쀀쐿쑀엿였쟿저쩿쪀쿿/>
<퀀툿퉀퐿푀휿흀/>
<豈錄鹿ﬀנּﭿﮀﯿ﴿/>
<︿﹀ﹿﺿﻀ＿｀ｿﾀﺀﷰ/>
<�/>

<𐀀𐄀𐄿𐌀𐌿𐍀𐎿𐏀𐒀/>
<𒀀𒀿𒁀𒉿𒊀𒐀𒐿𒒀𒒿/>
<𗀀𗀿𗁀𗇿𗈀𗗿𗘀𗢿𗣀𗿿/>
<𛀀𛃿𝀀𝀿𝁀𝄀𝄿𝈀𝈿𝌀𝌿/>
<𞸀🀀🀿🂿🄀🄿🚀/>

<力>
<א/>
<س/>
<अ/>
<அ/>
<அ/>
<𐍑/>
<🪐/>
<😀/>
</力>

<ÀÖØöøÿĀĿŀſƀƿǀǿƀƿǀǿȀȿɀɿʀʿˀ˿/>
<ͰͽͿ΀οπϿ/>
<ЀпрѿҠҀҿӀӿԀԿՀտրֿ׀׿/>

<؀ؿـٿڀڿۀۿ/>
<܀ܿ݀݀ݿ/>
<ހ޿ހ޿/>
<ࠀ࠿ࡀࢿࣀࣿऀिीॿ/>
<ঀিী৿/>
<౿ൿවවເༀཀ྿࿀/>
<ကႠᄀᅀᆿᇀᇿሀሿቀቿኀዀዿጀጿፀ/>
<ᚿᛀក/>
<ᢿᣀ᧿ᨀᨿᩀ᪀/>
<ᰀ᰿᱀ᲀᴀᴿᵀᵿᶀᶿḀḿṀṿẀếỀỿ/>
<ἀἿὀᾀ᾿῀/>
<a⁰ⁿ₀₿℀ℿ⅀ⅿↀ/>
<ⰀⰿⱀⱿⲀⲿⳀ⳿ⴀⴿⵀⶀⷀⷿ/>
<⸀⸿⹀⺀⺿⻀⼀⼿⽀⽿⾀⾿⿀/>
<、みむむみむダㄿㆿ㇀ㇿ㈀㈿㋿㌀㏿/>

<㐀㐿㗿㘀㛀㛿㟀㟿/>
<㠀㠿㡀㤿㥀㨿㩀㬿㭀㯿/>
<㰀㰿㱀㶿㷀㼿㽀㾿㿀㿿/>
<䀀䀿䅀䅿䆀䊿䋀䍿䎀䏿/>
<䐀䕿䖀䙿䚀䝿䞀䟿/>
<䠀䢿䣀䧿䨀䪿䫀䬿䭀䯿/>
<䰀䱿䲀䴿䵀䶿䷀䷿一丿乀伿佀便俀俿/>
<倀忿怀濿瀀翿耀迿退/>
<ꀀꑿꒀ꒿꓀꓿ꔀꙀꟿꩿꪀꬿꭀꯀ가꿿/>
<뀀뚿뛀밿뱀뿿/>
<쀀쐿쑀엿였쟿저쩿쪀쿿/>
<퀀툿퉀퐿푀휿흀/>
<豈錄鹿ﬀנּﭿﮀﯿ﴿/>
<︿﹀ﹿﺿﻀ＿｀ｿﾀﺀﷰ/>
<�/>

<𐀀𐄀𐄿𐌀𐌿𐍀𐎿𐏀𐒀/>
<𒀀𒀿𒁀𒉿𒊀𒐀𒐿𒒀𒒿/>
<𗀀𗀿𗁀𗇿𗈀𗗿𗘀𗢿𗣀𗿿/>
<𛀀𛃿𝀀𝀿𝁀𝄀𝄿𝈀𝈿𝌀𝌿/>
<𞸀🀀🀿🂿🄀🄿🚀/>

<力>
<א/>
<س/>
<अ/>
<அ/>
<அ/>
<𐍑/>
<🪐/>
<😀/>
</力>

<ÀÖØöøÿĀĿŀſƀƿǀǿƀƿǀǿȀȿɀɿʀʿˀ˿/>
<ͰͽͿ΀οπϿ/>
<ЀпрѿҠҀҿӀӿԀԿՀտրֿ׀׿/>

<؀ؿـٿڀڿۀۿ/>
<܀ܿ݀݀ݿ/>
<ހ޿ހ޿/>
<ࠀ࠿ࡀࢿࣀࣿऀिीॿ/>
<ঀিী৿/>
<౿ൿවවເༀཀ྿࿀/>
<ကႠᄀᅀᆿᇀᇿሀሿቀቿኀዀዿጀጿፀ/>
<ᚿᛀក/>
<ᢿᣀ᧿ᨀᨿᩀ᪀/>
<ᰀ᰿᱀ᲀᴀᴿᵀᵿᶀᶿḀḿṀṿẀếỀỿ/>
<ἀἿὀᾀ᾿῀/>
<a⁰ⁿ₀₿℀ℿ⅀ⅿↀ/>
<ⰀⰿⱀⱿⲀⲿⳀ⳿ⴀⴿⵀⶀⷀⷿ/>
<⸀⸿⹀⺀⺿⻀⼀⼿⽀⽿⾀⾿⿀/>
<、みむむみむダㄿㆿ㇀ㇿ㈀㈿㋿㌀㏿/>

<㐀㐿㗿㘀㛀㛿㟀㟿/>
<㠀㠿㡀㤿㥀㨿㩀㬿㭀㯿/>
<㰀㰿㱀㶿㷀㼿㽀㾿㿀㿿/>
<䀀䀿䅀䅿䆀䊿䋀䍿䎀䏿/>
<䐀䕿䖀䙿䚀䝿䞀䟿/>
<䠀䢿䣀䧿䨀䪿䫀䬿䭀䯿/>
<䰀䱿䲀䴿䵀䶿䷀䷿一丿乀伿佀便俀俿/>
<倀忿怀濿瀀翿耀迿退/>
<ꀀꑿꒀ꒿꓀꓿ꔀꙀꟿꩿꪀꬿꭀꯀ가꿿/>
<뀀뚿뛀밿뱀뿿/>
<쀀쐿쑀엿였쟿저쩿쪀쿿/>
<퀀툿퉀퐿푀휿흀/>
<豈錄鹿ﬀנּﭿﮀﯿ﴿/>
<︿﹀ﹿﺿﻀ＿｀ｿﾀﺀﷰ/>
<�/>

<𐀀𐄀𐄿𐌀𐌿𐍀𐎿𐏀𐒀/>
<𒀀𒀿𒁀𒉿𒊀𒐀𒐿𒒀𒒿/>
<𗀀𗀿𗁀𗇿𗈀𗗿𗘀𗢿𗣀𗿿/>
<𛀀𛃿𝀀𝀿𝁀𝄀𝄿𝈀𝈿𝌀𝌿/>
<𞸀🀀🀿🂿🄀🄿🚀/>

<力>
<א/>
<س/>
<अ/>
<அ/>
<அ/>
<𐍑/>
<🪐/>
<😀/>
</力>

<ÀÖØöøÿĀĿŀſƀƿǀǿƀƿǀǿȀȿɀɿʀʿˀ˿/>
<ͰͽͿ΀οπϿ/>
<ЀпрѿҠҀҿӀӿԀԿՀտրֿ׀׿/>

<؀ؿـٿڀڿۀۿ/>
<܀ܿ݀݀ݿ/>
<ހ޿ހ޿/>
<ࠀ࠿ࡀࢿࣀࣿऀिीॿ/>
<ঀিী৿/>
<౿ൿවවເༀཀ྿࿀/>
<ကႠᄀᅀᆿᇀᇿሀሿቀቿኀዀዿጀጿፀ/>
<ᚿᛀក/>
<ᢿᣀ᧿ᨀᨿᩀ᪀/>
<ᰀ᰿᱀ᲀᴀᴿᵀᵿᶀᶿḀḿṀṿẀếỀỿ/>
<ἀἿὀᾀ᾿῀/>
<a⁰ⁿ₀₿℀ℿ⅀ⅿↀ/>
<ⰀⰿⱀⱿⲀⲿⳀ⳿ⴀⴿⵀⶀⷀⷿ/>
<⸀⸿⹀⺀⺿⻀⼀⼿⽀⽿⾀⾿⿀/>
<、みむむみむダㄿㆿ㇀ㇿ㈀㈿㋿㌀㏿/>

<㐀㐿㗿㘀㛀㛿㟀㟿/>
<㠀㠿㡀㤿㥀㨿㩀㬿㭀㯿/>
<㰀㰿㱀㶿㷀㼿㽀㾿㿀㿿/>
<䀀䀿䅀䅿䆀䊿䋀䍿䎀䏿/>
<䐀䕿䖀䙿䚀䝿䞀䟿/>
<䠀䢿䣀䧿䨀䪿䫀䬿䭀䯿/>
<䰀䱿䲀䴿䵀䶿䷀䷿一丿乀伿佀便俀俿/>
<倀忿怀濿瀀翿耀迿退/>
<ꀀꑿꒀ꒿꓀꓿ꔀꙀꟿꩿꪀꬿꭀꯀ가꿿/>
<뀀뚿뛀밿뱀뿿/>
<쀀쐿쑀엿였쟿저쩿쪀쿿/>
<퀀툿퉀퐿푀휿흀/>
<豈錄鹿ﬀנּﭿﮀﯿ﴿/>
<︿﹀ﹿﺿﻀ＿｀ｿﾀﺀﷰ/>
<�/>

<𐀀𐄀𐄿𐌀𐌿𐍀𐎿𐏀𐒀/>
<𒀀𒀿𒁀𒉿𒊀𒐀𒐿𒒀𒒿/>
<𗀀𗀿𗁀𗇿𗈀𗗿𗘀𗢿𗣀𗿿/>
<𛀀𛃿𝀀𝀿𝁀𝄀𝄿𝈀𝈿𝌀𝌿/>
<𞸀🀀🀿🂿🄀🄿🚀/>

<力>
<א/>
<س/>
<अ/>
<அ/>
<அ/>
<𐍑/>
<🪐/>
<😀/>
</力>

<ÀÖØöøÿĀĿŀſƀƿǀǿƀƿǀǿȀȿɀɿʀʿˀ˿/>
<ͰͽͿ΀οπϿ/>
<ЀпрѿҠҀҿӀӿԀԿՀտրֿ׀׿/>

<؀ؿـٿڀڿۀۿ/>
<܀ܿ݀݀ݿ/>
<ހ޿ހ޿/>
<ࠀ࠿ࡀࢿࣀࣿऀिीॿ/>
<ঀিী৿/>
<౿ൿවවເༀཀ྿࿀/>
<ကႠᄀᅀᆿᇀᇿሀሿቀቿኀዀዿጀጿፀ/>
<ᚿᛀក/>
<ᢿᣀ᧿ᨀᨿᩀ᪀/>
<ᰀ᰿᱀ᲀᴀᴿᵀᵿᶀᶿḀḿṀṿẀếỀỿ/>
<ἀἿὀᾀ᾿῀/>
<a⁰ⁿ₀₿℀ℿ⅀ⅿↀ/>
<ⰀⰿⱀⱿⲀⲿⳀ⳿ⴀⴿⵀⶀⷀⷿ/>
<⸀⸿⹀⺀⺿⻀⼀⼿⽀⽿⾀⾿⿀/>
<、みむむみむダㄿㆿ㇀ㇿ㈀㈿㋿㌀㏿/>

<㐀㐿㗿㘀㛀㛿㟀㟿/>
<㠀㠿㡀㤿㥀㨿㩀㬿㭀㯿/>
<㰀㰿㱀㶿㷀㼿㽀㾿㿀㿿/>
<䀀䀿䅀䅿䆀䊿䋀䍿䎀䏿/>
<䐀䕿䖀䙿䚀䝿䞀䟿/>
<䠀䢿䣀䧿䨀䪿䫀䬿䭀䯿/>
<䰀䱿䲀䴿䵀䶿䷀䷿一丿乀伿佀便俀俿/>
<倀忿怀濿瀀翿耀迿退/>
<ꀀꑿꒀ꒿꓀꓿ꔀꙀꟿꩿꪀꬿꭀꯀ가꿿/>
<뀀뚿뛀밿뱀뿿/>
<쀀쐿쑀엿였쟿저쩿쪀쿿/>
<퀀툿퉀퐿푀휿흀/>
<豈錄鹿ﬀנּﭿﮀﯿ﴿/>
<︿﹀ﹿﺿﻀ＿｀ｿﾀﺀﷰ/>
<�/>

<𐀀𐄀𐄿𐌀𐌿𐍀𐎿𐏀𐒀/>
<𒀀𒀿𒁀𒉿𒊀𒐀𒐿𒒀𒒿/>
<𗀀𗀿𗁀𗇿𗈀𗗿𗘀𗢿𗣀𗿿/>
<𛀀𛃿𝀀𝀿𝁀𝄀𝄿𝈀𝈿𝌀𝌿/>
<𞸀🀀🀿🂿🄀🄿🚀/>

<力>
<א/>
<س/>
<अ/>
<அ/>
<அ/>
<𐍑/>
<🪐/>
<😀/>
</力>

<ÀÖØöøÿĀĿŀſƀƿǀǿƀƿǀǿȀȿɀɿʀʿˀ˿/>
<ͰͽͿ΀οπϿ/>
<ЀпрѿҠҀҿӀӿԀԿՀտրֿ׀׿/>

<؀ؿـٿڀڿۀۿ/>
<܀ܿ݀݀ݿ/>
<ހ޿ހ޿/>
<ࠀ࠿ࡀࢿࣀࣿऀिीॿ/>
<ঀিী৿/>
<౿ൿවවເༀཀ྿࿀/>
<ကႠᄀᅀᆿᇀᇿሀሿቀቿኀዀዿጀጿፀ/>
<ᚿᛀក/>
<ᢿᣀ᧿ᨀᨿᩀ᪀/>
<ᰀ᰿᱀ᲀᴀᴿᵀᵿᶀᶿḀḿṀṿẀếỀỿ/>
<ἀἿὀᾀ᾿῀/>
<a⁰ⁿ₀₿℀ℿ⅀ⅿↀ/>
<ⰀⰿⱀⱿⲀⲿⳀ⳿ⴀⴿⵀⶀⷀⷿ/>
<⸀⸿⹀⺀⺿⻀⼀⼿⽀⽿⾀⾿⿀/>
<、みむむみむダㄿㆿ㇀ㇿ㈀㈿㋿㌀㏿/>

<㐀㐿㗿㘀㛀㛿㟀㟿/>
<㠀㠿㡀㤿㥀㨿㩀㬿㭀㯿/>
<㰀㰿㱀㶿㷀㼿㽀㾿㿀㿿/>
<䀀䀿䅀䅿䆀䊿䋀䍿䎀䏿/>
<䐀䕿䖀䙿䚀䝿䞀䟿/>
<䠀䢿䣀䧿䨀䪿䫀䬿䭀䯿/>
<䰀䱿䲀䴿䵀䶿䷀䷿一丿乀伿佀便俀俿/>
<倀忿怀濿瀀翿耀迿退/>
<ꀀꑿꒀ꒿꓀꓿ꔀꙀꟿꩿꪀꬿꭀꯀ가꿿/>
<뀀뚿뛀밿뱀뿿/>
<쀀쐿쑀엿였쟿저쩿쪀쿿/>
<퀀툿퉀퐿푀휿흀/>
<豈錄鹿ﬀנּﭿﮀﯿ﴿/>
<︿﹀ﹿﺿﻀ＿｀ｿﾀﺀﷰ/>
<�/>

<𐀀𐄀𐄿𐌀𐌿𐍀𐎿𐏀𐒀/>
<𒀀𒀿𒁀𒉿𒊀𒐀𒐿𒒀𒒿/>
<𗀀𗀿𗁀𗇿𗈀𗗿𗘀𗢿𗣀𗿿/>
<𛀀𛃿𝀀𝀿𝁀𝄀𝄿𝈀𝈿𝌀𝌿/>
<𞸀🀀🀿🂿🄀🄿🚀/>

<力>
<א/>
<س/>
<अ/>
<அ/>
<அ/>
<𐍑/>
<🪐/>
<😀/>
</力>

<ÀÖØöøÿĀĿŀſƀƿǀǿƀƿǀǿȀȿɀɿʀʿˀ˿/>
<ͰͽͿ΀οπϿ/>
<ЀпрѿҠҀҿӀӿԀԿՀտրֿ׀׿/>

<؀ؿـٿڀڿۀۿ/>
<܀ܿ݀݀ݿ/>
<ހ޿ހ޿/>
<ࠀ࠿ࡀࢿࣀࣿऀिीॿ/>
<ঀিী৿/>
<౿ൿවවເༀཀ྿࿀/>
<ကႠᄀᅀᆿᇀᇿሀሿቀቿኀዀዿጀጿፀ/>
<ᚿᛀក/>
<ᢿᣀ᧿ᨀᨿᩀ᪀/>
<ᰀ᰿᱀ᲀᴀᴿᵀᵿᶀᶿḀḿṀṿẀếỀỿ/>
<ἀἿὀᾀ᾿῀/>
<a⁰ⁿ₀₿℀ℿ⅀ⅿↀ/>
<ⰀⰿⱀⱿⲀⲿⳀ⳿ⴀⴿⵀⶀⷀⷿ/>
<⸀⸿⹀⺀⺿⻀⼀⼿⽀⽿⾀⾿⿀/>
<、みむむみむダㄿㆿ㇀ㇿ㈀㈿㋿㌀㏿/>

<㐀㐿㗿㘀㛀㛿㟀㟿/>
<㠀㠿㡀㤿㥀㨿㩀㬿㭀㯿/>
<㰀㰿㱀㶿㷀㼿㽀㾿㿀㿿/>
<䀀䀿䅀䅿䆀䊿䋀䍿䎀䏿/>
<䐀䕿䖀䙿䚀䝿䞀䟿/>
<䠀䢿䣀䧿䨀䪿䫀䬿䭀䯿/>
<䰀䱿䲀䴿䵀䶿䷀䷿一丿乀伿佀便俀俿/>
<倀忿怀濿瀀翿耀迿退/>
<ꀀꑿꒀ꒿꓀꓿ꔀꙀꟿꩿꪀꬿꭀꯀ가꿿/>
<뀀뚿뛀밿뱀뿿/>
<쀀쐿쑀엿였쟿저쩿쪀쿿/>
<퀀툿퉀퐿푀휿흀/>
<豈錄鹿ﬀנּﭿﮀﯿ﴿/>
<︿﹀ﹿﺿﻀ＿｀ｿﾀﺀﷰ/>
<�/>

<𐀀𐄀𐄿𐌀𐌿𐍀𐎿𐏀𐒀/>
<𒀀𒀿𒁀𒉿𒊀𒐀𒐿𒒀𒒿/>
<𗀀𗀿𗁀𗇿𗈀𗗿𗘀𗢿𗣀𗿿/>
<𛀀𛃿𝀀𝀿𝁀𝄀𝄿𝈀𝈿𝌀𝌿/>
<𞸀🀀🀿🂿🄀🄿🚀/>

<力>
<א/>
<س/>
<अ/>
<அ/>
<அ/>
<𐍑/>
<🪐/>
<😀/>
</力>

<ÀÖØöøÿĀĿŀſƀƿǀǿƀƿǀǿȀȿɀɿʀʿˀ˿/>
<ͰͽͿ΀οπϿ/>
<ЀпрѿҠҀҿӀӿԀԿՀտրֿ׀׿/>

<؀ؿـٿڀڿۀۿ/>
<܀ܿ݀݀ݿ/>
<ހ޿ހ޿/>
<ࠀ࠿ࡀࢿࣀࣿऀिीॿ/>
<ঀিী৿/>
<౿ൿවවເༀཀ྿࿀/>
<ကႠᄀᅀᆿᇀᇿሀሿቀቿኀዀዿጀጿፀ/>
<ᚿᛀក/>
<ᢿᣀ᧿ᨀᨿᩀ᪀/>
<ᰀ᰿᱀ᲀᴀᴿᵀᵿᶀᶿḀḿṀṿẀếỀỿ/>
<ἀἿὀᾀ᾿῀/>
<a⁰ⁿ₀₿℀ℿ⅀ⅿↀ/>
<ⰀⰿⱀⱿⲀⲿⳀ⳿ⴀⴿⵀⶀⷀⷿ/>
<⸀⸿⹀⺀⺿⻀⼀⼿⽀⽿⾀⾿⿀/>
<、みむむみむダㄿㆿ㇀ㇿ㈀㈿㋿㌀㏿/>

<㐀㐿㗿㘀㛀㛿㟀㟿/>
<㠀㠿㡀㤿㥀㨿㩀㬿㭀㯿/>
<㰀㰿㱀㶿㷀㼿㽀㾿㿀㿿/>
<䀀䀿䅀䅿䆀䊿䋀䍿䎀䏿/>
<䐀䕿䖀䙿䚀䝿䞀䟿/>
<䠀䢿䣀䧿䨀䪿䫀䬿䭀䯿/>
<䰀䱿䲀䴿䵀䶿䷀䷿一丿乀伿佀便俀俿/>
<倀忿怀濿瀀翿耀迿退/>
<ꀀꑿꒀ꒿꓀꓿ꔀꙀꟿꩿꪀꬿꭀꯀ가꿿/>
<뀀뚿뛀밿뱀뿿/>
<쀀쐿쑀엿였쟿저쩿쪀쿿/>
<퀀툿퉀퐿푀휿흀/>
<豈錄鹿ﬀנּﭿﮀﯿ﴿/>
<︿﹀ﹿﺿﻀ＿｀ｿﾀﺀﷰ/>
<�/>

<𐀀𐄀𐄿𐌀𐌿𐍀𐎿𐏀𐒀/>
<𒀀𒀿𒁀𒉿𒊀𒐀𒐿𒒀𒒿/>
<𗀀𗀿𗁀𗇿𗈀𗗿𗘀𗢿𗣀𗿿/>
<𛀀𛃿𝀀𝀿𝁀𝄀𝄿𝈀𝈿𝌀𝌿/>
<𞸀🀀🀿🂿🄀🄿🚀/>

<力>
<א/>
<س/>
<अ/>
<அ/>
<அ/>
<𐍑/>
<🪐/>
<😀/>
</力>

<ÀÖØöøÿĀĿŀſƀƿǀǿƀƿǀǿȀȿɀɿʀʿˀ˿/>
<ͰͽͿ΀οπϿ/>
<ЀпрѿҠҀҿӀӿԀԿՀտրֿ׀׿/>

<؀ؿـٿڀڿۀۿ/>
<܀ܿ݀݀ݿ/>
<ހ޿ހ޿/>
<ࠀ࠿ࡀࢿࣀࣿऀिीॿ/>
<ঀিী৿/>
<౿ൿවවເༀཀ྿࿀/>
<ကႠᄀᅀᆿᇀᇿሀሿቀቿኀዀዿጀጿፀ/>
<ᚿᛀក/>
<ᢿᣀ᧿ᨀᨿᩀ᪀/>
<ᰀ᰿᱀ᲀᴀᴿᵀᵿᶀᶿḀḿṀṿẀếỀỿ/>
<ἀἿὀᾀ᾿῀/>
<a⁰ⁿ₀₿℀ℿ⅀ⅿↀ/>
<ⰀⰿⱀⱿⲀⲿⳀ⳿ⴀⴿⵀⶀⷀⷿ/>
<⸀⸿⹀⺀⺿⻀⼀⼿⽀⽿⾀⾿⿀/>
<、みむむみむダㄿㆿ㇀ㇿ㈀㈿㋿㌀㏿/>

<㐀㐿㗿㘀㛀㛿㟀㟿/>
<㠀㠿㡀㤿㥀㨿㩀㬿㭀㯿/>
<㰀㰿㱀㶿㷀㼿㽀㾿㿀㿿/>
<䀀䀿䅀䅿䆀䊿䋀䍿䎀䏿/>
<䐀䕿䖀䙿䚀䝿䞀䟿/>
<䠀䢿䣀䧿䨀䪿䫀䬿䭀䯿/>
<䰀䱿䲀䴿䵀䶿䷀䷿一丿乀伿佀便俀俿/>
<倀忿怀濿瀀翿耀迿退/>
<ꀀꑿꒀ꒿꓀꓿ꔀꙀꟿꩿꪀꬿꭀꯀ가꿿/>
<뀀뚿뛀밿뱀뿿/>
<쀀쐿쑀엿였쟿저쩿쪀쿿/>
<퀀툿퉀퐿푀휿흀/>
<豈錄鹿ﬀנּﭿﮀﯿ﴿/>
<︿﹀ﹿﺿﻀ＿｀ｿﾀﺀﷰ/>
<�/>

<𐀀𐄀𐄿𐌀𐌿𐍀𐎿𐏀𐒀/>
<𒀀𒀿𒁀𒉿𒊀𒐀𒐿𒒀𒒿/>
<𗀀𗀿𗁀𗇿𗈀𗗿𗘀𗢿𗣀𗿿/>
<𛀀𛃿𝀀𝀿𝁀𝄀𝄿𝈀𝈿𝌀𝌿/>
<𞸀🀀🀿🂿🄀🄿🚀/>

<力>
<א/>
<س/>
<अ/>
<அ/>
<அ/>
<𐍑/>
<🪐/>
<😀/>
</力>

<ÀÖØöøÿĀĿŀſƀƿǀǿƀƿǀǿȀȿɀɿʀʿˀ˿/>
<ͰͽͿ΀οπϿ/>
<ЀпрѿҠҀҿӀӿԀԿՀտրֿ׀׿/>

<؀ؿـٿڀڿۀۿ/>
<܀ܿ݀݀ݿ/>
<ހ޿ހ޿/>
<ࠀ࠿ࡀࢿࣀࣿऀिीॿ/>
<ঀিী৿/>
<౿ൿවවເༀཀ྿࿀/>
<ကႠᄀᅀᆿᇀᇿሀሿቀቿኀዀዿጀጿፀ/>
<ᚿᛀក/>
<ᢿᣀ᧿ᨀᨿᩀ᪀/>
<ᰀ᰿᱀ᲀᴀᴿᵀᵿᶀᶿḀḿṀṿẀếỀỿ/>
<ἀἿὀᾀ᾿῀/>
<a⁰ⁿ₀₿℀ℿ⅀ⅿↀ/>
<ⰀⰿⱀⱿⲀⲿⳀ⳿ⴀⴿⵀⶀⷀⷿ/>
<⸀⸿⹀⺀⺿⻀⼀⼿⽀⽿⾀⾿⿀/>
<、みむむみむダㄿㆿ㇀ㇿ㈀㈿㋿㌀㏿/>

<㐀㐿㗿㘀㛀㛿㟀㟿/>
<㠀㠿㡀㤿㥀㨿㩀㬿㭀㯿/>
<㰀㰿㱀㶿㷀㼿㽀㾿㿀㿿/>
<䀀䀿䅀䅿䆀䊿䋀䍿䎀䏿/>
<䐀䕿䖀䙿䚀䝿䞀䟿/>
<䠀䢿䣀䧿䨀䪿䫀䬿䭀䯿/>
<䰀䱿䲀䴿䵀䶿䷀䷿一丿乀伿佀便俀俿/>
<倀忿怀濿瀀翿耀迿退/>
<ꀀꑿꒀ꒿꓀꓿ꔀꙀꟿꩿꪀꬿꭀꯀ가꿿/>
<뀀뚿뛀밿뱀뿿/>
<쀀쐿쑀엿였쟿저쩿쪀쿿/>
<퀀툿퉀퐿푀휿흀/>
<豈錄鹿ﬀנּﭿﮀﯿ﴿/>
<︿﹀ﹿﺿﻀ＿｀ｿﾀﺀﷰ/>
<�/>

<𐀀𐄀𐄿𐌀𐌿𐍀𐎿𐏀𐒀/>
<𒀀𒀿𒁀𒉿𒊀𒐀𒐿𒒀𒒿/>
<𗀀𗀿𗁀𗇿𗈀𗗿𗘀𗢿𗣀𗿿/>
<𛀀𛃿𝀀𝀿𝁀𝄀𝄿𝈀𝈿𝌀𝌿/>
<𞸀🀀🀿🂿🄀🄿🚀/>

<力>
<א/>
<س/>
<अ/>
<அ/>
<அ/>
<𐍑/>
<🪐/>
<😀/>
</力>

<ÀÖØöøÿĀĿŀſƀƿǀǿƀƿǀǿȀȿɀɿʀʿˀ˿/>
<ͰͽͿ΀οπϿ/>
<ЀпрѿҠҀҿӀӿԀԿՀտրֿ׀׿/>

<؀ؿـٿڀڿۀۿ/>
<܀ܿ݀݀ݿ/>
<ހ޿ހ޿/>
<ࠀ࠿ࡀࢿࣀࣿऀिीॿ/>
<ঀিী৿/>
<౿ൿවවເༀཀ྿࿀/>
<ကႠᄀᅀᆿᇀᇿሀሿቀቿኀዀዿጀጿፀ/>
<ᚿᛀក/>
<ᢿᣀ᧿ᨀᨿᩀ᪀/>
<ᰀ᰿᱀ᲀᴀᴿᵀᵿᶀᶿḀḿṀṿẀếỀỿ/>
<ἀἿὀᾀ᾿῀/>
<a⁰ⁿ₀₿℀ℿ⅀ⅿↀ/>
<ⰀⰿⱀⱿⲀⲿⳀ⳿ⴀⴿⵀⶀⷀⷿ/>
<⸀⸿⹀⺀⺿⻀⼀⼿⽀⽿⾀⾿⿀/>
<、みむむみむダㄿㆿ㇀ㇿ㈀㈿㋿㌀㏿/>

<㐀㐿㗿㘀㛀㛿㟀㟿/>
<㠀㠿㡀㤿㥀㨿㩀㬿㭀㯿/>
<㰀㰿㱀㶿㷀㼿㽀㾿㿀㿿/>
<䀀䀿䅀䅿䆀䊿䋀䍿䎀䏿/>
<䐀䕿䖀䙿䚀䝿䞀䟿/>
<䠀䢿䣀䧿䨀䪿䫀䬿䭀䯿/>
<䰀䱿䲀䴿䵀䶿䷀䷿一丿乀伿佀便俀俿/>
<倀忿怀濿瀀翿耀迿退/>
<ꀀꑿꒀ꒿꓀꓿ꔀꙀꟿꩿꪀꬿꭀꯀ가꿿/>
<뀀뚿뛀밿뱀뿿/>
<쀀쐿쑀엿였쟿저쩿쪀쿿/>
<퀀툿퉀퐿푀휿흀/>
<豈錄鹿ﬀנּﭿﮀﯿ﴿/>
<︿﹀ﹿﺿﻀ＿｀ｿﾀﺀﷰ/>
<�/>

<𐀀𐄀𐄿𐌀𐌿𐍀𐎿𐏀𐒀/>
<𒀀𒀿𒁀𒉿𒊀𒐀𒐿𒒀𒒿/>
<𗀀𗀿𗁀𗇿𗈀𗗿𗘀𗢿𗣀𗿿/>
<𛀀𛃿𝀀𝀿𝁀𝄀𝄿𝈀𝈿𝌀𝌿/>
<𞸀🀀🀿🂿🄀🄿🚀/>

<力>
<א/>
<س/>
<अ/>
<அ/>
<அ/>
<𐍑/>
<🪐/>
<😀/>
</力>

<ÀÖØöøÿĀĿŀſƀƿǀǿƀƿǀǿȀȿɀɿʀʿˀ˿/>
<ͰͽͿ΀οπϿ/>
<ЀпрѿҠҀҿӀӿԀԿՀտրֿ׀׿/>

<؀ؿـٿڀڿۀۿ/>
<܀ܿ݀݀ݿ/>
<ހ޿ހ޿/>
<ࠀ࠿ࡀࢿࣀࣿऀिीॿ/>
<ঀিী৿/>
<౿ൿවවເༀཀ྿࿀/>
<ကႠᄀᅀᆿᇀᇿሀሿቀቿኀዀዿጀጿፀ/>
<ᚿᛀក/>
<ᢿᣀ᧿ᨀᨿᩀ᪀/>
<ᰀ᰿᱀ᲀᴀᴿᵀᵿᶀᶿḀḿṀṿẀếỀỿ/>
<ἀἿὀᾀ᾿῀/>
<a⁰ⁿ₀₿℀ℿ⅀ⅿↀ/>
<ⰀⰿⱀⱿⲀⲿⳀ⳿ⴀⴿⵀⶀⷀⷿ/>
<⸀⸿⹀⺀⺿⻀⼀⼿⽀⽿⾀⾿⿀/>
<、みむむみむダㄿㆿ㇀ㇿ㈀㈿㋿㌀㏿/>

<㐀㐿㗿㘀㛀㛿㟀㟿/>
<㠀㠿㡀㤿㥀㨿㩀㬿㭀㯿/>
<㰀㰿㱀㶿㷀㼿㽀㾿㿀㿿/>
<䀀䀿䅀䅿䆀䊿䋀䍿䎀䏿/>
<䐀䕿䖀䙿䚀䝿䞀䟿/>
<䠀䢿䣀䧿䨀䪿䫀䬿䭀䯿/>
<䰀䱿䲀䴿䵀䶿䷀䷿一丿乀伿佀便俀俿/>
<倀忿怀濿瀀翿耀迿退/>
<ꀀꑿꒀ꒿꓀꓿ꔀꙀꟿꩿꪀꬿꭀꯀ가꿿/>
<뀀뚿뛀밿뱀뿿/>
<쀀쐿쑀엿였쟿저쩿쪀쿿/>
<퀀툿퉀퐿푀휿흀/>
<豈錄鹿ﬀנּﭿﮀﯿ﴿/>
<︿﹀ﹿﺿﻀ＿｀ｿﾀﺀﷰ/>
<�/>

<𐀀𐄀𐄿𐌀𐌿𐍀𐎿𐏀𐒀/>
<𒀀𒀿𒁀𒉿𒊀𒐀𒐿𒒀𒒿/>
<𗀀𗀿𗁀𗇿𗈀𗗿𗘀𗢿𗣀𗿿/>
<𛀀𛃿𝀀𝀿𝁀𝄀𝄿𝈀𝈿𝌀𝌿/>
<𞸀🀀🀿🂿🄀🄿🚀/>

<力>
<א/>
<س/>
<अ/>
<அ/>
<அ/>
<𐍑/>
<🪐/>
<😀/>
</力>

<ÀÖØöøÿĀĿŀſƀƿǀǿƀƿǀǿȀȿɀɿʀʿˀ˿/>
<ͰͽͿ΀οπϿ/>
<ЀпрѿҠҀҿӀӿԀԿՀտրֿ׀׿/>

<؀ؿـٿڀڿۀۿ/>
<܀ܿ݀݀ݿ/>
<ހ޿ހ޿/>
<ࠀ࠿ࡀࢿࣀࣿऀिीॿ/>
<ঀিী৿/>
<౿ൿවවເༀཀ྿࿀/>
<ကႠᄀᅀᆿᇀᇿሀሿቀቿኀዀዿጀጿፀ/>
<ᚿᛀក/>
<ᢿᣀ᧿ᨀᨿᩀ᪀/>
<ᰀ᰿᱀ᲀᴀᴿᵀᵿᶀᶿḀḿṀṿẀếỀỿ/>
<ἀἿὀᾀ᾿῀/>
<a⁰ⁿ₀₿℀ℿ⅀ⅿↀ/>
<ⰀⰿⱀⱿⲀⲿⳀ⳿ⴀⴿⵀⶀⷀⷿ/>
<⸀⸿⹀⺀⺿⻀⼀⼿⽀⽿⾀⾿⿀/>
<、みむむみむダㄿㆿ㇀ㇿ㈀㈿㋿㌀㏿/>

<㐀㐿㗿㘀㛀㛿㟀㟿/>
<㠀㠿㡀㤿㥀㨿㩀㬿㭀㯿/>
<㰀㰿㱀㶿㷀㼿㽀㾿㿀㿿/>
<䀀䀿䅀䅿䆀䊿䋀䍿䎀䏿/>
<䐀䕿䖀䙿䚀䝿䞀䟿/>
<䠀䢿䣀䧿䨀䪿䫀䬿䭀䯿/>
<䰀䱿䲀䴿䵀䶿䷀䷿一丿乀伿佀便俀俿/>
<倀忿怀濿瀀翿耀迿退/>
<ꀀꑿꒀ꒿꓀꓿ꔀꙀꟿꩿꪀꬿꭀꯀ가꿿/>
<뀀뚿뛀밿뱀뿿/>
<쀀쐿쑀엿였쟿저쩿쪀쿿/>
<퀀툿퉀퐿푀휿흀/>
<豈錄鹿ﬀנּﭿﮀﯿ﴿/>
<︿﹀ﹿﺿﻀ＿｀ｿﾀﺀﷰ/>
<�/>

<𐀀𐄀𐄿𐌀𐌿𐍀𐎿𐏀𐒀/>
<𒀀𒀿𒁀𒉿𒊀𒐀𒐿𒒀𒒿/>
<𗀀𗀿𗁀𗇿𗈀𗗿𗘀𗢿𗣀𗿿/>
<𛀀𛃿𝀀𝀿𝁀𝄀𝄿𝈀𝈿𝌀𝌿/>
<𞸀🀀🀿🂿🄀🄿🚀/>

<力>
<א/>
<س/>
<अ/>
<அ/>
<அ/>
<𐍑/>
<🪐/>
<😀/>
</力>

<ÀÖØöøÿĀĿŀſƀƿǀǿƀƿǀǿȀȿɀɿʀʿˀ˿/>
<ͰͽͿ΀οπϿ/>
<ЀпрѿҠҀҿӀӿԀԿՀտրֿ׀׿/>

<؀ؿـٿڀڿۀۿ/>
<܀ܿ݀݀ݿ/>
<ހ޿ހ޿/>
<ࠀ࠿ࡀࢿࣀࣿऀिीॿ/>
<ঀিী৿/>
<౿ൿවවເༀཀ྿࿀/>
<ကႠᄀᅀᆿᇀᇿሀሿቀቿኀዀዿጀጿፀ/>
<ᚿᛀក/>
<ᢿᣀ᧿ᨀᨿᩀ᪀/>
<ᰀ᰿᱀ᲀᴀᴿᵀᵿᶀᶿḀḿṀṿẀếỀỿ/>
<ἀἿὀᾀ᾿῀/>
<a⁰ⁿ₀₿℀ℿ⅀ⅿↀ/>
<ⰀⰿⱀⱿⲀⲿⳀ⳿ⴀⴿⵀⶀⷀⷿ/>
<⸀⸿⹀⺀⺿⻀⼀⼿⽀⽿⾀⾿⿀/>
<、みむむみむダㄿㆿ㇀ㇿ㈀㈿㋿㌀㏿/>

<㐀㐿㗿㘀㛀㛿㟀㟿/>
<㠀㠿㡀㤿㥀㨿㩀㬿㭀㯿/>
<㰀㰿㱀㶿㷀㼿㽀㾿㿀㿿/>
<䀀䀿䅀䅿䆀䊿䋀䍿䎀䏿/>
<䐀䕿䖀䙿䚀䝿䞀䟿/>
<䠀䢿䣀䧿䨀䪿䫀䬿䭀䯿/>
<䰀䱿䲀䴿䵀䶿䷀䷿一丿乀伿佀便俀俿/>
<倀忿怀濿瀀翿耀迿退/>
<ꀀꑿꒀ꒿꓀꓿ꔀꙀꟿꩿꪀꬿꭀꯀ가꿿/>
<뀀뚿뛀밿뱀뿿/>
<쀀쐿쑀엿였쟿저쩿쪀쿿/>
<퀀툿퉀퐿푀휿흀/>
<豈錄鹿ﬀנּﭿﮀﯿ﴿/>
<︿﹀ﹿﺿﻀ＿｀ｿﾀﺀﷰ/>
<�/>

<𐀀𐄀𐄿𐌀𐌿𐍀𐎿𐏀𐒀/>
<𒀀𒀿𒁀𒉿𒊀𒐀𒐿𒒀𒒿/>
<𗀀𗀿𗁀𗇿𗈀𗗿𗘀𗢿𗣀𗿿/>
<𛀀𛃿𝀀𝀿𝁀𝄀𝄿𝈀𝈿𝌀𝌿/>
<𞸀🀀🀿🂿🄀🄿🚀/>

<力>
<א/>
<س/>
<अ/>
<அ/>
<அ/>
<𐍑/>
<🪐/>
<😀/>
</力>

<ÀÖØöøÿĀĿŀſƀƿǀǿƀƿǀǿȀȿɀɿʀʿˀ˿/>
<ͰͽͿ΀οπϿ/>
<ЀпрѿҠҀҿӀӿԀԿՀտրֿ׀׿/>

<؀ؿـٿڀڿۀۿ/>
<܀ܿ݀݀ݿ/>
<ހ޿ހ޿/>
<ࠀ࠿ࡀࢿࣀࣿऀिीॿ/>
<ঀিী৿/>
<౿ൿවවເༀཀ྿࿀/>
<ကႠᄀᅀᆿᇀᇿሀሿቀቿኀዀዿጀጿፀ/>
<ᚿᛀក/>
<ᢿᣀ᧿ᨀᨿᩀ᪀/>
<ᰀ᰿᱀ᲀᴀᴿᵀᵿᶀᶿḀḿṀṿẀếỀỿ/>
<ἀἿὀᾀ᾿῀/>
<a⁰ⁿ₀₿℀ℿ⅀ⅿↀ/>
<ⰀⰿⱀⱿⲀⲿⳀ⳿ⴀⴿⵀⶀⷀⷿ/>
<⸀⸿⹀⺀⺿⻀⼀⼿⽀⽿⾀⾿⿀/>
<、みむむみむダㄿㆿ㇀ㇿ㈀㈿㋿㌀㏿/>

<㐀㐿㗿㘀㛀㛿㟀㟿/>
<㠀㠿㡀㤿㥀㨿㩀㬿㭀㯿/>
<㰀㰿㱀㶿㷀㼿㽀㾿㿀㿿/>
<䀀䀿䅀䅿䆀䊿䋀䍿䎀䏿/>
<䐀䕿䖀䙿䚀䝿䞀䟿/>
<䠀䢿䣀䧿䨀䪿䫀䬿䭀䯿/>
<䰀䱿䲀䴿䵀䶿䷀䷿一丿乀伿佀便俀俿/>
<倀忿怀濿瀀翿耀迿退/>
<ꀀꑿꒀ꒿꓀꓿ꔀꙀꟿꩿꪀꬿꭀꯀ가꿿/>
<뀀뚿뛀밿뱀뿿/>
<쀀쐿쑀엿였쟿저쩿쪀쿿/>
<퀀툿퉀퐿푀휿흀/>
<豈錄鹿ﬀנּﭿﮀﯿ﴿/>
<︿﹀ﹿﺿﻀ＿｀ｿﾀﺀﷰ/>
<�/>

<𐀀𐄀𐄿𐌀𐌿𐍀𐎿𐏀𐒀/>
<𒀀𒀿𒁀𒉿𒊀𒐀𒐿𒒀𒒿/>
<𗀀𗀿𗁀𗇿𗈀𗗿𗘀𗢿𗣀𗿿/>
<𛀀𛃿𝀀𝀿𝁀𝄀𝄿𝈀𝈿𝌀𝌿/>
<𞸀🀀🀿🂿🄀🄿🚀/>

<力>
<א/>
<س/>
<अ/>
<அ/>
<அ/>
<𐍑/>
<🪐/>
<😀/>
</力>

<ÀÖØöøÿĀĿŀſƀƿǀǿƀƿǀǿȀȿɀɿʀʿˀ˿/>
<ͰͽͿ΀οπϿ/>
<ЀпрѿҠҀҿӀӿԀԿՀտրֿ׀׿/>

<؀ؿـٿڀڿۀۿ/>
<܀ܿ݀݀ݿ/>
<ހ޿ހ޿/>
<ࠀ࠿ࡀࢿࣀࣿऀिीॿ/>
<ঀিী৿/>
<౿ൿවවເༀཀ྿࿀/>
<ကႠᄀᅀᆿᇀᇿሀሿቀቿኀዀዿጀጿፀ/>
<ᚿᛀក/>
<ᢿᣀ᧿ᨀᨿᩀ᪀/>
<ᰀ᰿᱀ᲀᴀᴿᵀᵿᶀᶿḀḿṀṿẀếỀỿ/>
<ἀἿὀᾀ᾿῀/>
<a⁰ⁿ₀₿℀ℿ⅀ⅿↀ/>
<ⰀⰿⱀⱿⲀⲿⳀ⳿ⴀⴿⵀⶀⷀⷿ/>
<⸀⸿⹀⺀⺿⻀⼀⼿⽀⽿⾀⾿⿀/>
<、みむむみむダㄿㆿ㇀ㇿ㈀㈿㋿㌀㏿/>

<㐀㐿㗿㘀㛀㛿㟀㟿/>
<㠀㠿㡀㤿㥀㨿㩀㬿㭀㯿/>
<㰀㰿㱀㶿㷀㼿㽀㾿㿀㿿/>
<䀀䀿䅀䅿䆀䊿䋀䍿䎀䏿/>
<䐀䕿䖀䙿䚀䝿䞀䟿/>
<䠀䢿䣀䧿䨀䪿䫀䬿䭀䯿/>
<䰀䱿䲀䴿䵀䶿䷀䷿一丿乀伿佀便俀俿/>
<倀忿怀濿瀀翿耀迿退/>
<ꀀꑿꒀ꒿꓀꓿ꔀꙀꟿꩿꪀꬿꭀꯀ가꿿/>
<뀀뚿뛀밿뱀뿿/>
<쀀쐿쑀엿였쟿저쩿쪀쿿/>
<퀀툿퉀퐿푀휿흀/>
<豈錄鹿ﬀנּﭿﮀﯿ﴿/>
<︿﹀ﹿﺿﻀ＿｀ｿﾀﺀﷰ/>
<�/>

<𐀀𐄀𐄿𐌀𐌿𐍀𐎿𐏀𐒀/>
<𒀀𒀿𒁀𒉿𒊀𒐀𒐿𒒀𒒿/>
<𗀀𗀿𗁀𗇿𗈀𗗿𗘀𗢿𗣀𗿿/>
<𛀀𛃿𝀀𝀿𝁀𝄀𝄿𝈀𝈿𝌀𝌿/>
<𞸀🀀🀿🂿🄀🄿🚀/>

<力>
<א/>
<س/>
<अ/>
<அ/>
<அ/>
<𐍑/>
<🪐/>
<😀/>
</力>

<ÀÖØöøÿĀĿŀſƀƿǀǿƀƿǀǿȀȿɀɿʀʿˀ˿/>
<ͰͽͿ΀οπϿ/>
<ЀпрѿҠҀҿӀӿԀԿՀտրֿ׀׿/>

<؀ؿـٿڀڿۀۿ/>
<܀ܿ݀݀ݿ/>
<ހ޿ހ޿/>
<ࠀ࠿ࡀࢿࣀࣿऀिीॿ/>
<ঀিী৿/>
<౿ൿවවເༀཀ྿࿀/>
<ကႠᄀᅀᆿᇀᇿሀሿቀቿኀዀዿጀጿፀ/>
<ᚿᛀក/>
<ᢿᣀ᧿ᨀᨿᩀ᪀/>
<ᰀ᰿᱀ᲀᴀᴿᵀᵿᶀᶿḀḿṀṿẀếỀỿ/>
<ἀἿὀᾀ᾿῀/>
<a⁰ⁿ₀₿℀ℿ⅀ⅿↀ/>
<ⰀⰿⱀⱿⲀⲿⳀ⳿ⴀⴿⵀⶀⷀⷿ/>
<⸀⸿⹀⺀⺿⻀⼀⼿⽀⽿⾀⾿⿀/>
<、みむむみむダㄿㆿ㇀ㇿ㈀㈿㋿㌀㏿/>

<㐀㐿㗿㘀㛀㛿㟀㟿/>
<㠀㠿㡀㤿㥀㨿㩀㬿㭀㯿/>
<㰀㰿㱀㶿㷀㼿㽀㾿㿀㿿/>
<䀀䀿䅀䅿䆀䊿䋀䍿䎀䏿/>
<䐀䕿䖀䙿䚀䝿䞀䟿/>
<䠀䢿䣀䧿䨀䪿䫀䬿䭀䯿/>
<䰀䱿䲀䴿䵀䶿䷀䷿一丿乀伿佀便俀俿/>
<倀忿怀濿瀀翿耀迿退/>
<ꀀꑿꒀ꒿꓀꓿ꔀꙀꟿꩿꪀꬿꭀꯀ가꿿/>
<뀀뚿뛀밿뱀뿿/>
<쀀쐿쑀엿였쟿저쩿쪀쿿/>
<퀀툿퉀퐿푀휿흀/>
<豈錄鹿ﬀנּﭿﮀﯿ﴿/>
<︿﹀ﹿﺿﻀ＿｀ｿﾀﺀﷰ/>
<�/>

<𐀀𐄀𐄿𐌀𐌿𐍀𐎿𐏀𐒀/>
<𒀀𒀿𒁀𒉿𒊀𒐀𒐿𒒀𒒿/>
<𗀀𗀿𗁀𗇿𗈀𗗿𗘀𗢿𗣀𗿿/>
<𛀀𛃿𝀀𝀿𝁀𝄀𝄿𝈀𝈿𝌀𝌿/>
<𞸀🀀🀿🂿🄀🄿🚀/>

<力>
<א/>
<س/>
<अ/>
<அ/>
<அ/>
<𐍑/>
<🪐/>
<😀/>
</力>

<ÀÖØöøÿĀĿŀſƀƿǀǿƀƿǀǿȀȿɀɿʀʿˀ˿/>
<ͰͽͿ΀οπϿ/>
<ЀпрѿҠҀҿӀӿԀԿՀտրֿ׀׿/>

<؀ؿـٿڀڿۀۿ/>
<܀ܿ݀݀ݿ/>
<ހ޿ހ޿/>
<ࠀ࠿ࡀࢿࣀࣿऀिीॿ/>
<ঀিী৿/>
<౿ൿවවເༀཀ྿࿀/>
<ကႠᄀᅀᆿᇀᇿሀሿቀቿኀዀዿጀጿፀ/>
<ᚿᛀក/>
<ᢿᣀ᧿ᨀᨿᩀ᪀/>
<ᰀ᰿᱀ᲀᴀᴿᵀᵿᶀᶿḀḿṀṿẀếỀỿ/>
<ἀἿὀᾀ᾿῀/>
<a⁰ⁿ₀₿℀ℿ⅀ⅿↀ/>
<ⰀⰿⱀⱿⲀⲿⳀ⳿ⴀⴿⵀⶀⷀⷿ/>
<⸀⸿⹀⺀⺿⻀⼀⼿⽀⽿⾀⾿⿀/>
<、みむむみむダㄿㆿ㇀ㇿ㈀㈿㋿㌀㏿/>

<㐀㐿㗿㘀㛀㛿㟀㟿/>
<㠀㠿㡀㤿㥀㨿㩀㬿㭀㯿/>
<㰀㰿㱀㶿㷀㼿㽀㾿㿀㿿/>
<䀀䀿䅀䅿䆀䊿䋀䍿䎀䏿/>
<䐀䕿䖀䙿䚀䝿䞀䟿/>
<䠀䢿䣀䧿䨀䪿䫀䬿䭀䯿/>
<䰀䱿䲀䴿䵀䶿䷀䷿一丿乀伿佀便俀俿/>
<倀忿怀濿瀀翿耀迿退/>
<ꀀꑿꒀ꒿꓀꓿ꔀꙀꟿꩿꪀꬿꭀꯀ가꿿/>
<뀀뚿뛀밿뱀뿿/>
<쀀쐿쑀엿였쟿저쩿쪀쿿/>
<퀀툿퉀퐿푀휿흀/>
<豈錄鹿ﬀנּﭿﮀﯿ﴿/>
<︿﹀ﹿﺿﻀ＿｀ｿﾀﺀﷰ/>
<�/>

<𐀀𐄀𐄿𐌀𐌿𐍀𐎿𐏀𐒀/>
<𒀀𒀿𒁀𒉿𒊀𒐀𒐿𒒀𒒿/>
<𗀀𗀿𗁀𗇿𗈀𗗿𗘀𗢿𗣀𗿿/>
<𛀀𛃿𝀀𝀿𝁀𝄀𝄿𝈀𝈿𝌀𝌿/>
<𞸀🀀🀿🂿🄀🄿🚀/>

<力>
<א/>
<س/>
<अ/>
<அ/>
<அ/>
<𐍑/>
<🪐/>
<😀/>
</力>

<ÀÖØöøÿĀĿŀſƀƿǀǿƀƿǀǿȀȿɀɿʀʿˀ˿/>
<ͰͽͿ΀οπϿ/>
<ЀпрѿҠҀҿӀӿԀԿՀտրֿ׀׿/>

<؀ؿـٿڀڿۀۿ/>
<܀ܿ݀݀ݿ/>
<ހ޿ހ޿/>
<ࠀ࠿ࡀࢿࣀࣿऀिीॿ/>
<ঀিী৿/>
<౿ൿවවເༀཀ྿࿀/>
<ကႠᄀᅀᆿᇀᇿሀሿቀቿኀዀዿጀጿፀ/>
<ᚿᛀក/>
<ᢿᣀ᧿ᨀᨿᩀ᪀/>
<ᰀ᰿᱀ᲀᴀᴿᵀᵿᶀᶿḀḿṀṿẀếỀỿ/>
<ἀἿὀᾀ᾿῀/>
<a⁰ⁿ₀₿℀ℿ⅀ⅿↀ/>
<ⰀⰿⱀⱿⲀⲿⳀ⳿ⴀⴿⵀⶀⷀⷿ/>
<⸀⸿⹀⺀⺿⻀⼀⼿⽀⽿⾀⾿⿀/>
<、みむむみむダㄿㆿ㇀ㇿ㈀㈿㋿㌀㏿/>

<㐀㐿㗿㘀㛀㛿㟀㟿/>
<㠀㠿㡀㤿㥀㨿㩀㬿㭀㯿/>
<㰀㰿㱀㶿㷀㼿㽀㾿㿀㿿/>
<䀀䀿䅀䅿䆀䊿䋀䍿䎀䏿/>
<䐀䕿䖀䙿䚀䝿䞀䟿/>
<䠀䢿䣀䧿䨀䪿䫀䬿䭀䯿/>
<䰀䱿䲀䴿䵀䶿䷀䷿一丿乀伿佀便俀俿/>
<倀忿怀濿瀀翿耀迿退/>
<ꀀꑿꒀ꒿꓀꓿ꔀꙀꟿꩿꪀꬿꭀꯀ가꿿/>
<뀀뚿뛀밿뱀뿿/>
<쀀쐿쑀엿였쟿저쩿쪀쿿/>
<퀀툿퉀퐿푀휿흀/>
<豈錄鹿ﬀנּﭿﮀﯿ﴿/>
<︿﹀ﹿﺿﻀ＿｀ｿﾀﺀﷰ/>
<�/>

<𐀀𐄀𐄿𐌀𐌿𐍀𐎿𐏀𐒀/>
<𒀀𒀿𒁀𒉿𒊀𒐀𒐿𒒀𒒿/>
<𗀀𗀿𗁀𗇿𗈀𗗿𗘀𗢿𗣀𗿿/>
<𛀀𛃿𝀀𝀿𝁀𝄀𝄿𝈀𝈿𝌀𝌿/>
<𞸀🀀🀿🂿🄀🄿🚀/>

<力>
<א/>
<س/>
<अ/>
<அ/>
<அ/>
<𐍑/>
<🪐/>
<😀/>
</力>

<ÀÖØöøÿĀĿŀſƀƿǀǿƀƿǀǿȀȿɀɿʀʿˀ˿/>
<ͰͽͿ΀οπϿ/>
<ЀпрѿҠҀҿӀӿԀԿՀտրֿ׀׿/>

<؀ؿـٿڀڿۀۿ/>
<܀ܿ݀݀ݿ/>
<ހ޿ހ޿/>
<ࠀ࠿ࡀࢿࣀࣿऀिीॿ/>
<ঀিী৿/>
<౿ൿවවເༀཀ྿࿀/>
<ကႠᄀᅀᆿᇀᇿሀሿቀቿኀዀዿጀጿፀ/>
<ᚿᛀក/>
<ᢿᣀ᧿ᨀᨿᩀ᪀/>
<ᰀ᰿᱀ᲀᴀᴿᵀᵿᶀᶿḀḿṀṿẀếỀỿ/>
<ἀἿὀᾀ᾿῀/>
<a⁰ⁿ₀₿℀ℿ⅀ⅿↀ/>
<ⰀⰿⱀⱿⲀⲿⳀ⳿ⴀⴿⵀⶀⷀⷿ/>
<⸀⸿⹀⺀⺿⻀⼀⼿⽀⽿⾀⾿⿀/>
<、みむむみむダㄿㆿ㇀ㇿ㈀㈿㋿㌀㏿/>

<㐀㐿㗿㘀㛀㛿㟀㟿/>
<㠀㠿㡀㤿㥀㨿㩀㬿㭀㯿/>
<㰀㰿㱀㶿㷀㼿㽀㾿㿀㿿/>
<䀀䀿䅀䅿䆀䊿䋀䍿䎀䏿/>
<䐀䕿䖀䙿䚀䝿䞀䟿/>
<䠀䢿䣀䧿䨀䪿䫀䬿䭀䯿/>
<䰀䱿䲀䴿䵀䶿䷀䷿一丿乀伿佀便俀俿/>
<倀忿怀濿瀀翿耀迿退/>
<ꀀꑿꒀ꒿꓀꓿ꔀꙀꟿꩿꪀꬿꭀꯀ가꿿/>
<뀀뚿뛀밿뱀뿿/>
<쀀쐿쑀엿였쟿저쩿쪀쿿/>
<퀀툿퉀퐿푀휿흀/>
<豈錄鹿ﬀנּﭿﮀﯿ﴿/>
<︿﹀ﹿﺿﻀ＿｀ｿﾀﺀﷰ/>
<�/>

<𐀀𐄀𐄿𐌀𐌿𐍀𐎿𐏀𐒀/>
<𒀀𒀿𒁀𒉿𒊀𒐀𒐿𒒀𒒿/>
<𗀀𗀿𗁀𗇿𗈀𗗿𗘀𗢿𗣀𗿿/>
<𛀀𛃿𝀀𝀿𝁀𝄀𝄿𝈀𝈿𝌀𝌿/>
<𞸀🀀🀿🂿🄀🄿🚀/>

<力>
<א/>
<س/>
<अ/>
<அ/>
<அ/>
<𐍑/>
<🪐/>
<😀/>
</力>

<ÀÖØöøÿĀĿŀſƀƿǀǿƀƿǀǿȀȿɀɿʀʿˀ˿/>
<ͰͽͿ΀οπϿ/>
<ЀпрѿҠҀҿӀӿԀԿՀտրֿ׀׿/>

<؀ؿـٿڀڿۀۿ/>
<܀ܿ݀݀ݿ/>
<ހ޿ހ޿/>
<ࠀ࠿ࡀࢿࣀࣿऀिीॿ/>
<ঀিী৿/>
<౿ൿවවເༀཀ྿࿀/>
<ကႠᄀᅀᆿᇀᇿሀሿቀቿኀዀዿጀጿፀ/>
<ᚿᛀក/>
<ᢿᣀ᧿ᨀᨿᩀ᪀/>
<ᰀ᰿᱀ᲀᴀᴿᵀᵿᶀᶿḀḿṀṿẀếỀỿ/>
<ἀἿὀᾀ᾿῀/>
<a⁰ⁿ₀₿℀ℿ⅀ⅿↀ/>
<ⰀⰿⱀⱿⲀⲿⳀ⳿ⴀⴿⵀⶀⷀⷿ/>
<⸀⸿⹀⺀⺿⻀⼀⼿⽀⽿⾀⾿⿀/>
<、みむむみむダㄿㆿ㇀ㇿ㈀㈿㋿㌀㏿/>

<㐀㐿㗿㘀㛀㛿㟀㟿/>
<㠀㠿㡀㤿㥀㨿㩀㬿㭀㯿/>
<㰀㰿㱀㶿㷀㼿㽀㾿㿀㿿/>
<䀀䀿䅀䅿䆀䊿䋀䍿䎀䏿/>
<䐀䕿䖀䙿䚀䝿䞀䟿/>
<䠀䢿䣀䧿䨀䪿䫀䬿䭀䯿/>
<䰀䱿䲀䴿䵀䶿䷀䷿一丿乀伿佀便俀俿/>
<倀忿怀濿瀀翿耀迿退/>
<ꀀꑿꒀ꒿꓀꓿ꔀꙀꟿꩿꪀꬿꭀꯀ가꿿/>
<뀀뚿뛀밿뱀뿿/>
<쀀쐿쑀엿였쟿저쩿쪀쿿/>
<퀀툿퉀퐿푀휿흀/>
<豈錄鹿ﬀנּﭿﮀﯿ﴿/>
<︿﹀ﹿﺿﻀ＿｀ｿﾀﺀﷰ/>
<�/>

<𐀀𐄀𐄿𐌀𐌿𐍀𐎿𐏀𐒀/>
<𒀀𒀿𒁀𒉿𒊀𒐀𒐿𒒀𒒿/>
<𗀀𗀿𗁀𗇿𗈀𗗿𗘀𗢿𗣀𗿿/>
<𛀀𛃿𝀀𝀿𝁀𝄀𝄿𝈀𝈿𝌀𝌿/>
<𞸀🀀🀿🂿🄀🄿🚀/>

<力>
<א/>
<س/>
<अ/>
<அ/>
<அ/>
<𐍑/>
<🪐/>
<😀/>
</力>

<ÀÖØöøÿĀĿŀſƀƿǀǿƀƿǀǿȀȿɀɿʀʿˀ˿/>
<ͰͽͿ΀οπϿ/>
<ЀпрѿҠҀҿӀӿԀԿՀտրֿ׀׿/>

<؀ؿـٿڀڿۀۿ/>
<܀ܿ݀݀ݿ/>
<ހ޿ހ޿/>
<ࠀ࠿ࡀࢿࣀࣿऀिीॿ/>
<ঀিী৿/>
<౿ൿවවເༀཀ྿࿀/>
<ကႠᄀᅀᆿᇀᇿሀሿቀቿኀዀዿጀጿፀ/>
<ᚿᛀក/>
<ᢿᣀ᧿ᨀᨿᩀ᪀/>
<ᰀ᰿᱀ᲀᴀᴿᵀᵿᶀᶿḀḿṀṿẀếỀỿ/>
<ἀἿὀᾀ᾿῀/>
<a⁰ⁿ₀₿℀ℿ⅀ⅿↀ/>
<ⰀⰿⱀⱿⲀⲿⳀ⳿ⴀⴿⵀⶀⷀⷿ/>
<⸀⸿⹀⺀⺿⻀⼀⼿⽀⽿⾀⾿⿀/>
<、みむむみむダㄿㆿ㇀ㇿ㈀㈿㋿㌀㏿/>

<㐀㐿㗿㘀㛀㛿㟀㟿/>
<㠀㠿㡀㤿㥀㨿㩀㬿㭀㯿/>
<㰀㰿㱀㶿㷀㼿㽀㾿㿀㿿/>
<䀀䀿䅀䅿䆀䊿䋀䍿䎀䏿/>
<䐀䕿䖀䙿䚀䝿䞀䟿/>
<䠀䢿䣀䧿䨀䪿䫀䬿䭀䯿/>
<䰀䱿䲀䴿䵀䶿䷀䷿一丿乀伿佀便俀俿/>
<倀忿怀濿瀀翿耀迿退/>
<ꀀꑿꒀ꒿꓀꓿ꔀꙀꟿꩿꪀꬿꭀꯀ가꿿/>
<뀀뚿뛀밿뱀뿿/>
<쀀쐿쑀엿였쟿저쩿쪀쿿/>
<퀀툿퉀퐿푀휿흀/>
<豈錄鹿ﬀנּﭿﮀﯿ﴿/>
<︿﹀ﹿﺿﻀ＿｀ｿﾀﺀﷰ/>
<�/>

<𐀀𐄀𐄿𐌀𐌿𐍀𐎿𐏀𐒀/>
<𒀀𒀿𒁀𒉿𒊀𒐀𒐿𒒀𒒿/>
<𗀀𗀿𗁀𗇿𗈀𗗿𗘀𗢿𗣀𗿿/>
<𛀀𛃿𝀀𝀿𝁀𝄀𝄿𝈀𝈿𝌀𝌿/>
<𞸀🀀🀿🂿🄀🄿🚀/>

<力>
<א/>
<س/>
<अ/>
<அ/>
<அ/>
<𐍑/>
<🪐/>
<😀/>
</力>

<ÀÖØöøÿĀĿŀſƀƿǀǿƀƿǀǿȀȿɀɿʀʿˀ˿/>
<ͰͽͿ΀οπϿ/>
<ЀпрѿҠҀҿӀӿԀԿՀտրֿ׀׿/>

<؀ؿـٿڀڿۀۿ/>
<܀ܿ݀݀ݿ/>
<ހ޿ހ޿/>
<ࠀ࠿ࡀࢿࣀࣿऀिीॿ/>
<ঀিী৿/>
<౿ൿවවເༀཀ྿࿀/>
<ကႠᄀᅀᆿᇀᇿሀሿቀቿኀዀዿጀጿፀ/>
<ᚿᛀក/>
<ᢿᣀ᧿ᨀᨿᩀ᪀/>
<ᰀ᰿᱀ᲀᴀᴿᵀᵿᶀᶿḀḿṀṿẀếỀỿ/>
<ἀἿὀᾀ᾿῀/>
<a⁰ⁿ₀₿℀ℿ⅀ⅿↀ/>
<ⰀⰿⱀⱿⲀⲿⳀ⳿ⴀⴿⵀⶀⷀⷿ/>
<⸀⸿⹀⺀⺿⻀⼀⼿⽀⽿⾀⾿⿀/>
<、みむむみむダㄿㆿ㇀ㇿ㈀㈿㋿㌀㏿/>

<㐀㐿㗿㘀㛀㛿㟀㟿/>
<㠀㠿㡀㤿㥀㨿㩀㬿㭀㯿/>
<㰀㰿㱀㶿㷀㼿㽀㾿㿀㿿/>
<䀀䀿䅀䅿䆀䊿䋀䍿䎀䏿/>
<䐀䕿䖀䙿䚀䝿䞀䟿/>
<䠀䢿䣀䧿䨀䪿䫀䬿䭀䯿/>
<䰀䱿䲀䴿䵀䶿䷀䷿一丿乀伿佀便俀俿/>
<倀忿怀濿瀀翿耀迿退/>
<ꀀꑿꒀ꒿꓀꓿ꔀꙀꟿꩿꪀꬿꭀꯀ가꿿/>
<뀀뚿뛀밿뱀뿿/>
<쀀쐿쑀엿였쟿저쩿쪀쿿/>
<퀀툿퉀퐿푀휿흀/>
<豈錄鹿ﬀנּﭿﮀﯿ﴿/>
<︿﹀ﹿﺿﻀ＿｀ｿﾀﺀﷰ/>
<�/>

<𐀀𐄀𐄿𐌀𐌿𐍀𐎿𐏀𐒀/>
<𒀀𒀿𒁀𒉿𒊀𒐀𒐿𒒀𒒿/>
<𗀀𗀿𗁀𗇿𗈀𗗿𗘀𗢿𗣀𗿿/>
<𛀀𛃿𝀀𝀿𝁀𝄀𝄿𝈀𝈿𝌀𝌿/>
<𞸀🀀🀿🂿🄀🄿🚀/>

<力>
<א/>
<س/>
<अ/>
<அ/>
<அ/>
<𐍑/>
<🪐/>
<😀/>
</力>

<ÀÖØöøÿĀĿŀſƀƿǀǿƀƿǀǿȀȿɀɿʀʿˀ˿/>
<ͰͽͿ΀οπϿ/>
<ЀпрѿҠҀҿӀӿԀԿՀտրֿ׀׿/>

<؀ؿـٿڀڿۀۿ/>
<܀ܿ݀݀ݿ/>
<ހ޿ހ޿/>
<ࠀ࠿ࡀࢿࣀࣿऀिीॿ/>
<ঀিী৿/>
<౿ൿවවເༀཀ྿࿀/>
<ကႠᄀᅀᆿᇀᇿሀሿቀቿኀዀዿጀጿፀ/>
<ᚿᛀក/>
<ᢿᣀ᧿ᨀᨿᩀ᪀/>
<ᰀ᰿᱀ᲀᴀᴿᵀᵿᶀᶿḀḿṀṿẀếỀỿ/>
<ἀἿὀᾀ᾿῀/>
<a⁰ⁿ₀₿℀ℿ⅀ⅿↀ/>
<ⰀⰿⱀⱿⲀⲿⳀ⳿ⴀⴿⵀⶀⷀⷿ/>
<⸀⸿⹀⺀⺿⻀⼀⼿⽀⽿⾀⾿⿀/>
<、みむむみむダㄿㆿ㇀ㇿ㈀㈿㋿㌀㏿/>

<㐀㐿㗿㘀㛀㛿㟀㟿/>
<㠀㠿㡀㤿㥀㨿㩀㬿㭀㯿/>
<㰀㰿㱀㶿㷀㼿㽀㾿㿀㿿/>
<䀀䀿䅀䅿䆀䊿䋀䍿䎀䏿/>
<䐀䕿䖀䙿䚀䝿䞀䟿/>
<䠀䢿䣀䧿䨀䪿䫀䬿䭀䯿/>
<䰀䱿䲀䴿䵀䶿䷀䷿一丿乀伿佀便俀俿/>
<倀忿怀濿瀀翿耀迿退/>
<ꀀꑿꒀ꒿꓀꓿ꔀꙀꟿꩿꪀꬿꭀꯀ가꿿/>
<뀀뚿뛀밿뱀뿿/>
<쀀쐿쑀엿였쟿저쩿쪀쿿/>
<퀀툿퉀퐿푀휿흀/>
<豈錄鹿ﬀנּﭿﮀﯿ﴿/>
<︿﹀ﹿﺿﻀ＿｀ｿﾀﺀﷰ/>
<�/>

<𐀀𐄀𐄿𐌀𐌿𐍀𐎿𐏀𐒀/>
<𒀀𒀿𒁀𒉿𒊀𒐀𒐿𒒀𒒿/>
<𗀀𗀿𗁀𗇿𗈀𗗿𗘀𗢿𗣀𗿿/>
<𛀀𛃿𝀀𝀿𝁀𝄀𝄿𝈀𝈿𝌀𝌿/>
<𞸀🀀🀿🂿🄀🄿🚀/>

<力>
<א/>
<س/>
<अ/>
<அ/>
<அ/>
<𐍑/>
<🪐/>
<😀/>
</力>

<ÀÖØöøÿĀĿŀſƀƿǀǿƀƿǀǿȀȿɀɿʀʿˀ˿/>
<ͰͽͿ΀οπϿ/>
<ЀпрѿҠҀҿӀӿԀԿՀտրֿ׀׿/>

<؀ؿـٿڀڿۀۿ/>
<܀ܿ݀݀ݿ/>
<ހ޿ހ޿/>
<ࠀ࠿ࡀࢿࣀࣿऀिीॿ/>
<ঀিী৿/>
<౿ൿවවເༀཀ྿࿀/>
<ကႠᄀᅀᆿᇀᇿሀሿቀቿኀዀዿጀጿፀ/>
<ᚿᛀក/>
<ᢿᣀ᧿ᨀᨿᩀ᪀/>
<ᰀ᰿᱀ᲀᴀᴿᵀᵿᶀᶿḀḿṀṿẀếỀỿ/>
<ἀἿὀᾀ᾿῀/>
<a⁰ⁿ₀₿℀ℿ⅀ⅿↀ/>
<ⰀⰿⱀⱿⲀⲿⳀ⳿ⴀⴿⵀⶀⷀⷿ/>
<⸀⸿⹀⺀⺿⻀⼀⼿⽀⽿⾀⾿⿀/>
<、みむむみむダㄿㆿ㇀ㇿ㈀㈿㋿㌀㏿/>

<㐀㐿㗿㘀㛀㛿㟀㟿/>
<㠀㠿㡀㤿㥀㨿㩀㬿㭀㯿/>
<㰀㰿㱀㶿㷀㼿㽀㾿㿀㿿/>
<䀀䀿䅀䅿䆀䊿䋀䍿䎀䏿/>
<䐀䕿䖀䙿䚀䝿䞀䟿/>
<䠀䢿䣀䧿䨀䪿䫀䬿䭀䯿/>
<䰀䱿䲀䴿䵀䶿䷀䷿一丿乀伿佀便俀俿/>
<倀忿怀濿瀀翿耀迿退/>
<ꀀꑿꒀ꒿꓀꓿ꔀꙀꟿꩿꪀꬿꭀꯀ가꿿/>
<뀀뚿뛀밿뱀뿿/>
<쀀쐿쑀엿였쟿저쩿쪀쿿/>
<퀀툿퉀퐿푀휿흀/>
<豈錄鹿ﬀנּﭿﮀﯿ﴿/>
<︿﹀ﹿﺿﻀ＿｀ｿﾀﺀﷰ/>
<�/>

<𐀀𐄀𐄿𐌀𐌿𐍀𐎿𐏀𐒀/>
<𒀀𒀿𒁀𒉿𒊀𒐀𒐿𒒀𒒿/>
<𗀀𗀿𗁀𗇿𗈀𗗿𗘀𗢿𗣀𗿿/>
<𛀀𛃿𝀀𝀿𝁀𝄀𝄿𝈀𝈿𝌀𝌿/>
<𞸀🀀🀿🂿🄀🄿🚀/>

<力>
<א/>
<س/>
<अ/>
<அ/>
<அ/>
<𐍑/>
<🪐/>
<😀/>
</力>

<ÀÖØöøÿĀĿŀſƀƿǀǿƀƿǀǿȀȿɀɿʀʿˀ˿/>
<ͰͽͿ΀οπϿ/>
<ЀпрѿҠҀҿӀӿԀԿՀտրֿ׀׿/>

<؀ؿـٿڀڿۀۿ/>
<܀ܿ݀݀ݿ/>
<ހ޿ހ޿/>
<ࠀ࠿ࡀࢿࣀࣿऀिीॿ/>
<ঀিী৿/>
<౿ൿවවເༀཀ྿࿀/>
<ကႠᄀᅀᆿᇀᇿሀሿቀቿኀዀዿጀጿፀ/>
<ᚿᛀក/>
<ᢿᣀ᧿ᨀᨿᩀ᪀/>
<ᰀ᰿᱀ᲀᴀᴿᵀᵿᶀᶿḀḿṀṿẀếỀỿ/>
<ἀἿὀᾀ᾿῀/>
<a⁰ⁿ₀₿℀ℿ⅀ⅿↀ/>
<ⰀⰿⱀⱿⲀⲿⳀ⳿ⴀⴿⵀⶀⷀⷿ/>
<⸀⸿⹀⺀⺿⻀⼀⼿⽀⽿⾀⾿⿀/>
<、みむむみむダㄿㆿ㇀ㇿ㈀㈿㋿㌀㏿/>

<㐀㐿㗿㘀㛀㛿㟀㟿/>
<㠀㠿㡀㤿㥀㨿㩀㬿㭀㯿/>
<㰀㰿㱀㶿㷀㼿㽀㾿㿀㿿/>
<䀀䀿䅀䅿䆀䊿䋀䍿䎀䏿/>
<䐀䕿䖀䙿䚀䝿䞀䟿/>
<䠀䢿䣀䧿䨀䪿䫀䬿䭀䯿/>
<䰀䱿䲀䴿䵀䶿䷀䷿一丿乀伿佀便俀俿/>
<倀忿怀濿瀀翿耀迿退/>
<ꀀꑿꒀ꒿꓀꓿ꔀꙀꟿꩿꪀꬿꭀꯀ가꿿/>
<뀀뚿뛀밿뱀뿿/>
<쀀쐿쑀엿였쟿저쩿쪀쿿/>
<퀀툿퉀퐿푀휿흀/>
<豈錄鹿ﬀנּﭿﮀﯿ﴿/>
<︿﹀ﹿﺿﻀ＿｀ｿﾀﺀﷰ/>
<�/>

<𐀀𐄀𐄿𐌀𐌿𐍀𐎿𐏀𐒀/>
<𒀀𒀿𒁀𒉿𒊀𒐀𒐿𒒀𒒿/>
<𗀀𗀿𗁀𗇿𗈀𗗿𗘀𗢿𗣀𗿿/>
<𛀀𛃿𝀀𝀿𝁀𝄀𝄿𝈀𝈿𝌀𝌿/>
<𞸀🀀🀿🂿🄀🄿🚀/>

<力>
<א/>
<س/>
<अ/>
<அ/>
<அ/>
<𐍑/>
<🪐/>
<😀/>
</力>

<ÀÖØöøÿĀĿŀſƀƿǀǿƀƿǀǿȀȿɀɿʀʿˀ˿/>
<ͰͽͿ΀οπϿ/>
<ЀпрѿҠҀҿӀӿԀԿՀտրֿ׀׿/>

<؀ؿـٿڀڿۀۿ/>
<܀ܿ݀݀ݿ/>
<ހ޿ހ޿/>
<ࠀ࠿ࡀࢿࣀࣿऀिीॿ/>
<ঀিী৿/>
<౿ൿවවເༀཀ྿࿀/>
<ကႠᄀᅀᆿᇀᇿሀሿቀቿኀዀዿጀጿፀ/>
<ᚿᛀក/>
<ᢿᣀ᧿ᨀᨿᩀ᪀/>
<ᰀ᰿᱀ᲀᴀᴿᵀᵿᶀᶿḀḿṀṿẀếỀỿ/>
<ἀἿὀᾀ᾿῀/>
<a⁰ⁿ₀₿℀ℿ⅀ⅿↀ/>
<ⰀⰿⱀⱿⲀⲿⳀ⳿ⴀⴿⵀⶀⷀⷿ/>
<⸀⸿⹀⺀⺿⻀⼀⼿⽀⽿⾀⾿⿀/>
<、みむむみむダㄿㆿ㇀ㇿ㈀㈿㋿㌀㏿/>

<㐀㐿㗿㘀㛀㛿㟀㟿/>
<㠀㠿㡀㤿㥀㨿㩀㬿㭀㯿/>
<㰀㰿㱀㶿㷀㼿㽀㾿㿀㿿/>
<䀀䀿䅀䅿䆀䊿䋀䍿䎀䏿/>
<䐀䕿䖀䙿䚀䝿䞀䟿/>
<䠀䢿䣀䧿䨀䪿䫀䬿䭀䯿/>
<䰀䱿䲀䴿䵀䶿䷀䷿一丿乀伿佀便俀俿/>
<倀忿怀濿瀀翿耀迿退/>
<ꀀꑿꒀ꒿꓀꓿ꔀꙀꟿꩿꪀꬿꭀꯀ가꿿/>
<뀀뚿뛀밿뱀뿿/>
<쀀쐿쑀엿였쟿저쩿쪀쿿/>
<퀀툿퉀퐿푀휿흀/>
<豈錄鹿ﬀנּﭿﮀﯿ﴿/>
<︿﹀ﹿﺿﻀ＿｀ｿﾀﺀﷰ/>
<�/>

<𐀀𐄀𐄿𐌀𐌿𐍀𐎿𐏀𐒀/>
<𒀀𒀿𒁀𒉿𒊀𒐀𒐿𒒀𒒿/>
<𗀀𗀿𗁀𗇿𗈀𗗿𗘀𗢿𗣀𗿿/>
<𛀀𛃿𝀀𝀿𝁀𝄀𝄿𝈀𝈿𝌀𝌿/>
<𞸀🀀🀿🂿🄀🄿🚀/>

<力>
<א/>
<س/>
<अ/>
<அ/>
<அ/>
<𐍑/>
<🪐/>
<😀/>
</力>

<ÀÖØöøÿĀĿŀſƀƿǀǿƀƿǀǿȀȿɀɿʀʿˀ˿/>
<ͰͽͿ΀οπϿ/>
<ЀпрѿҠҀҿӀӿԀԿՀտրֿ׀׿/>

<؀ؿـٿڀڿۀۿ/>
<܀ܿ݀݀ݿ/>
<ހ޿ހ޿/>
<ࠀ࠿ࡀࢿࣀࣿऀिीॿ/>
<ঀিী৿/>
<౿ൿවවເༀཀ྿࿀/>
<ကႠᄀᅀᆿᇀᇿሀሿቀቿኀዀዿጀጿፀ/>
<ᚿᛀក/>
<ᢿᣀ᧿ᨀᨿᩀ᪀/>
<ᰀ᰿᱀ᲀᴀᴿᵀᵿᶀᶿḀḿṀṿẀếỀỿ/>
<ἀἿὀᾀ᾿῀/>
<a⁰ⁿ₀₿℀ℿ⅀ⅿↀ/>
<ⰀⰿⱀⱿⲀⲿⳀ⳿ⴀⴿⵀⶀⷀⷿ/>
<⸀⸿⹀⺀⺿⻀⼀⼿⽀⽿⾀⾿⿀/>
<、みむむみむダㄿㆿ㇀ㇿ㈀㈿㋿㌀㏿/>

<㐀㐿㗿㘀㛀㛿㟀㟿/>
<㠀㠿㡀㤿㥀㨿㩀㬿㭀㯿/>
<㰀㰿㱀㶿㷀㼿㽀㾿㿀㿿/>
<䀀䀿䅀䅿䆀䊿䋀䍿䎀䏿/>
<䐀䕿䖀䙿䚀䝿䞀䟿/>
<䠀䢿䣀䧿䨀䪿䫀䬿䭀䯿/>
<䰀䱿䲀䴿䵀䶿䷀䷿一丿乀伿佀便俀俿/>
<倀忿怀濿瀀翿耀迿退/>
<ꀀꑿꒀ꒿꓀꓿ꔀꙀꟿꩿꪀꬿꭀꯀ가꿿/>
<뀀뚿뛀밿뱀뿿/>
<쀀쐿쑀엿였쟿저쩿쪀쿿/>
<퀀툿퉀퐿푀휿흀/>
<豈錄鹿ﬀנּﭿﮀﯿ﴿/>
<︿﹀ﹿﺿﻀ＿｀ｿﾀﺀﷰ/>
<�/>

<𐀀𐄀𐄿𐌀𐌿𐍀𐎿𐏀𐒀/>
<𒀀𒀿𒁀𒉿𒊀𒐀𒐿𒒀𒒿/>
<𗀀𗀿𗁀𗇿𗈀𗗿𗘀𗢿𗣀𗿿/>
<𛀀𛃿𝀀𝀿𝁀𝄀𝄿𝈀𝈿𝌀𝌿/>
<𞸀🀀🀿🂿🄀🄿🚀/>

<力>
<א/>
<س/>
<अ/>
<அ/>
<அ/>
<𐍑/>
<🪐/>
<😀/>
</力>

<ÀÖØöøÿĀĿŀſƀƿǀǿƀƿǀǿȀȿɀɿʀʿˀ˿/>
<ͰͽͿ΀οπϿ/>
<ЀпрѿҠҀҿӀӿԀԿՀտրֿ׀׿/>

<؀ؿـٿڀڿۀۿ/>
<܀ܿ݀݀ݿ/>
<ހ޿ހ޿/>
<ࠀ࠿ࡀࢿࣀࣿऀिीॿ/>
<ঀিী৿/>
<౿ൿවවເༀཀ྿࿀/>
<ကႠᄀᅀᆿᇀᇿሀሿቀቿኀዀዿጀጿፀ/>
<ᚿᛀក/>
<ᢿᣀ᧿ᨀᨿᩀ᪀/>
<ᰀ᰿᱀ᲀᴀᴿᵀᵿᶀᶿḀḿṀṿẀếỀỿ/>
<ἀἿὀᾀ᾿῀/>
<a⁰ⁿ₀₿℀ℿ⅀ⅿↀ/>
<ⰀⰿⱀⱿⲀⲿⳀ⳿ⴀⴿⵀⶀⷀⷿ/>
<⸀⸿⹀⺀⺿⻀⼀⼿⽀⽿⾀⾿⿀/>
<、みむむみむダㄿㆿ㇀ㇿ㈀㈿㋿㌀㏿/>

<㐀㐿㗿㘀㛀㛿㟀㟿/>
<㠀㠿㡀㤿㥀㨿㩀㬿㭀㯿/>
<㰀㰿㱀㶿㷀㼿㽀㾿㿀㿿/>
<䀀䀿䅀䅿䆀䊿䋀䍿䎀䏿/>
<䐀䕿䖀䙿䚀䝿䞀䟿/>
<䠀䢿䣀䧿䨀䪿䫀䬿䭀䯿/>
<䰀䱿䲀䴿䵀䶿䷀䷿一丿乀伿佀便俀俿/>
<倀忿怀濿瀀翿耀迿退/>
<ꀀꑿꒀ꒿꓀꓿ꔀꙀꟿꩿꪀꬿꭀꯀ가꿿/>
<뀀뚿뛀밿뱀뿿/>
<쀀쐿쑀엿였쟿저쩿쪀쿿/>
<퀀툿퉀퐿푀휿흀/>
<豈錄鹿ﬀנּﭿﮀﯿ﴿/>
<︿﹀ﹿﺿﻀ＿｀ｿﾀﺀﷰ/>
<�/>

<𐀀𐄀𐄿𐌀𐌿𐍀𐎿𐏀𐒀/>
<𒀀𒀿𒁀𒉿𒊀𒐀𒐿𒒀𒒿/>
<𗀀𗀿𗁀𗇿𗈀𗗿𗘀𗢿𗣀𗿿/>
<𛀀𛃿𝀀𝀿𝁀𝄀𝄿𝈀𝈿𝌀𝌿/>
<𞸀🀀🀿🂿🄀🄿🚀/>

<力>
<א/>
<س/>
<अ/>
<அ/>
<அ/>
<𐍑/>
<🪐/>
<😀/>
</力>

<ÀÖØöøÿĀĿŀſƀƿǀǿƀƿǀǿȀȿɀɿʀʿˀ˿/>
<ͰͽͿ΀οπϿ/>
<ЀпрѿҠҀҿӀӿԀԿՀտրֿ׀׿/>

<؀ؿـٿڀڿۀۿ/>
<܀ܿ݀݀ݿ/>
<ހ޿ހ޿/>
<ࠀ࠿ࡀࢿࣀࣿऀिीॿ/>
<ঀিী৿/>
<౿ൿවවເༀཀ྿࿀/>
<ကႠᄀᅀᆿᇀᇿሀሿቀቿኀዀዿጀጿፀ/>
<ᚿᛀក/>
<ᢿᣀ᧿ᨀᨿᩀ᪀/>
<ᰀ᰿᱀ᲀᴀᴿᵀᵿᶀᶿḀḿṀṿẀếỀỿ/>
<ἀἿὀᾀ᾿῀/>
<a⁰ⁿ₀₿℀ℿ⅀ⅿↀ/>
<ⰀⰿⱀⱿⲀⲿⳀ⳿ⴀⴿⵀⶀⷀⷿ/>
<⸀⸿⹀⺀⺿⻀⼀⼿⽀⽿⾀⾿⿀/>
<、みむむみむダㄿㆿ㇀ㇿ㈀㈿㋿㌀㏿/>

<㐀㐿㗿㘀㛀㛿㟀㟿/>
<㠀㠿㡀㤿㥀㨿㩀㬿㭀㯿/>
<㰀㰿㱀㶿㷀㼿㽀㾿㿀㿿/>
<䀀䀿䅀䅿䆀䊿䋀䍿䎀䏿/>
<䐀䕿䖀䙿䚀䝿䞀䟿/>
<䠀䢿䣀䧿䨀䪿䫀䬿䭀䯿/>
<䰀䱿䲀䴿䵀䶿䷀䷿一丿乀伿佀便俀俿/>
<倀忿怀濿瀀翿耀迿退/>
<ꀀꑿꒀ꒿꓀꓿ꔀꙀꟿꩿꪀꬿꭀꯀ가꿿/>
<뀀뚿뛀밿뱀뿿/>
<쀀쐿쑀엿였쟿저쩿쪀쿿/>
<퀀툿퉀퐿푀휿흀/>
<豈錄鹿ﬀנּﭿﮀﯿ﴿/>
<︿﹀ﹿﺿﻀ＿｀ｿﾀﺀﷰ/>
<�/>

<𐀀𐄀𐄿𐌀𐌿𐍀𐎿𐏀𐒀/>
<𒀀𒀿𒁀𒉿𒊀𒐀𒐿𒒀𒒿/>
<𗀀𗀿𗁀𗇿𗈀𗗿𗘀𗢿𗣀𗿿/>
<𛀀𛃿𝀀𝀿𝁀𝄀𝄿𝈀𝈿𝌀𝌿/>
<𞸀🀀🀿🂿🄀🄿🚀/>

<力>
<א/>
<س/>
<अ/>
<அ/>
<அ/>
<𐍑/>
<🪐/>
<😀/>
</力>

<ÀÖØöøÿĀĿŀſƀƿǀǿƀƿǀǿȀȿɀɿʀʿˀ˿/>
<ͰͽͿ΀οπϿ/>
<ЀпрѿҠҀҿӀӿԀԿՀտրֿ׀׿/>

<؀ؿـٿڀڿۀۿ/>
<܀ܿ݀݀ݿ/>
<ހ޿ހ޿/>
<ࠀ࠿ࡀࢿࣀࣿऀिीॿ/>
<ঀিী৿/>
<౿ൿවවເༀཀ྿࿀/>
<ကႠᄀᅀᆿᇀᇿሀሿቀቿኀዀዿጀጿፀ/>
<ᚿᛀក/>
<ᢿᣀ᧿ᨀᨿᩀ᪀/>
<ᰀ᰿᱀ᲀᴀᴿᵀᵿᶀᶿḀḿṀṿẀếỀỿ/>
<ἀἿὀᾀ᾿῀/>
<a⁰ⁿ₀₿℀ℿ⅀ⅿↀ/>
<ⰀⰿⱀⱿⲀⲿⳀ⳿ⴀⴿⵀⶀⷀⷿ/>
<⸀⸿⹀⺀⺿⻀⼀⼿⽀⽿⾀⾿⿀/>
<、みむむみむダㄿㆿ㇀ㇿ㈀㈿㋿㌀㏿/>

<㐀㐿㗿㘀㛀㛿㟀㟿/>
<㠀㠿㡀㤿㥀㨿㩀㬿㭀㯿/>
<㰀㰿㱀㶿㷀㼿㽀㾿㿀㿿/>
<䀀䀿䅀䅿䆀䊿䋀䍿䎀䏿/>
<䐀䕿䖀䙿䚀䝿䞀䟿/>
<䠀䢿䣀䧿䨀䪿䫀䬿䭀䯿/>
<䰀䱿䲀䴿䵀䶿䷀䷿一丿乀伿佀便俀俿/>
<倀忿怀濿瀀翿耀迿退/>
<ꀀꑿꒀ꒿꓀꓿ꔀꙀꟿꩿꪀꬿꭀꯀ가꿿/>
<뀀뚿뛀밿뱀뿿/>
<쀀쐿쑀엿였쟿저쩿쪀쿿/>
<퀀툿퉀퐿푀휿흀/>
<豈錄鹿ﬀנּﭿﮀﯿ﴿/>
<︿﹀ﹿﺿﻀ＿｀ｿﾀﺀﷰ/>
<�/>

<𐀀𐄀𐄿𐌀𐌿𐍀𐎿𐏀𐒀/>
<𒀀𒀿𒁀𒉿𒊀𒐀𒐿𒒀𒒿/>
<𗀀𗀿𗁀𗇿𗈀𗗿𗘀𗢿𗣀𗿿/>
<𛀀𛃿𝀀𝀿𝁀𝄀𝄿𝈀𝈿𝌀𝌿/>
<𞸀🀀🀿🂿🄀🄿🚀/>

<力>
<א/>
<س/>
<अ/>
<அ/>
<அ/>
<𐍑/>
<🪐/>
<😀/>
</力>

<ÀÖØöøÿĀĿŀſƀƿǀǿƀƿǀǿȀȿɀɿʀʿˀ˿/>
<ͰͽͿ΀οπϿ/>
<ЀпрѿҠҀҿӀӿԀԿՀտրֿ׀׿/>

<؀ؿـٿڀڿۀۿ/>
<܀ܿ݀݀ݿ/>
<ހ޿ހ޿/>
<ࠀ࠿ࡀࢿࣀࣿऀिीॿ/>
<ঀিী৿/>
<౿ൿවවເༀཀ྿࿀/>
<ကႠᄀᅀᆿᇀᇿሀሿቀቿኀዀዿጀጿፀ/>
<ᚿᛀក/>
<ᢿᣀ᧿ᨀᨿᩀ᪀/>
<ᰀ᰿᱀ᲀᴀᴿᵀᵿᶀᶿḀḿṀṿẀếỀỿ/>
<ἀἿὀᾀ᾿῀/>
<a⁰ⁿ₀₿℀ℿ⅀ⅿↀ/>
<ⰀⰿⱀⱿⲀⲿⳀ⳿ⴀⴿⵀⶀⷀⷿ/>
<⸀⸿⹀⺀⺿⻀⼀⼿⽀⽿⾀⾿⿀/>
<、みむむみむダㄿㆿ㇀ㇿ㈀㈿㋿㌀㏿/>

<㐀㐿㗿㘀㛀㛿㟀㟿/>
<㠀㠿㡀㤿㥀㨿㩀㬿㭀㯿/>
<㰀㰿㱀㶿㷀㼿㽀㾿㿀㿿/>
<䀀䀿䅀䅿䆀䊿䋀䍿䎀䏿/>
<䐀䕿䖀䙿䚀䝿䞀䟿/>
<䠀䢿䣀䧿䨀䪿䫀䬿䭀䯿/>
<䰀䱿䲀䴿䵀䶿䷀䷿一丿乀伿佀便俀俿/>
<倀忿怀濿瀀翿耀迿退/>
<ꀀꑿꒀ꒿꓀꓿ꔀꙀꟿꩿꪀꬿꭀꯀ가꿿/>
<뀀뚿뛀밿뱀뿿/>
<쀀쐿쑀엿였쟿저쩿쪀쿿/>
<퀀툿퉀퐿푀휿흀/>
<豈錄鹿ﬀנּﭿﮀﯿ﴿/>
<︿﹀ﹿﺿﻀ＿｀ｿﾀﺀﷰ/>
<�/>

<𐀀𐄀𐄿𐌀𐌿𐍀𐎿𐏀𐒀/>
<𒀀𒀿𒁀𒉿𒊀𒐀𒐿𒒀𒒿/>
<𗀀𗀿𗁀𗇿𗈀𗗿𗘀𗢿𗣀𗿿/>
<𛀀𛃿𝀀𝀿𝁀𝄀𝄿𝈀𝈿𝌀𝌿/>
<𞸀🀀🀿🂿🄀🄿🚀/>

<力>
<א/>
<س/>
<अ/>
<அ/>
<அ/>
<𐍑/>
<🪐/>
<😀/>
</力>

<ÀÖØöøÿĀĿŀſƀƿǀǿƀƿǀǿȀȿɀɿʀʿˀ˿/>
<ͰͽͿ΀οπϿ/>
<ЀпрѿҠҀҿӀӿԀԿՀտրֿ׀׿/>

<؀ؿـٿڀڿۀۿ/>
<܀ܿ݀݀ݿ/>
<ހ޿ހ޿/>
<ࠀ࠿ࡀࢿࣀࣿऀिीॿ/>
<ঀিী৿/>
<౿ൿවවເༀཀ྿࿀/>
<ကႠᄀᅀᆿᇀᇿሀሿቀቿኀዀዿጀጿፀ/>
<ᚿᛀក/>
<ᢿᣀ᧿ᨀᨿᩀ᪀/>
<ᰀ᰿᱀ᲀᴀᴿᵀᵿᶀᶿḀḿṀṿẀếỀỿ/>
<ἀἿὀᾀ᾿῀/>
<a⁰ⁿ₀₿℀ℿ⅀ⅿↀ/>
<ⰀⰿⱀⱿⲀⲿⳀ⳿ⴀⴿⵀⶀⷀⷿ/>
<⸀⸿⹀⺀⺿⻀⼀⼿⽀⽿⾀⾿⿀/>
<、みむむみむダㄿㆿ㇀ㇿ㈀㈿㋿㌀㏿/>

<㐀㐿㗿㘀㛀㛿㟀㟿/>
<㠀㠿㡀㤿㥀㨿㩀㬿㭀㯿/>
<㰀㰿㱀㶿㷀㼿㽀㾿㿀㿿/>
<䀀䀿䅀䅿䆀䊿䋀䍿䎀䏿/>
<䐀䕿䖀䙿䚀䝿䞀䟿/>
<䠀䢿䣀䧿䨀䪿䫀䬿䭀䯿/>
<䰀䱿䲀䴿䵀䶿䷀䷿一丿乀伿佀便俀俿/>
<倀忿怀濿瀀翿耀迿退/>
<ꀀꑿꒀ꒿꓀꓿ꔀꙀꟿꩿꪀꬿꭀꯀ가꿿/>
<뀀뚿뛀밿뱀뿿/>
<쀀쐿쑀엿였쟿저쩿쪀쿿/>
<퀀툿퉀퐿푀휿흀/>
<豈錄鹿ﬀנּﭿﮀﯿ﴿/>
<︿﹀ﹿﺿﻀ＿｀ｿﾀﺀﷰ/>
<�/>

<𐀀𐄀𐄿𐌀𐌿𐍀𐎿𐏀𐒀/>
<𒀀𒀿𒁀𒉿𒊀𒐀𒐿𒒀𒒿/>
<𗀀𗀿𗁀𗇿𗈀𗗿𗘀𗢿𗣀𗿿/>
<𛀀𛃿𝀀𝀿𝁀𝄀𝄿𝈀𝈿𝌀𝌿/>
<𞸀🀀🀿🂿🄀🄿🚀/>

<力>
<א/>
<س/>
<अ/>
<அ/>
<அ/>
<𐍑/>
<🪐/>
<😀/>
</力>

<ÀÖØöøÿĀĿŀſƀƿǀǿƀƿǀǿȀȿɀɿʀʿˀ˿/>
<ͰͽͿ΀οπϿ/>
<ЀпрѿҠҀҿӀӿԀԿՀտրֿ׀׿/>

<؀ؿـٿڀڿۀۿ/>
<܀ܿ݀݀ݿ/>
<ހ޿ހ޿/>
<ࠀ࠿ࡀࢿࣀࣿऀिीॿ/>
<ঀিী৿/>
<౿ൿවවເༀཀ྿࿀/>
<ကႠᄀᅀᆿᇀᇿሀሿቀቿኀዀዿጀጿፀ/>
<ᚿᛀក/>
<ᢿᣀ᧿ᨀᨿᩀ᪀/>
<ᰀ᰿᱀ᲀᴀᴿᵀᵿᶀᶿḀḿṀṿẀếỀỿ/>
<ἀἿὀᾀ᾿῀/>
<a⁰ⁿ₀₿℀ℿ⅀ⅿↀ/>
<ⰀⰿⱀⱿⲀⲿⳀ⳿ⴀⴿⵀⶀⷀⷿ/>
<⸀⸿⹀⺀⺿⻀⼀⼿⽀⽿⾀⾿⿀/>
<、みむむみむダㄿㆿ㇀ㇿ㈀㈿㋿㌀㏿/>

<㐀㐿㗿㘀㛀㛿㟀㟿/>
<㠀㠿㡀㤿㥀㨿㩀㬿㭀㯿/>
<㰀㰿㱀㶿㷀㼿㽀㾿㿀㿿/>
<䀀䀿䅀䅿䆀䊿䋀䍿䎀䏿/>
<䐀䕿䖀䙿䚀䝿䞀䟿/>
<䠀䢿䣀䧿䨀䪿䫀䬿䭀䯿/>
<䰀䱿䲀䴿䵀䶿䷀䷿一丿乀伿佀便俀俿/>
<倀忿怀濿瀀翿耀迿退/>
<ꀀꑿꒀ꒿꓀꓿ꔀꙀꟿꩿꪀꬿꭀꯀ가꿿/>
<뀀뚿뛀밿뱀뿿/>
<쀀쐿쑀엿였쟿저쩿쪀쿿/>
<퀀툿퉀퐿푀휿흀/>
<豈錄鹿ﬀנּﭿﮀﯿ﴿/>
<︿﹀ﹿﺿﻀ＿｀ｿﾀﺀﷰ/>
<�/>

<𐀀𐄀𐄿𐌀𐌿𐍀𐎿𐏀𐒀/>
<𒀀𒀿𒁀𒉿𒊀𒐀𒐿𒒀𒒿/>
<𗀀𗀿𗁀𗇿𗈀𗗿𗘀𗢿𗣀𗿿/>
<𛀀𛃿𝀀𝀿𝁀𝄀𝄿𝈀𝈿𝌀𝌿/>
<𞸀🀀🀿🂿🄀🄿🚀/>

<力>
<א/>
<س/>
<अ/>
<அ/>
<அ/>
<𐍑/>
<🪐/>
<😀/>
</力>

<ÀÖØöøÿĀĿŀſƀƿǀǿƀƿǀǿȀȿɀɿʀʿˀ˿/>
<ͰͽͿ΀οπϿ/>
<ЀпрѿҠҀҿӀӿԀԿՀտրֿ׀׿/>

<؀ؿـٿڀڿۀۿ/>
<܀ܿ݀݀ݿ/>
<ހ޿ހ޿/>
<ࠀ࠿ࡀࢿࣀࣿऀिीॿ/>
<ঀিী৿/>
<౿ൿවවເༀཀ྿࿀/>
<ကႠᄀᅀᆿᇀᇿሀሿቀቿኀዀዿጀጿፀ/>
<ᚿᛀក/>
<ᢿᣀ᧿ᨀᨿᩀ᪀/>
<ᰀ᰿᱀ᲀᴀᴿᵀᵿᶀᶿḀḿṀṿẀếỀỿ/>
<ἀἿὀᾀ᾿῀/>
<a⁰ⁿ₀₿℀ℿ⅀ⅿↀ/>
<ⰀⰿⱀⱿⲀⲿⳀ⳿ⴀⴿⵀⶀⷀⷿ/>
<⸀⸿⹀⺀⺿⻀⼀⼿⽀⽿⾀⾿⿀/>
<、みむむみむダㄿㆿ㇀ㇿ㈀㈿㋿㌀㏿/>

<㐀㐿㗿㘀㛀㛿㟀㟿/>
<㠀㠿㡀㤿㥀㨿㩀㬿㭀㯿/>
<㰀㰿㱀㶿㷀㼿㽀㾿㿀㿿/>
<䀀䀿䅀䅿䆀䊿䋀䍿䎀䏿/>
<䐀䕿䖀䙿䚀䝿䞀䟿/>
<䠀䢿䣀䧿䨀䪿䫀䬿䭀䯿/>
<䰀䱿䲀䴿䵀䶿䷀䷿一丿乀伿佀便俀俿/>
<倀忿怀濿瀀翿耀迿退/>
<ꀀꑿꒀ꒿꓀꓿ꔀꙀꟿꩿꪀꬿꭀꯀ가꿿/>
<뀀뚿뛀밿뱀뿿/>
<쀀쐿쑀엿였쟿저쩿쪀쿿/>
<퀀툿퉀퐿푀휿흀/>
<豈錄鹿ﬀנּﭿﮀﯿ﴿/>
<︿﹀ﹿﺿﻀ＿｀ｿﾀﺀﷰ/>
<�/>

<𐀀𐄀𐄿𐌀𐌿𐍀𐎿𐏀𐒀/>
<𒀀𒀿𒁀𒉿𒊀𒐀𒐿𒒀𒒿/>
<𗀀𗀿𗁀𗇿𗈀𗗿𗘀𗢿𗣀𗿿/>
<𛀀𛃿𝀀𝀿𝁀𝄀𝄿𝈀𝈿𝌀𝌿/>
<𞸀🀀🀿🂿🄀🄿🚀/>

<力>
<א/>
<س/>
<अ/>
<அ/>
<அ/>
<𐍑/>
<🪐/>
<😀/>
</力>

<ÀÖØöøÿĀĿŀſƀƿǀǿƀƿǀǿȀȿɀɿʀʿˀ˿/>
<ͰͽͿ΀οπϿ/>
<ЀпрѿҠҀҿӀӿԀԿՀտրֿ׀׿/>

<؀ؿـٿڀڿۀۿ/>
<܀ܿ݀݀ݿ/>
<ހ޿ހ޿/>
<ࠀ࠿ࡀࢿࣀࣿऀिीॿ/>
<ঀিী৿/>
<౿ൿවවເༀཀ྿࿀/>
<ကႠᄀᅀᆿᇀᇿሀሿቀቿኀዀዿጀጿፀ/>
<ᚿᛀក/>
<ᢿᣀ᧿ᨀᨿᩀ᪀/>
<ᰀ᰿᱀ᲀᴀᴿᵀᵿᶀᶿḀḿṀṿẀếỀỿ/>
<ἀἿὀᾀ᾿῀/>
<a⁰ⁿ₀₿℀ℿ⅀ⅿↀ/>
<ⰀⰿⱀⱿⲀⲿⳀ⳿ⴀⴿⵀⶀⷀⷿ/>
<⸀⸿⹀⺀⺿⻀⼀⼿⽀⽿⾀⾿⿀/>
<、みむむみむダㄿㆿ㇀ㇿ㈀㈿㋿㌀㏿/>

<㐀㐿㗿㘀㛀㛿㟀㟿/>
<㠀㠿㡀㤿㥀㨿㩀㬿㭀㯿/>
<㰀㰿㱀㶿㷀㼿㽀㾿㿀㿿/>
<䀀䀿䅀䅿䆀䊿䋀䍿䎀䏿/>
<䐀䕿䖀䙿䚀䝿䞀䟿/>
<䠀䢿䣀䧿䨀䪿䫀䬿䭀䯿/>
<䰀䱿䲀䴿䵀䶿䷀䷿一丿乀伿佀便俀俿/>
<倀忿怀濿瀀翿耀迿退/>
<ꀀꑿꒀ꒿꓀꓿ꔀꙀꟿꩿꪀꬿꭀꯀ가꿿/>
<뀀뚿뛀밿뱀뿿/>
<쀀쐿쑀엿였쟿저쩿쪀쿿/>
<퀀툿퉀퐿푀휿흀/>
<豈錄鹿ﬀנּﭿﮀﯿ﴿/>
<︿﹀ﹿﺿﻀ＿｀ｿﾀﺀﷰ/>
<�/>

<𐀀𐄀𐄿𐌀𐌿𐍀𐎿𐏀𐒀/>
<𒀀𒀿𒁀𒉿𒊀𒐀𒐿𒒀𒒿/>
<𗀀𗀿𗁀𗇿𗈀𗗿𗘀𗢿𗣀𗿿/>
<𛀀𛃿𝀀𝀿𝁀𝄀𝄿𝈀𝈿𝌀𝌿/>
<𞸀🀀🀿🂿🄀🄿🚀/>

<力>
<א/>
<س/>
<अ/>
<அ/>
<அ/>
<𐍑/>
<🪐/>
<😀/>
</力>

<ÀÖØöøÿĀĿŀſƀƿǀǿƀƿǀǿȀȿɀɿʀʿˀ˿/>
<ͰͽͿ΀οπϿ/>
<ЀпрѿҠҀҿӀӿԀԿՀտրֿ׀׿/>

<؀ؿـٿڀڿۀۿ/>
<܀ܿ݀݀ݿ/>
<ހ޿ހ޿/>
<ࠀ࠿ࡀࢿࣀࣿऀिीॿ/>
<ঀিী৿/>
<౿ൿවවເༀཀ྿࿀/>
<ကႠᄀᅀᆿᇀᇿሀሿቀቿኀዀዿጀጿፀ/>
<ᚿᛀក/>
<ᢿᣀ᧿ᨀᨿᩀ᪀/>
<ᰀ᰿᱀ᲀᴀᴿᵀᵿᶀᶿḀḿṀṿẀếỀỿ/>
<ἀἿὀᾀ᾿῀/>
<a⁰ⁿ₀₿℀ℿ⅀ⅿↀ/>
<ⰀⰿⱀⱿⲀⲿⳀ⳿ⴀⴿⵀⶀⷀⷿ/>
<⸀⸿⹀⺀⺿⻀⼀⼿⽀⽿⾀⾿⿀/>
<、みむむみむダㄿㆿ㇀ㇿ㈀㈿㋿㌀㏿/>

<㐀㐿㗿㘀㛀㛿㟀㟿/>
<㠀㠿㡀㤿㥀㨿㩀㬿㭀㯿/>
<㰀㰿㱀㶿㷀㼿㽀㾿㿀㿿/>
<䀀䀿䅀䅿䆀䊿䋀䍿䎀䏿/>
<䐀䕿䖀䙿䚀䝿䞀䟿/>
<䠀䢿䣀䧿䨀䪿䫀䬿䭀䯿/>
<䰀䱿䲀䴿䵀䶿䷀䷿一丿乀伿佀便俀俿/>
<倀忿怀濿瀀翿耀迿退/>
<ꀀꑿꒀ꒿꓀꓿ꔀꙀꟿꩿꪀꬿꭀꯀ가꿿/>
<뀀뚿뛀밿뱀뿿/>
<쀀쐿쑀엿였쟿저쩿쪀쿿/>
<퀀툿퉀퐿푀휿흀/>
<豈錄鹿ﬀנּﭿﮀﯿ﴿/>
<︿﹀ﹿﺿﻀ＿｀ｿﾀﺀﷰ/>
<�/>

<𐀀𐄀𐄿𐌀𐌿𐍀𐎿𐏀𐒀/>
<𒀀𒀿𒁀𒉿𒊀𒐀𒐿𒒀𒒿/>
<𗀀𗀿𗁀𗇿𗈀𗗿𗘀𗢿𗣀𗿿/>
<𛀀𛃿𝀀𝀿𝁀𝄀𝄿𝈀𝈿𝌀𝌿/>
<𞸀🀀🀿🂿🄀🄿🚀/>

<力>
<א/>
<س/>
<अ/>
<அ/>
<அ/>
<𐍑/>
<🪐/>
<😀/>
</力>

<ÀÖØöøÿĀĿŀſƀƿǀǿƀƿǀǿȀȿɀɿʀʿˀ˿/>
<ͰͽͿ΀οπϿ/>
<ЀпрѿҠҀҿӀӿԀԿՀտրֿ׀׿/>

<؀ؿـٿڀڿۀۿ/>
<܀ܿ݀݀ݿ/>
<ހ޿ހ޿/>
<ࠀ࠿ࡀࢿࣀࣿऀिीॿ/>
<ঀিী৿/>
<౿ൿවවເༀཀ྿࿀/>
<ကႠᄀᅀᆿᇀᇿሀሿቀቿኀዀዿጀጿፀ/>
<ᚿᛀក/>
<ᢿᣀ᧿ᨀᨿᩀ᪀/>
<ᰀ᰿᱀ᲀᴀᴿᵀᵿᶀᶿḀḿṀṿẀếỀỿ/>
<ἀἿὀᾀ᾿῀/>
<a⁰ⁿ₀₿℀ℿ⅀ⅿↀ/>
<ⰀⰿⱀⱿⲀⲿⳀ⳿ⴀⴿⵀⶀⷀⷿ/>
<⸀⸿⹀⺀⺿⻀⼀⼿⽀⽿⾀⾿⿀/>
<、みむむみむダㄿㆿ㇀ㇿ㈀㈿㋿㌀㏿/>

<㐀㐿㗿㘀㛀㛿㟀㟿/>
<㠀㠿㡀㤿㥀㨿㩀㬿㭀㯿/>
<㰀㰿㱀㶿㷀㼿㽀㾿㿀㿿/>
<䀀䀿䅀䅿䆀䊿䋀䍿䎀䏿/>
<䐀䕿䖀䙿䚀䝿䞀䟿/>
<䠀䢿䣀䧿䨀䪿䫀䬿䭀䯿/>
<䰀䱿䲀䴿䵀䶿䷀䷿一丿乀伿佀便俀俿/>
<倀忿怀濿瀀翿耀迿退/>
<ꀀꑿꒀ꒿꓀꓿ꔀꙀꟿꩿꪀꬿꭀꯀ가꿿/>
<뀀뚿뛀밿뱀뿿/>
<쀀쐿쑀엿였쟿저쩿쪀쿿/>
<퀀툿퉀퐿푀휿흀/>
<豈錄鹿ﬀנּﭿﮀﯿ﴿/>
<︿﹀ﹿﺿﻀ＿｀ｿﾀﺀﷰ/>
<�/>

<𐀀𐄀𐄿𐌀𐌿𐍀𐎿𐏀𐒀/>
<𒀀𒀿𒁀𒉿𒊀𒐀𒐿𒒀𒒿/>
<𗀀𗀿𗁀𗇿𗈀𗗿𗘀𗢿𗣀𗿿/>
<𛀀𛃿𝀀𝀿𝁀𝄀𝄿𝈀𝈿𝌀𝌿/>
<𞸀🀀🀿🂿🄀🄿🚀/>

<力>
<א/>
<س/>
<अ/>
<அ/>
<அ/>
<𐍑/>
<🪐/>
<😀/>
</力>

<ÀÖØöøÿĀĿŀſƀƿǀǿƀƿǀǿȀȿɀɿʀʿˀ˿/>
<ͰͽͿ΀οπϿ/>
<ЀпрѿҠҀҿӀӿԀԿՀտրֿ׀׿/>

<؀ؿـٿڀڿۀۿ/>
<܀ܿ݀݀ݿ/>
<ހ޿ހ޿/>
<ࠀ࠿ࡀࢿࣀࣿऀिीॿ/>
<ঀিী৿/>
<౿ൿවවເༀཀ྿࿀/>
<ကႠᄀᅀᆿᇀᇿሀሿቀቿኀዀዿጀጿፀ/>
<ᚿᛀក/>
<ᢿᣀ᧿ᨀᨿᩀ᪀/>
<ᰀ᰿᱀ᲀᴀᴿᵀᵿᶀᶿḀḿṀṿẀếỀỿ/>
<ἀἿὀᾀ᾿῀/>
<a⁰ⁿ₀₿℀ℿ⅀ⅿↀ/>
<ⰀⰿⱀⱿⲀⲿⳀ⳿ⴀⴿⵀⶀⷀⷿ/>
<⸀⸿⹀⺀⺿⻀⼀⼿⽀⽿⾀⾿⿀/>
<、みむむみむダㄿㆿ㇀ㇿ㈀㈿㋿㌀㏿/>

<㐀㐿㗿㘀㛀㛿㟀㟿/>
<㠀㠿㡀㤿㥀㨿㩀㬿㭀㯿/>
<㰀㰿㱀㶿㷀㼿㽀㾿㿀㿿/>
<䀀䀿䅀䅿䆀䊿䋀䍿䎀䏿/>
<䐀䕿䖀䙿䚀䝿䞀䟿/>
<䠀䢿䣀䧿䨀䪿䫀䬿䭀䯿/>
<䰀䱿䲀䴿䵀䶿䷀䷿一丿乀伿佀便俀俿/>
<倀忿怀濿瀀翿耀迿退/>
<ꀀꑿꒀ꒿꓀꓿ꔀꙀꟿꩿꪀꬿꭀꯀ가꿿/>
<뀀뚿뛀밿뱀뿿/>
<쀀쐿쑀엿였쟿저쩿쪀쿿/>
<퀀툿퉀퐿푀휿흀/>
<豈錄鹿ﬀנּﭿﮀﯿ﴿/>
<︿﹀ﹿﺿﻀ＿｀ｿﾀﺀﷰ/>
<�/>

<𐀀𐄀𐄿𐌀𐌿𐍀𐎿𐏀𐒀/>
<𒀀𒀿𒁀𒉿𒊀𒐀𒐿𒒀𒒿/>
<𗀀𗀿𗁀𗇿𗈀𗗿𗘀𗢿𗣀𗿿/>
<𛀀𛃿𝀀𝀿𝁀𝄀𝄿𝈀𝈿𝌀𝌿/>
<𞸀🀀🀿🂿🄀🄿🚀/>

<力>
<א/>
<س/>
<अ/>
<அ/>
<அ/>
<𐍑/>
<🪐/>
<😀/>
</力>

<ÀÖØöøÿĀĿŀſƀƿǀǿƀƿǀǿȀȿɀɿʀʿˀ˿/>
<ͰͽͿ΀οπϿ/>
<ЀпрѿҠҀҿӀӿԀԿՀտրֿ׀׿/>

<؀ؿـٿڀڿۀۿ/>
<܀ܿ݀݀ݿ/>
<ހ޿ހ޿/>
<ࠀ࠿ࡀࢿࣀࣿऀिीॿ/>
<ঀিী৿/>
<౿ൿවවເༀཀ྿࿀/>
<ကႠᄀᅀᆿᇀᇿሀሿቀቿኀዀዿጀጿፀ/>
<ᚿᛀក/>
<ᢿᣀ᧿ᨀᨿᩀ᪀/>
<ᰀ᰿᱀ᲀᴀᴿᵀᵿᶀᶿḀḿṀṿẀếỀỿ/>
<ἀἿὀᾀ᾿῀/>
<a⁰ⁿ₀₿℀ℿ⅀ⅿↀ/>
<ⰀⰿⱀⱿⲀⲿⳀ⳿ⴀⴿⵀⶀⷀⷿ/>
<⸀⸿⹀⺀⺿⻀⼀⼿⽀⽿⾀⾿⿀/>
<、みむむみむダㄿㆿ㇀ㇿ㈀㈿㋿㌀㏿/>

<㐀㐿㗿㘀㛀㛿㟀㟿/>
<㠀㠿㡀㤿㥀㨿㩀㬿㭀㯿/>
<㰀㰿㱀㶿㷀㼿㽀㾿㿀㿿/>
<䀀䀿䅀䅿䆀䊿䋀䍿䎀䏿/>
<䐀䕿䖀䙿䚀䝿䞀䟿/>
<䠀䢿䣀䧿䨀䪿䫀䬿䭀䯿/>
<䰀䱿䲀䴿䵀䶿䷀䷿一丿乀伿佀便俀俿/>
<倀忿怀濿瀀翿耀迿退/>
<ꀀꑿꒀ꒿꓀꓿ꔀꙀꟿꩿꪀꬿꭀꯀ가꿿/>
<뀀뚿뛀밿뱀뿿/>
<쀀쐿쑀엿였쟿저쩿쪀쿿/>
<퀀툿퉀퐿푀휿흀/>
<豈錄鹿ﬀנּﭿﮀﯿ﴿/>
<︿﹀ﹿﺿﻀ＿｀ｿﾀﺀﷰ/>
<�/>

<𐀀𐄀𐄿𐌀𐌿𐍀𐎿𐏀𐒀/>
<𒀀𒀿𒁀𒉿𒊀𒐀𒐿𒒀𒒿/>
<𗀀𗀿𗁀𗇿𗈀𗗿𗘀𗢿𗣀𗿿/>
<𛀀𛃿𝀀𝀿𝁀𝄀𝄿𝈀𝈿𝌀𝌿/>
<𞸀🀀🀿🂿🄀🄿🚀/>

<力>
<א/>
<س/>
<अ/>
<அ/>
<அ/>
<𐍑/>
<🪐/>
<😀/>
</力>

<ÀÖØöøÿĀĿŀſƀƿǀǿƀƿǀǿȀȿɀɿʀʿˀ˿/>
<ͰͽͿ΀οπϿ/>
<ЀпрѿҠҀҿӀӿԀԿՀտրֿ׀׿/>

<؀ؿـٿڀڿۀۿ/>
<܀ܿ݀݀ݿ/>
<ހ޿ހ޿/>
<ࠀ࠿ࡀࢿࣀࣿऀिीॿ/>
<ঀিী৿/>
<౿ൿවවເༀཀ྿࿀/>
<ကႠᄀᅀᆿᇀᇿሀሿቀቿኀዀዿጀጿፀ/>
<ᚿᛀក/>
<ᢿᣀ᧿ᨀᨿᩀ᪀/>
<ᰀ᰿᱀ᲀᴀᴿᵀᵿᶀᶿḀḿṀṿẀếỀỿ/>
<ἀἿὀᾀ᾿῀/>
<a⁰ⁿ₀₿℀ℿ⅀ⅿↀ/>
<ⰀⰿⱀⱿⲀⲿⳀ⳿ⴀⴿⵀⶀⷀⷿ/>
<⸀⸿⹀⺀⺿⻀⼀⼿⽀⽿⾀⾿⿀/>
<、みむむみむダㄿㆿ㇀ㇿ㈀㈿㋿㌀㏿/>

<㐀㐿㗿㘀㛀㛿㟀㟿/>
<㠀㠿㡀㤿㥀㨿㩀㬿㭀㯿/>
<㰀㰿㱀㶿㷀㼿㽀㾿㿀㿿/>
<䀀䀿䅀䅿䆀䊿䋀䍿䎀䏿/>
<䐀䕿䖀䙿䚀䝿䞀䟿/>
<䠀䢿䣀䧿䨀䪿䫀䬿䭀䯿/>
<䰀䱿䲀䴿䵀䶿䷀䷿一丿乀伿佀便俀俿/>
<倀忿怀濿瀀翿耀迿退/>
<ꀀꑿꒀ꒿꓀꓿ꔀꙀꟿꩿꪀꬿꭀꯀ가꿿/>
<뀀뚿뛀밿뱀뿿/>
<쀀쐿쑀엿였쟿저쩿쪀쿿/>
<퀀툿퉀퐿푀휿흀/>
<豈錄鹿ﬀנּﭿﮀﯿ﴿/>
<︿﹀ﹿﺿﻀ＿｀ｿﾀﺀﷰ/>
<�/>

<𐀀𐄀𐄿𐌀𐌿𐍀𐎿𐏀𐒀/>
<𒀀𒀿𒁀𒉿𒊀𒐀𒐿𒒀𒒿/>
<𗀀𗀿𗁀𗇿𗈀𗗿𗘀𗢿𗣀𗿿/>
<𛀀𛃿𝀀𝀿𝁀𝄀𝄿𝈀𝈿𝌀𝌿/>
<𞸀🀀🀿🂿🄀🄿🚀/>

<力>
<א/>
<س/>
<अ/>
<அ/>
<அ/>
<𐍑/>
<🪐/>
<😀/>
</力>

<ÀÖØöøÿĀĿŀſƀƿǀǿƀƿǀǿȀȿɀɿʀʿˀ˿/>
<ͰͽͿ΀οπϿ/>
<ЀпрѿҠҀҿӀӿԀԿՀտրֿ׀׿/>

<؀ؿـٿڀڿۀۿ/>
<܀ܿ݀݀ݿ/>
<ހ޿ހ޿/>
<ࠀ࠿ࡀࢿࣀࣿऀिीॿ/>
<ঀিী৿/>
<౿ൿවවເༀཀ྿࿀/>
<ကႠᄀᅀᆿᇀᇿሀሿቀቿኀዀዿጀጿፀ/>
<ᚿᛀក/>
<ᢿᣀ᧿ᨀᨿᩀ᪀/>
<ᰀ᰿᱀ᲀᴀᴿᵀᵿᶀᶿḀḿṀṿẀếỀỿ/>
<ἀἿὀᾀ᾿῀/>
<a⁰ⁿ₀₿℀ℿ⅀ⅿↀ/>
<ⰀⰿⱀⱿⲀⲿⳀ⳿ⴀⴿⵀⶀⷀⷿ/>
<⸀⸿⹀⺀⺿⻀⼀⼿⽀⽿⾀⾿⿀/>
<、みむむみむダㄿㆿ㇀ㇿ㈀㈿㋿㌀㏿/>

<㐀㐿㗿㘀㛀㛿㟀㟿/>
<㠀㠿㡀㤿㥀㨿㩀㬿㭀㯿/>
<㰀㰿㱀㶿㷀㼿㽀㾿㿀㿿/>
<䀀䀿䅀䅿䆀䊿䋀䍿䎀䏿/>
<䐀䕿䖀䙿䚀䝿䞀䟿/>
<䠀䢿䣀䧿䨀䪿䫀䬿䭀䯿/>
<䰀䱿䲀䴿䵀䶿䷀䷿一丿乀伿佀便俀俿/>
<倀忿怀濿瀀翿耀迿退/>
<ꀀꑿꒀ꒿꓀꓿ꔀꙀꟿꩿꪀꬿꭀꯀ가꿿/>
<뀀뚿뛀밿뱀뿿/>
<쀀쐿쑀엿였쟿저쩿쪀쿿/>
<퀀툿퉀퐿푀휿흀/>
<豈錄鹿ﬀנּﭿﮀﯿ﴿/>
<︿﹀ﹿﺿﻀ＿｀ｿﾀﺀﷰ/>
<�/>

<𐀀𐄀𐄿𐌀𐌿𐍀𐎿𐏀𐒀/>
<𒀀𒀿𒁀𒉿𒊀𒐀𒐿𒒀𒒿/>
<𗀀𗀿𗁀𗇿𗈀𗗿𗘀𗢿𗣀𗿿/>
<𛀀𛃿𝀀𝀿𝁀𝄀𝄿𝈀𝈿𝌀𝌿/>
<𞸀🀀🀿🂿🄀🄿🚀/>

<力>
<א/>
<س/>
<अ/>
<அ/>
<அ/>
<𐍑/>
<🪐/>
<😀/>
</力>

<ÀÖØöøÿĀĿŀſƀƿǀǿƀƿǀǿȀȿɀɿʀʿˀ˿/>
<ͰͽͿ΀οπϿ/>
<ЀпрѿҠҀҿӀӿԀԿՀտրֿ׀׿/>

<؀ؿـٿڀڿۀۿ/>
<܀ܿ݀݀ݿ/>
<ހ޿ހ޿/>
<ࠀ࠿ࡀࢿࣀࣿऀिीॿ/>
<ঀিী৿/>
<౿ൿවවເༀཀ྿࿀/>
<ကႠᄀᅀᆿᇀᇿሀሿቀቿኀዀዿጀጿፀ/>
<ᚿᛀក/>
<ᢿᣀ᧿ᨀᨿᩀ᪀/>
<ᰀ᰿᱀ᲀᴀᴿᵀᵿᶀᶿḀḿṀṿẀếỀỿ/>
<ἀἿὀᾀ᾿῀/>
<a⁰ⁿ₀₿℀ℿ⅀ⅿↀ/>
<ⰀⰿⱀⱿⲀⲿⳀ⳿ⴀⴿⵀⶀⷀⷿ/>
<⸀⸿⹀⺀⺿⻀⼀⼿⽀⽿⾀⾿⿀/>
<、みむむみむダㄿㆿ㇀ㇿ㈀㈿㋿㌀㏿/>

<㐀㐿㗿㘀㛀㛿㟀㟿/>
<㠀㠿㡀㤿㥀㨿㩀㬿㭀㯿/>
<㰀㰿㱀㶿㷀㼿㽀㾿㿀㿿/>
<䀀䀿䅀䅿䆀䊿䋀䍿䎀䏿/>
<䐀䕿䖀䙿䚀䝿䞀䟿/>
<䠀䢿䣀䧿䨀䪿䫀䬿䭀䯿/>
<䰀䱿䲀䴿䵀䶿䷀䷿一丿乀伿佀便俀俿/>
<倀忿怀濿瀀翿耀迿退/>
<ꀀꑿꒀ꒿꓀꓿ꔀꙀꟿꩿꪀꬿꭀꯀ가꿿/>
<뀀뚿뛀밿뱀뿿/>
<쀀쐿쑀엿였쟿저쩿쪀쿿/>
<퀀툿퉀퐿푀휿흀/>
<豈錄鹿ﬀנּﭿﮀﯿ﴿/>
<︿﹀ﹿﺿﻀ＿｀ｿﾀﺀﷰ/>
<�/>

<𐀀𐄀𐄿𐌀𐌿𐍀𐎿𐏀𐒀/>
<𒀀𒀿𒁀𒉿𒊀𒐀𒐿𒒀𒒿/>
<𗀀𗀿𗁀𗇿𗈀𗗿𗘀𗢿𗣀𗿿/>
<𛀀𛃿𝀀𝀿𝁀𝄀𝄿𝈀𝈿𝌀𝌿/>
<𞸀🀀🀿🂿🄀🄿🚀/>

<力>
<א/>
<س/>
<अ/>
<அ/>
<அ/>
<𐍑/>
<🪐/>
<😀/>
</力>

<ÀÖØöøÿĀĿŀſƀƿǀǿƀƿǀǿȀȿɀɿʀʿˀ˿/>
<ͰͽͿ΀οπϿ/>
<ЀпрѿҠҀҿӀӿԀԿՀտրֿ׀׿/>

<؀ؿـٿڀڿۀۿ/>
<܀ܿ݀݀ݿ/>
<ހ޿ހ޿/>
<ࠀ࠿ࡀࢿࣀࣿऀिीॿ/>
<ঀিী৿/>
<౿ൿවවເༀཀ྿࿀/>
<ကႠᄀᅀᆿᇀᇿሀሿቀቿኀዀዿጀጿፀ/>
<ᚿᛀក/>
<ᢿᣀ᧿ᨀᨿᩀ᪀/>
<ᰀ᰿᱀ᲀᴀᴿᵀᵿᶀᶿḀḿṀṿẀếỀỿ/>
<ἀἿὀᾀ᾿῀/>
<a⁰ⁿ₀₿℀ℿ⅀ⅿↀ/>
<ⰀⰿⱀⱿⲀⲿⳀ⳿ⴀⴿⵀⶀⷀⷿ/>
<⸀⸿⹀⺀⺿⻀⼀⼿⽀⽿⾀⾿⿀/>
<、みむむみむダㄿㆿ㇀ㇿ㈀㈿㋿㌀㏿/>

<㐀㐿㗿㘀㛀㛿㟀㟿/>
<㠀㠿㡀㤿㥀㨿㩀㬿㭀㯿/>
<㰀㰿㱀㶿㷀㼿㽀㾿㿀㿿/>
<䀀䀿䅀䅿䆀䊿䋀䍿䎀䏿/>
<䐀䕿䖀䙿䚀䝿䞀䟿/>
<䠀䢿䣀䧿䨀䪿䫀䬿䭀䯿/>
<䰀䱿䲀䴿䵀䶿䷀䷿一丿乀伿佀便俀俿/>
<倀忿怀濿瀀翿耀迿退/>
<ꀀꑿꒀ꒿꓀꓿ꔀꙀꟿꩿꪀꬿꭀꯀ가꿿/>
<뀀뚿뛀밿뱀뿿/>
<쀀쐿쑀엿였쟿저쩿쪀쿿/>
<퀀툿퉀퐿푀휿흀/>
<豈錄鹿ﬀנּﭿﮀﯿ﴿/>
<︿﹀ﹿﺿﻀ＿｀ｿﾀﺀﷰ/>
<�/>

<𐀀𐄀𐄿𐌀𐌿𐍀𐎿𐏀𐒀/>
<𒀀𒀿𒁀𒉿𒊀𒐀𒐿𒒀𒒿/>
<𗀀𗀿𗁀𗇿𗈀𗗿𗘀𗢿𗣀𗿿/>
<𛀀𛃿𝀀𝀿𝁀𝄀𝄿𝈀𝈿𝌀𝌿/>
<𞸀🀀🀿🂿🄀🄿🚀/>

<力>
<א/>
<س/>
<अ/>
<அ/>
<அ/>
<𐍑/>
<🪐/>
<😀/>
</力>

<ÀÖØöøÿĀĿŀſƀƿǀǿƀƿǀǿȀȿɀɿʀʿˀ˿/>
<ͰͽͿ΀οπϿ/>
<ЀпрѿҠҀҿӀӿԀԿՀտրֿ׀׿/>

<؀ؿـٿڀڿۀۿ/>
<܀ܿ݀݀ݿ/>
<ހ޿ހ޿/>
<ࠀ࠿ࡀࢿࣀࣿऀिीॿ/>
<ঀিী৿/>
<౿ൿවවເༀཀ྿࿀/>
<ကႠᄀᅀᆿᇀᇿሀሿቀቿኀዀዿጀጿፀ/>
<ᚿᛀក/>
<ᢿᣀ᧿ᨀᨿᩀ᪀/>
<ᰀ᰿᱀ᲀᴀᴿᵀᵿᶀᶿḀḿṀṿẀếỀỿ/>
<ἀἿὀᾀ᾿῀/>
<a⁰ⁿ₀₿℀ℿ⅀ⅿↀ/>
<ⰀⰿⱀⱿⲀⲿⳀ⳿ⴀⴿⵀⶀⷀⷿ/>
<⸀⸿⹀⺀⺿⻀⼀⼿⽀⽿⾀⾿⿀/>
<、みむむみむダㄿㆿ㇀ㇿ㈀㈿㋿㌀㏿/>

<㐀㐿㗿㘀㛀㛿㟀㟿/>
<㠀㠿㡀㤿㥀㨿㩀㬿㭀㯿/>
<㰀㰿㱀㶿㷀㼿㽀㾿㿀㿿/>
<䀀䀿䅀䅿䆀䊿䋀䍿䎀䏿/>
<䐀䕿䖀䙿䚀䝿䞀䟿/>
<䠀䢿䣀䧿䨀䪿䫀䬿䭀䯿/>
<䰀䱿䲀䴿䵀䶿䷀䷿一丿乀伿佀便俀俿/>
<倀忿怀濿瀀翿耀迿退/>
<ꀀꑿꒀ꒿꓀꓿ꔀꙀꟿꩿꪀꬿꭀꯀ가꿿/>
<뀀뚿뛀밿뱀뿿/>
<쀀쐿쑀엿였쟿저쩿쪀쿿/>
<퀀툿퉀퐿푀휿흀/>
<豈錄鹿ﬀנּﭿﮀﯿ﴿/>
<︿﹀ﹿﺿﻀ＿｀ｿﾀﺀﷰ/>
<�/>

<𐀀𐄀𐄿𐌀𐌿𐍀𐎿𐏀𐒀/>
<𒀀𒀿𒁀𒉿𒊀𒐀𒐿𒒀𒒿/>
<𗀀𗀿𗁀𗇿𗈀𗗿𗘀𗢿𗣀𗿿/>
<𛀀𛃿𝀀𝀿𝁀𝄀𝄿𝈀𝈿𝌀𝌿/>
<𞸀🀀🀿🂿🄀🄿🚀/>

<力>
<א/>
<س/>
<अ/>
<அ/>
<அ/>
<𐍑/>
<🪐/>
<😀/>
</力>

<ÀÖØöøÿĀĿŀſƀƿǀǿƀƿǀǿȀȿɀɿʀʿˀ˿/>
<ͰͽͿ΀οπϿ/>
<ЀпрѿҠҀҿӀӿԀԿՀտրֿ׀׿/>

<؀ؿـٿڀڿۀۿ/>
<܀ܿ݀݀ݿ/>
<ހ޿ހ޿/>
<ࠀ࠿ࡀࢿࣀࣿऀिीॿ/>
<ঀিী৿/>
<౿ൿවවເༀཀ྿࿀/>
<ကႠᄀᅀᆿᇀᇿሀሿቀቿኀዀዿጀጿፀ/>
<ᚿᛀក/>
<ᢿᣀ᧿ᨀᨿᩀ᪀/>
<ᰀ᰿᱀ᲀᴀᴿᵀᵿᶀᶿḀḿṀṿẀếỀỿ/>
<ἀἿὀᾀ᾿῀/>
<a⁰ⁿ₀₿℀ℿ⅀ⅿↀ/>
<ⰀⰿⱀⱿⲀⲿⳀ⳿ⴀⴿⵀⶀⷀⷿ/>
<⸀⸿⹀⺀⺿⻀⼀⼿⽀⽿⾀⾿⿀/>
<、みむむみむダㄿㆿ㇀ㇿ㈀㈿㋿㌀㏿/>

<㐀㐿㗿㘀㛀㛿㟀㟿/>
<㠀㠿㡀㤿㥀㨿㩀㬿㭀㯿/>
<㰀㰿㱀㶿㷀㼿㽀㾿㿀㿿/>
<䀀䀿䅀䅿䆀䊿䋀䍿䎀䏿/>
<䐀䕿䖀䙿䚀䝿䞀䟿/>
<䠀䢿䣀䧿䨀䪿䫀䬿䭀䯿/>
<䰀䱿䲀䴿䵀䶿䷀䷿一丿乀伿佀便俀俿/>
<倀忿怀濿瀀翿耀迿退/>
<ꀀꑿꒀ꒿꓀꓿ꔀꙀꟿꩿꪀꬿꭀꯀ가꿿/>
<뀀뚿뛀밿뱀뿿/>
<쀀쐿쑀엿였쟿저쩿쪀쿿/>
<퀀툿퉀퐿푀휿흀/>
<豈錄鹿ﬀנּﭿﮀﯿ﴿/>
<︿﹀ﹿﺿﻀ＿｀ｿﾀﺀﷰ/>
<�/>

<𐀀𐄀𐄿𐌀𐌿𐍀𐎿𐏀𐒀/>
<𒀀𒀿𒁀𒉿𒊀𒐀𒐿𒒀𒒿/>
<𗀀𗀿𗁀𗇿𗈀𗗿𗘀𗢿𗣀𗿿/>
<𛀀𛃿𝀀𝀿𝁀𝄀𝄿𝈀𝈿𝌀𝌿/>
<𞸀🀀🀿🂿🄀🄿🚀/>

<力>
<א/>
<س/>
<अ/>
<அ/>
<அ/>
<𐍑/>
<🪐/>
<😀/>
</力>

<ÀÖØöøÿĀĿŀſƀƿǀǿƀƿǀǿȀȿɀɿʀʿˀ˿/>
<ͰͽͿ΀οπϿ/>
<ЀпрѿҠҀҿӀӿԀԿՀտրֿ׀׿/>

<؀ؿـٿڀڿۀۿ/>
<܀ܿ݀݀ݿ/>
<ހ޿ހ޿/>
<ࠀ࠿ࡀࢿࣀࣿऀिीॿ/>
<ঀিী৿/>
<౿ൿවවເༀཀ྿࿀/>
<ကႠᄀᅀᆿᇀᇿሀሿቀቿኀዀዿጀጿፀ/>
<ᚿᛀក/>
<ᢿᣀ᧿ᨀᨿᩀ᪀/>
<ᰀ᰿᱀ᲀᴀᴿᵀᵿᶀᶿḀḿṀṿẀếỀỿ/>
<ἀἿὀᾀ᾿῀/>
<a⁰ⁿ₀₿℀ℿ⅀ⅿↀ/>
<ⰀⰿⱀⱿⲀⲿⳀ⳿ⴀⴿⵀⶀⷀⷿ/>
<⸀⸿⹀⺀⺿⻀⼀⼿⽀⽿⾀⾿⿀/>
<、みむむみむダㄿㆿ㇀ㇿ㈀㈿㋿㌀㏿/>

<㐀㐿㗿㘀㛀㛿㟀㟿/>
<㠀㠿㡀㤿㥀㨿㩀㬿㭀㯿/>
<㰀㰿㱀㶿㷀㼿㽀㾿㿀㿿/>
<䀀䀿䅀䅿䆀䊿䋀䍿䎀䏿/>
<䐀䕿䖀䙿䚀䝿䞀䟿/>
<䠀䢿䣀䧿䨀䪿䫀䬿䭀䯿/>
<䰀䱿䲀䴿䵀䶿䷀䷿一丿乀伿佀便俀俿/>
<倀忿怀濿瀀翿耀迿退/>
<ꀀꑿꒀ꒿꓀꓿ꔀꙀꟿꩿꪀꬿꭀꯀ가꿿/>
<뀀뚿뛀밿뱀뿿/>
<쀀쐿쑀엿였쟿저쩿쪀쿿/>
<퀀툿퉀퐿푀휿흀/>
<豈錄鹿ﬀנּﭿﮀﯿ﴿/>
<︿﹀ﹿﺿﻀ＿｀ｿﾀﺀﷰ/>
<�/>

<𐀀𐄀𐄿𐌀𐌿𐍀𐎿𐏀𐒀/>
<𒀀𒀿𒁀𒉿𒊀𒐀𒐿𒒀𒒿/>
<𗀀𗀿𗁀𗇿𗈀𗗿𗘀𗢿𗣀𗿿/>
<𛀀𛃿𝀀𝀿𝁀𝄀𝄿𝈀𝈿𝌀𝌿/>
<𞸀🀀🀿🂿🄀🄿🚀/>

<力>
<א/>
<س/>
<अ/>
<அ/>
<அ/>
<𐍑/>
<🪐/>
<😀/>
</力>

<ÀÖØöøÿĀĿŀſƀƿǀǿƀƿǀǿȀȿɀɿʀʿˀ˿/>
<ͰͽͿ΀οπϿ/>
<ЀпрѿҠҀҿӀӿԀԿՀտրֿ׀׿/>

<؀ؿـٿڀڿۀۿ/>
<܀ܿ݀݀ݿ/>
<ހ޿ހ޿/>
<ࠀ࠿ࡀࢿࣀࣿऀिीॿ/>
<ঀিী৿/>
<౿ൿවවເༀཀ྿࿀/>
<ကႠᄀᅀᆿᇀᇿሀሿቀቿኀዀዿጀጿፀ/>
<ᚿᛀក/>
<ᢿᣀ᧿ᨀᨿᩀ᪀/>
<ᰀ᰿᱀ᲀᴀᴿᵀᵿᶀᶿḀḿṀṿẀếỀỿ/>
<ἀἿὀᾀ᾿῀/>
<a⁰ⁿ₀₿℀ℿ⅀ⅿↀ/>
<ⰀⰿⱀⱿⲀⲿⳀ⳿ⴀⴿⵀⶀⷀⷿ/>
<⸀⸿⹀⺀⺿⻀⼀⼿⽀⽿⾀⾿⿀/>
<、みむむみむダㄿㆿ㇀ㇿ㈀㈿㋿㌀㏿/>

<㐀㐿㗿㘀㛀㛿㟀㟿/>
<㠀㠿㡀㤿㥀㨿㩀㬿㭀㯿/>
<㰀㰿㱀㶿㷀㼿㽀㾿㿀㿿/>
<䀀䀿䅀䅿䆀䊿䋀䍿䎀䏿/>
<䐀䕿䖀䙿䚀䝿䞀䟿/>
<䠀䢿䣀䧿䨀䪿䫀䬿䭀䯿/>
<䰀䱿䲀䴿䵀䶿䷀䷿一丿乀伿佀便俀俿/>
<倀忿怀濿瀀翿耀迿退/>
<ꀀꑿꒀ꒿꓀꓿ꔀꙀꟿꩿꪀꬿꭀꯀ가꿿/>
<뀀뚿뛀밿뱀뿿/>
<쀀쐿쑀엿였쟿저쩿쪀쿿/>
<퀀툿퉀퐿푀휿흀/>
<豈錄鹿ﬀנּﭿﮀﯿ﴿/>
<︿﹀ﹿﺿﻀ＿｀ｿﾀﺀﷰ/>
<�/>

<𐀀𐄀𐄿𐌀𐌿𐍀𐎿𐏀𐒀/>
<𒀀𒀿𒁀𒉿𒊀𒐀𒐿𒒀𒒿/>
<𗀀𗀿𗁀𗇿𗈀𗗿𗘀𗢿𗣀𗿿/>
<𛀀𛃿𝀀𝀿𝁀𝄀𝄿𝈀𝈿𝌀𝌿/>
<𞸀🀀🀿🂿🄀🄿🚀/>

<力>
<א/>
<س/>
<अ/>
<அ/>
<அ/>
<𐍑/>
<🪐/>
<😀/>
</力>

<ÀÖØöøÿĀĿŀſƀƿǀǿƀƿǀǿȀȿɀɿʀʿˀ˿/>
<ͰͽͿ΀οπϿ/>
<ЀпрѿҠҀҿӀӿԀԿՀտրֿ׀׿/>

<؀ؿـٿڀڿۀۿ/>
<܀ܿ݀݀ݿ/>
<ހ޿ހ޿/>
<ࠀ࠿ࡀࢿࣀࣿऀिीॿ/>
<ঀিী৿/>
<౿ൿවවເༀཀ྿࿀/>
<ကႠᄀᅀᆿᇀᇿሀሿቀቿኀዀዿጀጿፀ/>
<ᚿᛀក/>
<ᢿᣀ᧿ᨀᨿᩀ᪀/>
<ᰀ᰿᱀ᲀᴀᴿᵀᵿᶀᶿḀḿṀṿẀếỀỿ/>
<ἀἿὀᾀ᾿῀/>
<a⁰ⁿ₀₿℀ℿ⅀ⅿↀ/>
<ⰀⰿⱀⱿⲀⲿⳀ⳿ⴀⴿⵀⶀⷀⷿ/>
<⸀⸿⹀⺀⺿⻀⼀⼿⽀⽿⾀⾿⿀/>
<、みむむみむダㄿㆿ㇀ㇿ㈀㈿㋿㌀㏿/>

<㐀㐿㗿㘀㛀㛿㟀㟿/>
<㠀㠿㡀㤿㥀㨿㩀㬿㭀㯿/>
<㰀㰿㱀㶿㷀㼿㽀㾿㿀㿿/>
<䀀䀿䅀䅿䆀䊿䋀䍿䎀䏿/>
<䐀䕿䖀䙿䚀䝿䞀䟿/>
<䠀䢿䣀䧿䨀䪿䫀䬿䭀䯿/>
<䰀䱿䲀䴿䵀䶿䷀䷿一丿乀伿佀便俀俿/>
<倀忿怀濿瀀翿耀迿退/>
<ꀀꑿꒀ꒿꓀꓿ꔀꙀꟿꩿꪀꬿꭀꯀ가꿿/>
<뀀뚿뛀밿뱀뿿/>
<쀀쐿쑀엿였쟿저쩿쪀쿿/>
<퀀툿퉀퐿푀휿흀/>
<豈錄鹿ﬀנּﭿﮀﯿ﴿/>
<︿﹀ﹿﺿﻀ＿｀ｿﾀﺀﷰ/>
<�/>

<𐀀𐄀𐄿𐌀𐌿𐍀𐎿𐏀𐒀/>
<𒀀𒀿𒁀𒉿𒊀𒐀𒐿𒒀𒒿/>
<𗀀𗀿𗁀𗇿𗈀𗗿𗘀𗢿𗣀𗿿/>
<𛀀𛃿𝀀𝀿𝁀𝄀𝄿𝈀𝈿𝌀𝌿/>
<𞸀🀀🀿🂿🄀🄿🚀/>

<力>
<א/>
<س/>
<अ/>
<அ/>
<அ/>
<𐍑/>
<🪐/>
<😀/>
</力>

<ÀÖØöøÿĀĿŀſƀƿǀǿƀƿǀǿȀȿɀɿʀʿˀ˿/>
<ͰͽͿ΀οπϿ/>
<ЀпрѿҠҀҿӀӿԀԿՀտրֿ׀׿/>

<؀ؿـٿڀڿۀۿ/>
<܀ܿ݀݀ݿ/>
<ހ޿ހ޿/>
<ࠀ࠿ࡀࢿࣀࣿऀिीॿ/>
<ঀিী৿/>
<౿ൿවවເༀཀ྿࿀/>
<ကႠᄀᅀᆿᇀᇿሀሿቀቿኀዀዿጀጿፀ/>
<ᚿᛀក/>
<ᢿᣀ᧿ᨀᨿᩀ᪀/>
<ᰀ᰿᱀ᲀᴀᴿᵀᵿᶀᶿḀḿṀṿẀếỀỿ/>
<ἀἿὀᾀ᾿῀/>
<a⁰ⁿ₀₿℀ℿ⅀ⅿↀ/>
<ⰀⰿⱀⱿⲀⲿⳀ⳿ⴀⴿⵀⶀⷀⷿ/>
<⸀⸿⹀⺀⺿⻀⼀⼿⽀⽿⾀⾿⿀/>
<、みむむみむダㄿㆿ㇀ㇿ㈀㈿㋿㌀㏿/>

<㐀㐿㗿㘀㛀㛿㟀㟿/>
<㠀㠿㡀㤿㥀㨿㩀㬿㭀㯿/>
<㰀㰿㱀㶿㷀㼿㽀㾿㿀㿿/>
<䀀䀿䅀䅿䆀䊿䋀䍿䎀䏿/>
<䐀䕿䖀䙿䚀䝿䞀䟿/>
<䠀䢿䣀䧿䨀䪿䫀䬿䭀䯿/>
<䰀䱿䲀䴿䵀䶿䷀䷿一丿乀伿佀便俀俿/>
<倀忿怀濿瀀翿耀迿退/>
<ꀀꑿꒀ꒿꓀꓿ꔀꙀꟿꩿꪀꬿꭀꯀ가꿿/>
<뀀뚿뛀밿뱀뿿/>
<쀀쐿쑀엿였쟿저쩿쪀쿿/>
<퀀툿퉀퐿푀휿흀/>
<豈錄鹿ﬀנּﭿﮀﯿ﴿/>
<︿﹀ﹿﺿﻀ＿｀ｿﾀﺀﷰ/>
<�/>

<𐀀𐄀𐄿𐌀𐌿𐍀𐎿𐏀𐒀/>
<𒀀𒀿𒁀𒉿𒊀𒐀𒐿𒒀𒒿/>
<𗀀𗀿𗁀𗇿𗈀𗗿𗘀𗢿𗣀𗿿/>
<𛀀𛃿𝀀𝀿𝁀𝄀𝄿𝈀𝈿𝌀𝌿/>
<𞸀🀀🀿🂿🄀🄿🚀/>

<力>
<א/>
<س/>
<अ/>
<அ/>
<அ/>
<𐍑/>
<🪐/>
<😀/>
</力>

<ÀÖØöøÿĀĿŀſƀƿǀǿƀƿǀǿȀȿɀɿʀʿˀ˿/>
<ͰͽͿ΀οπϿ/>
<ЀпрѿҠҀҿӀӿԀԿՀտրֿ׀׿/>

<؀ؿـٿڀڿۀۿ/>
<܀ܿ݀݀ݿ/>
<ހ޿ހ޿/>
<ࠀ࠿ࡀࢿࣀࣿऀिीॿ/>
<ঀিী৿/>
<౿ൿවවເༀཀ྿࿀/>
<ကႠᄀᅀᆿᇀᇿሀሿቀቿኀዀዿጀጿፀ/>
<ᚿᛀក/>
<ᢿᣀ᧿ᨀᨿᩀ᪀/>
<ᰀ᰿᱀ᲀᴀᴿᵀᵿᶀᶿḀḿṀṿẀếỀỿ/>
<ἀἿὀᾀ᾿῀/>
<a⁰ⁿ₀₿℀ℿ⅀ⅿↀ/>
<ⰀⰿⱀⱿⲀⲿⳀ⳿ⴀⴿⵀⶀⷀⷿ/>
<⸀⸿⹀⺀⺿⻀⼀⼿⽀⽿⾀⾿⿀/>
<、みむむみむダㄿㆿ㇀ㇿ㈀㈿㋿㌀㏿/>

<㐀㐿㗿㘀㛀㛿㟀㟿/>
<㠀㠿㡀㤿㥀㨿㩀㬿㭀㯿/>
<㰀㰿㱀㶿㷀㼿㽀㾿㿀㿿/>
<䀀䀿䅀䅿䆀䊿䋀䍿䎀䏿/>
<䐀䕿䖀䙿䚀䝿䞀䟿/>
<䠀䢿䣀䧿䨀䪿䫀䬿䭀䯿/>
<䰀䱿䲀䴿䵀䶿䷀䷿一丿乀伿佀便俀俿/>
<倀忿怀濿瀀翿耀迿退/>
<ꀀꑿꒀ꒿꓀꓿ꔀꙀꟿꩿꪀꬿꭀꯀ가꿿/>
<뀀뚿뛀밿뱀뿿/>
<쀀쐿쑀엿였쟿저쩿쪀쿿/>
<퀀툿퉀퐿푀휿흀/>
<豈錄鹿ﬀנּﭿﮀﯿ﴿/>
<︿﹀ﹿﺿﻀ＿｀ｿﾀﺀﷰ/>
<�/>

<𐀀𐄀𐄿𐌀𐌿𐍀𐎿𐏀𐒀/>
<𒀀𒀿𒁀𒉿𒊀𒐀𒐿𒒀𒒿/>
<𗀀𗀿𗁀𗇿𗈀𗗿𗘀𗢿𗣀𗿿/>
<𛀀𛃿𝀀𝀿𝁀𝄀𝄿𝈀𝈿𝌀𝌿/>
<𞸀🀀🀿🂿🄀🄿🚀/>

<力>
<א/>
<س/>
<अ/>
<அ/>
<அ/>
<𐍑/>
<🪐/>
<😀/>
</力>

<ÀÖØöøÿĀĿŀſƀƿǀǿƀƿǀǿȀȿɀɿʀʿˀ˿/>
<ͰͽͿ΀οπϿ/>
<ЀпрѿҠҀҿӀӿԀԿՀտրֿ׀׿/>

<؀ؿـٿڀڿۀۿ/>
<܀ܿ݀݀ݿ/>
<ހ޿ހ޿/>
<ࠀ࠿ࡀࢿࣀࣿऀिीॿ/>
<ঀিী৿/>
<౿ൿවවເༀཀ྿࿀/>
<ကႠᄀᅀᆿᇀᇿሀሿቀቿኀዀዿጀጿፀ/>
<ᚿᛀក/>
<ᢿᣀ᧿ᨀᨿᩀ᪀/>
<ᰀ᰿᱀ᲀᴀᴿᵀᵿᶀᶿḀḿṀṿẀếỀỿ/>
<ἀἿὀᾀ᾿῀/>
<a⁰ⁿ₀₿℀ℿ⅀ⅿↀ/>
<ⰀⰿⱀⱿⲀⲿⳀ⳿ⴀⴿⵀⶀⷀⷿ/>
<⸀⸿⹀⺀⺿⻀⼀⼿⽀⽿⾀⾿⿀/>
<、みむむみむダㄿㆿ㇀ㇿ㈀㈿㋿㌀㏿/>

<㐀㐿㗿㘀㛀㛿㟀㟿/>
<㠀㠿㡀㤿㥀㨿㩀㬿㭀㯿/>
<㰀㰿㱀㶿㷀㼿㽀㾿㿀㿿/>
<䀀䀿䅀䅿䆀䊿䋀䍿䎀䏿/>
<䐀䕿䖀䙿䚀䝿䞀䟿/>
<䠀䢿䣀䧿䨀䪿䫀䬿䭀䯿/>
<䰀䱿䲀䴿䵀䶿䷀䷿一丿乀伿佀便俀俿/>
<倀忿怀濿瀀翿耀迿退/>
<ꀀꑿꒀ꒿꓀꓿ꔀꙀꟿꩿꪀꬿꭀꯀ가꿿/>
<뀀뚿뛀밿뱀뿿/>
<쀀쐿쑀엿였쟿저쩿쪀쿿/>
<퀀툿퉀퐿푀휿흀/>
<豈錄鹿ﬀנּﭿﮀﯿ﴿/>
<︿﹀ﹿﺿﻀ＿｀ｿﾀﺀﷰ/>
<�/>

<𐀀𐄀𐄿𐌀𐌿𐍀𐎿𐏀𐒀/>
<𒀀𒀿𒁀𒉿𒊀𒐀𒐿𒒀𒒿/>
<𗀀𗀿𗁀𗇿𗈀𗗿𗘀𗢿𗣀𗿿/>
<𛀀𛃿𝀀𝀿𝁀𝄀𝄿𝈀𝈿𝌀𝌿/>
<𞸀🀀🀿🂿🄀🄿🚀/>

<力>
<א/>
<س/>
<अ/>
<அ/>
<அ/>
<𐍑/>
<🪐/>
<😀/>
</力>

<ÀÖØöøÿĀĿŀſƀƿǀǿƀƿǀǿȀȿɀɿʀʿˀ˿/>
<ͰͽͿ΀οπϿ/>
<ЀпрѿҠҀҿӀӿԀԿՀտրֿ׀׿/>

<؀ؿـٿڀڿۀۿ/>
<܀ܿ݀݀ݿ/>
<ހ޿ހ޿/>
<ࠀ࠿ࡀࢿࣀࣿऀिीॿ/>
<ঀিী৿/>
<౿ൿවවເༀཀ྿࿀/>
<ကႠᄀᅀᆿᇀᇿሀሿቀቿኀዀዿጀጿፀ/>
<ᚿᛀក/>
<ᢿᣀ᧿ᨀᨿᩀ᪀/>
<ᰀ᰿᱀ᲀᴀᴿᵀᵿᶀᶿḀḿṀṿẀếỀỿ/>
<ἀἿὀᾀ᾿῀/>
<a⁰ⁿ₀₿℀ℿ⅀ⅿↀ/>
<ⰀⰿⱀⱿⲀⲿⳀ⳿ⴀⴿⵀⶀⷀⷿ/>
<⸀⸿⹀⺀⺿⻀⼀⼿⽀⽿⾀⾿⿀/>
<、みむむみむダㄿㆿ㇀ㇿ㈀㈿㋿㌀㏿/>

<㐀㐿㗿㘀㛀㛿㟀㟿/>
<㠀㠿㡀㤿㥀㨿㩀㬿㭀㯿/>
<㰀㰿㱀㶿㷀㼿㽀㾿㿀㿿/>
<䀀䀿䅀䅿䆀䊿䋀䍿䎀䏿/>
<䐀䕿䖀䙿䚀䝿䞀䟿/>
<䠀䢿䣀䧿䨀䪿䫀䬿䭀䯿/>
<䰀䱿䲀䴿䵀䶿䷀䷿一丿乀伿佀便俀俿/>
<倀忿怀濿瀀翿耀迿退/>
<ꀀꑿꒀ꒿꓀꓿ꔀꙀꟿꩿꪀꬿꭀꯀ가꿿/>
<뀀뚿뛀밿뱀뿿/>
<쀀쐿쑀엿였쟿저쩿쪀쿿/>
<퀀툿퉀퐿푀휿흀/>
<豈錄鹿ﬀנּﭿﮀﯿ﴿/>
<︿﹀ﹿﺿﻀ＿｀ｿﾀﺀﷰ/>
<�/>

<𐀀𐄀𐄿𐌀𐌿𐍀𐎿𐏀𐒀/>
<𒀀𒀿𒁀𒉿𒊀𒐀𒐿𒒀𒒿/>
<𗀀𗀿𗁀𗇿𗈀𗗿𗘀𗢿𗣀𗿿/>
<𛀀𛃿𝀀𝀿𝁀𝄀𝄿𝈀𝈿𝌀𝌿/>
<𞸀🀀🀿🂿🄀🄿🚀/>

<力>
<א/>
<س/>
<अ/>
<அ/>
<அ/>
<𐍑/>
<🪐/>
<😀/>
</力>

<ÀÖØöøÿĀĿŀſƀƿǀǿƀƿǀǿȀȿɀɿʀʿˀ˿/>
<ͰͽͿ΀οπϿ/>
<ЀпрѿҠҀҿӀӿԀԿՀտրֿ׀׿/>

<؀ؿـٿڀڿۀۿ/>
<܀ܿ݀݀ݿ/>
<ހ޿ހ޿/>
<ࠀ࠿ࡀࢿࣀࣿऀिीॿ/>
<ঀিী৿/>
<౿ൿවවເༀཀ྿࿀/>
<ကႠᄀᅀᆿᇀᇿሀሿቀቿኀዀዿጀጿፀ/>
<ᚿᛀក/>
<ᢿᣀ᧿ᨀᨿᩀ᪀/>
<ᰀ᰿᱀ᲀᴀᴿᵀᵿᶀᶿḀḿṀṿẀếỀỿ/>
<ἀἿὀᾀ᾿῀/>
<a⁰ⁿ₀₿℀ℿ⅀ⅿↀ/>
<ⰀⰿⱀⱿⲀⲿⳀ⳿ⴀⴿⵀⶀⷀⷿ/>
<⸀⸿⹀⺀⺿⻀⼀⼿⽀⽿⾀⾿⿀/>
<、みむむみむダㄿㆿ㇀ㇿ㈀㈿㋿㌀㏿/>

<㐀㐿㗿㘀㛀㛿㟀㟿/>
<㠀㠿㡀㤿㥀㨿㩀㬿㭀㯿/>
<㰀㰿㱀㶿㷀㼿㽀㾿㿀㿿/>
<䀀䀿䅀䅿䆀䊿䋀䍿䎀䏿/>
<䐀䕿䖀䙿䚀䝿䞀䟿/>
<䠀䢿䣀䧿䨀䪿䫀䬿䭀䯿/>
<䰀䱿䲀䴿䵀䶿䷀䷿一丿乀伿佀便俀俿/>
<倀忿怀濿瀀翿耀迿退/>
<ꀀꑿꒀ꒿꓀꓿ꔀꙀꟿꩿꪀꬿꭀꯀ가꿿/>
<뀀뚿뛀밿뱀뿿/>
<쀀쐿쑀엿였쟿저쩿쪀쿿/>
<퀀툿퉀퐿푀휿흀/>
<豈錄鹿ﬀנּﭿﮀﯿ﴿/>
<︿﹀ﹿﺿﻀ＿｀ｿﾀﺀﷰ/>
<�/>

<𐀀𐄀𐄿𐌀𐌿𐍀𐎿𐏀𐒀/>
<𒀀𒀿𒁀𒉿𒊀𒐀𒐿𒒀𒒿/>
<𗀀𗀿𗁀𗇿𗈀𗗿𗘀𗢿𗣀𗿿/>
<𛀀𛃿𝀀𝀿𝁀𝄀𝄿𝈀𝈿𝌀𝌿/>
<𞸀🀀🀿🂿🄀🄿🚀/>

<力>
<א/>
<س/>
<अ/>
<அ/>
<அ/>
<𐍑/>
<🪐/>
<😀/>
</力>

<ÀÖØöøÿĀĿŀſƀƿǀǿƀƿǀǿȀȿɀɿʀʿˀ˿/>
<ͰͽͿ΀οπϿ/>
<ЀпрѿҠҀҿӀӿԀԿՀտրֿ׀׿/>

<؀ؿـٿڀڿۀۿ/>
<܀ܿ݀݀ݿ/>
<ހ޿ހ޿/>
<ࠀ࠿ࡀࢿࣀࣿऀिीॿ/>
<ঀিী৿/>
<౿ൿවවເༀཀ྿࿀/>
<ကႠᄀᅀᆿᇀᇿሀሿቀቿኀዀዿጀጿፀ/>
<ᚿᛀក/>
<ᢿᣀ᧿ᨀᨿᩀ᪀/>
<ᰀ᰿᱀ᲀᴀᴿᵀᵿᶀᶿḀḿṀṿẀếỀỿ/>
<ἀἿὀᾀ᾿῀/>
<a⁰ⁿ₀₿℀ℿ⅀ⅿↀ/>
<ⰀⰿⱀⱿⲀⲿⳀ⳿ⴀⴿⵀⶀⷀⷿ/>
<⸀⸿⹀⺀⺿⻀⼀⼿⽀⽿⾀⾿⿀/>
<、みむむみむダㄿㆿ㇀ㇿ㈀㈿㋿㌀㏿/>

<㐀㐿㗿㘀㛀㛿㟀㟿/>
<㠀㠿㡀㤿㥀㨿㩀㬿㭀㯿/>
<㰀㰿㱀㶿㷀㼿㽀㾿㿀㿿/>
<䀀䀿䅀䅿䆀䊿䋀䍿䎀䏿/>
<䐀䕿䖀䙿䚀䝿䞀䟿/>
<䠀䢿䣀䧿䨀䪿䫀䬿䭀䯿/>
<䰀䱿䲀䴿䵀䶿䷀䷿一丿乀伿佀便俀俿/>
<倀忿怀濿瀀翿耀迿退/>
<ꀀꑿꒀ꒿꓀꓿ꔀꙀꟿꩿꪀꬿꭀꯀ가꿿/>
<뀀뚿뛀밿뱀뿿/>
<쀀쐿쑀엿였쟿저쩿쪀쿿/>
<퀀툿퉀퐿푀휿흀/>
<豈錄鹿ﬀנּﭿﮀﯿ﴿/>
<︿﹀ﹿﺿﻀ＿｀ｿﾀﺀﷰ/>
<�/>

<𐀀𐄀𐄿𐌀𐌿𐍀𐎿𐏀𐒀/>
<𒀀𒀿𒁀𒉿𒊀𒐀𒐿𒒀𒒿/>
<𗀀𗀿𗁀𗇿𗈀𗗿𗘀𗢿𗣀𗿿/>
<𛀀𛃿𝀀𝀿𝁀𝄀𝄿𝈀𝈿𝌀𝌿/>
<𞸀🀀🀿🂿🄀🄿🚀/>

<力>
<א/>
<س/>
<अ/>
<அ/>
<அ/>
<𐍑/>
<🪐/>
<😀/>
</力>

<ÀÖØöøÿĀĿŀſƀƿǀǿƀƿǀǿȀȿɀɿʀʿˀ˿/>
<ͰͽͿ΀οπϿ/>
<ЀпрѿҠҀҿӀӿԀԿՀտրֿ׀׿/>

<؀ؿـٿڀڿۀۿ/>
<܀ܿ݀݀ݿ/>
<ހ޿ހ޿/>
<ࠀ࠿ࡀࢿࣀࣿऀिीॿ/>
<ঀিী৿/>
<౿ൿවවເༀཀ྿࿀/>
<ကႠᄀᅀᆿᇀᇿሀሿቀቿኀዀዿጀጿፀ/>
<ᚿᛀក/>
<ᢿᣀ᧿ᨀᨿᩀ᪀/>
<ᰀ᰿᱀ᲀᴀᴿᵀᵿᶀᶿḀḿṀṿẀếỀỿ/>
<ἀἿὀᾀ᾿῀/>
<a⁰ⁿ₀₿℀ℿ⅀ⅿↀ/>
<ⰀⰿⱀⱿⲀⲿⳀ⳿ⴀⴿⵀⶀⷀⷿ/>
<⸀⸿⹀⺀⺿⻀⼀⼿⽀⽿⾀⾿⿀/>
<、みむむみむダㄿㆿ㇀ㇿ㈀㈿㋿㌀㏿/>

<㐀㐿㗿㘀㛀㛿㟀㟿/>
<㠀㠿㡀㤿㥀㨿㩀㬿㭀㯿/>
<㰀㰿㱀㶿㷀㼿㽀㾿㿀㿿/>
<䀀䀿䅀䅿䆀䊿䋀䍿䎀䏿/>
<䐀䕿䖀䙿䚀䝿䞀䟿/>
<䠀䢿䣀䧿䨀䪿䫀䬿䭀䯿/>
<䰀䱿䲀䴿䵀䶿䷀䷿一丿乀伿佀便俀俿/>
<倀忿怀濿瀀翿耀迿退/>
<ꀀꑿꒀ꒿꓀꓿ꔀꙀꟿꩿꪀꬿꭀꯀ가꿿/>
<뀀뚿뛀밿뱀뿿/>
<쀀쐿쑀엿였쟿저쩿쪀쿿/>
<퀀툿퉀퐿푀휿흀/>
<豈錄鹿ﬀנּﭿﮀﯿ﴿/>
<︿﹀ﹿﺿﻀ＿｀ｿﾀﺀﷰ/>
<�/>

<𐀀𐄀𐄿𐌀𐌿𐍀𐎿𐏀𐒀/>
<𒀀𒀿𒁀𒉿𒊀𒐀𒐿𒒀𒒿/>
<𗀀𗀿𗁀𗇿𗈀𗗿𗘀𗢿𗣀𗿿/>
<𛀀𛃿𝀀𝀿𝁀𝄀𝄿𝈀𝈿𝌀𝌿/>
<𞸀🀀🀿🂿🄀🄿🚀/>

<力>
<א/>
<س/>
<अ/>
<அ/>
<அ/>
<𐍑/>
<🪐/>
<😀/>
</力>

<ÀÖØöøÿĀĿŀſƀƿǀǿƀƿǀǿȀȿɀɿʀʿˀ˿/>
<ͰͽͿ΀οπϿ/>
<ЀпрѿҠҀҿӀӿԀԿՀտրֿ׀׿/>

<؀ؿـٿڀڿۀۿ/>
<܀ܿ݀݀ݿ/>
<ހ޿ހ޿/>
<ࠀ࠿ࡀࢿࣀࣿऀिीॿ/>
<ঀিী৿/>
<౿ൿවවເༀཀ྿࿀/>
<ကႠᄀᅀᆿᇀᇿሀሿቀቿኀዀዿጀጿፀ/>
<ᚿᛀក/>
<ᢿᣀ᧿ᨀᨿᩀ᪀/>
<ᰀ᰿᱀ᲀᴀᴿᵀᵿᶀᶿḀḿṀṿẀếỀỿ/>
<ἀἿὀᾀ᾿῀/>
<a⁰ⁿ₀₿℀ℿ⅀ⅿↀ/>
<ⰀⰿⱀⱿⲀⲿⳀ⳿ⴀⴿⵀⶀⷀⷿ/>
<⸀⸿⹀⺀⺿⻀⼀⼿⽀⽿⾀⾿⿀/>
<、みむむみむダㄿㆿ㇀ㇿ㈀㈿㋿㌀㏿/>

<㐀㐿㗿㘀㛀㛿㟀㟿/>
<㠀㠿㡀㤿㥀㨿㩀㬿㭀㯿/>
<㰀㰿㱀㶿㷀㼿㽀㾿㿀㿿/>
<䀀䀿䅀䅿䆀䊿䋀䍿䎀䏿/>
<䐀䕿䖀䙿䚀䝿䞀䟿/>
<䠀䢿䣀䧿䨀䪿䫀䬿䭀䯿/>
<䰀䱿䲀䴿䵀䶿䷀䷿一丿乀伿佀便俀俿/>
<倀忿怀濿瀀翿耀迿退/>
<ꀀꑿꒀ꒿꓀꓿ꔀꙀꟿꩿꪀꬿꭀꯀ가꿿/>
<뀀뚿뛀밿뱀뿿/>
<쀀쐿쑀엿였쟿저쩿쪀쿿/>
<퀀툿퉀퐿푀휿흀/>
<豈錄鹿ﬀנּﭿﮀﯿ﴿/>
<︿﹀ﹿﺿﻀ＿｀ｿﾀﺀﷰ/>
<�/>

<𐀀𐄀𐄿𐌀𐌿𐍀𐎿𐏀𐒀/>
<𒀀𒀿𒁀𒉿𒊀𒐀𒐿𒒀𒒿/>
<𗀀𗀿𗁀𗇿𗈀𗗿𗘀𗢿𗣀𗿿/>
<𛀀𛃿𝀀𝀿𝁀𝄀𝄿𝈀𝈿𝌀𝌿/>
<𞸀🀀🀿🂿🄀🄿🚀/>

<力>
<א/>
<س/>
<अ/>
<அ/>
<அ/>
<𐍑/>
<🪐/>
<😀/>
</力>

<ÀÖØöøÿĀĿŀſƀƿǀǿƀƿǀǿȀȿɀɿʀʿˀ˿/>
<ͰͽͿ΀οπϿ/>
<ЀпрѿҠҀҿӀӿԀԿՀտրֿ׀׿/>

<؀ؿـٿڀڿۀۿ/>
<܀ܿ݀݀ݿ/>
<ހ޿ހ޿/>
<ࠀ࠿ࡀࢿࣀࣿऀिीॿ/>
<ঀিী৿/>
<౿ൿවවເༀཀ྿࿀/>
<ကႠᄀᅀᆿᇀᇿሀሿቀቿኀዀዿጀጿፀ/>
<ᚿᛀក/>
<ᢿᣀ᧿ᨀᨿᩀ᪀/>
<ᰀ᰿᱀ᲀᴀᴿᵀᵿᶀᶿḀḿṀṿẀếỀỿ/>
<ἀἿὀᾀ᾿῀/>
<a⁰ⁿ₀₿℀ℿ⅀ⅿↀ/>
<ⰀⰿⱀⱿⲀⲿⳀ⳿ⴀⴿⵀⶀⷀⷿ/>
<⸀⸿⹀⺀⺿⻀⼀⼿⽀⽿⾀⾿⿀/>
<、みむむみむダㄿㆿ㇀ㇿ㈀㈿㋿㌀㏿/>

<㐀㐿㗿㘀㛀㛿㟀㟿/>
<㠀㠿㡀㤿㥀㨿㩀㬿㭀㯿/>
<㰀㰿㱀㶿㷀㼿㽀㾿㿀㿿/>
<䀀䀿䅀䅿䆀䊿䋀䍿䎀䏿/>
<䐀䕿䖀䙿䚀䝿䞀䟿/>
<䠀䢿䣀䧿䨀䪿䫀䬿䭀䯿/>
<䰀䱿䲀䴿䵀䶿䷀䷿一丿乀伿佀便俀俿/>
<倀忿怀濿瀀翿耀迿退/>
<ꀀꑿꒀ꒿꓀꓿ꔀꙀꟿꩿꪀꬿꭀꯀ가꿿/>
<뀀뚿뛀밿뱀뿿/>
<쀀쐿쑀엿였쟿저쩿쪀쿿/>
<퀀툿퉀퐿푀휿흀/>
<豈錄鹿ﬀנּﭿﮀﯿ﴿/>
<︿﹀ﹿﺿﻀ＿｀ｿﾀﺀﷰ/>
<�/>

<𐀀𐄀𐄿𐌀𐌿𐍀𐎿𐏀𐒀/>
<𒀀𒀿𒁀𒉿𒊀𒐀𒐿𒒀𒒿/>
<𗀀𗀿𗁀𗇿𗈀𗗿𗘀𗢿𗣀𗿿/>
<𛀀𛃿𝀀𝀿𝁀𝄀𝄿𝈀𝈿𝌀𝌿/>
<𞸀🀀🀿🂿🄀🄿🚀/>

<力>
<א/>
<س/>
<अ/>
<அ/>
<அ/>
<𐍑/>
<🪐/>
<😀/>
</力>

<ÀÖØöøÿĀĿŀſƀƿǀǿƀƿǀǿȀȿɀɿʀʿˀ˿/>
<ͰͽͿ΀οπϿ/>
<ЀпрѿҠҀҿӀӿԀԿՀտրֿ׀׿/>

<؀ؿـٿڀڿۀۿ/>
<܀ܿ݀݀ݿ/>
<ހ޿ހ޿/>
<ࠀ࠿ࡀࢿࣀࣿऀिीॿ/>
<ঀিী৿/>
<౿ൿවවເༀཀ྿࿀/>
<ကႠᄀᅀᆿᇀᇿሀሿቀቿኀዀዿጀጿፀ/>
<ᚿᛀក/>
<ᢿᣀ᧿ᨀᨿᩀ᪀/>
<ᰀ᰿᱀ᲀᴀᴿᵀᵿᶀᶿḀḿṀṿẀếỀỿ/>
<ἀἿὀᾀ᾿῀/>
<a⁰ⁿ₀₿℀ℿ⅀ⅿↀ/>
<ⰀⰿⱀⱿⲀⲿⳀ⳿ⴀⴿⵀⶀⷀⷿ/>
<⸀⸿⹀⺀⺿⻀⼀⼿⽀⽿⾀⾿⿀/>
<、みむむみむダㄿㆿ㇀ㇿ㈀㈿㋿㌀㏿/>

<㐀㐿㗿㘀㛀㛿㟀㟿/>
<㠀㠿㡀㤿㥀㨿㩀㬿㭀㯿/>
<㰀㰿㱀㶿㷀㼿㽀㾿㿀㿿/>
<䀀䀿䅀䅿䆀䊿䋀䍿䎀䏿/>
<䐀䕿䖀䙿䚀䝿䞀䟿/>
<䠀䢿䣀䧿䨀䪿䫀䬿䭀䯿/>
<䰀䱿䲀䴿䵀䶿䷀䷿一丿乀伿佀便俀俿/>
<倀忿怀濿瀀翿耀迿退/>
<ꀀꑿꒀ꒿꓀꓿ꔀꙀꟿꩿꪀꬿꭀꯀ가꿿/>
<뀀뚿뛀밿뱀뿿/>
<쀀쐿쑀엿였쟿저쩿쪀쿿/>
<퀀툿퉀퐿푀휿흀/>
<豈錄鹿ﬀנּﭿﮀﯿ﴿/>
<︿﹀ﹿﺿﻀ＿｀ｿﾀﺀﷰ/>
<�/>

<𐀀𐄀𐄿𐌀𐌿𐍀𐎿𐏀𐒀/>
<𒀀𒀿𒁀𒉿𒊀𒐀𒐿𒒀𒒿/>
<𗀀𗀿𗁀𗇿𗈀𗗿𗘀𗢿𗣀𗿿/>
<𛀀𛃿𝀀𝀿𝁀𝄀𝄿𝈀𝈿𝌀𝌿/>
<𞸀🀀🀿🂿🄀🄿🚀/>

<力>
<א/>
<س/>
<अ/>
<அ/>
<அ/>
<𐍑/>
<🪐/>
<😀/>
</力>

<ÀÖØöøÿĀĿŀſƀƿǀǿƀƿǀǿȀȿɀɿʀʿˀ˿/>
<ͰͽͿ΀οπϿ/>
<ЀпрѿҠҀҿӀӿԀԿՀտրֿ׀׿/>

<؀ؿـٿڀڿۀۿ/>
<܀ܿ݀݀ݿ/>
<ހ޿ހ޿/>
<ࠀ࠿ࡀࢿࣀࣿऀिीॿ/>
<ঀিী৿/>
<౿ൿවවເༀཀ྿࿀/>
<ကႠᄀᅀᆿᇀᇿሀሿቀቿኀዀዿጀጿፀ/>
<ᚿᛀក/>
<ᢿᣀ᧿ᨀᨿᩀ᪀/>
<ᰀ᰿᱀ᲀᴀᴿᵀᵿᶀᶿḀḿṀṿẀếỀỿ/>
<ἀἿὀᾀ᾿῀/>
<a⁰ⁿ₀₿℀ℿ⅀ⅿↀ/>
<ⰀⰿⱀⱿⲀⲿⳀ⳿ⴀⴿⵀⶀⷀⷿ/>
<⸀⸿⹀⺀⺿⻀⼀⼿⽀⽿⾀⾿⿀/>
<、みむむみむダㄿㆿ㇀ㇿ㈀㈿㋿㌀㏿/>

<㐀㐿㗿㘀㛀㛿㟀㟿/>
<㠀㠿㡀㤿㥀㨿㩀㬿㭀㯿/>
<㰀㰿㱀㶿㷀㼿㽀㾿㿀㿿/>
<䀀䀿䅀䅿䆀䊿䋀䍿䎀䏿/>
<䐀䕿䖀䙿䚀䝿䞀䟿/>
<䠀䢿䣀䧿䨀䪿䫀䬿䭀䯿/>
<䰀䱿䲀䴿䵀䶿䷀䷿一丿乀伿佀便俀俿/>
<倀忿怀濿瀀翿耀迿退/>
<ꀀꑿꒀ꒿꓀꓿ꔀꙀꟿꩿꪀꬿꭀꯀ가꿿/>
<뀀뚿뛀밿뱀뿿/>
<쀀쐿쑀엿였쟿저쩿쪀쿿/>
<퀀툿퉀퐿푀휿흀/>
<豈錄鹿ﬀנּﭿﮀﯿ﴿/>
<︿﹀ﹿﺿﻀ＿｀ｿﾀﺀﷰ/>
<�/>

<𐀀𐄀𐄿𐌀𐌿𐍀𐎿𐏀𐒀/>
<𒀀𒀿𒁀𒉿𒊀𒐀𒐿𒒀𒒿/>
<𗀀𗀿𗁀𗇿𗈀𗗿𗘀𗢿𗣀𗿿/>
<𛀀𛃿𝀀𝀿𝁀𝄀𝄿𝈀𝈿𝌀𝌿/>
<𞸀🀀🀿🂿🄀🄿🚀/>

<力>
<א/>
<س/>
<अ/>
<அ/>
<அ/>
<𐍑/>
<🪐/>
<😀/>
</力>

<ÀÖØöøÿĀĿŀſƀƿǀǿƀƿǀǿȀȿɀɿʀʿˀ˿/>
<ͰͽͿ΀οπϿ/>
<ЀпрѿҠҀҿӀӿԀԿՀտրֿ׀׿/>

<؀ؿـٿڀڿۀۿ/>
<܀ܿ݀݀ݿ/>
<ހ޿ހ޿/>
<ࠀ࠿ࡀࢿࣀࣿऀिीॿ/>
<ঀিী৿/>
<౿ൿවවເༀཀ྿࿀/>
<ကႠᄀᅀᆿᇀᇿሀሿቀቿኀዀዿጀጿፀ/>
<ᚿᛀក/>
<ᢿᣀ᧿ᨀᨿᩀ᪀/>
<ᰀ᰿᱀ᲀᴀᴿᵀᵿᶀᶿḀḿṀṿẀếỀỿ/>
<ἀἿὀᾀ᾿῀/>
<a⁰ⁿ₀₿℀ℿ⅀ⅿↀ/>
<ⰀⰿⱀⱿⲀⲿⳀ⳿ⴀⴿⵀⶀⷀⷿ/>
<⸀⸿⹀⺀⺿⻀⼀⼿⽀⽿⾀⾿⿀/>
<、みむむみむダㄿㆿ㇀ㇿ㈀㈿㋿㌀㏿/>

<㐀㐿㗿㘀㛀㛿㟀㟿/>
<㠀㠿㡀㤿㥀㨿㩀㬿㭀㯿/>
<㰀㰿㱀㶿㷀㼿㽀㾿㿀㿿/>
<䀀䀿䅀䅿䆀䊿䋀䍿䎀䏿/>
<䐀䕿䖀䙿䚀䝿䞀䟿/>
<䠀䢿䣀䧿䨀䪿䫀䬿䭀䯿/>
<䰀䱿䲀䴿䵀䶿䷀䷿一丿乀伿佀便俀俿/>
<倀忿怀濿瀀翿耀迿退/>
<ꀀꑿꒀ꒿꓀꓿ꔀꙀꟿꩿꪀꬿꭀꯀ가꿿/>
<뀀뚿뛀밿뱀뿿/>
<쀀쐿쑀엿였쟿저쩿쪀쿿/>
<퀀툿퉀퐿푀휿흀/>
<豈錄鹿ﬀנּﭿﮀﯿ﴿/>
<︿﹀ﹿﺿﻀ＿｀ｿﾀﺀﷰ/>
<�/>

<𐀀𐄀𐄿𐌀𐌿𐍀𐎿𐏀𐒀/>
<𒀀𒀿𒁀𒉿𒊀𒐀𒐿𒒀𒒿/>
<𗀀𗀿𗁀𗇿𗈀𗗿𗘀𗢿𗣀𗿿/>
<𛀀𛃿𝀀𝀿𝁀𝄀𝄿𝈀𝈿𝌀𝌿/>
<𞸀🀀🀿🂿🄀🄿🚀/>

<力>
<א/>
<س/>
<अ/>
<அ/>
<அ/>
<𐍑/>
<🪐/>
<😀/>
</力>

<ÀÖØöøÿĀĿŀſƀƿǀǿƀƿǀǿȀȿɀɿʀʿˀ˿/>
<ͰͽͿ΀οπϿ/>
<ЀпрѿҠҀҿӀӿԀԿՀտրֿ׀׿/>

<؀ؿـٿڀڿۀۿ/>
<܀ܿ݀݀ݿ/>
<ހ޿ހ޿/>
<ࠀ࠿ࡀࢿࣀࣿऀिीॿ/>
<ঀিী৿/>
<౿ൿවවເༀཀ྿࿀/>
<ကႠᄀᅀᆿᇀᇿሀሿቀቿኀዀዿጀጿፀ/>
<ᚿᛀក/>
<ᢿᣀ᧿ᨀᨿᩀ᪀/>
<ᰀ᰿᱀ᲀᴀᴿᵀᵿᶀᶿḀḿṀṿẀếỀỿ/>
<ἀἿὀᾀ᾿῀/>
<a⁰ⁿ₀₿℀ℿ⅀ⅿↀ/>
<ⰀⰿⱀⱿⲀⲿⳀ⳿ⴀⴿⵀⶀⷀⷿ/>
<⸀⸿⹀⺀⺿⻀⼀⼿⽀⽿⾀⾿⿀/>
<、みむむみむダㄿㆿ㇀ㇿ㈀㈿㋿㌀㏿/>

<㐀㐿㗿㘀㛀㛿㟀㟿/>
<㠀㠿㡀㤿㥀㨿㩀㬿㭀㯿/>
<㰀㰿㱀㶿㷀㼿㽀㾿㿀㿿/>
<䀀䀿䅀䅿䆀䊿䋀䍿䎀䏿/>
<䐀䕿䖀䙿䚀䝿䞀䟿/>
<䠀䢿䣀䧿䨀䪿䫀䬿䭀䯿/>
<䰀䱿䲀䴿䵀䶿䷀䷿一丿乀伿佀便俀俿/>
<倀忿怀濿瀀翿耀迿退/>
<ꀀꑿꒀ꒿꓀꓿ꔀꙀꟿꩿꪀꬿꭀꯀ가꿿/>
<뀀뚿뛀밿뱀뿿/>
<쀀쐿쑀엿였쟿저쩿쪀쿿/>
<퀀툿퉀퐿푀휿흀/>
<豈錄鹿ﬀנּﭿﮀﯿ﴿/>
<︿﹀ﹿﺿﻀ＿｀ｿﾀﺀﷰ/>
<�/>

<𐀀𐄀𐄿𐌀𐌿𐍀𐎿𐏀𐒀/>
<𒀀𒀿𒁀𒉿𒊀𒐀𒐿𒒀𒒿/>
<𗀀𗀿𗁀𗇿𗈀𗗿𗘀𗢿𗣀𗿿/>
<𛀀𛃿𝀀𝀿𝁀𝄀𝄿𝈀𝈿𝌀𝌿/>
<𞸀🀀🀿🂿🄀🄿🚀/>

<力>
<א/>
<س/>
<अ/>
<அ/>
<அ/>
<𐍑/>
<🪐/>
<😀/>
</力>

<ÀÖØöøÿĀĿŀſƀƿǀǿƀƿǀǿȀȿɀɿʀʿˀ˿/>
<ͰͽͿ΀οπϿ/>
<ЀпрѿҠҀҿӀӿԀԿՀտրֿ׀׿/>

<؀ؿـٿڀڿۀۿ/>
<܀ܿ݀݀ݿ/>
<ހ޿ހ޿/>
<ࠀ࠿ࡀࢿࣀࣿऀिीॿ/>
<ঀিী৿/>
<౿ൿවවເༀཀ྿࿀/>
<ကႠᄀᅀᆿᇀᇿሀሿቀቿኀዀዿጀጿፀ/>
<ᚿᛀក/>
<ᢿᣀ᧿ᨀᨿᩀ᪀/>
<ᰀ᰿᱀ᲀᴀᴿᵀᵿᶀᶿḀḿṀṿẀếỀỿ/>
<ἀἿὀᾀ᾿῀/>
<a⁰ⁿ₀₿℀ℿ⅀ⅿↀ/>
<ⰀⰿⱀⱿⲀⲿⳀ⳿ⴀⴿⵀⶀⷀⷿ/>
<⸀⸿⹀⺀⺿⻀⼀⼿⽀⽿⾀⾿⿀/>
<、みむむみむダㄿㆿ㇀ㇿ㈀㈿㋿㌀㏿/>

<㐀㐿㗿㘀㛀㛿㟀㟿/>
<㠀㠿㡀㤿㥀㨿㩀㬿㭀㯿/>
<㰀㰿㱀㶿㷀㼿㽀㾿㿀㿿/>
<䀀䀿䅀䅿䆀䊿䋀䍿䎀䏿/>
<䐀䕿䖀䙿䚀䝿䞀䟿/>
<䠀䢿䣀䧿䨀䪿䫀䬿䭀䯿/>
<䰀䱿䲀䴿䵀䶿䷀䷿一丿乀伿佀便俀俿/>
<倀忿怀濿瀀翿耀迿退/>
<ꀀꑿꒀ꒿꓀꓿ꔀꙀꟿꩿꪀꬿꭀꯀ가꿿/>
<뀀뚿뛀밿뱀뿿/>
<쀀쐿쑀엿였쟿저쩿쪀쿿/>
<퀀툿퉀퐿푀휿흀/>
<豈錄鹿ﬀנּﭿﮀﯿ﴿/>
<︿﹀ﹿﺿﻀ＿｀ｿﾀﺀﷰ/>
<�/>

<𐀀𐄀𐄿𐌀𐌿𐍀𐎿𐏀𐒀/>
<𒀀𒀿𒁀𒉿𒊀𒐀𒐿𒒀𒒿/>
<𗀀𗀿𗁀𗇿𗈀𗗿𗘀𗢿𗣀𗿿/>
<𛀀𛃿𝀀𝀿𝁀𝄀𝄿𝈀𝈿𝌀𝌿/>
<𞸀🀀🀿🂿🄀🄿🚀/>

<力>
<א/>
<س/>
<अ/>
<அ/>
<அ/>
<𐍑/>
<🪐/>
<😀/>
</力>

<ÀÖØöøÿĀĿŀſƀƿǀǿƀƿǀǿȀȿɀɿʀʿˀ˿/>
<ͰͽͿ΀οπϿ/>
<ЀпрѿҠҀҿӀӿԀԿՀտրֿ׀׿/>

<؀ؿـٿڀڿۀۿ/>
<܀ܿ݀݀ݿ/>
<ހ޿ހ޿/>
<ࠀ࠿ࡀࢿࣀࣿऀिीॿ/>
<ঀিী৿/>
<౿ൿවවເༀཀ྿࿀/>
<ကႠᄀᅀᆿᇀᇿሀሿቀቿኀዀዿጀጿፀ/>
<ᚿᛀក/>
<ᢿᣀ᧿ᨀᨿᩀ᪀/>
<ᰀ᰿᱀ᲀᴀᴿᵀᵿᶀᶿḀḿṀṿẀếỀỿ/>
<ἀἿὀᾀ᾿῀/>
<a⁰ⁿ₀₿℀ℿ⅀ⅿↀ/>
<ⰀⰿⱀⱿⲀⲿⳀ⳿ⴀⴿⵀⶀⷀⷿ/>
<⸀⸿⹀⺀⺿⻀⼀⼿⽀⽿⾀⾿⿀/>
<、みむむみむダㄿㆿ㇀ㇿ㈀㈿㋿㌀㏿/>

<㐀㐿㗿㘀㛀㛿㟀㟿/>
<㠀㠿㡀㤿㥀㨿㩀㬿㭀㯿/>
<㰀㰿㱀㶿㷀㼿㽀㾿㿀㿿/>
<䀀䀿䅀䅿䆀䊿䋀䍿䎀䏿/>
<䐀䕿䖀䙿䚀䝿䞀䟿/>
<䠀䢿䣀䧿䨀䪿䫀䬿䭀䯿/>
<䰀䱿䲀䴿䵀䶿䷀䷿一丿乀伿佀便俀俿/>
<倀忿怀濿瀀翿耀迿退/>
<ꀀꑿꒀ꒿꓀꓿ꔀꙀꟿꩿꪀꬿꭀꯀ가꿿/>
<뀀뚿뛀밿뱀뿿/>
<쀀쐿쑀엿였쟿저쩿쪀쿿/>
<퀀툿퉀퐿푀휿흀/>
<豈錄鹿ﬀנּﭿﮀﯿ﴿/>
<︿﹀ﹿﺿﻀ＿｀ｿﾀﺀﷰ/>
<�/>

<𐀀𐄀𐄿𐌀𐌿𐍀𐎿𐏀𐒀/>
<𒀀𒀿𒁀𒉿𒊀𒐀𒐿𒒀𒒿/>
<𗀀𗀿𗁀𗇿𗈀𗗿𗘀𗢿𗣀𗿿/>
<𛀀𛃿𝀀𝀿𝁀𝄀𝄿𝈀𝈿𝌀𝌿/>
<𞸀🀀🀿🂿🄀🄿🚀/>

<力>
<א/>
<س/>
<अ/>
<அ/>
<அ/>
<𐍑/>
<🪐/>
<😀/>
</力>

<ÀÖØöøÿĀĿŀſƀƿǀǿƀƿǀǿȀȿɀɿʀʿˀ˿/>
<ͰͽͿ΀οπϿ/>
<ЀпрѿҠҀҿӀӿԀԿՀտրֿ׀׿/>

<؀ؿـٿڀڿۀۿ/>
<܀ܿ݀݀ݿ/>
<ހ޿ހ޿/>
<ࠀ࠿ࡀࢿࣀࣿऀिीॿ/>
<ঀিী৿/>
<౿ൿවවເༀཀ྿࿀/>
<ကႠᄀᅀᆿᇀᇿሀሿቀቿኀዀዿጀጿፀ/>
<ᚿᛀក/>
<ᢿᣀ᧿ᨀᨿᩀ᪀/>
<ᰀ᰿᱀ᲀᴀᴿᵀᵿᶀᶿḀḿṀṿẀếỀỿ/>
<ἀἿὀᾀ᾿῀/>
<a⁰ⁿ₀₿℀ℿ⅀ⅿↀ/>
<ⰀⰿⱀⱿⲀⲿⳀ⳿ⴀⴿⵀⶀⷀⷿ/>
<⸀⸿⹀⺀⺿⻀⼀⼿⽀⽿⾀⾿⿀/>
<、みむむみむダㄿㆿ㇀ㇿ㈀㈿㋿㌀㏿/>

<㐀㐿㗿㘀㛀㛿㟀㟿/>
<㠀㠿㡀㤿㥀㨿㩀㬿㭀㯿/>
<㰀㰿㱀㶿㷀㼿㽀㾿㿀㿿/>
<䀀䀿䅀䅿䆀䊿䋀䍿䎀䏿/>
<䐀䕿䖀䙿䚀䝿䞀䟿/>
<䠀䢿䣀䧿䨀䪿䫀䬿䭀䯿/>
<䰀䱿䲀䴿䵀䶿䷀䷿一丿乀伿佀便俀俿/>
<倀忿怀濿瀀翿耀迿退/>
<ꀀꑿꒀ꒿꓀꓿ꔀꙀꟿꩿꪀꬿꭀꯀ가꿿/>
<뀀뚿뛀밿뱀뿿/>
<쀀쐿쑀엿였쟿저쩿쪀쿿/>
<퀀툿퉀퐿푀휿흀/>
<豈錄鹿ﬀנּﭿﮀﯿ﴿/>
<︿﹀ﹿﺿﻀ＿｀ｿﾀﺀﷰ/>
<�/>

<𐀀𐄀𐄿𐌀𐌿𐍀𐎿𐏀𐒀/>
<𒀀𒀿𒁀𒉿𒊀𒐀𒐿𒒀𒒿/>
<𗀀𗀿𗁀𗇿𗈀𗗿𗘀𗢿𗣀𗿿/>
<𛀀𛃿𝀀𝀿𝁀𝄀𝄿𝈀𝈿𝌀𝌿/>
<𞸀🀀🀿🂿🄀🄿🚀/>

<力>
<א/>
<س/>
<अ/>
<அ/>
<அ/>
<𐍑/>
<🪐/>
<😀/>
</力>

<ÀÖØöøÿĀĿŀſƀƿǀǿƀƿǀǿȀȿɀɿʀʿˀ˿/>
<ͰͽͿ΀οπϿ/>
<ЀпрѿҠҀҿӀӿԀԿՀտրֿ׀׿/>

<؀ؿـٿڀڿۀۿ/>
<܀ܿ݀݀ݿ/>
<ހ޿ހ޿/>
<ࠀ࠿ࡀࢿࣀࣿऀिीॿ/>
<ঀিী৿/>
<౿ൿවවເༀཀ྿࿀/>
<ကႠᄀᅀᆿᇀᇿሀሿቀቿኀዀዿጀጿፀ/>
<ᚿᛀក/>
<ᢿᣀ᧿ᨀᨿᩀ᪀/>
<ᰀ᰿᱀ᲀᴀᴿᵀᵿᶀᶿḀḿṀṿẀếỀỿ/>
<ἀἿὀᾀ᾿῀/>
<a⁰ⁿ₀₿℀ℿ⅀ⅿↀ/>
<ⰀⰿⱀⱿⲀⲿⳀ⳿ⴀⴿⵀⶀⷀⷿ/>
<⸀⸿⹀⺀⺿⻀⼀⼿⽀⽿⾀⾿⿀/>
<、みむむみむダㄿㆿ㇀ㇿ㈀㈿㋿㌀㏿/>

<㐀㐿㗿㘀㛀㛿㟀㟿/>
<㠀㠿㡀㤿㥀㨿㩀㬿㭀㯿/>
<㰀㰿㱀㶿㷀㼿㽀㾿㿀㿿/>
<䀀䀿䅀䅿䆀䊿䋀䍿䎀䏿/>
<䐀䕿䖀䙿䚀䝿䞀䟿/>
<䠀䢿䣀䧿䨀䪿䫀䬿䭀䯿/>
<䰀䱿䲀䴿䵀䶿䷀䷿一丿乀伿佀便俀俿/>
<倀忿怀濿瀀翿耀迿退/>
<ꀀꑿꒀ꒿꓀꓿ꔀꙀꟿꩿꪀꬿꭀꯀ가꿿/>
<뀀뚿뛀밿뱀뿿/>
<쀀쐿쑀엿였쟿저쩿쪀쿿/>
<퀀툿퉀퐿푀휿흀/>
<豈錄鹿ﬀנּﭿﮀﯿ﴿/>
<︿﹀ﹿﺿﻀ＿｀ｿﾀﺀﷰ/>
<�/>

<𐀀𐄀𐄿𐌀𐌿𐍀𐎿𐏀𐒀/>
<𒀀𒀿𒁀𒉿𒊀𒐀𒐿𒒀𒒿/>
<𗀀𗀿𗁀𗇿𗈀𗗿𗘀𗢿𗣀𗿿/>
<𛀀𛃿𝀀𝀿𝁀𝄀𝄿𝈀𝈿𝌀𝌿/>
<𞸀🀀🀿🂿🄀🄿🚀/>

<力>
<א/>
<س/>
<अ/>
<அ/>
<அ/>
<𐍑/>
<🪐/>
<😀/>
</力>

<ÀÖØöøÿĀĿŀſƀƿǀǿƀƿǀǿȀȿɀɿʀʿˀ˿/>
<ͰͽͿ΀οπϿ/>
<ЀпрѿҠҀҿӀӿԀԿՀտրֿ׀׿/>

<؀ؿـٿڀڿۀۿ/>
<܀ܿ݀݀ݿ/>
<ހ޿ހ޿/>
<ࠀ࠿ࡀࢿࣀࣿऀिीॿ/>
<ঀিী৿/>
<౿ൿවවເༀཀ྿࿀/>
<ကႠᄀᅀᆿᇀᇿሀሿቀቿኀዀዿጀጿፀ/>
<ᚿᛀក/>
<ᢿᣀ᧿ᨀᨿᩀ᪀/>
<ᰀ᰿᱀ᲀᴀᴿᵀᵿᶀᶿḀḿṀṿẀếỀỿ/>
<ἀἿὀᾀ᾿῀/>
<a⁰ⁿ₀₿℀ℿ⅀ⅿↀ/>
<ⰀⰿⱀⱿⲀⲿⳀ⳿ⴀⴿⵀⶀⷀⷿ/>
<⸀⸿⹀⺀⺿⻀⼀⼿⽀⽿⾀⾿⿀/>
<、みむむみむダㄿㆿ㇀ㇿ㈀㈿㋿㌀㏿/>

<㐀㐿㗿㘀㛀㛿㟀㟿/>
<㠀㠿㡀㤿㥀㨿㩀㬿㭀㯿/>
<㰀㰿㱀㶿㷀㼿㽀㾿㿀㿿/>
<䀀䀿䅀䅿䆀䊿䋀䍿䎀䏿/>
<䐀䕿䖀䙿䚀䝿䞀䟿/>
<䠀䢿䣀䧿䨀䪿䫀䬿䭀䯿/>
<䰀䱿䲀䴿䵀䶿䷀䷿一丿乀伿佀便俀俿/>
<倀忿怀濿瀀翿耀迿退/>
<ꀀꑿꒀ꒿꓀꓿ꔀꙀꟿꩿꪀꬿꭀꯀ가꿿/>
<뀀뚿뛀밿뱀뿿/>
<쀀쐿쑀엿였쟿저쩿쪀쿿/>
<퀀툿퉀퐿푀휿흀/>
<豈錄鹿ﬀנּﭿﮀﯿ﴿/>
<︿﹀ﹿﺿﻀ＿｀ｿﾀﺀﷰ/>
<�/>

<𐀀𐄀𐄿𐌀𐌿𐍀𐎿𐏀𐒀/>
<𒀀𒀿𒁀𒉿𒊀𒐀𒐿𒒀𒒿/>
<𗀀𗀿𗁀𗇿𗈀𗗿𗘀𗢿𗣀𗿿/>
<𛀀𛃿𝀀𝀿𝁀𝄀𝄿𝈀𝈿𝌀𝌿/>
<𞸀🀀🀿🂿🄀🄿🚀/>

<力>
<א/>
<س/>
<अ/>
<அ/>
<அ/>
<𐍑/>
<🪐/>
<😀/>
</力>

<ÀÖØöøÿĀĿŀſƀƿǀǿƀƿǀǿȀȿɀɿʀʿˀ˿/>
<ͰͽͿ΀οπϿ/>
<ЀпрѿҠҀҿӀӿԀԿՀտրֿ׀׿/>

<؀ؿـٿڀڿۀۿ/>
<܀ܿ݀݀ݿ/>
<ހ޿ހ޿/>
<ࠀ࠿ࡀࢿࣀࣿऀिीॿ/>
<ঀিী৿/>
<౿ൿවවເༀཀ྿࿀/>
<ကႠᄀᅀᆿᇀᇿሀሿቀቿኀዀዿጀጿፀ/>
<ᚿᛀក/>
<ᢿᣀ᧿ᨀᨿᩀ᪀/>
<ᰀ᰿᱀ᲀᴀᴿᵀᵿᶀᶿḀḿṀṿẀếỀỿ/>
<ἀἿὀᾀ᾿῀/>
<a⁰ⁿ₀₿℀ℿ⅀ⅿↀ/>
<ⰀⰿⱀⱿⲀⲿⳀ⳿ⴀⴿⵀⶀⷀⷿ/>
<⸀⸿⹀⺀⺿⻀⼀⼿⽀⽿⾀⾿⿀/>
<、みむむみむダㄿㆿ㇀ㇿ㈀㈿㋿㌀㏿/>

<㐀㐿㗿㘀㛀㛿㟀㟿/>
<㠀㠿㡀㤿㥀㨿㩀㬿㭀㯿/>
<㰀㰿㱀㶿㷀㼿㽀㾿㿀㿿/>
<䀀䀿䅀䅿䆀䊿䋀䍿䎀䏿/>
<䐀䕿䖀䙿䚀䝿䞀䟿/>
<䠀䢿䣀䧿䨀䪿䫀䬿䭀䯿/>
<䰀䱿䲀䴿䵀䶿䷀䷿一丿乀伿佀便俀俿/>
<倀忿怀濿瀀翿耀迿退/>
<ꀀꑿꒀ꒿꓀꓿ꔀꙀꟿꩿꪀꬿꭀꯀ가꿿/>
<뀀뚿뛀밿뱀뿿/>
<쀀쐿쑀엿였쟿저쩿쪀쿿/>
<퀀툿퉀퐿푀휿흀/>
<豈錄鹿ﬀנּﭿﮀﯿ﴿/>
<︿﹀ﹿﺿﻀ＿｀ｿﾀﺀﷰ/>
<�/>

<𐀀𐄀𐄿𐌀𐌿𐍀𐎿𐏀𐒀/>
<𒀀𒀿𒁀𒉿𒊀𒐀𒐿𒒀𒒿/>
<𗀀𗀿𗁀𗇿𗈀𗗿𗘀𗢿𗣀𗿿/>
<𛀀𛃿𝀀𝀿𝁀𝄀𝄿𝈀𝈿𝌀𝌿/>
<𞸀🀀🀿🂿🄀🄿🚀/>

<力>
<א/>
<س/>
<अ/>
<அ/>
<அ/>
<𐍑/>
<🪐/>
<😀/>
</力>

<ÀÖØöøÿĀĿŀſƀƿǀǿƀƿǀǿȀȿɀɿʀʿˀ˿/>
<ͰͽͿ΀οπϿ/>
<ЀпрѿҠҀҿӀӿԀԿՀտրֿ׀׿/>

<؀ؿـٿڀڿۀۿ/>
<܀ܿ݀݀ݿ/>
<ހ޿ހ޿/>
<ࠀ࠿ࡀࢿࣀࣿऀिीॿ/>
<ঀিী৿/>
<౿ൿවවເༀཀ྿࿀/>
<ကႠᄀᅀᆿᇀᇿሀሿቀቿኀዀዿጀጿፀ/>
<ᚿᛀក/>
<ᢿᣀ᧿ᨀᨿᩀ᪀/>
<ᰀ᰿᱀ᲀᴀᴿᵀᵿᶀᶿḀḿṀṿẀếỀỿ/>
<ἀἿὀᾀ᾿῀/>
<a⁰ⁿ₀₿℀ℿ⅀ⅿↀ/>
<ⰀⰿⱀⱿⲀⲿⳀ⳿ⴀⴿⵀⶀⷀⷿ/>
<⸀⸿⹀⺀⺿⻀⼀⼿⽀⽿⾀⾿⿀/>
<、みむむみむダㄿㆿ㇀ㇿ㈀㈿㋿㌀㏿/>

<㐀㐿㗿㘀㛀㛿㟀㟿/>
<㠀㠿㡀㤿㥀㨿㩀㬿㭀㯿/>
<㰀㰿㱀㶿㷀㼿㽀㾿㿀㿿/>
<䀀䀿䅀䅿䆀䊿䋀䍿䎀䏿/>
<䐀䕿䖀䙿䚀䝿䞀䟿/>
<䠀䢿䣀䧿䨀䪿䫀䬿䭀䯿/>
<䰀䱿䲀䴿䵀䶿䷀䷿一丿乀伿佀便俀俿/>
<倀忿怀濿瀀翿耀迿退/>
<ꀀꑿꒀ꒿꓀꓿ꔀꙀꟿꩿꪀꬿꭀꯀ가꿿/>
<뀀뚿뛀밿뱀뿿/>
<쀀쐿쑀엿였쟿저쩿쪀쿿/>
<퀀툿퉀퐿푀휿흀/>
<豈錄鹿ﬀנּﭿﮀﯿ﴿/>
<︿﹀ﹿﺿﻀ＿｀ｿﾀﺀﷰ/>
<�/>

<𐀀𐄀𐄿𐌀𐌿𐍀𐎿𐏀𐒀/>
<𒀀𒀿𒁀𒉿𒊀𒐀𒐿𒒀𒒿/>
<𗀀𗀿𗁀𗇿𗈀𗗿𗘀𗢿𗣀𗿿/>
<𛀀𛃿𝀀𝀿𝁀𝄀𝄿𝈀𝈿𝌀𝌿/>
<𞸀🀀🀿🂿🄀🄿🚀/>

<力>
<א/>
<س/>
<अ/>
<அ/>
<அ/>
<𐍑/>
<🪐/>
<😀/>
</力>

<ÀÖØöøÿĀĿŀſƀƿǀǿƀƿǀǿȀȿɀɿʀʿˀ˿/>
<ͰͽͿ΀οπϿ/>
<ЀпрѿҠҀҿӀӿԀԿՀտրֿ׀׿/>

<؀ؿـٿڀڿۀۿ/>
<܀ܿ݀݀ݿ/>
<ހ޿ހ޿/>
<ࠀ࠿ࡀࢿࣀࣿऀिीॿ/>
<ঀিী৿/>
<౿ൿවවເༀཀ྿࿀/>
<ကႠᄀᅀᆿᇀᇿሀሿቀቿኀዀዿጀጿፀ/>
<ᚿᛀក/>
<ᢿᣀ᧿ᨀᨿᩀ᪀/>
<ᰀ᰿᱀ᲀᴀᴿᵀᵿᶀᶿḀḿṀṿẀếỀỿ/>
<ἀἿὀᾀ᾿῀/>
<a⁰ⁿ₀₿℀ℿ⅀ⅿↀ/>
<ⰀⰿⱀⱿⲀⲿⳀ⳿ⴀⴿⵀⶀⷀⷿ/>
<⸀⸿⹀⺀⺿⻀⼀⼿⽀⽿⾀⾿⿀/>
<、みむむみむダㄿㆿ㇀ㇿ㈀㈿㋿㌀㏿/>

<㐀㐿㗿㘀㛀㛿㟀㟿/>
<㠀㠿㡀㤿㥀㨿㩀㬿㭀㯿/>
<㰀㰿㱀㶿㷀㼿㽀㾿㿀㿿/>
<䀀䀿䅀䅿䆀䊿䋀䍿䎀䏿/>
<䐀䕿䖀䙿䚀䝿䞀䟿/>
<䠀䢿䣀䧿䨀䪿䫀䬿䭀䯿/>
<䰀䱿䲀䴿䵀䶿䷀䷿一丿乀伿佀便俀俿/>
<倀忿怀濿瀀翿耀迿退/>
<ꀀꑿꒀ꒿꓀꓿ꔀꙀꟿꩿꪀꬿꭀꯀ가꿿/>
<뀀뚿뛀밿뱀뿿/>
<쀀쐿쑀엿였쟿저쩿쪀쿿/>
<퀀툿퉀퐿푀휿흀/>
<豈錄鹿ﬀנּﭿﮀﯿ﴿/>
<︿﹀ﹿﺿﻀ＿｀ｿﾀﺀﷰ/>
<�/>

<𐀀𐄀𐄿𐌀𐌿𐍀𐎿𐏀𐒀/>
<𒀀𒀿𒁀𒉿𒊀𒐀𒐿𒒀𒒿/>
<𗀀𗀿𗁀𗇿𗈀𗗿𗘀𗢿𗣀𗿿/>
<𛀀𛃿𝀀𝀿𝁀𝄀𝄿𝈀𝈿𝌀𝌿/>
<𞸀🀀🀿🂿🄀🄿🚀/>

<力>
<א/>
<س/>
<अ/>
<அ/>
<அ/>
<𐍑/>
<🪐/>
<😀/>
</力>

<ÀÖØöøÿĀĿŀſƀƿǀǿƀƿǀǿȀȿɀɿʀʿˀ˿/>
<ͰͽͿ΀οπϿ/>
<ЀпрѿҠҀҿӀӿԀԿՀտրֿ׀׿/>

<؀ؿـٿڀڿۀۿ/>
<܀ܿ݀݀ݿ/>
<ހ޿ހ޿/>
<ࠀ࠿ࡀࢿࣀࣿऀिीॿ/>
<ঀিী৿/>
<౿ൿවවເༀཀ྿࿀/>
<ကႠᄀᅀᆿᇀᇿሀሿቀቿኀዀዿጀጿፀ/>
<ᚿᛀក/>
<ᢿᣀ᧿ᨀᨿᩀ᪀/>
<ᰀ᰿᱀ᲀᴀᴿᵀᵿᶀᶿḀḿṀṿẀếỀỿ/>
<ἀἿὀᾀ᾿῀/>
<a⁰ⁿ₀₿℀ℿ⅀ⅿↀ/>
<ⰀⰿⱀⱿⲀⲿⳀ⳿ⴀⴿⵀⶀⷀⷿ/>
<⸀⸿⹀⺀⺿⻀⼀⼿⽀⽿⾀⾿⿀/>
<、みむむみむダㄿㆿ㇀ㇿ㈀㈿㋿㌀㏿/>

<㐀㐿㗿㘀㛀㛿㟀㟿/>
<㠀㠿㡀㤿㥀㨿㩀㬿㭀㯿/>
<㰀㰿㱀㶿㷀㼿㽀㾿㿀㿿/>
<䀀䀿䅀䅿䆀䊿䋀䍿䎀䏿/>
<䐀䕿䖀䙿䚀䝿䞀䟿/>
<䠀䢿䣀䧿䨀䪿䫀䬿䭀䯿/>
<䰀䱿䲀䴿䵀䶿䷀䷿一丿乀伿佀便俀俿/>
<倀忿怀濿瀀翿耀迿退/>
<ꀀꑿꒀ꒿꓀꓿ꔀꙀꟿꩿꪀꬿꭀꯀ가꿿/>
<뀀뚿뛀밿뱀뿿/>
<쀀쐿쑀엿였쟿저쩿쪀쿿/>
<퀀툿퉀퐿푀휿흀/>
<豈錄鹿ﬀנּﭿﮀﯿ﴿/>
<︿﹀ﹿﺿﻀ＿｀ｿﾀﺀﷰ/>
<�/>

<𐀀𐄀𐄿𐌀𐌿𐍀𐎿𐏀𐒀/>
<𒀀𒀿𒁀𒉿𒊀𒐀𒐿𒒀𒒿/>
<𗀀𗀿𗁀𗇿𗈀𗗿𗘀𗢿𗣀𗿿/>
<𛀀𛃿𝀀𝀿𝁀𝄀𝄿𝈀𝈿𝌀𝌿/>
<𞸀🀀🀿🂿🄀🄿🚀/>

<力>
<א/>
<س/>
<अ/>
<அ/>
<அ/>
<𐍑/>
<🪐/>
<😀/>
</力>

<ÀÖØöøÿĀĿŀſƀƿǀǿƀƿǀǿȀȿɀɿʀʿˀ˿/>
<ͰͽͿ΀οπϿ/>
<ЀпрѿҠҀҿӀӿԀԿՀտրֿ׀׿/>

<؀ؿـٿڀڿۀۿ/>
<܀ܿ݀݀ݿ/>
<ހ޿ހ޿/>
<ࠀ࠿ࡀࢿࣀࣿऀिीॿ/>
<ঀিী৿/>
<౿ൿවවເༀཀ྿࿀/>
<ကႠᄀᅀᆿᇀᇿሀሿቀቿኀዀዿጀጿፀ/>
<ᚿᛀក/>
<ᢿᣀ᧿ᨀᨿᩀ᪀/>
<ᰀ᰿᱀ᲀᴀᴿᵀᵿᶀᶿḀḿṀṿẀếỀỿ/>
<ἀἿὀᾀ᾿῀/>
<a⁰ⁿ₀₿℀ℿ⅀ⅿↀ/>
<ⰀⰿⱀⱿⲀⲿⳀ⳿ⴀⴿⵀⶀⷀⷿ/>
<⸀⸿⹀⺀⺿⻀⼀⼿⽀⽿⾀⾿⿀/>
<、みむむみむダㄿㆿ㇀ㇿ㈀㈿㋿㌀㏿/>

<㐀㐿㗿㘀㛀㛿㟀㟿/>
<㠀㠿㡀㤿㥀㨿㩀㬿㭀㯿/>
<㰀㰿㱀㶿㷀㼿㽀㾿㿀㿿/>
<䀀䀿䅀䅿䆀䊿䋀䍿䎀䏿/>
<䐀䕿䖀䙿䚀䝿䞀䟿/>
<䠀䢿䣀䧿䨀䪿䫀䬿䭀䯿/>
<䰀䱿䲀䴿䵀䶿䷀䷿一丿乀伿佀便俀俿/>
<倀忿怀濿瀀翿耀迿退/>
<ꀀꑿꒀ꒿꓀꓿ꔀꙀꟿꩿꪀꬿꭀꯀ가꿿/>
<뀀뚿뛀밿뱀뿿/>
<쀀쐿쑀엿였쟿저쩿쪀쿿/>
<퀀툿퉀퐿푀휿흀/>
<豈錄鹿ﬀנּﭿﮀﯿ﴿/>
<︿﹀ﹿﺿﻀ＿｀ｿﾀﺀﷰ/>
<�/>

<𐀀𐄀𐄿𐌀𐌿𐍀𐎿𐏀𐒀/>
<𒀀𒀿𒁀𒉿𒊀𒐀𒐿𒒀𒒿/>
<𗀀𗀿𗁀𗇿𗈀𗗿𗘀𗢿𗣀𗿿/>
<𛀀𛃿𝀀𝀿𝁀𝄀𝄿𝈀𝈿𝌀𝌿/>
<𞸀🀀🀿🂿🄀🄿🚀/>

<力>
<א/>
<س/>
<अ/>
<அ/>
<அ/>
<𐍑/>
<🪐/>
<😀/>
</力>

<ÀÖØöøÿĀĿŀſƀƿǀǿƀƿǀǿȀȿɀɿʀʿˀ˿/>
<ͰͽͿ΀οπϿ/>
<ЀпрѿҠҀҿӀӿԀԿՀտրֿ׀׿/>

<؀ؿـٿڀڿۀۿ/>
<܀ܿ݀݀ݿ/>
<ހ޿ހ޿/>
<ࠀ࠿ࡀࢿࣀࣿऀिीॿ/>
<ঀিী৿/>
<౿ൿවවເༀཀ྿࿀/>
<ကႠᄀᅀᆿᇀᇿሀሿቀቿኀዀዿጀጿፀ/>
<ᚿᛀក/>
<ᢿᣀ᧿ᨀᨿᩀ᪀/>
<ᰀ᰿᱀ᲀᴀᴿᵀᵿᶀᶿḀḿṀṿẀếỀỿ/>
<ἀἿὀᾀ᾿῀/>
<a⁰ⁿ₀₿℀ℿ⅀ⅿↀ/>
<ⰀⰿⱀⱿⲀⲿⳀ⳿ⴀⴿⵀⶀⷀⷿ/>
<⸀⸿⹀⺀⺿⻀⼀⼿⽀⽿⾀⾿⿀/>
<、みむむみむダㄿㆿ㇀ㇿ㈀㈿㋿㌀㏿/>

<㐀㐿㗿㘀㛀㛿㟀㟿/>
<㠀㠿㡀㤿㥀㨿㩀㬿㭀㯿/>
<㰀㰿㱀㶿㷀㼿㽀㾿㿀㿿/>
<䀀䀿䅀䅿䆀䊿䋀䍿䎀䏿/>
<䐀䕿䖀䙿䚀䝿䞀䟿/>
<䠀䢿䣀䧿䨀䪿䫀䬿䭀䯿/>
<䰀䱿䲀䴿䵀䶿䷀䷿一丿乀伿佀便俀俿/>
<倀忿怀濿瀀翿耀迿退/>
<ꀀꑿꒀ꒿꓀꓿ꔀꙀꟿꩿꪀꬿꭀꯀ가꿿/>
<뀀뚿뛀밿뱀뿿/>
<쀀쐿쑀엿였쟿저쩿쪀쿿/>
<퀀툿퉀퐿푀휿흀/>
<豈錄鹿ﬀנּﭿﮀﯿ﴿/>
<︿﹀ﹿﺿﻀ＿｀ｿﾀﺀﷰ/>
<�/>

<𐀀𐄀𐄿𐌀𐌿𐍀𐎿𐏀𐒀/>
<𒀀𒀿𒁀𒉿𒊀𒐀𒐿𒒀𒒿/>
<𗀀𗀿𗁀𗇿𗈀𗗿𗘀𗢿𗣀𗿿/>
<𛀀𛃿𝀀𝀿𝁀𝄀𝄿𝈀𝈿𝌀𝌿/>
<𞸀🀀🀿🂿🄀🄿🚀/>

<力>
<א/>
<س/>
<अ/>
<அ/>
<அ/>
<𐍑/>
<🪐/>
<😀/>
</力>

<ÀÖØöøÿĀĿŀſƀƿǀǿƀƿǀǿȀȿɀɿʀʿˀ˿/>
<ͰͽͿ΀οπϿ/>
<ЀпрѿҠҀҿӀӿԀԿՀտրֿ׀׿/>

<؀ؿـٿڀڿۀۿ/>
<܀ܿ݀݀ݿ/>
<ހ޿ހ޿/>
<ࠀ࠿ࡀࢿࣀࣿऀिीॿ/>
<ঀিী৿/>
<౿ൿවවເༀཀ྿࿀/>
<ကႠᄀᅀᆿᇀᇿሀሿቀቿኀዀዿጀጿፀ/>
<ᚿᛀក/>
<ᢿᣀ᧿ᨀᨿᩀ᪀/>
<ᰀ᰿᱀ᲀᴀᴿᵀᵿᶀᶿḀḿṀṿẀếỀỿ/>
<ἀἿὀᾀ᾿῀/>
<a⁰ⁿ₀₿℀ℿ⅀ⅿↀ/>
<ⰀⰿⱀⱿⲀⲿⳀ⳿ⴀⴿⵀⶀⷀⷿ/>
<⸀⸿⹀⺀⺿⻀⼀⼿⽀⽿⾀⾿⿀/>
<、みむむみむダㄿㆿ㇀ㇿ㈀㈿㋿㌀㏿/>

<㐀㐿㗿㘀㛀㛿㟀㟿/>
<㠀㠿㡀㤿㥀㨿㩀㬿㭀㯿/>
<㰀㰿㱀㶿㷀㼿㽀㾿㿀㿿/>
<䀀䀿䅀䅿䆀䊿䋀䍿䎀䏿/>
<䐀䕿䖀䙿䚀䝿䞀䟿/>
<䠀䢿䣀䧿䨀䪿䫀䬿䭀䯿/>
<䰀䱿䲀䴿䵀䶿䷀䷿一丿乀伿佀便俀俿/>
<倀忿怀濿瀀翿耀迿退/>
<ꀀꑿꒀ꒿꓀꓿ꔀꙀꟿꩿꪀꬿꭀꯀ가꿿/>
<뀀뚿뛀밿뱀뿿/>
<쀀쐿쑀엿였쟿저쩿쪀쿿/>
<퀀툿퉀퐿푀휿흀/>
<豈錄鹿ﬀנּﭿﮀﯿ﴿/>
<︿﹀ﹿﺿﻀ＿｀ｿﾀﺀﷰ/>
<�/>

<𐀀𐄀𐄿𐌀𐌿𐍀𐎿𐏀𐒀/>
<𒀀𒀿𒁀𒉿𒊀𒐀𒐿𒒀𒒿/>
<𗀀𗀿𗁀𗇿𗈀𗗿𗘀𗢿𗣀𗿿/>
<𛀀𛃿𝀀𝀿𝁀𝄀𝄿𝈀𝈿𝌀𝌿/>
<𞸀🀀🀿🂿🄀🄿🚀/>

<力>
<א/>
<س/>
<अ/>
<அ/>
<அ/>
<𐍑/>
<🪐/>
<😀/>
</力>

<ÀÖØöøÿĀĿŀſƀƿǀǿƀƿǀǿȀȿɀɿʀʿˀ˿/>
<ͰͽͿ΀οπϿ/>
<ЀпрѿҠҀҿӀӿԀԿՀտրֿ׀׿/>

<؀ؿـٿڀڿۀۿ/>
<܀ܿ݀݀ݿ/>
<ހ޿ހ޿/>
<ࠀ࠿ࡀࢿࣀࣿऀिीॿ/>
<ঀিী৿/>
<౿ൿවවເༀཀ྿࿀/>
<ကႠᄀᅀᆿᇀᇿሀሿቀቿኀዀዿጀጿፀ/>
<ᚿᛀក/>
<ᢿᣀ᧿ᨀᨿᩀ᪀/>
<ᰀ᰿᱀ᲀᴀᴿᵀᵿᶀᶿḀḿṀṿẀếỀỿ/>
<ἀἿὀᾀ᾿῀/>
<a⁰ⁿ₀₿℀ℿ⅀ⅿↀ/>
<ⰀⰿⱀⱿⲀⲿⳀ⳿ⴀⴿⵀⶀⷀⷿ/>
<⸀⸿⹀⺀⺿⻀⼀⼿⽀⽿⾀⾿⿀/>
<、みむむみむダㄿㆿ㇀ㇿ㈀㈿㋿㌀㏿/>

<㐀㐿㗿㘀㛀㛿㟀㟿/>
<㠀㠿㡀㤿㥀㨿㩀㬿㭀㯿/>
<㰀㰿㱀㶿㷀㼿㽀㾿㿀㿿/>
<䀀䀿䅀䅿䆀䊿䋀䍿䎀䏿/>
<䐀䕿䖀䙿䚀䝿䞀䟿/>
<䠀䢿䣀䧿䨀䪿䫀䬿䭀䯿/>
<䰀䱿䲀䴿䵀䶿䷀䷿一丿乀伿佀便俀俿/>
<倀忿怀濿瀀翿耀迿退/>
<ꀀꑿꒀ꒿꓀꓿ꔀꙀꟿꩿꪀꬿꭀꯀ가꿿/>
<뀀뚿뛀밿뱀뿿/>
<쀀쐿쑀엿였쟿저쩿쪀쿿/>
<퀀툿퉀퐿푀휿흀/>
<豈錄鹿ﬀנּﭿﮀﯿ﴿/>
<︿﹀ﹿﺿﻀ＿｀ｿﾀﺀﷰ/>
<�/>

<𐀀𐄀𐄿𐌀𐌿𐍀𐎿𐏀𐒀/>
<𒀀𒀿𒁀𒉿𒊀𒐀𒐿𒒀𒒿/>
<𗀀𗀿𗁀𗇿𗈀𗗿𗘀𗢿𗣀𗿿/>
<𛀀𛃿𝀀𝀿𝁀𝄀𝄿𝈀𝈿𝌀𝌿/>
<𞸀🀀🀿🂿🄀🄿🚀/>

<力>
<א/>
<س/>
<अ/>
<அ/>
<அ/>
<𐍑/>
<🪐/>
<😀/>
</力>

<ÀÖØöøÿĀĿŀſƀƿǀǿƀƿǀǿȀȿɀɿʀʿˀ˿/>
<ͰͽͿ΀οπϿ/>
<ЀпрѿҠҀҿӀӿԀԿՀտրֿ׀׿/>

<؀ؿـٿڀڿۀۿ/>
<܀ܿ݀݀ݿ/>
<ހ޿ހ޿/>
<ࠀ࠿ࡀࢿࣀࣿऀिीॿ/>
<ঀিী৿/>
<౿ൿවවເༀཀ྿࿀/>
<ကႠᄀᅀᆿᇀᇿሀሿቀቿኀዀዿጀጿፀ/>
<ᚿᛀក/>
<ᢿᣀ᧿ᨀᨿᩀ᪀/>
<ᰀ᰿᱀ᲀᴀᴿᵀᵿᶀᶿḀḿṀṿẀếỀỿ/>
<ἀἿὀᾀ᾿῀/>
<a⁰ⁿ₀₿℀ℿ⅀ⅿↀ/>
<ⰀⰿⱀⱿⲀⲿⳀ⳿ⴀⴿⵀⶀⷀⷿ/>
<⸀⸿⹀⺀⺿⻀⼀⼿⽀⽿⾀⾿⿀/>
<、みむむみむダㄿㆿ㇀ㇿ㈀㈿㋿㌀㏿/>

<㐀㐿㗿㘀㛀㛿㟀㟿/>
<㠀㠿㡀㤿㥀㨿㩀㬿㭀㯿/>
<㰀㰿㱀㶿㷀㼿㽀㾿㿀㿿/>
<䀀䀿䅀䅿䆀䊿䋀䍿䎀䏿/>
<䐀䕿䖀䙿䚀䝿䞀䟿/>
<䠀䢿䣀䧿䨀䪿䫀䬿䭀䯿/>
<䰀䱿䲀䴿䵀䶿䷀䷿一丿乀伿佀便俀俿/>
<倀忿怀濿瀀翿耀迿退/>
<ꀀꑿꒀ꒿꓀꓿ꔀꙀꟿꩿꪀꬿꭀꯀ가꿿/>
<뀀뚿뛀밿뱀뿿/>
<쀀쐿쑀엿였쟿저쩿쪀쿿/>
<퀀툿퉀퐿푀휿흀/>
<豈錄鹿ﬀנּﭿﮀﯿ﴿/>
<︿﹀ﹿﺿﻀ＿｀ｿﾀﺀﷰ/>
<�/>

<𐀀𐄀𐄿𐌀𐌿𐍀𐎿𐏀𐒀/>
<𒀀𒀿𒁀𒉿𒊀𒐀𒐿𒒀𒒿/>
<𗀀𗀿𗁀𗇿𗈀𗗿𗘀𗢿𗣀𗿿/>
<𛀀𛃿𝀀𝀿𝁀𝄀𝄿𝈀𝈿𝌀𝌿/>
<𞸀🀀🀿🂿🄀🄿🚀/>

<力>
<א/>
<س/>
<अ/>
<அ/>
<அ/>
<𐍑/>
<🪐/>
<😀/>
</力>

<ÀÖØöøÿĀĿŀſƀƿǀǿƀƿǀǿȀȿɀɿʀʿˀ˿/>
<ͰͽͿ΀οπϿ/>
<ЀпрѿҠҀҿӀӿԀԿՀտրֿ׀׿/>

<؀ؿـٿڀڿۀۿ/>
<܀ܿ݀݀ݿ/>
<ހ޿ހ޿/>
<ࠀ࠿ࡀࢿࣀࣿऀिीॿ/>
<ঀিী৿/>
<౿ൿවවເༀཀ྿࿀/>
<ကႠᄀᅀᆿᇀᇿሀሿቀቿኀዀዿጀጿፀ/>
<ᚿᛀក/>
<ᢿᣀ᧿ᨀᨿᩀ᪀/>
<ᰀ᰿᱀ᲀᴀᴿᵀᵿᶀᶿḀḿṀṿẀếỀỿ/>
<ἀἿὀᾀ᾿῀/>
<a⁰ⁿ₀₿℀ℿ⅀ⅿↀ/>
<ⰀⰿⱀⱿⲀⲿⳀ⳿ⴀⴿⵀⶀⷀⷿ/>
<⸀⸿⹀⺀⺿⻀⼀⼿⽀⽿⾀⾿⿀/>
<、みむむみむダㄿㆿ㇀ㇿ㈀㈿㋿㌀㏿/>

<㐀㐿㗿㘀㛀㛿㟀㟿/>
<㠀㠿㡀㤿㥀㨿㩀㬿㭀㯿/>
<㰀㰿㱀㶿㷀㼿㽀㾿㿀㿿/>
<䀀䀿䅀䅿䆀䊿䋀䍿䎀䏿/>
<䐀䕿䖀䙿䚀䝿䞀䟿/>
<䠀䢿䣀䧿䨀䪿䫀䬿䭀䯿/>
<䰀䱿䲀䴿䵀䶿䷀䷿一丿乀伿佀便俀俿/>
<倀忿怀濿瀀翿耀迿退/>
<ꀀꑿꒀ꒿꓀꓿ꔀꙀꟿꩿꪀꬿꭀꯀ가꿿/>
<뀀뚿뛀밿뱀뿿/>
<쀀쐿쑀엿였쟿저쩿쪀쿿/>
<퀀툿퉀퐿푀휿흀/>
<豈錄鹿ﬀנּﭿﮀﯿ﴿/>
<︿﹀ﹿﺿﻀ＿｀ｿﾀﺀﷰ/>
<�/>

<𐀀𐄀𐄿𐌀𐌿𐍀𐎿𐏀𐒀/>
<𒀀𒀿𒁀𒉿𒊀𒐀𒐿𒒀𒒿/>
<𗀀𗀿𗁀𗇿𗈀𗗿𗘀𗢿𗣀𗿿/>
<𛀀𛃿𝀀𝀿𝁀𝄀𝄿𝈀𝈿𝌀𝌿/>
<𞸀🀀🀿🂿🄀🄿🚀/>

<力>
<א/>
<س/>
<अ/>
<அ/>
<அ/>
<𐍑/>
<🪐/>
<😀/>
</力>

<ÀÖØöøÿĀĿŀſƀƿǀǿƀƿǀǿȀȿɀɿʀʿˀ˿/>
<ͰͽͿ΀οπϿ/>
<ЀпрѿҠҀҿӀӿԀԿՀտրֿ׀׿/>

<؀ؿـٿڀڿۀۿ/>
<܀ܿ݀݀ݿ/>
<ހ޿ހ޿/>
<ࠀ࠿ࡀࢿࣀࣿऀिीॿ/>
<ঀিী৿/>
<౿ൿවවເༀཀ྿࿀/>
<ကႠᄀᅀᆿᇀᇿሀሿቀቿኀዀዿጀጿፀ/>
<ᚿᛀក/>
<ᢿᣀ᧿ᨀᨿᩀ᪀/>
<ᰀ᰿᱀ᲀᴀᴿᵀᵿᶀᶿḀḿṀṿẀếỀỿ/>
<ἀἿὀᾀ᾿῀/>
<a⁰ⁿ₀₿℀ℿ⅀ⅿↀ/>
<ⰀⰿⱀⱿⲀⲿⳀ⳿ⴀⴿⵀⶀⷀⷿ/>
<⸀⸿⹀⺀⺿⻀⼀⼿⽀⽿⾀⾿⿀/>
<、みむむみむダㄿㆿ㇀ㇿ㈀㈿㋿㌀㏿/>

<㐀㐿㗿㘀㛀㛿㟀㟿/>
<㠀㠿㡀㤿㥀㨿㩀㬿㭀㯿/>
<㰀㰿㱀㶿㷀㼿㽀㾿㿀㿿/>
<䀀䀿䅀䅿䆀䊿䋀䍿䎀䏿/>
<䐀䕿䖀䙿䚀䝿䞀䟿/>
<䠀䢿䣀䧿䨀䪿䫀䬿䭀䯿/>
<䰀䱿䲀䴿䵀䶿䷀䷿一丿乀伿佀便俀俿/>
<倀忿怀濿瀀翿耀迿退/>
<ꀀꑿꒀ꒿꓀꓿ꔀꙀꟿꩿꪀꬿꭀꯀ가꿿/>
<뀀뚿뛀밿뱀뿿/>
<쀀쐿쑀엿였쟿저쩿쪀쿿/>
<퀀툿퉀퐿푀휿흀/>
<豈錄鹿ﬀנּﭿﮀﯿ﴿/>
<︿﹀ﹿﺿﻀ＿｀ｿﾀﺀﷰ/>
<�/>

<𐀀𐄀𐄿𐌀𐌿𐍀𐎿𐏀𐒀/>
<𒀀𒀿𒁀𒉿𒊀𒐀𒐿𒒀𒒿/>
<𗀀𗀿𗁀𗇿𗈀𗗿𗘀𗢿𗣀𗿿/>
<𛀀𛃿𝀀𝀿𝁀𝄀𝄿𝈀𝈿𝌀𝌿/>
<𞸀🀀🀿🂿🄀🄿🚀/>

<力>
<א/>
<س/>
<अ/>
<அ/>
<அ/>
<𐍑/>
<🪐/>
<😀/>
</力>

<ÀÖØöøÿĀĿŀſƀƿǀǿƀƿǀǿȀȿɀɿʀʿˀ˿/>
<ͰͽͿ΀οπϿ/>
<ЀпрѿҠҀҿӀӿԀԿՀտրֿ׀׿/>

<؀ؿـٿڀڿۀۿ/>
<܀ܿ݀݀ݿ/>
<ހ޿ހ޿/>
<ࠀ࠿ࡀࢿࣀࣿऀिीॿ/>
<ঀিী৿/>
<౿ൿවවເༀཀ྿࿀/>
<ကႠᄀᅀᆿᇀᇿሀሿቀቿኀዀዿጀጿፀ/>
<ᚿᛀក/>
<ᢿᣀ᧿ᨀᨿᩀ᪀/>
<ᰀ᰿᱀ᲀᴀᴿᵀᵿᶀᶿḀḿṀṿẀếỀỿ/>
<ἀἿὀᾀ᾿῀/>
<a⁰ⁿ₀₿℀ℿ⅀ⅿↀ/>
<ⰀⰿⱀⱿⲀⲿⳀ⳿ⴀⴿⵀⶀⷀⷿ/>
<⸀⸿⹀⺀⺿⻀⼀⼿⽀⽿⾀⾿⿀/>
<、みむむみむダㄿㆿ㇀ㇿ㈀㈿㋿㌀㏿/>

<㐀㐿㗿㘀㛀㛿㟀㟿/>
<㠀㠿㡀㤿㥀㨿㩀㬿㭀㯿/>
<㰀㰿㱀㶿㷀㼿㽀㾿㿀㿿/>
<䀀䀿䅀䅿䆀䊿䋀䍿䎀䏿/>
<䐀䕿䖀䙿䚀䝿䞀䟿/>
<䠀䢿䣀䧿䨀䪿䫀䬿䭀䯿/>
<䰀䱿䲀䴿䵀䶿䷀䷿一丿乀伿佀便俀俿/>
<倀忿怀濿瀀翿耀迿退/>
<ꀀꑿꒀ꒿꓀꓿ꔀꙀꟿꩿꪀꬿꭀꯀ가꿿/>
<뀀뚿뛀밿뱀뿿/>
<쀀쐿쑀엿였쟿저쩿쪀쿿/>
<퀀툿퉀퐿푀휿흀/>
<豈錄鹿ﬀנּﭿﮀﯿ﴿/>
<︿﹀ﹿﺿﻀ＿｀ｿﾀﺀﷰ/>
<�/>

<𐀀𐄀𐄿𐌀𐌿𐍀𐎿𐏀𐒀/>
<𒀀𒀿𒁀𒉿𒊀𒐀𒐿𒒀𒒿/>
<𗀀𗀿𗁀𗇿𗈀𗗿𗘀𗢿𗣀𗿿/>
<𛀀𛃿𝀀𝀿𝁀𝄀𝄿𝈀𝈿𝌀𝌿/>
<𞸀🀀🀿🂿🄀🄿🚀/>

<力>
<א/>
<س/>
<अ/>
<அ/>
<அ/>
<𐍑/>
<🪐/>
<😀/>
</力>

<ÀÖØöøÿĀĿŀſƀƿǀǿƀƿǀǿȀȿɀɿʀʿˀ˿/>
<ͰͽͿ΀οπϿ/>
<ЀпрѿҠҀҿӀӿԀԿՀտրֿ׀׿/>

<؀ؿـٿڀڿۀۿ/>
<܀ܿ݀݀ݿ/>
<ހ޿ހ޿/>
<ࠀ࠿ࡀࢿࣀࣿऀिीॿ/>
<ঀিী৿/>
<౿ൿවවເༀཀ྿࿀/>
<ကႠᄀᅀᆿᇀᇿሀሿቀቿኀዀዿጀጿፀ/>
<ᚿᛀក/>
<ᢿᣀ᧿ᨀᨿᩀ᪀/>
<ᰀ᰿᱀ᲀᴀᴿᵀᵿᶀᶿḀḿṀṿẀếỀỿ/>
<ἀἿὀᾀ᾿῀/>
<a⁰ⁿ₀₿℀ℿ⅀ⅿↀ/>
<ⰀⰿⱀⱿⲀⲿⳀ⳿ⴀⴿⵀⶀⷀⷿ/>
<⸀⸿⹀⺀⺿⻀⼀⼿⽀⽿⾀⾿⿀/>
<、みむむみむダㄿㆿ㇀ㇿ㈀㈿㋿㌀㏿/>

<㐀㐿㗿㘀㛀㛿㟀㟿/>
<㠀㠿㡀㤿㥀㨿㩀㬿㭀㯿/>
<㰀㰿㱀㶿㷀㼿㽀㾿㿀㿿/>
<䀀䀿䅀䅿䆀䊿䋀䍿䎀䏿/>
<䐀䕿䖀䙿䚀䝿䞀䟿/>
<䠀䢿䣀䧿䨀䪿䫀䬿䭀䯿/>
<䰀䱿䲀䴿䵀䶿䷀䷿一丿乀伿佀便俀俿/>
<倀忿怀濿瀀翿耀迿退/>
<ꀀꑿꒀ꒿꓀꓿ꔀꙀꟿꩿꪀꬿꭀꯀ가꿿/>
<뀀뚿뛀밿뱀뿿/>
<쀀쐿쑀엿였쟿저쩿쪀쿿/>
<퀀툿퉀퐿푀휿흀/>
<豈錄鹿ﬀנּﭿﮀﯿ﴿/>
<︿﹀ﹿﺿﻀ＿｀ｿﾀﺀﷰ/>
<�/>

<𐀀𐄀𐄿𐌀𐌿𐍀𐎿𐏀𐒀/>
<𒀀𒀿𒁀𒉿𒊀𒐀𒐿𒒀𒒿/>
<𗀀𗀿𗁀𗇿𗈀𗗿𗘀𗢿𗣀𗿿/>
<𛀀𛃿𝀀𝀿𝁀𝄀𝄿𝈀𝈿𝌀𝌿/>
<𞸀🀀🀿🂿🄀🄿🚀/>

<力>
<א/>
<س/>
<अ/>
<அ/>
<அ/>
<𐍑/>
<🪐/>
<😀/>
</力>

<ÀÖØöøÿĀĿŀſƀƿǀǿƀƿǀǿȀȿɀɿʀʿˀ˿/>
<ͰͽͿ΀οπϿ/>
<ЀпрѿҠҀҿӀӿԀԿՀտրֿ׀׿/>

<؀ؿـٿڀڿۀۿ/>
<܀ܿ݀݀ݿ/>
<ހ޿ހ޿/>
<ࠀ࠿ࡀࢿࣀࣿऀिीॿ/>
<ঀিী৿/>
<౿ൿවවເༀཀ྿࿀/>
<ကႠᄀᅀᆿᇀᇿሀሿቀቿኀዀዿጀጿፀ/>
<ᚿᛀក/>
<ᢿᣀ᧿ᨀᨿᩀ᪀/>
<ᰀ᰿᱀ᲀᴀᴿᵀᵿᶀᶿḀḿṀṿẀếỀỿ/>
<ἀἿὀᾀ᾿῀/>
<a⁰ⁿ₀₿℀ℿ⅀ⅿↀ/>
<ⰀⰿⱀⱿⲀⲿⳀ⳿ⴀⴿⵀⶀⷀⷿ/>
<⸀⸿⹀⺀⺿⻀⼀⼿⽀⽿⾀⾿⿀/>
<、みむむみむダㄿㆿ㇀ㇿ㈀㈿㋿㌀㏿/>

<㐀㐿㗿㘀㛀㛿㟀㟿/>
<㠀㠿㡀㤿㥀㨿㩀㬿㭀㯿/>
<㰀㰿㱀㶿㷀㼿㽀㾿㿀㿿/>
<䀀䀿䅀䅿䆀䊿䋀䍿䎀䏿/>
<䐀䕿䖀䙿䚀䝿䞀䟿/>
<䠀䢿䣀䧿䨀䪿䫀䬿䭀䯿/>
<䰀䱿䲀䴿䵀䶿䷀䷿一丿乀伿佀便俀俿/>
<倀忿怀濿瀀翿耀迿退/>
<ꀀꑿꒀ꒿꓀꓿ꔀꙀꟿꩿꪀꬿꭀꯀ가꿿/>
<뀀뚿뛀밿뱀뿿/>
<쀀쐿쑀엿였쟿저쩿쪀쿿/>
<퀀툿퉀퐿푀휿흀/>
<豈錄鹿ﬀנּﭿﮀﯿ﴿/>
<︿﹀ﹿﺿﻀ＿｀ｿﾀﺀﷰ/>
<�/>

<𐀀𐄀𐄿𐌀𐌿𐍀𐎿𐏀𐒀/>
<𒀀𒀿𒁀𒉿𒊀𒐀𒐿𒒀𒒿/>
<𗀀𗀿𗁀𗇿𗈀𗗿𗘀𗢿𗣀𗿿/>
<𛀀𛃿𝀀𝀿𝁀𝄀𝄿𝈀𝈿𝌀𝌿/>
<𞸀🀀🀿🂿🄀🄿🚀/>

<力>
<א/>
<س/>
<अ/>
<அ/>
<அ/>
<𐍑/>
<🪐/>
<😀/>
</力>

<ÀÖØöøÿĀĿŀſƀƿǀǿƀƿǀǿȀȿɀɿʀʿˀ˿/>
<ͰͽͿ΀οπϿ/>
<ЀпрѿҠҀҿӀӿԀԿՀտրֿ׀׿/>

<؀ؿـٿڀڿۀۿ/>
<܀ܿ݀݀ݿ/>
<ހ޿ހ޿/>
<ࠀ࠿ࡀࢿࣀࣿऀिीॿ/>
<ঀিী৿/>
<౿ൿවවເༀཀ྿࿀/>
<ကႠᄀᅀᆿᇀᇿሀሿቀቿኀዀዿጀጿፀ/>
<ᚿᛀក/>
<ᢿᣀ᧿ᨀᨿᩀ᪀/>
<ᰀ᰿᱀ᲀᴀᴿᵀᵿᶀᶿḀḿṀṿẀếỀỿ/>
<ἀἿὀᾀ᾿῀/>
<a⁰ⁿ₀₿℀ℿ⅀ⅿↀ/>
<ⰀⰿⱀⱿⲀⲿⳀ⳿ⴀⴿⵀⶀⷀⷿ/>
<⸀⸿⹀⺀⺿⻀⼀⼿⽀⽿⾀⾿⿀/>
<、みむむみむダㄿㆿ㇀ㇿ㈀㈿㋿㌀㏿/>

<㐀㐿㗿㘀㛀㛿㟀㟿/>
<㠀㠿㡀㤿㥀㨿㩀㬿㭀㯿/>
<㰀㰿㱀㶿㷀㼿㽀㾿㿀㿿/>
<䀀䀿䅀䅿䆀䊿䋀䍿䎀䏿/>
<䐀䕿䖀䙿䚀䝿䞀䟿/>
<䠀䢿䣀䧿䨀䪿䫀䬿䭀䯿/>
<䰀䱿䲀䴿䵀䶿䷀䷿一丿乀伿佀便俀俿/>
<倀忿怀濿瀀翿耀迿退/>
<ꀀꑿꒀ꒿꓀꓿ꔀꙀꟿꩿꪀꬿꭀꯀ가꿿/>
<뀀뚿뛀밿뱀뿿/>
<쀀쐿쑀엿였쟿저쩿쪀쿿/>
<퀀툿퉀퐿푀휿흀/>
<豈錄鹿ﬀנּﭿﮀﯿ﴿/>
<︿﹀ﹿﺿﻀ＿｀ｿﾀﺀﷰ/>
<�/>

<𐀀𐄀𐄿𐌀𐌿𐍀𐎿𐏀𐒀/>
<𒀀𒀿𒁀𒉿𒊀𒐀𒐿𒒀𒒿/>
<𗀀𗀿𗁀𗇿𗈀𗗿𗘀𗢿𗣀𗿿/>
<𛀀𛃿𝀀𝀿𝁀𝄀𝄿𝈀𝈿𝌀𝌿/>
<𞸀🀀🀿🂿🄀🄿🚀/>

<力>
<א/>
<س/>
<अ/>
<அ/>
<அ/>
<𐍑/>
<🪐/>
<😀/>
</力>

<ÀÖØöøÿĀĿŀſƀƿǀǿƀƿǀǿȀȿɀɿʀʿˀ˿/>
<ͰͽͿ΀οπϿ/>
<ЀпрѿҠҀҿӀӿԀԿՀտրֿ׀׿/>

<؀ؿـٿڀڿۀۿ/>
<܀ܿ݀݀ݿ/>
<ހ޿ހ޿/>
<ࠀ࠿ࡀࢿࣀࣿऀिीॿ/>
<ঀিী৿/>
<౿ൿවවເༀཀ྿࿀/>
<ကႠᄀᅀᆿᇀᇿሀሿቀቿኀዀዿጀጿፀ/>
<ᚿᛀក/>
<ᢿᣀ᧿ᨀᨿᩀ᪀/>
<ᰀ᰿᱀ᲀᴀᴿᵀᵿᶀᶿḀḿṀṿẀếỀỿ/>
<ἀἿὀᾀ᾿῀/>
<a⁰ⁿ₀₿℀ℿ⅀ⅿↀ/>
<ⰀⰿⱀⱿⲀⲿⳀ⳿ⴀⴿⵀⶀⷀⷿ/>
<⸀⸿⹀⺀⺿⻀⼀⼿⽀⽿⾀⾿⿀/>
<、みむむみむダㄿㆿ㇀ㇿ㈀㈿㋿㌀㏿/>

<㐀㐿㗿㘀㛀㛿㟀㟿/>
<㠀㠿㡀㤿㥀㨿㩀㬿㭀㯿/>
<㰀㰿㱀㶿㷀㼿㽀㾿㿀㿿/>
<䀀䀿䅀䅿䆀䊿䋀䍿䎀䏿/>
<䐀䕿䖀䙿䚀䝿䞀䟿/>
<䠀䢿䣀䧿䨀䪿䫀䬿䭀䯿/>
<䰀䱿䲀䴿䵀䶿䷀䷿一丿乀伿佀便俀俿/>
<倀忿怀濿瀀翿耀迿退/>
<ꀀꑿꒀ꒿꓀꓿ꔀꙀꟿꩿꪀꬿꭀꯀ가꿿/>
<뀀뚿뛀밿뱀뿿/>
<쀀쐿쑀엿였쟿저쩿쪀쿿/>
<퀀툿퉀퐿푀휿흀/>
<豈錄鹿ﬀנּﭿﮀﯿ﴿/>
<︿﹀ﹿﺿﻀ＿｀ｿﾀﺀﷰ/>
<�/>

<𐀀𐄀𐄿𐌀𐌿𐍀𐎿𐏀𐒀/>
<𒀀𒀿𒁀𒉿𒊀𒐀𒐿𒒀𒒿/>
<𗀀𗀿𗁀𗇿𗈀𗗿𗘀𗢿𗣀𗿿/>
<𛀀𛃿𝀀𝀿𝁀𝄀𝄿𝈀𝈿𝌀𝌿/>
<𞸀🀀🀿🂿🄀🄿🚀/>

<力>
<א/>
<س/>
<अ/>
<அ/>
<அ/>
<𐍑/>
<🪐/>
<😀/>
</力>

<ÀÖØöøÿĀĿŀſƀƿǀǿƀƿǀǿȀȿɀɿʀʿˀ˿/>
<ͰͽͿ΀οπϿ/>
<ЀпрѿҠҀҿӀӿԀԿՀտրֿ׀׿/>

<؀ؿـٿڀڿۀۿ/>
<܀ܿ݀݀ݿ/>
<ހ޿ހ޿/>
<ࠀ࠿ࡀࢿࣀࣿऀिीॿ/>
<ঀিী৿/>
<౿ൿවවເༀཀ྿࿀/>
<ကႠᄀᅀᆿᇀᇿሀሿቀቿኀዀዿጀጿፀ/>
<ᚿᛀក/>
<ᢿᣀ᧿ᨀᨿᩀ᪀/>
<ᰀ᰿᱀ᲀᴀᴿᵀᵿᶀᶿḀḿṀṿẀếỀỿ/>
<ἀἿὀᾀ᾿῀/>
<a⁰ⁿ₀₿℀ℿ⅀ⅿↀ/>
<ⰀⰿⱀⱿⲀⲿⳀ⳿ⴀⴿⵀⶀⷀⷿ/>
<⸀⸿⹀⺀⺿⻀⼀⼿⽀⽿⾀⾿⿀/>
<、みむむみむダㄿㆿ㇀ㇿ㈀㈿㋿㌀㏿/>

<㐀㐿㗿㘀㛀㛿㟀㟿/>
<㠀㠿㡀㤿㥀㨿㩀㬿㭀㯿/>
<㰀㰿㱀㶿㷀㼿㽀㾿㿀㿿/>
<䀀䀿䅀䅿䆀䊿䋀䍿䎀䏿/>
<䐀䕿䖀䙿䚀䝿䞀䟿/>
<䠀䢿䣀䧿䨀䪿䫀䬿䭀䯿/>
<䰀䱿䲀䴿䵀䶿䷀䷿一丿乀伿佀便俀俿/>
<倀忿怀濿瀀翿耀迿退/>
<ꀀꑿꒀ꒿꓀꓿ꔀꙀꟿꩿꪀꬿꭀꯀ가꿿/>
<뀀뚿뛀밿뱀뿿/>
<쀀쐿쑀엿였쟿저쩿쪀쿿/>
<퀀툿퉀퐿푀휿흀/>
<豈錄鹿ﬀנּﭿﮀﯿ﴿/>
<︿﹀ﹿﺿﻀ＿｀ｿﾀﺀﷰ/>
<�/>

<𐀀𐄀𐄿𐌀𐌿𐍀𐎿𐏀𐒀/>
<𒀀𒀿𒁀𒉿𒊀𒐀𒐿𒒀𒒿/>
<𗀀𗀿𗁀𗇿𗈀𗗿𗘀𗢿𗣀𗿿/>
<𛀀𛃿𝀀𝀿𝁀𝄀𝄿𝈀𝈿𝌀𝌿/>
<𞸀🀀🀿🂿🄀🄿🚀/>

<力>
<א/>
<س/>
<अ/>
<அ/>
<அ/>
<𐍑/>
<🪐/>
<😀/>
</力>

<ÀÖØöøÿĀĿŀſƀƿǀǿƀƿǀǿȀȿɀɿʀʿˀ˿/>
<ͰͽͿ΀οπϿ/>
<ЀпрѿҠҀҿӀӿԀԿՀտրֿ׀׿/>

<؀ؿـٿڀڿۀۿ/>
<܀ܿ݀݀ݿ/>
<ހ޿ހ޿/>
<ࠀ࠿ࡀࢿࣀࣿऀिीॿ/>
<ঀিী৿/>
<౿ൿවවເༀཀ྿࿀/>
<ကႠᄀᅀᆿᇀᇿሀሿቀቿኀዀዿጀጿፀ/>
<ᚿᛀក/>
<ᢿᣀ᧿ᨀᨿᩀ᪀/>
<ᰀ᰿᱀ᲀᴀᴿᵀᵿᶀᶿḀḿṀṿẀếỀỿ/>
<ἀἿὀᾀ᾿῀/>
<a⁰ⁿ₀₿℀ℿ⅀ⅿↀ/>
<ⰀⰿⱀⱿⲀⲿⳀ⳿ⴀⴿⵀⶀⷀⷿ/>
<⸀⸿⹀⺀⺿⻀⼀⼿⽀⽿⾀⾿⿀/>
<、みむむみむダㄿㆿ㇀ㇿ㈀㈿㋿㌀㏿/>

<㐀㐿㗿㘀㛀㛿㟀㟿/>
<㠀㠿㡀㤿㥀㨿㩀㬿㭀㯿/>
<㰀㰿㱀㶿㷀㼿㽀㾿㿀㿿/>
<䀀䀿䅀䅿䆀䊿䋀䍿䎀䏿/>
<䐀䕿䖀䙿䚀䝿䞀䟿/>
<䠀䢿䣀䧿䨀䪿䫀䬿䭀䯿/>
<䰀䱿䲀䴿䵀䶿䷀䷿一丿乀伿佀便俀俿/>
<倀忿怀濿瀀翿耀迿退/>
<ꀀꑿꒀ꒿꓀꓿ꔀꙀꟿꩿꪀꬿꭀꯀ가꿿/>
<뀀뚿뛀밿뱀뿿/>
<쀀쐿쑀엿였쟿저쩿쪀쿿/>
<퀀툿퉀퐿푀휿흀/>
<豈錄鹿ﬀנּﭿﮀﯿ﴿/>
<︿﹀ﹿﺿﻀ＿｀ｿﾀﺀﷰ/>
<�/>

<𐀀𐄀𐄿𐌀𐌿𐍀𐎿𐏀𐒀/>
<𒀀𒀿𒁀𒉿𒊀𒐀𒐿𒒀𒒿/>
<𗀀𗀿𗁀𗇿𗈀𗗿𗘀𗢿𗣀𗿿/>
<𛀀𛃿𝀀𝀿𝁀𝄀𝄿𝈀𝈿𝌀𝌿/>
<𞸀🀀🀿🂿🄀🄿🚀/>

<力>
<א/>
<س/>
<अ/>
<அ/>
<அ/>
<𐍑/>
<🪐/>
<😀/>
</力>

<ÀÖØöøÿĀĿŀſƀƿǀǿƀƿǀǿȀȿɀɿʀʿˀ˿/>
<ͰͽͿ΀οπϿ/>
<ЀпрѿҠҀҿӀӿԀԿՀտրֿ׀׿/>

<؀ؿـٿڀڿۀۿ/>
<܀ܿ݀݀ݿ/>
<ހ޿ހ޿/>
<ࠀ࠿ࡀࢿࣀࣿऀिीॿ/>
<ঀিী৿/>
<౿ൿවවເༀཀ྿࿀/>
<ကႠᄀᅀᆿᇀᇿሀሿቀቿኀዀዿጀጿፀ/>
<ᚿᛀក/>
<ᢿᣀ᧿ᨀᨿᩀ᪀/>
<ᰀ᰿᱀ᲀᴀᴿᵀᵿᶀᶿḀḿṀṿẀếỀỿ/>
<ἀἿὀᾀ᾿῀/>
<a⁰ⁿ₀₿℀ℿ⅀ⅿↀ/>
<ⰀⰿⱀⱿⲀⲿⳀ⳿ⴀⴿⵀⶀⷀⷿ/>
<⸀⸿⹀⺀⺿⻀⼀⼿⽀⽿⾀⾿⿀/>
<、みむむみむダㄿㆿ㇀ㇿ㈀㈿㋿㌀㏿/>

<㐀㐿㗿㘀㛀㛿㟀㟿/>
<㠀㠿㡀㤿㥀㨿㩀㬿㭀㯿/>
<㰀㰿㱀㶿㷀㼿㽀㾿㿀㿿/>
<䀀䀿䅀䅿䆀䊿䋀䍿䎀䏿/>
<䐀䕿䖀䙿䚀䝿䞀䟿/>
<䠀䢿䣀䧿䨀䪿䫀䬿䭀䯿/>
<䰀䱿䲀䴿䵀䶿䷀䷿一丿乀伿佀便俀俿/>
<倀忿怀濿瀀翿耀迿退/>
<ꀀꑿꒀ꒿꓀꓿ꔀꙀꟿꩿꪀꬿꭀꯀ가꿿/>
<뀀뚿뛀밿뱀뿿/>
<쀀쐿쑀엿였쟿저쩿쪀쿿/>
<퀀툿퉀퐿푀휿흀/>
<豈錄鹿ﬀנּﭿﮀﯿ﴿/>
<︿﹀ﹿﺿﻀ＿｀ｿﾀﺀﷰ/>
<�/>

<𐀀𐄀𐄿𐌀𐌿𐍀𐎿𐏀𐒀/>
<𒀀𒀿𒁀𒉿𒊀𒐀𒐿𒒀𒒿/>
<𗀀𗀿𗁀𗇿𗈀𗗿𗘀𗢿𗣀𗿿/>
<𛀀𛃿𝀀𝀿𝁀𝄀𝄿𝈀𝈿𝌀𝌿/>
<𞸀🀀🀿🂿🄀🄿🚀/>

<力>
<א/>
<س/>
<अ/>
<அ/>
<அ/>
<𐍑/>
<🪐/>
<😀/>
</力>

<ÀÖØöøÿĀĿŀſƀƿǀǿƀƿǀǿȀȿɀɿʀʿˀ˿/>
<ͰͽͿ΀οπϿ/>
<ЀпрѿҠҀҿӀӿԀԿՀտրֿ׀׿/>

<؀ؿـٿڀڿۀۿ/>
<܀ܿ݀݀ݿ/>
<ހ޿ހ޿/>
<ࠀ࠿ࡀࢿࣀࣿऀिीॿ/>
<ঀিী৿/>
<౿ൿවවເༀཀ྿࿀/>
<ကႠᄀᅀᆿᇀᇿሀሿቀቿኀዀዿጀጿፀ/>
<ᚿᛀក/>
<ᢿᣀ᧿ᨀᨿᩀ᪀/>
<ᰀ᰿᱀ᲀᴀᴿᵀᵿᶀᶿḀḿṀṿẀếỀỿ/>
<ἀἿὀᾀ᾿῀/>
<a⁰ⁿ₀₿℀ℿ⅀ⅿↀ/>
<ⰀⰿⱀⱿⲀⲿⳀ⳿ⴀⴿⵀⶀⷀⷿ/>
<⸀⸿⹀⺀⺿⻀⼀⼿⽀⽿⾀⾿⿀/>
<、みむむみむダㄿㆿ㇀ㇿ㈀㈿㋿㌀㏿/>

<㐀㐿㗿㘀㛀㛿㟀㟿/>
<㠀㠿㡀㤿㥀㨿㩀㬿㭀㯿/>
<㰀㰿㱀㶿㷀㼿㽀㾿㿀㿿/>
<䀀䀿䅀䅿䆀䊿䋀䍿䎀䏿/>
<䐀䕿䖀䙿䚀䝿䞀䟿/>
<䠀䢿䣀䧿䨀䪿䫀䬿䭀䯿/>
<䰀䱿䲀䴿䵀䶿䷀䷿一丿乀伿佀便俀俿/>
<倀忿怀濿瀀翿耀迿退/>
<ꀀꑿꒀ꒿꓀꓿ꔀꙀꟿꩿꪀꬿꭀꯀ가꿿/>
<뀀뚿뛀밿뱀뿿/>
<쀀쐿쑀엿였쟿저쩿쪀쿿/>
<퀀툿퉀퐿푀휿흀/>
<豈錄鹿ﬀנּﭿﮀﯿ﴿/>
<︿﹀ﹿﺿﻀ＿｀ｿﾀﺀﷰ/>
<�/>

<𐀀𐄀𐄿𐌀𐌿𐍀𐎿𐏀𐒀/>
<𒀀𒀿𒁀𒉿𒊀𒐀𒐿𒒀𒒿/>
<𗀀𗀿𗁀𗇿𗈀𗗿𗘀𗢿𗣀𗿿/>
<𛀀𛃿𝀀𝀿𝁀𝄀𝄿𝈀𝈿𝌀𝌿/>
<𞸀🀀🀿🂿🄀🄿🚀/>

<力>
<א/>
<س/>
<अ/>
<அ/>
<அ/>
<𐍑/>
<🪐/>
<😀/>
</力>

<ÀÖØöøÿĀĿŀſƀƿǀǿƀƿǀǿȀȿɀɿʀʿˀ˿/>
<ͰͽͿ΀οπϿ/>
<ЀпрѿҠҀҿӀӿԀԿՀտրֿ׀׿/>

<؀ؿـٿڀڿۀۿ/>
<܀ܿ݀݀ݿ/>
<ހ޿ހ޿/>
<ࠀ࠿ࡀࢿࣀࣿऀिीॿ/>
<ঀিী৿/>
<౿ൿවවເༀཀ྿࿀/>
<ကႠᄀᅀᆿᇀᇿሀሿቀቿኀዀዿጀጿፀ/>
<ᚿᛀក/>
<ᢿᣀ᧿ᨀᨿᩀ᪀/>
<ᰀ᰿᱀ᲀᴀᴿᵀᵿᶀᶿḀḿṀṿẀếỀỿ/>
<ἀἿὀᾀ᾿῀/>
<a⁰ⁿ₀₿℀ℿ⅀ⅿↀ/>
<ⰀⰿⱀⱿⲀⲿⳀ⳿ⴀⴿⵀⶀⷀⷿ/>
<⸀⸿⹀⺀⺿⻀⼀⼿⽀⽿⾀⾿⿀/>
<、みむむみむダㄿㆿ㇀ㇿ㈀㈿㋿㌀㏿/>

<㐀㐿㗿㘀㛀㛿㟀㟿/>
<㠀㠿㡀㤿㥀㨿㩀㬿㭀㯿/>
<㰀㰿㱀㶿㷀㼿㽀㾿㿀㿿/>
<䀀䀿䅀䅿䆀䊿䋀䍿䎀䏿/>
<䐀䕿䖀䙿䚀䝿䞀䟿/>
<䠀䢿䣀䧿䨀䪿䫀䬿䭀䯿/>
<䰀䱿䲀䴿䵀䶿䷀䷿一丿乀伿佀便俀俿/>
<倀忿怀濿瀀翿耀迿退/>
<ꀀꑿꒀ꒿꓀꓿ꔀꙀꟿꩿꪀꬿꭀꯀ가꿿/>
<뀀뚿뛀밿뱀뿿/>
<쀀쐿쑀엿였쟿저쩿쪀쿿/>
<퀀툿퉀퐿푀휿흀/>
<豈錄鹿ﬀנּﭿﮀﯿ﴿/>
<︿﹀ﹿﺿﻀ＿｀ｿﾀﺀﷰ/>
<�/>

<𐀀𐄀𐄿𐌀𐌿𐍀𐎿𐏀𐒀/>
<𒀀𒀿𒁀𒉿𒊀𒐀𒐿𒒀𒒿/>
<𗀀𗀿𗁀𗇿𗈀𗗿𗘀𗢿𗣀𗿿/>
<𛀀𛃿𝀀𝀿𝁀𝄀𝄿𝈀𝈿𝌀𝌿/>
<𞸀🀀🀿🂿🄀🄿🚀/>

<力>
<א/>
<س/>
<अ/>
<அ/>
<அ/>
<𐍑/>
<🪐/>
<😀/>
</力>

<ÀÖØöøÿĀĿŀſƀƿǀǿƀƿǀǿȀȿɀɿʀʿˀ˿/>
<ͰͽͿ΀οπϿ/>
<ЀпрѿҠҀҿӀӿԀԿՀտրֿ׀׿/>

<؀ؿـٿڀڿۀۿ/>
<܀ܿ݀݀ݿ/>
<ހ޿ހ޿/>
<ࠀ࠿ࡀࢿࣀࣿऀिीॿ/>
<ঀিী৿/>
<౿ൿවවເༀཀ྿࿀/>
<ကႠᄀᅀᆿᇀᇿሀሿቀቿኀዀዿጀጿፀ/>
<ᚿᛀក/>
<ᢿᣀ᧿ᨀᨿᩀ᪀/>
<ᰀ᰿᱀ᲀᴀᴿᵀᵿᶀᶿḀḿṀṿẀếỀỿ/>
<ἀἿὀᾀ᾿῀/>
<a⁰ⁿ₀₿℀ℿ⅀ⅿↀ/>
<ⰀⰿⱀⱿⲀⲿⳀ⳿ⴀⴿⵀⶀⷀⷿ/>
<⸀⸿⹀⺀⺿⻀⼀⼿⽀⽿⾀⾿⿀/>
<、みむむみむダㄿㆿ㇀ㇿ㈀㈿㋿㌀㏿/>

<㐀㐿㗿㘀㛀㛿㟀㟿/>
<㠀㠿㡀㤿㥀㨿㩀㬿㭀㯿/>
<㰀㰿㱀㶿㷀㼿㽀㾿㿀㿿/>
<䀀䀿䅀䅿䆀䊿䋀䍿䎀䏿/>
<䐀䕿䖀䙿䚀䝿䞀䟿/>
<䠀䢿䣀䧿䨀䪿䫀䬿䭀䯿/>
<䰀䱿䲀䴿䵀䶿䷀䷿一丿乀伿佀便俀俿/>
<倀忿怀濿瀀翿耀迿退/>
<ꀀꑿꒀ꒿꓀꓿ꔀꙀꟿꩿꪀꬿꭀꯀ가꿿/>
<뀀뚿뛀밿뱀뿿/>
<쀀쐿쑀엿였쟿저쩿쪀쿿/>
<퀀툿퉀퐿푀휿흀/>
<豈錄鹿ﬀנּﭿﮀﯿ﴿/>
<︿﹀ﹿﺿﻀ＿｀ｿﾀﺀﷰ/>
<�/>

<𐀀𐄀𐄿𐌀𐌿𐍀𐎿𐏀𐒀/>
<𒀀𒀿𒁀𒉿𒊀𒐀𒐿𒒀𒒿/>
<𗀀𗀿𗁀𗇿𗈀𗗿𗘀𗢿𗣀𗿿/>
<𛀀𛃿𝀀𝀿𝁀𝄀𝄿𝈀𝈿𝌀𝌿/>
<𞸀🀀🀿🂿🄀🄿🚀/>

<力>
<א/>
<س/>
<अ/>
<அ/>
<அ/>
<𐍑/>
<🪐/>
<😀/>
</力>

<ÀÖØöøÿĀĿŀſƀƿǀǿƀƿǀǿȀȿɀɿʀʿˀ˿/>
<ͰͽͿ΀οπϿ/>
<ЀпрѿҠҀҿӀӿԀԿՀտրֿ׀׿/>

<؀ؿـٿڀڿۀۿ/>
<܀ܿ݀݀ݿ/>
<ހ޿ހ޿/>
<ࠀ࠿ࡀࢿࣀࣿऀिीॿ/>
<ঀিী৿/>
<౿ൿවවເༀཀ྿࿀/>
<ကႠᄀᅀᆿᇀᇿሀሿቀቿኀዀዿጀጿፀ/>
<ᚿᛀក/>
<ᢿᣀ᧿ᨀᨿᩀ᪀/>
<ᰀ᰿᱀ᲀᴀᴿᵀᵿᶀᶿḀḿṀṿẀếỀỿ/>
<ἀἿὀᾀ᾿῀/>
<a⁰ⁿ₀₿℀ℿ⅀ⅿↀ/>
<ⰀⰿⱀⱿⲀⲿⳀ⳿ⴀⴿⵀⶀⷀⷿ/>
<⸀⸿⹀⺀⺿⻀⼀⼿⽀⽿⾀⾿⿀/>
<、みむむみむダㄿㆿ㇀ㇿ㈀㈿㋿㌀㏿/>

<㐀㐿㗿㘀㛀㛿㟀㟿/>
<㠀㠿㡀㤿㥀㨿㩀㬿㭀㯿/>
<㰀㰿㱀㶿㷀㼿㽀㾿㿀㿿/>
<䀀䀿䅀䅿䆀䊿䋀䍿䎀䏿/>
<䐀䕿䖀䙿䚀䝿䞀䟿/>
<䠀䢿䣀䧿䨀䪿䫀䬿䭀䯿/>
<䰀䱿䲀䴿䵀䶿䷀䷿一丿乀伿佀便俀俿/>
<倀忿怀濿瀀翿耀迿退/>
<ꀀꑿꒀ꒿꓀꓿ꔀꙀꟿꩿꪀꬿꭀꯀ가꿿/>
<뀀뚿뛀밿뱀뿿/>
<쀀쐿쑀엿였쟿저쩿쪀쿿/>
<퀀툿퉀퐿푀휿흀/>
<豈錄鹿ﬀנּﭿﮀﯿ﴿/>
<︿﹀ﹿﺿﻀ＿｀ｿﾀﺀﷰ/>
<�/>

<𐀀𐄀𐄿𐌀𐌿𐍀𐎿𐏀𐒀/>
<𒀀𒀿𒁀𒉿𒊀𒐀𒐿𒒀𒒿/>
<𗀀𗀿𗁀𗇿𗈀𗗿𗘀𗢿𗣀𗿿/>
<𛀀𛃿𝀀𝀿𝁀𝄀𝄿𝈀𝈿𝌀𝌿/>
<𞸀🀀🀿🂿🄀🄿🚀/>

<力>
<א/>
<س/>
<अ/>
<அ/>
<அ/>
<𐍑/>
<🪐/>
<😀/>
</力>

<ÀÖØöøÿĀĿŀſƀƿǀǿƀƿǀǿȀȿɀɿʀʿˀ˿/>
<ͰͽͿ΀οπϿ/>
<ЀпрѿҠҀҿӀӿԀԿՀտրֿ׀׿/>

<؀ؿـٿڀڿۀۿ/>
<܀ܿ݀݀ݿ/>
<ހ޿ހ޿/>
<ࠀ࠿ࡀࢿࣀࣿऀिीॿ/>
<ঀিী৿/>
<౿ൿවවເༀཀ྿࿀/>
<ကႠᄀᅀᆿᇀᇿሀሿቀቿኀዀዿጀጿፀ/>
<ᚿᛀក/>
<ᢿᣀ᧿ᨀᨿᩀ᪀/>
<ᰀ᰿᱀ᲀᴀᴿᵀᵿᶀᶿḀḿṀṿẀếỀỿ/>
<ἀἿὀᾀ᾿῀/>
<a⁰ⁿ₀₿℀ℿ⅀ⅿↀ/>
<ⰀⰿⱀⱿⲀⲿⳀ⳿ⴀⴿⵀⶀⷀⷿ/>
<⸀⸿⹀⺀⺿⻀⼀⼿⽀⽿⾀⾿⿀/>
<、みむむみむダㄿㆿ㇀ㇿ㈀㈿㋿㌀㏿/>

<㐀㐿㗿㘀㛀㛿㟀㟿/>
<㠀㠿㡀㤿㥀㨿㩀㬿㭀㯿/>
<㰀㰿㱀㶿㷀㼿㽀㾿㿀㿿/>
<䀀䀿䅀䅿䆀䊿䋀䍿䎀䏿/>
<䐀䕿䖀䙿䚀䝿䞀䟿/>
<䠀䢿䣀䧿䨀䪿䫀䬿䭀䯿/>
<䰀䱿䲀䴿䵀䶿䷀䷿一丿乀伿佀便俀俿/>
<倀忿怀濿瀀翿耀迿退/>
<ꀀꑿꒀ꒿꓀꓿ꔀꙀꟿꩿꪀꬿꭀꯀ가꿿/>
<뀀뚿뛀밿뱀뿿/>
<쀀쐿쑀엿였쟿저쩿쪀쿿/>
<퀀툿퉀퐿푀휿흀/>
<豈錄鹿ﬀנּﭿﮀﯿ﴿/>
<︿﹀ﹿﺿﻀ＿｀ｿﾀﺀﷰ/>
<�/>

<𐀀𐄀𐄿𐌀𐌿𐍀𐎿𐏀𐒀/>
<𒀀𒀿𒁀𒉿𒊀𒐀𒐿𒒀𒒿/>
<𗀀𗀿𗁀𗇿𗈀𗗿𗘀𗢿𗣀𗿿/>
<𛀀𛃿𝀀𝀿𝁀𝄀𝄿𝈀𝈿𝌀𝌿/>
<𞸀🀀🀿🂿🄀🄿🚀/>

<力>
<א/>
<س/>
<अ/>
<அ/>
<அ/>
<𐍑/>
<🪐/>
<😀/>
</力>

<ÀÖØöøÿĀĿŀſƀƿǀǿƀƿǀǿȀȿɀɿʀʿˀ˿/>
<ͰͽͿ΀οπϿ/>
<ЀпрѿҠҀҿӀӿԀԿՀտրֿ׀׿/>

<؀ؿـٿڀڿۀۿ/>
<܀ܿ݀݀ݿ/>
<ހ޿ހ޿/>
<ࠀ࠿ࡀࢿࣀࣿऀिीॿ/>
<ঀিী৿/>
<౿ൿවවເༀཀ྿࿀/>
<ကႠᄀᅀᆿᇀᇿሀሿቀቿኀዀዿጀጿፀ/>
<ᚿᛀក/>
<ᢿᣀ᧿ᨀᨿᩀ᪀/>
<ᰀ᰿᱀ᲀᴀᴿᵀᵿᶀᶿḀḿṀṿẀếỀỿ/>
<ἀἿὀᾀ᾿῀/>
<a⁰ⁿ₀₿℀ℿ⅀ⅿↀ/>
<ⰀⰿⱀⱿⲀⲿⳀ⳿ⴀⴿⵀⶀⷀⷿ/>
<⸀⸿⹀⺀⺿⻀⼀⼿⽀⽿⾀⾿⿀/>
<、みむむみむダㄿㆿ㇀ㇿ㈀㈿㋿㌀㏿/>

<㐀㐿㗿㘀㛀㛿㟀㟿/>
<㠀㠿㡀㤿㥀㨿㩀㬿㭀㯿/>
<㰀㰿㱀㶿㷀㼿㽀㾿㿀㿿/>
<䀀䀿䅀䅿䆀䊿䋀䍿䎀䏿/>
<䐀䕿䖀䙿䚀䝿䞀䟿/>
<䠀䢿䣀䧿䨀䪿䫀䬿䭀䯿/>
<䰀䱿䲀䴿䵀䶿䷀䷿一丿乀伿佀便俀俿/>
<倀忿怀濿瀀翿耀迿退/>
<ꀀꑿꒀ꒿꓀꓿ꔀꙀꟿꩿꪀꬿꭀꯀ가꿿/>
<뀀뚿뛀밿뱀뿿/>
<쀀쐿쑀엿였쟿저쩿쪀쿿/>
<퀀툿퉀퐿푀휿흀/>
<豈錄鹿ﬀנּﭿﮀﯿ﴿/>
<︿﹀ﹿﺿﻀ＿｀ｿﾀﺀﷰ/>
<�/>

<𐀀𐄀𐄿𐌀𐌿𐍀𐎿𐏀𐒀/>
<𒀀𒀿𒁀𒉿𒊀𒐀𒐿𒒀𒒿/>
<𗀀𗀿𗁀𗇿𗈀𗗿𗘀𗢿𗣀𗿿/>
<𛀀𛃿𝀀𝀿𝁀𝄀𝄿𝈀𝈿𝌀𝌿/>
<𞸀🀀🀿🂿🄀🄿🚀/>

<力>
<א/>
<س/>
<अ/>
<அ/>
<அ/>
<𐍑/>
<🪐/>
<😀/>
</力>

<ÀÖØöøÿĀĿŀſƀƿǀǿƀƿǀǿȀȿɀɿʀʿˀ˿/>
<ͰͽͿ΀οπϿ/>
<ЀпрѿҠҀҿӀӿԀԿՀտրֿ׀׿/>

<؀ؿـٿڀڿۀۿ/>
<܀ܿ݀݀ݿ/>
<ހ޿ހ޿/>
<ࠀ࠿ࡀࢿࣀࣿऀिीॿ/>
<ঀিী৿/>
<౿ൿවවເༀཀ྿࿀/>
<ကႠᄀᅀᆿᇀᇿሀሿቀቿኀዀዿጀጿፀ/>
<ᚿᛀក/>
<ᢿᣀ᧿ᨀᨿᩀ᪀/>
<ᰀ᰿᱀ᲀᴀᴿᵀᵿᶀᶿḀḿṀṿẀếỀỿ/>
<ἀἿὀᾀ᾿῀/>
<a⁰ⁿ₀₿℀ℿ⅀ⅿↀ/>
<ⰀⰿⱀⱿⲀⲿⳀ⳿ⴀⴿⵀⶀⷀⷿ/>
<⸀⸿⹀⺀⺿⻀⼀⼿⽀⽿⾀⾿⿀/>
<、みむむみむダㄿㆿ㇀ㇿ㈀㈿㋿㌀㏿/>

<㐀㐿㗿㘀㛀㛿㟀㟿/>
<㠀㠿㡀㤿㥀㨿㩀㬿㭀㯿/>
<㰀㰿㱀㶿㷀㼿㽀㾿㿀㿿/>
<䀀䀿䅀䅿䆀䊿䋀䍿䎀䏿/>
<䐀䕿䖀䙿䚀䝿䞀䟿/>
<䠀䢿䣀䧿䨀䪿䫀䬿䭀䯿/>
<䰀䱿䲀䴿䵀䶿䷀䷿一丿乀伿佀便俀俿/>
<倀忿怀濿瀀翿耀迿退/>
<ꀀꑿꒀ꒿꓀꓿ꔀꙀꟿꩿꪀꬿꭀꯀ가꿿/>
<뀀뚿뛀밿뱀뿿/>
<쀀쐿쑀엿였쟿저쩿쪀쿿/>
<퀀툿퉀퐿푀휿흀/>
<豈錄鹿ﬀנּﭿﮀﯿ﴿/>
<︿﹀ﹿﺿﻀ＿｀ｿﾀﺀﷰ/>
<�/>

<𐀀𐄀𐄿𐌀𐌿𐍀𐎿𐏀𐒀/>
<𒀀𒀿𒁀𒉿𒊀𒐀𒐿𒒀𒒿/>
<𗀀𗀿𗁀𗇿𗈀𗗿𗘀𗢿𗣀𗿿/>
<𛀀𛃿𝀀𝀿𝁀𝄀𝄿𝈀𝈿𝌀𝌿/>
<𞸀🀀🀿🂿🄀🄿🚀/>

<力>
<א/>
<س/>
<अ/>
<அ/>
<அ/>
<𐍑/>
<🪐/>
<😀/>
</力>

<ÀÖØöøÿĀĿŀſƀƿǀǿƀƿǀǿȀȿɀɿʀʿˀ˿/>
<ͰͽͿ΀οπϿ/>
<ЀпрѿҠҀҿӀӿԀԿՀտրֿ׀׿/>

<؀ؿـٿڀڿۀۿ/>
<܀ܿ݀݀ݿ/>
<ހ޿ހ޿/>
<ࠀ࠿ࡀࢿࣀࣿऀिीॿ/>
<ঀিী৿/>
<౿ൿවවເༀཀ྿࿀/>
<ကႠᄀᅀᆿᇀᇿሀሿቀቿኀዀዿጀጿፀ/>
<ᚿᛀក/>
<ᢿᣀ᧿ᨀᨿᩀ᪀/>
<ᰀ᰿᱀ᲀᴀᴿᵀᵿᶀᶿḀḿṀṿẀếỀỿ/>
<ἀἿὀᾀ᾿῀/>
<a⁰ⁿ₀₿℀ℿ⅀ⅿↀ/>
<ⰀⰿⱀⱿⲀⲿⳀ⳿ⴀⴿⵀⶀⷀⷿ/>
<⸀⸿⹀⺀⺿⻀⼀⼿⽀⽿⾀⾿⿀/>
<、みむむみむダㄿㆿ㇀ㇿ㈀㈿㋿㌀㏿/>

<㐀㐿㗿㘀㛀㛿㟀㟿/>
<㠀㠿㡀㤿㥀㨿㩀㬿㭀㯿/>
<㰀㰿㱀㶿㷀㼿㽀㾿㿀㿿/>
<䀀䀿䅀䅿䆀䊿䋀䍿䎀䏿/>
<䐀䕿䖀䙿䚀䝿䞀䟿/>
<䠀䢿䣀䧿䨀䪿䫀䬿䭀䯿/>
<䰀䱿䲀䴿䵀䶿䷀䷿一丿乀伿佀便俀俿/>
<倀忿怀濿瀀翿耀迿退/>
<ꀀꑿꒀ꒿꓀꓿ꔀꙀꟿꩿꪀꬿꭀꯀ가꿿/>
<뀀뚿뛀밿뱀뿿/>
<쀀쐿쑀엿였쟿저쩿쪀쿿/>
<퀀툿퉀퐿푀휿흀/>
<豈錄鹿ﬀנּﭿﮀﯿ﴿/>
<︿﹀ﹿﺿﻀ＿｀ｿﾀﺀﷰ/>
<�/>

<𐀀𐄀𐄿𐌀𐌿𐍀𐎿𐏀𐒀/>
<𒀀𒀿𒁀𒉿𒊀𒐀𒐿𒒀𒒿/>
<𗀀𗀿𗁀𗇿𗈀𗗿𗘀𗢿𗣀𗿿/>
<𛀀𛃿𝀀𝀿𝁀𝄀𝄿𝈀𝈿𝌀𝌿/>
<𞸀🀀🀿🂿🄀🄿🚀/>

<力>
<א/>
<س/>
<अ/>
<அ/>
<அ/>
<𐍑/>
<🪐/>
<😀/>
</力>

<ÀÖØöøÿĀĿŀſƀƿǀǿƀƿǀǿȀȿɀɿʀʿˀ˿/>
<ͰͽͿ΀οπϿ/>
<ЀпрѿҠҀҿӀӿԀԿՀտրֿ׀׿/>

<؀ؿـٿڀڿۀۿ/>
<܀ܿ݀݀ݿ/>
<ހ޿ހ޿/>
<ࠀ࠿ࡀࢿࣀࣿऀिीॿ/>
<ঀিী৿/>
<౿ൿවවເༀཀ྿࿀/>
<ကႠᄀᅀᆿᇀᇿሀሿቀቿኀዀዿጀጿፀ/>
<ᚿᛀក/>
<ᢿᣀ᧿ᨀᨿᩀ᪀/>
<ᰀ᰿᱀ᲀᴀᴿᵀᵿᶀᶿḀḿṀṿẀếỀỿ/>
<ἀἿὀᾀ᾿῀/>
<a⁰ⁿ₀₿℀ℿ⅀ⅿↀ/>
<ⰀⰿⱀⱿⲀⲿⳀ⳿ⴀⴿⵀⶀⷀⷿ/>
<⸀⸿⹀⺀⺿⻀⼀⼿⽀⽿⾀⾿⿀/>
<、みむむみむダㄿㆿ㇀ㇿ㈀㈿㋿㌀㏿/>

<㐀㐿㗿㘀㛀㛿㟀㟿/>
<㠀㠿㡀㤿㥀㨿㩀㬿㭀㯿/>
<㰀㰿㱀㶿㷀㼿㽀㾿㿀㿿/>
<䀀䀿䅀䅿䆀䊿䋀䍿䎀䏿/>
<䐀䕿䖀䙿䚀䝿䞀䟿/>
<䠀䢿䣀䧿䨀䪿䫀䬿䭀䯿/>
<䰀䱿䲀䴿䵀䶿䷀䷿一丿乀伿佀便俀俿/>
<倀忿怀濿瀀翿耀迿退/>
<ꀀꑿꒀ꒿꓀꓿ꔀꙀꟿꩿꪀꬿꭀꯀ가꿿/>
<뀀뚿뛀밿뱀뿿/>
<쀀쐿쑀엿였쟿저쩿쪀쿿/>
<퀀툿퉀퐿푀휿흀/>
<豈錄鹿ﬀנּﭿﮀﯿ﴿/>
<︿﹀ﹿﺿﻀ＿｀ｿﾀﺀﷰ/>
<�/>

<𐀀𐄀𐄿𐌀𐌿𐍀𐎿𐏀𐒀/>
<𒀀𒀿𒁀𒉿𒊀𒐀𒐿𒒀𒒿/>
<𗀀𗀿𗁀𗇿𗈀𗗿𗘀𗢿𗣀𗿿/>
<𛀀𛃿𝀀𝀿𝁀𝄀𝄿𝈀𝈿𝌀𝌿/>
<𞸀🀀🀿🂿🄀🄿🚀/>

<力>
<א/>
<س/>
<अ/>
<அ/>
<அ/>
<𐍑/>
<🪐/>
<😀/>
</力>

<ÀÖØöøÿĀĿŀſƀƿǀǿƀƿǀǿȀȿɀɿʀʿˀ˿/>
<ͰͽͿ΀οπϿ/>
<ЀпрѿҠҀҿӀӿԀԿՀտրֿ׀׿/>

<؀ؿـٿڀڿۀۿ/>
<܀ܿ݀݀ݿ/>
<ހ޿ހ޿/>
<ࠀ࠿ࡀࢿࣀࣿऀिीॿ/>
<ঀিী৿/>
<౿ൿවවເༀཀ྿࿀/>
<ကႠᄀᅀᆿᇀᇿሀሿቀቿኀዀዿጀጿፀ/>
<ᚿᛀក/>
<ᢿᣀ᧿ᨀᨿᩀ᪀/>
<ᰀ᰿᱀ᲀᴀᴿᵀᵿᶀᶿḀḿṀṿẀếỀỿ/>
<ἀἿὀᾀ᾿῀/>
<a⁰ⁿ₀₿℀ℿ⅀ⅿↀ/>
<ⰀⰿⱀⱿⲀⲿⳀ⳿ⴀⴿⵀⶀⷀⷿ/>
<⸀⸿⹀⺀⺿⻀⼀⼿⽀⽿⾀⾿⿀/>
<、みむむみむダㄿㆿ㇀ㇿ㈀㈿㋿㌀㏿/>

<㐀㐿㗿㘀㛀㛿㟀㟿/>
<㠀㠿㡀㤿㥀㨿㩀㬿㭀㯿/>
<㰀㰿㱀㶿㷀㼿㽀㾿㿀㿿/>
<䀀䀿䅀䅿䆀䊿䋀䍿䎀䏿/>
<䐀䕿䖀䙿䚀䝿䞀䟿/>
<䠀䢿䣀䧿䨀䪿䫀䬿䭀䯿/>
<䰀䱿䲀䴿䵀䶿䷀䷿一丿乀伿佀便俀俿/>
<倀忿怀濿瀀翿耀迿退/>
<ꀀꑿꒀ꒿꓀꓿ꔀꙀꟿꩿꪀꬿꭀꯀ가꿿/>
<뀀뚿뛀밿뱀뿿/>
<쀀쐿쑀엿였쟿저쩿쪀쿿/>
<퀀툿퉀퐿푀휿흀/>
<豈錄鹿ﬀנּﭿﮀﯿ﴿/>
<︿﹀ﹿﺿﻀ＿｀ｿﾀﺀﷰ/>
<�/>

<𐀀𐄀𐄿𐌀𐌿𐍀𐎿𐏀𐒀/>
<𒀀𒀿𒁀𒉿𒊀𒐀𒐿𒒀𒒿/>
<𗀀𗀿𗁀𗇿𗈀𗗿𗘀𗢿𗣀𗿿/>
<𛀀𛃿𝀀𝀿𝁀𝄀𝄿𝈀𝈿𝌀𝌿/>
<𞸀🀀🀿🂿🄀🄿🚀/>

<力>
<א/>
<س/>
<अ/>
<அ/>
<அ/>
<𐍑/>
<🪐/>
<😀/>
</力>

<ÀÖØöøÿĀĿŀſƀƿǀǿƀƿǀǿȀȿɀɿʀʿˀ˿/>
<ͰͽͿ΀οπϿ/>
<ЀпрѿҠҀҿӀӿԀԿՀտրֿ׀׿/>

<؀ؿـٿڀڿۀۿ/>
<܀ܿ݀݀ݿ/>
<ހ޿ހ޿/>
<ࠀ࠿ࡀࢿࣀࣿऀिीॿ/>
<ঀিী৿/>
<౿ൿවවເༀཀ྿࿀/>
<ကႠᄀᅀᆿᇀᇿሀሿቀቿኀዀዿጀጿፀ/>
<ᚿᛀក/>
<ᢿᣀ᧿ᨀᨿᩀ᪀/>
<ᰀ᰿᱀ᲀᴀᴿᵀᵿᶀᶿḀḿṀṿẀếỀỿ/>
<ἀἿὀᾀ᾿῀/>
<a⁰ⁿ₀₿℀ℿ⅀ⅿↀ/>
<ⰀⰿⱀⱿⲀⲿⳀ⳿ⴀⴿⵀⶀⷀⷿ/>
<⸀⸿⹀⺀⺿⻀⼀⼿⽀⽿⾀⾿⿀/>
<、みむむみむダㄿㆿ㇀ㇿ㈀㈿㋿㌀㏿/>

<㐀㐿㗿㘀㛀㛿㟀㟿/>
<㠀㠿㡀㤿㥀㨿㩀㬿㭀㯿/>
<㰀㰿㱀㶿㷀㼿㽀㾿㿀㿿/>
<䀀䀿䅀䅿䆀䊿䋀䍿䎀䏿/>
<䐀䕿䖀䙿䚀䝿䞀䟿/>
<䠀䢿䣀䧿䨀䪿䫀䬿䭀䯿/>
<䰀䱿䲀䴿䵀䶿䷀䷿一丿乀伿佀便俀俿/>
<倀忿怀濿瀀翿耀迿退/>
<ꀀꑿꒀ꒿꓀꓿ꔀꙀꟿꩿꪀꬿꭀꯀ가꿿/>
<뀀뚿뛀밿뱀뿿/>
<쀀쐿쑀엿였쟿저쩿쪀쿿/>
<퀀툿퉀퐿푀휿흀/>
<豈錄鹿ﬀנּﭿﮀﯿ﴿/>
<︿﹀ﹿﺿﻀ＿｀ｿﾀﺀﷰ/>
<�/>

<𐀀𐄀𐄿𐌀𐌿𐍀𐎿𐏀𐒀/>
<𒀀𒀿𒁀𒉿𒊀𒐀𒐿𒒀𒒿/>
<𗀀𗀿𗁀𗇿𗈀𗗿𗘀𗢿𗣀𗿿/>
<𛀀𛃿𝀀𝀿𝁀𝄀𝄿𝈀𝈿𝌀𝌿/>
<𞸀🀀🀿🂿🄀🄿🚀/>

<力>
<א/>
<س/>
<अ/>
<அ/>
<அ/>
<𐍑/>
<🪐/>
<😀/>
</力>

<ÀÖØöøÿĀĿŀſƀƿǀǿƀƿǀǿȀȿɀɿʀʿˀ˿/>
<ͰͽͿ΀οπϿ/>
<ЀпрѿҠҀҿӀӿԀԿՀտրֿ׀׿/>

<؀ؿـٿڀڿۀۿ/>
<܀ܿ݀݀ݿ/>
<ހ޿ހ޿/>
<ࠀ࠿ࡀࢿࣀࣿऀिीॿ/>
<ঀিী৿/>
<౿ൿවවເༀཀ྿࿀/>
<ကႠᄀᅀᆿᇀᇿሀሿቀቿኀዀዿጀጿፀ/>
<ᚿᛀក/>
<ᢿᣀ᧿ᨀᨿᩀ᪀/>
<ᰀ᰿᱀ᲀᴀᴿᵀᵿᶀᶿḀḿṀṿẀếỀỿ/>
<ἀἿὀᾀ᾿῀/>
<a⁰ⁿ₀₿℀ℿ⅀ⅿↀ/>
<ⰀⰿⱀⱿⲀⲿⳀ⳿ⴀⴿⵀⶀⷀⷿ/>
<⸀⸿⹀⺀⺿⻀⼀⼿⽀⽿⾀⾿⿀/>
<、みむむみむダㄿㆿ㇀ㇿ㈀㈿㋿㌀㏿/>

<㐀㐿㗿㘀㛀㛿㟀㟿/>
<㠀㠿㡀㤿㥀㨿㩀㬿㭀㯿/>
<㰀㰿㱀㶿㷀㼿㽀㾿㿀㿿/>
<䀀䀿䅀䅿䆀䊿䋀䍿䎀䏿/>
<䐀䕿䖀䙿䚀䝿䞀䟿/>
<䠀䢿䣀䧿䨀䪿䫀䬿䭀䯿/>
<䰀䱿䲀䴿䵀䶿䷀䷿一丿乀伿佀便俀俿/>
<倀忿怀濿瀀翿耀迿退/>
<ꀀꑿꒀ꒿꓀꓿ꔀꙀꟿꩿꪀꬿꭀꯀ가꿿/>
<뀀뚿뛀밿뱀뿿/>
<쀀쐿쑀엿였쟿저쩿쪀쿿/>
<퀀툿퉀퐿푀휿흀/>
<豈錄鹿ﬀנּﭿﮀﯿ﴿/>
<︿﹀ﹿﺿﻀ＿｀ｿﾀﺀﷰ/>
<�/>

<𐀀𐄀𐄿𐌀𐌿𐍀𐎿𐏀𐒀/>
<𒀀𒀿𒁀𒉿𒊀𒐀𒐿𒒀𒒿/>
<𗀀𗀿𗁀𗇿𗈀𗗿𗘀𗢿𗣀𗿿/>
<𛀀𛃿𝀀𝀿𝁀𝄀𝄿𝈀𝈿𝌀𝌿/>
<𞸀🀀🀿🂿🄀🄿🚀/>

<力>
<א/>
<س/>
<अ/>
<அ/>
<அ/>
<𐍑/>
<🪐/>
<😀/>
</力>

<ÀÖØöøÿĀĿŀſƀƿǀǿƀƿǀǿȀȿɀɿʀʿˀ˿/>
<ͰͽͿ΀οπϿ/>
<ЀпрѿҠҀҿӀӿԀԿՀտրֿ׀׿/>

<؀ؿـٿڀڿۀۿ/>
<܀ܿ݀݀ݿ/>
<ހ޿ހ޿/>
<ࠀ࠿ࡀࢿࣀࣿऀिीॿ/>
<ঀিী৿/>
<౿ൿවවເༀཀ྿࿀/>
<ကႠᄀᅀᆿᇀᇿሀሿቀቿኀዀዿጀጿፀ/>
<ᚿᛀក/>
<ᢿᣀ᧿ᨀᨿᩀ᪀/>
<ᰀ᰿᱀ᲀᴀᴿᵀᵿᶀᶿḀḿṀṿẀếỀỿ/>
<ἀἿὀᾀ᾿῀/>
<a⁰ⁿ₀₿℀ℿ⅀ⅿↀ/>
<ⰀⰿⱀⱿⲀⲿⳀ⳿ⴀⴿⵀⶀⷀⷿ/>
<⸀⸿⹀⺀⺿⻀⼀⼿⽀⽿⾀⾿⿀/>
<、みむむみむダㄿㆿ㇀ㇿ㈀㈿㋿㌀㏿/>

<㐀㐿㗿㘀㛀㛿㟀㟿/>
<㠀㠿㡀㤿㥀㨿㩀㬿㭀㯿/>
<㰀㰿㱀㶿㷀㼿㽀㾿㿀㿿/>
<䀀䀿䅀䅿䆀䊿䋀䍿䎀䏿/>
<䐀䕿䖀䙿䚀䝿䞀䟿/>
<䠀䢿䣀䧿䨀䪿䫀䬿䭀䯿/>
<䰀䱿䲀䴿䵀䶿䷀䷿一丿乀伿佀便俀俿/>
<倀忿怀濿瀀翿耀迿退/>
<ꀀꑿꒀ꒿꓀꓿ꔀꙀꟿꩿꪀꬿꭀꯀ가꿿/>
<뀀뚿뛀밿뱀뿿/>
<쀀쐿쑀엿였쟿저쩿쪀쿿/>
<퀀툿퉀퐿푀휿흀/>
<豈錄鹿ﬀנּﭿﮀﯿ﴿/>
<︿﹀ﹿﺿﻀ＿｀ｿﾀﺀﷰ/>
<�/>

<𐀀𐄀𐄿𐌀𐌿𐍀𐎿𐏀𐒀/>
<𒀀𒀿𒁀𒉿𒊀𒐀𒐿𒒀𒒿/>
<𗀀𗀿𗁀𗇿𗈀𗗿𗘀𗢿𗣀𗿿/>
<𛀀𛃿𝀀𝀿𝁀𝄀𝄿𝈀𝈿𝌀𝌿/>
<𞸀🀀🀿🂿🄀🄿🚀/>

<力>
<א/>
<س/>
<अ/>
<அ/>
<அ/>
<𐍑/>
<🪐/>
<😀/>
</力>

<ÀÖØöøÿĀĿŀſƀƿǀǿƀƿǀǿȀȿɀɿʀʿˀ˿/>
<ͰͽͿ΀οπϿ/>
<ЀпрѿҠҀҿӀӿԀԿՀտրֿ׀׿/>

<؀ؿـٿڀڿۀۿ/>
<܀ܿ݀݀ݿ/>
<ހ޿ހ޿/>
<ࠀ࠿ࡀࢿࣀࣿऀिीॿ/>
<ঀিী৿/>
<౿ൿවවເༀཀ྿࿀/>
<ကႠᄀᅀᆿᇀᇿሀሿቀቿኀዀዿጀጿፀ/>
<ᚿᛀក/>
<ᢿᣀ᧿ᨀᨿᩀ᪀/>
<ᰀ᰿᱀ᲀᴀᴿᵀᵿᶀᶿḀḿṀṿẀếỀỿ/>
<ἀἿὀᾀ᾿῀/>
<a⁰ⁿ₀₿℀ℿ⅀ⅿↀ/>
<ⰀⰿⱀⱿⲀⲿⳀ⳿ⴀⴿⵀⶀⷀⷿ/>
<⸀⸿⹀⺀⺿⻀⼀⼿⽀⽿⾀⾿⿀/>
<、みむむみむダㄿㆿ㇀ㇿ㈀㈿㋿㌀㏿/>

<㐀㐿㗿㘀㛀㛿㟀㟿/>
<㠀㠿㡀㤿㥀㨿㩀㬿㭀㯿/>
<㰀㰿㱀㶿㷀㼿㽀㾿㿀㿿/>
<䀀䀿䅀䅿䆀䊿䋀䍿䎀䏿/>
<䐀䕿䖀䙿䚀䝿䞀䟿/>
<䠀䢿䣀䧿䨀䪿䫀䬿䭀䯿/>
<䰀䱿䲀䴿䵀䶿䷀䷿一丿乀伿佀便俀俿/>
<倀忿怀濿瀀翿耀迿退/>
<ꀀꑿꒀ꒿꓀꓿ꔀꙀꟿꩿꪀꬿꭀꯀ가꿿/>
<뀀뚿뛀밿뱀뿿/>
<쀀쐿쑀엿였쟿저쩿쪀쿿/>
<퀀툿퉀퐿푀휿흀/>
<豈錄鹿ﬀנּﭿﮀﯿ﴿/>
<︿﹀ﹿﺿﻀ＿｀ｿﾀﺀﷰ/>
<�/>

<𐀀𐄀𐄿𐌀𐌿𐍀𐎿𐏀𐒀/>
<𒀀𒀿𒁀𒉿𒊀𒐀𒐿𒒀𒒿/>
<𗀀𗀿𗁀𗇿𗈀𗗿𗘀𗢿𗣀𗿿/>
<𛀀𛃿𝀀𝀿𝁀𝄀𝄿𝈀𝈿𝌀𝌿/>
<𞸀🀀🀿🂿🄀🄿🚀/>

<力>
<א/>
<س/>
<अ/>
<அ/>
<அ/>
<𐍑/>
<🪐/>
<😀/>
</力>

<ÀÖØöøÿĀĿŀſƀƿǀǿƀƿǀǿȀȿɀɿʀʿˀ˿/>
<ͰͽͿ΀οπϿ/>
<ЀпрѿҠҀҿӀӿԀԿՀտրֿ׀׿/>

<؀ؿـٿڀڿۀۿ/>
<܀ܿ݀݀ݿ/>
<ހ޿ހ޿/>
<ࠀ࠿ࡀࢿࣀࣿऀिीॿ/>
<ঀিী৿/>
<౿ൿවවເༀཀ྿࿀/>
<ကႠᄀᅀᆿᇀᇿሀሿቀቿኀዀዿጀጿፀ/>
<ᚿᛀក/>
<ᢿᣀ᧿ᨀᨿᩀ᪀/>
<ᰀ᰿᱀ᲀᴀᴿᵀᵿᶀᶿḀḿṀṿẀếỀỿ/>
<ἀἿὀᾀ᾿῀/>
<a⁰ⁿ₀₿℀ℿ⅀ⅿↀ/>
<ⰀⰿⱀⱿⲀⲿⳀ⳿ⴀⴿⵀⶀⷀⷿ/>
<⸀⸿⹀⺀⺿⻀⼀⼿⽀⽿⾀⾿⿀/>
<、みむむみむダㄿㆿ㇀ㇿ㈀㈿㋿㌀㏿/>

<㐀㐿㗿㘀㛀㛿㟀㟿/>
<㠀㠿㡀㤿㥀㨿㩀㬿㭀㯿/>
<㰀㰿㱀㶿㷀㼿㽀㾿㿀㿿/>
<䀀䀿䅀䅿䆀䊿䋀䍿䎀䏿/>
<䐀䕿䖀䙿䚀䝿䞀䟿/>
<䠀䢿䣀䧿䨀䪿䫀䬿䭀䯿/>
<䰀䱿䲀䴿䵀䶿䷀䷿一丿乀伿佀便俀俿/>
<倀忿怀濿瀀翿耀迿退/>
<ꀀꑿꒀ꒿꓀꓿ꔀꙀꟿꩿꪀꬿꭀꯀ가꿿/>
<뀀뚿뛀밿뱀뿿/>
<쀀쐿쑀엿였쟿저쩿쪀쿿/>
<퀀툿퉀퐿푀휿흀/>
<豈錄鹿ﬀנּﭿﮀﯿ﴿/>
<︿﹀ﹿﺿﻀ＿｀ｿﾀﺀﷰ/>
<�/>

<𐀀𐄀𐄿𐌀𐌿𐍀𐎿𐏀𐒀/>
<𒀀𒀿𒁀𒉿𒊀𒐀𒐿𒒀𒒿/>
<𗀀𗀿𗁀𗇿𗈀𗗿𗘀𗢿𗣀𗿿/>
<𛀀𛃿𝀀𝀿𝁀𝄀𝄿𝈀𝈿𝌀𝌿/>
<𞸀🀀🀿🂿🄀🄿🚀/>

<力>
<א/>
<س/>
<अ/>
<அ/>
<அ/>
<𐍑/>
<🪐/>
<😀/>
</力>

<ÀÖØöøÿĀĿŀſƀƿǀǿƀƿǀǿȀȿɀɿʀʿˀ˿/>
<ͰͽͿ΀οπϿ/>
<ЀпрѿҠҀҿӀӿԀԿՀտրֿ׀׿/>

<؀ؿـٿڀڿۀۿ/>
<܀ܿ݀݀ݿ/>
<ހ޿ހ޿/>
<ࠀ࠿ࡀࢿࣀࣿऀिीॿ/>
<ঀিী৿/>
<౿ൿවවເༀཀ྿࿀/>
<ကႠᄀᅀᆿᇀᇿሀሿቀቿኀዀዿጀጿፀ/>
<ᚿᛀក/>
<ᢿᣀ᧿ᨀᨿᩀ᪀/>
<ᰀ᰿᱀ᲀᴀᴿᵀᵿᶀᶿḀḿṀṿẀếỀỿ/>
<ἀἿὀᾀ᾿῀/>
<a⁰ⁿ₀₿℀ℿ⅀ⅿↀ/>
<ⰀⰿⱀⱿⲀⲿⳀ⳿ⴀⴿⵀⶀⷀⷿ/>
<⸀⸿⹀⺀⺿⻀⼀⼿⽀⽿⾀⾿⿀/>
<、みむむみむダㄿㆿ㇀ㇿ㈀㈿㋿㌀㏿/>

<㐀㐿㗿㘀㛀㛿㟀㟿/>
<㠀㠿㡀㤿㥀㨿㩀㬿㭀㯿/>
<㰀㰿㱀㶿㷀㼿㽀㾿㿀㿿/>
<䀀䀿䅀䅿䆀䊿䋀䍿䎀䏿/>
<䐀䕿䖀䙿䚀䝿䞀䟿/>
<䠀䢿䣀䧿䨀䪿䫀䬿䭀䯿/>
<䰀䱿䲀䴿䵀䶿䷀䷿一丿乀伿佀便俀俿/>
<倀忿怀濿瀀翿耀迿退/>
<ꀀꑿꒀ꒿꓀꓿ꔀꙀꟿꩿꪀꬿꭀꯀ가꿿/>
<뀀뚿뛀밿뱀뿿/>
<쀀쐿쑀엿였쟿저쩿쪀쿿/>
<퀀툿퉀퐿푀휿흀/>
<豈錄鹿ﬀנּﭿﮀﯿ﴿/>
<︿﹀ﹿﺿﻀ＿｀ｿﾀﺀﷰ/>
<�/>

<𐀀𐄀𐄿𐌀𐌿𐍀𐎿𐏀𐒀/>
<𒀀𒀿𒁀𒉿𒊀𒐀𒐿𒒀𒒿/>
<𗀀𗀿𗁀𗇿𗈀𗗿𗘀𗢿𗣀𗿿/>
<𛀀𛃿𝀀𝀿𝁀𝄀𝄿𝈀𝈿𝌀𝌿/>
<𞸀🀀🀿🂿🄀🄿🚀/>

<力>
<א/>
<س/>
<अ/>
<அ/>
<அ/>
<𐍑/>
<🪐/>
<😀/>
</力>

<ÀÖØöøÿĀĿŀſƀƿǀǿƀƿǀǿȀȿɀɿʀʿˀ˿/>
<ͰͽͿ΀οπϿ/>
<ЀпрѿҠҀҿӀӿԀԿՀտրֿ׀׿/>

<؀ؿـٿڀڿۀۿ/>
<܀ܿ݀݀ݿ/>
<ހ޿ހ޿/>
<ࠀ࠿ࡀࢿࣀࣿऀिीॿ/>
<ঀিী৿/>
<౿ൿවවເༀཀ྿࿀/>
<ကႠᄀᅀᆿᇀᇿሀሿቀቿኀዀዿጀጿፀ/>
<ᚿᛀក/>
<ᢿᣀ᧿ᨀᨿᩀ᪀/>
<ᰀ᰿᱀ᲀᴀᴿᵀᵿᶀᶿḀḿṀṿẀếỀỿ/>
<ἀἿὀᾀ᾿῀/>
<a⁰ⁿ₀₿℀ℿ⅀ⅿↀ/>
<ⰀⰿⱀⱿⲀⲿⳀ⳿ⴀⴿⵀⶀⷀⷿ/>
<⸀⸿⹀⺀⺿⻀⼀⼿⽀⽿⾀⾿⿀/>
<、みむむみむダㄿㆿ㇀ㇿ㈀㈿㋿㌀㏿/>

<㐀㐿㗿㘀㛀㛿㟀㟿/>
<㠀㠿㡀㤿㥀㨿㩀㬿㭀㯿/>
<㰀㰿㱀㶿㷀㼿㽀㾿㿀㿿/>
<䀀䀿䅀䅿䆀䊿䋀䍿䎀䏿/>
<䐀䕿䖀䙿䚀䝿䞀䟿/>
<䠀䢿䣀䧿䨀䪿䫀䬿䭀䯿/>
<䰀䱿䲀䴿䵀䶿䷀䷿一丿乀伿佀便俀俿/>
<倀忿怀濿瀀翿耀迿退/>
<ꀀꑿꒀ꒿꓀꓿ꔀꙀꟿꩿꪀꬿꭀꯀ가꿿/>
<뀀뚿뛀밿뱀뿿/>
<쀀쐿쑀엿였쟿저쩿쪀쿿/>
<퀀툿퉀퐿푀휿흀/>
<豈錄鹿ﬀנּﭿﮀﯿ﴿/>
<︿﹀ﹿﺿﻀ＿｀ｿﾀﺀﷰ/>
<�/>

<𐀀𐄀𐄿𐌀𐌿𐍀𐎿𐏀𐒀/>
<𒀀𒀿𒁀𒉿𒊀𒐀𒐿𒒀𒒿/>
<𗀀𗀿𗁀𗇿𗈀𗗿𗘀𗢿𗣀𗿿/>
<𛀀𛃿𝀀𝀿𝁀𝄀𝄿𝈀𝈿𝌀𝌿/>
<𞸀🀀🀿🂿🄀🄿🚀/>

<力>
<א/>
<س/>
<अ/>
<அ/>
<அ/>
<𐍑/>
<🪐/>
<😀/>
</力>

<ÀÖØöøÿĀĿŀſƀƿǀǿƀƿǀǿȀȿɀɿʀʿˀ˿/>
<ͰͽͿ΀οπϿ/>
<ЀпрѿҠҀҿӀӿԀԿՀտրֿ׀׿/>

<؀ؿـٿڀڿۀۿ/>
<܀ܿ݀݀ݿ/>
<ހ޿ހ޿/>
<ࠀ࠿ࡀࢿࣀࣿऀिीॿ/>
<ঀিী৿/>
<౿ൿවවເༀཀ྿࿀/>
<ကႠᄀᅀᆿᇀᇿሀሿቀቿኀዀዿጀጿፀ/>
<ᚿᛀក/>
<ᢿᣀ᧿ᨀᨿᩀ᪀/>
<ᰀ᰿᱀ᲀᴀᴿᵀᵿᶀᶿḀḿṀṿẀếỀỿ/>
<ἀἿὀᾀ᾿῀/>
<a⁰ⁿ₀₿℀ℿ⅀ⅿↀ/>
<ⰀⰿⱀⱿⲀⲿⳀ⳿ⴀⴿⵀⶀⷀⷿ/>
<⸀⸿⹀⺀⺿⻀⼀⼿⽀⽿⾀⾿⿀/>
<、みむむみむダㄿㆿ㇀ㇿ㈀㈿㋿㌀㏿/>

<㐀㐿㗿㘀㛀㛿㟀㟿/>
<㠀㠿㡀㤿㥀㨿㩀㬿㭀㯿/>
<㰀㰿㱀㶿㷀㼿㽀㾿㿀㿿/>
<䀀䀿䅀䅿䆀䊿䋀䍿䎀䏿/>
<䐀䕿䖀䙿䚀䝿䞀䟿/>
<䠀䢿䣀䧿䨀䪿䫀䬿䭀䯿/>
<䰀䱿䲀䴿䵀䶿䷀䷿一丿乀伿佀便俀俿/>
<倀忿怀濿瀀翿耀迿退/>
<ꀀꑿꒀ꒿꓀꓿ꔀꙀꟿꩿꪀꬿꭀꯀ가꿿/>
<뀀뚿뛀밿뱀뿿/>
<쀀쐿쑀엿였쟿저쩿쪀쿿/>
<퀀툿퉀퐿푀휿흀/>
<豈錄鹿ﬀנּﭿﮀﯿ﴿/>
<︿﹀ﹿﺿﻀ＿｀ｿﾀﺀﷰ/>
<�/>

<𐀀𐄀𐄿𐌀𐌿𐍀𐎿𐏀𐒀/>
<𒀀𒀿𒁀𒉿𒊀𒐀𒐿𒒀𒒿/>
<𗀀𗀿𗁀𗇿𗈀𗗿𗘀𗢿𗣀𗿿/>
<𛀀𛃿𝀀𝀿𝁀𝄀𝄿𝈀𝈿𝌀𝌿/>
<𞸀🀀🀿🂿🄀🄿🚀/>

<力>
<א/>
<س/>
<अ/>
<அ/>
<அ/>
<𐍑/>
<🪐/>
<😀/>
</力>

<ÀÖØöøÿĀĿŀſƀƿǀǿƀƿǀǿȀȿɀɿʀʿˀ˿/>
<ͰͽͿ΀οπϿ/>
<ЀпрѿҠҀҿӀӿԀԿՀտրֿ׀׿/>

<؀ؿـٿڀڿۀۿ/>
<܀ܿ݀݀ݿ/>
<ހ޿ހ޿/>
<ࠀ࠿ࡀࢿࣀࣿऀिीॿ/>
<ঀিী৿/>
<౿ൿවවເༀཀ྿࿀/>
<ကႠᄀᅀᆿᇀᇿሀሿቀቿኀዀዿጀጿፀ/>
<ᚿᛀក/>
<ᢿᣀ᧿ᨀᨿᩀ᪀/>
<ᰀ᰿᱀ᲀᴀᴿᵀᵿᶀᶿḀḿṀṿẀếỀỿ/>
<ἀἿὀᾀ᾿῀/>
<a⁰ⁿ₀₿℀ℿ⅀ⅿↀ/>
<ⰀⰿⱀⱿⲀⲿⳀ⳿ⴀⴿⵀⶀⷀⷿ/>
<⸀⸿⹀⺀⺿⻀⼀⼿⽀⽿⾀⾿⿀/>
<、みむむみむダㄿㆿ㇀ㇿ㈀㈿㋿㌀㏿/>

<㐀㐿㗿㘀㛀㛿㟀㟿/>
<㠀㠿㡀㤿㥀㨿㩀㬿㭀㯿/>
<㰀㰿㱀㶿㷀㼿㽀㾿㿀㿿/>
<䀀䀿䅀䅿䆀䊿䋀䍿䎀䏿/>
<䐀䕿䖀䙿䚀䝿䞀䟿/>
<䠀䢿䣀䧿䨀䪿䫀䬿䭀䯿/>
<䰀䱿䲀䴿䵀䶿䷀䷿一丿乀伿佀便俀俿/>
<倀忿怀濿瀀翿耀迿退/>
<ꀀꑿꒀ꒿꓀꓿ꔀꙀꟿꩿꪀꬿꭀꯀ가꿿/>
<뀀뚿뛀밿뱀뿿/>
<쀀쐿쑀엿였쟿저쩿쪀쿿/>
<퀀툿퉀퐿푀휿흀/>
<豈錄鹿ﬀנּﭿﮀﯿ﴿/>
<︿﹀ﹿﺿﻀ＿｀ｿﾀﺀﷰ/>
<�/>

<𐀀𐄀𐄿𐌀𐌿𐍀𐎿𐏀𐒀/>
<𒀀𒀿𒁀𒉿𒊀𒐀𒐿𒒀𒒿/>
<𗀀𗀿𗁀𗇿𗈀𗗿𗘀𗢿𗣀𗿿/>
<𛀀𛃿𝀀𝀿𝁀𝄀𝄿𝈀𝈿𝌀𝌿/>
<𞸀🀀🀿🂿🄀🄿🚀/>

<力>
<א/>
<س/>
<अ/>
<அ/>
<அ/>
<𐍑/>
<🪐/>
<😀/>
</力>

<ÀÖØöøÿĀĿŀſƀƿǀǿƀƿǀǿȀȿɀɿʀʿˀ˿/>
<ͰͽͿ΀οπϿ/>
<ЀпрѿҠҀҿӀӿԀԿՀտրֿ׀׿/>

<؀ؿـٿڀڿۀۿ/>
<܀ܿ݀݀ݿ/>
<ހ޿ހ޿/>
<ࠀ࠿ࡀࢿࣀࣿऀिीॿ/>
<ঀিী৿/>
<౿ൿවවເༀཀ྿࿀/>
<ကႠᄀᅀᆿᇀᇿሀሿቀቿኀዀዿጀጿፀ/>
<ᚿᛀក/>
<ᢿᣀ᧿ᨀᨿᩀ᪀/>
<ᰀ᰿᱀ᲀᴀᴿᵀᵿᶀᶿḀḿṀṿẀếỀỿ/>
<ἀἿὀᾀ᾿῀/>
<a⁰ⁿ₀₿℀ℿ⅀ⅿↀ/>
<ⰀⰿⱀⱿⲀⲿⳀ⳿ⴀⴿⵀⶀⷀⷿ/>
<⸀⸿⹀⺀⺿⻀⼀⼿⽀⽿⾀⾿⿀/>
<、みむむみむダㄿㆿ㇀ㇿ㈀㈿㋿㌀㏿/>

<㐀㐿㗿㘀㛀㛿㟀㟿/>
<㠀㠿㡀㤿㥀㨿㩀㬿㭀㯿/>
<㰀㰿㱀㶿㷀㼿㽀㾿㿀㿿/>
<䀀䀿䅀䅿䆀䊿䋀䍿䎀䏿/>
<䐀䕿䖀䙿䚀䝿䞀䟿/>
<䠀䢿䣀䧿䨀䪿䫀䬿䭀䯿/>
<䰀䱿䲀䴿䵀䶿䷀䷿一丿乀伿佀便俀俿/>
<倀忿怀濿瀀翿耀迿退/>
<ꀀꑿꒀ꒿꓀꓿ꔀꙀꟿꩿꪀꬿꭀꯀ가꿿/>
<뀀뚿뛀밿뱀뿿/>
<쀀쐿쑀엿였쟿저쩿쪀쿿/>
<퀀툿퉀퐿푀휿흀/>
<豈錄鹿ﬀנּﭿﮀﯿ﴿/>
<︿﹀ﹿﺿﻀ＿｀ｿﾀﺀﷰ/>
<�/>

<𐀀𐄀𐄿𐌀𐌿𐍀𐎿𐏀𐒀/>
<𒀀𒀿𒁀𒉿𒊀𒐀𒐿𒒀𒒿/>
<𗀀𗀿𗁀𗇿𗈀𗗿𗘀𗢿𗣀𗿿/>
<𛀀𛃿𝀀𝀿𝁀𝄀𝄿𝈀𝈿𝌀𝌿/>
<𞸀🀀🀿🂿🄀🄿🚀/>

<力>
<א/>
<س/>
<अ/>
<அ/>
<அ/>
<𐍑/>
<🪐/>
<😀/>
</力>

<ÀÖØöøÿĀĿŀſƀƿǀǿƀƿǀǿȀȿɀɿʀʿˀ˿/>
<ͰͽͿ΀οπϿ/>
<ЀпрѿҠҀҿӀӿԀԿՀտրֿ׀׿/>

<؀ؿـٿڀڿۀۿ/>
<܀ܿ݀݀ݿ/>
<ހ޿ހ޿/>
<ࠀ࠿ࡀࢿࣀࣿऀिीॿ/>
<ঀিী৿/>
<౿ൿවවເༀཀ྿࿀/>
<ကႠᄀᅀᆿᇀᇿሀሿቀቿኀዀዿጀጿፀ/>
<ᚿᛀក/>
<ᢿᣀ᧿ᨀᨿᩀ᪀/>
<ᰀ᰿᱀ᲀᴀᴿᵀᵿᶀᶿḀḿṀṿẀếỀỿ/>
<ἀἿὀᾀ᾿῀/>
<a⁰ⁿ₀₿℀ℿ⅀ⅿↀ/>
<ⰀⰿⱀⱿⲀⲿⳀ⳿ⴀⴿⵀⶀⷀⷿ/>
<⸀⸿⹀⺀⺿⻀⼀⼿⽀⽿⾀⾿⿀/>
<、みむむみむダㄿㆿ㇀ㇿ㈀㈿㋿㌀㏿/>

<㐀㐿㗿㘀㛀㛿㟀㟿/>
<㠀㠿㡀㤿㥀㨿㩀㬿㭀㯿/>
<㰀㰿㱀㶿㷀㼿㽀㾿㿀㿿/>
<䀀䀿䅀䅿䆀䊿䋀䍿䎀䏿/>
<䐀䕿䖀䙿䚀䝿䞀䟿/>
<䠀䢿䣀䧿䨀䪿䫀䬿䭀䯿/>
<䰀䱿䲀䴿䵀䶿䷀䷿一丿乀伿佀便俀俿/>
<倀忿怀濿瀀翿耀迿退/>
<ꀀꑿꒀ꒿꓀꓿ꔀꙀꟿꩿꪀꬿꭀꯀ가꿿/>
<뀀뚿뛀밿뱀뿿/>
<쀀쐿쑀엿였쟿저쩿쪀쿿/>
<퀀툿퉀퐿푀휿흀/>
<豈錄鹿ﬀנּﭿﮀﯿ﴿/>
<︿﹀ﹿﺿﻀ＿｀ｿﾀﺀﷰ/>
<�/>

<𐀀𐄀𐄿𐌀𐌿𐍀𐎿𐏀𐒀/>
<𒀀𒀿𒁀𒉿𒊀𒐀𒐿𒒀𒒿/>
<𗀀𗀿𗁀𗇿𗈀𗗿𗘀𗢿𗣀𗿿/>
<𛀀𛃿𝀀𝀿𝁀𝄀𝄿𝈀𝈿𝌀𝌿/>
<𞸀🀀🀿🂿🄀🄿🚀/>

<力>
<א/>
<س/>
<अ/>
<அ/>
<அ/>
<𐍑/>
<🪐/>
<😀/>
</力>

<ÀÖØöøÿĀĿŀſƀƿǀǿƀƿǀǿȀȿɀɿʀʿˀ˿/>
<ͰͽͿ΀οπϿ/>
<ЀпрѿҠҀҿӀӿԀԿՀտրֿ׀׿/>

<؀ؿـٿڀڿۀۿ/>
<܀ܿ݀݀ݿ/>
<ހ޿ހ޿/>
<ࠀ࠿ࡀࢿࣀࣿऀिीॿ/>
<ঀিী৿/>
<౿ൿවවເༀཀ྿࿀/>
<ကႠᄀᅀᆿᇀᇿሀሿቀቿኀዀዿጀጿፀ/>
<ᚿᛀក/>
<ᢿᣀ᧿ᨀᨿᩀ᪀/>
<ᰀ᰿᱀ᲀᴀᴿᵀᵿᶀᶿḀḿṀṿẀếỀỿ/>
<ἀἿὀᾀ᾿῀/>
<a⁰ⁿ₀₿℀ℿ⅀ⅿↀ/>
<ⰀⰿⱀⱿⲀⲿⳀ⳿ⴀⴿⵀⶀⷀⷿ/>
<⸀⸿⹀⺀⺿⻀⼀⼿⽀⽿⾀⾿⿀/>
<、みむむみむダㄿㆿ㇀ㇿ㈀㈿㋿㌀㏿/>

<㐀㐿㗿㘀㛀㛿㟀㟿/>
<㠀㠿㡀㤿㥀㨿㩀㬿㭀㯿/>
<㰀㰿㱀㶿㷀㼿㽀㾿㿀㿿/>
<䀀䀿䅀䅿䆀䊿䋀䍿䎀䏿/>
<䐀䕿䖀䙿䚀䝿䞀䟿/>
<䠀䢿䣀䧿䨀䪿䫀䬿䭀䯿/>
<䰀䱿䲀䴿䵀䶿䷀䷿一丿乀伿佀便俀俿/>
<倀忿怀濿瀀翿耀迿退/>
<ꀀꑿꒀ꒿꓀꓿ꔀꙀꟿꩿꪀꬿꭀꯀ가꿿/>
<뀀뚿뛀밿뱀뿿/>
<쀀쐿쑀엿였쟿저쩿쪀쿿/>
<퀀툿퉀퐿푀휿흀/>
<豈錄鹿ﬀנּﭿﮀﯿ﴿/>
<︿﹀ﹿﺿﻀ＿｀ｿﾀﺀﷰ/>
<�/>

<𐀀𐄀𐄿𐌀𐌿𐍀𐎿𐏀𐒀/>
<𒀀𒀿𒁀𒉿𒊀𒐀𒐿𒒀𒒿/>
<𗀀𗀿𗁀𗇿𗈀𗗿𗘀𗢿𗣀𗿿/>
<𛀀𛃿𝀀𝀿𝁀𝄀𝄿𝈀𝈿𝌀𝌿/>
<𞸀🀀🀿🂿🄀🄿🚀/>

<力>
<א/>
<س/>
<अ/>
<அ/>
<அ/>
<𐍑/>
<🪐/>
<😀/>
</力>

<ÀÖØöøÿĀĿŀſƀƿǀǿƀƿǀǿȀȿɀɿʀʿˀ˿/>
<ͰͽͿ΀οπϿ/>
<ЀпрѿҠҀҿӀӿԀԿՀտրֿ׀׿/>

<؀ؿـٿڀڿۀۿ/>
<܀ܿ݀݀ݿ/>
<ހ޿ހ޿/>
<ࠀ࠿ࡀࢿࣀࣿऀिीॿ/>
<ঀিী৿/>
<౿ൿවවເༀཀ྿࿀/>
<ကႠᄀᅀᆿᇀᇿሀሿቀቿኀዀዿጀጿፀ/>
<ᚿᛀក/>
<ᢿᣀ᧿ᨀᨿᩀ᪀/>
<ᰀ᰿᱀ᲀᴀᴿᵀᵿᶀᶿḀḿṀṿẀếỀỿ/>
<ἀἿὀᾀ᾿῀/>
<a⁰ⁿ₀₿℀ℿ⅀ⅿↀ/>
<ⰀⰿⱀⱿⲀⲿⳀ⳿ⴀⴿⵀⶀⷀⷿ/>
<⸀⸿⹀⺀⺿⻀⼀⼿⽀⽿⾀⾿⿀/>
<、みむむみむダㄿㆿ㇀ㇿ㈀㈿㋿㌀㏿/>

<㐀㐿㗿㘀㛀㛿㟀㟿/>
<㠀㠿㡀㤿㥀㨿㩀㬿㭀㯿/>
<㰀㰿㱀㶿㷀㼿㽀㾿㿀㿿/>
<䀀䀿䅀䅿䆀䊿䋀䍿䎀䏿/>
<䐀䕿䖀䙿䚀䝿䞀䟿/>
<䠀䢿䣀䧿䨀䪿䫀䬿䭀䯿/>
<䰀䱿䲀䴿䵀䶿䷀䷿一丿乀伿佀便俀俿/>
<倀忿怀濿瀀翿耀迿退/>
<ꀀꑿꒀ꒿꓀꓿ꔀꙀꟿꩿꪀꬿꭀꯀ가꿿/>
<뀀뚿뛀밿뱀뿿/>
<쀀쐿쑀엿였쟿저쩿쪀쿿/>
<퀀툿퉀퐿푀휿흀/>
<豈錄鹿ﬀנּﭿﮀﯿ﴿/>
<︿﹀ﹿﺿﻀ＿｀ｿﾀﺀﷰ/>
<�/>

<𐀀𐄀𐄿𐌀𐌿𐍀𐎿𐏀𐒀/>
<𒀀𒀿𒁀𒉿𒊀𒐀𒐿𒒀𒒿/>
<𗀀𗀿𗁀𗇿𗈀𗗿𗘀𗢿𗣀𗿿/>
<𛀀𛃿𝀀𝀿𝁀𝄀𝄿𝈀𝈿𝌀𝌿/>
<𞸀🀀🀿🂿🄀🄿🚀/>

<力>
<א/>
<س/>
<अ/>
<அ/>
<அ/>
<𐍑/>
<🪐/>
<😀/>
</力>

<ÀÖØöøÿĀĿŀſƀƿǀǿƀƿǀǿȀȿɀɿʀʿˀ˿/>
<ͰͽͿ΀οπϿ/>
<ЀпрѿҠҀҿӀӿԀԿՀտրֿ׀׿/>

<؀ؿـٿڀڿۀۿ/>
<܀ܿ݀݀ݿ/>
<ހ޿ހ޿/>
<ࠀ࠿ࡀࢿࣀࣿऀिीॿ/>
<ঀিী৿/>
<౿ൿවවເༀཀ྿࿀/>
<ကႠᄀᅀᆿᇀᇿሀሿቀቿኀዀዿጀጿፀ/>
<ᚿᛀក/>
<ᢿᣀ᧿ᨀᨿᩀ᪀/>
<ᰀ᰿᱀ᲀᴀᴿᵀᵿᶀᶿḀḿṀṿẀếỀỿ/>
<ἀἿὀᾀ᾿῀/>
<a⁰ⁿ₀₿℀ℿ⅀ⅿↀ/>
<ⰀⰿⱀⱿⲀⲿⳀ⳿ⴀⴿⵀⶀⷀⷿ/>
<⸀⸿⹀⺀⺿⻀⼀⼿⽀⽿⾀⾿⿀/>
<、みむむみむダㄿㆿ㇀ㇿ㈀㈿㋿㌀㏿/>

<㐀㐿㗿㘀㛀㛿㟀㟿/>
<㠀㠿㡀㤿㥀㨿㩀㬿㭀㯿/>
<㰀㰿㱀㶿㷀㼿㽀㾿㿀㿿/>
<䀀䀿䅀䅿䆀䊿䋀䍿䎀䏿/>
<䐀䕿䖀䙿䚀䝿䞀䟿/>
<䠀䢿䣀䧿䨀䪿䫀䬿䭀䯿/>
<䰀䱿䲀䴿䵀䶿䷀䷿一丿乀伿佀便俀俿/>
<倀忿怀濿瀀翿耀迿退/>
<ꀀꑿꒀ꒿꓀꓿ꔀꙀꟿꩿꪀꬿꭀꯀ가꿿/>
<뀀뚿뛀밿뱀뿿/>
<쀀쐿쑀엿였쟿저쩿쪀쿿/>
<퀀툿퉀퐿푀휿흀/>
<豈錄鹿ﬀנּﭿﮀﯿ﴿/>
<︿﹀ﹿﺿﻀ＿｀ｿﾀﺀﷰ/>
<�/>

<𐀀𐄀𐄿𐌀𐌿𐍀𐎿𐏀𐒀/>
<𒀀𒀿𒁀𒉿𒊀𒐀𒐿𒒀𒒿/>
<𗀀𗀿𗁀𗇿𗈀𗗿𗘀𗢿𗣀𗿿/>
<𛀀𛃿𝀀𝀿𝁀𝄀𝄿𝈀𝈿𝌀𝌿/>
<𞸀🀀🀿🂿🄀🄿🚀/>

<力>
<א/>
<س/>
<अ/>
<அ/>
<அ/>
<𐍑/>
<🪐/>
<😀/>
</力>

<ÀÖØöøÿĀĿŀſƀƿǀǿƀƿǀǿȀȿɀɿʀʿˀ˿/>
<ͰͽͿ΀οπϿ/>
<ЀпрѿҠҀҿӀӿԀԿՀտրֿ׀׿/>

<؀ؿـٿڀڿۀۿ/>
<܀ܿ݀݀ݿ/>
<ހ޿ހ޿/>
<ࠀ࠿ࡀࢿࣀࣿऀिीॿ/>
<ঀিী৿/>
<౿ൿවවເༀཀ྿࿀/>
<ကႠᄀᅀᆿᇀᇿሀሿቀቿኀዀዿጀጿፀ/>
<ᚿᛀក/>
<ᢿᣀ᧿ᨀᨿᩀ᪀/>
<ᰀ᰿᱀ᲀᴀᴿᵀᵿᶀᶿḀḿṀṿẀếỀỿ/>
<ἀἿὀᾀ᾿῀/>
<a⁰ⁿ₀₿℀ℿ⅀ⅿↀ/>
<ⰀⰿⱀⱿⲀⲿⳀ⳿ⴀⴿⵀⶀⷀⷿ/>
<⸀⸿⹀⺀⺿⻀⼀⼿⽀⽿⾀⾿⿀/>
<、みむむみむダㄿㆿ㇀ㇿ㈀㈿㋿㌀㏿/>

<㐀㐿㗿㘀㛀㛿㟀㟿/>
<㠀㠿㡀㤿㥀㨿㩀㬿㭀㯿/>
<㰀㰿㱀㶿㷀㼿㽀㾿㿀㿿/>
<䀀䀿䅀䅿䆀䊿䋀䍿䎀䏿/>
<䐀䕿䖀䙿䚀䝿䞀䟿/>
<䠀䢿䣀䧿䨀䪿䫀䬿䭀䯿/>
<䰀䱿䲀䴿䵀䶿䷀䷿一丿乀伿佀便俀俿/>
<倀忿怀濿瀀翿耀迿退/>
<ꀀꑿꒀ꒿꓀꓿ꔀꙀꟿꩿꪀꬿꭀꯀ가꿿/>
<뀀뚿뛀밿뱀뿿/>
<쀀쐿쑀엿였쟿저쩿쪀쿿/>
<퀀툿퉀퐿푀휿흀/>
<豈錄鹿ﬀנּﭿﮀﯿ﴿/>
<︿﹀ﹿﺿﻀ＿｀ｿﾀﺀﷰ/>
<�/>

<𐀀𐄀𐄿𐌀𐌿𐍀𐎿𐏀𐒀/>
<𒀀𒀿𒁀𒉿𒊀𒐀𒐿𒒀𒒿/>
<𗀀𗀿𗁀𗇿𗈀𗗿𗘀𗢿𗣀𗿿/>
<𛀀𛃿𝀀𝀿𝁀𝄀𝄿𝈀𝈿𝌀𝌿/>
<𞸀🀀🀿🂿🄀🄿🚀/>

<力>
<א/>
<س/>
<अ/>
<அ/>
<அ/>
<𐍑/>
<🪐/>
<😀/>
</力>

<ÀÖØöøÿĀĿŀſƀƿǀǿƀƿǀǿȀȿɀɿʀʿˀ˿/>
<ͰͽͿ΀οπϿ/>
<ЀпрѿҠҀҿӀӿԀԿՀտրֿ׀׿/>

<؀ؿـٿڀڿۀۿ/>
<܀ܿ݀݀ݿ/>
<ހ޿ހ޿/>
<ࠀ࠿ࡀࢿࣀࣿऀिीॿ/>
<ঀিী৿/>
<౿ൿවවເༀཀ྿࿀/>
<ကႠᄀᅀᆿᇀᇿሀሿቀቿኀዀዿጀጿፀ/>
<ᚿᛀក/>
<ᢿᣀ᧿ᨀᨿᩀ᪀/>
<ᰀ᰿᱀ᲀᴀᴿᵀᵿᶀᶿḀḿṀṿẀếỀỿ/>
<ἀἿὀᾀ᾿῀/>
<a⁰ⁿ₀₿℀ℿ⅀ⅿↀ/>
<ⰀⰿⱀⱿⲀⲿⳀ⳿ⴀⴿⵀⶀⷀⷿ/>
<⸀⸿⹀⺀⺿⻀⼀⼿⽀⽿⾀⾿⿀/>
<、みむむみむダㄿㆿ㇀ㇿ㈀㈿㋿㌀㏿/>

<㐀㐿㗿㘀㛀㛿㟀㟿/>
<㠀㠿㡀㤿㥀㨿㩀㬿㭀㯿/>
<㰀㰿㱀㶿㷀㼿㽀㾿㿀㿿/>
<䀀䀿䅀䅿䆀䊿䋀䍿䎀䏿/>
<䐀䕿䖀䙿䚀䝿䞀䟿/>
<䠀䢿䣀䧿䨀䪿䫀䬿䭀䯿/>
<䰀䱿䲀䴿䵀䶿䷀䷿一丿乀伿佀便俀俿/>
<倀忿怀濿瀀翿耀迿退/>
<ꀀꑿꒀ꒿꓀꓿ꔀꙀꟿꩿꪀꬿꭀꯀ가꿿/>
<뀀뚿뛀밿뱀뿿/>
<쀀쐿쑀엿였쟿저쩿쪀쿿/>
<퀀툿퉀퐿푀휿흀/>
<豈錄鹿ﬀנּﭿﮀﯿ﴿/>
<︿﹀ﹿﺿﻀ＿｀ｿﾀﺀﷰ/>
<�/>

<𐀀𐄀𐄿𐌀𐌿𐍀𐎿𐏀𐒀/>
<𒀀𒀿𒁀𒉿𒊀𒐀𒐿𒒀𒒿/>
<𗀀𗀿𗁀𗇿𗈀𗗿𗘀𗢿𗣀𗿿/>
<𛀀𛃿𝀀𝀿𝁀𝄀𝄿𝈀𝈿𝌀𝌿/>
<𞸀🀀🀿🂿🄀🄿🚀/>

<力>
<א/>
<س/>
<अ/>
<அ/>
<அ/>
<𐍑/>
<🪐/>
<😀/>
</力>

<ÀÖØöøÿĀĿŀſƀƿǀǿƀƿǀǿȀȿɀɿʀʿˀ˿/>
<ͰͽͿ΀οπϿ/>
<ЀпрѿҠҀҿӀӿԀԿՀտրֿ׀׿/>

<؀ؿـٿڀڿۀۿ/>
<܀ܿ݀݀ݿ/>
<ހ޿ހ޿/>
<ࠀ࠿ࡀࢿࣀࣿऀिीॿ/>
<ঀিী৿/>
<౿ൿවවເༀཀ྿࿀/>
<ကႠᄀᅀᆿᇀᇿሀሿቀቿኀዀዿጀጿፀ/>
<ᚿᛀក/>
<ᢿᣀ᧿ᨀᨿᩀ᪀/>
<ᰀ᰿᱀ᲀᴀᴿᵀᵿᶀᶿḀḿṀṿẀếỀỿ/>
<ἀἿὀᾀ᾿῀/>
<a⁰ⁿ₀₿℀ℿ⅀ⅿↀ/>
<ⰀⰿⱀⱿⲀⲿⳀ⳿ⴀⴿⵀⶀⷀⷿ/>
<⸀⸿⹀⺀⺿⻀⼀⼿⽀⽿⾀⾿⿀/>
<、みむむみむダㄿㆿ㇀ㇿ㈀㈿㋿㌀㏿/>

<㐀㐿㗿㘀㛀㛿㟀㟿/>
<㠀㠿㡀㤿㥀㨿㩀㬿㭀㯿/>
<㰀㰿㱀㶿㷀㼿㽀㾿㿀㿿/>
<䀀䀿䅀䅿䆀䊿䋀䍿䎀䏿/>
<䐀䕿䖀䙿䚀䝿䞀䟿/>
<䠀䢿䣀䧿䨀䪿䫀䬿䭀䯿/>
<䰀䱿䲀䴿䵀䶿䷀䷿一丿乀伿佀便俀俿/>
<倀忿怀濿瀀翿耀迿退/>
<ꀀꑿꒀ꒿꓀꓿ꔀꙀꟿꩿꪀꬿꭀꯀ가꿿/>
<뀀뚿뛀밿뱀뿿/>
<쀀쐿쑀엿였쟿저쩿쪀쿿/>
<퀀툿퉀퐿푀휿흀/>
<豈錄鹿ﬀנּﭿﮀﯿ﴿/>
<︿﹀ﹿﺿﻀ＿｀ｿﾀﺀﷰ/>
<�/>

<𐀀𐄀𐄿𐌀𐌿𐍀𐎿𐏀𐒀/>
<𒀀𒀿𒁀𒉿𒊀𒐀𒐿𒒀𒒿/>
<𗀀𗀿𗁀𗇿𗈀𗗿𗘀𗢿𗣀𗿿/>
<𛀀𛃿𝀀𝀿𝁀𝄀𝄿𝈀𝈿𝌀𝌿/>
<𞸀🀀🀿🂿🄀🄿🚀/>

<力>
<א/>
<س/>
<अ/>
<அ/>
<அ/>
<𐍑/>
<🪐/>
<😀/>
</力>

<ÀÖØöøÿĀĿŀſƀƿǀǿƀƿǀǿȀȿɀɿʀʿˀ˿/>
<ͰͽͿ΀οπϿ/>
<ЀпрѿҠҀҿӀӿԀԿՀտրֿ׀׿/>

<؀ؿـٿڀڿۀۿ/>
<܀ܿ݀݀ݿ/>
<ހ޿ހ޿/>
<ࠀ࠿ࡀࢿࣀࣿऀिीॿ/>
<ঀিী৿/>
<౿ൿවවເༀཀ྿࿀/>
<ကႠᄀᅀᆿᇀᇿሀሿቀቿኀዀዿጀጿፀ/>
<ᚿᛀក/>
<ᢿᣀ᧿ᨀᨿᩀ᪀/>
<ᰀ᰿᱀ᲀᴀᴿᵀᵿᶀᶿḀḿṀṿẀếỀỿ/>
<ἀἿὀᾀ᾿῀/>
<a⁰ⁿ₀₿℀ℿ⅀ⅿↀ/>
<ⰀⰿⱀⱿⲀⲿⳀ⳿ⴀⴿⵀⶀⷀⷿ/>
<⸀⸿⹀⺀⺿⻀⼀⼿⽀⽿⾀⾿⿀/>
<、みむむみむダㄿㆿ㇀ㇿ㈀㈿㋿㌀㏿/>

<㐀㐿㗿㘀㛀㛿㟀㟿/>
<㠀㠿㡀㤿㥀㨿㩀㬿㭀㯿/>
<㰀㰿㱀㶿㷀㼿㽀㾿㿀㿿/>
<䀀䀿䅀䅿䆀䊿䋀䍿䎀䏿/>
<䐀䕿䖀䙿䚀䝿䞀䟿/>
<䠀䢿䣀䧿䨀䪿䫀䬿䭀䯿/>
<䰀䱿䲀䴿䵀䶿䷀䷿一丿乀伿佀便俀俿/>
<倀忿怀濿瀀翿耀迿退/>
<ꀀꑿꒀ꒿꓀꓿ꔀꙀꟿꩿꪀꬿꭀꯀ가꿿/>
<뀀뚿뛀밿뱀뿿/>
<쀀쐿쑀엿였쟿저쩿쪀쿿/>
<퀀툿퉀퐿푀휿흀/>
<豈錄鹿ﬀנּﭿﮀﯿ﴿/>
<︿﹀ﹿﺿﻀ＿｀ｿﾀﺀﷰ/>
<�/>

<𐀀𐄀𐄿𐌀𐌿𐍀𐎿𐏀𐒀/>
<𒀀𒀿𒁀𒉿𒊀𒐀𒐿𒒀𒒿/>
<𗀀𗀿𗁀𗇿𗈀𗗿𗘀𗢿𗣀𗿿/>
<𛀀𛃿𝀀𝀿𝁀𝄀𝄿𝈀𝈿𝌀𝌿/>
<𞸀🀀🀿🂿🄀🄿🚀/>

<力>
<א/>
<س/>
<अ/>
<அ/>
<அ/>
<𐍑/>
<🪐/>
<😀/>
</力>

<ÀÖØöøÿĀĿŀſƀƿǀǿƀƿǀǿȀȿɀɿʀʿˀ˿/>
<ͰͽͿ΀οπϿ/>
<ЀпрѿҠҀҿӀӿԀԿՀտրֿ׀׿/>

<؀ؿـٿڀڿۀۿ/>
<܀ܿ݀݀ݿ/>
<ހ޿ހ޿/>
<ࠀ࠿ࡀࢿࣀࣿऀिीॿ/>
<ঀিী৿/>
<౿ൿවවເༀཀ྿࿀/>
<ကႠᄀᅀᆿᇀᇿሀሿቀቿኀዀዿጀጿፀ/>
<ᚿᛀក/>
<ᢿᣀ᧿ᨀᨿᩀ᪀/>
<ᰀ᰿᱀ᲀᴀᴿᵀᵿᶀᶿḀḿṀṿẀếỀỿ/>
<ἀἿὀᾀ᾿῀/>
<a⁰ⁿ₀₿℀ℿ⅀ⅿↀ/>
<ⰀⰿⱀⱿⲀⲿⳀ⳿ⴀⴿⵀⶀⷀⷿ/>
<⸀⸿⹀⺀⺿⻀⼀⼿⽀⽿⾀⾿⿀/>
<、みむむみむダㄿㆿ㇀ㇿ㈀㈿㋿㌀㏿/>

<㐀㐿㗿㘀㛀㛿㟀㟿/>
<㠀㠿㡀㤿㥀㨿㩀㬿㭀㯿/>
<㰀㰿㱀㶿㷀㼿㽀㾿㿀㿿/>
<䀀䀿䅀䅿䆀䊿䋀䍿䎀䏿/>
<䐀䕿䖀䙿䚀䝿䞀䟿/>
<䠀䢿䣀䧿䨀䪿䫀䬿䭀䯿/>
<䰀䱿䲀䴿䵀䶿䷀䷿一丿乀伿佀便俀俿/>
<倀忿怀濿瀀翿耀迿退/>
<ꀀꑿꒀ꒿꓀꓿ꔀꙀꟿꩿꪀꬿꭀꯀ가꿿/>
<뀀뚿뛀밿뱀뿿/>
<쀀쐿쑀엿였쟿저쩿쪀쿿/>
<퀀툿퉀퐿푀휿흀/>
<豈錄鹿ﬀנּﭿﮀﯿ﴿/>
<︿﹀ﹿﺿﻀ＿｀ｿﾀﺀﷰ/>
<�/>

<𐀀𐄀𐄿𐌀𐌿𐍀𐎿𐏀𐒀/>
<𒀀𒀿𒁀𒉿𒊀𒐀𒐿𒒀𒒿/>
<𗀀𗀿𗁀𗇿𗈀𗗿𗘀𗢿𗣀𗿿/>
<𛀀𛃿𝀀𝀿𝁀𝄀𝄿𝈀𝈿𝌀𝌿/>
<𞸀🀀🀿🂿🄀🄿🚀/>

<力>
<א/>
<س/>
<अ/>
<அ/>
<அ/>
<𐍑/>
<🪐/>
<😀/>
</力>

<ÀÖØöøÿĀĿŀſƀƿǀǿƀƿǀǿȀȿɀɿʀʿˀ˿/>
<ͰͽͿ΀οπϿ/>
<ЀпрѿҠҀҿӀӿԀԿՀտրֿ׀׿/>

<؀ؿـٿڀڿۀۿ/>
<܀ܿ݀݀ݿ/>
<ހ޿ހ޿/>
<ࠀ࠿ࡀࢿࣀࣿऀिीॿ/>
<ঀিী৿/>
<౿ൿවවເༀཀ྿࿀/>
<ကႠᄀᅀᆿᇀᇿሀሿቀቿኀዀዿጀጿፀ/>
<ᚿᛀក/>
<ᢿᣀ᧿ᨀᨿᩀ᪀/>
<ᰀ᰿᱀ᲀᴀᴿᵀᵿᶀᶿḀḿṀṿẀếỀỿ/>
<ἀἿὀᾀ᾿῀/>
<a⁰ⁿ₀₿℀ℿ⅀ⅿↀ/>
<ⰀⰿⱀⱿⲀⲿⳀ⳿ⴀⴿⵀⶀⷀⷿ/>
<⸀⸿⹀⺀⺿⻀⼀⼿⽀⽿⾀⾿⿀/>
<、みむむみむダㄿㆿ㇀ㇿ㈀㈿㋿㌀㏿/>

<㐀㐿㗿㘀㛀㛿㟀㟿/>
<㠀㠿㡀㤿㥀㨿㩀㬿㭀㯿/>
<㰀㰿㱀㶿㷀㼿㽀㾿㿀㿿/>
<䀀䀿䅀䅿䆀䊿䋀䍿䎀䏿/>
<䐀䕿䖀䙿䚀䝿䞀䟿/>
<䠀䢿䣀䧿䨀䪿䫀䬿䭀䯿/>
<䰀䱿䲀䴿䵀䶿䷀䷿一丿乀伿佀便俀俿/>
<倀忿怀濿瀀翿耀迿退/>
<ꀀꑿꒀ꒿꓀꓿ꔀꙀꟿꩿꪀꬿꭀꯀ가꿿/>
<뀀뚿뛀밿뱀뿿/>
<쀀쐿쑀엿였쟿저쩿쪀쿿/>
<퀀툿퉀퐿푀휿흀/>
<豈錄鹿ﬀנּﭿﮀﯿ﴿/>
<︿﹀ﹿﺿﻀ＿｀ｿﾀﺀﷰ/>
<�/>

<𐀀𐄀𐄿𐌀𐌿𐍀𐎿𐏀𐒀/>
<𒀀𒀿𒁀𒉿𒊀𒐀𒐿𒒀𒒿/>
<𗀀𗀿𗁀𗇿𗈀𗗿𗘀𗢿𗣀𗿿/>
<𛀀𛃿𝀀𝀿𝁀𝄀𝄿𝈀𝈿𝌀𝌿/>
<𞸀🀀🀿🂿🄀🄿🚀/>

<力>
<א/>
<س/>
<अ/>
<அ/>
<அ/>
<𐍑/>
<🪐/>
<😀/>
</力>

<ÀÖØöøÿĀĿŀſƀƿǀǿƀƿǀǿȀȿɀɿʀʿˀ˿/>
<ͰͽͿ΀οπϿ/>
<ЀпрѿҠҀҿӀӿԀԿՀտրֿ׀׿/>

<؀ؿـٿڀڿۀۿ/>
<܀ܿ݀݀ݿ/>
<ހ޿ހ޿/>
<ࠀ࠿ࡀࢿࣀࣿऀिीॿ/>
<ঀিী৿/>
<౿ൿවවເༀཀ྿࿀/>
<ကႠᄀᅀᆿᇀᇿሀሿቀቿኀዀዿጀጿፀ/>
<ᚿᛀក/>
<ᢿᣀ᧿ᨀᨿᩀ᪀/>
<ᰀ᰿᱀ᲀᴀᴿᵀᵿᶀᶿḀḿṀṿẀếỀỿ/>
<ἀἿὀᾀ᾿῀/>
<a⁰ⁿ₀₿℀ℿ⅀ⅿↀ/>
<ⰀⰿⱀⱿⲀⲿⳀ⳿ⴀⴿⵀⶀⷀⷿ/>
<⸀⸿⹀⺀⺿⻀⼀⼿⽀⽿⾀⾿⿀/>
<、みむむみむダㄿㆿ㇀ㇿ㈀㈿㋿㌀㏿/>

<㐀㐿㗿㘀㛀㛿㟀㟿/>
<㠀㠿㡀㤿㥀㨿㩀㬿㭀㯿/>
<㰀㰿㱀㶿㷀㼿㽀㾿㿀㿿/>
<䀀䀿䅀䅿䆀䊿䋀䍿䎀䏿/>
<䐀䕿䖀䙿䚀䝿䞀䟿/>
<䠀䢿䣀䧿䨀䪿䫀䬿䭀䯿/>
<䰀䱿䲀䴿䵀䶿䷀䷿一丿乀伿佀便俀俿/>
<倀忿怀濿瀀翿耀迿退/>
<ꀀꑿꒀ꒿꓀꓿ꔀꙀꟿꩿꪀꬿꭀꯀ가꿿/>
<뀀뚿뛀밿뱀뿿/>
<쀀쐿쑀엿였쟿저쩿쪀쿿/>
<퀀툿퉀퐿푀휿흀/>
<豈錄鹿ﬀנּﭿﮀﯿ﴿/>
<︿﹀ﹿﺿﻀ＿｀ｿﾀﺀﷰ/>
<�/>

<𐀀𐄀𐄿𐌀𐌿𐍀𐎿𐏀𐒀/>
<𒀀𒀿𒁀𒉿𒊀𒐀𒐿𒒀𒒿/>
<𗀀𗀿𗁀𗇿𗈀𗗿𗘀𗢿𗣀𗿿/>
<𛀀𛃿𝀀𝀿𝁀𝄀𝄿𝈀𝈿𝌀𝌿/>
<𞸀🀀🀿🂿🄀🄿🚀/>

<力>
<א/>
<س/>
<अ/>
<அ/>
<அ/>
<𐍑/>
<🪐/>
<😀/>
</力>

<ÀÖØöøÿĀĿŀſƀƿǀǿƀƿǀǿȀȿɀɿʀʿˀ˿/>
<ͰͽͿ΀οπϿ/>
<ЀпрѿҠҀҿӀӿԀԿՀտրֿ׀׿/>

<؀ؿـٿڀڿۀۿ/>
<܀ܿ݀݀ݿ/>
<ހ޿ހ޿/>
<ࠀ࠿ࡀࢿࣀࣿऀिीॿ/>
<ঀিী৿/>
<౿ൿවවເༀཀ྿࿀/>
<ကႠᄀᅀᆿᇀᇿሀሿቀቿኀዀዿጀጿፀ/>
<ᚿᛀក/>
<ᢿᣀ᧿ᨀᨿᩀ᪀/>
<ᰀ᰿᱀ᲀᴀᴿᵀᵿᶀᶿḀḿṀṿẀếỀỿ/>
<ἀἿὀᾀ᾿῀/>
<a⁰ⁿ₀₿℀ℿ⅀ⅿↀ/>
<ⰀⰿⱀⱿⲀⲿⳀ⳿ⴀⴿⵀⶀⷀⷿ/>
<⸀⸿⹀⺀⺿⻀⼀⼿⽀⽿⾀⾿⿀/>
<、みむむみむダㄿㆿ㇀ㇿ㈀㈿㋿㌀㏿/>

<㐀㐿㗿㘀㛀㛿㟀㟿/>
<㠀㠿㡀㤿㥀㨿㩀㬿㭀㯿/>
<㰀㰿㱀㶿㷀㼿㽀㾿㿀㿿/>
<䀀䀿䅀䅿䆀䊿䋀䍿䎀䏿/>
<䐀䕿䖀䙿䚀䝿䞀䟿/>
<䠀䢿䣀䧿䨀䪿䫀䬿䭀䯿/>
<䰀䱿䲀䴿䵀䶿䷀䷿一丿乀伿佀便俀俿/>
<倀忿怀濿瀀翿耀迿退/>
<ꀀꑿꒀ꒿꓀꓿ꔀꙀꟿꩿꪀꬿꭀꯀ가꿿/>
<뀀뚿뛀밿뱀뿿/>
<쀀쐿쑀엿였쟿저쩿쪀쿿/>
<퀀툿퉀퐿푀휿흀/>
<豈錄鹿ﬀנּﭿﮀﯿ﴿/>
<︿﹀ﹿﺿﻀ＿｀ｿﾀﺀﷰ/>
<�/>

<𐀀𐄀𐄿𐌀𐌿𐍀𐎿𐏀𐒀/>
<𒀀𒀿𒁀𒉿𒊀𒐀𒐿𒒀𒒿/>
<𗀀𗀿𗁀𗇿𗈀𗗿𗘀𗢿𗣀𗿿/>
<𛀀𛃿𝀀𝀿𝁀𝄀𝄿𝈀𝈿𝌀𝌿/>
<𞸀🀀🀿🂿🄀🄿🚀/>

<力>
<א/>
<س/>
<अ/>
<அ/>
<அ/>
<𐍑/>
<🪐/>
<😀/>
</力>

<ÀÖØöøÿĀĿŀſƀƿǀǿƀƿǀǿȀȿɀɿʀʿˀ˿/>
<ͰͽͿ΀οπϿ/>
<ЀпрѿҠҀҿӀӿԀԿՀտրֿ׀׿/>

<؀ؿـٿڀڿۀۿ/>
<܀ܿ݀݀ݿ/>
<ހ޿ހ޿/>
<ࠀ࠿ࡀࢿࣀࣿऀिीॿ/>
<ঀিী৿/>
<౿ൿවවເༀཀ྿࿀/>
<ကႠᄀᅀᆿᇀᇿሀሿቀቿኀዀዿጀጿፀ/>
<ᚿᛀក/>
<ᢿᣀ᧿ᨀᨿᩀ᪀/>
<ᰀ᰿᱀ᲀᴀᴿᵀᵿᶀᶿḀḿṀṿẀếỀỿ/>
<ἀἿὀᾀ᾿῀/>
<a⁰ⁿ₀₿℀ℿ⅀ⅿↀ/>
<ⰀⰿⱀⱿⲀⲿⳀ⳿ⴀⴿⵀⶀⷀⷿ/>
<⸀⸿⹀⺀⺿⻀⼀⼿⽀⽿⾀⾿⿀/>
<、みむむみむダㄿㆿ㇀ㇿ㈀㈿㋿㌀㏿/>

<㐀㐿㗿㘀㛀㛿㟀㟿/>
<㠀㠿㡀㤿㥀㨿㩀㬿㭀㯿/>
<㰀㰿㱀㶿㷀㼿㽀㾿㿀㿿/>
<䀀䀿䅀䅿䆀䊿䋀䍿䎀䏿/>
<䐀䕿䖀䙿䚀䝿䞀䟿/>
<䠀䢿䣀䧿䨀䪿䫀䬿䭀䯿/>
<䰀䱿䲀䴿䵀䶿䷀䷿一丿乀伿佀便俀俿/>
<倀忿怀濿瀀翿耀迿退/>
<ꀀꑿꒀ꒿꓀꓿ꔀꙀꟿꩿꪀꬿꭀꯀ가꿿/>
<뀀뚿뛀밿뱀뿿/>
<쀀쐿쑀엿였쟿저쩿쪀쿿/>
<퀀툿퉀퐿푀휿흀/>
<豈錄鹿ﬀנּﭿﮀﯿ﴿/>
<︿﹀ﹿﺿﻀ＿｀ｿﾀﺀﷰ/>
<�/>

<𐀀𐄀𐄿𐌀𐌿𐍀𐎿𐏀𐒀/>
<𒀀𒀿𒁀𒉿𒊀𒐀𒐿𒒀𒒿/>
<𗀀𗀿𗁀𗇿𗈀𗗿𗘀𗢿𗣀𗿿/>
<𛀀𛃿𝀀𝀿𝁀𝄀𝄿𝈀𝈿𝌀𝌿/>
<𞸀🀀🀿🂿🄀🄿🚀/>

<力>
<א/>
<س/>
<अ/>
<அ/>
<அ/>
<𐍑/>
<🪐/>
<😀/>
</力>

<ÀÖØöøÿĀĿŀſƀƿǀǿƀƿǀǿȀȿɀɿʀʿˀ˿/>
<ͰͽͿ΀οπϿ/>
<ЀпрѿҠҀҿӀӿԀԿՀտրֿ׀׿/>

<؀ؿـٿڀڿۀۿ/>
<܀ܿ݀݀ݿ/>
<ހ޿ހ޿/>
<ࠀ࠿ࡀࢿࣀࣿऀिीॿ/>
<ঀিী৿/>
<౿ൿවවເༀཀ྿࿀/>
<ကႠᄀᅀᆿᇀᇿሀሿቀቿኀዀዿጀጿፀ/>
<ᚿᛀក/>
<ᢿᣀ᧿ᨀᨿᩀ᪀/>
<ᰀ᰿᱀ᲀᴀᴿᵀᵿᶀᶿḀḿṀṿẀếỀỿ/>
<ἀἿὀᾀ᾿῀/>
<a⁰ⁿ₀₿℀ℿ⅀ⅿↀ/>
<ⰀⰿⱀⱿⲀⲿⳀ⳿ⴀⴿⵀⶀⷀⷿ/>
<⸀⸿⹀⺀⺿⻀⼀⼿⽀⽿⾀⾿⿀/>
<、みむむみむダㄿㆿ㇀ㇿ㈀㈿㋿㌀㏿/>

<㐀㐿㗿㘀㛀㛿㟀㟿/>
<㠀㠿㡀㤿㥀㨿㩀㬿㭀㯿/>
<㰀㰿㱀㶿㷀㼿㽀㾿㿀㿿/>
<䀀䀿䅀䅿䆀䊿䋀䍿䎀䏿/>
<䐀䕿䖀䙿䚀䝿䞀䟿/>
<䠀䢿䣀䧿䨀䪿䫀䬿䭀䯿/>
<䰀䱿䲀䴿䵀䶿䷀䷿一丿乀伿佀便俀俿/>
<倀忿怀濿瀀翿耀迿退/>
<ꀀꑿꒀ꒿꓀꓿ꔀꙀꟿꩿꪀꬿꭀꯀ가꿿/>
<뀀뚿뛀밿뱀뿿/>
<쀀쐿쑀엿였쟿저쩿쪀쿿/>
<퀀툿퉀퐿푀휿흀/>
<豈錄鹿ﬀנּﭿﮀﯿ﴿/>
<︿﹀ﹿﺿﻀ＿｀ｿﾀﺀﷰ/>
<�/>

<𐀀𐄀𐄿𐌀𐌿𐍀𐎿𐏀𐒀/>
<𒀀𒀿𒁀𒉿𒊀𒐀𒐿𒒀𒒿/>
<𗀀𗀿𗁀𗇿𗈀𗗿𗘀𗢿𗣀𗿿/>
<𛀀𛃿𝀀𝀿𝁀𝄀𝄿𝈀𝈿𝌀𝌿/>
<𞸀🀀🀿🂿🄀🄿🚀/>

<力>
<א/>
<س/>
<अ/>
<அ/>
<அ/>
<𐍑/>
<🪐/>
<😀/>
</力>

<ÀÖØöøÿĀĿŀſƀƿǀǿƀƿǀǿȀȿɀɿʀʿˀ˿/>
<ͰͽͿ΀οπϿ/>
<ЀпрѿҠҀҿӀӿԀԿՀտրֿ׀׿/>

<؀ؿـٿڀڿۀۿ/>
<܀ܿ݀݀ݿ/>
<ހ޿ހ޿/>
<ࠀ࠿ࡀࢿࣀࣿऀिीॿ/>
<ঀিী৿/>
<౿ൿවවເༀཀ྿࿀/>
<ကႠᄀᅀᆿᇀᇿሀሿቀቿኀዀዿጀጿፀ/>
<ᚿᛀក/>
<ᢿᣀ᧿ᨀᨿᩀ᪀/>
<ᰀ᰿᱀ᲀᴀᴿᵀᵿᶀᶿḀḿṀṿẀếỀỿ/>
<ἀἿὀᾀ᾿῀/>
<a⁰ⁿ₀₿℀ℿ⅀ⅿↀ/>
<ⰀⰿⱀⱿⲀⲿⳀ⳿ⴀⴿⵀⶀⷀⷿ/>
<⸀⸿⹀⺀⺿⻀⼀⼿⽀⽿⾀⾿⿀/>
<、みむむみむダㄿㆿ㇀ㇿ㈀㈿㋿㌀㏿/>

<㐀㐿㗿㘀㛀㛿㟀㟿/>
<㠀㠿㡀㤿㥀㨿㩀㬿㭀㯿/>
<㰀㰿㱀㶿㷀㼿㽀㾿㿀㿿/>
<䀀䀿䅀䅿䆀䊿䋀䍿䎀䏿/>
<䐀䕿䖀䙿䚀䝿䞀䟿/>
<䠀䢿䣀䧿䨀䪿䫀䬿䭀䯿/>
<䰀䱿䲀䴿䵀䶿䷀䷿一丿乀伿佀便俀俿/>
<倀忿怀濿瀀翿耀迿退/>
<ꀀꑿꒀ꒿꓀꓿ꔀꙀꟿꩿꪀꬿꭀꯀ가꿿/>
<뀀뚿뛀밿뱀뿿/>
<쀀쐿쑀엿였쟿저쩿쪀쿿/>
<퀀툿퉀퐿푀휿흀/>
<豈錄鹿ﬀנּﭿﮀﯿ﴿/>
<︿﹀ﹿﺿﻀ＿｀ｿﾀﺀﷰ/>
<�/>

<𐀀𐄀𐄿𐌀𐌿𐍀𐎿𐏀𐒀/>
<𒀀𒀿𒁀𒉿𒊀𒐀𒐿𒒀𒒿/>
<𗀀𗀿𗁀𗇿𗈀𗗿𗘀𗢿𗣀𗿿/>
<𛀀𛃿𝀀𝀿𝁀𝄀𝄿𝈀𝈿𝌀𝌿/>
<𞸀🀀🀿🂿🄀🄿🚀/>

<力>
<א/>
<س/>
<अ/>
<அ/>
<அ/>
<𐍑/>
<🪐/>
<😀/>
</力>

<ÀÖØöøÿĀĿŀſƀƿǀǿƀƿǀǿȀȿɀɿʀʿˀ˿/>
<ͰͽͿ΀οπϿ/>
<ЀпрѿҠҀҿӀӿԀԿՀտրֿ׀׿/>

<؀ؿـٿڀڿۀۿ/>
<܀ܿ݀݀ݿ/>
<ހ޿ހ޿/>
<ࠀ࠿ࡀࢿࣀࣿऀिीॿ/>
<ঀিী৿/>
<౿ൿවවເༀཀ྿࿀/>
<ကႠᄀᅀᆿᇀᇿሀሿቀቿኀዀዿጀጿፀ/>
<ᚿᛀក/>
<ᢿᣀ᧿ᨀᨿᩀ᪀/>
<ᰀ᰿᱀ᲀᴀᴿᵀᵿᶀᶿḀḿṀṿẀếỀỿ/>
<ἀἿὀᾀ᾿῀/>
<a⁰ⁿ₀₿℀ℿ⅀ⅿↀ/>
<ⰀⰿⱀⱿⲀⲿⳀ⳿ⴀⴿⵀⶀⷀⷿ/>
<⸀⸿⹀⺀⺿⻀⼀⼿⽀⽿⾀⾿⿀/>
<、みむむみむダㄿㆿ㇀ㇿ㈀㈿㋿㌀㏿/>

<㐀㐿㗿㘀㛀㛿㟀㟿/>
<㠀㠿㡀㤿㥀㨿㩀㬿㭀㯿/>
<㰀㰿㱀㶿㷀㼿㽀㾿㿀㿿/>
<䀀䀿䅀䅿䆀䊿䋀䍿䎀䏿/>
<䐀䕿䖀䙿䚀䝿䞀䟿/>
<䠀䢿䣀䧿䨀䪿䫀䬿䭀䯿/>
<䰀䱿䲀䴿䵀䶿䷀䷿一丿乀伿佀便俀俿/>
<倀忿怀濿瀀翿耀迿退/>
<ꀀꑿꒀ꒿꓀꓿ꔀꙀꟿꩿꪀꬿꭀꯀ가꿿/>
<뀀뚿뛀밿뱀뿿/>
<쀀쐿쑀엿였쟿저쩿쪀쿿/>
<퀀툿퉀퐿푀휿흀/>
<豈錄鹿ﬀנּﭿﮀﯿ﴿/>
<︿﹀ﹿﺿﻀ＿｀ｿﾀﺀﷰ/>
<�/>

<𐀀𐄀𐄿𐌀𐌿𐍀𐎿𐏀𐒀/>
<𒀀𒀿𒁀𒉿𒊀𒐀𒐿𒒀𒒿/>
<𗀀𗀿𗁀𗇿𗈀𗗿𗘀𗢿𗣀𗿿/>
<𛀀𛃿𝀀𝀿𝁀𝄀𝄿𝈀𝈿𝌀𝌿/>
<𞸀🀀🀿🂿🄀🄿🚀/>

<力>
<א/>
<س/>
<अ/>
<அ/>
<அ/>
<𐍑/>
<🪐/>
<😀/>
</力>

<ÀÖØöøÿĀĿŀſƀƿǀǿƀƿǀǿȀȿɀɿʀʿˀ˿/>
<ͰͽͿ΀οπϿ/>
<ЀпрѿҠҀҿӀӿԀԿՀտրֿ׀׿/>

<؀ؿـٿڀڿۀۿ/>
<܀ܿ݀݀ݿ/>
<ހ޿ހ޿/>
<ࠀ࠿ࡀࢿࣀࣿऀिीॿ/>
<ঀিী৿/>
<౿ൿවවເༀཀ྿࿀/>
<ကႠᄀᅀᆿᇀᇿሀሿቀቿኀዀዿጀጿፀ/>
<ᚿᛀក/>
<ᢿᣀ᧿ᨀᨿᩀ᪀/>
<ᰀ᰿᱀ᲀᴀᴿᵀᵿᶀᶿḀḿṀṿẀếỀỿ/>
<ἀἿὀᾀ᾿῀/>
<a⁰ⁿ₀₿℀ℿ⅀ⅿↀ/>
<ⰀⰿⱀⱿⲀⲿⳀ⳿ⴀⴿⵀⶀⷀⷿ/>
<⸀⸿⹀⺀⺿⻀⼀⼿⽀⽿⾀⾿⿀/>
<、みむむみむダㄿㆿ㇀ㇿ㈀㈿㋿㌀㏿/>

<㐀㐿㗿㘀㛀㛿㟀㟿/>
<㠀㠿㡀㤿㥀㨿㩀㬿㭀㯿/>
<㰀㰿㱀㶿㷀㼿㽀㾿㿀㿿/>
<䀀䀿䅀䅿䆀䊿䋀䍿䎀䏿/>
<䐀䕿䖀䙿䚀䝿䞀䟿/>
<䠀䢿䣀䧿䨀䪿䫀䬿䭀䯿/>
<䰀䱿䲀䴿䵀䶿䷀䷿一丿乀伿佀便俀俿/>
<倀忿怀濿瀀翿耀迿退/>
<ꀀꑿꒀ꒿꓀꓿ꔀꙀꟿꩿꪀꬿꭀꯀ가꿿/>
<뀀뚿뛀밿뱀뿿/>
<쀀쐿쑀엿였쟿저쩿쪀쿿/>
<퀀툿퉀퐿푀휿흀/>
<豈錄鹿ﬀנּﭿﮀﯿ﴿/>
<︿﹀ﹿﺿﻀ＿｀ｿﾀﺀﷰ/>
<�/>

<𐀀𐄀𐄿𐌀𐌿𐍀𐎿𐏀𐒀/>
<𒀀𒀿𒁀𒉿𒊀𒐀𒐿𒒀𒒿/>
<𗀀𗀿𗁀𗇿𗈀𗗿𗘀𗢿𗣀𗿿/>
<𛀀𛃿𝀀𝀿𝁀𝄀𝄿𝈀𝈿𝌀𝌿/>
<𞸀🀀🀿🂿🄀🄿🚀/>

<力>
<א/>
<س/>
<अ/>
<அ/>
<அ/>
<𐍑/>
<🪐/>
<😀/>
</力>

<ÀÖØöøÿĀĿŀſƀƿǀǿƀƿǀǿȀȿɀɿʀʿˀ˿/>
<ͰͽͿ΀οπϿ/>
<ЀпрѿҠҀҿӀӿԀԿՀտրֿ׀׿/>

<؀ؿـٿڀڿۀۿ/>
<܀ܿ݀݀ݿ/>
<ހ޿ހ޿/>
<ࠀ࠿ࡀࢿࣀࣿऀिीॿ/>
<ঀিী৿/>
<౿ൿවවເༀཀ྿࿀/>
<ကႠᄀᅀᆿᇀᇿሀሿቀቿኀዀዿጀጿፀ/>
<ᚿᛀក/>
<ᢿᣀ᧿ᨀᨿᩀ᪀/>
<ᰀ᰿᱀ᲀᴀᴿᵀᵿᶀᶿḀḿṀṿẀếỀỿ/>
<ἀἿὀᾀ᾿῀/>
<a⁰ⁿ₀₿℀ℿ⅀ⅿↀ/>
<ⰀⰿⱀⱿⲀⲿⳀ⳿ⴀⴿⵀⶀⷀⷿ/>
<⸀⸿⹀⺀⺿⻀⼀⼿⽀⽿⾀⾿⿀/>
<、みむむみむダㄿㆿ㇀ㇿ㈀㈿㋿㌀㏿/>

<㐀㐿㗿㘀㛀㛿㟀㟿/>
<㠀㠿㡀㤿㥀㨿㩀㬿㭀㯿/>
<㰀㰿㱀㶿㷀㼿㽀㾿㿀㿿/>
<䀀䀿䅀䅿䆀䊿䋀䍿䎀䏿/>
<䐀䕿䖀䙿䚀䝿䞀䟿/>
<䠀䢿䣀䧿䨀䪿䫀䬿䭀䯿/>
<䰀䱿䲀䴿䵀䶿䷀䷿一丿乀伿佀便俀俿/>
<倀忿怀濿瀀翿耀迿退/>
<ꀀꑿꒀ꒿꓀꓿ꔀꙀꟿꩿꪀꬿꭀꯀ가꿿/>
<뀀뚿뛀밿뱀뿿/>
<쀀쐿쑀엿였쟿저쩿쪀쿿/>
<퀀툿퉀퐿푀휿흀/>
<豈錄鹿ﬀנּﭿﮀﯿ﴿/>
<︿﹀ﹿﺿﻀ＿｀ｿﾀﺀﷰ/>
<�/>

<𐀀𐄀𐄿𐌀𐌿𐍀𐎿𐏀𐒀/>
<𒀀𒀿𒁀𒉿𒊀𒐀𒐿𒒀𒒿/>
<𗀀𗀿𗁀𗇿𗈀𗗿𗘀𗢿𗣀𗿿/>
<𛀀𛃿𝀀𝀿𝁀𝄀𝄿𝈀𝈿𝌀𝌿/>
<𞸀🀀🀿🂿🄀🄿🚀/>

<力>
<א/>
<س/>
<अ/>
<அ/>
<அ/>
<𐍑/>
<🪐/>
<😀/>
</力>

<ÀÖØöøÿĀĿŀſƀƿǀǿƀƿǀǿȀȿɀɿʀʿˀ˿/>
<ͰͽͿ΀οπϿ/>
<ЀпрѿҠҀҿӀӿԀԿՀտրֿ׀׿/>

<؀ؿـٿڀڿۀۿ/>
<܀ܿ݀݀ݿ/>
<ހ޿ހ޿/>
<ࠀ࠿ࡀࢿࣀࣿऀिीॿ/>
<ঀিী৿/>
<౿ൿවවເༀཀ྿࿀/>
<ကႠᄀᅀᆿᇀᇿሀሿቀቿኀዀዿጀጿፀ/>
<ᚿᛀក/>
<ᢿᣀ᧿ᨀᨿᩀ᪀/>
<ᰀ᰿᱀ᲀᴀᴿᵀᵿᶀᶿḀḿṀṿẀếỀỿ/>
<ἀἿὀᾀ᾿῀/>
<a⁰ⁿ₀₿℀ℿ⅀ⅿↀ/>
<ⰀⰿⱀⱿⲀⲿⳀ⳿ⴀⴿⵀⶀⷀⷿ/>
<⸀⸿⹀⺀⺿⻀⼀⼿⽀⽿⾀⾿⿀/>
<、みむむみむダㄿㆿ㇀ㇿ㈀㈿㋿㌀㏿/>

<㐀㐿㗿㘀㛀㛿㟀㟿/>
<㠀㠿㡀㤿㥀㨿㩀㬿㭀㯿/>
<㰀㰿㱀㶿㷀㼿㽀㾿㿀㿿/>
<䀀䀿䅀䅿䆀䊿䋀䍿䎀䏿/>
<䐀䕿䖀䙿䚀䝿䞀䟿/>
<䠀䢿䣀䧿䨀䪿䫀䬿䭀䯿/>
<䰀䱿䲀䴿䵀䶿䷀䷿一丿乀伿佀便俀俿/>
<倀忿怀濿瀀翿耀迿退/>
<ꀀꑿꒀ꒿꓀꓿ꔀꙀꟿꩿꪀꬿꭀꯀ가꿿/>
<뀀뚿뛀밿뱀뿿/>
<쀀쐿쑀엿였쟿저쩿쪀쿿/>
<퀀툿퉀퐿푀휿흀/>
<豈錄鹿ﬀנּﭿﮀﯿ﴿/>
<︿﹀ﹿﺿﻀ＿｀ｿﾀﺀﷰ/>
<�/>

<𐀀𐄀𐄿𐌀𐌿𐍀𐎿𐏀𐒀/>
<𒀀𒀿𒁀𒉿𒊀𒐀𒐿𒒀𒒿/>
<𗀀𗀿𗁀𗇿𗈀𗗿𗘀𗢿𗣀𗿿/>
<𛀀𛃿𝀀𝀿𝁀𝄀𝄿𝈀𝈿𝌀𝌿/>
<𞸀🀀🀿🂿🄀🄿🚀/>

<力>
<א/>
<س/>
<अ/>
<அ/>
<அ/>
<𐍑/>
<🪐/>
<😀/>
</力>

<ÀÖØöøÿĀĿŀſƀƿǀǿƀƿǀǿȀȿɀɿʀʿˀ˿/>
<ͰͽͿ΀οπϿ/>
<ЀпрѿҠҀҿӀӿԀԿՀտրֿ׀׿/>

<؀ؿـٿڀڿۀۿ/>
<܀ܿ݀݀ݿ/>
<ހ޿ހ޿/>
<ࠀ࠿ࡀࢿࣀࣿऀिीॿ/>
<ঀিী৿/>
<౿ൿවවເༀཀ྿࿀/>
<ကႠᄀᅀᆿᇀᇿሀሿቀቿኀዀዿጀጿፀ/>
<ᚿᛀក/>
<ᢿᣀ᧿ᨀᨿᩀ᪀/>
<ᰀ᰿᱀ᲀᴀᴿᵀᵿᶀᶿḀḿṀṿẀếỀỿ/>
<ἀἿὀᾀ᾿῀/>
<a⁰ⁿ₀₿℀ℿ⅀ⅿↀ/>
<ⰀⰿⱀⱿⲀⲿⳀ⳿ⴀⴿⵀⶀⷀⷿ/>
<⸀⸿⹀⺀⺿⻀⼀⼿⽀⽿⾀⾿⿀/>
<、みむむみむダㄿㆿ㇀ㇿ㈀㈿㋿㌀㏿/>

<㐀㐿㗿㘀㛀㛿㟀㟿/>
<㠀㠿㡀㤿㥀㨿㩀㬿㭀㯿/>
<㰀㰿㱀㶿㷀㼿㽀㾿㿀㿿/>
<䀀䀿䅀䅿䆀䊿䋀䍿䎀䏿/>
<䐀䕿䖀䙿䚀䝿䞀䟿/>
<䠀䢿䣀䧿䨀䪿䫀䬿䭀䯿/>
<䰀䱿䲀䴿䵀䶿䷀䷿一丿乀伿佀便俀俿/>
<倀忿怀濿瀀翿耀迿退/>
<ꀀꑿꒀ꒿꓀꓿ꔀꙀꟿꩿꪀꬿꭀꯀ가꿿/>
<뀀뚿뛀밿뱀뿿/>
<쀀쐿쑀엿였쟿저쩿쪀쿿/>
<퀀툿퉀퐿푀휿흀/>
<豈錄鹿ﬀנּﭿﮀﯿ﴿/>
<︿﹀ﹿﺿﻀ＿｀ｿﾀﺀﷰ/>
<�/>

<𐀀𐄀𐄿𐌀𐌿𐍀𐎿𐏀𐒀/>
<𒀀𒀿𒁀𒉿𒊀𒐀𒐿𒒀𒒿/>
<𗀀𗀿𗁀𗇿𗈀𗗿𗘀𗢿𗣀𗿿/>
<𛀀𛃿𝀀𝀿𝁀𝄀𝄿𝈀𝈿𝌀𝌿/>
<𞸀🀀🀿🂿🄀🄿🚀/>

<力>
<א/>
<س/>
<अ/>
<அ/>
<அ/>
<𐍑/>
<🪐/>
<😀/>
</力>

<ÀÖØöøÿĀĿŀſƀƿǀǿƀƿǀǿȀȿɀɿʀʿˀ˿/>
<ͰͽͿ΀οπϿ/>
<ЀпрѿҠҀҿӀӿԀԿՀտրֿ׀׿/>

<؀ؿـٿڀڿۀۿ/>
<܀ܿ݀݀ݿ/>
<ހ޿ހ޿/>
<ࠀ࠿ࡀࢿࣀࣿऀिीॿ/>
<ঀিী৿/>
<౿ൿවවເༀཀ྿࿀/>
<ကႠᄀᅀᆿᇀᇿሀሿቀቿኀዀዿጀጿፀ/>
<ᚿᛀក/>
<ᢿᣀ᧿ᨀᨿᩀ᪀/>
<ᰀ᰿᱀ᲀᴀᴿᵀᵿᶀᶿḀḿṀṿẀếỀỿ/>
<ἀἿὀᾀ᾿῀/>
<a⁰ⁿ₀₿℀ℿ⅀ⅿↀ/>
<ⰀⰿⱀⱿⲀⲿⳀ⳿ⴀⴿⵀⶀⷀⷿ/>
<⸀⸿⹀⺀⺿⻀⼀⼿⽀⽿⾀⾿⿀/>
<、みむむみむダㄿㆿ㇀ㇿ㈀㈿㋿㌀㏿/>

<㐀㐿㗿㘀㛀㛿㟀㟿/>
<㠀㠿㡀㤿㥀㨿㩀㬿㭀㯿/>
<㰀㰿㱀㶿㷀㼿㽀㾿㿀㿿/>
<䀀䀿䅀䅿䆀䊿䋀䍿䎀䏿/>
<䐀䕿䖀䙿䚀䝿䞀䟿/>
<䠀䢿䣀䧿䨀䪿䫀䬿䭀䯿/>
<䰀䱿䲀䴿䵀䶿䷀䷿一丿乀伿佀便俀俿/>
<倀忿怀濿瀀翿耀迿退/>
<ꀀꑿꒀ꒿꓀꓿ꔀꙀꟿꩿꪀꬿꭀꯀ가꿿/>
<뀀뚿뛀밿뱀뿿/>
<쀀쐿쑀엿였쟿저쩿쪀쿿/>
<퀀툿퉀퐿푀휿흀/>
<豈錄鹿ﬀנּﭿﮀﯿ﴿/>
<︿﹀ﹿﺿﻀ＿｀ｿﾀﺀﷰ/>
<�/>

<𐀀𐄀𐄿𐌀𐌿𐍀𐎿𐏀𐒀/>
<𒀀𒀿𒁀𒉿𒊀𒐀𒐿𒒀𒒿/>
<𗀀𗀿𗁀𗇿𗈀𗗿𗘀𗢿𗣀𗿿/>
<𛀀𛃿𝀀𝀿𝁀𝄀𝄿𝈀𝈿𝌀𝌿/>
<𞸀🀀🀿🂿🄀🄿🚀/>

<力>
<א/>
<س/>
<अ/>
<அ/>
<அ/>
<𐍑/>
<🪐/>
<😀/>
</力>

<ÀÖØöøÿĀĿŀſƀƿǀǿƀƿǀǿȀȿɀɿʀʿˀ˿/>
<ͰͽͿ΀οπϿ/>
<ЀпрѿҠҀҿӀӿԀԿՀտրֿ׀׿/>

<؀ؿـٿڀڿۀۿ/>
<܀ܿ݀݀ݿ/>
<ހ޿ހ޿/>
<ࠀ࠿ࡀࢿࣀࣿऀिीॿ/>
<ঀিী৿/>
<౿ൿවවເༀཀ྿࿀/>
<ကႠᄀᅀᆿᇀᇿሀሿቀቿኀዀዿጀጿፀ/>
<ᚿᛀក/>
<ᢿᣀ᧿ᨀᨿᩀ᪀/>
<ᰀ᰿᱀ᲀᴀᴿᵀᵿᶀᶿḀḿṀṿẀếỀỿ/>
<ἀἿὀᾀ᾿῀/>
<a⁰ⁿ₀₿℀ℿ⅀ⅿↀ/>
<ⰀⰿⱀⱿⲀⲿⳀ⳿ⴀⴿⵀⶀⷀⷿ/>
<⸀⸿⹀⺀⺿⻀⼀⼿⽀⽿⾀⾿⿀/>
<、みむむみむダㄿㆿ㇀ㇿ㈀㈿㋿㌀㏿/>

<㐀㐿㗿㘀㛀㛿㟀㟿/>
<㠀㠿㡀㤿㥀㨿㩀㬿㭀㯿/>
<㰀㰿㱀㶿㷀㼿㽀㾿㿀㿿/>
<䀀䀿䅀䅿䆀䊿䋀䍿䎀䏿/>
<䐀䕿䖀䙿䚀䝿䞀䟿/>
<䠀䢿䣀䧿䨀䪿䫀䬿䭀䯿/>
<䰀䱿䲀䴿䵀䶿䷀䷿一丿乀伿佀便俀俿/>
<倀忿怀濿瀀翿耀迿退/>
<ꀀꑿꒀ꒿꓀꓿ꔀꙀꟿꩿꪀꬿꭀꯀ가꿿/>
<뀀뚿뛀밿뱀뿿/>
<쀀쐿쑀엿였쟿저쩿쪀쿿/>
<퀀툿퉀퐿푀휿흀/>
<豈錄鹿ﬀנּﭿﮀﯿ﴿/>
<︿﹀ﹿﺿﻀ＿｀ｿﾀﺀﷰ/>
<�/>

<𐀀𐄀𐄿𐌀𐌿𐍀𐎿𐏀𐒀/>
<𒀀𒀿𒁀𒉿𒊀𒐀𒐿𒒀𒒿/>
<𗀀𗀿𗁀𗇿𗈀𗗿𗘀𗢿𗣀𗿿/>
<𛀀𛃿𝀀𝀿𝁀𝄀𝄿𝈀𝈿𝌀𝌿/>
<𞸀🀀🀿🂿🄀🄿🚀/>

<力>
<א/>
<س/>
<अ/>
<அ/>
<அ/>
<𐍑/>
<🪐/>
<😀/>
</力>

<ÀÖØöøÿĀĿŀſƀƿǀǿƀƿǀǿȀȿɀɿʀʿˀ˿/>
<ͰͽͿ΀οπϿ/>
<ЀпрѿҠҀҿӀӿԀԿՀտրֿ׀׿/>

<؀ؿـٿڀڿۀۿ/>
<܀ܿ݀݀ݿ/>
<ހ޿ހ޿/>
<ࠀ࠿ࡀࢿࣀࣿऀिीॿ/>
<ঀিী৿/>
<౿ൿවවເༀཀ྿࿀/>
<ကႠᄀᅀᆿᇀᇿሀሿቀቿኀዀዿጀጿፀ/>
<ᚿᛀក/>
<ᢿᣀ᧿ᨀᨿᩀ᪀/>
<ᰀ᰿᱀ᲀᴀᴿᵀᵿᶀᶿḀḿṀṿẀếỀỿ/>
<ἀἿὀᾀ᾿῀/>
<a⁰ⁿ₀₿℀ℿ⅀ⅿↀ/>
<ⰀⰿⱀⱿⲀⲿⳀ⳿ⴀⴿⵀⶀⷀⷿ/>
<⸀⸿⹀⺀⺿⻀⼀⼿⽀⽿⾀⾿⿀/>
<、みむむみむダㄿㆿ㇀ㇿ㈀㈿㋿㌀㏿/>

<㐀㐿㗿㘀㛀㛿㟀㟿/>
<㠀㠿㡀㤿㥀㨿㩀㬿㭀㯿/>
<㰀㰿㱀㶿㷀㼿㽀㾿㿀㿿/>
<䀀䀿䅀䅿䆀䊿䋀䍿䎀䏿/>
<䐀䕿䖀䙿䚀䝿䞀䟿/>
<䠀䢿䣀䧿䨀䪿䫀䬿䭀䯿/>
<䰀䱿䲀䴿䵀䶿䷀䷿一丿乀伿佀便俀俿/>
<倀忿怀濿瀀翿耀迿退/>
<ꀀꑿꒀ꒿꓀꓿ꔀꙀꟿꩿꪀꬿꭀꯀ가꿿/>
<뀀뚿뛀밿뱀뿿/>
<쀀쐿쑀엿였쟿저쩿쪀쿿/>
<퀀툿퉀퐿푀휿흀/>
<豈錄鹿ﬀנּﭿﮀﯿ﴿/>
<︿﹀ﹿﺿﻀ＿｀ｿﾀﺀﷰ/>
<�/>

<𐀀𐄀𐄿𐌀𐌿𐍀𐎿𐏀𐒀/>
<𒀀𒀿𒁀𒉿𒊀𒐀𒐿𒒀𒒿/>
<𗀀𗀿𗁀𗇿𗈀𗗿𗘀𗢿𗣀𗿿/>
<𛀀𛃿𝀀𝀿𝁀𝄀𝄿𝈀𝈿𝌀𝌿/>
<𞸀🀀🀿🂿🄀🄿🚀/>

<力>
<א/>
<س/>
<अ/>
<அ/>
<அ/>
<𐍑/>
<🪐/>
<😀/>
</力>

<ÀÖØöøÿĀĿŀſƀƿǀǿƀƿǀǿȀȿɀɿʀʿˀ˿/>
<ͰͽͿ΀οπϿ/>
<ЀпрѿҠҀҿӀӿԀԿՀտրֿ׀׿/>

<؀ؿـٿڀڿۀۿ/>
<܀ܿ݀݀ݿ/>
<ހ޿ހ޿/>
<ࠀ࠿ࡀࢿࣀࣿऀिीॿ/>
<ঀিী৿/>
<౿ൿවවເༀཀ྿࿀/>
<ကႠᄀᅀᆿᇀᇿሀሿቀቿኀዀዿጀጿፀ/>
<ᚿᛀក/>
<ᢿᣀ᧿ᨀᨿᩀ᪀/>
<ᰀ᰿᱀ᲀᴀᴿᵀᵿᶀᶿḀḿṀṿẀếỀỿ/>
<ἀἿὀᾀ᾿῀/>
<a⁰ⁿ₀₿℀ℿ⅀ⅿↀ/>
<ⰀⰿⱀⱿⲀⲿⳀ⳿ⴀⴿⵀⶀⷀⷿ/>
<⸀⸿⹀⺀⺿⻀⼀⼿⽀⽿⾀⾿⿀/>
<、みむむみむダㄿㆿ㇀ㇿ㈀㈿㋿㌀㏿/>

<㐀㐿㗿㘀㛀㛿㟀㟿/>
<㠀㠿㡀㤿㥀㨿㩀㬿㭀㯿/>
<㰀㰿㱀㶿㷀㼿㽀㾿㿀㿿/>
<䀀䀿䅀䅿䆀䊿䋀䍿䎀䏿/>
<䐀䕿䖀䙿䚀䝿䞀䟿/>
<䠀䢿䣀䧿䨀䪿䫀䬿䭀䯿/>
<䰀䱿䲀䴿䵀䶿䷀䷿一丿乀伿佀便俀俿/>
<倀忿怀濿瀀翿耀迿退/>
<ꀀꑿꒀ꒿꓀꓿ꔀꙀꟿꩿꪀꬿꭀꯀ가꿿/>
<뀀뚿뛀밿뱀뿿/>
<쀀쐿쑀엿였쟿저쩿쪀쿿/>
<퀀툿퉀퐿푀휿흀/>
<豈錄鹿ﬀנּﭿﮀﯿ﴿/>
<︿﹀ﹿﺿﻀ＿｀ｿﾀﺀﷰ/>
<�/>

<𐀀𐄀𐄿𐌀𐌿𐍀𐎿𐏀𐒀/>
<𒀀𒀿𒁀𒉿𒊀𒐀𒐿𒒀𒒿/>
<𗀀𗀿𗁀𗇿𗈀𗗿𗘀𗢿𗣀𗿿/>
<𛀀𛃿𝀀𝀿𝁀𝄀𝄿𝈀𝈿𝌀𝌿/>
<𞸀🀀🀿🂿🄀🄿🚀/>

<力>
<א/>
<س/>
<अ/>
<அ/>
<அ/>
<𐍑/>
<🪐/>
<😀/>
</力>

<ÀÖØöøÿĀĿŀſƀƿǀǿƀƿǀǿȀȿɀɿʀʿˀ˿/>
<ͰͽͿ΀οπϿ/>
<ЀпрѿҠҀҿӀӿԀԿՀտրֿ׀׿/>

<؀ؿـٿڀڿۀۿ/>
<܀ܿ݀݀ݿ/>
<ހ޿ހ޿/>
<ࠀ࠿ࡀࢿࣀࣿऀिीॿ/>
<ঀিী৿/>
<౿ൿවවເༀཀ྿࿀/>
<ကႠᄀᅀᆿᇀᇿሀሿቀቿኀዀዿጀጿፀ/>
<ᚿᛀក/>
<ᢿᣀ᧿ᨀᨿᩀ᪀/>
<ᰀ᰿᱀ᲀᴀᴿᵀᵿᶀᶿḀḿṀṿẀếỀỿ/>
<ἀἿὀᾀ᾿῀/>
<a⁰ⁿ₀₿℀ℿ⅀ⅿↀ/>
<ⰀⰿⱀⱿⲀⲿⳀ⳿ⴀⴿⵀⶀⷀⷿ/>
<⸀⸿⹀⺀⺿⻀⼀⼿⽀⽿⾀⾿⿀/>
<、みむむみむダㄿㆿ㇀ㇿ㈀㈿㋿㌀㏿/>

<㐀㐿㗿㘀㛀㛿㟀㟿/>
<㠀㠿㡀㤿㥀㨿㩀㬿㭀㯿/>
<㰀㰿㱀㶿㷀㼿㽀㾿㿀㿿/>
<䀀䀿䅀䅿䆀䊿䋀䍿䎀䏿/>
<䐀䕿䖀䙿䚀䝿䞀䟿/>
<䠀䢿䣀䧿䨀䪿䫀䬿䭀䯿/>
<䰀䱿䲀䴿䵀䶿䷀䷿一丿乀伿佀便俀俿/>
<倀忿怀濿瀀翿耀迿退/>
<ꀀꑿꒀ꒿꓀꓿ꔀꙀꟿꩿꪀꬿꭀꯀ가꿿/>
<뀀뚿뛀밿뱀뿿/>
<쀀쐿쑀엿였쟿저쩿쪀쿿/>
<퀀툿퉀퐿푀휿흀/>
<豈錄鹿ﬀנּﭿﮀﯿ﴿/>
<︿﹀ﹿﺿﻀ＿｀ｿﾀﺀﷰ/>
<�/>

<𐀀𐄀𐄿𐌀𐌿𐍀𐎿𐏀𐒀/>
<𒀀𒀿𒁀𒉿𒊀𒐀𒐿𒒀𒒿/>
<𗀀𗀿𗁀𗇿𗈀𗗿𗘀𗢿𗣀𗿿/>
<𛀀𛃿𝀀𝀿𝁀𝄀𝄿𝈀𝈿𝌀𝌿/>
<𞸀🀀🀿🂿🄀🄿🚀/>

<力>
<א/>
<س/>
<अ/>
<அ/>
<அ/>
<𐍑/>
<🪐/>
<😀/>
</力>

<ÀÖØöøÿĀĿŀſƀƿǀǿƀƿǀǿȀȿɀɿʀʿˀ˿/>
<ͰͽͿ΀οπϿ/>
<ЀпрѿҠҀҿӀӿԀԿՀտրֿ׀׿/>

<؀ؿـٿڀڿۀۿ/>
<܀ܿ݀݀ݿ/>
<ހ޿ހ޿/>
<ࠀ࠿ࡀࢿࣀࣿऀिीॿ/>
<ঀিী৿/>
<౿ൿවවເༀཀ྿࿀/>
<ကႠᄀᅀᆿᇀᇿሀሿቀቿኀዀዿጀጿፀ/>
<ᚿᛀក/>
<ᢿᣀ᧿ᨀᨿᩀ᪀/>
<ᰀ᰿᱀ᲀᴀᴿᵀᵿᶀᶿḀḿṀṿẀếỀỿ/>
<ἀἿὀᾀ᾿῀/>
<a⁰ⁿ₀₿℀ℿ⅀ⅿↀ/>
<ⰀⰿⱀⱿⲀⲿⳀ⳿ⴀⴿⵀⶀⷀⷿ/>
<⸀⸿⹀⺀⺿⻀⼀⼿⽀⽿⾀⾿⿀/>
<、みむむみむダㄿㆿ㇀ㇿ㈀㈿㋿㌀㏿/>

<㐀㐿㗿㘀㛀㛿㟀㟿/>
<㠀㠿㡀㤿㥀㨿㩀㬿㭀㯿/>
<㰀㰿㱀㶿㷀㼿㽀㾿㿀㿿/>
<䀀䀿䅀䅿䆀䊿䋀䍿䎀䏿/>
<䐀䕿䖀䙿䚀䝿䞀䟿/>
<䠀䢿䣀䧿䨀䪿䫀䬿䭀䯿/>
<䰀䱿䲀䴿䵀䶿䷀䷿一丿乀伿佀便俀俿/>
<倀忿怀濿瀀翿耀迿退/>
<ꀀꑿꒀ꒿꓀꓿ꔀꙀꟿꩿꪀꬿꭀꯀ가꿿/>
<뀀뚿뛀밿뱀뿿/>
<쀀쐿쑀엿였쟿저쩿쪀쿿/>
<퀀툿퉀퐿푀휿흀/>
<豈錄鹿ﬀנּﭿﮀﯿ﴿/>
<︿﹀ﹿﺿﻀ＿｀ｿﾀﺀﷰ/>
<�/>

<𐀀𐄀𐄿𐌀𐌿𐍀𐎿𐏀𐒀/>
<𒀀𒀿𒁀𒉿𒊀𒐀𒐿𒒀𒒿/>
<𗀀𗀿𗁀𗇿𗈀𗗿𗘀𗢿𗣀𗿿/>
<𛀀𛃿𝀀𝀿𝁀𝄀𝄿𝈀𝈿𝌀𝌿/>
<𞸀🀀🀿🂿🄀🄿🚀/>

<力>
<א/>
<س/>
<अ/>
<அ/>
<அ/>
<𐍑/>
<🪐/>
<😀/>
</力>

<ÀÖØöøÿĀĿŀſƀƿǀǿƀƿǀǿȀȿɀɿʀʿˀ˿/>
<ͰͽͿ΀οπϿ/>
<ЀпрѿҠҀҿӀӿԀԿՀտրֿ׀׿/>

<؀ؿـٿڀڿۀۿ/>
<܀ܿ݀݀ݿ/>
<ހ޿ހ޿/>
<ࠀ࠿ࡀࢿࣀࣿऀिीॿ/>
<ঀিী৿/>
<౿ൿවවເༀཀ྿࿀/>
<ကႠᄀᅀᆿᇀᇿሀሿቀቿኀዀዿጀጿፀ/>
<ᚿᛀក/>
<ᢿᣀ᧿ᨀᨿᩀ᪀/>
<ᰀ᰿᱀ᲀᴀᴿᵀᵿᶀᶿḀḿṀṿẀếỀỿ/>
<ἀἿὀᾀ᾿῀/>
<a⁰ⁿ₀₿℀ℿ⅀ⅿↀ/>
<ⰀⰿⱀⱿⲀⲿⳀ⳿ⴀⴿⵀⶀⷀⷿ/>
<⸀⸿⹀⺀⺿⻀⼀⼿⽀⽿⾀⾿⿀/>
<、みむむみむダㄿㆿ㇀ㇿ㈀㈿㋿㌀㏿/>

<㐀㐿㗿㘀㛀㛿㟀㟿/>
<㠀㠿㡀㤿㥀㨿㩀㬿㭀㯿/>
<㰀㰿㱀㶿㷀㼿㽀㾿㿀㿿/>
<䀀䀿䅀䅿䆀䊿䋀䍿䎀䏿/>
<䐀䕿䖀䙿䚀䝿䞀䟿/>
<䠀䢿䣀䧿䨀䪿䫀䬿䭀䯿/>
<䰀䱿䲀䴿䵀䶿䷀䷿一丿乀伿佀便俀俿/>
<倀忿怀濿瀀翿耀迿退/>
<ꀀꑿꒀ꒿꓀꓿ꔀꙀꟿꩿꪀꬿꭀꯀ가꿿/>
<뀀뚿뛀밿뱀뿿/>
<쀀쐿쑀엿였쟿저쩿쪀쿿/>
<퀀툿퉀퐿푀휿흀/>
<豈錄鹿ﬀנּﭿﮀﯿ﴿/>
<︿﹀ﹿﺿﻀ＿｀ｿﾀﺀﷰ/>
<�/>

<𐀀𐄀𐄿𐌀𐌿𐍀𐎿𐏀𐒀/>
<𒀀𒀿𒁀𒉿𒊀𒐀𒐿𒒀𒒿/>
<𗀀𗀿𗁀𗇿𗈀𗗿𗘀𗢿𗣀𗿿/>
<𛀀𛃿𝀀𝀿𝁀𝄀𝄿𝈀𝈿𝌀𝌿/>
<𞸀🀀🀿🂿🄀🄿🚀/>

<力>
<א/>
<س/>
<अ/>
<அ/>
<அ/>
<𐍑/>
<🪐/>
<😀/>
</力>

<ÀÖØöøÿĀĿŀſƀƿǀǿƀƿǀǿȀȿɀɿʀʿˀ˿/>
<ͰͽͿ΀οπϿ/>
<ЀпрѿҠҀҿӀӿԀԿՀտրֿ׀׿/>

<؀ؿـٿڀڿۀۿ/>
<܀ܿ݀݀ݿ/>
<ހ޿ހ޿/>
<ࠀ࠿ࡀࢿࣀࣿऀिीॿ/>
<ঀিী৿/>
<౿ൿවවເༀཀ྿࿀/>
<ကႠᄀᅀᆿᇀᇿሀሿቀቿኀዀዿጀጿፀ/>
<ᚿᛀក/>
<ᢿᣀ᧿ᨀᨿᩀ᪀/>
<ᰀ᰿᱀ᲀᴀᴿᵀᵿᶀᶿḀḿṀṿẀếỀỿ/>
<ἀἿὀᾀ᾿῀/>
<a⁰ⁿ₀₿℀ℿ⅀ⅿↀ/>
<ⰀⰿⱀⱿⲀⲿⳀ⳿ⴀⴿⵀⶀⷀⷿ/>
<⸀⸿⹀⺀⺿⻀⼀⼿⽀⽿⾀⾿⿀/>
<、みむむみむダㄿㆿ㇀ㇿ㈀㈿㋿㌀㏿/>

<㐀㐿㗿㘀㛀㛿㟀㟿/>
<㠀㠿㡀㤿㥀㨿㩀㬿㭀㯿/>
<㰀㰿㱀㶿㷀㼿㽀㾿㿀㿿/>
<䀀䀿䅀䅿䆀䊿䋀䍿䎀䏿/>
<䐀䕿䖀䙿䚀䝿䞀䟿/>
<䠀䢿䣀䧿䨀䪿䫀䬿䭀䯿/>
<䰀䱿䲀䴿䵀䶿䷀䷿一丿乀伿佀便俀俿/>
<倀忿怀濿瀀翿耀迿退/>
<ꀀꑿꒀ꒿꓀꓿ꔀꙀꟿꩿꪀꬿꭀꯀ가꿿/>
<뀀뚿뛀밿뱀뿿/>
<쀀쐿쑀엿였쟿저쩿쪀쿿/>
<퀀툿퉀퐿푀휿흀/>
<豈錄鹿ﬀנּﭿﮀﯿ﴿/>
<︿﹀ﹿﺿﻀ＿｀ｿﾀﺀﷰ/>
<�/>

<𐀀𐄀𐄿𐌀𐌿𐍀𐎿𐏀𐒀/>
<𒀀𒀿𒁀𒉿𒊀𒐀𒐿𒒀𒒿/>
<𗀀𗀿𗁀𗇿𗈀𗗿𗘀𗢿𗣀𗿿/>
<𛀀𛃿𝀀𝀿𝁀𝄀𝄿𝈀𝈿𝌀𝌿/>
<𞸀🀀🀿🂿🄀🄿🚀/>

<力>
<א/>
<س/>
<अ/>
<அ/>
<அ/>
<𐍑/>
<🪐/>
<😀/>
</力>

<ÀÖØöøÿĀĿŀſƀƿǀǿƀƿǀǿȀȿɀɿʀʿˀ˿/>
<ͰͽͿ΀οπϿ/>
<ЀпрѿҠҀҿӀӿԀԿՀտրֿ׀׿/>

<؀ؿـٿڀڿۀۿ/>
<܀ܿ݀݀ݿ/>
<ހ޿ހ޿/>
<ࠀ࠿ࡀࢿࣀࣿऀिीॿ/>
<ঀিী৿/>
<౿ൿවවເༀཀ྿࿀/>
<ကႠᄀᅀᆿᇀᇿሀሿቀቿኀዀዿጀጿፀ/>
<ᚿᛀក/>
<ᢿᣀ᧿ᨀᨿᩀ᪀/>
<ᰀ᰿᱀ᲀᴀᴿᵀᵿᶀᶿḀḿṀṿẀếỀỿ/>
<ἀἿὀᾀ᾿῀/>
<a⁰ⁿ₀₿℀ℿ⅀ⅿↀ/>
<ⰀⰿⱀⱿⲀⲿⳀ⳿ⴀⴿⵀⶀⷀⷿ/>
<⸀⸿⹀⺀⺿⻀⼀⼿⽀⽿⾀⾿⿀/>
<、みむむみむダㄿㆿ㇀ㇿ㈀㈿㋿㌀㏿/>

<㐀㐿㗿㘀㛀㛿㟀㟿/>
<㠀㠿㡀㤿㥀㨿㩀㬿㭀㯿/>
<㰀㰿㱀㶿㷀㼿㽀㾿㿀㿿/>
<䀀䀿䅀䅿䆀䊿䋀䍿䎀䏿/>
<䐀䕿䖀䙿䚀䝿䞀䟿/>
<䠀䢿䣀䧿䨀䪿䫀䬿䭀䯿/>
<䰀䱿䲀䴿䵀䶿䷀䷿一丿乀伿佀便俀俿/>
<倀忿怀濿瀀翿耀迿退/>
<ꀀꑿꒀ꒿꓀꓿ꔀꙀꟿꩿꪀꬿꭀꯀ가꿿/>
<뀀뚿뛀밿뱀뿿/>
<쀀쐿쑀엿였쟿저쩿쪀쿿/>
<퀀툿퉀퐿푀휿흀/>
<豈錄鹿ﬀנּﭿﮀﯿ﴿/>
<︿﹀ﹿﺿﻀ＿｀ｿﾀﺀﷰ/>
<�/>

<𐀀𐄀𐄿𐌀𐌿𐍀𐎿𐏀𐒀/>
<𒀀𒀿𒁀𒉿𒊀𒐀𒐿𒒀𒒿/>
<𗀀𗀿𗁀𗇿𗈀𗗿𗘀𗢿𗣀𗿿/>
<𛀀𛃿𝀀𝀿𝁀𝄀𝄿𝈀𝈿𝌀𝌿/>
<𞸀🀀🀿🂿🄀🄿🚀/>

<力>
<א/>
<س/>
<अ/>
<அ/>
<அ/>
<𐍑/>
<🪐/>
<😀/>
</力>

<ÀÖØöøÿĀĿŀſƀƿǀǿƀƿǀǿȀȿɀɿʀʿˀ˿/>
<ͰͽͿ΀οπϿ/>
<ЀпрѿҠҀҿӀӿԀԿՀտրֿ׀׿/>

<؀ؿـٿڀڿۀۿ/>
<܀ܿ݀݀ݿ/>
<ހ޿ހ޿/>
<ࠀ࠿ࡀࢿࣀࣿऀिीॿ/>
<ঀিী৿/>
<౿ൿවවເༀཀ྿࿀/>
<ကႠᄀᅀᆿᇀᇿሀሿቀቿኀዀዿጀጿፀ/>
<ᚿᛀក/>
<ᢿᣀ᧿ᨀᨿᩀ᪀/>
<ᰀ᰿᱀ᲀᴀᴿᵀᵿᶀᶿḀḿṀṿẀếỀỿ/>
<ἀἿὀᾀ᾿῀/>
<a⁰ⁿ₀₿℀ℿ⅀ⅿↀ/>
<ⰀⰿⱀⱿⲀⲿⳀ⳿ⴀⴿⵀⶀⷀⷿ/>
<⸀⸿⹀⺀⺿⻀⼀⼿⽀⽿⾀⾿⿀/>
<、みむむみむダㄿㆿ㇀ㇿ㈀㈿㋿㌀㏿/>

<㐀㐿㗿㘀㛀㛿㟀㟿/>
<㠀㠿㡀㤿㥀㨿㩀㬿㭀㯿/>
<㰀㰿㱀㶿㷀㼿㽀㾿㿀㿿/>
<䀀䀿䅀䅿䆀䊿䋀䍿䎀䏿/>
<䐀䕿䖀䙿䚀䝿䞀䟿/>
<䠀䢿䣀䧿䨀䪿䫀䬿䭀䯿/>
<䰀䱿䲀䴿䵀䶿䷀䷿一丿乀伿佀便俀俿/>
<倀忿怀濿瀀翿耀迿退/>
<ꀀꑿꒀ꒿꓀꓿ꔀꙀꟿꩿꪀꬿꭀꯀ가꿿/>
<뀀뚿뛀밿뱀뿿/>
<쀀쐿쑀엿였쟿저쩿쪀쿿/>
<퀀툿퉀퐿푀휿흀/>
<豈錄鹿ﬀנּﭿﮀﯿ﴿/>
<︿﹀ﹿﺿﻀ＿｀ｿﾀﺀﷰ/>
<�/>

<𐀀𐄀𐄿𐌀𐌿𐍀𐎿𐏀𐒀/>
<𒀀𒀿𒁀𒉿𒊀𒐀𒐿𒒀𒒿/>
<𗀀𗀿𗁀𗇿𗈀𗗿𗘀𗢿𗣀𗿿/>
<𛀀𛃿𝀀𝀿𝁀𝄀𝄿𝈀𝈿𝌀𝌿/>
<𞸀🀀🀿🂿🄀🄿🚀/>

<力>
<א/>
<س/>
<अ/>
<அ/>
<அ/>
<𐍑/>
<🪐/>
<😀/>
</力>

<ÀÖØöøÿĀĿŀſƀƿǀǿƀƿǀǿȀȿɀɿʀʿˀ˿/>
<ͰͽͿ΀οπϿ/>
<ЀпрѿҠҀҿӀӿԀԿՀտրֿ׀׿/>

<؀ؿـٿڀڿۀۿ/>
<܀ܿ݀݀ݿ/>
<ހ޿ހ޿/>
<ࠀ࠿ࡀࢿࣀࣿऀिीॿ/>
<ঀিী৿/>
<౿ൿවවເༀཀ྿࿀/>
<ကႠᄀᅀᆿᇀᇿሀሿቀቿኀዀዿጀጿፀ/>
<ᚿᛀក/>
<ᢿᣀ᧿ᨀᨿᩀ᪀/>
<ᰀ᰿᱀ᲀᴀᴿᵀᵿᶀᶿḀḿṀṿẀếỀỿ/>
<ἀἿὀᾀ᾿῀/>
<a⁰ⁿ₀₿℀ℿ⅀ⅿↀ/>
<ⰀⰿⱀⱿⲀⲿⳀ⳿ⴀⴿⵀⶀⷀⷿ/>
<⸀⸿⹀⺀⺿⻀⼀⼿⽀⽿⾀⾿⿀/>
<、みむむみむダㄿㆿ㇀ㇿ㈀㈿㋿㌀㏿/>

<㐀㐿㗿㘀㛀㛿㟀㟿/>
<㠀㠿㡀㤿㥀㨿㩀㬿㭀㯿/>
<㰀㰿㱀㶿㷀㼿㽀㾿㿀㿿/>
<䀀䀿䅀䅿䆀䊿䋀䍿䎀䏿/>
<䐀䕿䖀䙿䚀䝿䞀䟿/>
<䠀䢿䣀䧿䨀䪿䫀䬿䭀䯿/>
<䰀䱿䲀䴿䵀䶿䷀䷿一丿乀伿佀便俀俿/>
<倀忿怀濿瀀翿耀迿退/>
<ꀀꑿꒀ꒿꓀꓿ꔀꙀꟿꩿꪀꬿꭀꯀ가꿿/>
<뀀뚿뛀밿뱀뿿/>
<쀀쐿쑀엿였쟿저쩿쪀쿿/>
<퀀툿퉀퐿푀휿흀/>
<豈錄鹿ﬀנּﭿﮀﯿ﴿/>
<︿﹀ﹿﺿﻀ＿｀ｿﾀﺀﷰ/>
<�/>

<𐀀𐄀𐄿𐌀𐌿𐍀𐎿𐏀𐒀/>
<𒀀𒀿𒁀𒉿𒊀𒐀𒐿𒒀𒒿/>
<𗀀𗀿𗁀𗇿𗈀𗗿𗘀𗢿𗣀𗿿/>
<𛀀𛃿𝀀𝀿𝁀𝄀𝄿𝈀𝈿𝌀𝌿/>
<𞸀🀀🀿🂿🄀🄿🚀/>

<力>
<א/>
<س/>
<अ/>
<அ/>
<அ/>
<𐍑/>
<🪐/>
<😀/>
</力>

<ÀÖØöøÿĀĿŀſƀƿǀǿƀƿǀǿȀȿɀɿʀʿˀ˿/>
<ͰͽͿ΀οπϿ/>
<ЀпрѿҠҀҿӀӿԀԿՀտրֿ׀׿/>

<؀ؿـٿڀڿۀۿ/>
<܀ܿ݀݀ݿ/>
<ހ޿ހ޿/>
<ࠀ࠿ࡀࢿࣀࣿऀिीॿ/>
<ঀিী৿/>
<౿ൿවවເༀཀ྿࿀/>
<ကႠᄀᅀᆿᇀᇿሀሿቀቿኀዀዿጀጿፀ/>
<ᚿᛀក/>
<ᢿᣀ᧿ᨀᨿᩀ᪀/>
<ᰀ᰿᱀ᲀᴀᴿᵀᵿᶀᶿḀḿṀṿẀếỀỿ/>
<ἀἿὀᾀ᾿῀/>
<a⁰ⁿ₀₿℀ℿ⅀ⅿↀ/>
<ⰀⰿⱀⱿⲀⲿⳀ⳿ⴀⴿⵀⶀⷀⷿ/>
<⸀⸿⹀⺀⺿⻀⼀⼿⽀⽿⾀⾿⿀/>
<、みむむみむダㄿㆿ㇀ㇿ㈀㈿㋿㌀㏿/>

<㐀㐿㗿㘀㛀㛿㟀㟿/>
<㠀㠿㡀㤿㥀㨿㩀㬿㭀㯿/>
<㰀㰿㱀㶿㷀㼿㽀㾿㿀㿿/>
<䀀䀿䅀䅿䆀䊿䋀䍿䎀䏿/>
<䐀䕿䖀䙿䚀䝿䞀䟿/>
<䠀䢿䣀䧿䨀䪿䫀䬿䭀䯿/>
<䰀䱿䲀䴿䵀䶿䷀䷿一丿乀伿佀便俀俿/>
<倀忿怀濿瀀翿耀迿退/>
<ꀀꑿꒀ꒿꓀꓿ꔀꙀꟿꩿꪀꬿꭀꯀ가꿿/>
<뀀뚿뛀밿뱀뿿/>
<쀀쐿쑀엿였쟿저쩿쪀쿿/>
<퀀툿퉀퐿푀휿흀/>
<豈錄鹿ﬀנּﭿﮀﯿ﴿/>
<︿﹀ﹿﺿﻀ＿｀ｿﾀﺀﷰ/>
<�/>

<𐀀𐄀𐄿𐌀𐌿𐍀𐎿𐏀𐒀/>
<𒀀𒀿𒁀𒉿𒊀𒐀𒐿𒒀𒒿/>
<𗀀𗀿𗁀𗇿𗈀𗗿𗘀𗢿𗣀𗿿/>
<𛀀𛃿𝀀𝀿𝁀𝄀𝄿𝈀𝈿𝌀𝌿/>
<𞸀🀀🀿🂿🄀🄿🚀/>

<力>
<א/>
<س/>
<अ/>
<அ/>
<அ/>
<𐍑/>
<🪐/>
<😀/>
</力>

<ÀÖØöøÿĀĿŀſƀƿǀǿƀƿǀǿȀȿɀɿʀʿˀ˿/>
<ͰͽͿ΀οπϿ/>
<ЀпрѿҠҀҿӀӿԀԿՀտրֿ׀׿/>

<؀ؿـٿڀڿۀۿ/>
<܀ܿ݀݀ݿ/>
<ހ޿ހ޿/>
<ࠀ࠿ࡀࢿࣀࣿऀिीॿ/>
<ঀিী৿/>
<౿ൿවවເༀཀ྿࿀/>
<ကႠᄀᅀᆿᇀᇿሀሿቀቿኀዀዿጀጿፀ/>
<ᚿᛀក/>
<ᢿᣀ᧿ᨀᨿᩀ᪀/>
<ᰀ᰿᱀ᲀᴀᴿᵀᵿᶀᶿḀḿṀṿẀếỀỿ/>
<ἀἿὀᾀ᾿῀/>
<a⁰ⁿ₀₿℀ℿ⅀ⅿↀ/>
<ⰀⰿⱀⱿⲀⲿⳀ⳿ⴀⴿⵀⶀⷀⷿ/>
<⸀⸿⹀⺀⺿⻀⼀⼿⽀⽿⾀⾿⿀/>
<、みむむみむダㄿㆿ㇀ㇿ㈀㈿㋿㌀㏿/>

<㐀㐿㗿㘀㛀㛿㟀㟿/>
<㠀㠿㡀㤿㥀㨿㩀㬿㭀㯿/>
<㰀㰿㱀㶿㷀㼿㽀㾿㿀㿿/>
<䀀䀿䅀䅿䆀䊿䋀䍿䎀䏿/>
<䐀䕿䖀䙿䚀䝿䞀䟿/>
<䠀䢿䣀䧿䨀䪿䫀䬿䭀䯿/>
<䰀䱿䲀䴿䵀䶿䷀䷿一丿乀伿佀便俀俿/>
<倀忿怀濿瀀翿耀迿退/>
<ꀀꑿꒀ꒿꓀꓿ꔀꙀꟿꩿꪀꬿꭀꯀ가꿿/>
<뀀뚿뛀밿뱀뿿/>
<쀀쐿쑀엿였쟿저쩿쪀쿿/>
<퀀툿퉀퐿푀휿흀/>
<豈錄鹿ﬀנּﭿﮀﯿ﴿/>
<︿﹀ﹿﺿﻀ＿｀ｿﾀﺀﷰ/>
<�/>

<𐀀𐄀𐄿𐌀𐌿𐍀𐎿𐏀𐒀/>
<𒀀𒀿𒁀𒉿𒊀𒐀𒐿𒒀𒒿/>
<𗀀𗀿𗁀𗇿𗈀𗗿𗘀𗢿𗣀𗿿/>
<𛀀𛃿𝀀𝀿𝁀𝄀𝄿𝈀𝈿𝌀𝌿/>
<𞸀🀀🀿🂿🄀🄿🚀/>

<力>
<א/>
<س/>
<अ/>
<அ/>
<அ/>
<𐍑/>
<🪐/>
<😀/>
</力>

<ÀÖØöøÿĀĿŀſƀƿǀǿƀƿǀǿȀȿɀɿʀʿˀ˿/>
<ͰͽͿ΀οπϿ/>
<ЀпрѿҠҀҿӀӿԀԿՀտրֿ׀׿/>

<؀ؿـٿڀڿۀۿ/>
<܀ܿ݀݀ݿ/>
<ހ޿ހ޿/>
<ࠀ࠿ࡀࢿࣀࣿऀिीॿ/>
<ঀিী৿/>
<౿ൿවවເༀཀ྿࿀/>
<ကႠᄀᅀᆿᇀᇿሀሿቀቿኀዀዿጀጿፀ/>
<ᚿᛀក/>
<ᢿᣀ᧿ᨀᨿᩀ᪀/>
<ᰀ᰿᱀ᲀᴀᴿᵀᵿᶀᶿḀḿṀṿẀếỀỿ/>
<ἀἿὀᾀ᾿῀/>
<a⁰ⁿ₀₿℀ℿ⅀ⅿↀ/>
<ⰀⰿⱀⱿⲀⲿⳀ⳿ⴀⴿⵀⶀⷀⷿ/>
<⸀⸿⹀⺀⺿⻀⼀⼿⽀⽿⾀⾿⿀/>
<、みむむみむダㄿㆿ㇀ㇿ㈀㈿㋿㌀㏿/>

<㐀㐿㗿㘀㛀㛿㟀㟿/>
<㠀㠿㡀㤿㥀㨿㩀㬿㭀㯿/>
<㰀㰿㱀㶿㷀㼿㽀㾿㿀㿿/>
<䀀䀿䅀䅿䆀䊿䋀䍿䎀䏿/>
<䐀䕿䖀䙿䚀䝿䞀䟿/>
<䠀䢿䣀䧿䨀䪿䫀䬿䭀䯿/>
<䰀䱿䲀䴿䵀䶿䷀䷿一丿乀伿佀便俀俿/>
<倀忿怀濿瀀翿耀迿退/>
<ꀀꑿꒀ꒿꓀꓿ꔀꙀꟿꩿꪀꬿꭀꯀ가꿿/>
<뀀뚿뛀밿뱀뿿/>
<쀀쐿쑀엿였쟿저쩿쪀쿿/>
<퀀툿퉀퐿푀휿흀/>
<豈錄鹿ﬀנּﭿﮀﯿ﴿/>
<︿﹀ﹿﺿﻀ＿｀ｿﾀﺀﷰ/>
<�/>

<𐀀𐄀𐄿𐌀𐌿𐍀𐎿𐏀𐒀/>
<𒀀𒀿𒁀𒉿𒊀𒐀𒐿𒒀𒒿/>
<𗀀𗀿𗁀𗇿𗈀𗗿𗘀𗢿𗣀𗿿/>
<𛀀𛃿𝀀𝀿𝁀𝄀𝄿𝈀𝈿𝌀𝌿/>
<𞸀🀀🀿🂿🄀🄿🚀/>

<力>
<א/>
<س/>
<अ/>
<அ/>
<அ/>
<𐍑/>
<🪐/>
<😀/>
</力>

<ÀÖØöøÿĀĿŀſƀƿǀǿƀƿǀǿȀȿɀɿʀʿˀ˿/>
<ͰͽͿ΀οπϿ/>
<ЀпрѿҠҀҿӀӿԀԿՀտրֿ׀׿/>

<؀ؿـٿڀڿۀۿ/>
<܀ܿ݀݀ݿ/>
<ހ޿ހ޿/>
<ࠀ࠿ࡀࢿࣀࣿऀिीॿ/>
<ঀিী৿/>
<౿ൿවවເༀཀ྿࿀/>
<ကႠᄀᅀᆿᇀᇿሀሿቀቿኀዀዿጀጿፀ/>
<ᚿᛀក/>
<ᢿᣀ᧿ᨀᨿᩀ᪀/>
<ᰀ᰿᱀ᲀᴀᴿᵀᵿᶀᶿḀḿṀṿẀếỀỿ/>
<ἀἿὀᾀ᾿῀/>
<a⁰ⁿ₀₿℀ℿ⅀ⅿↀ/>
<ⰀⰿⱀⱿⲀⲿⳀ⳿ⴀⴿⵀⶀⷀⷿ/>
<⸀⸿⹀⺀⺿⻀⼀⼿⽀⽿⾀⾿⿀/>
<、みむむみむダㄿㆿ㇀ㇿ㈀㈿㋿㌀㏿/>

<㐀㐿㗿㘀㛀㛿㟀㟿/>
<㠀㠿㡀㤿㥀㨿㩀㬿㭀㯿/>
<㰀㰿㱀㶿㷀㼿㽀㾿㿀㿿/>
<䀀䀿䅀䅿䆀䊿䋀䍿䎀䏿/>
<䐀䕿䖀䙿䚀䝿䞀䟿/>
<䠀䢿䣀䧿䨀䪿䫀䬿䭀䯿/>
<䰀䱿䲀䴿䵀䶿䷀䷿一丿乀伿佀便俀俿/>
<倀忿怀濿瀀翿耀迿退/>
<ꀀꑿꒀ꒿꓀꓿ꔀꙀꟿꩿꪀꬿꭀꯀ가꿿/>
<뀀뚿뛀밿뱀뿿/>
<쀀쐿쑀엿였쟿저쩿쪀쿿/>
<퀀툿퉀퐿푀휿흀/>
<豈錄鹿ﬀנּﭿﮀﯿ﴿/>
<︿﹀ﹿﺿﻀ＿｀ｿﾀﺀﷰ/>
<�/>

<𐀀𐄀𐄿𐌀𐌿𐍀𐎿𐏀𐒀/>
<𒀀𒀿𒁀𒉿𒊀𒐀𒐿𒒀𒒿/>
<𗀀𗀿𗁀𗇿𗈀𗗿𗘀𗢿𗣀𗿿/>
<𛀀𛃿𝀀𝀿𝁀𝄀𝄿𝈀𝈿𝌀𝌿/>
<𞸀🀀🀿🂿🄀🄿🚀/>

<力>
<א/>
<س/>
<अ/>
<அ/>
<அ/>
<𐍑/>
<🪐/>
<😀/>
</力>

<ÀÖØöøÿĀĿŀſƀƿǀǿƀƿǀǿȀȿɀɿʀʿˀ˿/>
<ͰͽͿ΀οπϿ/>
<ЀпрѿҠҀҿӀӿԀԿՀտրֿ׀׿/>

<؀ؿـٿڀڿۀۿ/>
<܀ܿ݀݀ݿ/>
<ހ޿ހ޿/>
<ࠀ࠿ࡀࢿࣀࣿऀिीॿ/>
<ঀিী৿/>
<౿ൿවවເༀཀ྿࿀/>
<ကႠᄀᅀᆿᇀᇿሀሿቀቿኀዀዿጀጿፀ/>
<ᚿᛀក/>
<ᢿᣀ᧿ᨀᨿᩀ᪀/>
<ᰀ᰿᱀ᲀᴀᴿᵀᵿᶀᶿḀḿṀṿẀếỀỿ/>
<ἀἿὀᾀ᾿῀/>
<a⁰ⁿ₀₿℀ℿ⅀ⅿↀ/>
<ⰀⰿⱀⱿⲀⲿⳀ⳿ⴀⴿⵀⶀⷀⷿ/>
<⸀⸿⹀⺀⺿⻀⼀⼿⽀⽿⾀⾿⿀/>
<、みむむみむダㄿㆿ㇀ㇿ㈀㈿㋿㌀㏿/>

<㐀㐿㗿㘀㛀㛿㟀㟿/>
<㠀㠿㡀㤿㥀㨿㩀㬿㭀㯿/>
<㰀㰿㱀㶿㷀㼿㽀㾿㿀㿿/>
<䀀䀿䅀䅿䆀䊿䋀䍿䎀䏿/>
<䐀䕿䖀䙿䚀䝿䞀䟿/>
<䠀䢿䣀䧿䨀䪿䫀䬿䭀䯿/>
<䰀䱿䲀䴿䵀䶿䷀䷿一丿乀伿佀便俀俿/>
<倀忿怀濿瀀翿耀迿退/>
<ꀀꑿꒀ꒿꓀꓿ꔀꙀꟿꩿꪀꬿꭀꯀ가꿿/>
<뀀뚿뛀밿뱀뿿/>
<쀀쐿쑀엿였쟿저쩿쪀쿿/>
<퀀툿퉀퐿푀휿흀/>
<豈錄鹿ﬀנּﭿﮀﯿ﴿/>
<︿﹀ﹿﺿﻀ＿｀ｿﾀﺀﷰ/>
<�/>

<𐀀𐄀𐄿𐌀𐌿𐍀𐎿𐏀𐒀/>
<𒀀𒀿𒁀𒉿𒊀𒐀𒐿𒒀𒒿/>
<𗀀𗀿𗁀𗇿𗈀𗗿𗘀𗢿𗣀𗿿/>
<𛀀𛃿𝀀𝀿𝁀𝄀𝄿𝈀𝈿𝌀𝌿/>
<𞸀🀀🀿🂿🄀🄿🚀/>

<力>
<א/>
<س/>
<अ/>
<அ/>
<அ/>
<𐍑/>
<🪐/>
<😀/>
</力>

<ÀÖØöøÿĀĿŀſƀƿǀǿƀƿǀǿȀȿɀɿʀʿˀ˿/>
<ͰͽͿ΀οπϿ/>
<ЀпрѿҠҀҿӀӿԀԿՀտրֿ׀׿/>

<؀ؿـٿڀڿۀۿ/>
<܀ܿ݀݀ݿ/>
<ހ޿ހ޿/>
<ࠀ࠿ࡀࢿࣀࣿऀिीॿ/>
<ঀিী৿/>
<౿ൿවවເༀཀ྿࿀/>
<ကႠᄀᅀᆿᇀᇿሀሿቀቿኀዀዿጀጿፀ/>
<ᚿᛀក/>
<ᢿᣀ᧿ᨀᨿᩀ᪀/>
<ᰀ᰿᱀ᲀᴀᴿᵀᵿᶀᶿḀḿṀṿẀếỀỿ/>
<ἀἿὀᾀ᾿῀/>
<a⁰ⁿ₀₿℀ℿ⅀ⅿↀ/>
<ⰀⰿⱀⱿⲀⲿⳀ⳿ⴀⴿⵀⶀⷀⷿ/>
<⸀⸿⹀⺀⺿⻀⼀⼿⽀⽿⾀⾿⿀/>
<、みむむみむダㄿㆿ㇀ㇿ㈀㈿㋿㌀㏿/>

<㐀㐿㗿㘀㛀㛿㟀㟿/>
<㠀㠿㡀㤿㥀㨿㩀㬿㭀㯿/>
<㰀㰿㱀㶿㷀㼿㽀㾿㿀㿿/>
<䀀䀿䅀䅿䆀䊿䋀䍿䎀䏿/>
<䐀䕿䖀䙿䚀䝿䞀䟿/>
<䠀䢿䣀䧿䨀䪿䫀䬿䭀䯿/>
<䰀䱿䲀䴿䵀䶿䷀䷿一丿乀伿佀便俀俿/>
<倀忿怀濿瀀翿耀迿退/>
<ꀀꑿꒀ꒿꓀꓿ꔀꙀꟿꩿꪀꬿꭀꯀ가꿿/>
<뀀뚿뛀밿뱀뿿/>
<쀀쐿쑀엿였쟿저쩿쪀쿿/>
<퀀툿퉀퐿푀휿흀/>
<豈錄鹿ﬀנּﭿﮀﯿ﴿/>
<︿﹀ﹿﺿﻀ＿｀ｿﾀﺀﷰ/>
<�/>

<𐀀𐄀𐄿𐌀𐌿𐍀𐎿𐏀𐒀/>
<𒀀𒀿𒁀𒉿𒊀𒐀𒐿𒒀𒒿/>
<𗀀𗀿𗁀𗇿𗈀𗗿𗘀𗢿𗣀𗿿/>
<𛀀𛃿𝀀𝀿𝁀𝄀𝄿𝈀𝈿𝌀𝌿/>
<𞸀🀀🀿🂿🄀🄿🚀/>

<力>
<א/>
<س/>
<अ/>
<அ/>
<அ/>
<𐍑/>
<🪐/>
<😀/>
</力>

<ÀÖØöøÿĀĿŀſƀƿǀǿƀƿǀǿȀȿɀɿʀʿˀ˿/>
<ͰͽͿ΀οπϿ/>
<ЀпрѿҠҀҿӀӿԀԿՀտրֿ׀׿/>

<؀ؿـٿڀڿۀۿ/>
<܀ܿ݀݀ݿ/>
<ހ޿ހ޿/>
<ࠀ࠿ࡀࢿࣀࣿऀिीॿ/>
<ঀিী৿/>
<౿ൿවවເༀཀ྿࿀/>
<ကႠᄀᅀᆿᇀᇿሀሿቀቿኀዀዿጀጿፀ/>
<ᚿᛀក/>
<ᢿᣀ᧿ᨀᨿᩀ᪀/>
<ᰀ᰿᱀ᲀᴀᴿᵀᵿᶀᶿḀḿṀṿẀếỀỿ/>
<ἀἿὀᾀ᾿῀/>
<a⁰ⁿ₀₿℀ℿ⅀ⅿↀ/>
<ⰀⰿⱀⱿⲀⲿⳀ⳿ⴀⴿⵀⶀⷀⷿ/>
<⸀⸿⹀⺀⺿⻀⼀⼿⽀⽿⾀⾿⿀/>
<、みむむみむダㄿㆿ㇀ㇿ㈀㈿㋿㌀㏿/>

<㐀㐿㗿㘀㛀㛿㟀㟿/>
<㠀㠿㡀㤿㥀㨿㩀㬿㭀㯿/>
<㰀㰿㱀㶿㷀㼿㽀㾿㿀㿿/>
<䀀䀿䅀䅿䆀䊿䋀䍿䎀䏿/>
<䐀䕿䖀䙿䚀䝿䞀䟿/>
<䠀䢿䣀䧿䨀䪿䫀䬿䭀䯿/>
<䰀䱿䲀䴿䵀䶿䷀䷿一丿乀伿佀便俀俿/>
<倀忿怀濿瀀翿耀迿退/>
<ꀀꑿꒀ꒿꓀꓿ꔀꙀꟿꩿꪀꬿꭀꯀ가꿿/>
<뀀뚿뛀밿뱀뿿/>
<쀀쐿쑀엿였쟿저쩿쪀쿿/>
<퀀툿퉀퐿푀휿흀/>
<豈錄鹿ﬀנּﭿﮀﯿ﴿/>
<︿﹀ﹿﺿﻀ＿｀ｿﾀﺀﷰ/>
<�/>

<𐀀𐄀𐄿𐌀𐌿𐍀𐎿𐏀𐒀/>
<𒀀𒀿𒁀𒉿𒊀𒐀𒐿𒒀𒒿/>
<𗀀𗀿𗁀𗇿𗈀𗗿𗘀𗢿𗣀𗿿/>
<𛀀𛃿𝀀𝀿𝁀𝄀𝄿𝈀𝈿𝌀𝌿/>
<𞸀🀀🀿🂿🄀🄿🚀/>

<力>
<א/>
<س/>
<अ/>
<அ/>
<அ/>
<𐍑/>
<🪐/>
<😀/>
</力>

<ÀÖØöøÿĀĿŀſƀƿǀǿƀƿǀǿȀȿɀɿʀʿˀ˿/>
<ͰͽͿ΀οπϿ/>
<ЀпрѿҠҀҿӀӿԀԿՀտրֿ׀׿/>

<؀ؿـٿڀڿۀۿ/>
<܀ܿ݀݀ݿ/>
<ހ޿ހ޿/>
<ࠀ࠿ࡀࢿࣀࣿऀिीॿ/>
<ঀিী৿/>
<౿ൿවවເༀཀ྿࿀/>
<ကႠᄀᅀᆿᇀᇿሀሿቀቿኀዀዿጀጿፀ/>
<ᚿᛀក/>
<ᢿᣀ᧿ᨀᨿᩀ᪀/>
<ᰀ᰿᱀ᲀᴀᴿᵀᵿᶀᶿḀḿṀṿẀếỀỿ/>
<ἀἿὀᾀ᾿῀/>
<a⁰ⁿ₀₿℀ℿ⅀ⅿↀ/>
<ⰀⰿⱀⱿⲀⲿⳀ⳿ⴀⴿⵀⶀⷀⷿ/>
<⸀⸿⹀⺀⺿⻀⼀⼿⽀⽿⾀⾿⿀/>
<、みむむみむダㄿㆿ㇀ㇿ㈀㈿㋿㌀㏿/>

<㐀㐿㗿㘀㛀㛿㟀㟿/>
<㠀㠿㡀㤿㥀㨿㩀㬿㭀㯿/>
<㰀㰿㱀㶿㷀㼿㽀㾿㿀㿿/>
<䀀䀿䅀䅿䆀䊿䋀䍿䎀䏿/>
<䐀䕿䖀䙿䚀䝿䞀䟿/>
<䠀䢿䣀䧿䨀䪿䫀䬿䭀䯿/>
<䰀䱿䲀䴿䵀䶿䷀䷿一丿乀伿佀便俀俿/>
<倀忿怀濿瀀翿耀迿退/>
<ꀀꑿꒀ꒿꓀꓿ꔀꙀꟿꩿꪀꬿꭀꯀ가꿿/>
<뀀뚿뛀밿뱀뿿/>
<쀀쐿쑀엿였쟿저쩿쪀쿿/>
<퀀툿퉀퐿푀휿흀/>
<豈錄鹿ﬀנּﭿﮀﯿ﴿/>
<︿﹀ﹿﺿﻀ＿｀ｿﾀﺀﷰ/>
<�/>

<𐀀𐄀𐄿𐌀𐌿𐍀𐎿𐏀𐒀/>
<𒀀𒀿𒁀𒉿𒊀𒐀𒐿𒒀𒒿/>
<𗀀𗀿𗁀𗇿𗈀𗗿𗘀𗢿𗣀𗿿/>
<𛀀𛃿𝀀𝀿𝁀𝄀𝄿𝈀𝈿𝌀𝌿/>
<𞸀🀀🀿🂿🄀🄿🚀/>

<力>
<א/>
<س/>
<अ/>
<அ/>
<அ/>
<𐍑/>
<🪐/>
<😀/>
</力>

<ÀÖØöøÿĀĿŀſƀƿǀǿƀƿǀǿȀȿɀɿʀʿˀ˿/>
<ͰͽͿ΀οπϿ/>
<ЀпрѿҠҀҿӀӿԀԿՀտրֿ׀׿/>

<؀ؿـٿڀڿۀۿ/>
<܀ܿ݀݀ݿ/>
<ހ޿ހ޿/>
<ࠀ࠿ࡀࢿࣀࣿऀिीॿ/>
<ঀিী৿/>
<౿ൿවවເༀཀ྿࿀/>
<ကႠᄀᅀᆿᇀᇿሀሿቀቿኀዀዿጀጿፀ/>
<ᚿᛀក/>
<ᢿᣀ᧿ᨀᨿᩀ᪀/>
<ᰀ᰿᱀ᲀᴀᴿᵀᵿᶀᶿḀḿṀṿẀếỀỿ/>
<ἀἿὀᾀ᾿῀/>
<a⁰ⁿ₀₿℀ℿ⅀ⅿↀ/>
<ⰀⰿⱀⱿⲀⲿⳀ⳿ⴀⴿⵀⶀⷀⷿ/>
<⸀⸿⹀⺀⺿⻀⼀⼿⽀⽿⾀⾿⿀/>
<、みむむみむダㄿㆿ㇀ㇿ㈀㈿㋿㌀㏿/>

<㐀㐿㗿㘀㛀㛿㟀㟿/>
<㠀㠿㡀㤿㥀㨿㩀㬿㭀㯿/>
<㰀㰿㱀㶿㷀㼿㽀㾿㿀㿿/>
<䀀䀿䅀䅿䆀䊿䋀䍿䎀䏿/>
<䐀䕿䖀䙿䚀䝿䞀䟿/>
<䠀䢿䣀䧿䨀䪿䫀䬿䭀䯿/>
<䰀䱿䲀䴿䵀䶿䷀䷿一丿乀伿佀便俀俿/>
<倀忿怀濿瀀翿耀迿退/>
<ꀀꑿꒀ꒿꓀꓿ꔀꙀꟿꩿꪀꬿꭀꯀ가꿿/>
<뀀뚿뛀밿뱀뿿/>
<쀀쐿쑀엿였쟿저쩿쪀쿿/>
<퀀툿퉀퐿푀휿흀/>
<豈錄鹿ﬀנּﭿﮀﯿ﴿/>
<︿﹀ﹿﺿﻀ＿｀ｿﾀﺀﷰ/>
<�/>

<𐀀𐄀𐄿𐌀𐌿𐍀𐎿𐏀𐒀/>
<𒀀𒀿𒁀𒉿𒊀𒐀𒐿𒒀𒒿/>
<𗀀𗀿𗁀𗇿𗈀𗗿𗘀𗢿𗣀𗿿/>
<𛀀𛃿𝀀𝀿𝁀𝄀𝄿𝈀𝈿𝌀𝌿/>
<𞸀🀀🀿🂿🄀🄿🚀/>

<力>
<א/>
<س/>
<अ/>
<அ/>
<அ/>
<𐍑/>
<🪐/>
<😀/>
</力>

<ÀÖØöøÿĀĿŀſƀƿǀǿƀƿǀǿȀȿɀɿʀʿˀ˿/>
<ͰͽͿ΀οπϿ/>
<ЀпрѿҠҀҿӀӿԀԿՀտրֿ׀׿/>

<؀ؿـٿڀڿۀۿ/>
<܀ܿ݀݀ݿ/>
<ހ޿ހ޿/>
<ࠀ࠿ࡀࢿࣀࣿऀिीॿ/>
<ঀিী৿/>
<౿ൿවවເༀཀ྿࿀/>
<ကႠᄀᅀᆿᇀᇿሀሿቀቿኀዀዿጀጿፀ/>
<ᚿᛀក/>
<ᢿᣀ᧿ᨀᨿᩀ᪀/>
<ᰀ᰿᱀ᲀᴀᴿᵀᵿᶀᶿḀḿṀṿẀếỀỿ/>
<ἀἿὀᾀ᾿῀/>
<a⁰ⁿ₀₿℀ℿ⅀ⅿↀ/>
<ⰀⰿⱀⱿⲀⲿⳀ⳿ⴀⴿⵀⶀⷀⷿ/>
<⸀⸿⹀⺀⺿⻀⼀⼿⽀⽿⾀⾿⿀/>
<、みむむみむダㄿㆿ㇀ㇿ㈀㈿㋿㌀㏿/>

<㐀㐿㗿㘀㛀㛿㟀㟿/>
<㠀㠿㡀㤿㥀㨿㩀㬿㭀㯿/>
<㰀㰿㱀㶿㷀㼿㽀㾿㿀㿿/>
<䀀䀿䅀䅿䆀䊿䋀䍿䎀䏿/>
<䐀䕿䖀䙿䚀䝿䞀䟿/>
<䠀䢿䣀䧿䨀䪿䫀䬿䭀䯿/>
<䰀䱿䲀䴿䵀䶿䷀䷿一丿乀伿佀便俀俿/>
<倀忿怀濿瀀翿耀迿退/>
<ꀀꑿꒀ꒿꓀꓿ꔀꙀꟿꩿꪀꬿꭀꯀ가꿿/>
<뀀뚿뛀밿뱀뿿/>
<쀀쐿쑀엿였쟿저쩿쪀쿿/>
<퀀툿퉀퐿푀휿흀/>
<豈錄鹿ﬀנּﭿﮀﯿ﴿/>
<︿﹀ﹿﺿﻀ＿｀ｿﾀﺀﷰ/>
<�/>

<𐀀𐄀𐄿𐌀𐌿𐍀𐎿𐏀𐒀/>
<𒀀𒀿𒁀𒉿𒊀𒐀𒐿𒒀𒒿/>
<𗀀𗀿𗁀𗇿𗈀𗗿𗘀𗢿𗣀𗿿/>
<𛀀𛃿𝀀𝀿𝁀𝄀𝄿𝈀𝈿𝌀𝌿/>
<𞸀🀀🀿🂿🄀🄿🚀/>

<力>
<א/>
<س/>
<अ/>
<அ/>
<அ/>
<𐍑/>
<🪐/>
<😀/>
</力>

<ÀÖØöøÿĀĿŀſƀƿǀǿƀƿǀǿȀȿɀɿʀʿˀ˿/>
<ͰͽͿ΀οπϿ/>
<ЀпрѿҠҀҿӀӿԀԿՀտրֿ׀׿/>

<؀ؿـٿڀڿۀۿ/>
<܀ܿ݀݀ݿ/>
<ހ޿ހ޿/>
<ࠀ࠿ࡀࢿࣀࣿऀिीॿ/>
<ঀিী৿/>
<౿ൿවවເༀཀ྿࿀/>
<ကႠᄀᅀᆿᇀᇿሀሿቀቿኀዀዿጀጿፀ/>
<ᚿᛀក/>
<ᢿᣀ᧿ᨀᨿᩀ᪀/>
<ᰀ᰿᱀ᲀᴀᴿᵀᵿᶀᶿḀḿṀṿẀếỀỿ/>
<ἀἿὀᾀ᾿῀/>
<a⁰ⁿ₀₿℀ℿ⅀ⅿↀ/>
<ⰀⰿⱀⱿⲀⲿⳀ⳿ⴀⴿⵀⶀⷀⷿ/>
<⸀⸿⹀⺀⺿⻀⼀⼿⽀⽿⾀⾿⿀/>
<、みむむみむダㄿㆿ㇀ㇿ㈀㈿㋿㌀㏿/>

<㐀㐿㗿㘀㛀㛿㟀㟿/>
<㠀㠿㡀㤿㥀㨿㩀㬿㭀㯿/>
<㰀㰿㱀㶿㷀㼿㽀㾿㿀㿿/>
<䀀䀿䅀䅿䆀䊿䋀䍿䎀䏿/>
<䐀䕿䖀䙿䚀䝿䞀䟿/>
<䠀䢿䣀䧿䨀䪿䫀䬿䭀䯿/>
<䰀䱿䲀䴿䵀䶿䷀䷿一丿乀伿佀便俀俿/>
<倀忿怀濿瀀翿耀迿退/>
<ꀀꑿꒀ꒿꓀꓿ꔀꙀꟿꩿꪀꬿꭀꯀ가꿿/>
<뀀뚿뛀밿뱀뿿/>
<쀀쐿쑀엿였쟿저쩿쪀쿿/>
<퀀툿퉀퐿푀휿흀/>
<豈錄鹿ﬀנּﭿﮀﯿ﴿/>
<︿﹀ﹿﺿﻀ＿｀ｿﾀﺀﷰ/>
<�/>

<𐀀𐄀𐄿𐌀𐌿𐍀𐎿𐏀𐒀/>
<𒀀𒀿𒁀𒉿𒊀𒐀𒐿𒒀𒒿/>
<𗀀𗀿𗁀𗇿𗈀𗗿𗘀𗢿𗣀𗿿/>
<𛀀𛃿𝀀𝀿𝁀𝄀𝄿𝈀𝈿𝌀𝌿/>
<𞸀🀀🀿🂿🄀🄿🚀/>

<力>
<א/>
<س/>
<अ/>
<அ/>
<அ/>
<𐍑/>
<🪐/>
<😀/>
</力>

<ÀÖØöøÿĀĿŀſƀƿǀǿƀƿǀǿȀȿɀɿʀʿˀ˿/>
<ͰͽͿ΀οπϿ/>
<ЀпрѿҠҀҿӀӿԀԿՀտրֿ׀׿/>

<؀ؿـٿڀڿۀۿ/>
<܀ܿ݀݀ݿ/>
<ހ޿ހ޿/>
<ࠀ࠿ࡀࢿࣀࣿऀिीॿ/>
<ঀিী৿/>
<౿ൿවවເༀཀ྿࿀/>
<ကႠᄀᅀᆿᇀᇿሀሿቀቿኀዀዿጀጿፀ/>
<ᚿᛀក/>
<ᢿᣀ᧿ᨀᨿᩀ᪀/>
<ᰀ᰿᱀ᲀᴀᴿᵀᵿᶀᶿḀḿṀṿẀếỀỿ/>
<ἀἿὀᾀ᾿῀/>
<a⁰ⁿ₀₿℀ℿ⅀ⅿↀ/>
<ⰀⰿⱀⱿⲀⲿⳀ⳿ⴀⴿⵀⶀⷀⷿ/>
<⸀⸿⹀⺀⺿⻀⼀⼿⽀⽿⾀⾿⿀/>
<、みむむみむダㄿㆿ㇀ㇿ㈀㈿㋿㌀㏿/>

<㐀㐿㗿㘀㛀㛿㟀㟿/>
<㠀㠿㡀㤿㥀㨿㩀㬿㭀㯿/>
<㰀㰿㱀㶿㷀㼿㽀㾿㿀㿿/>
<䀀䀿䅀䅿䆀䊿䋀䍿䎀䏿/>
<䐀䕿䖀䙿䚀䝿䞀䟿/>
<䠀䢿䣀䧿䨀䪿䫀䬿䭀䯿/>
<䰀䱿䲀䴿䵀䶿䷀䷿一丿乀伿佀便俀俿/>
<倀忿怀濿瀀翿耀迿退/>
<ꀀꑿꒀ꒿꓀꓿ꔀꙀꟿꩿꪀꬿꭀꯀ가꿿/>
<뀀뚿뛀밿뱀뿿/>
<쀀쐿쑀엿였쟿저쩿쪀쿿/>
<퀀툿퉀퐿푀휿흀/>
<豈錄鹿ﬀנּﭿﮀﯿ﴿/>
<︿﹀ﹿﺿﻀ＿｀ｿﾀﺀﷰ/>
<�/>

<𐀀𐄀𐄿𐌀𐌿𐍀𐎿𐏀𐒀/>
<𒀀𒀿𒁀𒉿𒊀𒐀𒐿𒒀𒒿/>
<𗀀𗀿𗁀𗇿𗈀𗗿𗘀𗢿𗣀𗿿/>
<𛀀𛃿𝀀𝀿𝁀𝄀𝄿𝈀𝈿𝌀𝌿/>
<𞸀🀀🀿🂿🄀🄿🚀/>

<力>
<א/>
<س/>
<अ/>
<அ/>
<அ/>
<𐍑/>
<🪐/>
<😀/>
</力>

<ÀÖØöøÿĀĿŀſƀƿǀǿƀƿǀǿȀȿɀɿʀʿˀ˿/>
<ͰͽͿ΀οπϿ/>
<ЀпрѿҠҀҿӀӿԀԿՀտրֿ׀׿/>

<؀ؿـٿڀڿۀۿ/>
<܀ܿ݀݀ݿ/>
<ހ޿ހ޿/>
<ࠀ࠿ࡀࢿࣀࣿऀिीॿ/>
<ঀিী৿/>
<౿ൿවවເༀཀ྿࿀/>
<ကႠᄀᅀᆿᇀᇿሀሿቀቿኀዀዿጀጿፀ/>
<ᚿᛀក/>
<ᢿᣀ᧿ᨀᨿᩀ᪀/>
<ᰀ᰿᱀ᲀᴀᴿᵀᵿᶀᶿḀḿṀṿẀếỀỿ/>
<ἀἿὀᾀ᾿῀/>
<a⁰ⁿ₀₿℀ℿ⅀ⅿↀ/>
<ⰀⰿⱀⱿⲀⲿⳀ⳿ⴀⴿⵀⶀⷀⷿ/>
<⸀⸿⹀⺀⺿⻀⼀⼿⽀⽿⾀⾿⿀/>
<、みむむみむダㄿㆿ㇀ㇿ㈀㈿㋿㌀㏿/>

<㐀㐿㗿㘀㛀㛿㟀㟿/>
<㠀㠿㡀㤿㥀㨿㩀㬿㭀㯿/>
<㰀㰿㱀㶿㷀㼿㽀㾿㿀㿿/>
<䀀䀿䅀䅿䆀䊿䋀䍿䎀䏿/>
<䐀䕿䖀䙿䚀䝿䞀䟿/>
<䠀䢿䣀䧿䨀䪿䫀䬿䭀䯿/>
<䰀䱿䲀䴿䵀䶿䷀䷿一丿乀伿佀便俀俿/>
<倀忿怀濿瀀翿耀迿退/>
<ꀀꑿꒀ꒿꓀꓿ꔀꙀꟿꩿꪀꬿꭀꯀ가꿿/>
<뀀뚿뛀밿뱀뿿/>
<쀀쐿쑀엿였쟿저쩿쪀쿿/>
<퀀툿퉀퐿푀휿흀/>
<豈錄鹿ﬀנּﭿﮀﯿ﴿/>
<︿﹀ﹿﺿﻀ＿｀ｿﾀﺀﷰ/>
<�/>

<𐀀𐄀𐄿𐌀𐌿𐍀𐎿𐏀𐒀/>
<𒀀𒀿𒁀𒉿𒊀𒐀𒐿𒒀𒒿/>
<𗀀𗀿𗁀𗇿𗈀𗗿𗘀𗢿𗣀𗿿/>
<𛀀𛃿𝀀𝀿𝁀𝄀𝄿𝈀𝈿𝌀𝌿/>
<𞸀🀀🀿🂿🄀🄿🚀/>

<力>
<א/>
<س/>
<अ/>
<அ/>
<அ/>
<𐍑/>
<🪐/>
<😀/>
</力>

<ÀÖØöøÿĀĿŀſƀƿǀǿƀƿǀǿȀȿɀɿʀʿˀ˿/>
<ͰͽͿ΀οπϿ/>
<ЀпрѿҠҀҿӀӿԀԿՀտրֿ׀׿/>

<؀ؿـٿڀڿۀۿ/>
<܀ܿ݀݀ݿ/>
<ހ޿ހ޿/>
<ࠀ࠿ࡀࢿࣀࣿऀिीॿ/>
<ঀিী৿/>
<౿ൿවවເༀཀ྿࿀/>
<ကႠᄀᅀᆿᇀᇿሀሿቀቿኀዀዿጀጿፀ/>
<ᚿᛀក/>
<ᢿᣀ᧿ᨀᨿᩀ᪀/>
<ᰀ᰿᱀ᲀᴀᴿᵀᵿᶀᶿḀḿṀṿẀếỀỿ/>
<ἀἿὀᾀ᾿῀/>
<a⁰ⁿ₀₿℀ℿ⅀ⅿↀ/>
<ⰀⰿⱀⱿⲀⲿⳀ⳿ⴀⴿⵀⶀⷀⷿ/>
<⸀⸿⹀⺀⺿⻀⼀⼿⽀⽿⾀⾿⿀/>
<、みむむみむダㄿㆿ㇀ㇿ㈀㈿㋿㌀㏿/>

<㐀㐿㗿㘀㛀㛿㟀㟿/>
<㠀㠿㡀㤿㥀㨿㩀㬿㭀㯿/>
<㰀㰿㱀㶿㷀㼿㽀㾿㿀㿿/>
<䀀䀿䅀䅿䆀䊿䋀䍿䎀䏿/>
<䐀䕿䖀䙿䚀䝿䞀䟿/>
<䠀䢿䣀䧿䨀䪿䫀䬿䭀䯿/>
<䰀䱿䲀䴿䵀䶿䷀䷿一丿乀伿佀便俀俿/>
<倀忿怀濿瀀翿耀迿退/>
<ꀀꑿꒀ꒿꓀꓿ꔀꙀꟿꩿꪀꬿꭀꯀ가꿿/>
<뀀뚿뛀밿뱀뿿/>
<쀀쐿쑀엿였쟿저쩿쪀쿿/>
<퀀툿퉀퐿푀휿흀/>
<豈錄鹿ﬀנּﭿﮀﯿ﴿/>
<︿﹀ﹿﺿﻀ＿｀ｿﾀﺀﷰ/>
<�/>

<𐀀𐄀𐄿𐌀𐌿𐍀𐎿𐏀𐒀/>
<𒀀𒀿𒁀𒉿𒊀𒐀𒐿𒒀𒒿/>
<𗀀𗀿𗁀𗇿𗈀𗗿𗘀𗢿𗣀𗿿/>
<𛀀𛃿𝀀𝀿𝁀𝄀𝄿𝈀𝈿𝌀𝌿/>
<𞸀🀀🀿🂿🄀🄿🚀/>

<力>
<א/>
<س/>
<अ/>
<அ/>
<அ/>
<𐍑/>
<🪐/>
<😀/>
</力>

<ÀÖØöøÿĀĿŀſƀƿǀǿƀƿǀǿȀȿɀɿʀʿˀ˿/>
<ͰͽͿ΀οπϿ/>
<ЀпрѿҠҀҿӀӿԀԿՀտրֿ׀׿/>

<؀ؿـٿڀڿۀۿ/>
<܀ܿ݀݀ݿ/>
<ހ޿ހ޿/>
<ࠀ࠿ࡀࢿࣀࣿऀिीॿ/>
<ঀিী৿/>
<౿ൿවවເༀཀ྿࿀/>
<ကႠᄀᅀᆿᇀᇿሀሿቀቿኀዀዿጀጿፀ/>
<ᚿᛀក/>
<ᢿᣀ᧿ᨀᨿᩀ᪀/>
<ᰀ᰿᱀ᲀᴀᴿᵀᵿᶀᶿḀḿṀṿẀếỀỿ/>
<ἀἿὀᾀ᾿῀/>
<a⁰ⁿ₀₿℀ℿ⅀ⅿↀ/>
<ⰀⰿⱀⱿⲀⲿⳀ⳿ⴀⴿⵀⶀⷀⷿ/>
<⸀⸿⹀⺀⺿⻀⼀⼿⽀⽿⾀⾿⿀/>
<、みむむみむダㄿㆿ㇀ㇿ㈀㈿㋿㌀㏿/>

<㐀㐿㗿㘀㛀㛿㟀㟿/>
<㠀㠿㡀㤿㥀㨿㩀㬿㭀㯿/>
<㰀㰿㱀㶿㷀㼿㽀㾿㿀㿿/>
<䀀䀿䅀䅿䆀䊿䋀䍿䎀䏿/>
<䐀䕿䖀䙿䚀䝿䞀䟿/>
<䠀䢿䣀䧿䨀䪿䫀䬿䭀䯿/>
<䰀䱿䲀䴿䵀䶿䷀䷿一丿乀伿佀便俀俿/>
<倀忿怀濿瀀翿耀迿退/>
<ꀀꑿꒀ꒿꓀꓿ꔀꙀꟿꩿꪀꬿꭀꯀ가꿿/>
<뀀뚿뛀밿뱀뿿/>
<쀀쐿쑀엿였쟿저쩿쪀쿿/>
<퀀툿퉀퐿푀휿흀/>
<豈錄鹿ﬀנּﭿﮀﯿ﴿/>
<︿﹀ﹿﺿﻀ＿｀ｿﾀﺀﷰ/>
<�/>

<𐀀𐄀𐄿𐌀𐌿𐍀𐎿𐏀𐒀/>
<𒀀𒀿𒁀𒉿𒊀𒐀𒐿𒒀𒒿/>
<𗀀𗀿𗁀𗇿𗈀𗗿𗘀𗢿𗣀𗿿/>
<𛀀𛃿𝀀𝀿𝁀𝄀𝄿𝈀𝈿𝌀𝌿/>
<𞸀🀀🀿🂿🄀🄿🚀/>

<力>
<א/>
<س/>
<अ/>
<அ/>
<அ/>
<𐍑/>
<🪐/>
<😀/>
</力>

<ÀÖØöøÿĀĿŀſƀƿǀǿƀƿǀǿȀȿɀɿʀʿˀ˿/>
<ͰͽͿ΀οπϿ/>
<ЀпрѿҠҀҿӀӿԀԿՀտրֿ׀׿/>

<؀ؿـٿڀڿۀۿ/>
<܀ܿ݀݀ݿ/>
<ހ޿ހ޿/>
<ࠀ࠿ࡀࢿࣀࣿऀिीॿ/>
<ঀিী৿/>
<౿ൿවවເༀཀ྿࿀/>
<ကႠᄀᅀᆿᇀᇿሀሿቀቿኀዀዿጀጿፀ/>
<ᚿᛀក/>
<ᢿᣀ᧿ᨀᨿᩀ᪀/>
<ᰀ᰿᱀ᲀᴀᴿᵀᵿᶀᶿḀḿṀṿẀếỀỿ/>
<ἀἿὀᾀ᾿῀/>
<a⁰ⁿ₀₿℀ℿ⅀ⅿↀ/>
<ⰀⰿⱀⱿⲀⲿⳀ⳿ⴀⴿⵀⶀⷀⷿ/>
<⸀⸿⹀⺀⺿⻀⼀⼿⽀⽿⾀⾿⿀/>
<、みむむみむダㄿㆿ㇀ㇿ㈀㈿㋿㌀㏿/>

<㐀㐿㗿㘀㛀㛿㟀㟿/>
<㠀㠿㡀㤿㥀㨿㩀㬿㭀㯿/>
<㰀㰿㱀㶿㷀㼿㽀㾿㿀㿿/>
<䀀䀿䅀䅿䆀䊿䋀䍿䎀䏿/>
<䐀䕿䖀䙿䚀䝿䞀䟿/>
<䠀䢿䣀䧿䨀䪿䫀䬿䭀䯿/>
<䰀䱿䲀䴿䵀䶿䷀䷿一丿乀伿佀便俀俿/>
<倀忿怀濿瀀翿耀迿退/>
<ꀀꑿꒀ꒿꓀꓿ꔀꙀꟿꩿꪀꬿꭀꯀ가꿿/>
<뀀뚿뛀밿뱀뿿/>
<쀀쐿쑀엿였쟿저쩿쪀쿿/>
<퀀툿퉀퐿푀휿흀/>
<豈錄鹿ﬀנּﭿﮀﯿ﴿/>
<︿﹀ﹿﺿﻀ＿｀ｿﾀﺀﷰ/>
<�/>

<𐀀𐄀𐄿𐌀𐌿𐍀𐎿𐏀𐒀/>
<𒀀𒀿𒁀𒉿𒊀𒐀𒐿𒒀𒒿/>
<𗀀𗀿𗁀𗇿𗈀𗗿𗘀𗢿𗣀𗿿/>
<𛀀𛃿𝀀𝀿𝁀𝄀𝄿𝈀𝈿𝌀𝌿/>
<𞸀🀀🀿🂿🄀🄿🚀/>

<力>
<א/>
<س/>
<अ/>
<அ/>
<அ/>
<𐍑/>
<🪐/>
<😀/>
</力>

<ÀÖØöøÿĀĿŀſƀƿǀǿƀƿǀǿȀȿɀɿʀʿˀ˿/>
<ͰͽͿ΀οπϿ/>
<ЀпрѿҠҀҿӀӿԀԿՀտրֿ׀׿/>

<؀ؿـٿڀڿۀۿ/>
<܀ܿ݀݀ݿ/>
<ހ޿ހ޿/>
<ࠀ࠿ࡀࢿࣀࣿऀिीॿ/>
<ঀিী৿/>
<౿ൿවවເༀཀ྿࿀/>
<ကႠᄀᅀᆿᇀᇿሀሿቀቿኀዀዿጀጿፀ/>
<ᚿᛀក/>
<ᢿᣀ᧿ᨀᨿᩀ᪀/>
<ᰀ᰿᱀ᲀᴀᴿᵀᵿᶀᶿḀḿṀṿẀếỀỿ/>
<ἀἿὀᾀ᾿῀/>
<a⁰ⁿ₀₿℀ℿ⅀ⅿↀ/>
<ⰀⰿⱀⱿⲀⲿⳀ⳿ⴀⴿⵀⶀⷀⷿ/>
<⸀⸿⹀⺀⺿⻀⼀⼿⽀⽿⾀⾿⿀/>
<、みむむみむダㄿㆿ㇀ㇿ㈀㈿㋿㌀㏿/>

<㐀㐿㗿㘀㛀㛿㟀㟿/>
<㠀㠿㡀㤿㥀㨿㩀㬿㭀㯿/>
<㰀㰿㱀㶿㷀㼿㽀㾿㿀㿿/>
<䀀䀿䅀䅿䆀䊿䋀䍿䎀䏿/>
<䐀䕿䖀䙿䚀䝿䞀䟿/>
<䠀䢿䣀䧿䨀䪿䫀䬿䭀䯿/>
<䰀䱿䲀䴿䵀䶿䷀䷿一丿乀伿佀便俀俿/>
<倀忿怀濿瀀翿耀迿退/>
<ꀀꑿꒀ꒿꓀꓿ꔀꙀꟿꩿꪀꬿꭀꯀ가꿿/>
<뀀뚿뛀밿뱀뿿/>
<쀀쐿쑀엿였쟿저쩿쪀쿿/>
<퀀툿퉀퐿푀휿흀/>
<豈錄鹿ﬀנּﭿﮀﯿ﴿/>
<︿﹀ﹿﺿﻀ＿｀ｿﾀﺀﷰ/>
<�/>

<𐀀𐄀𐄿𐌀𐌿𐍀𐎿𐏀𐒀/>
<𒀀𒀿𒁀𒉿𒊀𒐀𒐿𒒀𒒿/>
<𗀀𗀿𗁀𗇿𗈀𗗿𗘀𗢿𗣀𗿿/>
<𛀀𛃿𝀀𝀿𝁀𝄀𝄿𝈀𝈿𝌀𝌿/>
<𞸀🀀🀿🂿🄀🄿🚀/>

<力>
<א/>
<س/>
<अ/>
<அ/>
<அ/>
<𐍑/>
<🪐/>
<😀/>
</力>

<ÀÖØöøÿĀĿŀſƀƿǀǿƀƿǀǿȀȿɀɿʀʿˀ˿/>
<ͰͽͿ΀οπϿ/>
<ЀпрѿҠҀҿӀӿԀԿՀտրֿ׀׿/>

<؀ؿـٿڀڿۀۿ/>
<܀ܿ݀݀ݿ/>
<ހ޿ހ޿/>
<ࠀ࠿ࡀࢿࣀࣿऀिीॿ/>
<ঀিী৿/>
<౿ൿවවເༀཀ྿࿀/>
<ကႠᄀᅀᆿᇀᇿሀሿቀቿኀዀዿጀጿፀ/>
<ᚿᛀក/>
<ᢿᣀ᧿ᨀᨿᩀ᪀/>
<ᰀ᰿᱀ᲀᴀᴿᵀᵿᶀᶿḀḿṀṿẀếỀỿ/>
<ἀἿὀᾀ᾿῀/>
<a⁰ⁿ₀₿℀ℿ⅀ⅿↀ/>
<ⰀⰿⱀⱿⲀⲿⳀ⳿ⴀⴿⵀⶀⷀⷿ/>
<⸀⸿⹀⺀⺿⻀⼀⼿⽀⽿⾀⾿⿀/>
<、みむむみむダㄿㆿ㇀ㇿ㈀㈿㋿㌀㏿/>

<㐀㐿㗿㘀㛀㛿㟀㟿/>
<㠀㠿㡀㤿㥀㨿㩀㬿㭀㯿/>
<㰀㰿㱀㶿㷀㼿㽀㾿㿀㿿/>
<䀀䀿䅀䅿䆀䊿䋀䍿䎀䏿/>
<䐀䕿䖀䙿䚀䝿䞀䟿/>
<䠀䢿䣀䧿䨀䪿䫀䬿䭀䯿/>
<䰀䱿䲀䴿䵀䶿䷀䷿一丿乀伿佀便俀俿/>
<倀忿怀濿瀀翿耀迿退/>
<ꀀꑿꒀ꒿꓀꓿ꔀꙀꟿꩿꪀꬿꭀꯀ가꿿/>
<뀀뚿뛀밿뱀뿿/>
<쀀쐿쑀엿였쟿저쩿쪀쿿/>
<퀀툿퉀퐿푀휿흀/>
<豈錄鹿ﬀנּﭿﮀﯿ﴿/>
<︿﹀ﹿﺿﻀ＿｀ｿﾀﺀﷰ/>
<�/>

<𐀀𐄀𐄿𐌀𐌿𐍀𐎿𐏀𐒀/>
<𒀀𒀿𒁀𒉿𒊀𒐀𒐿𒒀𒒿/>
<𗀀𗀿𗁀𗇿𗈀𗗿𗘀𗢿𗣀𗿿/>
<𛀀𛃿𝀀𝀿𝁀𝄀𝄿𝈀𝈿𝌀𝌿/>
<𞸀🀀🀿🂿🄀🄿🚀/>

<力>
<א/>
<س/>
<अ/>
<அ/>
<அ/>
<𐍑/>
<🪐/>
<😀/>
</力>

<ÀÖØöøÿĀĿŀſƀƿǀǿƀƿǀǿȀȿɀɿʀʿˀ˿/>
<ͰͽͿ΀οπϿ/>
<ЀпрѿҠҀҿӀӿԀԿՀտրֿ׀׿/>

<؀ؿـٿڀڿۀۿ/>
<܀ܿ݀݀ݿ/>
<ހ޿ހ޿/>
<ࠀ࠿ࡀࢿࣀࣿऀिीॿ/>
<ঀিী৿/>
<౿ൿවවເༀཀ྿࿀/>
<ကႠᄀᅀᆿᇀᇿሀሿቀቿኀዀዿጀጿፀ/>
<ᚿᛀក/>
<ᢿᣀ᧿ᨀᨿᩀ᪀/>
<ᰀ᰿᱀ᲀᴀᴿᵀᵿᶀᶿḀḿṀṿẀếỀỿ/>
<ἀἿὀᾀ᾿῀/>
<a⁰ⁿ₀₿℀ℿ⅀ⅿↀ/>
<ⰀⰿⱀⱿⲀⲿⳀ⳿ⴀⴿⵀⶀⷀⷿ/>
<⸀⸿⹀⺀⺿⻀⼀⼿⽀⽿⾀⾿⿀/>
<、みむむみむダㄿㆿ㇀ㇿ㈀㈿㋿㌀㏿/>

<㐀㐿㗿㘀㛀㛿㟀㟿/>
<㠀㠿㡀㤿㥀㨿㩀㬿㭀㯿/>
<㰀㰿㱀㶿㷀㼿㽀㾿㿀㿿/>
<䀀䀿䅀䅿䆀䊿䋀䍿䎀䏿/>
<䐀䕿䖀䙿䚀䝿䞀䟿/>
<䠀䢿䣀䧿䨀䪿䫀䬿䭀䯿/>
<䰀䱿䲀䴿䵀䶿䷀䷿一丿乀伿佀便俀俿/>
<倀忿怀濿瀀翿耀迿退/>
<ꀀꑿꒀ꒿꓀꓿ꔀꙀꟿꩿꪀꬿꭀꯀ가꿿/>
<뀀뚿뛀밿뱀뿿/>
<쀀쐿쑀엿였쟿저쩿쪀쿿/>
<퀀툿퉀퐿푀휿흀/>
<豈錄鹿ﬀנּﭿﮀﯿ﴿/>
<︿﹀ﹿﺿﻀ＿｀ｿﾀﺀﷰ/>
<�/>

<𐀀𐄀𐄿𐌀𐌿𐍀𐎿𐏀𐒀/>
<𒀀𒀿𒁀𒉿𒊀𒐀𒐿𒒀𒒿/>
<𗀀𗀿𗁀𗇿𗈀𗗿𗘀𗢿𗣀𗿿/>
<𛀀𛃿𝀀𝀿𝁀𝄀𝄿𝈀𝈿𝌀𝌿/>
<𞸀🀀🀿🂿🄀🄿🚀/>

<力>
<א/>
<س/>
<अ/>
<அ/>
<அ/>
<𐍑/>
<🪐/>
<😀/>
</力>

<ÀÖØöøÿĀĿŀſƀƿǀǿƀƿǀǿȀȿɀɿʀʿˀ˿/>
<ͰͽͿ΀οπϿ/>
<ЀпрѿҠҀҿӀӿԀԿՀտրֿ׀׿/>

<؀ؿـٿڀڿۀۿ/>
<܀ܿ݀݀ݿ/>
<ހ޿ހ޿/>
<ࠀ࠿ࡀࢿࣀࣿऀिीॿ/>
<ঀিী৿/>
<౿ൿවවເༀཀ྿࿀/>
<ကႠᄀᅀᆿᇀᇿሀሿቀቿኀዀዿጀጿፀ/>
<ᚿᛀក/>
<ᢿᣀ᧿ᨀᨿᩀ᪀/>
<ᰀ᰿᱀ᲀᴀᴿᵀᵿᶀᶿḀḿṀṿẀếỀỿ/>
<ἀἿὀᾀ᾿῀/>
<a⁰ⁿ₀₿℀ℿ⅀ⅿↀ/>
<ⰀⰿⱀⱿⲀⲿⳀ⳿ⴀⴿⵀⶀⷀⷿ/>
<⸀⸿⹀⺀⺿⻀⼀⼿⽀⽿⾀⾿⿀/>
<、みむむみむダㄿㆿ㇀ㇿ㈀㈿㋿㌀㏿/>

<㐀㐿㗿㘀㛀㛿㟀㟿/>
<㠀㠿㡀㤿㥀㨿㩀㬿㭀㯿/>
<㰀㰿㱀㶿㷀㼿㽀㾿㿀㿿/>
<䀀䀿䅀䅿䆀䊿䋀䍿䎀䏿/>
<䐀䕿䖀䙿䚀䝿䞀䟿/>
<䠀䢿䣀䧿䨀䪿䫀䬿䭀䯿/>
<䰀䱿䲀䴿䵀䶿䷀䷿一丿乀伿佀便俀俿/>
<倀忿怀濿瀀翿耀迿退/>
<ꀀꑿꒀ꒿꓀꓿ꔀꙀꟿꩿꪀꬿꭀꯀ가꿿/>
<뀀뚿뛀밿뱀뿿/>
<쀀쐿쑀엿였쟿저쩿쪀쿿/>
<퀀툿퉀퐿푀휿흀/>
<豈錄鹿ﬀנּﭿﮀﯿ﴿/>
<︿﹀ﹿﺿﻀ＿｀ｿﾀﺀﷰ/>
<�/>

<𐀀𐄀𐄿𐌀𐌿𐍀𐎿𐏀𐒀/>
<𒀀𒀿𒁀𒉿𒊀𒐀𒐿𒒀𒒿/>
<𗀀𗀿𗁀𗇿𗈀𗗿𗘀𗢿𗣀𗿿/>
<𛀀𛃿𝀀𝀿𝁀𝄀𝄿𝈀𝈿𝌀𝌿/>
<𞸀🀀🀿🂿🄀🄿🚀/>

<力>
<א/>
<س/>
<अ/>
<அ/>
<அ/>
<𐍑/>
<🪐/>
<😀/>
</力>

<ÀÖØöøÿĀĿŀſƀƿǀǿƀƿǀǿȀȿɀɿʀʿˀ˿/>
<ͰͽͿ΀οπϿ/>
<ЀпрѿҠҀҿӀӿԀԿՀտրֿ׀׿/>

<؀ؿـٿڀڿۀۿ/>
<܀ܿ݀݀ݿ/>
<ހ޿ހ޿/>
<ࠀ࠿ࡀࢿࣀࣿऀिीॿ/>
<ঀিী৿/>
<౿ൿවවເༀཀ྿࿀/>
<ကႠᄀᅀᆿᇀᇿሀሿቀቿኀዀዿጀጿፀ/>
<ᚿᛀក/>
<ᢿᣀ᧿ᨀᨿᩀ᪀/>
<ᰀ᰿᱀ᲀᴀᴿᵀᵿᶀᶿḀḿṀṿẀếỀỿ/>
<ἀἿὀᾀ᾿῀/>
<a⁰ⁿ₀₿℀ℿ⅀ⅿↀ/>
<ⰀⰿⱀⱿⲀⲿⳀ⳿ⴀⴿⵀⶀⷀⷿ/>
<⸀⸿⹀⺀⺿⻀⼀⼿⽀⽿⾀⾿⿀/>
<、みむむみむダㄿㆿ㇀ㇿ㈀㈿㋿㌀㏿/>

<㐀㐿㗿㘀㛀㛿㟀㟿/>
<㠀㠿㡀㤿㥀㨿㩀㬿㭀㯿/>
<㰀㰿㱀㶿㷀㼿㽀㾿㿀㿿/>
<䀀䀿䅀䅿䆀䊿䋀䍿䎀䏿/>
<䐀䕿䖀䙿䚀䝿䞀䟿/>
<䠀䢿䣀䧿䨀䪿䫀䬿䭀䯿/>
<䰀䱿䲀䴿䵀䶿䷀䷿一丿乀伿佀便俀俿/>
<倀忿怀濿瀀翿耀迿退/>
<ꀀꑿꒀ꒿꓀꓿ꔀꙀꟿꩿꪀꬿꭀꯀ가꿿/>
<뀀뚿뛀밿뱀뿿/>
<쀀쐿쑀엿였쟿저쩿쪀쿿/>
<퀀툿퉀퐿푀휿흀/>
<豈錄鹿ﬀנּﭿﮀﯿ﴿/>
<︿﹀ﹿﺿﻀ＿｀ｿﾀﺀﷰ/>
<�/>

<𐀀𐄀𐄿𐌀𐌿𐍀𐎿𐏀𐒀/>
<𒀀𒀿𒁀𒉿𒊀𒐀𒐿𒒀𒒿/>
<𗀀𗀿𗁀𗇿𗈀𗗿𗘀𗢿𗣀𗿿/>
<𛀀𛃿𝀀𝀿𝁀𝄀𝄿𝈀𝈿𝌀𝌿/>
<𞸀🀀🀿🂿🄀🄿🚀/>

<力>
<א/>
<س/>
<अ/>
<அ/>
<அ/>
<𐍑/>
<🪐/>
<😀/>
</力>

<ÀÖØöøÿĀĿŀſƀƿǀǿƀƿǀǿȀȿɀɿʀʿˀ˿/>
<ͰͽͿ΀οπϿ/>
<ЀпрѿҠҀҿӀӿԀԿՀտրֿ׀׿/>

<؀ؿـٿڀڿۀۿ/>
<܀ܿ݀݀ݿ/>
<ހ޿ހ޿/>
<ࠀ࠿ࡀࢿࣀࣿऀिीॿ/>
<ঀিী৿/>
<౿ൿවවເༀཀ྿࿀/>
<ကႠᄀᅀᆿᇀᇿሀሿቀቿኀዀዿጀጿፀ/>
<ᚿᛀក/>
<ᢿᣀ᧿ᨀᨿᩀ᪀/>
<ᰀ᰿᱀ᲀᴀᴿᵀᵿᶀᶿḀḿṀṿẀếỀỿ/>
<ἀἿὀᾀ᾿῀/>
<a⁰ⁿ₀₿℀ℿ⅀ⅿↀ/>
<ⰀⰿⱀⱿⲀⲿⳀ⳿ⴀⴿⵀⶀⷀⷿ/>
<⸀⸿⹀⺀⺿⻀⼀⼿⽀⽿⾀⾿⿀/>
<、みむむみむダㄿㆿ㇀ㇿ㈀㈿㋿㌀㏿/>

<㐀㐿㗿㘀㛀㛿㟀㟿/>
<㠀㠿㡀㤿㥀㨿㩀㬿㭀㯿/>
<㰀㰿㱀㶿㷀㼿㽀㾿㿀㿿/>
<䀀䀿䅀䅿䆀䊿䋀䍿䎀䏿/>
<䐀䕿䖀䙿䚀䝿䞀䟿/>
<䠀䢿䣀䧿䨀䪿䫀䬿䭀䯿/>
<䰀䱿䲀䴿䵀䶿䷀䷿一丿乀伿佀便俀俿/>
<倀忿怀濿瀀翿耀迿退/>
<ꀀꑿꒀ꒿꓀꓿ꔀꙀꟿꩿꪀꬿꭀꯀ가꿿/>
<뀀뚿뛀밿뱀뿿/>
<쀀쐿쑀엿였쟿저쩿쪀쿿/>
<퀀툿퉀퐿푀휿흀/>
<豈錄鹿ﬀנּﭿﮀﯿ﴿/>
<︿﹀ﹿﺿﻀ＿｀ｿﾀﺀﷰ/>
<�/>

<𐀀𐄀𐄿𐌀𐌿𐍀𐎿𐏀𐒀/>
<𒀀𒀿𒁀𒉿𒊀𒐀𒐿𒒀𒒿/>
<𗀀𗀿𗁀𗇿𗈀𗗿𗘀𗢿𗣀𗿿/>
<𛀀𛃿𝀀𝀿𝁀𝄀𝄿𝈀𝈿𝌀𝌿/>
<𞸀🀀🀿🂿🄀🄿🚀/>

<力>
<א/>
<س/>
<अ/>
<அ/>
<அ/>
<𐍑/>
<🪐/>
<😀/>
</力>

<ÀÖØöøÿĀĿŀſƀƿǀǿƀƿǀǿȀȿɀɿʀʿˀ˿/>
<ͰͽͿ΀οπϿ/>
<ЀпрѿҠҀҿӀӿԀԿՀտրֿ׀׿/>

<؀ؿـٿڀڿۀۿ/>
<܀ܿ݀݀ݿ/>
<ހ޿ހ޿/>
<ࠀ࠿ࡀࢿࣀࣿऀिीॿ/>
<ঀিী৿/>
<౿ൿවවເༀཀ྿࿀/>
<ကႠᄀᅀᆿᇀᇿሀሿቀቿኀዀዿጀጿፀ/>
<ᚿᛀក/>
<ᢿᣀ᧿ᨀᨿᩀ᪀/>
<ᰀ᰿᱀ᲀᴀᴿᵀᵿᶀᶿḀḿṀṿẀếỀỿ/>
<ἀἿὀᾀ᾿῀/>
<a⁰ⁿ₀₿℀ℿ⅀ⅿↀ/>
<ⰀⰿⱀⱿⲀⲿⳀ⳿ⴀⴿⵀⶀⷀⷿ/>
<⸀⸿⹀⺀⺿⻀⼀⼿⽀⽿⾀⾿⿀/>
<、みむむみむダㄿㆿ㇀ㇿ㈀㈿㋿㌀㏿/>

<㐀㐿㗿㘀㛀㛿㟀㟿/>
<㠀㠿㡀㤿㥀㨿㩀㬿㭀㯿/>
<㰀㰿㱀㶿㷀㼿㽀㾿㿀㿿/>
<䀀䀿䅀䅿䆀䊿䋀䍿䎀䏿/>
<䐀䕿䖀䙿䚀䝿䞀䟿/>
<䠀䢿䣀䧿䨀䪿䫀䬿䭀䯿/>
<䰀䱿䲀䴿䵀䶿䷀䷿一丿乀伿佀便俀俿/>
<倀忿怀濿瀀翿耀迿退/>
<ꀀꑿꒀ꒿꓀꓿ꔀꙀꟿꩿꪀꬿꭀꯀ가꿿/>
<뀀뚿뛀밿뱀뿿/>
<쀀쐿쑀엿였쟿저쩿쪀쿿/>
<퀀툿퉀퐿푀휿흀/>
<豈錄鹿ﬀנּﭿﮀﯿ﴿/>
<︿﹀ﹿﺿﻀ＿｀ｿﾀﺀﷰ/>
<�/>

<𐀀𐄀𐄿𐌀𐌿𐍀𐎿𐏀𐒀/>
<𒀀𒀿𒁀𒉿𒊀𒐀𒐿𒒀𒒿/>
<𗀀𗀿𗁀𗇿𗈀𗗿𗘀𗢿𗣀𗿿/>
<𛀀𛃿𝀀𝀿𝁀𝄀𝄿𝈀𝈿𝌀𝌿/>
<𞸀🀀🀿🂿🄀🄿🚀/>

<力>
<א/>
<س/>
<अ/>
<அ/>
<அ/>
<𐍑/>
<🪐/>
<😀/>
</力>

<ÀÖØöøÿĀĿŀſƀƿǀǿƀƿǀǿȀȿɀɿʀʿˀ˿/>
<ͰͽͿ΀οπϿ/>
<ЀпрѿҠҀҿӀӿԀԿՀտրֿ׀׿/>

<؀ؿـٿڀڿۀۿ/>
<܀ܿ݀݀ݿ/>
<ހ޿ހ޿/>
<ࠀ࠿ࡀࢿࣀࣿऀिीॿ/>
<ঀিী৿/>
<౿ൿවවເༀཀ྿࿀/>
<ကႠᄀᅀᆿᇀᇿሀሿቀቿኀዀዿጀጿፀ/>
<ᚿᛀក/>
<ᢿᣀ᧿ᨀᨿᩀ᪀/>
<ᰀ᰿᱀ᲀᴀᴿᵀᵿᶀᶿḀḿṀṿẀếỀỿ/>
<ἀἿὀᾀ᾿῀/>
<a⁰ⁿ₀₿℀ℿ⅀ⅿↀ/>
<ⰀⰿⱀⱿⲀⲿⳀ⳿ⴀⴿⵀⶀⷀⷿ/>
<⸀⸿⹀⺀⺿⻀⼀⼿⽀⽿⾀⾿⿀/>
<、みむむみむダㄿㆿ㇀ㇿ㈀㈿㋿㌀㏿/>

<㐀㐿㗿㘀㛀㛿㟀㟿/>
<㠀㠿㡀㤿㥀㨿㩀㬿㭀㯿/>
<㰀㰿㱀㶿㷀㼿㽀㾿㿀㿿/>
<䀀䀿䅀䅿䆀䊿䋀䍿䎀䏿/>
<䐀䕿䖀䙿䚀䝿䞀䟿/>
<䠀䢿䣀䧿䨀䪿䫀䬿䭀䯿/>
<䰀䱿䲀䴿䵀䶿䷀䷿一丿乀伿佀便俀俿/>
<倀忿怀濿瀀翿耀迿退/>
<ꀀꑿꒀ꒿꓀꓿ꔀꙀꟿꩿꪀꬿꭀꯀ가꿿/>
<뀀뚿뛀밿뱀뿿/>
<쀀쐿쑀엿였쟿저쩿쪀쿿/>
<퀀툿퉀퐿푀휿흀/>
<豈錄鹿ﬀנּﭿﮀﯿ﴿/>
<︿﹀ﹿﺿﻀ＿｀ｿﾀﺀﷰ/>
<�/>

<𐀀𐄀𐄿𐌀𐌿𐍀𐎿𐏀𐒀/>
<𒀀𒀿𒁀𒉿𒊀𒐀𒐿𒒀𒒿/>
<𗀀𗀿𗁀𗇿𗈀𗗿𗘀𗢿𗣀𗿿/>
<𛀀𛃿𝀀𝀿𝁀𝄀𝄿𝈀𝈿𝌀𝌿/>
<𞸀🀀🀿🂿🄀🄿🚀/>

<力>
<א/>
<س/>
<अ/>
<அ/>
<அ/>
<𐍑/>
<🪐/>
<😀/>
</力>

<ÀÖØöøÿĀĿŀſƀƿǀǿƀƿǀǿȀȿɀɿʀʿˀ˿/>
<ͰͽͿ΀οπϿ/>
<ЀпрѿҠҀҿӀӿԀԿՀտրֿ׀׿/>

<؀ؿـٿڀڿۀۿ/>
<܀ܿ݀݀ݿ/>
<ހ޿ހ޿/>
<ࠀ࠿ࡀࢿࣀࣿऀिीॿ/>
<ঀিী৿/>
<౿ൿවවເༀཀ྿࿀/>
<ကႠᄀᅀᆿᇀᇿሀሿቀቿኀዀዿጀጿፀ/>
<ᚿᛀក/>
<ᢿᣀ᧿ᨀᨿᩀ᪀/>
<ᰀ᰿᱀ᲀᴀᴿᵀᵿᶀᶿḀḿṀṿẀếỀỿ/>
<ἀἿὀᾀ᾿῀/>
<a⁰ⁿ₀₿℀ℿ⅀ⅿↀ/>
<ⰀⰿⱀⱿⲀⲿⳀ⳿ⴀⴿⵀⶀⷀⷿ/>
<⸀⸿⹀⺀⺿⻀⼀⼿⽀⽿⾀⾿⿀/>
<、みむむみむダㄿㆿ㇀ㇿ㈀㈿㋿㌀㏿/>

<㐀㐿㗿㘀㛀㛿㟀㟿/>
<㠀㠿㡀㤿㥀㨿㩀㬿㭀㯿/>
<㰀㰿㱀㶿㷀㼿㽀㾿㿀㿿/>
<䀀䀿䅀䅿䆀䊿䋀䍿䎀䏿/>
<䐀䕿䖀䙿䚀䝿䞀䟿/>
<䠀䢿䣀䧿䨀䪿䫀䬿䭀䯿/>
<䰀䱿䲀䴿䵀䶿䷀䷿一丿乀伿佀便俀俿/>
<倀忿怀濿瀀翿耀迿退/>
<ꀀꑿꒀ꒿꓀꓿ꔀꙀꟿꩿꪀꬿꭀꯀ가꿿/>
<뀀뚿뛀밿뱀뿿/>
<쀀쐿쑀엿였쟿저쩿쪀쿿/>
<퀀툿퉀퐿푀휿흀/>
<豈錄鹿ﬀנּﭿﮀﯿ﴿/>
<︿﹀ﹿﺿﻀ＿｀ｿﾀﺀﷰ/>
<�/>

<𐀀𐄀𐄿𐌀𐌿𐍀𐎿𐏀𐒀/>
<𒀀𒀿𒁀𒉿𒊀𒐀𒐿𒒀𒒿/>
<𗀀𗀿𗁀𗇿𗈀𗗿𗘀𗢿𗣀𗿿/>
<𛀀𛃿𝀀𝀿𝁀𝄀𝄿𝈀𝈿𝌀𝌿/>
<𞸀🀀🀿🂿🄀🄿🚀/>

<力>
<א/>
<س/>
<अ/>
<அ/>
<அ/>
<𐍑/>
<🪐/>
<😀/>
</力>

<ÀÖØöøÿĀĿŀſƀƿǀǿƀƿǀǿȀȿɀɿʀʿˀ˿/>
<ͰͽͿ΀οπϿ/>
<ЀпрѿҠҀҿӀӿԀԿՀտրֿ׀׿/>

<؀ؿـٿڀڿۀۿ/>
<܀ܿ݀݀ݿ/>
<ހ޿ހ޿/>
<ࠀ࠿ࡀࢿࣀࣿऀिीॿ/>
<ঀিী৿/>
<౿ൿවවເༀཀ྿࿀/>
<ကႠᄀᅀᆿᇀᇿሀሿቀቿኀዀዿጀጿፀ/>
<ᚿᛀក/>
<ᢿᣀ᧿ᨀᨿᩀ᪀/>
<ᰀ᰿᱀ᲀᴀᴿᵀᵿᶀᶿḀḿṀṿẀếỀỿ/>
<ἀἿὀᾀ᾿῀/>
<a⁰ⁿ₀₿℀ℿ⅀ⅿↀ/>
<ⰀⰿⱀⱿⲀⲿⳀ⳿ⴀⴿⵀⶀⷀⷿ/>
<⸀⸿⹀⺀⺿⻀⼀⼿⽀⽿⾀⾿⿀/>
<、みむむみむダㄿㆿ㇀ㇿ㈀㈿㋿㌀㏿/>

<㐀㐿㗿㘀㛀㛿㟀㟿/>
<㠀㠿㡀㤿㥀㨿㩀㬿㭀㯿/>
<㰀㰿㱀㶿㷀㼿㽀㾿㿀㿿/>
<䀀䀿䅀䅿䆀䊿䋀䍿䎀䏿/>
<䐀䕿䖀䙿䚀䝿䞀䟿/>
<䠀䢿䣀䧿䨀䪿䫀䬿䭀䯿/>
<䰀䱿䲀䴿䵀䶿䷀䷿一丿乀伿佀便俀俿/>
<倀忿怀濿瀀翿耀迿退/>
<ꀀꑿꒀ꒿꓀꓿ꔀꙀꟿꩿꪀꬿꭀꯀ가꿿/>
<뀀뚿뛀밿뱀뿿/>
<쀀쐿쑀엿였쟿저쩿쪀쿿/>
<퀀툿퉀퐿푀휿흀/>
<豈錄鹿ﬀנּﭿﮀﯿ﴿/>
<︿﹀ﹿﺿﻀ＿｀ｿﾀﺀﷰ/>
<�/>

<𐀀𐄀𐄿𐌀𐌿𐍀𐎿𐏀𐒀/>
<𒀀𒀿𒁀𒉿𒊀𒐀𒐿𒒀𒒿/>
<𗀀𗀿𗁀𗇿𗈀𗗿𗘀𗢿𗣀𗿿/>
<𛀀𛃿𝀀𝀿𝁀𝄀𝄿𝈀𝈿𝌀𝌿/>
<𞸀🀀🀿🂿🄀🄿🚀/>

<力>
<א/>
<س/>
<अ/>
<அ/>
<அ/>
<𐍑/>
<🪐/>
<😀/>
</力>

<ÀÖØöøÿĀĿŀſƀƿǀǿƀƿǀǿȀȿɀɿʀʿˀ˿/>
<ͰͽͿ΀οπϿ/>
<ЀпрѿҠҀҿӀӿԀԿՀտրֿ׀׿/>

<؀ؿـٿڀڿۀۿ/>
<܀ܿ݀݀ݿ/>
<ހ޿ހ޿/>
<ࠀ࠿ࡀࢿࣀࣿऀिीॿ/>
<ঀিী৿/>
<౿ൿවවເༀཀ྿࿀/>
<ကႠᄀᅀᆿᇀᇿሀሿቀቿኀዀዿጀጿፀ/>
<ᚿᛀក/>
<ᢿᣀ᧿ᨀᨿᩀ᪀/>
<ᰀ᰿᱀ᲀᴀᴿᵀᵿᶀᶿḀḿṀṿẀếỀỿ/>
<ἀἿὀᾀ᾿῀/>
<a⁰ⁿ₀₿℀ℿ⅀ⅿↀ/>
<ⰀⰿⱀⱿⲀⲿⳀ⳿ⴀⴿⵀⶀⷀⷿ/>
<⸀⸿⹀⺀⺿⻀⼀⼿⽀⽿⾀⾿⿀/>
<、みむむみむダㄿㆿ㇀ㇿ㈀㈿㋿㌀㏿/>

<㐀㐿㗿㘀㛀㛿㟀㟿/>
<㠀㠿㡀㤿㥀㨿㩀㬿㭀㯿/>
<㰀㰿㱀㶿㷀㼿㽀㾿㿀㿿/>
<䀀䀿䅀䅿䆀䊿䋀䍿䎀䏿/>
<䐀䕿䖀䙿䚀䝿䞀䟿/>
<䠀䢿䣀䧿䨀䪿䫀䬿䭀䯿/>
<䰀䱿䲀䴿䵀䶿䷀䷿一丿乀伿佀便俀俿/>
<倀忿怀濿瀀翿耀迿退/>
<ꀀꑿꒀ꒿꓀꓿ꔀꙀꟿꩿꪀꬿꭀꯀ가꿿/>
<뀀뚿뛀밿뱀뿿/>
<쀀쐿쑀엿였쟿저쩿쪀쿿/>
<퀀툿퉀퐿푀휿흀/>
<豈錄鹿ﬀנּﭿﮀﯿ﴿/>
<︿﹀ﹿﺿﻀ＿｀ｿﾀﺀﷰ/>
<�/>

<𐀀𐄀𐄿𐌀𐌿𐍀𐎿𐏀𐒀/>
<𒀀𒀿𒁀𒉿𒊀𒐀𒐿𒒀𒒿/>
<𗀀𗀿𗁀𗇿𗈀𗗿𗘀𗢿𗣀𗿿/>
<𛀀𛃿𝀀𝀿𝁀𝄀𝄿𝈀𝈿𝌀𝌿/>
<𞸀🀀🀿🂿🄀🄿🚀/>

<力>
<א/>
<س/>
<अ/>
<அ/>
<அ/>
<𐍑/>
<🪐/>
<😀/>
</力>

<ÀÖØöøÿĀĿŀſƀƿǀǿƀƿǀǿȀȿɀɿʀʿˀ˿/>
<ͰͽͿ΀οπϿ/>
<ЀпрѿҠҀҿӀӿԀԿՀտրֿ׀׿/>

<؀ؿـٿڀڿۀۿ/>
<܀ܿ݀݀ݿ/>
<ހ޿ހ޿/>
<ࠀ࠿ࡀࢿࣀࣿऀिीॿ/>
<ঀিী৿/>
<౿ൿවවເༀཀ྿࿀/>
<ကႠᄀᅀᆿᇀᇿሀሿቀቿኀዀዿጀጿፀ/>
<ᚿᛀក/>
<ᢿᣀ᧿ᨀᨿᩀ᪀/>
<ᰀ᰿᱀ᲀᴀᴿᵀᵿᶀᶿḀḿṀṿẀếỀỿ/>
<ἀἿὀᾀ᾿῀/>
<a⁰ⁿ₀₿℀ℿ⅀ⅿↀ/>
<ⰀⰿⱀⱿⲀⲿⳀ⳿ⴀⴿⵀⶀⷀⷿ/>
<⸀⸿⹀⺀⺿⻀⼀⼿⽀⽿⾀⾿⿀/>
<、みむむみむダㄿㆿ㇀ㇿ㈀㈿㋿㌀㏿/>

<㐀㐿㗿㘀㛀㛿㟀㟿/>
<㠀㠿㡀㤿㥀㨿㩀㬿㭀㯿/>
<㰀㰿㱀㶿㷀㼿㽀㾿㿀㿿/>
<䀀䀿䅀䅿䆀䊿䋀䍿䎀䏿/>
<䐀䕿䖀䙿䚀䝿䞀䟿/>
<䠀䢿䣀䧿䨀䪿䫀䬿䭀䯿/>
<䰀䱿䲀䴿䵀䶿䷀䷿一丿乀伿佀便俀俿/>
<倀忿怀濿瀀翿耀迿退/>
<ꀀꑿꒀ꒿꓀꓿ꔀꙀꟿꩿꪀꬿꭀꯀ가꿿/>
<뀀뚿뛀밿뱀뿿/>
<쀀쐿쑀엿였쟿저쩿쪀쿿/>
<퀀툿퉀퐿푀휿흀/>
<豈錄鹿ﬀנּﭿﮀﯿ﴿/>
<︿﹀ﹿﺿﻀ＿｀ｿﾀﺀﷰ/>
<�/>

<𐀀𐄀𐄿𐌀𐌿𐍀𐎿𐏀𐒀/>
<𒀀𒀿𒁀𒉿𒊀𒐀𒐿𒒀𒒿/>
<𗀀𗀿𗁀𗇿𗈀𗗿𗘀𗢿𗣀𗿿/>
<𛀀𛃿𝀀𝀿𝁀𝄀𝄿𝈀𝈿𝌀𝌿/>
<𞸀🀀🀿🂿🄀🄿🚀/>

<力>
<א/>
<س/>
<अ/>
<அ/>
<அ/>
<𐍑/>
<🪐/>
<😀/>
</力>

<ÀÖØöøÿĀĿŀſƀƿǀǿƀƿǀǿȀȿɀɿʀʿˀ˿/>
<ͰͽͿ΀οπϿ/>
<ЀпрѿҠҀҿӀӿԀԿՀտրֿ׀׿/>

<؀ؿـٿڀڿۀۿ/>
<܀ܿ݀݀ݿ/>
<ހ޿ހ޿/>
<ࠀ࠿ࡀࢿࣀࣿऀिीॿ/>
<ঀিী৿/>
<౿ൿවවເༀཀ྿࿀/>
<ကႠᄀᅀᆿᇀᇿሀሿቀቿኀዀዿጀጿፀ/>
<ᚿᛀក/>
<ᢿᣀ᧿ᨀᨿᩀ᪀/>
<ᰀ᰿᱀ᲀᴀᴿᵀᵿᶀᶿḀḿṀṿẀếỀỿ/>
<ἀἿὀᾀ᾿῀/>
<a⁰ⁿ₀₿℀ℿ⅀ⅿↀ/>
<ⰀⰿⱀⱿⲀⲿⳀ⳿ⴀⴿⵀⶀⷀⷿ/>
<⸀⸿⹀⺀⺿⻀⼀⼿⽀⽿⾀⾿⿀/>
<、みむむみむダㄿㆿ㇀ㇿ㈀㈿㋿㌀㏿/>

<㐀㐿㗿㘀㛀㛿㟀㟿/>
<㠀㠿㡀㤿㥀㨿㩀㬿㭀㯿/>
<㰀㰿㱀㶿㷀㼿㽀㾿㿀㿿/>
<䀀䀿䅀䅿䆀䊿䋀䍿䎀䏿/>
<䐀䕿䖀䙿䚀䝿䞀䟿/>
<䠀䢿䣀䧿䨀䪿䫀䬿䭀䯿/>
<䰀䱿䲀䴿䵀䶿䷀䷿一丿乀伿佀便俀俿/>
<倀忿怀濿瀀翿耀迿退/>
<ꀀꑿꒀ꒿꓀꓿ꔀꙀꟿꩿꪀꬿꭀꯀ가꿿/>
<뀀뚿뛀밿뱀뿿/>
<쀀쐿쑀엿였쟿저쩿쪀쿿/>
<퀀툿퉀퐿푀휿흀/>
<豈錄鹿ﬀנּﭿﮀﯿ﴿/>
<︿﹀ﹿﺿﻀ＿｀ｿﾀﺀﷰ/>
<�/>

<𐀀𐄀𐄿𐌀𐌿𐍀𐎿𐏀𐒀/>
<𒀀𒀿𒁀𒉿𒊀𒐀𒐿𒒀𒒿/>
<𗀀𗀿𗁀𗇿𗈀𗗿𗘀𗢿𗣀𗿿/>
<𛀀𛃿𝀀𝀿𝁀𝄀𝄿𝈀𝈿𝌀𝌿/>
<𞸀🀀🀿🂿🄀🄿🚀/>

<力>
<א/>
<س/>
<अ/>
<அ/>
<அ/>
<𐍑/>
<🪐/>
<😀/>
</力>

<ÀÖØöøÿĀĿŀſƀƿǀǿƀƿǀǿȀȿɀɿʀʿˀ˿/>
<ͰͽͿ΀οπϿ/>
<ЀпрѿҠҀҿӀӿԀԿՀտրֿ׀׿/>

<؀ؿـٿڀڿۀۿ/>
<܀ܿ݀݀ݿ/>
<ހ޿ހ޿/>
<ࠀ࠿ࡀࢿࣀࣿऀिीॿ/>
<ঀিী৿/>
<౿ൿවවເༀཀ྿࿀/>
<ကႠᄀᅀᆿᇀᇿሀሿቀቿኀዀዿጀጿፀ/>
<ᚿᛀក/>
<ᢿᣀ᧿ᨀᨿᩀ᪀/>
<ᰀ᰿᱀ᲀᴀᴿᵀᵿᶀᶿḀḿṀṿẀếỀỿ/>
<ἀἿὀᾀ᾿῀/>
<a⁰ⁿ₀₿℀ℿ⅀ⅿↀ/>
<ⰀⰿⱀⱿⲀⲿⳀ⳿ⴀⴿⵀⶀⷀⷿ/>
<⸀⸿⹀⺀⺿⻀⼀⼿⽀⽿⾀⾿⿀/>
<、みむむみむダㄿㆿ㇀ㇿ㈀㈿㋿㌀㏿/>

<㐀㐿㗿㘀㛀㛿㟀㟿/>
<㠀㠿㡀㤿㥀㨿㩀㬿㭀㯿/>
<㰀㰿㱀㶿㷀㼿㽀㾿㿀㿿/>
<䀀䀿䅀䅿䆀䊿䋀䍿䎀䏿/>
<䐀䕿䖀䙿䚀䝿䞀䟿/>
<䠀䢿䣀䧿䨀䪿䫀䬿䭀䯿/>
<䰀䱿䲀䴿䵀䶿䷀䷿一丿乀伿佀便俀俿/>
<倀忿怀濿瀀翿耀迿退/>
<ꀀꑿꒀ꒿꓀꓿ꔀꙀꟿꩿꪀꬿꭀꯀ가꿿/>
<뀀뚿뛀밿뱀뿿/>
<쀀쐿쑀엿였쟿저쩿쪀쿿/>
<퀀툿퉀퐿푀휿흀/>
<豈錄鹿ﬀנּﭿﮀﯿ﴿/>
<︿﹀ﹿﺿﻀ＿｀ｿﾀﺀﷰ/>
<�/>

<𐀀𐄀𐄿𐌀𐌿𐍀𐎿𐏀𐒀/>
<𒀀𒀿𒁀𒉿𒊀𒐀𒐿𒒀𒒿/>
<𗀀𗀿𗁀𗇿𗈀𗗿𗘀𗢿𗣀𗿿/>
<𛀀𛃿𝀀𝀿𝁀𝄀𝄿𝈀𝈿𝌀𝌿/>
<𞸀🀀🀿🂿🄀🄿🚀/>

<力>
<א/>
<س/>
<अ/>
<அ/>
<அ/>
<𐍑/>
<🪐/>
<😀/>
</力>

<ÀÖØöøÿĀĿŀſƀƿǀǿƀƿǀǿȀȿɀɿʀʿˀ˿/>
<ͰͽͿ΀οπϿ/>
<ЀпрѿҠҀҿӀӿԀԿՀտրֿ׀׿/>

<؀ؿـٿڀڿۀۿ/>
<܀ܿ݀݀ݿ/>
<ހ޿ހ޿/>
<ࠀ࠿ࡀࢿࣀࣿऀिीॿ/>
<ঀিী৿/>
<౿ൿවවເༀཀ྿࿀/>
<ကႠᄀᅀᆿᇀᇿሀሿቀቿኀዀዿጀጿፀ/>
<ᚿᛀក/>
<ᢿᣀ᧿ᨀᨿᩀ᪀/>
<ᰀ᰿᱀ᲀᴀᴿᵀᵿᶀᶿḀḿṀṿẀếỀỿ/>
<ἀἿὀᾀ᾿῀/>
<a⁰ⁿ₀₿℀ℿ⅀ⅿↀ/>
<ⰀⰿⱀⱿⲀⲿⳀ⳿ⴀⴿⵀⶀⷀⷿ/>
<⸀⸿⹀⺀⺿⻀⼀⼿⽀⽿⾀⾿⿀/>
<、みむむみむダㄿㆿ㇀ㇿ㈀㈿㋿㌀㏿/>

<㐀㐿㗿㘀㛀㛿㟀㟿/>
<㠀㠿㡀㤿㥀㨿㩀㬿㭀㯿/>
<㰀㰿㱀㶿㷀㼿㽀㾿㿀㿿/>
<䀀䀿䅀䅿䆀䊿䋀䍿䎀䏿/>
<䐀䕿䖀䙿䚀䝿䞀䟿/>
<䠀䢿䣀䧿䨀䪿䫀䬿䭀䯿/>
<䰀䱿䲀䴿䵀䶿䷀䷿一丿乀伿佀便俀俿/>
<倀忿怀濿瀀翿耀迿退/>
<ꀀꑿꒀ꒿꓀꓿ꔀꙀꟿꩿꪀꬿꭀꯀ가꿿/>
<뀀뚿뛀밿뱀뿿/>
<쀀쐿쑀엿였쟿저쩿쪀쿿/>
<퀀툿퉀퐿푀휿흀/>
<豈錄鹿ﬀנּﭿﮀﯿ﴿/>
<︿﹀ﹿﺿﻀ＿｀ｿﾀﺀﷰ/>
<�/>

<𐀀𐄀𐄿𐌀𐌿𐍀𐎿𐏀𐒀/>
<𒀀𒀿𒁀𒉿𒊀𒐀𒐿𒒀𒒿/>
<𗀀𗀿𗁀𗇿𗈀𗗿𗘀𗢿𗣀𗿿/>
<𛀀𛃿𝀀𝀿𝁀𝄀𝄿𝈀𝈿𝌀𝌿/>
<𞸀🀀🀿🂿🄀🄿🚀/>

<力>
<א/>
<س/>
<अ/>
<அ/>
<அ/>
<𐍑/>
<🪐/>
<😀/>
</力>

<ÀÖØöøÿĀĿŀſƀƿǀǿƀƿǀǿȀȿɀɿʀʿˀ˿/>
<ͰͽͿ΀οπϿ/>
<ЀпрѿҠҀҿӀӿԀԿՀտրֿ׀׿/>

<؀ؿـٿڀڿۀۿ/>
<܀ܿ݀݀ݿ/>
<ހ޿ހ޿/>
<ࠀ࠿ࡀࢿࣀࣿऀिीॿ/>
<ঀিী৿/>
<౿ൿවවເༀཀ྿࿀/>
<ကႠᄀᅀᆿᇀᇿሀሿቀቿኀዀዿጀጿፀ/>
<ᚿᛀក/>
<ᢿᣀ᧿ᨀᨿᩀ᪀/>
<ᰀ᰿᱀ᲀᴀᴿᵀᵿᶀᶿḀḿṀṿẀếỀỿ/>
<ἀἿὀᾀ᾿῀/>
<a⁰ⁿ₀₿℀ℿ⅀ⅿↀ/>
<ⰀⰿⱀⱿⲀⲿⳀ⳿ⴀⴿⵀⶀⷀⷿ/>
<⸀⸿⹀⺀⺿⻀⼀⼿⽀⽿⾀⾿⿀/>
<、みむむみむダㄿㆿ㇀ㇿ㈀㈿㋿㌀㏿/>

<㐀㐿㗿㘀㛀㛿㟀㟿/>
<㠀㠿㡀㤿㥀㨿㩀㬿㭀㯿/>
<㰀㰿㱀㶿㷀㼿㽀㾿㿀㿿/>
<䀀䀿䅀䅿䆀䊿䋀䍿䎀䏿/>
<䐀䕿䖀䙿䚀䝿䞀䟿/>
<䠀䢿䣀䧿䨀䪿䫀䬿䭀䯿/>
<䰀䱿䲀䴿䵀䶿䷀䷿一丿乀伿佀便俀俿/>
<倀忿怀濿瀀翿耀迿退/>
<ꀀꑿꒀ꒿꓀꓿ꔀꙀꟿꩿꪀꬿꭀꯀ가꿿/>
<뀀뚿뛀밿뱀뿿/>
<쀀쐿쑀엿였쟿저쩿쪀쿿/>
<퀀툿퉀퐿푀휿흀/>
<豈錄鹿ﬀנּﭿﮀﯿ﴿/>
<︿﹀ﹿﺿﻀ＿｀ｿﾀﺀﷰ/>
<�/>

<𐀀𐄀𐄿𐌀𐌿𐍀𐎿𐏀𐒀/>
<𒀀𒀿𒁀𒉿𒊀𒐀𒐿𒒀𒒿/>
<𗀀𗀿𗁀𗇿𗈀𗗿𗘀𗢿𗣀𗿿/>
<𛀀𛃿𝀀𝀿𝁀𝄀𝄿𝈀𝈿𝌀𝌿/>
<𞸀🀀🀿🂿🄀🄿🚀/>

<力>
<א/>
<س/>
<अ/>
<அ/>
<அ/>
<𐍑/>
<🪐/>
<😀/>
</力>

<ÀÖØöøÿĀĿŀſƀƿǀǿƀƿǀǿȀȿɀɿʀʿˀ˿/>
<ͰͽͿ΀οπϿ/>
<ЀпрѿҠҀҿӀӿԀԿՀտրֿ׀׿/>

<؀ؿـٿڀڿۀۿ/>
<܀ܿ݀݀ݿ/>
<ހ޿ހ޿/>
<ࠀ࠿ࡀࢿࣀࣿऀिीॿ/>
<ঀিী৿/>
<౿ൿවවເༀཀ྿࿀/>
<ကႠᄀᅀᆿᇀᇿሀሿቀቿኀዀዿጀጿፀ/>
<ᚿᛀក/>
<ᢿᣀ᧿ᨀᨿᩀ᪀/>
<ᰀ᰿᱀ᲀᴀᴿᵀᵿᶀᶿḀḿṀṿẀếỀỿ/>
<ἀἿὀᾀ᾿῀/>
<a⁰ⁿ₀₿℀ℿ⅀ⅿↀ/>
<ⰀⰿⱀⱿⲀⲿⳀ⳿ⴀⴿⵀⶀⷀⷿ/>
<⸀⸿⹀⺀⺿⻀⼀⼿⽀⽿⾀⾿⿀/>
<、みむむみむダㄿㆿ㇀ㇿ㈀㈿㋿㌀㏿/>

<㐀㐿㗿㘀㛀㛿㟀㟿/>
<㠀㠿㡀㤿㥀㨿㩀㬿㭀㯿/>
<㰀㰿㱀㶿㷀㼿㽀㾿㿀㿿/>
<䀀䀿䅀䅿䆀䊿䋀䍿䎀䏿/>
<䐀䕿䖀䙿䚀䝿䞀䟿/>
<䠀䢿䣀䧿䨀䪿䫀䬿䭀䯿/>
<䰀䱿䲀䴿䵀䶿䷀䷿一丿乀伿佀便俀俿/>
<倀忿怀濿瀀翿耀迿退/>
<ꀀꑿꒀ꒿꓀꓿ꔀꙀꟿꩿꪀꬿꭀꯀ가꿿/>
<뀀뚿뛀밿뱀뿿/>
<쀀쐿쑀엿였쟿저쩿쪀쿿/>
<퀀툿퉀퐿푀휿흀/>
<豈錄鹿ﬀנּﭿﮀﯿ﴿/>
<︿﹀ﹿﺿﻀ＿｀ｿﾀﺀﷰ/>
<�/>

<𐀀𐄀𐄿𐌀𐌿𐍀𐎿𐏀𐒀/>
<𒀀𒀿𒁀𒉿𒊀𒐀𒐿𒒀𒒿/>
<𗀀𗀿𗁀𗇿𗈀𗗿𗘀𗢿𗣀𗿿/>
<𛀀𛃿𝀀𝀿𝁀𝄀𝄿𝈀𝈿𝌀𝌿/>
<𞸀🀀🀿🂿🄀🄿🚀/>

<力>
<א/>
<س/>
<अ/>
<அ/>
<அ/>
<𐍑/>
<🪐/>
<😀/>
</力>

<ÀÖØöøÿĀĿŀſƀƿǀǿƀƿǀǿȀȿɀɿʀʿˀ˿/>
<ͰͽͿ΀οπϿ/>
<ЀпрѿҠҀҿӀӿԀԿՀտրֿ׀׿/>

<؀ؿـٿڀڿۀۿ/>
<܀ܿ݀݀ݿ/>
<ހ޿ހ޿/>
<ࠀ࠿ࡀࢿࣀࣿऀिीॿ/>
<ঀিী৿/>
<౿ൿවවເༀཀ྿࿀/>
<ကႠᄀᅀᆿᇀᇿሀሿቀቿኀዀዿጀጿፀ/>
<ᚿᛀក/>
<ᢿᣀ᧿ᨀᨿᩀ᪀/>
<ᰀ᰿᱀ᲀᴀᴿᵀᵿᶀᶿḀḿṀṿẀếỀỿ/>
<ἀἿὀᾀ᾿῀/>
<a⁰ⁿ₀₿℀ℿ⅀ⅿↀ/>
<ⰀⰿⱀⱿⲀⲿⳀ⳿ⴀⴿⵀⶀⷀⷿ/>
<⸀⸿⹀⺀⺿⻀⼀⼿⽀⽿⾀⾿⿀/>
<、みむむみむダㄿㆿ㇀ㇿ㈀㈿㋿㌀㏿/>

<㐀㐿㗿㘀㛀㛿㟀㟿/>
<㠀㠿㡀㤿㥀㨿㩀㬿㭀㯿/>
<㰀㰿㱀㶿㷀㼿㽀㾿㿀㿿/>
<䀀䀿䅀䅿䆀䊿䋀䍿䎀䏿/>
<䐀䕿䖀䙿䚀䝿䞀䟿/>
<䠀䢿䣀䧿䨀䪿䫀䬿䭀䯿/>
<䰀䱿䲀䴿䵀䶿䷀䷿一丿乀伿佀便俀俿/>
<倀忿怀濿瀀翿耀迿退/>
<ꀀꑿꒀ꒿꓀꓿ꔀꙀꟿꩿꪀꬿꭀꯀ가꿿/>
<뀀뚿뛀밿뱀뿿/>
<쀀쐿쑀엿였쟿저쩿쪀쿿/>
<퀀툿퉀퐿푀휿흀/>
<豈錄鹿ﬀנּﭿﮀﯿ﴿/>
<︿﹀ﹿﺿﻀ＿｀ｿﾀﺀﷰ/>
<�/>

<𐀀𐄀𐄿𐌀𐌿𐍀𐎿𐏀𐒀/>
<𒀀𒀿𒁀𒉿𒊀𒐀𒐿𒒀𒒿/>
<𗀀𗀿𗁀𗇿𗈀𗗿𗘀𗢿𗣀𗿿/>
<𛀀𛃿𝀀𝀿𝁀𝄀𝄿𝈀𝈿𝌀𝌿/>
<𞸀🀀🀿🂿🄀🄿🚀/>

<力>
<א/>
<س/>
<अ/>
<அ/>
<அ/>
<𐍑/>
<🪐/>
<😀/>
</力>

<ÀÖØöøÿĀĿŀſƀƿǀǿƀƿǀǿȀȿɀɿʀʿˀ˿/>
<ͰͽͿ΀οπϿ/>
<ЀпрѿҠҀҿӀӿԀԿՀտրֿ׀׿/>

<؀ؿـٿڀڿۀۿ/>
<܀ܿ݀݀ݿ/>
<ހ޿ހ޿/>
<ࠀ࠿ࡀࢿࣀࣿऀिीॿ/>
<ঀিী৿/>
<౿ൿවවເༀཀ྿࿀/>
<ကႠᄀᅀᆿᇀᇿሀሿቀቿኀዀዿጀጿፀ/>
<ᚿᛀក/>
<ᢿᣀ᧿ᨀᨿᩀ᪀/>
<ᰀ᰿᱀ᲀᴀᴿᵀᵿᶀᶿḀḿṀṿẀếỀỿ/>
<ἀἿὀᾀ᾿῀/>
<a⁰ⁿ₀₿℀ℿ⅀ⅿↀ/>
<ⰀⰿⱀⱿⲀⲿⳀ⳿ⴀⴿⵀⶀⷀⷿ/>
<⸀⸿⹀⺀⺿⻀⼀⼿⽀⽿⾀⾿⿀/>
<、みむむみむダㄿㆿ㇀ㇿ㈀㈿㋿㌀㏿/>

<㐀㐿㗿㘀㛀㛿㟀㟿/>
<㠀㠿㡀㤿㥀㨿㩀㬿㭀㯿/>
<㰀㰿㱀㶿㷀㼿㽀㾿㿀㿿/>
<䀀䀿䅀䅿䆀䊿䋀䍿䎀䏿/>
<䐀䕿䖀䙿䚀䝿䞀䟿/>
<䠀䢿䣀䧿䨀䪿䫀䬿䭀䯿/>
<䰀䱿䲀䴿䵀䶿䷀䷿一丿乀伿佀便俀俿/>
<倀忿怀濿瀀翿耀迿退/>
<ꀀꑿꒀ꒿꓀꓿ꔀꙀꟿꩿꪀꬿꭀꯀ가꿿/>
<뀀뚿뛀밿뱀뿿/>
<쀀쐿쑀엿였쟿저쩿쪀쿿/>
<퀀툿퉀퐿푀휿흀/>
<豈錄鹿ﬀנּﭿﮀﯿ﴿/>
<︿﹀ﹿﺿﻀ＿｀ｿﾀﺀﷰ/>
<�/>

<𐀀𐄀𐄿𐌀𐌿𐍀𐎿𐏀𐒀/>
<𒀀𒀿𒁀𒉿𒊀𒐀𒐿𒒀𒒿/>
<𗀀𗀿𗁀𗇿𗈀𗗿𗘀𗢿𗣀𗿿/>
<𛀀𛃿𝀀𝀿𝁀𝄀𝄿𝈀𝈿𝌀𝌿/>
<𞸀🀀🀿🂿🄀🄿🚀/>

<力>
<א/>
<س/>
<अ/>
<அ/>
<அ/>
<𐍑/>
<🪐/>
<😀/>
</力>

<ÀÖØöøÿĀĿŀſƀƿǀǿƀƿǀǿȀȿɀɿʀʿˀ˿/>
<ͰͽͿ΀οπϿ/>
<ЀпрѿҠҀҿӀӿԀԿՀտրֿ׀׿/>

<؀ؿـٿڀڿۀۿ/>
<܀ܿ݀݀ݿ/>
<ހ޿ހ޿/>
<ࠀ࠿ࡀࢿࣀࣿऀिीॿ/>
<ঀিী৿/>
<౿ൿවවເༀཀ྿࿀/>
<ကႠᄀᅀᆿᇀᇿሀሿቀቿኀዀዿጀጿፀ/>
<ᚿᛀក/>
<ᢿᣀ᧿ᨀᨿᩀ᪀/>
<ᰀ᰿᱀ᲀᴀᴿᵀᵿᶀᶿḀḿṀṿẀếỀỿ/>
<ἀἿὀᾀ᾿῀/>
<a⁰ⁿ₀₿℀ℿ⅀ⅿↀ/>
<ⰀⰿⱀⱿⲀⲿⳀ⳿ⴀⴿⵀⶀⷀⷿ/>
<⸀⸿⹀⺀⺿⻀⼀⼿⽀⽿⾀⾿⿀/>
<、みむむみむダㄿㆿ㇀ㇿ㈀㈿㋿㌀㏿/>

<㐀㐿㗿㘀㛀㛿㟀㟿/>
<㠀㠿㡀㤿㥀㨿㩀㬿㭀㯿/>
<㰀㰿㱀㶿㷀㼿㽀㾿㿀㿿/>
<䀀䀿䅀䅿䆀䊿䋀䍿䎀䏿/>
<䐀䕿䖀䙿䚀䝿䞀䟿/>
<䠀䢿䣀䧿䨀䪿䫀䬿䭀䯿/>
<䰀䱿䲀䴿䵀䶿䷀䷿一丿乀伿佀便俀俿/>
<倀忿怀濿瀀翿耀迿退/>
<ꀀꑿꒀ꒿꓀꓿ꔀꙀꟿꩿꪀꬿꭀꯀ가꿿/>
<뀀뚿뛀밿뱀뿿/>
<쀀쐿쑀엿였쟿저쩿쪀쿿/>
<퀀툿퉀퐿푀휿흀/>
<豈錄鹿ﬀנּﭿﮀﯿ﴿/>
<︿﹀ﹿﺿﻀ＿｀ｿﾀﺀﷰ/>
<�/>

<𐀀𐄀𐄿𐌀𐌿𐍀𐎿𐏀𐒀/>
<𒀀𒀿𒁀𒉿𒊀𒐀𒐿𒒀𒒿/>
<𗀀𗀿𗁀𗇿𗈀𗗿𗘀𗢿𗣀𗿿/>
<𛀀𛃿𝀀𝀿𝁀𝄀𝄿𝈀𝈿𝌀𝌿/>
<𞸀🀀🀿🂿🄀🄿🚀/>

<力>
<א/>
<س/>
<अ/>
<அ/>
<அ/>
<𐍑/>
<🪐/>
<😀/>
</力>

<ÀÖØöøÿĀĿŀſƀƿǀǿƀƿǀǿȀȿɀɿʀʿˀ˿/>
<ͰͽͿ΀οπϿ/>
<ЀпрѿҠҀҿӀӿԀԿՀտրֿ׀׿/>

<؀ؿـٿڀڿۀۿ/>
<܀ܿ݀݀ݿ/>
<ހ޿ހ޿/>
<ࠀ࠿ࡀࢿࣀࣿऀिीॿ/>
<ঀিী৿/>
<౿ൿවවເༀཀ྿࿀/>
<ကႠᄀᅀᆿᇀᇿሀሿቀቿኀዀዿጀጿፀ/>
<ᚿᛀក/>
<ᢿᣀ᧿ᨀᨿᩀ᪀/>
<ᰀ᰿᱀ᲀᴀᴿᵀᵿᶀᶿḀḿṀṿẀếỀỿ/>
<ἀἿὀᾀ᾿῀/>
<a⁰ⁿ₀₿℀ℿ⅀ⅿↀ/>
<ⰀⰿⱀⱿⲀⲿⳀ⳿ⴀⴿⵀⶀⷀⷿ/>
<⸀⸿⹀⺀⺿⻀⼀⼿⽀⽿⾀⾿⿀/>
<、みむむみむダㄿㆿ㇀ㇿ㈀㈿㋿㌀㏿/>

<㐀㐿㗿㘀㛀㛿㟀㟿/>
<㠀㠿㡀㤿㥀㨿㩀㬿㭀㯿/>
<㰀㰿㱀㶿㷀㼿㽀㾿㿀㿿/>
<䀀䀿䅀䅿䆀䊿䋀䍿䎀䏿/>
<䐀䕿䖀䙿䚀䝿䞀䟿/>
<䠀䢿䣀䧿䨀䪿䫀䬿䭀䯿/>
<䰀䱿䲀䴿䵀䶿䷀䷿一丿乀伿佀便俀俿/>
<倀忿怀濿瀀翿耀迿退/>
<ꀀꑿꒀ꒿꓀꓿ꔀꙀꟿꩿꪀꬿꭀꯀ가꿿/>
<뀀뚿뛀밿뱀뿿/>
<쀀쐿쑀엿였쟿저쩿쪀쿿/>
<퀀툿퉀퐿푀휿흀/>
<豈錄鹿ﬀנּﭿﮀﯿ﴿/>
<︿﹀ﹿﺿﻀ＿｀ｿﾀﺀﷰ/>
<�/>

<𐀀𐄀𐄿𐌀𐌿𐍀𐎿𐏀𐒀/>
<𒀀𒀿𒁀𒉿𒊀𒐀𒐿𒒀𒒿/>
<𗀀𗀿𗁀𗇿𗈀𗗿𗘀𗢿𗣀𗿿/>
<𛀀𛃿𝀀𝀿𝁀𝄀𝄿𝈀𝈿𝌀𝌿/>
<𞸀🀀🀿🂿🄀🄿🚀/>

<力>
<א/>
<س/>
<अ/>
<அ/>
<அ/>
<𐍑/>
<🪐/>
<😀/>
</力>

<ÀÖØöøÿĀĿŀſƀƿǀǿƀƿǀǿȀȿɀɿʀʿˀ˿/>
<ͰͽͿ΀οπϿ/>
<ЀпрѿҠҀҿӀӿԀԿՀտրֿ׀׿/>

<؀ؿـٿڀڿۀۿ/>
<܀ܿ݀݀ݿ/>
<ހ޿ހ޿/>
<ࠀ࠿ࡀࢿࣀࣿऀिीॿ/>
<ঀিী৿/>
<౿ൿවවເༀཀ྿࿀/>
<ကႠᄀᅀᆿᇀᇿሀሿቀቿኀዀዿጀጿፀ/>
<ᚿᛀក/>
<ᢿᣀ᧿ᨀᨿᩀ᪀/>
<ᰀ᰿᱀ᲀᴀᴿᵀᵿᶀᶿḀḿṀṿẀếỀỿ/>
<ἀἿὀᾀ᾿῀/>
<a⁰ⁿ₀₿℀ℿ⅀ⅿↀ/>
<ⰀⰿⱀⱿⲀⲿⳀ⳿ⴀⴿⵀⶀⷀⷿ/>
<⸀⸿⹀⺀⺿⻀⼀⼿⽀⽿⾀⾿⿀/>
<、みむむみむダㄿㆿ㇀ㇿ㈀㈿㋿㌀㏿/>

<㐀㐿㗿㘀㛀㛿㟀㟿/>
<㠀㠿㡀㤿㥀㨿㩀㬿㭀㯿/>
<㰀㰿㱀㶿㷀㼿㽀㾿㿀㿿/>
<䀀䀿䅀䅿䆀䊿䋀䍿䎀䏿/>
<䐀䕿䖀䙿䚀䝿䞀䟿/>
<䠀䢿䣀䧿䨀䪿䫀䬿䭀䯿/>
<䰀䱿䲀䴿䵀䶿䷀䷿一丿乀伿佀便俀俿/>
<倀忿怀濿瀀翿耀迿退/>
<ꀀꑿꒀ꒿꓀꓿ꔀꙀꟿꩿꪀꬿꭀꯀ가꿿/>
<뀀뚿뛀밿뱀뿿/>
<쀀쐿쑀엿였쟿저쩿쪀쿿/>
<퀀툿퉀퐿푀휿흀/>
<豈錄鹿ﬀנּﭿﮀﯿ﴿/>
<︿﹀ﹿﺿﻀ＿｀ｿﾀﺀﷰ/>
<�/>

<𐀀𐄀𐄿𐌀𐌿𐍀𐎿𐏀𐒀/>
<𒀀𒀿𒁀𒉿𒊀𒐀𒐿𒒀𒒿/>
<𗀀𗀿𗁀𗇿𗈀𗗿𗘀𗢿𗣀𗿿/>
<𛀀𛃿𝀀𝀿𝁀𝄀𝄿𝈀𝈿𝌀𝌿/>
<𞸀🀀🀿🂿🄀🄿🚀/>

<力>
<א/>
<س/>
<अ/>
<அ/>
<அ/>
<𐍑/>
<🪐/>
<😀/>
</力>

<ÀÖØöøÿĀĿŀſƀƿǀǿƀƿǀǿȀȿɀɿʀʿˀ˿/>
<ͰͽͿ΀οπϿ/>
<ЀпрѿҠҀҿӀӿԀԿՀտրֿ׀׿/>

<؀ؿـٿڀڿۀۿ/>
<܀ܿ݀݀ݿ/>
<ހ޿ހ޿/>
<ࠀ࠿ࡀࢿࣀࣿऀिीॿ/>
<ঀিী৿/>
<౿ൿවවເༀཀ྿࿀/>
<ကႠᄀᅀᆿᇀᇿሀሿቀቿኀዀዿጀጿፀ/>
<ᚿᛀក/>
<ᢿᣀ᧿ᨀᨿᩀ᪀/>
<ᰀ᰿᱀ᲀᴀᴿᵀᵿᶀᶿḀḿṀṿẀếỀỿ/>
<ἀἿὀᾀ᾿῀/>
<a⁰ⁿ₀₿℀ℿ⅀ⅿↀ/>
<ⰀⰿⱀⱿⲀⲿⳀ⳿ⴀⴿⵀⶀⷀⷿ/>
<⸀⸿⹀⺀⺿⻀⼀⼿⽀⽿⾀⾿⿀/>
<、みむむみむダㄿㆿ㇀ㇿ㈀㈿㋿㌀㏿/>

<㐀㐿㗿㘀㛀㛿㟀㟿/>
<㠀㠿㡀㤿㥀㨿㩀㬿㭀㯿/>
<㰀㰿㱀㶿㷀㼿㽀㾿㿀㿿/>
<䀀䀿䅀䅿䆀䊿䋀䍿䎀䏿/>
<䐀䕿䖀䙿䚀䝿䞀䟿/>
<䠀䢿䣀䧿䨀䪿䫀䬿䭀䯿/>
<䰀䱿䲀䴿䵀䶿䷀䷿一丿乀伿佀便俀俿/>
<倀忿怀濿瀀翿耀迿退/>
<ꀀꑿꒀ꒿꓀꓿ꔀꙀꟿꩿꪀꬿꭀꯀ가꿿/>
<뀀뚿뛀밿뱀뿿/>
<쀀쐿쑀엿였쟿저쩿쪀쿿/>
<퀀툿퉀퐿푀휿흀/>
<豈錄鹿ﬀנּﭿﮀﯿ﴿/>
<︿﹀ﹿﺿﻀ＿｀ｿﾀﺀﷰ/>
<�/>

<𐀀𐄀𐄿𐌀𐌿𐍀𐎿𐏀𐒀/>
<𒀀𒀿𒁀𒉿𒊀𒐀𒐿𒒀𒒿/>
<𗀀𗀿𗁀𗇿𗈀𗗿𗘀𗢿𗣀𗿿/>
<𛀀𛃿𝀀𝀿𝁀𝄀𝄿𝈀𝈿𝌀𝌿/>
<𞸀🀀🀿🂿🄀🄿🚀/>

<力>
<א/>
<س/>
<अ/>
<அ/>
<அ/>
<𐍑/>
<🪐/>
<😀/>
</力>

<ÀÖØöøÿĀĿŀſƀƿǀǿƀƿǀǿȀȿɀɿʀʿˀ˿/>
<ͰͽͿ΀οπϿ/>
<ЀпрѿҠҀҿӀӿԀԿՀտրֿ׀׿/>

<؀ؿـٿڀڿۀۿ/>
<܀ܿ݀݀ݿ/>
<ހ޿ހ޿/>
<ࠀ࠿ࡀࢿࣀࣿऀिीॿ/>
<ঀিী৿/>
<౿ൿවවເༀཀ྿࿀/>
<ကႠᄀᅀᆿᇀᇿሀሿቀቿኀዀዿጀጿፀ/>
<ᚿᛀក/>
<ᢿᣀ᧿ᨀᨿᩀ᪀/>
<ᰀ᰿᱀ᲀᴀᴿᵀᵿᶀᶿḀḿṀṿẀếỀỿ/>
<ἀἿὀᾀ᾿῀/>
<a⁰ⁿ₀₿℀ℿ⅀ⅿↀ/>
<ⰀⰿⱀⱿⲀⲿⳀ⳿ⴀⴿⵀⶀⷀⷿ/>
<⸀⸿⹀⺀⺿⻀⼀⼿⽀⽿⾀⾿⿀/>
<、みむむみむダㄿㆿ㇀ㇿ㈀㈿㋿㌀㏿/>

<㐀㐿㗿㘀㛀㛿㟀㟿/>
<㠀㠿㡀㤿㥀㨿㩀㬿㭀㯿/>
<㰀㰿㱀㶿㷀㼿㽀㾿㿀㿿/>
<䀀䀿䅀䅿䆀䊿䋀䍿䎀䏿/>
<䐀䕿䖀䙿䚀䝿䞀䟿/>
<䠀䢿䣀䧿䨀䪿䫀䬿䭀䯿/>
<䰀䱿䲀䴿䵀䶿䷀䷿一丿乀伿佀便俀俿/>
<倀忿怀濿瀀翿耀迿退/>
<ꀀꑿꒀ꒿꓀꓿ꔀꙀꟿꩿꪀꬿꭀꯀ가꿿/>
<뀀뚿뛀밿뱀뿿/>
<쀀쐿쑀엿였쟿저쩿쪀쿿/>
<퀀툿퉀퐿푀휿흀/>
<豈錄鹿ﬀנּﭿﮀﯿ﴿/>
<︿﹀ﹿﺿﻀ＿｀ｿﾀﺀﷰ/>
<�/>

<𐀀𐄀𐄿𐌀𐌿𐍀𐎿𐏀𐒀/>
<𒀀𒀿𒁀𒉿𒊀𒐀𒐿𒒀𒒿/>
<𗀀𗀿𗁀𗇿𗈀𗗿𗘀𗢿𗣀𗿿/>
<𛀀𛃿𝀀𝀿𝁀𝄀𝄿𝈀𝈿𝌀𝌿/>
<𞸀🀀🀿🂿🄀🄿🚀/>

<力>
<א/>
<س/>
<अ/>
<அ/>
<அ/>
<𐍑/>
<🪐/>
<😀/>
</力>

<ÀÖØöøÿĀĿŀſƀƿǀǿƀƿǀǿȀȿɀɿʀʿˀ˿/>
<ͰͽͿ΀οπϿ/>
<ЀпрѿҠҀҿӀӿԀԿՀտրֿ׀׿/>

<؀ؿـٿڀڿۀۿ/>
<܀ܿ݀݀ݿ/>
<ހ޿ހ޿/>
<ࠀ࠿ࡀࢿࣀࣿऀिीॿ/>
<ঀিী৿/>
<౿ൿවවເༀཀ྿࿀/>
<ကႠᄀᅀᆿᇀᇿሀሿቀቿኀዀዿጀጿፀ/>
<ᚿᛀក/>
<ᢿᣀ᧿ᨀᨿᩀ᪀/>
<ᰀ᰿᱀ᲀᴀᴿᵀᵿᶀᶿḀḿṀṿẀếỀỿ/>
<ἀἿὀᾀ᾿῀/>
<a⁰ⁿ₀₿℀ℿ⅀ⅿↀ/>
<ⰀⰿⱀⱿⲀⲿⳀ⳿ⴀⴿⵀⶀⷀⷿ/>
<⸀⸿⹀⺀⺿⻀⼀⼿⽀⽿⾀⾿⿀/>
<、みむむみむダㄿㆿ㇀ㇿ㈀㈿㋿㌀㏿/>

<㐀㐿㗿㘀㛀㛿㟀㟿/>
<㠀㠿㡀㤿㥀㨿㩀㬿㭀㯿/>
<㰀㰿㱀㶿㷀㼿㽀㾿㿀㿿/>
<䀀䀿䅀䅿䆀䊿䋀䍿䎀䏿/>
<䐀䕿䖀䙿䚀䝿䞀䟿/>
<䠀䢿䣀䧿䨀䪿䫀䬿䭀䯿/>
<䰀䱿䲀䴿䵀䶿䷀䷿一丿乀伿佀便俀俿/>
<倀忿怀濿瀀翿耀迿退/>
<ꀀꑿꒀ꒿꓀꓿ꔀꙀꟿꩿꪀꬿꭀꯀ가꿿/>
<뀀뚿뛀밿뱀뿿/>
<쀀쐿쑀엿였쟿저쩿쪀쿿/>
<퀀툿퉀퐿푀휿흀/>
<豈錄鹿ﬀנּﭿﮀﯿ﴿/>
<︿﹀ﹿﺿﻀ＿｀ｿﾀﺀﷰ/>
<�/>

<𐀀𐄀𐄿𐌀𐌿𐍀𐎿𐏀𐒀/>
<𒀀𒀿𒁀𒉿𒊀𒐀𒐿𒒀𒒿/>
<𗀀𗀿𗁀𗇿𗈀𗗿𗘀𗢿𗣀𗿿/>
<𛀀𛃿𝀀𝀿𝁀𝄀𝄿𝈀𝈿𝌀𝌿/>
<𞸀🀀🀿🂿🄀🄿🚀/>

<力>
<א/>
<س/>
<अ/>
<அ/>
<அ/>
<𐍑/>
<🪐/>
<😀/>
</力>

<ÀÖØöøÿĀĿŀſƀƿǀǿƀƿǀǿȀȿɀɿʀʿˀ˿/>
<ͰͽͿ΀οπϿ/>
<ЀпрѿҠҀҿӀӿԀԿՀտրֿ׀׿/>

<؀ؿـٿڀڿۀۿ/>
<܀ܿ݀݀ݿ/>
<ހ޿ހ޿/>
<ࠀ࠿ࡀࢿࣀࣿऀिीॿ/>
<ঀিী৿/>
<౿ൿවවເༀཀ྿࿀/>
<ကႠᄀᅀᆿᇀᇿሀሿቀቿኀዀዿጀጿፀ/>
<ᚿᛀក/>
<ᢿᣀ᧿ᨀᨿᩀ᪀/>
<ᰀ᰿᱀ᲀᴀᴿᵀᵿᶀᶿḀḿṀṿẀếỀỿ/>
<ἀἿὀᾀ᾿῀/>
<a⁰ⁿ₀₿℀ℿ⅀ⅿↀ/>
<ⰀⰿⱀⱿⲀⲿⳀ⳿ⴀⴿⵀⶀⷀⷿ/>
<⸀⸿⹀⺀⺿⻀⼀⼿⽀⽿⾀⾿⿀/>
<、みむむみむダㄿㆿ㇀ㇿ㈀㈿㋿㌀㏿/>

<㐀㐿㗿㘀㛀㛿㟀㟿/>
<㠀㠿㡀㤿㥀㨿㩀㬿㭀㯿/>
<㰀㰿㱀㶿㷀㼿㽀㾿㿀㿿/>
<䀀䀿䅀䅿䆀䊿䋀䍿䎀䏿/>
<䐀䕿䖀䙿䚀䝿䞀䟿/>
<䠀䢿䣀䧿䨀䪿䫀䬿䭀䯿/>
<䰀䱿䲀䴿䵀䶿䷀䷿一丿乀伿佀便俀俿/>
<倀忿怀濿瀀翿耀迿退/>
<ꀀꑿꒀ꒿꓀꓿ꔀꙀꟿꩿꪀꬿꭀꯀ가꿿/>
<뀀뚿뛀밿뱀뿿/>
<쀀쐿쑀엿였쟿저쩿쪀쿿/>
<퀀툿퉀퐿푀휿흀/>
<豈錄鹿ﬀנּﭿﮀﯿ﴿/>
<︿﹀ﹿﺿﻀ＿｀ｿﾀﺀﷰ/>
<�/>

<𐀀𐄀𐄿𐌀𐌿𐍀𐎿𐏀𐒀/>
<𒀀𒀿𒁀𒉿𒊀𒐀𒐿𒒀𒒿/>
<𗀀𗀿𗁀𗇿𗈀𗗿𗘀𗢿𗣀𗿿/>
<𛀀𛃿𝀀𝀿𝁀𝄀𝄿𝈀𝈿𝌀𝌿/>
<𞸀🀀🀿🂿🄀🄿🚀/>

<力>
<א/>
<س/>
<अ/>
<அ/>
<அ/>
<𐍑/>
<🪐/>
<😀/>
</力>

<ÀÖØöøÿĀĿŀſƀƿǀǿƀƿǀǿȀȿɀɿʀʿˀ˿/>
<ͰͽͿ΀οπϿ/>
<ЀпрѿҠҀҿӀӿԀԿՀտրֿ׀׿/>

<؀ؿـٿڀڿۀۿ/>
<܀ܿ݀݀ݿ/>
<ހ޿ހ޿/>
<ࠀ࠿ࡀࢿࣀࣿऀिीॿ/>
<ঀিী৿/>
<౿ൿවවເༀཀ྿࿀/>
<ကႠᄀᅀᆿᇀᇿሀሿቀቿኀዀዿጀጿፀ/>
<ᚿᛀក/>
<ᢿᣀ᧿ᨀᨿᩀ᪀/>
<ᰀ᰿᱀ᲀᴀᴿᵀᵿᶀᶿḀḿṀṿẀếỀỿ/>
<ἀἿὀᾀ᾿῀/>
<a⁰ⁿ₀₿℀ℿ⅀ⅿↀ/>
<ⰀⰿⱀⱿⲀⲿⳀ⳿ⴀⴿⵀⶀⷀⷿ/>
<⸀⸿⹀⺀⺿⻀⼀⼿⽀⽿⾀⾿⿀/>
<、みむむみむダㄿㆿ㇀ㇿ㈀㈿㋿㌀㏿/>

<㐀㐿㗿㘀㛀㛿㟀㟿/>
<㠀㠿㡀㤿㥀㨿㩀㬿㭀㯿/>
<㰀㰿㱀㶿㷀㼿㽀㾿㿀㿿/>
<䀀䀿䅀䅿䆀䊿䋀䍿䎀䏿/>
<䐀䕿䖀䙿䚀䝿䞀䟿/>
<䠀䢿䣀䧿䨀䪿䫀䬿䭀䯿/>
<䰀䱿䲀䴿䵀䶿䷀䷿一丿乀伿佀便俀俿/>
<倀忿怀濿瀀翿耀迿退/>
<ꀀꑿꒀ꒿꓀꓿ꔀꙀꟿꩿꪀꬿꭀꯀ가꿿/>
<뀀뚿뛀밿뱀뿿/>
<쀀쐿쑀엿였쟿저쩿쪀쿿/>
<퀀툿퉀퐿푀휿흀/>
<豈錄鹿ﬀנּﭿﮀﯿ﴿/>
<︿﹀ﹿﺿﻀ＿｀ｿﾀﺀﷰ/>
<�/>

<𐀀𐄀𐄿𐌀𐌿𐍀𐎿𐏀𐒀/>
<𒀀𒀿𒁀𒉿𒊀𒐀𒐿𒒀𒒿/>
<𗀀𗀿𗁀𗇿𗈀𗗿𗘀𗢿𗣀𗿿/>
<𛀀𛃿𝀀𝀿𝁀𝄀𝄿𝈀𝈿𝌀𝌿/>
<𞸀🀀🀿🂿🄀🄿🚀/>

<力>
<א/>
<س/>
<अ/>
<அ/>
<அ/>
<𐍑/>
<🪐/>
<😀/>
</力>

<ÀÖØöøÿĀĿŀſƀƿǀǿƀƿǀǿȀȿɀɿʀʿˀ˿/>
<ͰͽͿ΀οπϿ/>
<ЀпрѿҠҀҿӀӿԀԿՀտրֿ׀׿/>

<؀ؿـٿڀڿۀۿ/>
<܀ܿ݀݀ݿ/>
<ހ޿ހ޿/>
<ࠀ࠿ࡀࢿࣀࣿऀिीॿ/>
<ঀিী৿/>
<౿ൿවවເༀཀ྿࿀/>
<ကႠᄀᅀᆿᇀᇿሀሿቀቿኀዀዿጀጿፀ/>
<ᚿᛀក/>
<ᢿᣀ᧿ᨀᨿᩀ᪀/>
<ᰀ᰿᱀ᲀᴀᴿᵀᵿᶀᶿḀḿṀṿẀếỀỿ/>
<ἀἿὀᾀ᾿῀/>
<a⁰ⁿ₀₿℀ℿ⅀ⅿↀ/>
<ⰀⰿⱀⱿⲀⲿⳀ⳿ⴀⴿⵀⶀⷀⷿ/>
<⸀⸿⹀⺀⺿⻀⼀⼿⽀⽿⾀⾿⿀/>
<、みむむみむダㄿㆿ㇀ㇿ㈀㈿㋿㌀㏿/>

<㐀㐿㗿㘀㛀㛿㟀㟿/>
<㠀㠿㡀㤿㥀㨿㩀㬿㭀㯿/>
<㰀㰿㱀㶿㷀㼿㽀㾿㿀㿿/>
<䀀䀿䅀䅿䆀䊿䋀䍿䎀䏿/>
<䐀䕿䖀䙿䚀䝿䞀䟿/>
<䠀䢿䣀䧿䨀䪿䫀䬿䭀䯿/>
<䰀䱿䲀䴿䵀䶿䷀䷿一丿乀伿佀便俀俿/>
<倀忿怀濿瀀翿耀迿退/>
<ꀀꑿꒀ꒿꓀꓿ꔀꙀꟿꩿꪀꬿꭀꯀ가꿿/>
<뀀뚿뛀밿뱀뿿/>
<쀀쐿쑀엿였쟿저쩿쪀쿿/>
<퀀툿퉀퐿푀휿흀/>
<豈錄鹿ﬀנּﭿﮀﯿ﴿/>
<︿﹀ﹿﺿﻀ＿｀ｿﾀﺀﷰ/>
<�/>

<𐀀𐄀𐄿𐌀𐌿𐍀𐎿𐏀𐒀/>
<𒀀𒀿𒁀𒉿𒊀𒐀𒐿𒒀𒒿/>
<𗀀𗀿𗁀𗇿𗈀𗗿𗘀𗢿𗣀𗿿/>
<𛀀𛃿𝀀𝀿𝁀𝄀𝄿𝈀𝈿𝌀𝌿/>
<𞸀🀀🀿🂿🄀🄿🚀/>

<力>
<א/>
<س/>
<अ/>
<அ/>
<அ/>
<𐍑/>
<🪐/>
<😀/>
</力>

<ÀÖØöøÿĀĿŀſƀƿǀǿƀƿǀǿȀȿɀɿʀʿˀ˿/>
<ͰͽͿ΀οπϿ/>
<ЀпрѿҠҀҿӀӿԀԿՀտրֿ׀׿/>

<؀ؿـٿڀڿۀۿ/>
<܀ܿ݀݀ݿ/>
<ހ޿ހ޿/>
<ࠀ࠿ࡀࢿࣀࣿऀिीॿ/>
<ঀিী৿/>
<౿ൿවවເༀཀ྿࿀/>
<ကႠᄀᅀᆿᇀᇿሀሿቀቿኀዀዿጀጿፀ/>
<ᚿᛀក/>
<ᢿᣀ᧿ᨀᨿᩀ᪀/>
<ᰀ᰿᱀ᲀᴀᴿᵀᵿᶀᶿḀḿṀṿẀếỀỿ/>
<ἀἿὀᾀ᾿῀/>
<a⁰ⁿ₀₿℀ℿ⅀ⅿↀ/>
<ⰀⰿⱀⱿⲀⲿⳀ⳿ⴀⴿⵀⶀⷀⷿ/>
<⸀⸿⹀⺀⺿⻀⼀⼿⽀⽿⾀⾿⿀/>
<、みむむみむダㄿㆿ㇀ㇿ㈀㈿㋿㌀㏿/>

<㐀㐿㗿㘀㛀㛿㟀㟿/>
<㠀㠿㡀㤿㥀㨿㩀㬿㭀㯿/>
<㰀㰿㱀㶿㷀㼿㽀㾿㿀㿿/>
<䀀䀿䅀䅿䆀䊿䋀䍿䎀䏿/>
<䐀䕿䖀䙿䚀䝿䞀䟿/>
<䠀䢿䣀䧿䨀䪿䫀䬿䭀䯿/>
<䰀䱿䲀䴿䵀䶿䷀䷿一丿乀伿佀便俀俿/>
<倀忿怀濿瀀翿耀迿退/>
<ꀀꑿꒀ꒿꓀꓿ꔀꙀꟿꩿꪀꬿꭀꯀ가꿿/>
<뀀뚿뛀밿뱀뿿/>
<쀀쐿쑀엿였쟿저쩿쪀쿿/>
<퀀툿퉀퐿푀휿흀/>
<豈錄鹿ﬀנּﭿﮀﯿ﴿/>
<︿﹀ﹿﺿﻀ＿｀ｿﾀﺀﷰ/>
<�/>

<𐀀𐄀𐄿𐌀𐌿𐍀𐎿𐏀𐒀/>
<𒀀𒀿𒁀𒉿𒊀𒐀𒐿𒒀𒒿/>
<𗀀𗀿𗁀𗇿𗈀𗗿𗘀𗢿𗣀𗿿/>
<𛀀𛃿𝀀𝀿𝁀𝄀𝄿𝈀𝈿𝌀𝌿/>
<𞸀🀀🀿🂿🄀🄿🚀/>

<力>
<א/>
<س/>
<अ/>
<அ/>
<அ/>
<𐍑/>
<🪐/>
<😀/>
</力>

<ÀÖØöøÿĀĿŀſƀƿǀǿƀƿǀǿȀȿɀɿʀʿˀ˿/>
<ͰͽͿ΀οπϿ/>
<ЀпрѿҠҀҿӀӿԀԿՀտրֿ׀׿/>

<؀ؿـٿڀڿۀۿ/>
<܀ܿ݀݀ݿ/>
<ހ޿ހ޿/>
<ࠀ࠿ࡀࢿࣀࣿऀिीॿ/>
<ঀিী৿/>
<౿ൿවවເༀཀ྿࿀/>
<ကႠᄀᅀᆿᇀᇿሀሿቀቿኀዀዿጀጿፀ/>
<ᚿᛀក/>
<ᢿᣀ᧿ᨀᨿᩀ᪀/>
<ᰀ᰿᱀ᲀᴀᴿᵀᵿᶀᶿḀḿṀṿẀếỀỿ/>
<ἀἿὀᾀ᾿῀/>
<a⁰ⁿ₀₿℀ℿ⅀ⅿↀ/>
<ⰀⰿⱀⱿⲀⲿⳀ⳿ⴀⴿⵀⶀⷀⷿ/>
<⸀⸿⹀⺀⺿⻀⼀⼿⽀⽿⾀⾿⿀/>
<、みむむみむダㄿㆿ㇀ㇿ㈀㈿㋿㌀㏿/>

<㐀㐿㗿㘀㛀㛿㟀㟿/>
<㠀㠿㡀㤿㥀㨿㩀㬿㭀㯿/>
<㰀㰿㱀㶿㷀㼿㽀㾿㿀㿿/>
<䀀䀿䅀䅿䆀䊿䋀䍿䎀䏿/>
<䐀䕿䖀䙿䚀䝿䞀䟿/>
<䠀䢿䣀䧿䨀䪿䫀䬿䭀䯿/>
<䰀䱿䲀䴿䵀䶿䷀䷿一丿乀伿佀便俀俿/>
<倀忿怀濿瀀翿耀迿退/>
<ꀀꑿꒀ꒿꓀꓿ꔀꙀꟿꩿꪀꬿꭀꯀ가꿿/>
<뀀뚿뛀밿뱀뿿/>
<쀀쐿쑀엿였쟿저쩿쪀쿿/>
<퀀툿퉀퐿푀휿흀/>
<豈錄鹿ﬀנּﭿﮀﯿ﴿/>
<︿﹀ﹿﺿﻀ＿｀ｿﾀﺀﷰ/>
<�/>

<𐀀𐄀𐄿𐌀𐌿𐍀𐎿𐏀𐒀/>
<𒀀𒀿𒁀𒉿𒊀𒐀𒐿𒒀𒒿/>
<𗀀𗀿𗁀𗇿𗈀𗗿𗘀𗢿𗣀𗿿/>
<𛀀𛃿𝀀𝀿𝁀𝄀𝄿𝈀𝈿𝌀𝌿/>
<𞸀🀀🀿🂿🄀🄿🚀/>

<力>
<א/>
<س/>
<अ/>
<அ/>
<அ/>
<𐍑/>
<🪐/>
<😀/>
</力>

<ÀÖØöøÿĀĿŀſƀƿǀǿƀƿǀǿȀȿɀɿʀʿˀ˿/>
<ͰͽͿ΀οπϿ/>
<ЀпрѿҠҀҿӀӿԀԿՀտրֿ׀׿/>

<؀ؿـٿڀڿۀۿ/>
<܀ܿ݀݀ݿ/>
<ހ޿ހ޿/>
<ࠀ࠿ࡀࢿࣀࣿऀिीॿ/>
<ঀিী৿/>
<౿ൿවවເༀཀ྿࿀/>
<ကႠᄀᅀᆿᇀᇿሀሿቀቿኀዀዿጀጿፀ/>
<ᚿᛀក/>
<ᢿᣀ᧿ᨀᨿᩀ᪀/>
<ᰀ᰿᱀ᲀᴀᴿᵀᵿᶀᶿḀḿṀṿẀếỀỿ/>
<ἀἿὀᾀ᾿῀/>
<a⁰ⁿ₀₿℀ℿ⅀ⅿↀ/>
<ⰀⰿⱀⱿⲀⲿⳀ⳿ⴀⴿⵀⶀⷀⷿ/>
<⸀⸿⹀⺀⺿⻀⼀⼿⽀⽿⾀⾿⿀/>
<、みむむみむダㄿㆿ㇀ㇿ㈀㈿㋿㌀㏿/>

<㐀㐿㗿㘀㛀㛿㟀㟿/>
<㠀㠿㡀㤿㥀㨿㩀㬿㭀㯿/>
<㰀㰿㱀㶿㷀㼿㽀㾿㿀㿿/>
<䀀䀿䅀䅿䆀䊿䋀䍿䎀䏿/>
<䐀䕿䖀䙿䚀䝿䞀䟿/>
<䠀䢿䣀䧿䨀䪿䫀䬿䭀䯿/>
<䰀䱿䲀䴿䵀䶿䷀䷿一丿乀伿佀便俀俿/>
<倀忿怀濿瀀翿耀迿退/>
<ꀀꑿꒀ꒿꓀꓿ꔀꙀꟿꩿꪀꬿꭀꯀ가꿿/>
<뀀뚿뛀밿뱀뿿/>
<쀀쐿쑀엿였쟿저쩿쪀쿿/>
<퀀툿퉀퐿푀휿흀/>
<豈錄鹿ﬀנּﭿﮀﯿ﴿/>
<︿﹀ﹿﺿﻀ＿｀ｿﾀﺀﷰ/>
<�/>

<𐀀𐄀𐄿𐌀𐌿𐍀𐎿𐏀𐒀/>
<𒀀𒀿𒁀𒉿𒊀𒐀𒐿𒒀𒒿/>
<𗀀𗀿𗁀𗇿𗈀𗗿𗘀𗢿𗣀𗿿/>
<𛀀𛃿𝀀𝀿𝁀𝄀𝄿𝈀𝈿𝌀𝌿/>
<𞸀🀀🀿🂿🄀🄿🚀/>

<力>
<א/>
<س/>
<अ/>
<அ/>
<அ/>
<𐍑/>
<🪐/>
<😀/>
</力>

<ÀÖØöøÿĀĿŀſƀƿǀǿƀƿǀǿȀȿɀɿʀʿˀ˿/>
<ͰͽͿ΀οπϿ/>
<ЀпрѿҠҀҿӀӿԀԿՀտրֿ׀׿/>

<؀ؿـٿڀڿۀۿ/>
<܀ܿ݀݀ݿ/>
<ހ޿ހ޿/>
<ࠀ࠿ࡀࢿࣀࣿऀिीॿ/>
<ঀিী৿/>
<౿ൿවවເༀཀ྿࿀/>
<ကႠᄀᅀᆿᇀᇿሀሿቀቿኀዀዿጀጿፀ/>
<ᚿᛀក/>
<ᢿᣀ᧿ᨀᨿᩀ᪀/>
<ᰀ᰿᱀ᲀᴀᴿᵀᵿᶀᶿḀḿṀṿẀếỀỿ/>
<ἀἿὀᾀ᾿῀/>
<a⁰ⁿ₀₿℀ℿ⅀ⅿↀ/>
<ⰀⰿⱀⱿⲀⲿⳀ⳿ⴀⴿⵀⶀⷀⷿ/>
<⸀⸿⹀⺀⺿⻀⼀⼿⽀⽿⾀⾿⿀/>
<、みむむみむダㄿㆿ㇀ㇿ㈀㈿㋿㌀㏿/>

<㐀㐿㗿㘀㛀㛿㟀㟿/>
<㠀㠿㡀㤿㥀㨿㩀㬿㭀㯿/>
<㰀㰿㱀㶿㷀㼿㽀㾿㿀㿿/>
<䀀䀿䅀䅿䆀䊿䋀䍿䎀䏿/>
<䐀䕿䖀䙿䚀䝿䞀䟿/>
<䠀䢿䣀䧿䨀䪿䫀䬿䭀䯿/>
<䰀䱿䲀䴿䵀䶿䷀䷿一丿乀伿佀便俀俿/>
<倀忿怀濿瀀翿耀迿退/>
<ꀀꑿꒀ꒿꓀꓿ꔀꙀꟿꩿꪀꬿꭀꯀ가꿿/>
<뀀뚿뛀밿뱀뿿/>
<쀀쐿쑀엿였쟿저쩿쪀쿿/>
<퀀툿퉀퐿푀휿흀/>
<豈錄鹿ﬀנּﭿﮀﯿ﴿/>
<︿﹀ﹿﺿﻀ＿｀ｿﾀﺀﷰ/>
<�/>

<𐀀𐄀𐄿𐌀𐌿𐍀𐎿𐏀𐒀/>
<𒀀𒀿𒁀𒉿𒊀𒐀𒐿𒒀𒒿/>
<𗀀𗀿𗁀𗇿𗈀𗗿𗘀𗢿𗣀𗿿/>
<𛀀𛃿𝀀𝀿𝁀𝄀𝄿𝈀𝈿𝌀𝌿/>
<𞸀🀀🀿🂿🄀🄿🚀/>

<力>
<א/>
<س/>
<अ/>
<அ/>
<அ/>
<𐍑/>
<🪐/>
<😀/>
</力>

<ÀÖØöøÿĀĿŀſƀƿǀǿƀƿǀǿȀȿɀɿʀʿˀ˿/>
<ͰͽͿ΀οπϿ/>
<ЀпрѿҠҀҿӀӿԀԿՀտրֿ׀׿/>

<؀ؿـٿڀڿۀۿ/>
<܀ܿ݀݀ݿ/>
<ހ޿ހ޿/>
<ࠀ࠿ࡀࢿࣀࣿऀिीॿ/>
<ঀিী৿/>
<౿ൿවවເༀཀ྿࿀/>
<ကႠᄀᅀᆿᇀᇿሀሿቀቿኀዀዿጀጿፀ/>
<ᚿᛀក/>
<ᢿᣀ᧿ᨀᨿᩀ᪀/>
<ᰀ᰿᱀ᲀᴀᴿᵀᵿᶀᶿḀḿṀṿẀếỀỿ/>
<ἀἿὀᾀ᾿῀/>
<a⁰ⁿ₀₿℀ℿ⅀ⅿↀ/>
<ⰀⰿⱀⱿⲀⲿⳀ⳿ⴀⴿⵀⶀⷀⷿ/>
<⸀⸿⹀⺀⺿⻀⼀⼿⽀⽿⾀⾿⿀/>
<、みむむみむダㄿㆿ㇀ㇿ㈀㈿㋿㌀㏿/>

<㐀㐿㗿㘀㛀㛿㟀㟿/>
<㠀㠿㡀㤿㥀㨿㩀㬿㭀㯿/>
<㰀㰿㱀㶿㷀㼿㽀㾿㿀㿿/>
<䀀䀿䅀䅿䆀䊿䋀䍿䎀䏿/>
<䐀䕿䖀䙿䚀䝿䞀䟿/>
<䠀䢿䣀䧿䨀䪿䫀䬿䭀䯿/>
<䰀䱿䲀䴿䵀䶿䷀䷿一丿乀伿佀便俀俿/>
<倀忿怀濿瀀翿耀迿退/>
<ꀀꑿꒀ꒿꓀꓿ꔀꙀꟿꩿꪀꬿꭀꯀ가꿿/>
<뀀뚿뛀밿뱀뿿/>
<쀀쐿쑀엿였쟿저쩿쪀쿿/>
<퀀툿퉀퐿푀휿흀/>
<豈錄鹿ﬀנּﭿﮀﯿ﴿/>
<︿﹀ﹿﺿﻀ＿｀ｿﾀﺀﷰ/>
<�/>

<𐀀𐄀𐄿𐌀𐌿𐍀𐎿𐏀𐒀/>
<𒀀𒀿𒁀𒉿𒊀𒐀𒐿𒒀𒒿/>
<𗀀𗀿𗁀𗇿𗈀𗗿𗘀𗢿𗣀𗿿/>
<𛀀𛃿𝀀𝀿𝁀𝄀𝄿𝈀𝈿𝌀𝌿/>
<𞸀🀀🀿🂿🄀🄿🚀/>

<力>
<א/>
<س/>
<अ/>
<அ/>
<அ/>
<𐍑/>
<🪐/>
<😀/>
</力>

<ÀÖØöøÿĀĿŀſƀƿǀǿƀƿǀǿȀȿɀɿʀʿˀ˿/>
<ͰͽͿ΀οπϿ/>
<ЀпрѿҠҀҿӀӿԀԿՀտրֿ׀׿/>

<؀ؿـٿڀڿۀۿ/>
<܀ܿ݀݀ݿ/>
<ހ޿ހ޿/>
<ࠀ࠿ࡀࢿࣀࣿऀिीॿ/>
<ঀিী৿/>
<౿ൿවවເༀཀ྿࿀/>
<ကႠᄀᅀᆿᇀᇿሀሿቀቿኀዀዿጀጿፀ/>
<ᚿᛀក/>
<ᢿᣀ᧿ᨀᨿᩀ᪀/>
<ᰀ᰿᱀ᲀᴀᴿᵀᵿᶀᶿḀḿṀṿẀếỀỿ/>
<ἀἿὀᾀ᾿῀/>
<a⁰ⁿ₀₿℀ℿ⅀ⅿↀ/>
<ⰀⰿⱀⱿⲀⲿⳀ⳿ⴀⴿⵀⶀⷀⷿ/>
<⸀⸿⹀⺀⺿⻀⼀⼿⽀⽿⾀⾿⿀/>
<、みむむみむダㄿㆿ㇀ㇿ㈀㈿㋿㌀㏿/>

<㐀㐿㗿㘀㛀㛿㟀㟿/>
<㠀㠿㡀㤿㥀㨿㩀㬿㭀㯿/>
<㰀㰿㱀㶿㷀㼿㽀㾿㿀㿿/>
<䀀䀿䅀䅿䆀䊿䋀䍿䎀䏿/>
<䐀䕿䖀䙿䚀䝿䞀䟿/>
<䠀䢿䣀䧿䨀䪿䫀䬿䭀䯿/>
<䰀䱿䲀䴿䵀䶿䷀䷿一丿乀伿佀便俀俿/>
<倀忿怀濿瀀翿耀迿退/>
<ꀀꑿꒀ꒿꓀꓿ꔀꙀꟿꩿꪀꬿꭀꯀ가꿿/>
<뀀뚿뛀밿뱀뿿/>
<쀀쐿쑀엿였쟿저쩿쪀쿿/>
<퀀툿퉀퐿푀휿흀/>
<豈錄鹿ﬀנּﭿﮀﯿ﴿/>
<︿﹀ﹿﺿﻀ＿｀ｿﾀﺀﷰ/>
<�/>

<𐀀𐄀𐄿𐌀𐌿𐍀𐎿𐏀𐒀/>
<𒀀𒀿𒁀𒉿𒊀𒐀𒐿𒒀𒒿/>
<𗀀𗀿𗁀𗇿𗈀𗗿𗘀𗢿𗣀𗿿/>
<𛀀𛃿𝀀𝀿𝁀𝄀𝄿𝈀𝈿𝌀𝌿/>
<𞸀🀀🀿🂿🄀🄿🚀/>

<力>
<א/>
<س/>
<अ/>
<அ/>
<அ/>
<𐍑/>
<🪐/>
<😀/>
</力>

<ÀÖØöøÿĀĿŀſƀƿǀǿƀƿǀǿȀȿɀɿʀʿˀ˿/>
<ͰͽͿ΀οπϿ/>
<ЀпрѿҠҀҿӀӿԀԿՀտրֿ׀׿/>

<؀ؿـٿڀڿۀۿ/>
<܀ܿ݀݀ݿ/>
<ހ޿ހ޿/>
<ࠀ࠿ࡀࢿࣀࣿऀिीॿ/>
<ঀিী৿/>
<౿ൿවවເༀཀ྿࿀/>
<ကႠᄀᅀᆿᇀᇿሀሿቀቿኀዀዿጀጿፀ/>
<ᚿᛀក/>
<ᢿᣀ᧿ᨀᨿᩀ᪀/>
<ᰀ᰿᱀ᲀᴀᴿᵀᵿᶀᶿḀḿṀṿẀếỀỿ/>
<ἀἿὀᾀ᾿῀/>
<a⁰ⁿ₀₿℀ℿ⅀ⅿↀ/>
<ⰀⰿⱀⱿⲀⲿⳀ⳿ⴀⴿⵀⶀⷀⷿ/>
<⸀⸿⹀⺀⺿⻀⼀⼿⽀⽿⾀⾿⿀/>
<、みむむみむダㄿㆿ㇀ㇿ㈀㈿㋿㌀㏿/>

<㐀㐿㗿㘀㛀㛿㟀㟿/>
<㠀㠿㡀㤿㥀㨿㩀㬿㭀㯿/>
<㰀㰿㱀㶿㷀㼿㽀㾿㿀㿿/>
<䀀䀿䅀䅿䆀䊿䋀䍿䎀䏿/>
<䐀䕿䖀䙿䚀䝿䞀䟿/>
<䠀䢿䣀䧿䨀䪿䫀䬿䭀䯿/>
<䰀䱿䲀䴿䵀䶿䷀䷿一丿乀伿佀便俀俿/>
<倀忿怀濿瀀翿耀迿退/>
<ꀀꑿꒀ꒿꓀꓿ꔀꙀꟿꩿꪀꬿꭀꯀ가꿿/>
<뀀뚿뛀밿뱀뿿/>
<쀀쐿쑀엿였쟿저쩿쪀쿿/>
<퀀툿퉀퐿푀휿흀/>
<豈錄鹿ﬀנּﭿﮀﯿ﴿/>
<︿﹀ﹿﺿﻀ＿｀ｿﾀﺀﷰ/>
<�/>

<𐀀𐄀𐄿𐌀𐌿𐍀𐎿𐏀𐒀/>
<𒀀𒀿𒁀𒉿𒊀𒐀𒐿𒒀𒒿/>
<𗀀𗀿𗁀𗇿𗈀𗗿𗘀𗢿𗣀𗿿/>
<𛀀𛃿𝀀𝀿𝁀𝄀𝄿𝈀𝈿𝌀𝌿/>
<𞸀🀀🀿🂿🄀🄿🚀/>

<力>
<א/>
<س/>
<अ/>
<அ/>
<அ/>
<𐍑/>
<🪐/>
<😀/>
</力>

<ÀÖØöøÿĀĿŀſƀƿǀǿƀƿǀǿȀȿɀɿʀʿˀ˿/>
<ͰͽͿ΀οπϿ/>
<ЀпрѿҠҀҿӀӿԀԿՀտրֿ׀׿/>

<؀ؿـٿڀڿۀۿ/>
<܀ܿ݀݀ݿ/>
<ހ޿ހ޿/>
<ࠀ࠿ࡀࢿࣀࣿऀिीॿ/>
<ঀিী৿/>
<౿ൿවවເༀཀ྿࿀/>
<ကႠᄀᅀᆿᇀᇿሀሿቀቿኀዀዿጀጿፀ/>
<ᚿᛀក/>
<ᢿᣀ᧿ᨀᨿᩀ᪀/>
<ᰀ᰿᱀ᲀᴀᴿᵀᵿᶀᶿḀḿṀṿẀếỀỿ/>
<ἀἿὀᾀ᾿῀/>
<a⁰ⁿ₀₿℀ℿ⅀ⅿↀ/>
<ⰀⰿⱀⱿⲀⲿⳀ⳿ⴀⴿⵀⶀⷀⷿ/>
<⸀⸿⹀⺀⺿⻀⼀⼿⽀⽿⾀⾿⿀/>
<、みむむみむダㄿㆿ㇀ㇿ㈀㈿㋿㌀㏿/>

<㐀㐿㗿㘀㛀㛿㟀㟿/>
<㠀㠿㡀㤿㥀㨿㩀㬿㭀㯿/>
<㰀㰿㱀㶿㷀㼿㽀㾿㿀㿿/>
<䀀䀿䅀䅿䆀䊿䋀䍿䎀䏿/>
<䐀䕿䖀䙿䚀䝿䞀䟿/>
<䠀䢿䣀䧿䨀䪿䫀䬿䭀䯿/>
<䰀䱿䲀䴿䵀䶿䷀䷿一丿乀伿佀便俀俿/>
<倀忿怀濿瀀翿耀迿退/>
<ꀀꑿꒀ꒿꓀꓿ꔀꙀꟿꩿꪀꬿꭀꯀ가꿿/>
<뀀뚿뛀밿뱀뿿/>
<쀀쐿쑀엿였쟿저쩿쪀쿿/>
<퀀툿퉀퐿푀휿흀/>
<豈錄鹿ﬀנּﭿﮀﯿ﴿/>
<︿﹀ﹿﺿﻀ＿｀ｿﾀﺀﷰ/>
<�/>

<𐀀𐄀𐄿𐌀𐌿𐍀𐎿𐏀𐒀/>
<𒀀𒀿𒁀𒉿𒊀𒐀𒐿𒒀𒒿/>
<𗀀𗀿𗁀𗇿𗈀𗗿𗘀𗢿𗣀𗿿/>
<𛀀𛃿𝀀𝀿𝁀𝄀𝄿𝈀𝈿𝌀𝌿/>
<𞸀🀀🀿🂿🄀🄿🚀/>

<力>
<א/>
<س/>
<अ/>
<அ/>
<அ/>
<𐍑/>
<🪐/>
<😀/>
</力>

<ÀÖØöøÿĀĿŀſƀƿǀǿƀƿǀǿȀȿɀɿʀʿˀ˿/>
<ͰͽͿ΀οπϿ/>
<ЀпрѿҠҀҿӀӿԀԿՀտրֿ׀׿/>

<؀ؿـٿڀڿۀۿ/>
<܀ܿ݀݀ݿ/>
<ހ޿ހ޿/>
<ࠀ࠿ࡀࢿࣀࣿऀिीॿ/>
<ঀিী৿/>
<౿ൿවවເༀཀ྿࿀/>
<ကႠᄀᅀᆿᇀᇿሀሿቀቿኀዀዿጀጿፀ/>
<ᚿᛀក/>
<ᢿᣀ᧿ᨀᨿᩀ᪀/>
<ᰀ᰿᱀ᲀᴀᴿᵀᵿᶀᶿḀḿṀṿẀếỀỿ/>
<ἀἿὀᾀ᾿῀/>
<a⁰ⁿ₀₿℀ℿ⅀ⅿↀ/>
<ⰀⰿⱀⱿⲀⲿⳀ⳿ⴀⴿⵀⶀⷀⷿ/>
<⸀⸿⹀⺀⺿⻀⼀⼿⽀⽿⾀⾿⿀/>
<、みむむみむダㄿㆿ㇀ㇿ㈀㈿㋿㌀㏿/>

<㐀㐿㗿㘀㛀㛿㟀㟿/>
<㠀㠿㡀㤿㥀㨿㩀㬿㭀㯿/>
<㰀㰿㱀㶿㷀㼿㽀㾿㿀㿿/>
<䀀䀿䅀䅿䆀䊿䋀䍿䎀䏿/>
<䐀䕿䖀䙿䚀䝿䞀䟿/>
<䠀䢿䣀䧿䨀䪿䫀䬿䭀䯿/>
<䰀䱿䲀䴿䵀䶿䷀䷿一丿乀伿佀便俀俿/>
<倀忿怀濿瀀翿耀迿退/>
<ꀀꑿꒀ꒿꓀꓿ꔀꙀꟿꩿꪀꬿꭀꯀ가꿿/>
<뀀뚿뛀밿뱀뿿/>
<쀀쐿쑀엿였쟿저쩿쪀쿿/>
<퀀툿퉀퐿푀휿흀/>
<豈錄鹿ﬀנּﭿﮀﯿ﴿/>
<︿﹀ﹿﺿﻀ＿｀ｿﾀﺀﷰ/>
<�/>

<𐀀𐄀𐄿𐌀𐌿𐍀𐎿𐏀𐒀/>
<𒀀𒀿𒁀𒉿𒊀𒐀𒐿𒒀𒒿/>
<𗀀𗀿𗁀𗇿𗈀𗗿𗘀𗢿𗣀𗿿/>
<𛀀𛃿𝀀𝀿𝁀𝄀𝄿𝈀𝈿𝌀𝌿/>
<𞸀🀀🀿🂿🄀🄿🚀/>

<力>
<א/>
<س/>
<अ/>
<அ/>
<அ/>
<𐍑/>
<🪐/>
<😀/>
</力>

<ÀÖØöøÿĀĿŀſƀƿǀǿƀƿǀǿȀȿɀɿʀʿˀ˿/>
<ͰͽͿ΀οπϿ/>
<ЀпрѿҠҀҿӀӿԀԿՀտրֿ׀׿/>

<؀ؿـٿڀڿۀۿ/>
<܀ܿ݀݀ݿ/>
<ހ޿ހ޿/>
<ࠀ࠿ࡀࢿࣀࣿऀिीॿ/>
<ঀিী৿/>
<౿ൿවවເༀཀ྿࿀/>
<ကႠᄀᅀᆿᇀᇿሀሿቀቿኀዀዿጀጿፀ/>
<ᚿᛀក/>
<ᢿᣀ᧿ᨀᨿᩀ᪀/>
<ᰀ᰿᱀ᲀᴀᴿᵀᵿᶀᶿḀḿṀṿẀếỀỿ/>
<ἀἿὀᾀ᾿῀/>
<a⁰ⁿ₀₿℀ℿ⅀ⅿↀ/>
<ⰀⰿⱀⱿⲀⲿⳀ⳿ⴀⴿⵀⶀⷀⷿ/>
<⸀⸿⹀⺀⺿⻀⼀⼿⽀⽿⾀⾿⿀/>
<、みむむみむダㄿㆿ㇀ㇿ㈀㈿㋿㌀㏿/>

<㐀㐿㗿㘀㛀㛿㟀㟿/>
<㠀㠿㡀㤿㥀㨿㩀㬿㭀㯿/>
<㰀㰿㱀㶿㷀㼿㽀㾿㿀㿿/>
<䀀䀿䅀䅿䆀䊿䋀䍿䎀䏿/>
<䐀䕿䖀䙿䚀䝿䞀䟿/>
<䠀䢿䣀䧿䨀䪿䫀䬿䭀䯿/>
<䰀䱿䲀䴿䵀䶿䷀䷿一丿乀伿佀便俀俿/>
<倀忿怀濿瀀翿耀迿退/>
<ꀀꑿꒀ꒿꓀꓿ꔀꙀꟿꩿꪀꬿꭀꯀ가꿿/>
<뀀뚿뛀밿뱀뿿/>
<쀀쐿쑀엿였쟿저쩿쪀쿿/>
<퀀툿퉀퐿푀휿흀/>
<豈錄鹿ﬀנּﭿﮀﯿ﴿/>
<︿﹀ﹿﺿﻀ＿｀ｿﾀﺀﷰ/>
<�/>

<𐀀𐄀𐄿𐌀𐌿𐍀𐎿𐏀𐒀/>
<𒀀𒀿𒁀𒉿𒊀𒐀𒐿𒒀𒒿/>
<𗀀𗀿𗁀𗇿𗈀𗗿𗘀𗢿𗣀𗿿/>
<𛀀𛃿𝀀𝀿𝁀𝄀𝄿𝈀𝈿𝌀𝌿/>
<𞸀🀀🀿🂿🄀🄿🚀/>

<力>
<א/>
<س/>
<अ/>
<அ/>
<அ/>
<𐍑/>
<🪐/>
<😀/>
</力>

<ÀÖØöøÿĀĿŀſƀƿǀǿƀƿǀǿȀȿɀɿʀʿˀ˿/>
<ͰͽͿ΀οπϿ/>
<ЀпрѿҠҀҿӀӿԀԿՀտրֿ׀׿/>

<؀ؿـٿڀڿۀۿ/>
<܀ܿ݀݀ݿ/>
<ހ޿ހ޿/>
<ࠀ࠿ࡀࢿࣀࣿऀिीॿ/>
<ঀিী৿/>
<౿ൿවවເༀཀ྿࿀/>
<ကႠᄀᅀᆿᇀᇿሀሿቀቿኀዀዿጀጿፀ/>
<ᚿᛀក/>
<ᢿᣀ᧿ᨀᨿᩀ᪀/>
<ᰀ᰿᱀ᲀᴀᴿᵀᵿᶀᶿḀḿṀṿẀếỀỿ/>
<ἀἿὀᾀ᾿῀/>
<a⁰ⁿ₀₿℀ℿ⅀ⅿↀ/>
<ⰀⰿⱀⱿⲀⲿⳀ⳿ⴀⴿⵀⶀⷀⷿ/>
<⸀⸿⹀⺀⺿⻀⼀⼿⽀⽿⾀⾿⿀/>
<、みむむみむダㄿㆿ㇀ㇿ㈀㈿㋿㌀㏿/>

<㐀㐿㗿㘀㛀㛿㟀㟿/>
<㠀㠿㡀㤿㥀㨿㩀㬿㭀㯿/>
<㰀㰿㱀㶿㷀㼿㽀㾿㿀㿿/>
<䀀䀿䅀䅿䆀䊿䋀䍿䎀䏿/>
<䐀䕿䖀䙿䚀䝿䞀䟿/>
<䠀䢿䣀䧿䨀䪿䫀䬿䭀䯿/>
<䰀䱿䲀䴿䵀䶿䷀䷿一丿乀伿佀便俀俿/>
<倀忿怀濿瀀翿耀迿退/>
<ꀀꑿꒀ꒿꓀꓿ꔀꙀꟿꩿꪀꬿꭀꯀ가꿿/>
<뀀뚿뛀밿뱀뿿/>
<쀀쐿쑀엿였쟿저쩿쪀쿿/>
<퀀툿퉀퐿푀휿흀/>
<豈錄鹿ﬀנּﭿﮀﯿ﴿/>
<︿﹀ﹿﺿﻀ＿｀ｿﾀﺀﷰ/>
<�/>

<𐀀𐄀𐄿𐌀𐌿𐍀𐎿𐏀𐒀/>
<𒀀𒀿𒁀𒉿𒊀𒐀𒐿𒒀𒒿/>
<𗀀𗀿𗁀𗇿𗈀𗗿𗘀𗢿𗣀𗿿/>
<𛀀𛃿𝀀𝀿𝁀𝄀𝄿𝈀𝈿𝌀𝌿/>
<𞸀🀀🀿🂿🄀🄿🚀/>

<力>
<א/>
<س/>
<अ/>
<அ/>
<அ/>
<𐍑/>
<🪐/>
<😀/>
</力>

<ÀÖØöøÿĀĿŀſƀƿǀǿƀƿǀǿȀȿɀɿʀʿˀ˿/>
<ͰͽͿ΀οπϿ/>
<ЀпрѿҠҀҿӀӿԀԿՀտրֿ׀׿/>

<؀ؿـٿڀڿۀۿ/>
<܀ܿ݀݀ݿ/>
<ހ޿ހ޿/>
<ࠀ࠿ࡀࢿࣀࣿऀिीॿ/>
<ঀিী৿/>
<౿ൿවවເༀཀ྿࿀/>
<ကႠᄀᅀᆿᇀᇿሀሿቀቿኀዀዿጀጿፀ/>
<ᚿᛀក/>
<ᢿᣀ᧿ᨀᨿᩀ᪀/>
<ᰀ᰿᱀ᲀᴀᴿᵀᵿᶀᶿḀḿṀṿẀếỀỿ/>
<ἀἿὀᾀ᾿῀/>
<a⁰ⁿ₀₿℀ℿ⅀ⅿↀ/>
<ⰀⰿⱀⱿⲀⲿⳀ⳿ⴀⴿⵀⶀⷀⷿ/>
<⸀⸿⹀⺀⺿⻀⼀⼿⽀⽿⾀⾿⿀/>
<、みむむみむダㄿㆿ㇀ㇿ㈀㈿㋿㌀㏿/>

<㐀㐿㗿㘀㛀㛿㟀㟿/>
<㠀㠿㡀㤿㥀㨿㩀㬿㭀㯿/>
<㰀㰿㱀㶿㷀㼿㽀㾿㿀㿿/>
<䀀䀿䅀䅿䆀䊿䋀䍿䎀䏿/>
<䐀䕿䖀䙿䚀䝿䞀䟿/>
<䠀䢿䣀䧿䨀䪿䫀䬿䭀䯿/>
<䰀䱿䲀䴿䵀䶿䷀䷿一丿乀伿佀便俀俿/>
<倀忿怀濿瀀翿耀迿退/>
<ꀀꑿꒀ꒿꓀꓿ꔀꙀꟿꩿꪀꬿꭀꯀ가꿿/>
<뀀뚿뛀밿뱀뿿/>
<쀀쐿쑀엿였쟿저쩿쪀쿿/>
<퀀툿퉀퐿푀휿흀/>
<豈錄鹿ﬀנּﭿﮀﯿ﴿/>
<︿﹀ﹿﺿﻀ＿｀ｿﾀﺀﷰ/>
<�/>

<𐀀𐄀𐄿𐌀𐌿𐍀𐎿𐏀𐒀/>
<𒀀𒀿𒁀𒉿𒊀𒐀𒐿𒒀𒒿/>
<𗀀𗀿𗁀𗇿𗈀𗗿𗘀𗢿𗣀𗿿/>
<𛀀𛃿𝀀𝀿𝁀𝄀𝄿𝈀𝈿𝌀𝌿/>
<𞸀🀀🀿🂿🄀🄿🚀/>

<力>
<א/>
<س/>
<अ/>
<அ/>
<அ/>
<𐍑/>
<🪐/>
<😀/>
</力>

<ÀÖØöøÿĀĿŀſƀƿǀǿƀƿǀǿȀȿɀɿʀʿˀ˿/>
<ͰͽͿ΀οπϿ/>
<ЀпрѿҠҀҿӀӿԀԿՀտրֿ׀׿/>

<؀ؿـٿڀڿۀۿ/>
<܀ܿ݀݀ݿ/>
<ހ޿ހ޿/>
<ࠀ࠿ࡀࢿࣀࣿऀिीॿ/>
<ঀিী৿/>
<౿ൿවවເༀཀ྿࿀/>
<ကႠᄀᅀᆿᇀᇿሀሿቀቿኀዀዿጀጿፀ/>
<ᚿᛀក/>
<ᢿᣀ᧿ᨀᨿᩀ᪀/>
<ᰀ᰿᱀ᲀᴀᴿᵀᵿᶀᶿḀḿṀṿẀếỀỿ/>
<ἀἿὀᾀ᾿῀/>
<a⁰ⁿ₀₿℀ℿ⅀ⅿↀ/>
<ⰀⰿⱀⱿⲀⲿⳀ⳿ⴀⴿⵀⶀⷀⷿ/>
<⸀⸿⹀⺀⺿⻀⼀⼿⽀⽿⾀⾿⿀/>
<、みむむみむダㄿㆿ㇀ㇿ㈀㈿㋿㌀㏿/>

<㐀㐿㗿㘀㛀㛿㟀㟿/>
<㠀㠿㡀㤿㥀㨿㩀㬿㭀㯿/>
<㰀㰿㱀㶿㷀㼿㽀㾿㿀㿿/>
<䀀䀿䅀䅿䆀䊿䋀䍿䎀䏿/>
<䐀䕿䖀䙿䚀䝿䞀䟿/>
<䠀䢿䣀䧿䨀䪿䫀䬿䭀䯿/>
<䰀䱿䲀䴿䵀䶿䷀䷿一丿乀伿佀便俀俿/>
<倀忿怀濿瀀翿耀迿退/>
<ꀀꑿꒀ꒿꓀꓿ꔀꙀꟿꩿꪀꬿꭀꯀ가꿿/>
<뀀뚿뛀밿뱀뿿/>
<쀀쐿쑀엿였쟿저쩿쪀쿿/>
<퀀툿퉀퐿푀휿흀/>
<豈錄鹿ﬀנּﭿﮀﯿ﴿/>
<︿﹀ﹿﺿﻀ＿｀ｿﾀﺀﷰ/>
<�/>

<𐀀𐄀𐄿𐌀𐌿𐍀𐎿𐏀𐒀/>
<𒀀𒀿𒁀𒉿𒊀𒐀𒐿𒒀𒒿/>
<𗀀𗀿𗁀𗇿𗈀𗗿𗘀𗢿𗣀𗿿/>
<𛀀𛃿𝀀𝀿𝁀𝄀𝄿𝈀𝈿𝌀𝌿/>
<𞸀🀀🀿🂿🄀🄿🚀/>

<力>
<א/>
<س/>
<अ/>
<அ/>
<அ/>
<𐍑/>
<🪐/>
<😀/>
</力>

<ÀÖØöøÿĀĿŀſƀƿǀǿƀƿǀǿȀȿɀɿʀʿˀ˿/>
<ͰͽͿ΀οπϿ/>
<ЀпрѿҠҀҿӀӿԀԿՀտրֿ׀׿/>

<؀ؿـٿڀڿۀۿ/>
<܀ܿ݀݀ݿ/>
<ހ޿ހ޿/>
<ࠀ࠿ࡀࢿࣀࣿऀिीॿ/>
<ঀিী৿/>
<౿ൿවවເༀཀ྿࿀/>
<ကႠᄀᅀᆿᇀᇿሀሿቀቿኀዀዿጀጿፀ/>
<ᚿᛀក/>
<ᢿᣀ᧿ᨀᨿᩀ᪀/>
<ᰀ᰿᱀ᲀᴀᴿᵀᵿᶀᶿḀḿṀṿẀếỀỿ/>
<ἀἿὀᾀ᾿῀/>
<a⁰ⁿ₀₿℀ℿ⅀ⅿↀ/>
<ⰀⰿⱀⱿⲀⲿⳀ⳿ⴀⴿⵀⶀⷀⷿ/>
<⸀⸿⹀⺀⺿⻀⼀⼿⽀⽿⾀⾿⿀/>
<、みむむみむダㄿㆿ㇀ㇿ㈀㈿㋿㌀㏿/>

<㐀㐿㗿㘀㛀㛿㟀㟿/>
<㠀㠿㡀㤿㥀㨿㩀㬿㭀㯿/>
<㰀㰿㱀㶿㷀㼿㽀㾿㿀㿿/>
<䀀䀿䅀䅿䆀䊿䋀䍿䎀䏿/>
<䐀䕿䖀䙿䚀䝿䞀䟿/>
<䠀䢿䣀䧿䨀䪿䫀䬿䭀䯿/>
<䰀䱿䲀䴿䵀䶿䷀䷿一丿乀伿佀便俀俿/>
<倀忿怀濿瀀翿耀迿退/>
<ꀀꑿꒀ꒿꓀꓿ꔀꙀꟿꩿꪀꬿꭀꯀ가꿿/>
<뀀뚿뛀밿뱀뿿/>
<쀀쐿쑀엿였쟿저쩿쪀쿿/>
<퀀툿퉀퐿푀휿흀/>
<豈錄鹿ﬀנּﭿﮀﯿ﴿/>
<︿﹀ﹿﺿﻀ＿｀ｿﾀﺀﷰ/>
<�/>

<𐀀𐄀𐄿𐌀𐌿𐍀𐎿𐏀𐒀/>
<𒀀𒀿𒁀𒉿𒊀𒐀𒐿𒒀𒒿/>
<𗀀𗀿𗁀𗇿𗈀𗗿𗘀𗢿𗣀𗿿/>
<𛀀𛃿𝀀𝀿𝁀𝄀𝄿𝈀𝈿𝌀𝌿/>
<𞸀🀀🀿🂿🄀🄿🚀/>

<力>
<א/>
<س/>
<अ/>
<அ/>
<அ/>
<𐍑/>
<🪐/>
<😀/>
</力>

<ÀÖØöøÿĀĿŀſƀƿǀǿƀƿǀǿȀȿɀɿʀʿˀ˿/>
<ͰͽͿ΀οπϿ/>
<ЀпрѿҠҀҿӀӿԀԿՀտրֿ׀׿/>

<؀ؿـٿڀڿۀۿ/>
<܀ܿ݀݀ݿ/>
<ހ޿ހ޿/>
<ࠀ࠿ࡀࢿࣀࣿऀिीॿ/>
<ঀিী৿/>
<౿ൿවවເༀཀ྿࿀/>
<ကႠᄀᅀᆿᇀᇿሀሿቀቿኀዀዿጀጿፀ/>
<ᚿᛀក/>
<ᢿᣀ᧿ᨀᨿᩀ᪀/>
<ᰀ᰿᱀ᲀᴀᴿᵀᵿᶀᶿḀḿṀṿẀếỀỿ/>
<ἀἿὀᾀ᾿῀/>
<a⁰ⁿ₀₿℀ℿ⅀ⅿↀ/>
<ⰀⰿⱀⱿⲀⲿⳀ⳿ⴀⴿⵀⶀⷀⷿ/>
<⸀⸿⹀⺀⺿⻀⼀⼿⽀⽿⾀⾿⿀/>
<、みむむみむダㄿㆿ㇀ㇿ㈀㈿㋿㌀㏿/>

<㐀㐿㗿㘀㛀㛿㟀㟿/>
<㠀㠿㡀㤿㥀㨿㩀㬿㭀㯿/>
<㰀㰿㱀㶿㷀㼿㽀㾿㿀㿿/>
<䀀䀿䅀䅿䆀䊿䋀䍿䎀䏿/>
<䐀䕿䖀䙿䚀䝿䞀䟿/>
<䠀䢿䣀䧿䨀䪿䫀䬿䭀䯿/>
<䰀䱿䲀䴿䵀䶿䷀䷿一丿乀伿佀便俀俿/>
<倀忿怀濿瀀翿耀迿退/>
<ꀀꑿꒀ꒿꓀꓿ꔀꙀꟿꩿꪀꬿꭀꯀ가꿿/>
<뀀뚿뛀밿뱀뿿/>
<쀀쐿쑀엿였쟿저쩿쪀쿿/>
<퀀툿퉀퐿푀휿흀/>
<豈錄鹿ﬀנּﭿﮀﯿ﴿/>
<︿﹀ﹿﺿﻀ＿｀ｿﾀﺀﷰ/>
<�/>

<𐀀𐄀𐄿𐌀𐌿𐍀𐎿𐏀𐒀/>
<𒀀𒀿𒁀𒉿𒊀𒐀𒐿𒒀𒒿/>
<𗀀𗀿𗁀𗇿𗈀𗗿𗘀𗢿𗣀𗿿/>
<𛀀𛃿𝀀𝀿𝁀𝄀𝄿𝈀𝈿𝌀𝌿/>
<𞸀🀀🀿🂿🄀🄿🚀/>

<力>
<א/>
<س/>
<अ/>
<அ/>
<அ/>
<𐍑/>
<🪐/>
<😀/>
</力>

<ÀÖØöøÿĀĿŀſƀƿǀǿƀƿǀǿȀȿɀɿʀʿˀ˿/>
<ͰͽͿ΀οπϿ/>
<ЀпрѿҠҀҿӀӿԀԿՀտրֿ׀׿/>

<؀ؿـٿڀڿۀۿ/>
<܀ܿ݀݀ݿ/>
<ހ޿ހ޿/>
<ࠀ࠿ࡀࢿࣀࣿऀिीॿ/>
<ঀিী৿/>
<౿ൿවවເༀཀ྿࿀/>
<ကႠᄀᅀᆿᇀᇿሀሿቀቿኀዀዿጀጿፀ/>
<ᚿᛀក/>
<ᢿᣀ᧿ᨀᨿᩀ᪀/>
<ᰀ᰿᱀ᲀᴀᴿᵀᵿᶀᶿḀḿṀṿẀếỀỿ/>
<ἀἿὀᾀ᾿῀/>
<a⁰ⁿ₀₿℀ℿ⅀ⅿↀ/>
<ⰀⰿⱀⱿⲀⲿⳀ⳿ⴀⴿⵀⶀⷀⷿ/>
<⸀⸿⹀⺀⺿⻀⼀⼿⽀⽿⾀⾿⿀/>
<、みむむみむダㄿㆿ㇀ㇿ㈀㈿㋿㌀㏿/>

<㐀㐿㗿㘀㛀㛿㟀㟿/>
<㠀㠿㡀㤿㥀㨿㩀㬿㭀㯿/>
<㰀㰿㱀㶿㷀㼿㽀㾿㿀㿿/>
<䀀䀿䅀䅿䆀䊿䋀䍿䎀䏿/>
<䐀䕿䖀䙿䚀䝿䞀䟿/>
<䠀䢿䣀䧿䨀䪿䫀䬿䭀䯿/>
<䰀䱿䲀䴿䵀䶿䷀䷿一丿乀伿佀便俀俿/>
<倀忿怀濿瀀翿耀迿退/>
<ꀀꑿꒀ꒿꓀꓿ꔀꙀꟿꩿꪀꬿꭀꯀ가꿿/>
<뀀뚿뛀밿뱀뿿/>
<쀀쐿쑀엿였쟿저쩿쪀쿿/>
<퀀툿퉀퐿푀휿흀/>
<豈錄鹿ﬀנּﭿﮀﯿ﴿/>
<︿﹀ﹿﺿﻀ＿｀ｿﾀﺀﷰ/>
<�/>

<𐀀𐄀𐄿𐌀𐌿𐍀𐎿𐏀𐒀/>
<𒀀𒀿𒁀𒉿𒊀𒐀𒐿𒒀𒒿/>
<𗀀𗀿𗁀𗇿𗈀𗗿𗘀𗢿𗣀𗿿/>
<𛀀𛃿𝀀𝀿𝁀𝄀𝄿𝈀𝈿𝌀𝌿/>
<𞸀🀀🀿🂿🄀🄿🚀/>

<力>
<א/>
<س/>
<अ/>
<அ/>
<அ/>
<𐍑/>
<🪐/>
<😀/>
</力>

<ÀÖØöøÿĀĿŀſƀƿǀǿƀƿǀǿȀȿɀɿʀʿˀ˿/>
<ͰͽͿ΀οπϿ/>
<ЀпрѿҠҀҿӀӿԀԿՀտրֿ׀׿/>

<؀ؿـٿڀڿۀۿ/>
<܀ܿ݀݀ݿ/>
<ހ޿ހ޿/>
<ࠀ࠿ࡀࢿࣀࣿऀिीॿ/>
<ঀিী৿/>
<౿ൿවවເༀཀ྿࿀/>
<ကႠᄀᅀᆿᇀᇿሀሿቀቿኀዀዿጀጿፀ/>
<ᚿᛀក/>
<ᢿᣀ᧿ᨀᨿᩀ᪀/>
<ᰀ᰿᱀ᲀᴀᴿᵀᵿᶀᶿḀḿṀṿẀếỀỿ/>
<ἀἿὀᾀ᾿῀/>
<a⁰ⁿ₀₿℀ℿ⅀ⅿↀ/>
<ⰀⰿⱀⱿⲀⲿⳀ⳿ⴀⴿⵀⶀⷀⷿ/>
<⸀⸿⹀⺀⺿⻀⼀⼿⽀⽿⾀⾿⿀/>
<、みむむみむダㄿㆿ㇀ㇿ㈀㈿㋿㌀㏿/>

<㐀㐿㗿㘀㛀㛿㟀㟿/>
<㠀㠿㡀㤿㥀㨿㩀㬿㭀㯿/>
<㰀㰿㱀㶿㷀㼿㽀㾿㿀㿿/>
<䀀䀿䅀䅿䆀䊿䋀䍿䎀䏿/>
<䐀䕿䖀䙿䚀䝿䞀䟿/>
<䠀䢿䣀䧿䨀䪿䫀䬿䭀䯿/>
<䰀䱿䲀䴿䵀䶿䷀䷿一丿乀伿佀便俀俿/>
<倀忿怀濿瀀翿耀迿退/>
<ꀀꑿꒀ꒿꓀꓿ꔀꙀꟿꩿꪀꬿꭀꯀ가꿿/>
<뀀뚿뛀밿뱀뿿/>
<쀀쐿쑀엿였쟿저쩿쪀쿿/>
<퀀툿퉀퐿푀휿흀/>
<豈錄鹿ﬀנּﭿﮀﯿ﴿/>
<︿﹀ﹿﺿﻀ＿｀ｿﾀﺀﷰ/>
<�/>

<𐀀𐄀𐄿𐌀𐌿𐍀𐎿𐏀𐒀/>
<𒀀𒀿𒁀𒉿𒊀𒐀𒐿𒒀𒒿/>
<𗀀𗀿𗁀𗇿𗈀𗗿𗘀𗢿𗣀𗿿/>
<𛀀𛃿𝀀𝀿𝁀𝄀𝄿𝈀𝈿𝌀𝌿/>
<𞸀🀀🀿🂿🄀🄿🚀/>

<力>
<א/>
<س/>
<अ/>
<அ/>
<அ/>
<𐍑/>
<🪐/>
<😀/>
</力>

<ÀÖØöøÿĀĿŀſƀƿǀǿƀƿǀǿȀȿɀɿʀʿˀ˿/>
<ͰͽͿ΀οπϿ/>
<ЀпрѿҠҀҿӀӿԀԿՀտրֿ׀׿/>

<؀ؿـٿڀڿۀۿ/>
<܀ܿ݀݀ݿ/>
<ހ޿ހ޿/>
<ࠀ࠿ࡀࢿࣀࣿऀिीॿ/>
<ঀিী৿/>
<౿ൿවවເༀཀ྿࿀/>
<ကႠᄀᅀᆿᇀᇿሀሿቀቿኀዀዿጀጿፀ/>
<ᚿᛀក/>
<ᢿᣀ᧿ᨀᨿᩀ᪀/>
<ᰀ᰿᱀ᲀᴀᴿᵀᵿᶀᶿḀḿṀṿẀếỀỿ/>
<ἀἿὀᾀ᾿῀/>
<a⁰ⁿ₀₿℀ℿ⅀ⅿↀ/>
<ⰀⰿⱀⱿⲀⲿⳀ⳿ⴀⴿⵀⶀⷀⷿ/>
<⸀⸿⹀⺀⺿⻀⼀⼿⽀⽿⾀⾿⿀/>
<、みむむみむダㄿㆿ㇀ㇿ㈀㈿㋿㌀㏿/>

<㐀㐿㗿㘀㛀㛿㟀㟿/>
<㠀㠿㡀㤿㥀㨿㩀㬿㭀㯿/>
<㰀㰿㱀㶿㷀㼿㽀㾿㿀㿿/>
<䀀䀿䅀䅿䆀䊿䋀䍿䎀䏿/>
<䐀䕿䖀䙿䚀䝿䞀䟿/>
<䠀䢿䣀䧿䨀䪿䫀䬿䭀䯿/>
<䰀䱿䲀䴿䵀䶿䷀䷿一丿乀伿佀便俀俿/>
<倀忿怀濿瀀翿耀迿退/>
<ꀀꑿꒀ꒿꓀꓿ꔀꙀꟿꩿꪀꬿꭀꯀ가꿿/>
<뀀뚿뛀밿뱀뿿/>
<쀀쐿쑀엿였쟿저쩿쪀쿿/>
<퀀툿퉀퐿푀휿흀/>
<豈錄鹿ﬀנּﭿﮀﯿ﴿/>
<︿﹀ﹿﺿﻀ＿｀ｿﾀﺀﷰ/>
<�/>

<𐀀𐄀𐄿𐌀𐌿𐍀𐎿𐏀𐒀/>
<𒀀𒀿𒁀𒉿𒊀𒐀𒐿𒒀𒒿/>
<𗀀𗀿𗁀𗇿𗈀𗗿𗘀𗢿𗣀𗿿/>
<𛀀𛃿𝀀𝀿𝁀𝄀𝄿𝈀𝈿𝌀𝌿/>
<𞸀🀀🀿🂿🄀🄿🚀/>

<力>
<א/>
<س/>
<अ/>
<அ/>
<அ/>
<𐍑/>
<🪐/>
<😀/>
</力>

<ÀÖØöøÿĀĿŀſƀƿǀǿƀƿǀǿȀȿɀɿʀʿˀ˿/>
<ͰͽͿ΀οπϿ/>
<ЀпрѿҠҀҿӀӿԀԿՀտրֿ׀׿/>

<؀ؿـٿڀڿۀۿ/>
<܀ܿ݀݀ݿ/>
<ހ޿ހ޿/>
<ࠀ࠿ࡀࢿࣀࣿऀिीॿ/>
<ঀিী৿/>
<౿ൿවවເༀཀ྿࿀/>
<ကႠᄀᅀᆿᇀᇿሀሿቀቿኀዀዿጀጿፀ/>
<ᚿᛀក/>
<ᢿᣀ᧿ᨀᨿᩀ᪀/>
<ᰀ᰿᱀ᲀᴀᴿᵀᵿᶀᶿḀḿṀṿẀếỀỿ/>
<ἀἿὀᾀ᾿῀/>
<a⁰ⁿ₀₿℀ℿ⅀ⅿↀ/>
<ⰀⰿⱀⱿⲀⲿⳀ⳿ⴀⴿⵀⶀⷀⷿ/>
<⸀⸿⹀⺀⺿⻀⼀⼿⽀⽿⾀⾿⿀/>
<、みむむみむダㄿㆿ㇀ㇿ㈀㈿㋿㌀㏿/>

<㐀㐿㗿㘀㛀㛿㟀㟿/>
<㠀㠿㡀㤿㥀㨿㩀㬿㭀㯿/>
<㰀㰿㱀㶿㷀㼿㽀㾿㿀㿿/>
<䀀䀿䅀䅿䆀䊿䋀䍿䎀䏿/>
<䐀䕿䖀䙿䚀䝿䞀䟿/>
<䠀䢿䣀䧿䨀䪿䫀䬿䭀䯿/>
<䰀䱿䲀䴿䵀䶿䷀䷿一丿乀伿佀便俀俿/>
<倀忿怀濿瀀翿耀迿退/>
<ꀀꑿꒀ꒿꓀꓿ꔀꙀꟿꩿꪀꬿꭀꯀ가꿿/>
<뀀뚿뛀밿뱀뿿/>
<쀀쐿쑀엿였쟿저쩿쪀쿿/>
<퀀툿퉀퐿푀휿흀/>
<豈錄鹿ﬀנּﭿﮀﯿ﴿/>
<︿﹀ﹿﺿﻀ＿｀ｿﾀﺀﷰ/>
<�/>

<𐀀𐄀𐄿𐌀𐌿𐍀𐎿𐏀𐒀/>
<𒀀𒀿𒁀𒉿𒊀𒐀𒐿𒒀𒒿/>
<𗀀𗀿𗁀𗇿𗈀𗗿𗘀𗢿𗣀𗿿/>
<𛀀𛃿𝀀𝀿𝁀𝄀𝄿𝈀𝈿𝌀𝌿/>
<𞸀🀀🀿🂿🄀🄿🚀/>

<力>
<א/>
<س/>
<अ/>
<அ/>
<அ/>
<𐍑/>
<🪐/>
<😀/>
</力>

<ÀÖØöøÿĀĿŀſƀƿǀǿƀƿǀǿȀȿɀɿʀʿˀ˿/>
<ͰͽͿ΀οπϿ/>
<ЀпрѿҠҀҿӀӿԀԿՀտրֿ׀׿/>

<؀ؿـٿڀڿۀۿ/>
<܀ܿ݀݀ݿ/>
<ހ޿ހ޿/>
<ࠀ࠿ࡀࢿࣀࣿऀिीॿ/>
<ঀিী৿/>
<౿ൿවවເༀཀ྿࿀/>
<ကႠᄀᅀᆿᇀᇿሀሿቀቿኀዀዿጀጿፀ/>
<ᚿᛀក/>
<ᢿᣀ᧿ᨀᨿᩀ᪀/>
<ᰀ᰿᱀ᲀᴀᴿᵀᵿᶀᶿḀḿṀṿẀếỀỿ/>
<ἀἿὀᾀ᾿῀/>
<a⁰ⁿ₀₿℀ℿ⅀ⅿↀ/>
<ⰀⰿⱀⱿⲀⲿⳀ⳿ⴀⴿⵀⶀⷀⷿ/>
<⸀⸿⹀⺀⺿⻀⼀⼿⽀⽿⾀⾿⿀/>
<、みむむみむダㄿㆿ㇀ㇿ㈀㈿㋿㌀㏿/>

<㐀㐿㗿㘀㛀㛿㟀㟿/>
<㠀㠿㡀㤿㥀㨿㩀㬿㭀㯿/>
<㰀㰿㱀㶿㷀㼿㽀㾿㿀㿿/>
<䀀䀿䅀䅿䆀䊿䋀䍿䎀䏿/>
<䐀䕿䖀䙿䚀䝿䞀䟿/>
<䠀䢿䣀䧿䨀䪿䫀䬿䭀䯿/>
<䰀䱿䲀䴿䵀䶿䷀䷿一丿乀伿佀便俀俿/>
<倀忿怀濿瀀翿耀迿退/>
<ꀀꑿꒀ꒿꓀꓿ꔀꙀꟿꩿꪀꬿꭀꯀ가꿿/>
<뀀뚿뛀밿뱀뿿/>
<쀀쐿쑀엿였쟿저쩿쪀쿿/>
<퀀툿퉀퐿푀휿흀/>
<豈錄鹿ﬀנּﭿﮀﯿ﴿/>
<︿﹀ﹿﺿﻀ＿｀ｿﾀﺀﷰ/>
<�/>

<𐀀𐄀𐄿𐌀𐌿𐍀𐎿𐏀𐒀/>
<𒀀𒀿𒁀𒉿𒊀𒐀𒐿𒒀𒒿/>
<𗀀𗀿𗁀𗇿𗈀𗗿𗘀𗢿𗣀𗿿/>
<𛀀𛃿𝀀𝀿𝁀𝄀𝄿𝈀𝈿𝌀𝌿/>
<𞸀🀀🀿🂿🄀🄿🚀/>

<力>
<א/>
<س/>
<अ/>
<அ/>
<அ/>
<𐍑/>
<🪐/>
<😀/>
</力>

<ÀÖØöøÿĀĿŀſƀƿǀǿƀƿǀǿȀȿɀɿʀʿˀ˿/>
<ͰͽͿ΀οπϿ/>
<ЀпрѿҠҀҿӀӿԀԿՀտրֿ׀׿/>

<؀ؿـٿڀڿۀۿ/>
<܀ܿ݀݀ݿ/>
<ހ޿ހ޿/>
<ࠀ࠿ࡀࢿࣀࣿऀिीॿ/>
<ঀিী৿/>
<౿ൿවවເༀཀ྿࿀/>
<ကႠᄀᅀᆿᇀᇿሀሿቀቿኀዀዿጀጿፀ/>
<ᚿᛀក/>
<ᢿᣀ᧿ᨀᨿᩀ᪀/>
<ᰀ᰿᱀ᲀᴀᴿᵀᵿᶀᶿḀḿṀṿẀếỀỿ/>
<ἀἿὀᾀ᾿῀/>
<a⁰ⁿ₀₿℀ℿ⅀ⅿↀ/>
<ⰀⰿⱀⱿⲀⲿⳀ⳿ⴀⴿⵀⶀⷀⷿ/>
<⸀⸿⹀⺀⺿⻀⼀⼿⽀⽿⾀⾿⿀/>
<、みむむみむダㄿㆿ㇀ㇿ㈀㈿㋿㌀㏿/>

<㐀㐿㗿㘀㛀㛿㟀㟿/>
<㠀㠿㡀㤿㥀㨿㩀㬿㭀㯿/>
<㰀㰿㱀㶿㷀㼿㽀㾿㿀㿿/>
<䀀䀿䅀䅿䆀䊿䋀䍿䎀䏿/>
<䐀䕿䖀䙿䚀䝿䞀䟿/>
<䠀䢿䣀䧿䨀䪿䫀䬿䭀䯿/>
<䰀䱿䲀䴿䵀䶿䷀䷿一丿乀伿佀便俀俿/>
<倀忿怀濿瀀翿耀迿退/>
<ꀀꑿꒀ꒿꓀꓿ꔀꙀꟿꩿꪀꬿꭀꯀ가꿿/>
<뀀뚿뛀밿뱀뿿/>
<쀀쐿쑀엿였쟿저쩿쪀쿿/>
<퀀툿퉀퐿푀휿흀/>
<豈錄鹿ﬀנּﭿﮀﯿ﴿/>
<︿﹀ﹿﺿﻀ＿｀ｿﾀﺀﷰ/>
<�/>

<𐀀𐄀𐄿𐌀𐌿𐍀𐎿𐏀𐒀/>
<𒀀𒀿𒁀𒉿𒊀𒐀𒐿𒒀𒒿/>
<𗀀𗀿𗁀𗇿𗈀𗗿𗘀𗢿𗣀𗿿/>
<𛀀𛃿𝀀𝀿𝁀𝄀𝄿𝈀𝈿𝌀𝌿/>
<𞸀🀀🀿🂿🄀🄿🚀/>

<力>
<א/>
<س/>
<अ/>
<அ/>
<அ/>
<𐍑/>
<🪐/>
<😀/>
</力>

<ÀÖØöøÿĀĿŀſƀƿǀǿƀƿǀǿȀȿɀɿʀʿˀ˿/>
<ͰͽͿ΀οπϿ/>
<ЀпрѿҠҀҿӀӿԀԿՀտրֿ׀׿/>

<؀ؿـٿڀڿۀۿ/>
<܀ܿ݀݀ݿ/>
<ހ޿ހ޿/>
<ࠀ࠿ࡀࢿࣀࣿऀिीॿ/>
<ঀিী৿/>
<౿ൿවවເༀཀ྿࿀/>
<ကႠᄀᅀᆿᇀᇿሀሿቀቿኀዀዿጀጿፀ/>
<ᚿᛀក/>
<ᢿᣀ᧿ᨀᨿᩀ᪀/>
<ᰀ᰿᱀ᲀᴀᴿᵀᵿᶀᶿḀḿṀṿẀếỀỿ/>
<ἀἿὀᾀ᾿῀/>
<a⁰ⁿ₀₿℀ℿ⅀ⅿↀ/>
<ⰀⰿⱀⱿⲀⲿⳀ⳿ⴀⴿⵀⶀⷀⷿ/>
<⸀⸿⹀⺀⺿⻀⼀⼿⽀⽿⾀⾿⿀/>
<、みむむみむダㄿㆿ㇀ㇿ㈀㈿㋿㌀㏿/>

<㐀㐿㗿㘀㛀㛿㟀㟿/>
<㠀㠿㡀㤿㥀㨿㩀㬿㭀㯿/>
<㰀㰿㱀㶿㷀㼿㽀㾿㿀㿿/>
<䀀䀿䅀䅿䆀䊿䋀䍿䎀䏿/>
<䐀䕿䖀䙿䚀䝿䞀䟿/>
<䠀䢿䣀䧿䨀䪿䫀䬿䭀䯿/>
<䰀䱿䲀䴿䵀䶿䷀䷿一丿乀伿佀便俀俿/>
<倀忿怀濿瀀翿耀迿退/>
<ꀀꑿꒀ꒿꓀꓿ꔀꙀꟿꩿꪀꬿꭀꯀ가꿿/>
<뀀뚿뛀밿뱀뿿/>
<쀀쐿쑀엿였쟿저쩿쪀쿿/>
<퀀툿퉀퐿푀휿흀/>
<豈錄鹿ﬀנּﭿﮀﯿ﴿/>
<︿﹀ﹿﺿﻀ＿｀ｿﾀﺀﷰ/>
<�/>

<𐀀𐄀𐄿𐌀𐌿𐍀𐎿𐏀𐒀/>
<𒀀𒀿𒁀𒉿𒊀𒐀𒐿𒒀𒒿/>
<𗀀𗀿𗁀𗇿𗈀𗗿𗘀𗢿𗣀𗿿/>
<𛀀𛃿𝀀𝀿𝁀𝄀𝄿𝈀𝈿𝌀𝌿/>
<𞸀🀀🀿🂿🄀🄿🚀/>

<力>
<א/>
<س/>
<अ/>
<அ/>
<அ/>
<𐍑/>
<🪐/>
<😀/>
</力>

<ÀÖØöøÿĀĿŀſƀƿǀǿƀƿǀǿȀȿɀɿʀʿˀ˿/>
<ͰͽͿ΀οπϿ/>
<ЀпрѿҠҀҿӀӿԀԿՀտրֿ׀׿/>

<؀ؿـٿڀڿۀۿ/>
<܀ܿ݀݀ݿ/>
<ހ޿ހ޿/>
<ࠀ࠿ࡀࢿࣀࣿऀिीॿ/>
<ঀিী৿/>
<౿ൿවවເༀཀ྿࿀/>
<ကႠᄀᅀᆿᇀᇿሀሿቀቿኀዀዿጀጿፀ/>
<ᚿᛀក/>
<ᢿᣀ᧿ᨀᨿᩀ᪀/>
<ᰀ᰿᱀ᲀᴀᴿᵀᵿᶀᶿḀḿṀṿẀếỀỿ/>
<ἀἿὀᾀ᾿῀/>
<a⁰ⁿ₀₿℀ℿ⅀ⅿↀ/>
<ⰀⰿⱀⱿⲀⲿⳀ⳿ⴀⴿⵀⶀⷀⷿ/>
<⸀⸿⹀⺀⺿⻀⼀⼿⽀⽿⾀⾿⿀/>
<、みむむみむダㄿㆿ㇀ㇿ㈀㈿㋿㌀㏿/>

<㐀㐿㗿㘀㛀㛿㟀㟿/>
<㠀㠿㡀㤿㥀㨿㩀㬿㭀㯿/>
<㰀㰿㱀㶿㷀㼿㽀㾿㿀㿿/>
<䀀䀿䅀䅿䆀䊿䋀䍿䎀䏿/>
<䐀䕿䖀䙿䚀䝿䞀䟿/>
<䠀䢿䣀䧿䨀䪿䫀䬿䭀䯿/>
<䰀䱿䲀䴿䵀䶿䷀䷿一丿乀伿佀便俀俿/>
<倀忿怀濿瀀翿耀迿退/>
<ꀀꑿꒀ꒿꓀꓿ꔀꙀꟿꩿꪀꬿꭀꯀ가꿿/>
<뀀뚿뛀밿뱀뿿/>
<쀀쐿쑀엿였쟿저쩿쪀쿿/>
<퀀툿퉀퐿푀휿흀/>
<豈錄鹿ﬀנּﭿﮀﯿ﴿/>
<︿﹀ﹿﺿﻀ＿｀ｿﾀﺀﷰ/>
<�/>

<𐀀𐄀𐄿𐌀𐌿𐍀𐎿𐏀𐒀/>
<𒀀𒀿𒁀𒉿𒊀𒐀𒐿𒒀𒒿/>
<𗀀𗀿𗁀𗇿𗈀𗗿𗘀𗢿𗣀𗿿/>
<𛀀𛃿𝀀𝀿𝁀𝄀𝄿𝈀𝈿𝌀𝌿/>
<𞸀🀀🀿🂿🄀🄿🚀/>

<力>
<א/>
<س/>
<अ/>
<அ/>
<அ/>
<𐍑/>
<🪐/>
<😀/>
</力>

<ÀÖØöøÿĀĿŀſƀƿǀǿƀƿǀǿȀȿɀɿʀʿˀ˿/>
<ͰͽͿ΀οπϿ/>
<ЀпрѿҠҀҿӀӿԀԿՀտրֿ׀׿/>

<؀ؿـٿڀڿۀۿ/>
<܀ܿ݀݀ݿ/>
<ހ޿ހ޿/>
<ࠀ࠿ࡀࢿࣀࣿऀिीॿ/>
<ঀিী৿/>
<౿ൿවවເༀཀ྿࿀/>
<ကႠᄀᅀᆿᇀᇿሀሿቀቿኀዀዿጀጿፀ/>
<ᚿᛀក/>
<ᢿᣀ᧿ᨀᨿᩀ᪀/>
<ᰀ᰿᱀ᲀᴀᴿᵀᵿᶀᶿḀḿṀṿẀếỀỿ/>
<ἀἿὀᾀ᾿῀/>
<a⁰ⁿ₀₿℀ℿ⅀ⅿↀ/>
<ⰀⰿⱀⱿⲀⲿⳀ⳿ⴀⴿⵀⶀⷀⷿ/>
<⸀⸿⹀⺀⺿⻀⼀⼿⽀⽿⾀⾿⿀/>
<、みむむみむダㄿㆿ㇀ㇿ㈀㈿㋿㌀㏿/>

<㐀㐿㗿㘀㛀㛿㟀㟿/>
<㠀㠿㡀㤿㥀㨿㩀㬿㭀㯿/>
<㰀㰿㱀㶿㷀㼿㽀㾿㿀㿿/>
<䀀䀿䅀䅿䆀䊿䋀䍿䎀䏿/>
<䐀䕿䖀䙿䚀䝿䞀䟿/>
<䠀䢿䣀䧿䨀䪿䫀䬿䭀䯿/>
<䰀䱿䲀䴿䵀䶿䷀䷿一丿乀伿佀便俀俿/>
<倀忿怀濿瀀翿耀迿退/>
<ꀀꑿꒀ꒿꓀꓿ꔀꙀꟿꩿꪀꬿꭀꯀ가꿿/>
<뀀뚿뛀밿뱀뿿/>
<쀀쐿쑀엿였쟿저쩿쪀쿿/>
<퀀툿퉀퐿푀휿흀/>
<豈錄鹿ﬀנּﭿﮀﯿ﴿/>
<︿﹀ﹿﺿﻀ＿｀ｿﾀﺀﷰ/>
<�/>

<𐀀𐄀𐄿𐌀𐌿𐍀𐎿𐏀𐒀/>
<𒀀𒀿𒁀𒉿𒊀𒐀𒐿𒒀𒒿/>
<𗀀𗀿𗁀𗇿𗈀𗗿𗘀𗢿𗣀𗿿/>
<𛀀𛃿𝀀𝀿𝁀𝄀𝄿𝈀𝈿𝌀𝌿/>
<𞸀🀀🀿🂿🄀🄿🚀/>

<力>
<א/>
<س/>
<अ/>
<அ/>
<அ/>
<𐍑/>
<🪐/>
<😀/>
</力>

<ÀÖØöøÿĀĿŀſƀƿǀǿƀƿǀǿȀȿɀɿʀʿˀ˿/>
<ͰͽͿ΀οπϿ/>
<ЀпрѿҠҀҿӀӿԀԿՀտրֿ׀׿/>

<؀ؿـٿڀڿۀۿ/>
<܀ܿ݀݀ݿ/>
<ހ޿ހ޿/>
<ࠀ࠿ࡀࢿࣀࣿऀिीॿ/>
<ঀিী৿/>
<౿ൿවවເༀཀ྿࿀/>
<ကႠᄀᅀᆿᇀᇿሀሿቀቿኀዀዿጀጿፀ/>
<ᚿᛀក/>
<ᢿᣀ᧿ᨀᨿᩀ᪀/>
<ᰀ᰿᱀ᲀᴀᴿᵀᵿᶀᶿḀḿṀṿẀếỀỿ/>
<ἀἿὀᾀ᾿῀/>
<a⁰ⁿ₀₿℀ℿ⅀ⅿↀ/>
<ⰀⰿⱀⱿⲀⲿⳀ⳿ⴀⴿⵀⶀⷀⷿ/>
<⸀⸿⹀⺀⺿⻀⼀⼿⽀⽿⾀⾿⿀/>
<、みむむみむダㄿㆿ㇀ㇿ㈀㈿㋿㌀㏿/>

<㐀㐿㗿㘀㛀㛿㟀㟿/>
<㠀㠿㡀㤿㥀㨿㩀㬿㭀㯿/>
<㰀㰿㱀㶿㷀㼿㽀㾿㿀㿿/>
<䀀䀿䅀䅿䆀䊿䋀䍿䎀䏿/>
<䐀䕿䖀䙿䚀䝿䞀䟿/>
<䠀䢿䣀䧿䨀䪿䫀䬿䭀䯿/>
<䰀䱿䲀䴿䵀䶿䷀䷿一丿乀伿佀便俀俿/>
<倀忿怀濿瀀翿耀迿退/>
<ꀀꑿꒀ꒿꓀꓿ꔀꙀꟿꩿꪀꬿꭀꯀ가꿿/>
<뀀뚿뛀밿뱀뿿/>
<쀀쐿쑀엿였쟿저쩿쪀쿿/>
<퀀툿퉀퐿푀휿흀/>
<豈錄鹿ﬀנּﭿﮀﯿ﴿/>
<︿﹀ﹿﺿﻀ＿｀ｿﾀﺀﷰ/>
<�/>

<𐀀𐄀𐄿𐌀𐌿𐍀𐎿𐏀𐒀/>
<𒀀𒀿𒁀𒉿𒊀𒐀𒐿𒒀𒒿/>
<𗀀𗀿𗁀𗇿𗈀𗗿𗘀𗢿𗣀𗿿/>
<𛀀𛃿𝀀𝀿𝁀𝄀𝄿𝈀𝈿𝌀𝌿/>
<𞸀🀀🀿🂿🄀🄿🚀/>

<力>
<א/>
<س/>
<अ/>
<அ/>
<அ/>
<𐍑/>
<🪐/>
<😀/>
</力>

<ÀÖØöøÿĀĿŀſƀƿǀǿƀƿǀǿȀȿɀɿʀʿˀ˿/>
<ͰͽͿ΀οπϿ/>
<ЀпрѿҠҀҿӀӿԀԿՀտրֿ׀׿/>

<؀ؿـٿڀڿۀۿ/>
<܀ܿ݀݀ݿ/>
<ހ޿ހ޿/>
<ࠀ࠿ࡀࢿࣀࣿऀिीॿ/>
<ঀিী৿/>
<౿ൿවවເༀཀ྿࿀/>
<ကႠᄀᅀᆿᇀᇿሀሿቀቿኀዀዿጀጿፀ/>
<ᚿᛀក/>
<ᢿᣀ᧿ᨀᨿᩀ᪀/>
<ᰀ᰿᱀ᲀᴀᴿᵀᵿᶀᶿḀḿṀṿẀếỀỿ/>
<ἀἿὀᾀ᾿῀/>
<a⁰ⁿ₀₿℀ℿ⅀ⅿↀ/>
<ⰀⰿⱀⱿⲀⲿⳀ⳿ⴀⴿⵀⶀⷀⷿ/>
<⸀⸿⹀⺀⺿⻀⼀⼿⽀⽿⾀⾿⿀/>
<、みむむみむダㄿㆿ㇀ㇿ㈀㈿㋿㌀㏿/>

<㐀㐿㗿㘀㛀㛿㟀㟿/>
<㠀㠿㡀㤿㥀㨿㩀㬿㭀㯿/>
<㰀㰿㱀㶿㷀㼿㽀㾿㿀㿿/>
<䀀䀿䅀䅿䆀䊿䋀䍿䎀䏿/>
<䐀䕿䖀䙿䚀䝿䞀䟿/>
<䠀䢿䣀䧿䨀䪿䫀䬿䭀䯿/>
<䰀䱿䲀䴿䵀䶿䷀䷿一丿乀伿佀便俀俿/>
<倀忿怀濿瀀翿耀迿退/>
<ꀀꑿꒀ꒿꓀꓿ꔀꙀꟿꩿꪀꬿꭀꯀ가꿿/>
<뀀뚿뛀밿뱀뿿/>
<쀀쐿쑀엿였쟿저쩿쪀쿿/>
<퀀툿퉀퐿푀휿흀/>
<豈錄鹿ﬀנּﭿﮀﯿ﴿/>
<︿﹀ﹿﺿﻀ＿｀ｿﾀﺀﷰ/>
<�/>

<𐀀𐄀𐄿𐌀𐌿𐍀𐎿𐏀𐒀/>
<𒀀𒀿𒁀𒉿𒊀𒐀𒐿𒒀𒒿/>
<𗀀𗀿𗁀𗇿𗈀𗗿𗘀𗢿𗣀𗿿/>
<𛀀𛃿𝀀𝀿𝁀𝄀𝄿𝈀𝈿𝌀𝌿/>
<𞸀🀀🀿🂿🄀🄿🚀/>

<力>
<א/>
<س/>
<अ/>
<அ/>
<அ/>
<𐍑/>
<🪐/>
<😀/>
</力>

<ÀÖØöøÿĀĿŀſƀƿǀǿƀƿǀǿȀȿɀɿʀʿˀ˿/>
<ͰͽͿ΀οπϿ/>
<ЀпрѿҠҀҿӀӿԀԿՀտրֿ׀׿/>

<؀ؿـٿڀڿۀۿ/>
<܀ܿ݀݀ݿ/>
<ހ޿ހ޿/>
<ࠀ࠿ࡀࢿࣀࣿऀिीॿ/>
<ঀিী৿/>
<౿ൿවවເༀཀ྿࿀/>
<ကႠᄀᅀᆿᇀᇿሀሿቀቿኀዀዿጀጿፀ/>
<ᚿᛀក/>
<ᢿᣀ᧿ᨀᨿᩀ᪀/>
<ᰀ᰿᱀ᲀᴀᴿᵀᵿᶀᶿḀḿṀṿẀếỀỿ/>
<ἀἿὀᾀ᾿῀/>
<a⁰ⁿ₀₿℀ℿ⅀ⅿↀ/>
<ⰀⰿⱀⱿⲀⲿⳀ⳿ⴀⴿⵀⶀⷀⷿ/>
<⸀⸿⹀⺀⺿⻀⼀⼿⽀⽿⾀⾿⿀/>
<、みむむみむダㄿㆿ㇀ㇿ㈀㈿㋿㌀㏿/>

<㐀㐿㗿㘀㛀㛿㟀㟿/>
<㠀㠿㡀㤿㥀㨿㩀㬿㭀㯿/>
<㰀㰿㱀㶿㷀㼿㽀㾿㿀㿿/>
<䀀䀿䅀䅿䆀䊿䋀䍿䎀䏿/>
<䐀䕿䖀䙿䚀䝿䞀䟿/>
<䠀䢿䣀䧿䨀䪿䫀䬿䭀䯿/>
<䰀䱿䲀䴿䵀䶿䷀䷿一丿乀伿佀便俀俿/>
<倀忿怀濿瀀翿耀迿退/>
<ꀀꑿꒀ꒿꓀꓿ꔀꙀꟿꩿꪀꬿꭀꯀ가꿿/>
<뀀뚿뛀밿뱀뿿/>
<쀀쐿쑀엿였쟿저쩿쪀쿿/>
<퀀툿퉀퐿푀휿흀/>
<豈錄鹿ﬀנּﭿﮀﯿ﴿/>
<︿﹀ﹿﺿﻀ＿｀ｿﾀﺀﷰ/>
<�/>

<𐀀𐄀𐄿𐌀𐌿𐍀𐎿𐏀𐒀/>
<𒀀𒀿𒁀𒉿𒊀𒐀𒐿𒒀𒒿/>
<𗀀𗀿𗁀𗇿𗈀𗗿𗘀𗢿𗣀𗿿/>
<𛀀𛃿𝀀𝀿𝁀𝄀𝄿𝈀𝈿𝌀𝌿/>
<𞸀🀀🀿🂿🄀🄿🚀/>

<力>
<א/>
<س/>
<अ/>
<அ/>
<அ/>
<𐍑/>
<🪐/>
<😀/>
</力>

<ÀÖØöøÿĀĿŀſƀƿǀǿƀƿǀǿȀȿɀɿʀʿˀ˿/>
<ͰͽͿ΀οπϿ/>
<ЀпрѿҠҀҿӀӿԀԿՀտրֿ׀׿/>

<؀ؿـٿڀڿۀۿ/>
<܀ܿ݀݀ݿ/>
<ހ޿ހ޿/>
<ࠀ࠿ࡀࢿࣀࣿऀिीॿ/>
<ঀিী৿/>
<౿ൿවවເༀཀ྿࿀/>
<ကႠᄀᅀᆿᇀᇿሀሿቀቿኀዀዿጀጿፀ/>
<ᚿᛀក/>
<ᢿᣀ᧿ᨀᨿᩀ᪀/>
<ᰀ᰿᱀ᲀᴀᴿᵀᵿᶀᶿḀḿṀṿẀếỀỿ/>
<ἀἿὀᾀ᾿῀/>
<a⁰ⁿ₀₿℀ℿ⅀ⅿↀ/>
<ⰀⰿⱀⱿⲀⲿⳀ⳿ⴀⴿⵀⶀⷀⷿ/>
<⸀⸿⹀⺀⺿⻀⼀⼿⽀⽿⾀⾿⿀/>
<、みむむみむダㄿㆿ㇀ㇿ㈀㈿㋿㌀㏿/>

<㐀㐿㗿㘀㛀㛿㟀㟿/>
<㠀㠿㡀㤿㥀㨿㩀㬿㭀㯿/>
<㰀㰿㱀㶿㷀㼿㽀㾿㿀㿿/>
<䀀䀿䅀䅿䆀䊿䋀䍿䎀䏿/>
<䐀䕿䖀䙿䚀䝿䞀䟿/>
<䠀䢿䣀䧿䨀䪿䫀䬿䭀䯿/>
<䰀䱿䲀䴿䵀䶿䷀䷿一丿乀伿佀便俀俿/>
<倀忿怀濿瀀翿耀迿退/>
<ꀀꑿꒀ꒿꓀꓿ꔀꙀꟿꩿꪀꬿꭀꯀ가꿿/>
<뀀뚿뛀밿뱀뿿/>
<쀀쐿쑀엿였쟿저쩿쪀쿿/>
<퀀툿퉀퐿푀휿흀/>
<豈錄鹿ﬀנּﭿﮀﯿ﴿/>
<︿﹀ﹿﺿﻀ＿｀ｿﾀﺀﷰ/>
<�/>

<𐀀𐄀𐄿𐌀𐌿𐍀𐎿𐏀𐒀/>
<𒀀𒀿𒁀𒉿𒊀𒐀𒐿𒒀𒒿/>
<𗀀𗀿𗁀𗇿𗈀𗗿𗘀𗢿𗣀𗿿/>
<𛀀𛃿𝀀𝀿𝁀𝄀𝄿𝈀𝈿𝌀𝌿/>
<𞸀🀀🀿🂿🄀🄿🚀/>

<力>
<א/>
<س/>
<अ/>
<அ/>
<அ/>
<𐍑/>
<🪐/>
<😀/>
</力>

<ÀÖØöøÿĀĿŀſƀƿǀǿƀƿǀǿȀȿɀɿʀʿˀ˿/>
<ͰͽͿ΀οπϿ/>
<ЀпрѿҠҀҿӀӿԀԿՀտրֿ׀׿/>

<؀ؿـٿڀڿۀۿ/>
<܀ܿ݀݀ݿ/>
<ހ޿ހ޿/>
<ࠀ࠿ࡀࢿࣀࣿऀिीॿ/>
<ঀিী৿/>
<౿ൿවවເༀཀ྿࿀/>
<ကႠᄀᅀᆿᇀᇿሀሿቀቿኀዀዿጀጿፀ/>
<ᚿᛀក/>
<ᢿᣀ᧿ᨀᨿᩀ᪀/>
<ᰀ᰿᱀ᲀᴀᴿᵀᵿᶀᶿḀḿṀṿẀếỀỿ/>
<ἀἿὀᾀ᾿῀/>
<a⁰ⁿ₀₿℀ℿ⅀ⅿↀ/>
<ⰀⰿⱀⱿⲀⲿⳀ⳿ⴀⴿⵀⶀⷀⷿ/>
<⸀⸿⹀⺀⺿⻀⼀⼿⽀⽿⾀⾿⿀/>
<、みむむみむダㄿㆿ㇀ㇿ㈀㈿㋿㌀㏿/>

<㐀㐿㗿㘀㛀㛿㟀㟿/>
<㠀㠿㡀㤿㥀㨿㩀㬿㭀㯿/>
<㰀㰿㱀㶿㷀㼿㽀㾿㿀㿿/>
<䀀䀿䅀䅿䆀䊿䋀䍿䎀䏿/>
<䐀䕿䖀䙿䚀䝿䞀䟿/>
<䠀䢿䣀䧿䨀䪿䫀䬿䭀䯿/>
<䰀䱿䲀䴿䵀䶿䷀䷿一丿乀伿佀便俀俿/>
<倀忿怀濿瀀翿耀迿退/>
<ꀀꑿꒀ꒿꓀꓿ꔀꙀꟿꩿꪀꬿꭀꯀ가꿿/>
<뀀뚿뛀밿뱀뿿/>
<쀀쐿쑀엿였쟿저쩿쪀쿿/>
<퀀툿퉀퐿푀휿흀/>
<豈錄鹿ﬀנּﭿﮀﯿ﴿/>
<︿﹀ﹿﺿﻀ＿｀ｿﾀﺀﷰ/>
<�/>

<𐀀𐄀𐄿𐌀𐌿𐍀𐎿𐏀𐒀/>
<𒀀𒀿𒁀𒉿𒊀𒐀𒐿𒒀𒒿/>
<𗀀𗀿𗁀𗇿𗈀𗗿𗘀𗢿𗣀𗿿/>
<𛀀𛃿𝀀𝀿𝁀𝄀𝄿𝈀𝈿𝌀𝌿/>
<𞸀🀀🀿🂿🄀🄿🚀/>

<力>
<א/>
<س/>
<अ/>
<அ/>
<அ/>
<𐍑/>
<🪐/>
<😀/>
</力>

<ÀÖØöøÿĀĿŀſƀƿǀǿƀƿǀǿȀȿɀɿʀʿˀ˿/>
<ͰͽͿ΀οπϿ/>
<ЀпрѿҠҀҿӀӿԀԿՀտրֿ׀׿/>

<؀ؿـٿڀڿۀۿ/>
<܀ܿ݀݀ݿ/>
<ހ޿ހ޿/>
<ࠀ࠿ࡀࢿࣀࣿऀिीॿ/>
<ঀিী৿/>
<౿ൿවවເༀཀ྿࿀/>
<ကႠᄀᅀᆿᇀᇿሀሿቀቿኀዀዿጀጿፀ/>
<ᚿᛀក/>
<ᢿᣀ᧿ᨀᨿᩀ᪀/>
<ᰀ᰿᱀ᲀᴀᴿᵀᵿᶀᶿḀḿṀṿẀếỀỿ/>
<ἀἿὀᾀ᾿῀/>
<a⁰ⁿ₀₿℀ℿ⅀ⅿↀ/>
<ⰀⰿⱀⱿⲀⲿⳀ⳿ⴀⴿⵀⶀⷀⷿ/>
<⸀⸿⹀⺀⺿⻀⼀⼿⽀⽿⾀⾿⿀/>
<、みむむみむダㄿㆿ㇀ㇿ㈀㈿㋿㌀㏿/>

<㐀㐿㗿㘀㛀㛿㟀㟿/>
<㠀㠿㡀㤿㥀㨿㩀㬿㭀㯿/>
<㰀㰿㱀㶿㷀㼿㽀㾿㿀㿿/>
<䀀䀿䅀䅿䆀䊿䋀䍿䎀䏿/>
<䐀䕿䖀䙿䚀䝿䞀䟿/>
<䠀䢿䣀䧿䨀䪿䫀䬿䭀䯿/>
<䰀䱿䲀䴿䵀䶿䷀䷿一丿乀伿佀便俀俿/>
<倀忿怀濿瀀翿耀迿退/>
<ꀀꑿꒀ꒿꓀꓿ꔀꙀꟿꩿꪀꬿꭀꯀ가꿿/>
<뀀뚿뛀밿뱀뿿/>
<쀀쐿쑀엿였쟿저쩿쪀쿿/>
<퀀툿퉀퐿푀휿흀/>
<豈錄鹿ﬀנּﭿﮀﯿ﴿/>
<︿﹀ﹿﺿﻀ＿｀ｿﾀﺀﷰ/>
<�/>

<𐀀𐄀𐄿𐌀𐌿𐍀𐎿𐏀𐒀/>
<𒀀𒀿𒁀𒉿𒊀𒐀𒐿𒒀𒒿/>
<𗀀𗀿𗁀𗇿𗈀𗗿𗘀𗢿𗣀𗿿/>
<𛀀𛃿𝀀𝀿𝁀𝄀𝄿𝈀𝈿𝌀𝌿/>
<𞸀🀀🀿🂿🄀🄿🚀/>

<力>
<א/>
<س/>
<अ/>
<அ/>
<அ/>
<𐍑/>
<🪐/>
<😀/>
</力>

<ÀÖØöøÿĀĿŀſƀƿǀǿƀƿǀǿȀȿɀɿʀʿˀ˿/>
<ͰͽͿ΀οπϿ/>
<ЀпрѿҠҀҿӀӿԀԿՀտրֿ׀׿/>

<؀ؿـٿڀڿۀۿ/>
<܀ܿ݀݀ݿ/>
<ހ޿ހ޿/>
<ࠀ࠿ࡀࢿࣀࣿऀिीॿ/>
<ঀিী৿/>
<౿ൿවවເༀཀ྿࿀/>
<ကႠᄀᅀᆿᇀᇿሀሿቀቿኀዀዿጀጿፀ/>
<ᚿᛀក/>
<ᢿᣀ᧿ᨀᨿᩀ᪀/>
<ᰀ᰿᱀ᲀᴀᴿᵀᵿᶀᶿḀḿṀṿẀếỀỿ/>
<ἀἿὀᾀ᾿῀/>
<a⁰ⁿ₀₿℀ℿ⅀ⅿↀ/>
<ⰀⰿⱀⱿⲀⲿⳀ⳿ⴀⴿⵀⶀⷀⷿ/>
<⸀⸿⹀⺀⺿⻀⼀⼿⽀⽿⾀⾿⿀/>
<、みむむみむダㄿㆿ㇀ㇿ㈀㈿㋿㌀㏿/>

<㐀㐿㗿㘀㛀㛿㟀㟿/>
<㠀㠿㡀㤿㥀㨿㩀㬿㭀㯿/>
<㰀㰿㱀㶿㷀㼿㽀㾿㿀㿿/>
<䀀䀿䅀䅿䆀䊿䋀䍿䎀䏿/>
<䐀䕿䖀䙿䚀䝿䞀䟿/>
<䠀䢿䣀䧿䨀䪿䫀䬿䭀䯿/>
<䰀䱿䲀䴿䵀䶿䷀䷿一丿乀伿佀便俀俿/>
<倀忿怀濿瀀翿耀迿退/>
<ꀀꑿꒀ꒿꓀꓿ꔀꙀꟿꩿꪀꬿꭀꯀ가꿿/>
<뀀뚿뛀밿뱀뿿/>
<쀀쐿쑀엿였쟿저쩿쪀쿿/>
<퀀툿퉀퐿푀휿흀/>
<豈錄鹿ﬀנּﭿﮀﯿ﴿/>
<︿﹀ﹿﺿﻀ＿｀ｿﾀﺀﷰ/>
<�/>

<𐀀𐄀𐄿𐌀𐌿𐍀𐎿𐏀𐒀/>
<𒀀𒀿𒁀𒉿𒊀𒐀𒐿𒒀𒒿/>
<𗀀𗀿𗁀𗇿𗈀𗗿𗘀𗢿𗣀𗿿/>
<𛀀𛃿𝀀𝀿𝁀𝄀𝄿𝈀𝈿𝌀𝌿/>
<𞸀🀀🀿🂿🄀🄿🚀/>

<力>
<א/>
<س/>
<अ/>
<அ/>
<அ/>
<𐍑/>
<🪐/>
<😀/>
</力>

<ÀÖØöøÿĀĿŀſƀƿǀǿƀƿǀǿȀȿɀɿʀʿˀ˿/>
<ͰͽͿ΀οπϿ/>
<ЀпрѿҠҀҿӀӿԀԿՀտրֿ׀׿/>

<؀ؿـٿڀڿۀۿ/>
<܀ܿ݀݀ݿ/>
<ހ޿ހ޿/>
<ࠀ࠿ࡀࢿࣀࣿऀिीॿ/>
<ঀিী৿/>
<౿ൿවවເༀཀ྿࿀/>
<ကႠᄀᅀᆿᇀᇿሀሿቀቿኀዀዿጀጿፀ/>
<ᚿᛀក/>
<ᢿᣀ᧿ᨀᨿᩀ᪀/>
<ᰀ᰿᱀ᲀᴀᴿᵀᵿᶀᶿḀḿṀṿẀếỀỿ/>
<ἀἿὀᾀ᾿῀/>
<a⁰ⁿ₀₿℀ℿ⅀ⅿↀ/>
<ⰀⰿⱀⱿⲀⲿⳀ⳿ⴀⴿⵀⶀⷀⷿ/>
<⸀⸿⹀⺀⺿⻀⼀⼿⽀⽿⾀⾿⿀/>
<、みむむみむダㄿㆿ㇀ㇿ㈀㈿㋿㌀㏿/>

<㐀㐿㗿㘀㛀㛿㟀㟿/>
<㠀㠿㡀㤿㥀㨿㩀㬿㭀㯿/>
<㰀㰿㱀㶿㷀㼿㽀㾿㿀㿿/>
<䀀䀿䅀䅿䆀䊿䋀䍿䎀䏿/>
<䐀䕿䖀䙿䚀䝿䞀䟿/>
<䠀䢿䣀䧿䨀䪿䫀䬿䭀䯿/>
<䰀䱿䲀䴿䵀䶿䷀䷿一丿乀伿佀便俀俿/>
<倀忿怀濿瀀翿耀迿退/>
<ꀀꑿꒀ꒿꓀꓿ꔀꙀꟿꩿꪀꬿꭀꯀ가꿿/>
<뀀뚿뛀밿뱀뿿/>
<쀀쐿쑀엿였쟿저쩿쪀쿿/>
<퀀툿퉀퐿푀휿흀/>
<豈錄鹿ﬀנּﭿﮀﯿ﴿/>
<︿﹀ﹿﺿﻀ＿｀ｿﾀﺀﷰ/>
<�/>

<𐀀𐄀𐄿𐌀𐌿𐍀𐎿𐏀𐒀/>
<𒀀𒀿𒁀𒉿𒊀𒐀𒐿𒒀𒒿/>
<𗀀𗀿𗁀𗇿𗈀𗗿𗘀𗢿𗣀𗿿/>
<𛀀𛃿𝀀𝀿𝁀𝄀𝄿𝈀𝈿𝌀𝌿/>
<𞸀🀀🀿🂿🄀🄿🚀/>

<力>
<א/>
<س/>
<अ/>
<அ/>
<அ/>
<𐍑/>
<🪐/>
<😀/>
</力>

<ÀÖØöøÿĀĿŀſƀƿǀǿƀƿǀǿȀȿɀɿʀʿˀ˿/>
<ͰͽͿ΀οπϿ/>
<ЀпрѿҠҀҿӀӿԀԿՀտրֿ׀׿/>

<؀ؿـٿڀڿۀۿ/>
<܀ܿ݀݀ݿ/>
<ހ޿ހ޿/>
<ࠀ࠿ࡀࢿࣀࣿऀिीॿ/>
<ঀিী৿/>
<౿ൿවවເༀཀ྿࿀/>
<ကႠᄀᅀᆿᇀᇿሀሿቀቿኀዀዿጀጿፀ/>
<ᚿᛀក/>
<ᢿᣀ᧿ᨀᨿᩀ᪀/>
<ᰀ᰿᱀ᲀᴀᴿᵀᵿᶀᶿḀḿṀṿẀếỀỿ/>
<ἀἿὀᾀ᾿῀/>
<a⁰ⁿ₀₿℀ℿ⅀ⅿↀ/>
<ⰀⰿⱀⱿⲀⲿⳀ⳿ⴀⴿⵀⶀⷀⷿ/>
<⸀⸿⹀⺀⺿⻀⼀⼿⽀⽿⾀⾿⿀/>
<、みむむみむダㄿㆿ㇀ㇿ㈀㈿㋿㌀㏿/>

<㐀㐿㗿㘀㛀㛿㟀㟿/>
<㠀㠿㡀㤿㥀㨿㩀㬿㭀㯿/>
<㰀㰿㱀㶿㷀㼿㽀㾿㿀㿿/>
<䀀䀿䅀䅿䆀䊿䋀䍿䎀䏿/>
<䐀䕿䖀䙿䚀䝿䞀䟿/>
<䠀䢿䣀䧿䨀䪿䫀䬿䭀䯿/>
<䰀䱿䲀䴿䵀䶿䷀䷿一丿乀伿佀便俀俿/>
<倀忿怀濿瀀翿耀迿退/>
<ꀀꑿꒀ꒿꓀꓿ꔀꙀꟿꩿꪀꬿꭀꯀ가꿿/>
<뀀뚿뛀밿뱀뿿/>
<쀀쐿쑀엿였쟿저쩿쪀쿿/>
<퀀툿퉀퐿푀휿흀/>
<豈錄鹿ﬀנּﭿﮀﯿ﴿/>
<︿﹀ﹿﺿﻀ＿｀ｿﾀﺀﷰ/>
<�/>

<𐀀𐄀𐄿𐌀𐌿𐍀𐎿𐏀𐒀/>
<𒀀𒀿𒁀𒉿𒊀𒐀𒐿𒒀𒒿/>
<𗀀𗀿𗁀𗇿𗈀𗗿𗘀𗢿𗣀𗿿/>
<𛀀𛃿𝀀𝀿𝁀𝄀𝄿𝈀𝈿𝌀𝌿/>
<𞸀🀀🀿🂿🄀🄿🚀/>

<力>
<א/>
<س/>
<अ/>
<அ/>
<அ/>
<𐍑/>
<🪐/>
<😀/>
</力>

<ÀÖØöøÿĀĿŀſƀƿǀǿƀƿǀǿȀȿɀɿʀʿˀ˿/>
<ͰͽͿ΀οπϿ/>
<ЀпрѿҠҀҿӀӿԀԿՀտրֿ׀׿/>

<؀ؿـٿڀڿۀۿ/>
<܀ܿ݀݀ݿ/>
<ހ޿ހ޿/>
<ࠀ࠿ࡀࢿࣀࣿऀिीॿ/>
<ঀিী৿/>
<౿ൿවවເༀཀ྿࿀/>
<ကႠᄀᅀᆿᇀᇿሀሿቀቿኀዀዿጀጿፀ/>
<ᚿᛀក/>
<ᢿᣀ᧿ᨀᨿᩀ᪀/>
<ᰀ᰿᱀ᲀᴀᴿᵀᵿᶀᶿḀḿṀṿẀếỀỿ/>
<ἀἿὀᾀ᾿῀/>
<a⁰ⁿ₀₿℀ℿ⅀ⅿↀ/>
<ⰀⰿⱀⱿⲀⲿⳀ⳿ⴀⴿⵀⶀⷀⷿ/>
<⸀⸿⹀⺀⺿⻀⼀⼿⽀⽿⾀⾿⿀/>
<、みむむみむダㄿㆿ㇀ㇿ㈀㈿㋿㌀㏿/>

<㐀㐿㗿㘀㛀㛿㟀㟿/>
<㠀㠿㡀㤿㥀㨿㩀㬿㭀㯿/>
<㰀㰿㱀㶿㷀㼿㽀㾿㿀㿿/>
<䀀䀿䅀䅿䆀䊿䋀䍿䎀䏿/>
<䐀䕿䖀䙿䚀䝿䞀䟿/>
<䠀䢿䣀䧿䨀䪿䫀䬿䭀䯿/>
<䰀䱿䲀䴿䵀䶿䷀䷿一丿乀伿佀便俀俿/>
<倀忿怀濿瀀翿耀迿退/>
<ꀀꑿꒀ꒿꓀꓿ꔀꙀꟿꩿꪀꬿꭀꯀ가꿿/>
<뀀뚿뛀밿뱀뿿/>
<쀀쐿쑀엿였쟿저쩿쪀쿿/>
<퀀툿퉀퐿푀휿흀/>
<豈錄鹿ﬀנּﭿﮀﯿ﴿/>
<︿﹀ﹿﺿﻀ＿｀ｿﾀﺀﷰ/>
<�/>

<𐀀𐄀𐄿𐌀𐌿𐍀𐎿𐏀𐒀/>
<𒀀𒀿𒁀𒉿𒊀𒐀𒐿𒒀𒒿/>
<𗀀𗀿𗁀𗇿𗈀𗗿𗘀𗢿𗣀𗿿/>
<𛀀𛃿𝀀𝀿𝁀𝄀𝄿𝈀𝈿𝌀𝌿/>
<𞸀🀀🀿🂿🄀🄿🚀/>

<力>
<א/>
<س/>
<अ/>
<அ/>
<அ/>
<𐍑/>
<🪐/>
<😀/>
</力>

<ÀÖØöøÿĀĿŀſƀƿǀǿƀƿǀǿȀȿɀɿʀʿˀ˿/>
<ͰͽͿ΀οπϿ/>
<ЀпрѿҠҀҿӀӿԀԿՀտրֿ׀׿/>

<؀ؿـٿڀڿۀۿ/>
<܀ܿ݀݀ݿ/>
<ހ޿ހ޿/>
<ࠀ࠿ࡀࢿࣀࣿऀिीॿ/>
<ঀিী৿/>
<౿ൿවවເༀཀ྿࿀/>
<ကႠᄀᅀᆿᇀᇿሀሿቀቿኀዀዿጀጿፀ/>
<ᚿᛀក/>
<ᢿᣀ᧿ᨀᨿᩀ᪀/>
<ᰀ᰿᱀ᲀᴀᴿᵀᵿᶀᶿḀḿṀṿẀếỀỿ/>
<ἀἿὀᾀ᾿῀/>
<a⁰ⁿ₀₿℀ℿ⅀ⅿↀ/>
<ⰀⰿⱀⱿⲀⲿⳀ⳿ⴀⴿⵀⶀⷀⷿ/>
<⸀⸿⹀⺀⺿⻀⼀⼿⽀⽿⾀⾿⿀/>
<、みむむみむダㄿㆿ㇀ㇿ㈀㈿㋿㌀㏿/>

<㐀㐿㗿㘀㛀㛿㟀㟿/>
<㠀㠿㡀㤿㥀㨿㩀㬿㭀㯿/>
<㰀㰿㱀㶿㷀㼿㽀㾿㿀㿿/>
<䀀䀿䅀䅿䆀䊿䋀䍿䎀䏿/>
<䐀䕿䖀䙿䚀䝿䞀䟿/>
<䠀䢿䣀䧿䨀䪿䫀䬿䭀䯿/>
<䰀䱿䲀䴿䵀䶿䷀䷿一丿乀伿佀便俀俿/>
<倀忿怀濿瀀翿耀迿退/>
<ꀀꑿꒀ꒿꓀꓿ꔀꙀꟿꩿꪀꬿꭀꯀ가꿿/>
<뀀뚿뛀밿뱀뿿/>
<쀀쐿쑀엿였쟿저쩿쪀쿿/>
<퀀툿퉀퐿푀휿흀/>
<豈錄鹿ﬀנּﭿﮀﯿ﴿/>
<︿﹀ﹿﺿﻀ＿｀ｿﾀﺀﷰ/>
<�/>

<𐀀𐄀𐄿𐌀𐌿𐍀𐎿𐏀𐒀/>
<𒀀𒀿𒁀𒉿𒊀𒐀𒐿𒒀𒒿/>
<𗀀𗀿𗁀𗇿𗈀𗗿𗘀𗢿𗣀𗿿/>
<𛀀𛃿𝀀𝀿𝁀𝄀𝄿𝈀𝈿𝌀𝌿/>
<𞸀🀀🀿🂿🄀🄿🚀/>

<力>
<א/>
<س/>
<अ/>
<அ/>
<அ/>
<𐍑/>
<🪐/>
<😀/>
</力>

<ÀÖØöøÿĀĿŀſƀƿǀǿƀƿǀǿȀȿɀɿʀʿˀ˿/>
<ͰͽͿ΀οπϿ/>
<ЀпрѿҠҀҿӀӿԀԿՀտրֿ׀׿/>

<؀ؿـٿڀڿۀۿ/>
<܀ܿ݀݀ݿ/>
<ހ޿ހ޿/>
<ࠀ࠿ࡀࢿࣀࣿऀिीॿ/>
<ঀিী৿/>
<౿ൿවවເༀཀ྿࿀/>
<ကႠᄀᅀᆿᇀᇿሀሿቀቿኀዀዿጀጿፀ/>
<ᚿᛀក/>
<ᢿᣀ᧿ᨀᨿᩀ᪀/>
<ᰀ᰿᱀ᲀᴀᴿᵀᵿᶀᶿḀḿṀṿẀếỀỿ/>
<ἀἿὀᾀ᾿῀/>
<a⁰ⁿ₀₿℀ℿ⅀ⅿↀ/>
<ⰀⰿⱀⱿⲀⲿⳀ⳿ⴀⴿⵀⶀⷀⷿ/>
<⸀⸿⹀⺀⺿⻀⼀⼿⽀⽿⾀⾿⿀/>
<、みむむみむダㄿㆿ㇀ㇿ㈀㈿㋿㌀㏿/>

<㐀㐿㗿㘀㛀㛿㟀㟿/>
<㠀㠿㡀㤿㥀㨿㩀㬿㭀㯿/>
<㰀㰿㱀㶿㷀㼿㽀㾿㿀㿿/>
<䀀䀿䅀䅿䆀䊿䋀䍿䎀䏿/>
<䐀䕿䖀䙿䚀䝿䞀䟿/>
<䠀䢿䣀䧿䨀䪿䫀䬿䭀䯿/>
<䰀䱿䲀䴿䵀䶿䷀䷿一丿乀伿佀便俀俿/>
<倀忿怀濿瀀翿耀迿退/>
<ꀀꑿꒀ꒿꓀꓿ꔀꙀꟿꩿꪀꬿꭀꯀ가꿿/>
<뀀뚿뛀밿뱀뿿/>
<쀀쐿쑀엿였쟿저쩿쪀쿿/>
<퀀툿퉀퐿푀휿흀/>
<豈錄鹿ﬀנּﭿﮀﯿ﴿/>
<︿﹀ﹿﺿﻀ＿｀ｿﾀﺀﷰ/>
<�/>

<𐀀𐄀𐄿𐌀𐌿𐍀𐎿𐏀𐒀/>
<𒀀𒀿𒁀𒉿𒊀𒐀𒐿𒒀𒒿/>
<𗀀𗀿𗁀𗇿𗈀𗗿𗘀𗢿𗣀𗿿/>
<𛀀𛃿𝀀𝀿𝁀𝄀𝄿𝈀𝈿𝌀𝌿/>
<𞸀🀀🀿🂿🄀🄿🚀/>

<力>
<א/>
<س/>
<अ/>
<அ/>
<அ/>
<𐍑/>
<🪐/>
<😀/>
</力>

<ÀÖØöøÿĀĿŀſƀƿǀǿƀƿǀǿȀȿɀɿʀʿˀ˿/>
<ͰͽͿ΀οπϿ/>
<ЀпрѿҠҀҿӀӿԀԿՀտրֿ׀׿/>

<؀ؿـٿڀڿۀۿ/>
<܀ܿ݀݀ݿ/>
<ހ޿ހ޿/>
<ࠀ࠿ࡀࢿࣀࣿऀिीॿ/>
<ঀিী৿/>
<౿ൿවවເༀཀ྿࿀/>
<ကႠᄀᅀᆿᇀᇿሀሿቀቿኀዀዿጀጿፀ/>
<ᚿᛀក/>
<ᢿᣀ᧿ᨀᨿᩀ᪀/>
<ᰀ᰿᱀ᲀᴀᴿᵀᵿᶀᶿḀḿṀṿẀếỀỿ/>
<ἀἿὀᾀ᾿῀/>
<a⁰ⁿ₀₿℀ℿ⅀ⅿↀ/>
<ⰀⰿⱀⱿⲀⲿⳀ⳿ⴀⴿⵀⶀⷀⷿ/>
<⸀⸿⹀⺀⺿⻀⼀⼿⽀⽿⾀⾿⿀/>
<、みむむみむダㄿㆿ㇀ㇿ㈀㈿㋿㌀㏿/>

<㐀㐿㗿㘀㛀㛿㟀㟿/>
<㠀㠿㡀㤿㥀㨿㩀㬿㭀㯿/>
<㰀㰿㱀㶿㷀㼿㽀㾿㿀㿿/>
<䀀䀿䅀䅿䆀䊿䋀䍿䎀䏿/>
<䐀䕿䖀䙿䚀䝿䞀䟿/>
<䠀䢿䣀䧿䨀䪿䫀䬿䭀䯿/>
<䰀䱿䲀䴿䵀䶿䷀䷿一丿乀伿佀便俀俿/>
<倀忿怀濿瀀翿耀迿退/>
<ꀀꑿꒀ꒿꓀꓿ꔀꙀꟿꩿꪀꬿꭀꯀ가꿿/>
<뀀뚿뛀밿뱀뿿/>
<쀀쐿쑀엿였쟿저쩿쪀쿿/>
<퀀툿퉀퐿푀휿흀/>
<豈錄鹿ﬀנּﭿﮀﯿ﴿/>
<︿﹀ﹿﺿﻀ＿｀ｿﾀﺀﷰ/>
<�/>

<𐀀𐄀𐄿𐌀𐌿𐍀𐎿𐏀𐒀/>
<𒀀𒀿𒁀𒉿𒊀𒐀𒐿𒒀𒒿/>
<𗀀𗀿𗁀𗇿𗈀𗗿𗘀𗢿𗣀𗿿/>
<𛀀𛃿𝀀𝀿𝁀𝄀𝄿𝈀𝈿𝌀𝌿/>
<𞸀🀀🀿🂿🄀🄿🚀/>

<力>
<א/>
<س/>
<अ/>
<அ/>
<அ/>
<𐍑/>
<🪐/>
<😀/>
</力>

<ÀÖØöøÿĀĿŀſƀƿǀǿƀƿǀǿȀȿɀɿʀʿˀ˿/>
<ͰͽͿ΀οπϿ/>
<ЀпрѿҠҀҿӀӿԀԿՀտրֿ׀׿/>

<؀ؿـٿڀڿۀۿ/>
<܀ܿ݀݀ݿ/>
<ހ޿ހ޿/>
<ࠀ࠿ࡀࢿࣀࣿऀिीॿ/>
<ঀিী৿/>
<౿ൿවවເༀཀ྿࿀/>
<ကႠᄀᅀᆿᇀᇿሀሿቀቿኀዀዿጀጿፀ/>
<ᚿᛀក/>
<ᢿᣀ᧿ᨀᨿᩀ᪀/>
<ᰀ᰿᱀ᲀᴀᴿᵀᵿᶀᶿḀḿṀṿẀếỀỿ/>
<ἀἿὀᾀ᾿῀/>
<a⁰ⁿ₀₿℀ℿ⅀ⅿↀ/>
<ⰀⰿⱀⱿⲀⲿⳀ⳿ⴀⴿⵀⶀⷀⷿ/>
<⸀⸿⹀⺀⺿⻀⼀⼿⽀⽿⾀⾿⿀/>
<、みむむみむダㄿㆿ㇀ㇿ㈀㈿㋿㌀㏿/>

<㐀㐿㗿㘀㛀㛿㟀㟿/>
<㠀㠿㡀㤿㥀㨿㩀㬿㭀㯿/>
<㰀㰿㱀㶿㷀㼿㽀㾿㿀㿿/>
<䀀䀿䅀䅿䆀䊿䋀䍿䎀䏿/>
<䐀䕿䖀䙿䚀䝿䞀䟿/>
<䠀䢿䣀䧿䨀䪿䫀䬿䭀䯿/>
<䰀䱿䲀䴿䵀䶿䷀䷿一丿乀伿佀便俀俿/>
<倀忿怀濿瀀翿耀迿退/>
<ꀀꑿꒀ꒿꓀꓿ꔀꙀꟿꩿꪀꬿꭀꯀ가꿿/>
<뀀뚿뛀밿뱀뿿/>
<쀀쐿쑀엿였쟿저쩿쪀쿿/>
<퀀툿퉀퐿푀휿흀/>
<豈錄鹿ﬀנּﭿﮀﯿ﴿/>
<︿﹀ﹿﺿﻀ＿｀ｿﾀﺀﷰ/>
<�/>

<𐀀𐄀𐄿𐌀𐌿𐍀𐎿𐏀𐒀/>
<𒀀𒀿𒁀𒉿𒊀𒐀𒐿𒒀𒒿/>
<𗀀𗀿𗁀𗇿𗈀𗗿𗘀𗢿𗣀𗿿/>
<𛀀𛃿𝀀𝀿𝁀𝄀𝄿𝈀𝈿𝌀𝌿/>
<𞸀🀀🀿🂿🄀🄿🚀/>

<力>
<א/>
<س/>
<अ/>
<அ/>
<அ/>
<𐍑/>
<🪐/>
<😀/>
</力>

<ÀÖØöøÿĀĿŀſƀƿǀǿƀƿǀǿȀȿɀɿʀʿˀ˿/>
<ͰͽͿ΀οπϿ/>
<ЀпрѿҠҀҿӀӿԀԿՀտրֿ׀׿/>

<؀ؿـٿڀڿۀۿ/>
<܀ܿ݀݀ݿ/>
<ހ޿ހ޿/>
<ࠀ࠿ࡀࢿࣀࣿऀिीॿ/>
<ঀিী৿/>
<౿ൿවවເༀཀ྿࿀/>
<ကႠᄀᅀᆿᇀᇿሀሿቀቿኀዀዿጀጿፀ/>
<ᚿᛀក/>
<ᢿᣀ᧿ᨀᨿᩀ᪀/>
<ᰀ᰿᱀ᲀᴀᴿᵀᵿᶀᶿḀḿṀṿẀếỀỿ/>
<ἀἿὀᾀ᾿῀/>
<a⁰ⁿ₀₿℀ℿ⅀ⅿↀ/>
<ⰀⰿⱀⱿⲀⲿⳀ⳿ⴀⴿⵀⶀⷀⷿ/>
<⸀⸿⹀⺀⺿⻀⼀⼿⽀⽿⾀⾿⿀/>
<、みむむみむダㄿㆿ㇀ㇿ㈀㈿㋿㌀㏿/>

<㐀㐿㗿㘀㛀㛿㟀㟿/>
<㠀㠿㡀㤿㥀㨿㩀㬿㭀㯿/>
<㰀㰿㱀㶿㷀㼿㽀㾿㿀㿿/>
<䀀䀿䅀䅿䆀䊿䋀䍿䎀䏿/>
<䐀䕿䖀䙿䚀䝿䞀䟿/>
<䠀䢿䣀䧿䨀䪿䫀䬿䭀䯿/>
<䰀䱿䲀䴿䵀䶿䷀䷿一丿乀伿佀便俀俿/>
<倀忿怀濿瀀翿耀迿退/>
<ꀀꑿꒀ꒿꓀꓿ꔀꙀꟿꩿꪀꬿꭀꯀ가꿿/>
<뀀뚿뛀밿뱀뿿/>
<쀀쐿쑀엿였쟿저쩿쪀쿿/>
<퀀툿퉀퐿푀휿흀/>
<豈錄鹿ﬀנּﭿﮀﯿ﴿/>
<︿﹀ﹿﺿﻀ＿｀ｿﾀﺀﷰ/>
<�/>

<𐀀𐄀𐄿𐌀𐌿𐍀𐎿𐏀𐒀/>
<𒀀𒀿𒁀𒉿𒊀𒐀𒐿𒒀𒒿/>
<𗀀𗀿𗁀𗇿𗈀𗗿𗘀𗢿𗣀𗿿/>
<𛀀𛃿𝀀𝀿𝁀𝄀𝄿𝈀𝈿𝌀𝌿/>
<𞸀🀀🀿🂿🄀🄿🚀/>

<力>
<א/>
<س/>
<अ/>
<அ/>
<அ/>
<𐍑/>
<🪐/>
<😀/>
</力>

<ÀÖØöøÿĀĿŀſƀƿǀǿƀƿǀǿȀȿɀɿʀʿˀ˿/>
<ͰͽͿ΀οπϿ/>
<ЀпрѿҠҀҿӀӿԀԿՀտրֿ׀׿/>

<؀ؿـٿڀڿۀۿ/>
<܀ܿ݀݀ݿ/>
<ހ޿ހ޿/>
<ࠀ࠿ࡀࢿࣀࣿऀिीॿ/>
<ঀিী৿/>
<౿ൿවවເༀཀ྿࿀/>
<ကႠᄀᅀᆿᇀᇿሀሿቀቿኀዀዿጀጿፀ/>
<ᚿᛀក/>
<ᢿᣀ᧿ᨀᨿᩀ᪀/>
<ᰀ᰿᱀ᲀᴀᴿᵀᵿᶀᶿḀḿṀṿẀếỀỿ/>
<ἀἿὀᾀ᾿῀/>
<a⁰ⁿ₀₿℀ℿ⅀ⅿↀ/>
<ⰀⰿⱀⱿⲀⲿⳀ⳿ⴀⴿⵀⶀⷀⷿ/>
<⸀⸿⹀⺀⺿⻀⼀⼿⽀⽿⾀⾿⿀/>
<、みむむみむダㄿㆿ㇀ㇿ㈀㈿㋿㌀㏿/>

<㐀㐿㗿㘀㛀㛿㟀㟿/>
<㠀㠿㡀㤿㥀㨿㩀㬿㭀㯿/>
<㰀㰿㱀㶿㷀㼿㽀㾿㿀㿿/>
<䀀䀿䅀䅿䆀䊿䋀䍿䎀䏿/>
<䐀䕿䖀䙿䚀䝿䞀䟿/>
<䠀䢿䣀䧿䨀䪿䫀䬿䭀䯿/>
<䰀䱿䲀䴿䵀䶿䷀䷿一丿乀伿佀便俀俿/>
<倀忿怀濿瀀翿耀迿退/>
<ꀀꑿꒀ꒿꓀꓿ꔀꙀꟿꩿꪀꬿꭀꯀ가꿿/>
<뀀뚿뛀밿뱀뿿/>
<쀀쐿쑀엿였쟿저쩿쪀쿿/>
<퀀툿퉀퐿푀휿흀/>
<豈錄鹿ﬀנּﭿﮀﯿ﴿/>
<︿﹀ﹿﺿﻀ＿｀ｿﾀﺀﷰ/>
<�/>

<𐀀𐄀𐄿𐌀𐌿𐍀𐎿𐏀𐒀/>
<𒀀𒀿𒁀𒉿𒊀𒐀𒐿𒒀𒒿/>
<𗀀𗀿𗁀𗇿𗈀𗗿𗘀𗢿𗣀𗿿/>
<𛀀𛃿𝀀𝀿𝁀𝄀𝄿𝈀𝈿𝌀𝌿/>
<𞸀🀀🀿🂿🄀🄿🚀/>

<力>
<א/>
<س/>
<अ/>
<அ/>
<அ/>
<𐍑/>
<🪐/>
<😀/>
</力>

<ÀÖØöøÿĀĿŀſƀƿǀǿƀƿǀǿȀȿɀɿʀʿˀ˿/>
<ͰͽͿ΀οπϿ/>
<ЀпрѿҠҀҿӀӿԀԿՀտրֿ׀׿/>

<؀ؿـٿڀڿۀۿ/>
<܀ܿ݀݀ݿ/>
<ހ޿ހ޿/>
<ࠀ࠿ࡀࢿࣀࣿऀिीॿ/>
<ঀিী৿/>
<౿ൿවවເༀཀ྿࿀/>
<ကႠᄀᅀᆿᇀᇿሀሿቀቿኀዀዿጀጿፀ/>
<ᚿᛀក/>
<ᢿᣀ᧿ᨀᨿᩀ᪀/>
<ᰀ᰿᱀ᲀᴀᴿᵀᵿᶀᶿḀḿṀṿẀếỀỿ/>
<ἀἿὀᾀ᾿῀/>
<a⁰ⁿ₀₿℀ℿ⅀ⅿↀ/>
<ⰀⰿⱀⱿⲀⲿⳀ⳿ⴀⴿⵀⶀⷀⷿ/>
<⸀⸿⹀⺀⺿⻀⼀⼿⽀⽿⾀⾿⿀/>
<、みむむみむダㄿㆿ㇀ㇿ㈀㈿㋿㌀㏿/>

<㐀㐿㗿㘀㛀㛿㟀㟿/>
<㠀㠿㡀㤿㥀㨿㩀㬿㭀㯿/>
<㰀㰿㱀㶿㷀㼿㽀㾿㿀㿿/>
<䀀䀿䅀䅿䆀䊿䋀䍿䎀䏿/>
<䐀䕿䖀䙿䚀䝿䞀䟿/>
<䠀䢿䣀䧿䨀䪿䫀䬿䭀䯿/>
<䰀䱿䲀䴿䵀䶿䷀䷿一丿乀伿佀便俀俿/>
<倀忿怀濿瀀翿耀迿退/>
<ꀀꑿꒀ꒿꓀꓿ꔀꙀꟿꩿꪀꬿꭀꯀ가꿿/>
<뀀뚿뛀밿뱀뿿/>
<쀀쐿쑀엿였쟿저쩿쪀쿿/>
<퀀툿퉀퐿푀휿흀/>
<豈錄鹿ﬀנּﭿﮀﯿ﴿/>
<︿﹀ﹿﺿﻀ＿｀ｿﾀﺀﷰ/>
<�/>

<𐀀𐄀𐄿𐌀𐌿𐍀𐎿𐏀𐒀/>
<𒀀𒀿𒁀𒉿𒊀𒐀𒐿𒒀𒒿/>
<𗀀𗀿𗁀𗇿𗈀𗗿𗘀𗢿𗣀𗿿/>
<𛀀𛃿𝀀𝀿𝁀𝄀𝄿𝈀𝈿𝌀𝌿/>
<𞸀🀀🀿🂿🄀🄿🚀/>

<力>
<א/>
<س/>
<अ/>
<அ/>
<அ/>
<𐍑/>
<🪐/>
<😀/>
</力>

<ÀÖØöøÿĀĿŀſƀƿǀǿƀƿǀǿȀȿɀɿʀʿˀ˿/>
<ͰͽͿ΀οπϿ/>
<ЀпрѿҠҀҿӀӿԀԿՀտրֿ׀׿/>

<؀ؿـٿڀڿۀۿ/>
<܀ܿ݀݀ݿ/>
<ހ޿ހ޿/>
<ࠀ࠿ࡀࢿࣀࣿऀिीॿ/>
<ঀিী৿/>
<౿ൿවවເༀཀ྿࿀/>
<ကႠᄀᅀᆿᇀᇿሀሿቀቿኀዀዿጀጿፀ/>
<ᚿᛀក/>
<ᢿᣀ᧿ᨀᨿᩀ᪀/>
<ᰀ᰿᱀ᲀᴀᴿᵀᵿᶀᶿḀḿṀṿẀếỀỿ/>
<ἀἿὀᾀ᾿῀/>
<a⁰ⁿ₀₿℀ℿ⅀ⅿↀ/>
<ⰀⰿⱀⱿⲀⲿⳀ⳿ⴀⴿⵀⶀⷀⷿ/>
<⸀⸿⹀⺀⺿⻀⼀⼿⽀⽿⾀⾿⿀/>
<、みむむみむダㄿㆿ㇀ㇿ㈀㈿㋿㌀㏿/>

<㐀㐿㗿㘀㛀㛿㟀㟿/>
<㠀㠿㡀㤿㥀㨿㩀㬿㭀㯿/>
<㰀㰿㱀㶿㷀㼿㽀㾿㿀㿿/>
<䀀䀿䅀䅿䆀䊿䋀䍿䎀䏿/>
<䐀䕿䖀䙿䚀䝿䞀䟿/>
<䠀䢿䣀䧿䨀䪿䫀䬿䭀䯿/>
<䰀䱿䲀䴿䵀䶿䷀䷿一丿乀伿佀便俀俿/>
<倀忿怀濿瀀翿耀迿退/>
<ꀀꑿꒀ꒿꓀꓿ꔀꙀꟿꩿꪀꬿꭀꯀ가꿿/>
<뀀뚿뛀밿뱀뿿/>
<쀀쐿쑀엿였쟿저쩿쪀쿿/>
<퀀툿퉀퐿푀휿흀/>
<豈錄鹿ﬀנּﭿﮀﯿ﴿/>
<︿﹀ﹿﺿﻀ＿｀ｿﾀﺀﷰ/>
<�/>

<𐀀𐄀𐄿𐌀𐌿𐍀𐎿𐏀𐒀/>
<𒀀𒀿𒁀𒉿𒊀𒐀𒐿𒒀𒒿/>
<𗀀𗀿𗁀𗇿𗈀𗗿𗘀𗢿𗣀𗿿/>
<𛀀𛃿𝀀𝀿𝁀𝄀𝄿𝈀𝈿𝌀𝌿/>
<𞸀🀀🀿🂿🄀🄿🚀/>

<力>
<א/>
<س/>
<अ/>
<அ/>
<அ/>
<𐍑/>
<🪐/>
<😀/>
</力>

<ÀÖØöøÿĀĿŀſƀƿǀǿƀƿǀǿȀȿɀɿʀʿˀ˿/>
<ͰͽͿ΀οπϿ/>
<ЀпрѿҠҀҿӀӿԀԿՀտրֿ׀׿/>

<؀ؿـٿڀڿۀۿ/>
<܀ܿ݀݀ݿ/>
<ހ޿ހ޿/>
<ࠀ࠿ࡀࢿࣀࣿऀिीॿ/>
<ঀিী৿/>
<౿ൿවවເༀཀ྿࿀/>
<ကႠᄀᅀᆿᇀᇿሀሿቀቿኀዀዿጀጿፀ/>
<ᚿᛀក/>
<ᢿᣀ᧿ᨀᨿᩀ᪀/>
<ᰀ᰿᱀ᲀᴀᴿᵀᵿᶀᶿḀḿṀṿẀếỀỿ/>
<ἀἿὀᾀ᾿῀/>
<a⁰ⁿ₀₿℀ℿ⅀ⅿↀ/>
<ⰀⰿⱀⱿⲀⲿⳀ⳿ⴀⴿⵀⶀⷀⷿ/>
<⸀⸿⹀⺀⺿⻀⼀⼿⽀⽿⾀⾿⿀/>
<、みむむみむダㄿㆿ㇀ㇿ㈀㈿㋿㌀㏿/>

<㐀㐿㗿㘀㛀㛿㟀㟿/>
<㠀㠿㡀㤿㥀㨿㩀㬿㭀㯿/>
<㰀㰿㱀㶿㷀㼿㽀㾿㿀㿿/>
<䀀䀿䅀䅿䆀䊿䋀䍿䎀䏿/>
<䐀䕿䖀䙿䚀䝿䞀䟿/>
<䠀䢿䣀䧿䨀䪿䫀䬿䭀䯿/>
<䰀䱿䲀䴿䵀䶿䷀䷿一丿乀伿佀便俀俿/>
<倀忿怀濿瀀翿耀迿退/>
<ꀀꑿꒀ꒿꓀꓿ꔀꙀꟿꩿꪀꬿꭀꯀ가꿿/>
<뀀뚿뛀밿뱀뿿/>
<쀀쐿쑀엿였쟿저쩿쪀쿿/>
<퀀툿퉀퐿푀휿흀/>
<豈錄鹿ﬀנּﭿﮀﯿ﴿/>
<︿﹀ﹿﺿﻀ＿｀ｿﾀﺀﷰ/>
<�/>

<𐀀𐄀𐄿𐌀𐌿𐍀𐎿𐏀𐒀/>
<𒀀𒀿𒁀𒉿𒊀𒐀𒐿𒒀𒒿/>
<𗀀𗀿𗁀𗇿𗈀𗗿𗘀𗢿𗣀𗿿/>
<𛀀𛃿𝀀𝀿𝁀𝄀𝄿𝈀𝈿𝌀𝌿/>
<𞸀🀀🀿🂿🄀🄿🚀/>

<力>
<א/>
<س/>
<अ/>
<அ/>
<அ/>
<𐍑/>
<🪐/>
<😀/>
</力>

<ÀÖØöøÿĀĿŀſƀƿǀǿƀƿǀǿȀȿɀɿʀʿˀ˿/>
<ͰͽͿ΀οπϿ/>
<ЀпрѿҠҀҿӀӿԀԿՀտրֿ׀׿/>

<؀ؿـٿڀڿۀۿ/>
<܀ܿ݀݀ݿ/>
<ހ޿ހ޿/>
<ࠀ࠿ࡀࢿࣀࣿऀिीॿ/>
<ঀিী৿/>
<౿ൿවවເༀཀ྿࿀/>
<ကႠᄀᅀᆿᇀᇿሀሿቀቿኀዀዿጀጿፀ/>
<ᚿᛀក/>
<ᢿᣀ᧿ᨀᨿᩀ᪀/>
<ᰀ᰿᱀ᲀᴀᴿᵀᵿᶀᶿḀḿṀṿẀếỀỿ/>
<ἀἿὀᾀ᾿῀/>
<a⁰ⁿ₀₿℀ℿ⅀ⅿↀ/>
<ⰀⰿⱀⱿⲀⲿⳀ⳿ⴀⴿⵀⶀⷀⷿ/>
<⸀⸿⹀⺀⺿⻀⼀⼿⽀⽿⾀⾿⿀/>
<、みむむみむダㄿㆿ㇀ㇿ㈀㈿㋿㌀㏿/>

<㐀㐿㗿㘀㛀㛿㟀㟿/>
<㠀㠿㡀㤿㥀㨿㩀㬿㭀㯿/>
<㰀㰿㱀㶿㷀㼿㽀㾿㿀㿿/>
<䀀䀿䅀䅿䆀䊿䋀䍿䎀䏿/>
<䐀䕿䖀䙿䚀䝿䞀䟿/>
<䠀䢿䣀䧿䨀䪿䫀䬿䭀䯿/>
<䰀䱿䲀䴿䵀䶿䷀䷿一丿乀伿佀便俀俿/>
<倀忿怀濿瀀翿耀迿退/>
<ꀀꑿꒀ꒿꓀꓿ꔀꙀꟿꩿꪀꬿꭀꯀ가꿿/>
<뀀뚿뛀밿뱀뿿/>
<쀀쐿쑀엿였쟿저쩿쪀쿿/>
<퀀툿퉀퐿푀휿흀/>
<豈錄鹿ﬀנּﭿﮀﯿ﴿/>
<︿﹀ﹿﺿﻀ＿｀ｿﾀﺀﷰ/>
<�/>

<𐀀𐄀𐄿𐌀𐌿𐍀𐎿𐏀𐒀/>
<𒀀𒀿𒁀𒉿𒊀𒐀𒐿𒒀𒒿/>
<𗀀𗀿𗁀𗇿𗈀𗗿𗘀𗢿𗣀𗿿/>
<𛀀𛃿𝀀𝀿𝁀𝄀𝄿𝈀𝈿𝌀𝌿/>
<𞸀🀀🀿🂿🄀🄿🚀/>

<力>
<א/>
<س/>
<अ/>
<அ/>
<அ/>
<𐍑/>
<🪐/>
<😀/>
</力>

<ÀÖØöøÿĀĿŀſƀƿǀǿƀƿǀǿȀȿɀɿʀʿˀ˿/>
<ͰͽͿ΀οπϿ/>
<ЀпрѿҠҀҿӀӿԀԿՀտրֿ׀׿/>

<؀ؿـٿڀڿۀۿ/>
<܀ܿ݀݀ݿ/>
<ހ޿ހ޿/>
<ࠀ࠿ࡀࢿࣀࣿऀिीॿ/>
<ঀিী৿/>
<౿ൿවවເༀཀ྿࿀/>
<ကႠᄀᅀᆿᇀᇿሀሿቀቿኀዀዿጀጿፀ/>
<ᚿᛀក/>
<ᢿᣀ᧿ᨀᨿᩀ᪀/>
<ᰀ᰿᱀ᲀᴀᴿᵀᵿᶀᶿḀḿṀṿẀếỀỿ/>
<ἀἿὀᾀ᾿῀/>
<a⁰ⁿ₀₿℀ℿ⅀ⅿↀ/>
<ⰀⰿⱀⱿⲀⲿⳀ⳿ⴀⴿⵀⶀⷀⷿ/>
<⸀⸿⹀⺀⺿⻀⼀⼿⽀⽿⾀⾿⿀/>
<、みむむみむダㄿㆿ㇀ㇿ㈀㈿㋿㌀㏿/>

<㐀㐿㗿㘀㛀㛿㟀㟿/>
<㠀㠿㡀㤿㥀㨿㩀㬿㭀㯿/>
<㰀㰿㱀㶿㷀㼿㽀㾿㿀㿿/>
<䀀䀿䅀䅿䆀䊿䋀䍿䎀䏿/>
<䐀䕿䖀䙿䚀䝿䞀䟿/>
<䠀䢿䣀䧿䨀䪿䫀䬿䭀䯿/>
<䰀䱿䲀䴿䵀䶿䷀䷿一丿乀伿佀便俀俿/>
<倀忿怀濿瀀翿耀迿退/>
<ꀀꑿꒀ꒿꓀꓿ꔀꙀꟿꩿꪀꬿꭀꯀ가꿿/>
<뀀뚿뛀밿뱀뿿/>
<쀀쐿쑀엿였쟿저쩿쪀쿿/>
<퀀툿퉀퐿푀휿흀/>
<豈錄鹿ﬀנּﭿﮀﯿ﴿/>
<︿﹀ﹿﺿﻀ＿｀ｿﾀﺀﷰ/>
<�/>

<𐀀𐄀𐄿𐌀𐌿𐍀𐎿𐏀𐒀/>
<𒀀𒀿𒁀𒉿𒊀𒐀𒐿𒒀𒒿/>
<𗀀𗀿𗁀𗇿𗈀𗗿𗘀𗢿𗣀𗿿/>
<𛀀𛃿𝀀𝀿𝁀𝄀𝄿𝈀𝈿𝌀𝌿/>
<𞸀🀀🀿🂿🄀🄿🚀/>

<力>
<א/>
<س/>
<अ/>
<அ/>
<அ/>
<𐍑/>
<🪐/>
<😀/>
</力>

<ÀÖØöøÿĀĿŀſƀƿǀǿƀƿǀǿȀȿɀɿʀʿˀ˿/>
<ͰͽͿ΀οπϿ/>
<ЀпрѿҠҀҿӀӿԀԿՀտրֿ׀׿/>

<؀ؿـٿڀڿۀۿ/>
<܀ܿ݀݀ݿ/>
<ހ޿ހ޿/>
<ࠀ࠿ࡀࢿࣀࣿऀिीॿ/>
<ঀিী৿/>
<౿ൿවවເༀཀ྿࿀/>
<ကႠᄀᅀᆿᇀᇿሀሿቀቿኀዀዿጀጿፀ/>
<ᚿᛀក/>
<ᢿᣀ᧿ᨀᨿᩀ᪀/>
<ᰀ᰿᱀ᲀᴀᴿᵀᵿᶀᶿḀḿṀṿẀếỀỿ/>
<ἀἿὀᾀ᾿῀/>
<a⁰ⁿ₀₿℀ℿ⅀ⅿↀ/>
<ⰀⰿⱀⱿⲀⲿⳀ⳿ⴀⴿⵀⶀⷀⷿ/>
<⸀⸿⹀⺀⺿⻀⼀⼿⽀⽿⾀⾿⿀/>
<、みむむみむダㄿㆿ㇀ㇿ㈀㈿㋿㌀㏿/>

<㐀㐿㗿㘀㛀㛿㟀㟿/>
<㠀㠿㡀㤿㥀㨿㩀㬿㭀㯿/>
<㰀㰿㱀㶿㷀㼿㽀㾿㿀㿿/>
<䀀䀿䅀䅿䆀䊿䋀䍿䎀䏿/>
<䐀䕿䖀䙿䚀䝿䞀䟿/>
<䠀䢿䣀䧿䨀䪿䫀䬿䭀䯿/>
<䰀䱿䲀䴿䵀䶿䷀䷿一丿乀伿佀便俀俿/>
<倀忿怀濿瀀翿耀迿退/>
<ꀀꑿꒀ꒿꓀꓿ꔀꙀꟿꩿꪀꬿꭀꯀ가꿿/>
<뀀뚿뛀밿뱀뿿/>
<쀀쐿쑀엿였쟿저쩿쪀쿿/>
<퀀툿퉀퐿푀휿흀/>
<豈錄鹿ﬀנּﭿﮀﯿ﴿/>
<︿﹀ﹿﺿﻀ＿｀ｿﾀﺀﷰ/>
<�/>

<𐀀𐄀𐄿𐌀𐌿𐍀𐎿𐏀𐒀/>
<𒀀𒀿𒁀𒉿𒊀𒐀𒐿𒒀𒒿/>
<𗀀𗀿𗁀𗇿𗈀𗗿𗘀𗢿𗣀𗿿/>
<𛀀𛃿𝀀𝀿𝁀𝄀𝄿𝈀𝈿𝌀𝌿/>
<𞸀🀀🀿🂿🄀🄿🚀/>

<力>
<א/>
<س/>
<अ/>
<அ/>
<அ/>
<𐍑/>
<🪐/>
<😀/>
</力>

<ÀÖØöøÿĀĿŀſƀƿǀǿƀƿǀǿȀȿɀɿʀʿˀ˿/>
<ͰͽͿ΀οπϿ/>
<ЀпрѿҠҀҿӀӿԀԿՀտրֿ׀׿/>

<؀ؿـٿڀڿۀۿ/>
<܀ܿ݀݀ݿ/>
<ހ޿ހ޿/>
<ࠀ࠿ࡀࢿࣀࣿऀिीॿ/>
<ঀিী৿/>
<౿ൿවවເༀཀ྿࿀/>
<ကႠᄀᅀᆿᇀᇿሀሿቀቿኀዀዿጀጿፀ/>
<ᚿᛀក/>
<ᢿᣀ᧿ᨀᨿᩀ᪀/>
<ᰀ᰿᱀ᲀᴀᴿᵀᵿᶀᶿḀḿṀṿẀếỀỿ/>
<ἀἿὀᾀ᾿῀/>
<a⁰ⁿ₀₿℀ℿ⅀ⅿↀ/>
<ⰀⰿⱀⱿⲀⲿⳀ⳿ⴀⴿⵀⶀⷀⷿ/>
<⸀⸿⹀⺀⺿⻀⼀⼿⽀⽿⾀⾿⿀/>
<、みむむみむダㄿㆿ㇀ㇿ㈀㈿㋿㌀㏿/>

<㐀㐿㗿㘀㛀㛿㟀㟿/>
<㠀㠿㡀㤿㥀㨿㩀㬿㭀㯿/>
<㰀㰿㱀㶿㷀㼿㽀㾿㿀㿿/>
<䀀䀿䅀䅿䆀䊿䋀䍿䎀䏿/>
<䐀䕿䖀䙿䚀䝿䞀䟿/>
<䠀䢿䣀䧿䨀䪿䫀䬿䭀䯿/>
<䰀䱿䲀䴿䵀䶿䷀䷿一丿乀伿佀便俀俿/>
<倀忿怀濿瀀翿耀迿退/>
<ꀀꑿꒀ꒿꓀꓿ꔀꙀꟿꩿꪀꬿꭀꯀ가꿿/>
<뀀뚿뛀밿뱀뿿/>
<쀀쐿쑀엿였쟿저쩿쪀쿿/>
<퀀툿퉀퐿푀휿흀/>
<豈錄鹿ﬀנּﭿﮀﯿ﴿/>
<︿﹀ﹿﺿﻀ＿｀ｿﾀﺀﷰ/>
<�/>

<𐀀𐄀𐄿𐌀𐌿𐍀𐎿𐏀𐒀/>
<𒀀𒀿𒁀𒉿𒊀𒐀𒐿𒒀𒒿/>
<𗀀𗀿𗁀𗇿𗈀𗗿𗘀𗢿𗣀𗿿/>
<𛀀𛃿𝀀𝀿𝁀𝄀𝄿𝈀𝈿𝌀𝌿/>
<𞸀🀀🀿🂿🄀🄿🚀/>

<力>
<א/>
<س/>
<अ/>
<அ/>
<அ/>
<𐍑/>
<🪐/>
<😀/>
</力>

<ÀÖØöøÿĀĿŀſƀƿǀǿƀƿǀǿȀȿɀɿʀʿˀ˿/>
<ͰͽͿ΀οπϿ/>
<ЀпрѿҠҀҿӀӿԀԿՀտրֿ׀׿/>

<؀ؿـٿڀڿۀۿ/>
<܀ܿ݀݀ݿ/>
<ހ޿ހ޿/>
<ࠀ࠿ࡀࢿࣀࣿऀिीॿ/>
<ঀিী৿/>
<౿ൿවවເༀཀ྿࿀/>
<ကႠᄀᅀᆿᇀᇿሀሿቀቿኀዀዿጀጿፀ/>
<ᚿᛀក/>
<ᢿᣀ᧿ᨀᨿᩀ᪀/>
<ᰀ᰿᱀ᲀᴀᴿᵀᵿᶀᶿḀḿṀṿẀếỀỿ/>
<ἀἿὀᾀ᾿῀/>
<a⁰ⁿ₀₿℀ℿ⅀ⅿↀ/>
<ⰀⰿⱀⱿⲀⲿⳀ⳿ⴀⴿⵀⶀⷀⷿ/>
<⸀⸿⹀⺀⺿⻀⼀⼿⽀⽿⾀⾿⿀/>
<、みむむみむダㄿㆿ㇀ㇿ㈀㈿㋿㌀㏿/>

<㐀㐿㗿㘀㛀㛿㟀㟿/>
<㠀㠿㡀㤿㥀㨿㩀㬿㭀㯿/>
<㰀㰿㱀㶿㷀㼿㽀㾿㿀㿿/>
<䀀䀿䅀䅿䆀䊿䋀䍿䎀䏿/>
<䐀䕿䖀䙿䚀䝿䞀䟿/>
<䠀䢿䣀䧿䨀䪿䫀䬿䭀䯿/>
<䰀䱿䲀䴿䵀䶿䷀䷿一丿乀伿佀便俀俿/>
<倀忿怀濿瀀翿耀迿退/>
<ꀀꑿꒀ꒿꓀꓿ꔀꙀꟿꩿꪀꬿꭀꯀ가꿿/>
<뀀뚿뛀밿뱀뿿/>
<쀀쐿쑀엿였쟿저쩿쪀쿿/>
<퀀툿퉀퐿푀휿흀/>
<豈錄鹿ﬀנּﭿﮀﯿ﴿/>
<︿﹀ﹿﺿﻀ＿｀ｿﾀﺀﷰ/>
<�/>

<𐀀𐄀𐄿𐌀𐌿𐍀𐎿𐏀𐒀/>
<𒀀𒀿𒁀𒉿𒊀𒐀𒐿𒒀𒒿/>
<𗀀𗀿𗁀𗇿𗈀𗗿𗘀𗢿𗣀𗿿/>
<𛀀𛃿𝀀𝀿𝁀𝄀𝄿𝈀𝈿𝌀𝌿/>
<𞸀🀀🀿🂿🄀🄿🚀/>

<力>
<א/>
<س/>
<अ/>
<அ/>
<அ/>
<𐍑/>
<🪐/>
<😀/>
</力>

<ÀÖØöøÿĀĿŀſƀƿǀǿƀƿǀǿȀȿɀɿʀʿˀ˿/>
<ͰͽͿ΀οπϿ/>
<ЀпрѿҠҀҿӀӿԀԿՀտրֿ׀׿/>

<؀ؿـٿڀڿۀۿ/>
<܀ܿ݀݀ݿ/>
<ހ޿ހ޿/>
<ࠀ࠿ࡀࢿࣀࣿऀिीॿ/>
<ঀিী৿/>
<౿ൿවවເༀཀ྿࿀/>
<ကႠᄀᅀᆿᇀᇿሀሿቀቿኀዀዿጀጿፀ/>
<ᚿᛀក/>
<ᢿᣀ᧿ᨀᨿᩀ᪀/>
<ᰀ᰿᱀ᲀᴀᴿᵀᵿᶀᶿḀḿṀṿẀếỀỿ/>
<ἀἿὀᾀ᾿῀/>
<a⁰ⁿ₀₿℀ℿ⅀ⅿↀ/>
<ⰀⰿⱀⱿⲀⲿⳀ⳿ⴀⴿⵀⶀⷀⷿ/>
<⸀⸿⹀⺀⺿⻀⼀⼿⽀⽿⾀⾿⿀/>
<、みむむみむダㄿㆿ㇀ㇿ㈀㈿㋿㌀㏿/>

<㐀㐿㗿㘀㛀㛿㟀㟿/>
<㠀㠿㡀㤿㥀㨿㩀㬿㭀㯿/>
<㰀㰿㱀㶿㷀㼿㽀㾿㿀㿿/>
<䀀䀿䅀䅿䆀䊿䋀䍿䎀䏿/>
<䐀䕿䖀䙿䚀䝿䞀䟿/>
<䠀䢿䣀䧿䨀䪿䫀䬿䭀䯿/>
<䰀䱿䲀䴿䵀䶿䷀䷿一丿乀伿佀便俀俿/>
<倀忿怀濿瀀翿耀迿退/>
<ꀀꑿꒀ꒿꓀꓿ꔀꙀꟿꩿꪀꬿꭀꯀ가꿿/>
<뀀뚿뛀밿뱀뿿/>
<쀀쐿쑀엿였쟿저쩿쪀쿿/>
<퀀툿퉀퐿푀휿흀/>
<豈錄鹿ﬀנּﭿﮀﯿ﴿/>
<︿﹀ﹿﺿﻀ＿｀ｿﾀﺀﷰ/>
<�/>

<𐀀𐄀𐄿𐌀𐌿𐍀𐎿𐏀𐒀/>
<𒀀𒀿𒁀𒉿𒊀𒐀𒐿𒒀𒒿/>
<𗀀𗀿𗁀𗇿𗈀𗗿𗘀𗢿𗣀𗿿/>
<𛀀𛃿𝀀𝀿𝁀𝄀𝄿𝈀𝈿𝌀𝌿/>
<𞸀🀀🀿🂿🄀🄿🚀/>

<力>
<א/>
<س/>
<अ/>
<அ/>
<அ/>
<𐍑/>
<🪐/>
<😀/>
</力>

<ÀÖØöøÿĀĿŀſƀƿǀǿƀƿǀǿȀȿɀɿʀʿˀ˿/>
<ͰͽͿ΀οπϿ/>
<ЀпрѿҠҀҿӀӿԀԿՀտրֿ׀׿/>

<؀ؿـٿڀڿۀۿ/>
<܀ܿ݀݀ݿ/>
<ހ޿ހ޿/>
<ࠀ࠿ࡀࢿࣀࣿऀिीॿ/>
<ঀিী৿/>
<౿ൿවවເༀཀ྿࿀/>
<ကႠᄀᅀᆿᇀᇿሀሿቀቿኀዀዿጀጿፀ/>
<ᚿᛀក/>
<ᢿᣀ᧿ᨀᨿᩀ᪀/>
<ᰀ᰿᱀ᲀᴀᴿᵀᵿᶀᶿḀḿṀṿẀếỀỿ/>
<ἀἿὀᾀ᾿῀/>
<a⁰ⁿ₀₿℀ℿ⅀ⅿↀ/>
<ⰀⰿⱀⱿⲀⲿⳀ⳿ⴀⴿⵀⶀⷀⷿ/>
<⸀⸿⹀⺀⺿⻀⼀⼿⽀⽿⾀⾿⿀/>
<、みむむみむダㄿㆿ㇀ㇿ㈀㈿㋿㌀㏿/>

<㐀㐿㗿㘀㛀㛿㟀㟿/>
<㠀㠿㡀㤿㥀㨿㩀㬿㭀㯿/>
<㰀㰿㱀㶿㷀㼿㽀㾿㿀㿿/>
<䀀䀿䅀䅿䆀䊿䋀䍿䎀䏿/>
<䐀䕿䖀䙿䚀䝿䞀䟿/>
<䠀䢿䣀䧿䨀䪿䫀䬿䭀䯿/>
<䰀䱿䲀䴿䵀䶿䷀䷿一丿乀伿佀便俀俿/>
<倀忿怀濿瀀翿耀迿退/>
<ꀀꑿꒀ꒿꓀꓿ꔀꙀꟿꩿꪀꬿꭀꯀ가꿿/>
<뀀뚿뛀밿뱀뿿/>
<쀀쐿쑀엿였쟿저쩿쪀쿿/>
<퀀툿퉀퐿푀휿흀/>
<豈錄鹿ﬀנּﭿﮀﯿ﴿/>
<︿﹀ﹿﺿﻀ＿｀ｿﾀﺀﷰ/>
<�/>

<𐀀𐄀𐄿𐌀𐌿𐍀𐎿𐏀𐒀/>
<𒀀𒀿𒁀𒉿𒊀𒐀𒐿𒒀𒒿/>
<𗀀𗀿𗁀𗇿𗈀𗗿𗘀𗢿𗣀𗿿/>
<𛀀𛃿𝀀𝀿𝁀𝄀𝄿𝈀𝈿𝌀𝌿/>
<𞸀🀀🀿🂿🄀🄿🚀/>

<力>
<א/>
<س/>
<अ/>
<அ/>
<அ/>
<𐍑/>
<🪐/>
<😀/>
</力>

<ÀÖØöøÿĀĿŀſƀƿǀǿƀƿǀǿȀȿɀɿʀʿˀ˿/>
<ͰͽͿ΀οπϿ/>
<ЀпрѿҠҀҿӀӿԀԿՀտրֿ׀׿/>

<؀ؿـٿڀڿۀۿ/>
<܀ܿ݀݀ݿ/>
<ހ޿ހ޿/>
<ࠀ࠿ࡀࢿࣀࣿऀिीॿ/>
<ঀিী৿/>
<౿ൿවවເༀཀ྿࿀/>
<ကႠᄀᅀᆿᇀᇿሀሿቀቿኀዀዿጀጿፀ/>
<ᚿᛀក/>
<ᢿᣀ᧿ᨀᨿᩀ᪀/>
<ᰀ᰿᱀ᲀᴀᴿᵀᵿᶀᶿḀḿṀṿẀếỀỿ/>
<ἀἿὀᾀ᾿῀/>
<a⁰ⁿ₀₿℀ℿ⅀ⅿↀ/>
<ⰀⰿⱀⱿⲀⲿⳀ⳿ⴀⴿⵀⶀⷀⷿ/>
<⸀⸿⹀⺀⺿⻀⼀⼿⽀⽿⾀⾿⿀/>
<、みむむみむダㄿㆿ㇀ㇿ㈀㈿㋿㌀㏿/>

<㐀㐿㗿㘀㛀㛿㟀㟿/>
<㠀㠿㡀㤿㥀㨿㩀㬿㭀㯿/>
<㰀㰿㱀㶿㷀㼿㽀㾿㿀㿿/>
<䀀䀿䅀䅿䆀䊿䋀䍿䎀䏿/>
<䐀䕿䖀䙿䚀䝿䞀䟿/>
<䠀䢿䣀䧿䨀䪿䫀䬿䭀䯿/>
<䰀䱿䲀䴿䵀䶿䷀䷿一丿乀伿佀便俀俿/>
<倀忿怀濿瀀翿耀迿退/>
<ꀀꑿꒀ꒿꓀꓿ꔀꙀꟿꩿꪀꬿꭀꯀ가꿿/>
<뀀뚿뛀밿뱀뿿/>
<쀀쐿쑀엿였쟿저쩿쪀쿿/>
<퀀툿퉀퐿푀휿흀/>
<豈錄鹿ﬀנּﭿﮀﯿ﴿/>
<︿﹀ﹿﺿﻀ＿｀ｿﾀﺀﷰ/>
<�/>

<𐀀𐄀𐄿𐌀𐌿𐍀𐎿𐏀𐒀/>
<𒀀𒀿𒁀𒉿𒊀𒐀𒐿𒒀𒒿/>
<𗀀𗀿𗁀𗇿𗈀𗗿𗘀𗢿𗣀𗿿/>
<𛀀𛃿𝀀𝀿𝁀𝄀𝄿𝈀𝈿𝌀𝌿/>
<𞸀🀀🀿🂿🄀🄿🚀/>

<力>
<א/>
<س/>
<अ/>
<அ/>
<அ/>
<𐍑/>
<🪐/>
<😀/>
</力>

<ÀÖØöøÿĀĿŀſƀƿǀǿƀƿǀǿȀȿɀɿʀʿˀ˿/>
<ͰͽͿ΀οπϿ/>
<ЀпрѿҠҀҿӀӿԀԿՀտրֿ׀׿/>

<؀ؿـٿڀڿۀۿ/>
<܀ܿ݀݀ݿ/>
<ހ޿ހ޿/>
<ࠀ࠿ࡀࢿࣀࣿऀिीॿ/>
<ঀিী৿/>
<౿ൿවවເༀཀ྿࿀/>
<ကႠᄀᅀᆿᇀᇿሀሿቀቿኀዀዿጀጿፀ/>
<ᚿᛀក/>
<ᢿᣀ᧿ᨀᨿᩀ᪀/>
<ᰀ᰿᱀ᲀᴀᴿᵀᵿᶀᶿḀḿṀṿẀếỀỿ/>
<ἀἿὀᾀ᾿῀/>
<a⁰ⁿ₀₿℀ℿ⅀ⅿↀ/>
<ⰀⰿⱀⱿⲀⲿⳀ⳿ⴀⴿⵀⶀⷀⷿ/>
<⸀⸿⹀⺀⺿⻀⼀⼿⽀⽿⾀⾿⿀/>
<、みむむみむダㄿㆿ㇀ㇿ㈀㈿㋿㌀㏿/>

<㐀㐿㗿㘀㛀㛿㟀㟿/>
<㠀㠿㡀㤿㥀㨿㩀㬿㭀㯿/>
<㰀㰿㱀㶿㷀㼿㽀㾿㿀㿿/>
<䀀䀿䅀䅿䆀䊿䋀䍿䎀䏿/>
<䐀䕿䖀䙿䚀䝿䞀䟿/>
<䠀䢿䣀䧿䨀䪿䫀䬿䭀䯿/>
<䰀䱿䲀䴿䵀䶿䷀䷿一丿乀伿佀便俀俿/>
<倀忿怀濿瀀翿耀迿退/>
<ꀀꑿꒀ꒿꓀꓿ꔀꙀꟿꩿꪀꬿꭀꯀ가꿿/>
<뀀뚿뛀밿뱀뿿/>
<쀀쐿쑀엿였쟿저쩿쪀쿿/>
<퀀툿퉀퐿푀휿흀/>
<豈錄鹿ﬀנּﭿﮀﯿ﴿/>
<︿﹀ﹿﺿﻀ＿｀ｿﾀﺀﷰ/>
<�/>

<𐀀𐄀𐄿𐌀𐌿𐍀𐎿𐏀𐒀/>
<𒀀𒀿𒁀𒉿𒊀𒐀𒐿𒒀𒒿/>
<𗀀𗀿𗁀𗇿𗈀𗗿𗘀𗢿𗣀𗿿/>
<𛀀𛃿𝀀𝀿𝁀𝄀𝄿𝈀𝈿𝌀𝌿/>
<𞸀🀀🀿🂿🄀🄿🚀/>

<力>
<א/>
<س/>
<अ/>
<அ/>
<அ/>
<𐍑/>
<🪐/>
<😀/>
</力>

<ÀÖØöøÿĀĿŀſƀƿǀǿƀƿǀǿȀȿɀɿʀʿˀ˿/>
<ͰͽͿ΀οπϿ/>
<ЀпрѿҠҀҿӀӿԀԿՀտրֿ׀׿/>

<؀ؿـٿڀڿۀۿ/>
<܀ܿ݀݀ݿ/>
<ހ޿ހ޿/>
<ࠀ࠿ࡀࢿࣀࣿऀिीॿ/>
<ঀিী৿/>
<౿ൿවවເༀཀ྿࿀/>
<ကႠᄀᅀᆿᇀᇿሀሿቀቿኀዀዿጀጿፀ/>
<ᚿᛀក/>
<ᢿᣀ᧿ᨀᨿᩀ᪀/>
<ᰀ᰿᱀ᲀᴀᴿᵀᵿᶀᶿḀḿṀṿẀếỀỿ/>
<ἀἿὀᾀ᾿῀/>
<a⁰ⁿ₀₿℀ℿ⅀ⅿↀ/>
<ⰀⰿⱀⱿⲀⲿⳀ⳿ⴀⴿⵀⶀⷀⷿ/>
<⸀⸿⹀⺀⺿⻀⼀⼿⽀⽿⾀⾿⿀/>
<、みむむみむダㄿㆿ㇀ㇿ㈀㈿㋿㌀㏿/>

<㐀㐿㗿㘀㛀㛿㟀㟿/>
<㠀㠿㡀㤿㥀㨿㩀㬿㭀㯿/>
<㰀㰿㱀㶿㷀㼿㽀㾿㿀㿿/>
<䀀䀿䅀䅿䆀䊿䋀䍿䎀䏿/>
<䐀䕿䖀䙿䚀䝿䞀䟿/>
<䠀䢿䣀䧿䨀䪿䫀䬿䭀䯿/>
<䰀䱿䲀䴿䵀䶿䷀䷿一丿乀伿佀便俀俿/>
<倀忿怀濿瀀翿耀迿退/>
<ꀀꑿꒀ꒿꓀꓿ꔀꙀꟿꩿꪀꬿꭀꯀ가꿿/>
<뀀뚿뛀밿뱀뿿/>
<쀀쐿쑀엿였쟿저쩿쪀쿿/>
<퀀툿퉀퐿푀휿흀/>
<豈錄鹿ﬀנּﭿﮀﯿ﴿/>
<︿﹀ﹿﺿﻀ＿｀ｿﾀﺀﷰ/>
<�/>

<𐀀𐄀𐄿𐌀𐌿𐍀𐎿𐏀𐒀/>
<𒀀𒀿𒁀𒉿𒊀𒐀𒐿𒒀𒒿/>
<𗀀𗀿𗁀𗇿𗈀𗗿𗘀𗢿𗣀𗿿/>
<𛀀𛃿𝀀𝀿𝁀𝄀𝄿𝈀𝈿𝌀𝌿/>
<𞸀🀀🀿🂿🄀🄿🚀/>

<力>
<א/>
<س/>
<अ/>
<அ/>
<அ/>
<𐍑/>
<🪐/>
<😀/>
</力>

<ÀÖØöøÿĀĿŀſƀƿǀǿƀƿǀǿȀȿɀɿʀʿˀ˿/>
<ͰͽͿ΀οπϿ/>
<ЀпрѿҠҀҿӀӿԀԿՀտրֿ׀׿/>

<؀ؿـٿڀڿۀۿ/>
<܀ܿ݀݀ݿ/>
<ހ޿ހ޿/>
<ࠀ࠿ࡀࢿࣀࣿऀिीॿ/>
<ঀিী৿/>
<౿ൿවවເༀཀ྿࿀/>
<ကႠᄀᅀᆿᇀᇿሀሿቀቿኀዀዿጀጿፀ/>
<ᚿᛀក/>
<ᢿᣀ᧿ᨀᨿᩀ᪀/>
<ᰀ᰿᱀ᲀᴀᴿᵀᵿᶀᶿḀḿṀṿẀếỀỿ/>
<ἀἿὀᾀ᾿῀/>
<a⁰ⁿ₀₿℀ℿ⅀ⅿↀ/>
<ⰀⰿⱀⱿⲀⲿⳀ⳿ⴀⴿⵀⶀⷀⷿ/>
<⸀⸿⹀⺀⺿⻀⼀⼿⽀⽿⾀⾿⿀/>
<、みむむみむダㄿㆿ㇀ㇿ㈀㈿㋿㌀㏿/>

<㐀㐿㗿㘀㛀㛿㟀㟿/>
<㠀㠿㡀㤿㥀㨿㩀㬿㭀㯿/>
<㰀㰿㱀㶿㷀㼿㽀㾿㿀㿿/>
<䀀䀿䅀䅿䆀䊿䋀䍿䎀䏿/>
<䐀䕿䖀䙿䚀䝿䞀䟿/>
<䠀䢿䣀䧿䨀䪿䫀䬿䭀䯿/>
<䰀䱿䲀䴿䵀䶿䷀䷿一丿乀伿佀便俀俿/>
<倀忿怀濿瀀翿耀迿退/>
<ꀀꑿꒀ꒿꓀꓿ꔀꙀꟿꩿꪀꬿꭀꯀ가꿿/>
<뀀뚿뛀밿뱀뿿/>
<쀀쐿쑀엿였쟿저쩿쪀쿿/>
<퀀툿퉀퐿푀휿흀/>
<豈錄鹿ﬀנּﭿﮀﯿ﴿/>
<︿﹀ﹿﺿﻀ＿｀ｿﾀﺀﷰ/>
<�/>

<𐀀𐄀𐄿𐌀𐌿𐍀𐎿𐏀𐒀/>
<𒀀𒀿𒁀𒉿𒊀𒐀𒐿𒒀𒒿/>
<𗀀𗀿𗁀𗇿𗈀𗗿𗘀𗢿𗣀𗿿/>
<𛀀𛃿𝀀𝀿𝁀𝄀𝄿𝈀𝈿𝌀𝌿/>
<𞸀🀀🀿🂿🄀🄿🚀/>

<力>
<א/>
<س/>
<अ/>
<அ/>
<அ/>
<𐍑/>
<🪐/>
<😀/>
</力>

<ÀÖØöøÿĀĿŀſƀƿǀǿƀƿǀǿȀȿɀɿʀʿˀ˿/>
<ͰͽͿ΀οπϿ/>
<ЀпрѿҠҀҿӀӿԀԿՀտրֿ׀׿/>

<؀ؿـٿڀڿۀۿ/>
<܀ܿ݀݀ݿ/>
<ހ޿ހ޿/>
<ࠀ࠿ࡀࢿࣀࣿऀिीॿ/>
<ঀিী৿/>
<౿ൿවවເༀཀ྿࿀/>
<ကႠᄀᅀᆿᇀᇿሀሿቀቿኀዀዿጀጿፀ/>
<ᚿᛀក/>
<ᢿᣀ᧿ᨀᨿᩀ᪀/>
<ᰀ᰿᱀ᲀᴀᴿᵀᵿᶀᶿḀḿṀṿẀếỀỿ/>
<ἀἿὀᾀ᾿῀/>
<a⁰ⁿ₀₿℀ℿ⅀ⅿↀ/>
<ⰀⰿⱀⱿⲀⲿⳀ⳿ⴀⴿⵀⶀⷀⷿ/>
<⸀⸿⹀⺀⺿⻀⼀⼿⽀⽿⾀⾿⿀/>
<、みむむみむダㄿㆿ㇀ㇿ㈀㈿㋿㌀㏿/>

<㐀㐿㗿㘀㛀㛿㟀㟿/>
<㠀㠿㡀㤿㥀㨿㩀㬿㭀㯿/>
<㰀㰿㱀㶿㷀㼿㽀㾿㿀㿿/>
<䀀䀿䅀䅿䆀䊿䋀䍿䎀䏿/>
<䐀䕿䖀䙿䚀䝿䞀䟿/>
<䠀䢿䣀䧿䨀䪿䫀䬿䭀䯿/>
<䰀䱿䲀䴿䵀䶿䷀䷿一丿乀伿佀便俀俿/>
<倀忿怀濿瀀翿耀迿退/>
<ꀀꑿꒀ꒿꓀꓿ꔀꙀꟿꩿꪀꬿꭀꯀ가꿿/>
<뀀뚿뛀밿뱀뿿/>
<쀀쐿쑀엿였쟿저쩿쪀쿿/>
<퀀툿퉀퐿푀휿흀/>
<豈錄鹿ﬀנּﭿﮀﯿ﴿/>
<︿﹀ﹿﺿﻀ＿｀ｿﾀﺀﷰ/>
<�/>

<𐀀𐄀𐄿𐌀𐌿𐍀𐎿𐏀𐒀/>
<𒀀𒀿𒁀𒉿𒊀𒐀𒐿𒒀𒒿/>
<𗀀𗀿𗁀𗇿𗈀𗗿𗘀𗢿𗣀𗿿/>
<𛀀𛃿𝀀𝀿𝁀𝄀𝄿𝈀𝈿𝌀𝌿/>
<𞸀🀀🀿🂿🄀🄿🚀/>

<力>
<א/>
<س/>
<अ/>
<அ/>
<அ/>
<𐍑/>
<🪐/>
<😀/>
</力>

<ÀÖØöøÿĀĿŀſƀƿǀǿƀƿǀǿȀȿɀɿʀʿˀ˿/>
<ͰͽͿ΀οπϿ/>
<ЀпрѿҠҀҿӀӿԀԿՀտրֿ׀׿/>

<؀ؿـٿڀڿۀۿ/>
<܀ܿ݀݀ݿ/>
<ހ޿ހ޿/>
<ࠀ࠿ࡀࢿࣀࣿऀिीॿ/>
<ঀিী৿/>
<౿ൿවවເༀཀ྿࿀/>
<ကႠᄀᅀᆿᇀᇿሀሿቀቿኀዀዿጀጿፀ/>
<ᚿᛀក/>
<ᢿᣀ᧿ᨀᨿᩀ᪀/>
<ᰀ᰿᱀ᲀᴀᴿᵀᵿᶀᶿḀḿṀṿẀếỀỿ/>
<ἀἿὀᾀ᾿῀/>
<a⁰ⁿ₀₿℀ℿ⅀ⅿↀ/>
<ⰀⰿⱀⱿⲀⲿⳀ⳿ⴀⴿⵀⶀⷀⷿ/>
<⸀⸿⹀⺀⺿⻀⼀⼿⽀⽿⾀⾿⿀/>
<、みむむみむダㄿㆿ㇀ㇿ㈀㈿㋿㌀㏿/>

<㐀㐿㗿㘀㛀㛿㟀㟿/>
<㠀㠿㡀㤿㥀㨿㩀㬿㭀㯿/>
<㰀㰿㱀㶿㷀㼿㽀㾿㿀㿿/>
<䀀䀿䅀䅿䆀䊿䋀䍿䎀䏿/>
<䐀䕿䖀䙿䚀䝿䞀䟿/>
<䠀䢿䣀䧿䨀䪿䫀䬿䭀䯿/>
<䰀䱿䲀䴿䵀䶿䷀䷿一丿乀伿佀便俀俿/>
<倀忿怀濿瀀翿耀迿退/>
<ꀀꑿꒀ꒿꓀꓿ꔀꙀꟿꩿꪀꬿꭀꯀ가꿿/>
<뀀뚿뛀밿뱀뿿/>
<쀀쐿쑀엿였쟿저쩿쪀쿿/>
<퀀툿퉀퐿푀휿흀/>
<豈錄鹿ﬀנּﭿﮀﯿ﴿/>
<︿﹀ﹿﺿﻀ＿｀ｿﾀﺀﷰ/>
<�/>

<𐀀𐄀𐄿𐌀𐌿𐍀𐎿𐏀𐒀/>
<𒀀𒀿𒁀𒉿𒊀𒐀𒐿𒒀𒒿/>
<𗀀𗀿𗁀𗇿𗈀𗗿𗘀𗢿𗣀𗿿/>
<𛀀𛃿𝀀𝀿𝁀𝄀𝄿𝈀𝈿𝌀𝌿/>
<𞸀🀀🀿🂿🄀🄿🚀/>

<力>
<א/>
<س/>
<अ/>
<அ/>
<அ/>
<𐍑/>
<🪐/>
<😀/>
</力>

<ÀÖØöøÿĀĿŀſƀƿǀǿƀƿǀǿȀȿɀɿʀʿˀ˿/>
<ͰͽͿ΀οπϿ/>
<ЀпрѿҠҀҿӀӿԀԿՀտրֿ׀׿/>

<؀ؿـٿڀڿۀۿ/>
<܀ܿ݀݀ݿ/>
<ހ޿ހ޿/>
<ࠀ࠿ࡀࢿࣀࣿऀिीॿ/>
<ঀিী৿/>
<౿ൿවවເༀཀ྿࿀/>
<ကႠᄀᅀᆿᇀᇿሀሿቀቿኀዀዿጀጿፀ/>
<ᚿᛀក/>
<ᢿᣀ᧿ᨀᨿᩀ᪀/>
<ᰀ᰿᱀ᲀᴀᴿᵀᵿᶀᶿḀḿṀṿẀếỀỿ/>
<ἀἿὀᾀ᾿῀/>
<a⁰ⁿ₀₿℀ℿ⅀ⅿↀ/>
<ⰀⰿⱀⱿⲀⲿⳀ⳿ⴀⴿⵀⶀⷀⷿ/>
<⸀⸿⹀⺀⺿⻀⼀⼿⽀⽿⾀⾿⿀/>
<、みむむみむダㄿㆿ㇀ㇿ㈀㈿㋿㌀㏿/>

<㐀㐿㗿㘀㛀㛿㟀㟿/>
<㠀㠿㡀㤿㥀㨿㩀㬿㭀㯿/>
<㰀㰿㱀㶿㷀㼿㽀㾿㿀㿿/>
<䀀䀿䅀䅿䆀䊿䋀䍿䎀䏿/>
<䐀䕿䖀䙿䚀䝿䞀䟿/>
<䠀䢿䣀䧿䨀䪿䫀䬿䭀䯿/>
<䰀䱿䲀䴿䵀䶿䷀䷿一丿乀伿佀便俀俿/>
<倀忿怀濿瀀翿耀迿退/>
<ꀀꑿꒀ꒿꓀꓿ꔀꙀꟿꩿꪀꬿꭀꯀ가꿿/>
<뀀뚿뛀밿뱀뿿/>
<쀀쐿쑀엿였쟿저쩿쪀쿿/>
<퀀툿퉀퐿푀휿흀/>
<豈錄鹿ﬀנּﭿﮀﯿ﴿/>
<︿﹀ﹿﺿﻀ＿｀ｿﾀﺀﷰ/>
<�/>

<𐀀𐄀𐄿𐌀𐌿𐍀𐎿𐏀𐒀/>
<𒀀𒀿𒁀𒉿𒊀𒐀𒐿𒒀𒒿/>
<𗀀𗀿𗁀𗇿𗈀𗗿𗘀𗢿𗣀𗿿/>
<𛀀𛃿𝀀𝀿𝁀𝄀𝄿𝈀𝈿𝌀𝌿/>
<𞸀🀀🀿🂿🄀🄿🚀/>

<力>
<א/>
<س/>
<अ/>
<அ/>
<அ/>
<𐍑/>
<🪐/>
<😀/>
</力>

<ÀÖØöøÿĀĿŀſƀƿǀǿƀƿǀǿȀȿɀɿʀʿˀ˿/>
<ͰͽͿ΀οπϿ/>
<ЀпрѿҠҀҿӀӿԀԿՀտրֿ׀׿/>

<؀ؿـٿڀڿۀۿ/>
<܀ܿ݀݀ݿ/>
<ހ޿ހ޿/>
<ࠀ࠿ࡀࢿࣀࣿऀिीॿ/>
<ঀিী৿/>
<౿ൿවවເༀཀ྿࿀/>
<ကႠᄀᅀᆿᇀᇿሀሿቀቿኀዀዿጀጿፀ/>
<ᚿᛀក/>
<ᢿᣀ᧿ᨀᨿᩀ᪀/>
<ᰀ᰿᱀ᲀᴀᴿᵀᵿᶀᶿḀḿṀṿẀếỀỿ/>
<ἀἿὀᾀ᾿῀/>
<a⁰ⁿ₀₿℀ℿ⅀ⅿↀ/>
<ⰀⰿⱀⱿⲀⲿⳀ⳿ⴀⴿⵀⶀⷀⷿ/>
<⸀⸿⹀⺀⺿⻀⼀⼿⽀⽿⾀⾿⿀/>
<、みむむみむダㄿㆿ㇀ㇿ㈀㈿㋿㌀㏿/>

<㐀㐿㗿㘀㛀㛿㟀㟿/>
<㠀㠿㡀㤿㥀㨿㩀㬿㭀㯿/>
<㰀㰿㱀㶿㷀㼿㽀㾿㿀㿿/>
<䀀䀿䅀䅿䆀䊿䋀䍿䎀䏿/>
<䐀䕿䖀䙿䚀䝿䞀䟿/>
<䠀䢿䣀䧿䨀䪿䫀䬿䭀䯿/>
<䰀䱿䲀䴿䵀䶿䷀䷿一丿乀伿佀便俀俿/>
<倀忿怀濿瀀翿耀迿退/>
<ꀀꑿꒀ꒿꓀꓿ꔀꙀꟿꩿꪀꬿꭀꯀ가꿿/>
<뀀뚿뛀밿뱀뿿/>
<쀀쐿쑀엿였쟿저쩿쪀쿿/>
<퀀툿퉀퐿푀휿흀/>
<豈錄鹿ﬀנּﭿﮀﯿ﴿/>
<︿﹀ﹿﺿﻀ＿｀ｿﾀﺀﷰ/>
<�/>

<𐀀𐄀𐄿𐌀𐌿𐍀𐎿𐏀𐒀/>
<𒀀𒀿𒁀𒉿𒊀𒐀𒐿𒒀𒒿/>
<𗀀𗀿𗁀𗇿𗈀𗗿𗘀𗢿𗣀𗿿/>
<𛀀𛃿𝀀𝀿𝁀𝄀𝄿𝈀𝈿𝌀𝌿/>
<𞸀🀀🀿🂿🄀🄿🚀/>

<力>
<א/>
<س/>
<अ/>
<அ/>
<அ/>
<𐍑/>
<🪐/>
<😀/>
</力>

<ÀÖØöøÿĀĿŀſƀƿǀǿƀƿǀǿȀȿɀɿʀʿˀ˿/>
<ͰͽͿ΀οπϿ/>
<ЀпрѿҠҀҿӀӿԀԿՀտրֿ׀׿/>

<؀ؿـٿڀڿۀۿ/>
<܀ܿ݀݀ݿ/>
<ހ޿ހ޿/>
<ࠀ࠿ࡀࢿࣀࣿऀिीॿ/>
<ঀিী৿/>
<౿ൿවවເༀཀ྿࿀/>
<ကႠᄀᅀᆿᇀᇿሀሿቀቿኀዀዿጀጿፀ/>
<ᚿᛀក/>
<ᢿᣀ᧿ᨀᨿᩀ᪀/>
<ᰀ᰿᱀ᲀᴀᴿᵀᵿᶀᶿḀḿṀṿẀếỀỿ/>
<ἀἿὀᾀ᾿῀/>
<a⁰ⁿ₀₿℀ℿ⅀ⅿↀ/>
<ⰀⰿⱀⱿⲀⲿⳀ⳿ⴀⴿⵀⶀⷀⷿ/>
<⸀⸿⹀⺀⺿⻀⼀⼿⽀⽿⾀⾿⿀/>
<、みむむみむダㄿㆿ㇀ㇿ㈀㈿㋿㌀㏿/>

<㐀㐿㗿㘀㛀㛿㟀㟿/>
<㠀㠿㡀㤿㥀㨿㩀㬿㭀㯿/>
<㰀㰿㱀㶿㷀㼿㽀㾿㿀㿿/>
<䀀䀿䅀䅿䆀䊿䋀䍿䎀䏿/>
<䐀䕿䖀䙿䚀䝿䞀䟿/>
<䠀䢿䣀䧿䨀䪿䫀䬿䭀䯿/>
<䰀䱿䲀䴿䵀䶿䷀䷿一丿乀伿佀便俀俿/>
<倀忿怀濿瀀翿耀迿退/>
<ꀀꑿꒀ꒿꓀꓿ꔀꙀꟿꩿꪀꬿꭀꯀ가꿿/>
<뀀뚿뛀밿뱀뿿/>
<쀀쐿쑀엿였쟿저쩿쪀쿿/>
<퀀툿퉀퐿푀휿흀/>
<豈錄鹿ﬀנּﭿﮀﯿ﴿/>
<︿﹀ﹿﺿﻀ＿｀ｿﾀﺀﷰ/>
<�/>

<𐀀𐄀𐄿𐌀𐌿𐍀𐎿𐏀𐒀/>
<𒀀𒀿𒁀𒉿𒊀𒐀𒐿𒒀𒒿/>
<𗀀𗀿𗁀𗇿𗈀𗗿𗘀𗢿𗣀𗿿/>
<𛀀𛃿𝀀𝀿𝁀𝄀𝄿𝈀𝈿𝌀𝌿/>
<𞸀🀀🀿🂿🄀🄿🚀/>

<力>
<א/>
<س/>
<अ/>
<அ/>
<அ/>
<𐍑/>
<🪐/>
<😀/>
</力>

<ÀÖØöøÿĀĿŀſƀƿǀǿƀƿǀǿȀȿɀɿʀʿˀ˿/>
<ͰͽͿ΀οπϿ/>
<ЀпрѿҠҀҿӀӿԀԿՀտրֿ׀׿/>

<؀ؿـٿڀڿۀۿ/>
<܀ܿ݀݀ݿ/>
<ހ޿ހ޿/>
<ࠀ࠿ࡀࢿࣀࣿऀिीॿ/>
<ঀিী৿/>
<౿ൿවවເༀཀ྿࿀/>
<ကႠᄀᅀᆿᇀᇿሀሿቀቿኀዀዿጀጿፀ/>
<ᚿᛀក/>
<ᢿᣀ᧿ᨀᨿᩀ᪀/>
<ᰀ᰿᱀ᲀᴀᴿᵀᵿᶀᶿḀḿṀṿẀếỀỿ/>
<ἀἿὀᾀ᾿῀/>
<a⁰ⁿ₀₿℀ℿ⅀ⅿↀ/>
<ⰀⰿⱀⱿⲀⲿⳀ⳿ⴀⴿⵀⶀⷀⷿ/>
<⸀⸿⹀⺀⺿⻀⼀⼿⽀⽿⾀⾿⿀/>
<、みむむみむダㄿㆿ㇀ㇿ㈀㈿㋿㌀㏿/>

<㐀㐿㗿㘀㛀㛿㟀㟿/>
<㠀㠿㡀㤿㥀㨿㩀㬿㭀㯿/>
<㰀㰿㱀㶿㷀㼿㽀㾿㿀㿿/>
<䀀䀿䅀䅿䆀䊿䋀䍿䎀䏿/>
<䐀䕿䖀䙿䚀䝿䞀䟿/>
<䠀䢿䣀䧿䨀䪿䫀䬿䭀䯿/>
<䰀䱿䲀䴿䵀䶿䷀䷿一丿乀伿佀便俀俿/>
<倀忿怀濿瀀翿耀迿退/>
<ꀀꑿꒀ꒿꓀꓿ꔀꙀꟿꩿꪀꬿꭀꯀ가꿿/>
<뀀뚿뛀밿뱀뿿/>
<쀀쐿쑀엿였쟿저쩿쪀쿿/>
<퀀툿퉀퐿푀휿흀/>
<豈錄鹿ﬀנּﭿﮀﯿ﴿/>
<︿﹀ﹿﺿﻀ＿｀ｿﾀﺀﷰ/>
<�/>

<𐀀𐄀𐄿𐌀𐌿𐍀𐎿𐏀𐒀/>
<𒀀𒀿𒁀𒉿𒊀𒐀𒐿𒒀𒒿/>
<𗀀𗀿𗁀𗇿𗈀𗗿𗘀𗢿𗣀𗿿/>
<𛀀𛃿𝀀𝀿𝁀𝄀𝄿𝈀𝈿𝌀𝌿/>
<𞸀🀀🀿🂿🄀🄿🚀/>

<力>
<א/>
<س/>
<अ/>
<அ/>
<அ/>
<𐍑/>
<🪐/>
<😀/>
</力>

<ÀÖØöøÿĀĿŀſƀƿǀǿƀƿǀǿȀȿɀɿʀʿˀ˿/>
<ͰͽͿ΀οπϿ/>
<ЀпрѿҠҀҿӀӿԀԿՀտրֿ׀׿/>

<؀ؿـٿڀڿۀۿ/>
<܀ܿ݀݀ݿ/>
<ހ޿ހ޿/>
<ࠀ࠿ࡀࢿࣀࣿऀिीॿ/>
<ঀিী৿/>
<౿ൿවවເༀཀ྿࿀/>
<ကႠᄀᅀᆿᇀᇿሀሿቀቿኀዀዿጀጿፀ/>
<ᚿᛀក/>
<ᢿᣀ᧿ᨀᨿᩀ᪀/>
<ᰀ᰿᱀ᲀᴀᴿᵀᵿᶀᶿḀḿṀṿẀếỀỿ/>
<ἀἿὀᾀ᾿῀/>
<a⁰ⁿ₀₿℀ℿ⅀ⅿↀ/>
<ⰀⰿⱀⱿⲀⲿⳀ⳿ⴀⴿⵀⶀⷀⷿ/>
<⸀⸿⹀⺀⺿⻀⼀⼿⽀⽿⾀⾿⿀/>
<、みむむみむダㄿㆿ㇀ㇿ㈀㈿㋿㌀㏿/>

<㐀㐿㗿㘀㛀㛿㟀㟿/>
<㠀㠿㡀㤿㥀㨿㩀㬿㭀㯿/>
<㰀㰿㱀㶿㷀㼿㽀㾿㿀㿿/>
<䀀䀿䅀䅿䆀䊿䋀䍿䎀䏿/>
<䐀䕿䖀䙿䚀䝿䞀䟿/>
<䠀䢿䣀䧿䨀䪿䫀䬿䭀䯿/>
<䰀䱿䲀䴿䵀䶿䷀䷿一丿乀伿佀便俀俿/>
<倀忿怀濿瀀翿耀迿退/>
<ꀀꑿꒀ꒿꓀꓿ꔀꙀꟿꩿꪀꬿꭀꯀ가꿿/>
<뀀뚿뛀밿뱀뿿/>
<쀀쐿쑀엿였쟿저쩿쪀쿿/>
<퀀툿퉀퐿푀휿흀/>
<豈錄鹿ﬀנּﭿﮀﯿ﴿/>
<︿﹀ﹿﺿﻀ＿｀ｿﾀﺀﷰ/>
<�/>

<𐀀𐄀𐄿𐌀𐌿𐍀𐎿𐏀𐒀/>
<𒀀𒀿𒁀𒉿𒊀𒐀𒐿𒒀𒒿/>
<𗀀𗀿𗁀𗇿𗈀𗗿𗘀𗢿𗣀𗿿/>
<𛀀𛃿𝀀𝀿𝁀𝄀𝄿𝈀𝈿𝌀𝌿/>
<𞸀🀀🀿🂿🄀🄿🚀/>

<力>
<א/>
<س/>
<अ/>
<அ/>
<அ/>
<𐍑/>
<🪐/>
<😀/>
</力>

<ÀÖØöøÿĀĿŀſƀƿǀǿƀƿǀǿȀȿɀɿʀʿˀ˿/>
<ͰͽͿ΀οπϿ/>
<ЀпрѿҠҀҿӀӿԀԿՀտրֿ׀׿/>

<؀ؿـٿڀڿۀۿ/>
<܀ܿ݀݀ݿ/>
<ހ޿ހ޿/>
<ࠀ࠿ࡀࢿࣀࣿऀिीॿ/>
<ঀিী৿/>
<౿ൿවවເༀཀ྿࿀/>
<ကႠᄀᅀᆿᇀᇿሀሿቀቿኀዀዿጀጿፀ/>
<ᚿᛀក/>
<ᢿᣀ᧿ᨀᨿᩀ᪀/>
<ᰀ᰿᱀ᲀᴀᴿᵀᵿᶀᶿḀḿṀṿẀếỀỿ/>
<ἀἿὀᾀ᾿῀/>
<a⁰ⁿ₀₿℀ℿ⅀ⅿↀ/>
<ⰀⰿⱀⱿⲀⲿⳀ⳿ⴀⴿⵀⶀⷀⷿ/>
<⸀⸿⹀⺀⺿⻀⼀⼿⽀⽿⾀⾿⿀/>
<、みむむみむダㄿㆿ㇀ㇿ㈀㈿㋿㌀㏿/>

<㐀㐿㗿㘀㛀㛿㟀㟿/>
<㠀㠿㡀㤿㥀㨿㩀㬿㭀㯿/>
<㰀㰿㱀㶿㷀㼿㽀㾿㿀㿿/>
<䀀䀿䅀䅿䆀䊿䋀䍿䎀䏿/>
<䐀䕿䖀䙿䚀䝿䞀䟿/>
<䠀䢿䣀䧿䨀䪿䫀䬿䭀䯿/>
<䰀䱿䲀䴿䵀䶿䷀䷿一丿乀伿佀便俀俿/>
<倀忿怀濿瀀翿耀迿退/>
<ꀀꑿꒀ꒿꓀꓿ꔀꙀꟿꩿꪀꬿꭀꯀ가꿿/>
<뀀뚿뛀밿뱀뿿/>
<쀀쐿쑀엿였쟿저쩿쪀쿿/>
<퀀툿퉀퐿푀휿흀/>
<豈錄鹿ﬀנּﭿﮀﯿ﴿/>
<︿﹀ﹿﺿﻀ＿｀ｿﾀﺀﷰ/>
<�/>

<𐀀𐄀𐄿𐌀𐌿𐍀𐎿𐏀𐒀/>
<𒀀𒀿𒁀𒉿𒊀𒐀𒐿𒒀𒒿/>
<𗀀𗀿𗁀𗇿𗈀𗗿𗘀𗢿𗣀𗿿/>
<𛀀𛃿𝀀𝀿𝁀𝄀𝄿𝈀𝈿𝌀𝌿/>
<𞸀🀀🀿🂿🄀🄿🚀/>

<力>
<א/>
<س/>
<अ/>
<அ/>
<அ/>
<𐍑/>
<🪐/>
<😀/>
</力>

<ÀÖØöøÿĀĿŀſƀƿǀǿƀƿǀǿȀȿɀɿʀʿˀ˿/>
<ͰͽͿ΀οπϿ/>
<ЀпрѿҠҀҿӀӿԀԿՀտրֿ׀׿/>

<؀ؿـٿڀڿۀۿ/>
<܀ܿ݀݀ݿ/>
<ހ޿ހ޿/>
<ࠀ࠿ࡀࢿࣀࣿऀिीॿ/>
<ঀিী৿/>
<౿ൿවවເༀཀ྿࿀/>
<ကႠᄀᅀᆿᇀᇿሀሿቀቿኀዀዿጀጿፀ/>
<ᚿᛀក/>
<ᢿᣀ᧿ᨀᨿᩀ᪀/>
<ᰀ᰿᱀ᲀᴀᴿᵀᵿᶀᶿḀḿṀṿẀếỀỿ/>
<ἀἿὀᾀ᾿῀/>
<a⁰ⁿ₀₿℀ℿ⅀ⅿↀ/>
<ⰀⰿⱀⱿⲀⲿⳀ⳿ⴀⴿⵀⶀⷀⷿ/>
<⸀⸿⹀⺀⺿⻀⼀⼿⽀⽿⾀⾿⿀/>
<、みむむみむダㄿㆿ㇀ㇿ㈀㈿㋿㌀㏿/>

<㐀㐿㗿㘀㛀㛿㟀㟿/>
<㠀㠿㡀㤿㥀㨿㩀㬿㭀㯿/>
<㰀㰿㱀㶿㷀㼿㽀㾿㿀㿿/>
<䀀䀿䅀䅿䆀䊿䋀䍿䎀䏿/>
<䐀䕿䖀䙿䚀䝿䞀䟿/>
<䠀䢿䣀䧿䨀䪿䫀䬿䭀䯿/>
<䰀䱿䲀䴿䵀䶿䷀䷿一丿乀伿佀便俀俿/>
<倀忿怀濿瀀翿耀迿退/>
<ꀀꑿꒀ꒿꓀꓿ꔀꙀꟿꩿꪀꬿꭀꯀ가꿿/>
<뀀뚿뛀밿뱀뿿/>
<쀀쐿쑀엿였쟿저쩿쪀쿿/>
<퀀툿퉀퐿푀휿흀/>
<豈錄鹿ﬀנּﭿﮀﯿ﴿/>
<︿﹀ﹿﺿﻀ＿｀ｿﾀﺀﷰ/>
<�/>

<𐀀𐄀𐄿𐌀𐌿𐍀𐎿𐏀𐒀/>
<𒀀𒀿𒁀𒉿𒊀𒐀𒐿𒒀𒒿/>
<𗀀𗀿𗁀𗇿𗈀𗗿𗘀𗢿𗣀𗿿/>
<𛀀𛃿𝀀𝀿𝁀𝄀𝄿𝈀𝈿𝌀𝌿/>
<𞸀🀀🀿🂿🄀🄿🚀/>

<力>
<א/>
<س/>
<अ/>
<அ/>
<அ/>
<𐍑/>
<🪐/>
<😀/>
</力>

<ÀÖØöøÿĀĿŀſƀƿǀǿƀƿǀǿȀȿɀɿʀʿˀ˿/>
<ͰͽͿ΀οπϿ/>
<ЀпрѿҠҀҿӀӿԀԿՀտրֿ׀׿/>

<؀ؿـٿڀڿۀۿ/>
<܀ܿ݀݀ݿ/>
<ހ޿ހ޿/>
<ࠀ࠿ࡀࢿࣀࣿऀिीॿ/>
<ঀিী৿/>
<౿ൿවවເༀཀ྿࿀/>
<ကႠᄀᅀᆿᇀᇿሀሿቀቿኀዀዿጀጿፀ/>
<ᚿᛀក/>
<ᢿᣀ᧿ᨀᨿᩀ᪀/>
<ᰀ᰿᱀ᲀᴀᴿᵀᵿᶀᶿḀḿṀṿẀếỀỿ/>
<ἀἿὀᾀ᾿῀/>
<a⁰ⁿ₀₿℀ℿ⅀ⅿↀ/>
<ⰀⰿⱀⱿⲀⲿⳀ⳿ⴀⴿⵀⶀⷀⷿ/>
<⸀⸿⹀⺀⺿⻀⼀⼿⽀⽿⾀⾿⿀/>
<、みむむみむダㄿㆿ㇀ㇿ㈀㈿㋿㌀㏿/>

<㐀㐿㗿㘀㛀㛿㟀㟿/>
<㠀㠿㡀㤿㥀㨿㩀㬿㭀㯿/>
<㰀㰿㱀㶿㷀㼿㽀㾿㿀㿿/>
<䀀䀿䅀䅿䆀䊿䋀䍿䎀䏿/>
<䐀䕿䖀䙿䚀䝿䞀䟿/>
<䠀䢿䣀䧿䨀䪿䫀䬿䭀䯿/>
<䰀䱿䲀䴿䵀䶿䷀䷿一丿乀伿佀便俀俿/>
<倀忿怀濿瀀翿耀迿退/>
<ꀀꑿꒀ꒿꓀꓿ꔀꙀꟿꩿꪀꬿꭀꯀ가꿿/>
<뀀뚿뛀밿뱀뿿/>
<쀀쐿쑀엿였쟿저쩿쪀쿿/>
<퀀툿퉀퐿푀휿흀/>
<豈錄鹿ﬀנּﭿﮀﯿ﴿/>
<︿﹀ﹿﺿﻀ＿｀ｿﾀﺀﷰ/>
<�/>

<𐀀𐄀𐄿𐌀𐌿𐍀𐎿𐏀𐒀/>
<𒀀𒀿𒁀𒉿𒊀𒐀𒐿𒒀𒒿/>
<𗀀𗀿𗁀𗇿𗈀𗗿𗘀𗢿𗣀𗿿/>
<𛀀𛃿𝀀𝀿𝁀𝄀𝄿𝈀𝈿𝌀𝌿/>
<𞸀🀀🀿🂿🄀🄿🚀/>

<力>
<א/>
<س/>
<अ/>
<அ/>
<அ/>
<𐍑/>
<🪐/>
<😀/>
</力>

<ÀÖØöøÿĀĿŀſƀƿǀǿƀƿǀǿȀȿɀɿʀʿˀ˿/>
<ͰͽͿ΀οπϿ/>
<ЀпрѿҠҀҿӀӿԀԿՀտրֿ׀׿/>

<؀ؿـٿڀڿۀۿ/>
<܀ܿ݀݀ݿ/>
<ހ޿ހ޿/>
<ࠀ࠿ࡀࢿࣀࣿऀिीॿ/>
<ঀিী৿/>
<౿ൿවවເༀཀ྿࿀/>
<ကႠᄀᅀᆿᇀᇿሀሿቀቿኀዀዿጀጿፀ/>
<ᚿᛀក/>
<ᢿᣀ᧿ᨀᨿᩀ᪀/>
<ᰀ᰿᱀ᲀᴀᴿᵀᵿᶀᶿḀḿṀṿẀếỀỿ/>
<ἀἿὀᾀ᾿῀/>
<a⁰ⁿ₀₿℀ℿ⅀ⅿↀ/>
<ⰀⰿⱀⱿⲀⲿⳀ⳿ⴀⴿⵀⶀⷀⷿ/>
<⸀⸿⹀⺀⺿⻀⼀⼿⽀⽿⾀⾿⿀/>
<、みむむみむダㄿㆿ㇀ㇿ㈀㈿㋿㌀㏿/>

<㐀㐿㗿㘀㛀㛿㟀㟿/>
<㠀㠿㡀㤿㥀㨿㩀㬿㭀㯿/>
<㰀㰿㱀㶿㷀㼿㽀㾿㿀㿿/>
<䀀䀿䅀䅿䆀䊿䋀䍿䎀䏿/>
<䐀䕿䖀䙿䚀䝿䞀䟿/>
<䠀䢿䣀䧿䨀䪿䫀䬿䭀䯿/>
<䰀䱿䲀䴿䵀䶿䷀䷿一丿乀伿佀便俀俿/>
<倀忿怀濿瀀翿耀迿退/>
<ꀀꑿꒀ꒿꓀꓿ꔀꙀꟿꩿꪀꬿꭀꯀ가꿿/>
<뀀뚿뛀밿뱀뿿/>
<쀀쐿쑀엿였쟿저쩿쪀쿿/>
<퀀툿퉀퐿푀휿흀/>
<豈錄鹿ﬀנּﭿﮀﯿ﴿/>
<︿﹀ﹿﺿﻀ＿｀ｿﾀﺀﷰ/>
<�/>

<𐀀𐄀𐄿𐌀𐌿𐍀𐎿𐏀𐒀/>
<𒀀𒀿𒁀𒉿𒊀𒐀𒐿𒒀𒒿/>
<𗀀𗀿𗁀𗇿𗈀𗗿𗘀𗢿𗣀𗿿/>
<𛀀𛃿𝀀𝀿𝁀𝄀𝄿𝈀𝈿𝌀𝌿/>
<𞸀🀀🀿🂿🄀🄿🚀/>

<力>
<א/>
<س/>
<अ/>
<அ/>
<அ/>
<𐍑/>
<🪐/>
<😀/>
</力>

<ÀÖØöøÿĀĿŀſƀƿǀǿƀƿǀǿȀȿɀɿʀʿˀ˿/>
<ͰͽͿ΀οπϿ/>
<ЀпрѿҠҀҿӀӿԀԿՀտրֿ׀׿/>

<؀ؿـٿڀڿۀۿ/>
<܀ܿ݀݀ݿ/>
<ހ޿ހ޿/>
<ࠀ࠿ࡀࢿࣀࣿऀिीॿ/>
<ঀিী৿/>
<౿ൿවවເༀཀ྿࿀/>
<ကႠᄀᅀᆿᇀᇿሀሿቀቿኀዀዿጀጿፀ/>
<ᚿᛀក/>
<ᢿᣀ᧿ᨀᨿᩀ᪀/>
<ᰀ᰿᱀ᲀᴀᴿᵀᵿᶀᶿḀḿṀṿẀếỀỿ/>
<ἀἿὀᾀ᾿῀/>
<a⁰ⁿ₀₿℀ℿ⅀ⅿↀ/>
<ⰀⰿⱀⱿⲀⲿⳀ⳿ⴀⴿⵀⶀⷀⷿ/>
<⸀⸿⹀⺀⺿⻀⼀⼿⽀⽿⾀⾿⿀/>
<、みむむみむダㄿㆿ㇀ㇿ㈀㈿㋿㌀㏿/>

<㐀㐿㗿㘀㛀㛿㟀㟿/>
<㠀㠿㡀㤿㥀㨿㩀㬿㭀㯿/>
<㰀㰿㱀㶿㷀㼿㽀㾿㿀㿿/>
<䀀䀿䅀䅿䆀䊿䋀䍿䎀䏿/>
<䐀䕿䖀䙿䚀䝿䞀䟿/>
<䠀䢿䣀䧿䨀䪿䫀䬿䭀䯿/>
<䰀䱿䲀䴿䵀䶿䷀䷿一丿乀伿佀便俀俿/>
<倀忿怀濿瀀翿耀迿退/>
<ꀀꑿꒀ꒿꓀꓿ꔀꙀꟿꩿꪀꬿꭀꯀ가꿿/>
<뀀뚿뛀밿뱀뿿/>
<쀀쐿쑀엿였쟿저쩿쪀쿿/>
<퀀툿퉀퐿푀휿흀/>
<豈錄鹿ﬀנּﭿﮀﯿ﴿/>
<︿﹀ﹿﺿﻀ＿｀ｿﾀﺀﷰ/>
<�/>

<𐀀𐄀𐄿𐌀𐌿𐍀𐎿𐏀𐒀/>
<𒀀𒀿𒁀𒉿𒊀𒐀𒐿𒒀𒒿/>
<𗀀𗀿𗁀𗇿𗈀𗗿𗘀𗢿𗣀𗿿/>
<𛀀𛃿𝀀𝀿𝁀𝄀𝄿𝈀𝈿𝌀𝌿/>
<𞸀🀀🀿🂿🄀🄿🚀/>

<力>
<א/>
<س/>
<अ/>
<அ/>
<அ/>
<𐍑/>
<🪐/>
<😀/>
</力>

<ÀÖØöøÿĀĿŀſƀƿǀǿƀƿǀǿȀȿɀɿʀʿˀ˿/>
<ͰͽͿ΀οπϿ/>
<ЀпрѿҠҀҿӀӿԀԿՀտրֿ׀׿/>

<؀ؿـٿڀڿۀۿ/>
<܀ܿ݀݀ݿ/>
<ހ޿ހ޿/>
<ࠀ࠿ࡀࢿࣀࣿऀिीॿ/>
<ঀিী৿/>
<౿ൿවවເༀཀ྿࿀/>
<ကႠᄀᅀᆿᇀᇿሀሿቀቿኀዀዿጀጿፀ/>
<ᚿᛀក/>
<ᢿᣀ᧿ᨀᨿᩀ᪀/>
<ᰀ᰿᱀ᲀᴀᴿᵀᵿᶀᶿḀḿṀṿẀếỀỿ/>
<ἀἿὀᾀ᾿῀/>
<a⁰ⁿ₀₿℀ℿ⅀ⅿↀ/>
<ⰀⰿⱀⱿⲀⲿⳀ⳿ⴀⴿⵀⶀⷀⷿ/>
<⸀⸿⹀⺀⺿⻀⼀⼿⽀⽿⾀⾿⿀/>
<、みむむみむダㄿㆿ㇀ㇿ㈀㈿㋿㌀㏿/>

<㐀㐿㗿㘀㛀㛿㟀㟿/>
<㠀㠿㡀㤿㥀㨿㩀㬿㭀㯿/>
<㰀㰿㱀㶿㷀㼿㽀㾿㿀㿿/>
<䀀䀿䅀䅿䆀䊿䋀䍿䎀䏿/>
<䐀䕿䖀䙿䚀䝿䞀䟿/>
<䠀䢿䣀䧿䨀䪿䫀䬿䭀䯿/>
<䰀䱿䲀䴿䵀䶿䷀䷿一丿乀伿佀便俀俿/>
<倀忿怀濿瀀翿耀迿退/>
<ꀀꑿꒀ꒿꓀꓿ꔀꙀꟿꩿꪀꬿꭀꯀ가꿿/>
<뀀뚿뛀밿뱀뿿/>
<쀀쐿쑀엿였쟿저쩿쪀쿿/>
<퀀툿퉀퐿푀휿흀/>
<豈錄鹿ﬀנּﭿﮀﯿ﴿/>
<︿﹀ﹿﺿﻀ＿｀ｿﾀﺀﷰ/>
<�/>

<𐀀𐄀𐄿𐌀𐌿𐍀𐎿𐏀𐒀/>
<𒀀𒀿𒁀𒉿𒊀𒐀𒐿𒒀𒒿/>
<𗀀𗀿𗁀𗇿𗈀𗗿𗘀𗢿𗣀𗿿/>
<𛀀𛃿𝀀𝀿𝁀𝄀𝄿𝈀𝈿𝌀𝌿/>
<𞸀🀀🀿🂿🄀🄿🚀/>

<力>
<א/>
<س/>
<अ/>
<அ/>
<அ/>
<𐍑/>
<🪐/>
<😀/>
</力>

<ÀÖØöøÿĀĿŀſƀƿǀǿƀƿǀǿȀȿɀɿʀʿˀ˿/>
<ͰͽͿ΀οπϿ/>
<ЀпрѿҠҀҿӀӿԀԿՀտրֿ׀׿/>

<؀ؿـٿڀڿۀۿ/>
<܀ܿ݀݀ݿ/>
<ހ޿ހ޿/>
<ࠀ࠿ࡀࢿࣀࣿऀिीॿ/>
<ঀিী৿/>
<౿ൿවවເༀཀ྿࿀/>
<ကႠᄀᅀᆿᇀᇿሀሿቀቿኀዀዿጀጿፀ/>
<ᚿᛀក/>
<ᢿᣀ᧿ᨀᨿᩀ᪀/>
<ᰀ᰿᱀ᲀᴀᴿᵀᵿᶀᶿḀḿṀṿẀếỀỿ/>
<ἀἿὀᾀ᾿῀/>
<a⁰ⁿ₀₿℀ℿ⅀ⅿↀ/>
<ⰀⰿⱀⱿⲀⲿⳀ⳿ⴀⴿⵀⶀⷀⷿ/>
<⸀⸿⹀⺀⺿⻀⼀⼿⽀⽿⾀⾿⿀/>
<、みむむみむダㄿㆿ㇀ㇿ㈀㈿㋿㌀㏿/>

<㐀㐿㗿㘀㛀㛿㟀㟿/>
<㠀㠿㡀㤿㥀㨿㩀㬿㭀㯿/>
<㰀㰿㱀㶿㷀㼿㽀㾿㿀㿿/>
<䀀䀿䅀䅿䆀䊿䋀䍿䎀䏿/>
<䐀䕿䖀䙿䚀䝿䞀䟿/>
<䠀䢿䣀䧿䨀䪿䫀䬿䭀䯿/>
<䰀䱿䲀䴿䵀䶿䷀䷿一丿乀伿佀便俀俿/>
<倀忿怀濿瀀翿耀迿退/>
<ꀀꑿꒀ꒿꓀꓿ꔀꙀꟿꩿꪀꬿꭀꯀ가꿿/>
<뀀뚿뛀밿뱀뿿/>
<쀀쐿쑀엿였쟿저쩿쪀쿿/>
<퀀툿퉀퐿푀휿흀/>
<豈錄鹿ﬀנּﭿﮀﯿ﴿/>
<︿﹀ﹿﺿﻀ＿｀ｿﾀﺀﷰ/>
<�/>

<𐀀𐄀𐄿𐌀𐌿𐍀𐎿𐏀𐒀/>
<𒀀𒀿𒁀𒉿𒊀𒐀𒐿𒒀𒒿/>
<𗀀𗀿𗁀𗇿𗈀𗗿𗘀𗢿𗣀𗿿/>
<𛀀𛃿𝀀𝀿𝁀𝄀𝄿𝈀𝈿𝌀𝌿/>
<𞸀🀀🀿🂿🄀🄿🚀/>

<力>
<א/>
<س/>
<अ/>
<அ/>
<அ/>
<𐍑/>
<🪐/>
<😀/>
</力>

<ÀÖØöøÿĀĿŀſƀƿǀǿƀƿǀǿȀȿɀɿʀʿˀ˿/>
<ͰͽͿ΀οπϿ/>
<ЀпрѿҠҀҿӀӿԀԿՀտրֿ׀׿/>

<؀ؿـٿڀڿۀۿ/>
<܀ܿ݀݀ݿ/>
<ހ޿ހ޿/>
<ࠀ࠿ࡀࢿࣀࣿऀिीॿ/>
<ঀিী৿/>
<౿ൿවවເༀཀ྿࿀/>
<ကႠᄀᅀᆿᇀᇿሀሿቀቿኀዀዿጀጿፀ/>
<ᚿᛀក/>
<ᢿᣀ᧿ᨀᨿᩀ᪀/>
<ᰀ᰿᱀ᲀᴀᴿᵀᵿᶀᶿḀḿṀṿẀếỀỿ/>
<ἀἿὀᾀ᾿῀/>
<a⁰ⁿ₀₿℀ℿ⅀ⅿↀ/>
<ⰀⰿⱀⱿⲀⲿⳀ⳿ⴀⴿⵀⶀⷀⷿ/>
<⸀⸿⹀⺀⺿⻀⼀⼿⽀⽿⾀⾿⿀/>
<、みむむみむダㄿㆿ㇀ㇿ㈀㈿㋿㌀㏿/>

<㐀㐿㗿㘀㛀㛿㟀㟿/>
<㠀㠿㡀㤿㥀㨿㩀㬿㭀㯿/>
<㰀㰿㱀㶿㷀㼿㽀㾿㿀㿿/>
<䀀䀿䅀䅿䆀䊿䋀䍿䎀䏿/>
<䐀䕿䖀䙿䚀䝿䞀䟿/>
<䠀䢿䣀䧿䨀䪿䫀䬿䭀䯿/>
<䰀䱿䲀䴿䵀䶿䷀䷿一丿乀伿佀便俀俿/>
<倀忿怀濿瀀翿耀迿退/>
<ꀀꑿꒀ꒿꓀꓿ꔀꙀꟿꩿꪀꬿꭀꯀ가꿿/>
<뀀뚿뛀밿뱀뿿/>
<쀀쐿쑀엿였쟿저쩿쪀쿿/>
<퀀툿퉀퐿푀휿흀/>
<豈錄鹿ﬀנּﭿﮀﯿ﴿/>
<︿﹀ﹿﺿﻀ＿｀ｿﾀﺀﷰ/>
<�/>

<𐀀𐄀𐄿𐌀𐌿𐍀𐎿𐏀𐒀/>
<𒀀𒀿𒁀𒉿𒊀𒐀𒐿𒒀𒒿/>
<𗀀𗀿𗁀𗇿𗈀𗗿𗘀𗢿𗣀𗿿/>
<𛀀𛃿𝀀𝀿𝁀𝄀𝄿𝈀𝈿𝌀𝌿/>
<𞸀🀀🀿🂿🄀🄿🚀/>

<力>
<א/>
<س/>
<अ/>
<அ/>
<அ/>
<𐍑/>
<🪐/>
<😀/>
</力>

<ÀÖØöøÿĀĿŀſƀƿǀǿƀƿǀǿȀȿɀɿʀʿˀ˿/>
<ͰͽͿ΀οπϿ/>
<ЀпрѿҠҀҿӀӿԀԿՀտրֿ׀׿/>

<؀ؿـٿڀڿۀۿ/>
<܀ܿ݀݀ݿ/>
<ހ޿ހ޿/>
<ࠀ࠿ࡀࢿࣀࣿऀिीॿ/>
<ঀিী৿/>
<౿ൿවවເༀཀ྿࿀/>
<ကႠᄀᅀᆿᇀᇿሀሿቀቿኀዀዿጀጿፀ/>
<ᚿᛀក/>
<ᢿᣀ᧿ᨀᨿᩀ᪀/>
<ᰀ᰿᱀ᲀᴀᴿᵀᵿᶀᶿḀḿṀṿẀếỀỿ/>
<ἀἿὀᾀ᾿῀/>
<a⁰ⁿ₀₿℀ℿ⅀ⅿↀ/>
<ⰀⰿⱀⱿⲀⲿⳀ⳿ⴀⴿⵀⶀⷀⷿ/>
<⸀⸿⹀⺀⺿⻀⼀⼿⽀⽿⾀⾿⿀/>
<、みむむみむダㄿㆿ㇀ㇿ㈀㈿㋿㌀㏿/>

<㐀㐿㗿㘀㛀㛿㟀㟿/>
<㠀㠿㡀㤿㥀㨿㩀㬿㭀㯿/>
<㰀㰿㱀㶿㷀㼿㽀㾿㿀㿿/>
<䀀䀿䅀䅿䆀䊿䋀䍿䎀䏿/>
<䐀䕿䖀䙿䚀䝿䞀䟿/>
<䠀䢿䣀䧿䨀䪿䫀䬿䭀䯿/>
<䰀䱿䲀䴿䵀䶿䷀䷿一丿乀伿佀便俀俿/>
<倀忿怀濿瀀翿耀迿退/>
<ꀀꑿꒀ꒿꓀꓿ꔀꙀꟿꩿꪀꬿꭀꯀ가꿿/>
<뀀뚿뛀밿뱀뿿/>
<쀀쐿쑀엿였쟿저쩿쪀쿿/>
<퀀툿퉀퐿푀휿흀/>
<豈錄鹿ﬀנּﭿﮀﯿ﴿/>
<︿﹀ﹿﺿﻀ＿｀ｿﾀﺀﷰ/>
<�/>

<𐀀𐄀𐄿𐌀𐌿𐍀𐎿𐏀𐒀/>
<𒀀𒀿𒁀𒉿𒊀𒐀𒐿𒒀𒒿/>
<𗀀𗀿𗁀𗇿𗈀𗗿𗘀𗢿𗣀𗿿/>
<𛀀𛃿𝀀𝀿𝁀𝄀𝄿𝈀𝈿𝌀𝌿/>
<𞸀🀀🀿🂿🄀🄿🚀/>

<力>
<א/>
<س/>
<अ/>
<அ/>
<அ/>
<𐍑/>
<🪐/>
<😀/>
</力>

<ÀÖØöøÿĀĿŀſƀƿǀǿƀƿǀǿȀȿɀɿʀʿˀ˿/>
<ͰͽͿ΀οπϿ/>
<ЀпрѿҠҀҿӀӿԀԿՀտրֿ׀׿/>

<؀ؿـٿڀڿۀۿ/>
<܀ܿ݀݀ݿ/>
<ހ޿ހ޿/>
<ࠀ࠿ࡀࢿࣀࣿऀिीॿ/>
<ঀিী৿/>
<౿ൿවවເༀཀ྿࿀/>
<ကႠᄀᅀᆿᇀᇿሀሿቀቿኀዀዿጀጿፀ/>
<ᚿᛀក/>
<ᢿᣀ᧿ᨀᨿᩀ᪀/>
<ᰀ᰿᱀ᲀᴀᴿᵀᵿᶀᶿḀḿṀṿẀếỀỿ/>
<ἀἿὀᾀ᾿῀/>
<a⁰ⁿ₀₿℀ℿ⅀ⅿↀ/>
<ⰀⰿⱀⱿⲀⲿⳀ⳿ⴀⴿⵀⶀⷀⷿ/>
<⸀⸿⹀⺀⺿⻀⼀⼿⽀⽿⾀⾿⿀/>
<、みむむみむダㄿㆿ㇀ㇿ㈀㈿㋿㌀㏿/>

<㐀㐿㗿㘀㛀㛿㟀㟿/>
<㠀㠿㡀㤿㥀㨿㩀㬿㭀㯿/>
<㰀㰿㱀㶿㷀㼿㽀㾿㿀㿿/>
<䀀䀿䅀䅿䆀䊿䋀䍿䎀䏿/>
<䐀䕿䖀䙿䚀䝿䞀䟿/>
<䠀䢿䣀䧿䨀䪿䫀䬿䭀䯿/>
<䰀䱿䲀䴿䵀䶿䷀䷿一丿乀伿佀便俀俿/>
<倀忿怀濿瀀翿耀迿退/>
<ꀀꑿꒀ꒿꓀꓿ꔀꙀꟿꩿꪀꬿꭀꯀ가꿿/>
<뀀뚿뛀밿뱀뿿/>
<쀀쐿쑀엿였쟿저쩿쪀쿿/>
<퀀툿퉀퐿푀휿흀/>
<豈錄鹿ﬀנּﭿﮀﯿ﴿/>
<︿﹀ﹿﺿﻀ＿｀ｿﾀﺀﷰ/>
<�/>

<𐀀𐄀𐄿𐌀𐌿𐍀𐎿𐏀𐒀/>
<𒀀𒀿𒁀𒉿𒊀𒐀𒐿𒒀𒒿/>
<𗀀𗀿𗁀𗇿𗈀𗗿𗘀𗢿𗣀𗿿/>
<𛀀𛃿𝀀𝀿𝁀𝄀𝄿𝈀𝈿𝌀𝌿/>
<𞸀🀀🀿🂿🄀🄿🚀/>

<力>
<א/>
<س/>
<अ/>
<அ/>
<அ/>
<𐍑/>
<🪐/>
<😀/>
</力>

<ÀÖØöøÿĀĿŀſƀƿǀǿƀƿǀǿȀȿɀɿʀʿˀ˿/>
<ͰͽͿ΀οπϿ/>
<ЀпрѿҠҀҿӀӿԀԿՀտրֿ׀׿/>

<؀ؿـٿڀڿۀۿ/>
<܀ܿ݀݀ݿ/>
<ހ޿ހ޿/>
<ࠀ࠿ࡀࢿࣀࣿऀिीॿ/>
<ঀিী৿/>
<౿ൿවවເༀཀ྿࿀/>
<ကႠᄀᅀᆿᇀᇿሀሿቀቿኀዀዿጀጿፀ/>
<ᚿᛀក/>
<ᢿᣀ᧿ᨀᨿᩀ᪀/>
<ᰀ᰿᱀ᲀᴀᴿᵀᵿᶀᶿḀḿṀṿẀếỀỿ/>
<ἀἿὀᾀ᾿῀/>
<a⁰ⁿ₀₿℀ℿ⅀ⅿↀ/>
<ⰀⰿⱀⱿⲀⲿⳀ⳿ⴀⴿⵀⶀⷀⷿ/>
<⸀⸿⹀⺀⺿⻀⼀⼿⽀⽿⾀⾿⿀/>
<、みむむみむダㄿㆿ㇀ㇿ㈀㈿㋿㌀㏿/>

<㐀㐿㗿㘀㛀㛿㟀㟿/>
<㠀㠿㡀㤿㥀㨿㩀㬿㭀㯿/>
<㰀㰿㱀㶿㷀㼿㽀㾿㿀㿿/>
<䀀䀿䅀䅿䆀䊿䋀䍿䎀䏿/>
<䐀䕿䖀䙿䚀䝿䞀䟿/>
<䠀䢿䣀䧿䨀䪿䫀䬿䭀䯿/>
<䰀䱿䲀䴿䵀䶿䷀䷿一丿乀伿佀便俀俿/>
<倀忿怀濿瀀翿耀迿退/>
<ꀀꑿꒀ꒿꓀꓿ꔀꙀꟿꩿꪀꬿꭀꯀ가꿿/>
<뀀뚿뛀밿뱀뿿/>
<쀀쐿쑀엿였쟿저쩿쪀쿿/>
<퀀툿퉀퐿푀휿흀/>
<豈錄鹿ﬀנּﭿﮀﯿ﴿/>
<︿﹀ﹿﺿﻀ＿｀ｿﾀﺀﷰ/>
<�/>

<𐀀𐄀𐄿𐌀𐌿𐍀𐎿𐏀𐒀/>
<𒀀𒀿𒁀𒉿𒊀𒐀𒐿𒒀𒒿/>
<𗀀𗀿𗁀𗇿𗈀𗗿𗘀𗢿𗣀𗿿/>
<𛀀𛃿𝀀𝀿𝁀𝄀𝄿𝈀𝈿𝌀𝌿/>
<𞸀🀀🀿🂿🄀🄿🚀/>

<力>
<א/>
<س/>
<अ/>
<அ/>
<அ/>
<𐍑/>
<🪐/>
<😀/>
</力>

<ÀÖØöøÿĀĿŀſƀƿǀǿƀƿǀǿȀȿɀɿʀʿˀ˿/>
<ͰͽͿ΀οπϿ/>
<ЀпрѿҠҀҿӀӿԀԿՀտրֿ׀׿/>

<؀ؿـٿڀڿۀۿ/>
<܀ܿ݀݀ݿ/>
<ހ޿ހ޿/>
<ࠀ࠿ࡀࢿࣀࣿऀिीॿ/>
<ঀিী৿/>
<౿ൿවවເༀཀ྿࿀/>
<ကႠᄀᅀᆿᇀᇿሀሿቀቿኀዀዿጀጿፀ/>
<ᚿᛀក/>
<ᢿᣀ᧿ᨀᨿᩀ᪀/>
<ᰀ᰿᱀ᲀᴀᴿᵀᵿᶀᶿḀḿṀṿẀếỀỿ/>
<ἀἿὀᾀ᾿῀/>
<a⁰ⁿ₀₿℀ℿ⅀ⅿↀ/>
<ⰀⰿⱀⱿⲀⲿⳀ⳿ⴀⴿⵀⶀⷀⷿ/>
<⸀⸿⹀⺀⺿⻀⼀⼿⽀⽿⾀⾿⿀/>
<、みむむみむダㄿㆿ㇀ㇿ㈀㈿㋿㌀㏿/>

<㐀㐿㗿㘀㛀㛿㟀㟿/>
<㠀㠿㡀㤿㥀㨿㩀㬿㭀㯿/>
<㰀㰿㱀㶿㷀㼿㽀㾿㿀㿿/>
<䀀䀿䅀䅿䆀䊿䋀䍿䎀䏿/>
<䐀䕿䖀䙿䚀䝿䞀䟿/>
<䠀䢿䣀䧿䨀䪿䫀䬿䭀䯿/>
<䰀䱿䲀䴿䵀䶿䷀䷿一丿乀伿佀便俀俿/>
<倀忿怀濿瀀翿耀迿退/>
<ꀀꑿꒀ꒿꓀꓿ꔀꙀꟿꩿꪀꬿꭀꯀ가꿿/>
<뀀뚿뛀밿뱀뿿/>
<쀀쐿쑀엿였쟿저쩿쪀쿿/>
<퀀툿퉀퐿푀휿흀/>
<豈錄鹿ﬀנּﭿﮀﯿ﴿/>
<︿﹀ﹿﺿﻀ＿｀ｿﾀﺀﷰ/>
<�/>

<𐀀𐄀𐄿𐌀𐌿𐍀𐎿𐏀𐒀/>
<𒀀𒀿𒁀𒉿𒊀𒐀𒐿𒒀𒒿/>
<𗀀𗀿𗁀𗇿𗈀𗗿𗘀𗢿𗣀𗿿/>
<𛀀𛃿𝀀𝀿𝁀𝄀𝄿𝈀𝈿𝌀𝌿/>
<𞸀🀀🀿🂿🄀🄿🚀/>

<力>
<א/>
<س/>
<अ/>
<அ/>
<அ/>
<𐍑/>
<🪐/>
<😀/>
</力>

<ÀÖØöøÿĀĿŀſƀƿǀǿƀƿǀǿȀȿɀɿʀʿˀ˿/>
<ͰͽͿ΀οπϿ/>
<ЀпрѿҠҀҿӀӿԀԿՀտրֿ׀׿/>

<؀ؿـٿڀڿۀۿ/>
<܀ܿ݀݀ݿ/>
<ހ޿ހ޿/>
<ࠀ࠿ࡀࢿࣀࣿऀिीॿ/>
<ঀিী৿/>
<౿ൿවවເༀཀ྿࿀/>
<ကႠᄀᅀᆿᇀᇿሀሿቀቿኀዀዿጀጿፀ/>
<ᚿᛀក/>
<ᢿᣀ᧿ᨀᨿᩀ᪀/>
<ᰀ᰿᱀ᲀᴀᴿᵀᵿᶀᶿḀḿṀṿẀếỀỿ/>
<ἀἿὀᾀ᾿῀/>
<a⁰ⁿ₀₿℀ℿ⅀ⅿↀ/>
<ⰀⰿⱀⱿⲀⲿⳀ⳿ⴀⴿⵀⶀⷀⷿ/>
<⸀⸿⹀⺀⺿⻀⼀⼿⽀⽿⾀⾿⿀/>
<、みむむみむダㄿㆿ㇀ㇿ㈀㈿㋿㌀㏿/>

<㐀㐿㗿㘀㛀㛿㟀㟿/>
<㠀㠿㡀㤿㥀㨿㩀㬿㭀㯿/>
<㰀㰿㱀㶿㷀㼿㽀㾿㿀㿿/>
<䀀䀿䅀䅿䆀䊿䋀䍿䎀䏿/>
<䐀䕿䖀䙿䚀䝿䞀䟿/>
<䠀䢿䣀䧿䨀䪿䫀䬿䭀䯿/>
<䰀䱿䲀䴿䵀䶿䷀䷿一丿乀伿佀便俀俿/>
<倀忿怀濿瀀翿耀迿退/>
<ꀀꑿꒀ꒿꓀꓿ꔀꙀꟿꩿꪀꬿꭀꯀ가꿿/>
<뀀뚿뛀밿뱀뿿/>
<쀀쐿쑀엿였쟿저쩿쪀쿿/>
<퀀툿퉀퐿푀휿흀/>
<豈錄鹿ﬀנּﭿﮀﯿ﴿/>
<︿﹀ﹿﺿﻀ＿｀ｿﾀﺀﷰ/>
<�/>

<𐀀𐄀𐄿𐌀𐌿𐍀𐎿𐏀𐒀/>
<𒀀𒀿𒁀𒉿𒊀𒐀𒐿𒒀𒒿/>
<𗀀𗀿𗁀𗇿𗈀𗗿𗘀𗢿𗣀𗿿/>
<𛀀𛃿𝀀𝀿𝁀𝄀𝄿𝈀𝈿𝌀𝌿/>
<𞸀🀀🀿🂿🄀🄿🚀/>

<力>
<א/>
<س/>
<अ/>
<அ/>
<அ/>
<𐍑/>
<🪐/>
<😀/>
</力>

<ÀÖØöøÿĀĿŀſƀƿǀǿƀƿǀǿȀȿɀɿʀʿˀ˿/>
<ͰͽͿ΀οπϿ/>
<ЀпрѿҠҀҿӀӿԀԿՀտրֿ׀׿/>

<؀ؿـٿڀڿۀۿ/>
<܀ܿ݀݀ݿ/>
<ހ޿ހ޿/>
<ࠀ࠿ࡀࢿࣀࣿऀिीॿ/>
<ঀিী৿/>
<౿ൿවවເༀཀ྿࿀/>
<ကႠᄀᅀᆿᇀᇿሀሿቀቿኀዀዿጀጿፀ/>
<ᚿᛀក/>
<ᢿᣀ᧿ᨀᨿᩀ᪀/>
<ᰀ᰿᱀ᲀᴀᴿᵀᵿᶀᶿḀḿṀṿẀếỀỿ/>
<ἀἿὀᾀ᾿῀/>
<a⁰ⁿ₀₿℀ℿ⅀ⅿↀ/>
<ⰀⰿⱀⱿⲀⲿⳀ⳿ⴀⴿⵀⶀⷀⷿ/>
<⸀⸿⹀⺀⺿⻀⼀⼿⽀⽿⾀⾿⿀/>
<、みむむみむダㄿㆿ㇀ㇿ㈀㈿㋿㌀㏿/>

<㐀㐿㗿㘀㛀㛿㟀㟿/>
<㠀㠿㡀㤿㥀㨿㩀㬿㭀㯿/>
<㰀㰿㱀㶿㷀㼿㽀㾿㿀㿿/>
<䀀䀿䅀䅿䆀䊿䋀䍿䎀䏿/>
<䐀䕿䖀䙿䚀䝿䞀䟿/>
<䠀䢿䣀䧿䨀䪿䫀䬿䭀䯿/>
<䰀䱿䲀䴿䵀䶿䷀䷿一丿乀伿佀便俀俿/>
<倀忿怀濿瀀翿耀迿退/>
<ꀀꑿꒀ꒿꓀꓿ꔀꙀꟿꩿꪀꬿꭀꯀ가꿿/>
<뀀뚿뛀밿뱀뿿/>
<쀀쐿쑀엿였쟿저쩿쪀쿿/>
<퀀툿퉀퐿푀휿흀/>
<豈錄鹿ﬀנּﭿﮀﯿ﴿/>
<︿﹀ﹿﺿﻀ＿｀ｿﾀﺀﷰ/>
<�/>

<𐀀𐄀𐄿𐌀𐌿𐍀𐎿𐏀𐒀/>
<𒀀𒀿𒁀𒉿𒊀𒐀𒐿𒒀𒒿/>
<𗀀𗀿𗁀𗇿𗈀𗗿𗘀𗢿𗣀𗿿/>
<𛀀𛃿𝀀𝀿𝁀𝄀𝄿𝈀𝈿𝌀𝌿/>
<𞸀🀀🀿🂿🄀🄿🚀/>

<力>
<א/>
<س/>
<अ/>
<அ/>
<அ/>
<𐍑/>
<🪐/>
<😀/>
</力>

<ÀÖØöøÿĀĿŀſƀƿǀǿƀƿǀǿȀȿɀɿʀʿˀ˿/>
<ͰͽͿ΀οπϿ/>
<ЀпрѿҠҀҿӀӿԀԿՀտրֿ׀׿/>

<؀ؿـٿڀڿۀۿ/>
<܀ܿ݀݀ݿ/>
<ހ޿ހ޿/>
<ࠀ࠿ࡀࢿࣀࣿऀिीॿ/>
<ঀিী৿/>
<౿ൿවවເༀཀ྿࿀/>
<ကႠᄀᅀᆿᇀᇿሀሿቀቿኀዀዿጀጿፀ/>
<ᚿᛀក/>
<ᢿᣀ᧿ᨀᨿᩀ᪀/>
<ᰀ᰿᱀ᲀᴀᴿᵀᵿᶀᶿḀḿṀṿẀếỀỿ/>
<ἀἿὀᾀ᾿῀/>
<a⁰ⁿ₀₿℀ℿ⅀ⅿↀ/>
<ⰀⰿⱀⱿⲀⲿⳀ⳿ⴀⴿⵀⶀⷀⷿ/>
<⸀⸿⹀⺀⺿⻀⼀⼿⽀⽿⾀⾿⿀/>
<、みむむみむダㄿㆿ㇀ㇿ㈀㈿㋿㌀㏿/>

<㐀㐿㗿㘀㛀㛿㟀㟿/>
<㠀㠿㡀㤿㥀㨿㩀㬿㭀㯿/>
<㰀㰿㱀㶿㷀㼿㽀㾿㿀㿿/>
<䀀䀿䅀䅿䆀䊿䋀䍿䎀䏿/>
<䐀䕿䖀䙿䚀䝿䞀䟿/>
<䠀䢿䣀䧿䨀䪿䫀䬿䭀䯿/>
<䰀䱿䲀䴿䵀䶿䷀䷿一丿乀伿佀便俀俿/>
<倀忿怀濿瀀翿耀迿退/>
<ꀀꑿꒀ꒿꓀꓿ꔀꙀꟿꩿꪀꬿꭀꯀ가꿿/>
<뀀뚿뛀밿뱀뿿/>
<쀀쐿쑀엿였쟿저쩿쪀쿿/>
<퀀툿퉀퐿푀휿흀/>
<豈錄鹿ﬀנּﭿﮀﯿ﴿/>
<︿﹀ﹿﺿﻀ＿｀ｿﾀﺀﷰ/>
<�/>

<𐀀𐄀𐄿𐌀𐌿𐍀𐎿𐏀𐒀/>
<𒀀𒀿𒁀𒉿𒊀𒐀𒐿𒒀𒒿/>
<𗀀𗀿𗁀𗇿𗈀𗗿𗘀𗢿𗣀𗿿/>
<𛀀𛃿𝀀𝀿𝁀𝄀𝄿𝈀𝈿𝌀𝌿/>
<𞸀🀀🀿🂿🄀🄿🚀/>

<力>
<א/>
<س/>
<अ/>
<அ/>
<அ/>
<𐍑/>
<🪐/>
<😀/>
</力>

<ÀÖØöøÿĀĿŀſƀƿǀǿƀƿǀǿȀȿɀɿʀʿˀ˿/>
<ͰͽͿ΀οπϿ/>
<ЀпрѿҠҀҿӀӿԀԿՀտրֿ׀׿/>

<؀ؿـٿڀڿۀۿ/>
<܀ܿ݀݀ݿ/>
<ހ޿ހ޿/>
<ࠀ࠿ࡀࢿࣀࣿऀिीॿ/>
<ঀিী৿/>
<౿ൿවවເༀཀ྿࿀/>
<ကႠᄀᅀᆿᇀᇿሀሿቀቿኀዀዿጀጿፀ/>
<ᚿᛀក/>
<ᢿᣀ᧿ᨀᨿᩀ᪀/>
<ᰀ᰿᱀ᲀᴀᴿᵀᵿᶀᶿḀḿṀṿẀếỀỿ/>
<ἀἿὀᾀ᾿῀/>
<a⁰ⁿ₀₿℀ℿ⅀ⅿↀ/>
<ⰀⰿⱀⱿⲀⲿⳀ⳿ⴀⴿⵀⶀⷀⷿ/>
<⸀⸿⹀⺀⺿⻀⼀⼿⽀⽿⾀⾿⿀/>
<、みむむみむダㄿㆿ㇀ㇿ㈀㈿㋿㌀㏿/>

<㐀㐿㗿㘀㛀㛿㟀㟿/>
<㠀㠿㡀㤿㥀㨿㩀㬿㭀㯿/>
<㰀㰿㱀㶿㷀㼿㽀㾿㿀㿿/>
<䀀䀿䅀䅿䆀䊿䋀䍿䎀䏿/>
<䐀䕿䖀䙿䚀䝿䞀䟿/>
<䠀䢿䣀䧿䨀䪿䫀䬿䭀䯿/>
<䰀䱿䲀䴿䵀䶿䷀䷿一丿乀伿佀便俀俿/>
<倀忿怀濿瀀翿耀迿退/>
<ꀀꑿꒀ꒿꓀꓿ꔀꙀꟿꩿꪀꬿꭀꯀ가꿿/>
<뀀뚿뛀밿뱀뿿/>
<쀀쐿쑀엿였쟿저쩿쪀쿿/>
<퀀툿퉀퐿푀휿흀/>
<豈錄鹿ﬀנּﭿﮀﯿ﴿/>
<︿﹀ﹿﺿﻀ＿｀ｿﾀﺀﷰ/>
<�/>

<𐀀𐄀𐄿𐌀𐌿𐍀𐎿𐏀𐒀/>
<𒀀𒀿𒁀𒉿𒊀𒐀𒐿𒒀𒒿/>
<𗀀𗀿𗁀𗇿𗈀𗗿𗘀𗢿𗣀𗿿/>
<𛀀𛃿𝀀𝀿𝁀𝄀𝄿𝈀𝈿𝌀𝌿/>
<𞸀🀀🀿🂿🄀🄿🚀/>

<力>
<א/>
<س/>
<अ/>
<அ/>
<அ/>
<𐍑/>
<🪐/>
<😀/>
</力>

<ÀÖØöøÿĀĿŀſƀƿǀǿƀƿǀǿȀȿɀɿʀʿˀ˿/>
<ͰͽͿ΀οπϿ/>
<ЀпрѿҠҀҿӀӿԀԿՀտրֿ׀׿/>

<؀ؿـٿڀڿۀۿ/>
<܀ܿ݀݀ݿ/>
<ހ޿ހ޿/>
<ࠀ࠿ࡀࢿࣀࣿऀिीॿ/>
<ঀিী৿/>
<౿ൿවවເༀཀ྿࿀/>
<ကႠᄀᅀᆿᇀᇿሀሿቀቿኀዀዿጀጿፀ/>
<ᚿᛀក/>
<ᢿᣀ᧿ᨀᨿᩀ᪀/>
<ᰀ᰿᱀ᲀᴀᴿᵀᵿᶀᶿḀḿṀṿẀếỀỿ/>
<ἀἿὀᾀ᾿῀/>
<a⁰ⁿ₀₿℀ℿ⅀ⅿↀ/>
<ⰀⰿⱀⱿⲀⲿⳀ⳿ⴀⴿⵀⶀⷀⷿ/>
<⸀⸿⹀⺀⺿⻀⼀⼿⽀⽿⾀⾿⿀/>
<、みむむみむダㄿㆿ㇀ㇿ㈀㈿㋿㌀㏿/>

<㐀㐿㗿㘀㛀㛿㟀㟿/>
<㠀㠿㡀㤿㥀㨿㩀㬿㭀㯿/>
<㰀㰿㱀㶿㷀㼿㽀㾿㿀㿿/>
<䀀䀿䅀䅿䆀䊿䋀䍿䎀䏿/>
<䐀䕿䖀䙿䚀䝿䞀䟿/>
<䠀䢿䣀䧿䨀䪿䫀䬿䭀䯿/>
<䰀䱿䲀䴿䵀䶿䷀䷿一丿乀伿佀便俀俿/>
<倀忿怀濿瀀翿耀迿退/>
<ꀀꑿꒀ꒿꓀꓿ꔀꙀꟿꩿꪀꬿꭀꯀ가꿿/>
<뀀뚿뛀밿뱀뿿/>
<쀀쐿쑀엿였쟿저쩿쪀쿿/>
<퀀툿퉀퐿푀휿흀/>
<豈錄鹿ﬀנּﭿﮀﯿ﴿/>
<︿﹀ﹿﺿﻀ＿｀ｿﾀﺀﷰ/>
<�/>

<𐀀𐄀𐄿𐌀𐌿𐍀𐎿𐏀𐒀/>
<𒀀𒀿𒁀𒉿𒊀𒐀𒐿𒒀𒒿/>
<𗀀𗀿𗁀𗇿𗈀𗗿𗘀𗢿𗣀𗿿/>
<𛀀𛃿𝀀𝀿𝁀𝄀𝄿𝈀𝈿𝌀𝌿/>
<𞸀🀀🀿🂿🄀🄿🚀/>

<力>
<א/>
<س/>
<अ/>
<அ/>
<அ/>
<𐍑/>
<🪐/>
<😀/>
</力>

<ÀÖØöøÿĀĿŀſƀƿǀǿƀƿǀǿȀȿɀɿʀʿˀ˿/>
<ͰͽͿ΀οπϿ/>
<ЀпрѿҠҀҿӀӿԀԿՀտրֿ׀׿/>

<؀ؿـٿڀڿۀۿ/>
<܀ܿ݀݀ݿ/>
<ހ޿ހ޿/>
<ࠀ࠿ࡀࢿࣀࣿऀिीॿ/>
<ঀিী৿/>
<౿ൿවවເༀཀ྿࿀/>
<ကႠᄀᅀᆿᇀᇿሀሿቀቿኀዀዿጀጿፀ/>
<ᚿᛀក/>
<ᢿᣀ᧿ᨀᨿᩀ᪀/>
<ᰀ᰿᱀ᲀᴀᴿᵀᵿᶀᶿḀḿṀṿẀếỀỿ/>
<ἀἿὀᾀ᾿῀/>
<a⁰ⁿ₀₿℀ℿ⅀ⅿↀ/>
<ⰀⰿⱀⱿⲀⲿⳀ⳿ⴀⴿⵀⶀⷀⷿ/>
<⸀⸿⹀⺀⺿⻀⼀⼿⽀⽿⾀⾿⿀/>
<、みむむみむダㄿㆿ㇀ㇿ㈀㈿㋿㌀㏿/>

<㐀㐿㗿㘀㛀㛿㟀㟿/>
<㠀㠿㡀㤿㥀㨿㩀㬿㭀㯿/>
<㰀㰿㱀㶿㷀㼿㽀㾿㿀㿿/>
<䀀䀿䅀䅿䆀䊿䋀䍿䎀䏿/>
<䐀䕿䖀䙿䚀䝿䞀䟿/>
<䠀䢿䣀䧿䨀䪿䫀䬿䭀䯿/>
<䰀䱿䲀䴿䵀䶿䷀䷿一丿乀伿佀便俀俿/>
<倀忿怀濿瀀翿耀迿退/>
<ꀀꑿꒀ꒿꓀꓿ꔀꙀꟿꩿꪀꬿꭀꯀ가꿿/>
<뀀뚿뛀밿뱀뿿/>
<쀀쐿쑀엿였쟿저쩿쪀쿿/>
<퀀툿퉀퐿푀휿흀/>
<豈錄鹿ﬀנּﭿﮀﯿ﴿/>
<︿﹀ﹿﺿﻀ＿｀ｿﾀﺀﷰ/>
<�/>

<𐀀𐄀𐄿𐌀𐌿𐍀𐎿𐏀𐒀/>
<𒀀𒀿𒁀𒉿𒊀𒐀𒐿𒒀𒒿/>
<𗀀𗀿𗁀𗇿𗈀𗗿𗘀𗢿𗣀𗿿/>
<𛀀𛃿𝀀𝀿𝁀𝄀𝄿𝈀𝈿𝌀𝌿/>
<𞸀🀀🀿🂿🄀🄿🚀/>

<力>
<א/>
<س/>
<अ/>
<அ/>
<அ/>
<𐍑/>
<🪐/>
<😀/>
</力>

<ÀÖØöøÿĀĿŀſƀƿǀǿƀƿǀǿȀȿɀɿʀʿˀ˿/>
<ͰͽͿ΀οπϿ/>
<ЀпрѿҠҀҿӀӿԀԿՀտրֿ׀׿/>

<؀ؿـٿڀڿۀۿ/>
<܀ܿ݀݀ݿ/>
<ހ޿ހ޿/>
<ࠀ࠿ࡀࢿࣀࣿऀिीॿ/>
<ঀিী৿/>
<౿ൿවවເༀཀ྿࿀/>
<ကႠᄀᅀᆿᇀᇿሀሿቀቿኀዀዿጀጿፀ/>
<ᚿᛀក/>
<ᢿᣀ᧿ᨀᨿᩀ᪀/>
<ᰀ᰿᱀ᲀᴀᴿᵀᵿᶀᶿḀḿṀṿẀếỀỿ/>
<ἀἿὀᾀ᾿῀/>
<a⁰ⁿ₀₿℀ℿ⅀ⅿↀ/>
<ⰀⰿⱀⱿⲀⲿⳀ⳿ⴀⴿⵀⶀⷀⷿ/>
<⸀⸿⹀⺀⺿⻀⼀⼿⽀⽿⾀⾿⿀/>
<、みむむみむダㄿㆿ㇀ㇿ㈀㈿㋿㌀㏿/>

<㐀㐿㗿㘀㛀㛿㟀㟿/>
<㠀㠿㡀㤿㥀㨿㩀㬿㭀㯿/>
<㰀㰿㱀㶿㷀㼿㽀㾿㿀㿿/>
<䀀䀿䅀䅿䆀䊿䋀䍿䎀䏿/>
<䐀䕿䖀䙿䚀䝿䞀䟿/>
<䠀䢿䣀䧿䨀䪿䫀䬿䭀䯿/>
<䰀䱿䲀䴿䵀䶿䷀䷿一丿乀伿佀便俀俿/>
<倀忿怀濿瀀翿耀迿退/>
<ꀀꑿꒀ꒿꓀꓿ꔀꙀꟿꩿꪀꬿꭀꯀ가꿿/>
<뀀뚿뛀밿뱀뿿/>
<쀀쐿쑀엿였쟿저쩿쪀쿿/>
<퀀툿퉀퐿푀휿흀/>
<豈錄鹿ﬀנּﭿﮀﯿ﴿/>
<︿﹀ﹿﺿﻀ＿｀ｿﾀﺀﷰ/>
<�/>

<𐀀𐄀𐄿𐌀𐌿𐍀𐎿𐏀𐒀/>
<𒀀𒀿𒁀𒉿𒊀𒐀𒐿𒒀𒒿/>
<𗀀𗀿𗁀𗇿𗈀𗗿𗘀𗢿𗣀𗿿/>
<𛀀𛃿𝀀𝀿𝁀𝄀𝄿𝈀𝈿𝌀𝌿/>
<𞸀🀀🀿🂿🄀🄿🚀/>

<力>
<א/>
<س/>
<अ/>
<அ/>
<அ/>
<𐍑/>
<🪐/>
<😀/>
</力>

<ÀÖØöøÿĀĿŀſƀƿǀǿƀƿǀǿȀȿɀɿʀʿˀ˿/>
<ͰͽͿ΀οπϿ/>
<ЀпрѿҠҀҿӀӿԀԿՀտրֿ׀׿/>

<؀ؿـٿڀڿۀۿ/>
<܀ܿ݀݀ݿ/>
<ހ޿ހ޿/>
<ࠀ࠿ࡀࢿࣀࣿऀिीॿ/>
<ঀিী৿/>
<౿ൿවවເༀཀ྿࿀/>
<ကႠᄀᅀᆿᇀᇿሀሿቀቿኀዀዿጀጿፀ/>
<ᚿᛀក/>
<ᢿᣀ᧿ᨀᨿᩀ᪀/>
<ᰀ᰿᱀ᲀᴀᴿᵀᵿᶀᶿḀḿṀṿẀếỀỿ/>
<ἀἿὀᾀ᾿῀/>
<a⁰ⁿ₀₿℀ℿ⅀ⅿↀ/>
<ⰀⰿⱀⱿⲀⲿⳀ⳿ⴀⴿⵀⶀⷀⷿ/>
<⸀⸿⹀⺀⺿⻀⼀⼿⽀⽿⾀⾿⿀/>
<、みむむみむダㄿㆿ㇀ㇿ㈀㈿㋿㌀㏿/>

<㐀㐿㗿㘀㛀㛿㟀㟿/>
<㠀㠿㡀㤿㥀㨿㩀㬿㭀㯿/>
<㰀㰿㱀㶿㷀㼿㽀㾿㿀㿿/>
<䀀䀿䅀䅿䆀䊿䋀䍿䎀䏿/>
<䐀䕿䖀䙿䚀䝿䞀䟿/>
<䠀䢿䣀䧿䨀䪿䫀䬿䭀䯿/>
<䰀䱿䲀䴿䵀䶿䷀䷿一丿乀伿佀便俀俿/>
<倀忿怀濿瀀翿耀迿退/>
<ꀀꑿꒀ꒿꓀꓿ꔀꙀꟿꩿꪀꬿꭀꯀ가꿿/>
<뀀뚿뛀밿뱀뿿/>
<쀀쐿쑀엿였쟿저쩿쪀쿿/>
<퀀툿퉀퐿푀휿흀/>
<豈錄鹿ﬀנּﭿﮀﯿ﴿/>
<︿﹀ﹿﺿﻀ＿｀ｿﾀﺀﷰ/>
<�/>

<𐀀𐄀𐄿𐌀𐌿𐍀𐎿𐏀𐒀/>
<𒀀𒀿𒁀𒉿𒊀𒐀𒐿𒒀𒒿/>
<𗀀𗀿𗁀𗇿𗈀𗗿𗘀𗢿𗣀𗿿/>
<𛀀𛃿𝀀𝀿𝁀𝄀𝄿𝈀𝈿𝌀𝌿/>
<𞸀🀀🀿🂿🄀🄿🚀/>

<力>
<א/>
<س/>
<अ/>
<அ/>
<அ/>
<𐍑/>
<🪐/>
<😀/>
</力>

<ÀÖØöøÿĀĿŀſƀƿǀǿƀƿǀǿȀȿɀɿʀʿˀ˿/>
<ͰͽͿ΀οπϿ/>
<ЀпрѿҠҀҿӀӿԀԿՀտրֿ׀׿/>

<؀ؿـٿڀڿۀۿ/>
<܀ܿ݀݀ݿ/>
<ހ޿ހ޿/>
<ࠀ࠿ࡀࢿࣀࣿऀिीॿ/>
<ঀিী৿/>
<౿ൿවවເༀཀ྿࿀/>
<ကႠᄀᅀᆿᇀᇿሀሿቀቿኀዀዿጀጿፀ/>
<ᚿᛀក/>
<ᢿᣀ᧿ᨀᨿᩀ᪀/>
<ᰀ᰿᱀ᲀᴀᴿᵀᵿᶀᶿḀḿṀṿẀếỀỿ/>
<ἀἿὀᾀ᾿῀/>
<a⁰ⁿ₀₿℀ℿ⅀ⅿↀ/>
<ⰀⰿⱀⱿⲀⲿⳀ⳿ⴀⴿⵀⶀⷀⷿ/>
<⸀⸿⹀⺀⺿⻀⼀⼿⽀⽿⾀⾿⿀/>
<、みむむみむダㄿㆿ㇀ㇿ㈀㈿㋿㌀㏿/>

<㐀㐿㗿㘀㛀㛿㟀㟿/>
<㠀㠿㡀㤿㥀㨿㩀㬿㭀㯿/>
<㰀㰿㱀㶿㷀㼿㽀㾿㿀㿿/>
<䀀䀿䅀䅿䆀䊿䋀䍿䎀䏿/>
<䐀䕿䖀䙿䚀䝿䞀䟿/>
<䠀䢿䣀䧿䨀䪿䫀䬿䭀䯿/>
<䰀䱿䲀䴿䵀䶿䷀䷿一丿乀伿佀便俀俿/>
<倀忿怀濿瀀翿耀迿退/>
<ꀀꑿꒀ꒿꓀꓿ꔀꙀꟿꩿꪀꬿꭀꯀ가꿿/>
<뀀뚿뛀밿뱀뿿/>
<쀀쐿쑀엿였쟿저쩿쪀쿿/>
<퀀툿퉀퐿푀휿흀/>
<豈錄鹿ﬀנּﭿﮀﯿ﴿/>
<︿﹀ﹿﺿﻀ＿｀ｿﾀﺀﷰ/>
<�/>

<𐀀𐄀𐄿𐌀𐌿𐍀𐎿𐏀𐒀/>
<𒀀𒀿𒁀𒉿𒊀𒐀𒐿𒒀𒒿/>
<𗀀𗀿𗁀𗇿𗈀𗗿𗘀𗢿𗣀𗿿/>
<𛀀𛃿𝀀𝀿𝁀𝄀𝄿𝈀𝈿𝌀𝌿/>
<𞸀🀀🀿🂿🄀🄿🚀/>

<力>
<א/>
<س/>
<अ/>
<அ/>
<அ/>
<𐍑/>
<🪐/>
<😀/>
</力>

<ÀÖØöøÿĀĿŀſƀƿǀǿƀƿǀǿȀȿɀɿʀʿˀ˿/>
<ͰͽͿ΀οπϿ/>
<ЀпрѿҠҀҿӀӿԀԿՀտրֿ׀׿/>

<؀ؿـٿڀڿۀۿ/>
<܀ܿ݀݀ݿ/>
<ހ޿ހ޿/>
<ࠀ࠿ࡀࢿࣀࣿऀिीॿ/>
<ঀিী৿/>
<౿ൿවවເༀཀ྿࿀/>
<ကႠᄀᅀᆿᇀᇿሀሿቀቿኀዀዿጀጿፀ/>
<ᚿᛀក/>
<ᢿᣀ᧿ᨀᨿᩀ᪀/>
<ᰀ᰿᱀ᲀᴀᴿᵀᵿᶀᶿḀḿṀṿẀếỀỿ/>
<ἀἿὀᾀ᾿῀/>
<a⁰ⁿ₀₿℀ℿ⅀ⅿↀ/>
<ⰀⰿⱀⱿⲀⲿⳀ⳿ⴀⴿⵀⶀⷀⷿ/>
<⸀⸿⹀⺀⺿⻀⼀⼿⽀⽿⾀⾿⿀/>
<、みむむみむダㄿㆿ㇀ㇿ㈀㈿㋿㌀㏿/>

<㐀㐿㗿㘀㛀㛿㟀㟿/>
<㠀㠿㡀㤿㥀㨿㩀㬿㭀㯿/>
<㰀㰿㱀㶿㷀㼿㽀㾿㿀㿿/>
<䀀䀿䅀䅿䆀䊿䋀䍿䎀䏿/>
<䐀䕿䖀䙿䚀䝿䞀䟿/>
<䠀䢿䣀䧿䨀䪿䫀䬿䭀䯿/>
<䰀䱿䲀䴿䵀䶿䷀䷿一丿乀伿佀便俀俿/>
<倀忿怀濿瀀翿耀迿退/>
<ꀀꑿꒀ꒿꓀꓿ꔀꙀꟿꩿꪀꬿꭀꯀ가꿿/>
<뀀뚿뛀밿뱀뿿/>
<쀀쐿쑀엿였쟿저쩿쪀쿿/>
<퀀툿퉀퐿푀휿흀/>
<豈錄鹿ﬀנּﭿﮀﯿ﴿/>
<︿﹀ﹿﺿﻀ＿｀ｿﾀﺀﷰ/>
<�/>

<𐀀𐄀𐄿𐌀𐌿𐍀𐎿𐏀𐒀/>
<𒀀𒀿𒁀𒉿𒊀𒐀𒐿𒒀𒒿/>
<𗀀𗀿𗁀𗇿𗈀𗗿𗘀𗢿𗣀𗿿/>
<𛀀𛃿𝀀𝀿𝁀𝄀𝄿𝈀𝈿𝌀𝌿/>
<𞸀🀀🀿🂿🄀🄿🚀/>

<力>
<א/>
<س/>
<अ/>
<அ/>
<அ/>
<𐍑/>
<🪐/>
<😀/>
</力>

<ÀÖØöøÿĀĿŀſƀƿǀǿƀƿǀǿȀȿɀɿʀʿˀ˿/>
<ͰͽͿ΀οπϿ/>
<ЀпрѿҠҀҿӀӿԀԿՀտրֿ׀׿/>

<؀ؿـٿڀڿۀۿ/>
<܀ܿ݀݀ݿ/>
<ހ޿ހ޿/>
<ࠀ࠿ࡀࢿࣀࣿऀिीॿ/>
<ঀিী৿/>
<౿ൿවවເༀཀ྿࿀/>
<ကႠᄀᅀᆿᇀᇿሀሿቀቿኀዀዿጀጿፀ/>
<ᚿᛀក/>
<ᢿᣀ᧿ᨀᨿᩀ᪀/>
<ᰀ᰿᱀ᲀᴀᴿᵀᵿᶀᶿḀḿṀṿẀếỀỿ/>
<ἀἿὀᾀ᾿῀/>
<a⁰ⁿ₀₿℀ℿ⅀ⅿↀ/>
<ⰀⰿⱀⱿⲀⲿⳀ⳿ⴀⴿⵀⶀⷀⷿ/>
<⸀⸿⹀⺀⺿⻀⼀⼿⽀⽿⾀⾿⿀/>
<、みむむみむダㄿㆿ㇀ㇿ㈀㈿㋿㌀㏿/>

<㐀㐿㗿㘀㛀㛿㟀㟿/>
<㠀㠿㡀㤿㥀㨿㩀㬿㭀㯿/>
<㰀㰿㱀㶿㷀㼿㽀㾿㿀㿿/>
<䀀䀿䅀䅿䆀䊿䋀䍿䎀䏿/>
<䐀䕿䖀䙿䚀䝿䞀䟿/>
<䠀䢿䣀䧿䨀䪿䫀䬿䭀䯿/>
<䰀䱿䲀䴿䵀䶿䷀䷿一丿乀伿佀便俀俿/>
<倀忿怀濿瀀翿耀迿退/>
<ꀀꑿꒀ꒿꓀꓿ꔀꙀꟿꩿꪀꬿꭀꯀ가꿿/>
<뀀뚿뛀밿뱀뿿/>
<쀀쐿쑀엿였쟿저쩿쪀쿿/>
<퀀툿퉀퐿푀휿흀/>
<豈錄鹿ﬀנּﭿﮀﯿ﴿/>
<︿﹀ﹿﺿﻀ＿｀ｿﾀﺀﷰ/>
<�/>

<𐀀𐄀𐄿𐌀𐌿𐍀𐎿𐏀𐒀/>
<𒀀𒀿𒁀𒉿𒊀𒐀𒐿𒒀𒒿/>
<𗀀𗀿𗁀𗇿𗈀𗗿𗘀𗢿𗣀𗿿/>
<𛀀𛃿𝀀𝀿𝁀𝄀𝄿𝈀𝈿𝌀𝌿/>
<𞸀🀀🀿🂿🄀🄿🚀/>

<力>
<א/>
<س/>
<अ/>
<அ/>
<அ/>
<𐍑/>
<🪐/>
<😀/>
</力>

<ÀÖØöøÿĀĿŀſƀƿǀǿƀƿǀǿȀȿɀɿʀʿˀ˿/>
<ͰͽͿ΀οπϿ/>
<ЀпрѿҠҀҿӀӿԀԿՀտրֿ׀׿/>

<؀ؿـٿڀڿۀۿ/>
<܀ܿ݀݀ݿ/>
<ހ޿ހ޿/>
<ࠀ࠿ࡀࢿࣀࣿऀिीॿ/>
<ঀিী৿/>
<౿ൿවවເༀཀ྿࿀/>
<ကႠᄀᅀᆿᇀᇿሀሿቀቿኀዀዿጀጿፀ/>
<ᚿᛀក/>
<ᢿᣀ᧿ᨀᨿᩀ᪀/>
<ᰀ᰿᱀ᲀᴀᴿᵀᵿᶀᶿḀḿṀṿẀếỀỿ/>
<ἀἿὀᾀ᾿῀/>
<a⁰ⁿ₀₿℀ℿ⅀ⅿↀ/>
<ⰀⰿⱀⱿⲀⲿⳀ⳿ⴀⴿⵀⶀⷀⷿ/>
<⸀⸿⹀⺀⺿⻀⼀⼿⽀⽿⾀⾿⿀/>
<、みむむみむダㄿㆿ㇀ㇿ㈀㈿㋿㌀㏿/>

<㐀㐿㗿㘀㛀㛿㟀㟿/>
<㠀㠿㡀㤿㥀㨿㩀㬿㭀㯿/>
<㰀㰿㱀㶿㷀㼿㽀㾿㿀㿿/>
<䀀䀿䅀䅿䆀䊿䋀䍿䎀䏿/>
<䐀䕿䖀䙿䚀䝿䞀䟿/>
<䠀䢿䣀䧿䨀䪿䫀䬿䭀䯿/>
<䰀䱿䲀䴿䵀䶿䷀䷿一丿乀伿佀便俀俿/>
<倀忿怀濿瀀翿耀迿退/>
<ꀀꑿꒀ꒿꓀꓿ꔀꙀꟿꩿꪀꬿꭀꯀ가꿿/>
<뀀뚿뛀밿뱀뿿/>
<쀀쐿쑀엿였쟿저쩿쪀쿿/>
<퀀툿퉀퐿푀휿흀/>
<豈錄鹿ﬀנּﭿﮀﯿ﴿/>
<︿﹀ﹿﺿﻀ＿｀ｿﾀﺀﷰ/>
<�/>

<𐀀𐄀𐄿𐌀𐌿𐍀𐎿𐏀𐒀/>
<𒀀𒀿𒁀𒉿𒊀𒐀𒐿𒒀𒒿/>
<𗀀𗀿𗁀𗇿𗈀𗗿𗘀𗢿𗣀𗿿/>
<𛀀𛃿𝀀𝀿𝁀𝄀𝄿𝈀𝈿𝌀𝌿/>
<𞸀🀀🀿🂿🄀🄿🚀/>

<力>
<א/>
<س/>
<अ/>
<அ/>
<அ/>
<𐍑/>
<🪐/>
<😀/>
</力>

<ÀÖØöøÿĀĿŀſƀƿǀǿƀƿǀǿȀȿɀɿʀʿˀ˿/>
<ͰͽͿ΀οπϿ/>
<ЀпрѿҠҀҿӀӿԀԿՀտրֿ׀׿/>

<؀ؿـٿڀڿۀۿ/>
<܀ܿ݀݀ݿ/>
<ހ޿ހ޿/>
<ࠀ࠿ࡀࢿࣀࣿऀिीॿ/>
<ঀিী৿/>
<౿ൿවවເༀཀ྿࿀/>
<ကႠᄀᅀᆿᇀᇿሀሿቀቿኀዀዿጀጿፀ/>
<ᚿᛀក/>
<ᢿᣀ᧿ᨀᨿᩀ᪀/>
<ᰀ᰿᱀ᲀᴀᴿᵀᵿᶀᶿḀḿṀṿẀếỀỿ/>
<ἀἿὀᾀ᾿῀/>
<a⁰ⁿ₀₿℀ℿ⅀ⅿↀ/>
<ⰀⰿⱀⱿⲀⲿⳀ⳿ⴀⴿⵀⶀⷀⷿ/>
<⸀⸿⹀⺀⺿⻀⼀⼿⽀⽿⾀⾿⿀/>
<、みむむみむダㄿㆿ㇀ㇿ㈀㈿㋿㌀㏿/>

<㐀㐿㗿㘀㛀㛿㟀㟿/>
<㠀㠿㡀㤿㥀㨿㩀㬿㭀㯿/>
<㰀㰿㱀㶿㷀㼿㽀㾿㿀㿿/>
<䀀䀿䅀䅿䆀䊿䋀䍿䎀䏿/>
<䐀䕿䖀䙿䚀䝿䞀䟿/>
<䠀䢿䣀䧿䨀䪿䫀䬿䭀䯿/>
<䰀䱿䲀䴿䵀䶿䷀䷿一丿乀伿佀便俀俿/>
<倀忿怀濿瀀翿耀迿退/>
<ꀀꑿꒀ꒿꓀꓿ꔀꙀꟿꩿꪀꬿꭀꯀ가꿿/>
<뀀뚿뛀밿뱀뿿/>
<쀀쐿쑀엿였쟿저쩿쪀쿿/>
<퀀툿퉀퐿푀휿흀/>
<豈錄鹿ﬀנּﭿﮀﯿ﴿/>
<︿﹀ﹿﺿﻀ＿｀ｿﾀﺀﷰ/>
<�/>

<𐀀𐄀𐄿𐌀𐌿𐍀𐎿𐏀𐒀/>
<𒀀𒀿𒁀𒉿𒊀𒐀𒐿𒒀𒒿/>
<𗀀𗀿𗁀𗇿𗈀𗗿𗘀𗢿𗣀𗿿/>
<𛀀𛃿𝀀𝀿𝁀𝄀𝄿𝈀𝈿𝌀𝌿/>
<𞸀🀀🀿🂿🄀🄿🚀/>

<力>
<א/>
<س/>
<अ/>
<அ/>
<அ/>
<𐍑/>
<🪐/>
<😀/>
</力>

<ÀÖØöøÿĀĿŀſƀƿǀǿƀƿǀǿȀȿɀɿʀʿˀ˿/>
<ͰͽͿ΀οπϿ/>
<ЀпрѿҠҀҿӀӿԀԿՀտրֿ׀׿/>

<؀ؿـٿڀڿۀۿ/>
<܀ܿ݀݀ݿ/>
<ހ޿ހ޿/>
<ࠀ࠿ࡀࢿࣀࣿऀिीॿ/>
<ঀিী৿/>
<౿ൿවවເༀཀ྿࿀/>
<ကႠᄀᅀᆿᇀᇿሀሿቀቿኀዀዿጀጿፀ/>
<ᚿᛀក/>
<ᢿᣀ᧿ᨀᨿᩀ᪀/>
<ᰀ᰿᱀ᲀᴀᴿᵀᵿᶀᶿḀḿṀṿẀếỀỿ/>
<ἀἿὀᾀ᾿῀/>
<a⁰ⁿ₀₿℀ℿ⅀ⅿↀ/>
<ⰀⰿⱀⱿⲀⲿⳀ⳿ⴀⴿⵀⶀⷀⷿ/>
<⸀⸿⹀⺀⺿⻀⼀⼿⽀⽿⾀⾿⿀/>
<、みむむみむダㄿㆿ㇀ㇿ㈀㈿㋿㌀㏿/>

<㐀㐿㗿㘀㛀㛿㟀㟿/>
<㠀㠿㡀㤿㥀㨿㩀㬿㭀㯿/>
<㰀㰿㱀㶿㷀㼿㽀㾿㿀㿿/>
<䀀䀿䅀䅿䆀䊿䋀䍿䎀䏿/>
<䐀䕿䖀䙿䚀䝿䞀䟿/>
<䠀䢿䣀䧿䨀䪿䫀䬿䭀䯿/>
<䰀䱿䲀䴿䵀䶿䷀䷿一丿乀伿佀便俀俿/>
<倀忿怀濿瀀翿耀迿退/>
<ꀀꑿꒀ꒿꓀꓿ꔀꙀꟿꩿꪀꬿꭀꯀ가꿿/>
<뀀뚿뛀밿뱀뿿/>
<쀀쐿쑀엿였쟿저쩿쪀쿿/>
<퀀툿퉀퐿푀휿흀/>
<豈錄鹿ﬀנּﭿﮀﯿ﴿/>
<︿﹀ﹿﺿﻀ＿｀ｿﾀﺀﷰ/>
<�/>

<𐀀𐄀𐄿𐌀𐌿𐍀𐎿𐏀𐒀/>
<𒀀𒀿𒁀𒉿𒊀𒐀𒐿𒒀𒒿/>
<𗀀𗀿𗁀𗇿𗈀𗗿𗘀𗢿𗣀𗿿/>
<𛀀𛃿𝀀𝀿𝁀𝄀𝄿𝈀𝈿𝌀𝌿/>
<𞸀🀀🀿🂿🄀🄿🚀/>

<力>
<א/>
<س/>
<अ/>
<அ/>
<அ/>
<𐍑/>
<🪐/>
<😀/>
</力>

<ÀÖØöøÿĀĿŀſƀƿǀǿƀƿǀǿȀȿɀɿʀʿˀ˿/>
<ͰͽͿ΀οπϿ/>
<ЀпрѿҠҀҿӀӿԀԿՀտրֿ׀׿/>

<؀ؿـٿڀڿۀۿ/>
<܀ܿ݀݀ݿ/>
<ހ޿ހ޿/>
<ࠀ࠿ࡀࢿࣀࣿऀिीॿ/>
<ঀিী৿/>
<౿ൿවවເༀཀ྿࿀/>
<ကႠᄀᅀᆿᇀᇿሀሿቀቿኀዀዿጀጿፀ/>
<ᚿᛀក/>
<ᢿᣀ᧿ᨀᨿᩀ᪀/>
<ᰀ᰿᱀ᲀᴀᴿᵀᵿᶀᶿḀḿṀṿẀếỀỿ/>
<ἀἿὀᾀ᾿῀/>
<a⁰ⁿ₀₿℀ℿ⅀ⅿↀ/>
<ⰀⰿⱀⱿⲀⲿⳀ⳿ⴀⴿⵀⶀⷀⷿ/>
<⸀⸿⹀⺀⺿⻀⼀⼿⽀⽿⾀⾿⿀/>
<、みむむみむダㄿㆿ㇀ㇿ㈀㈿㋿㌀㏿/>

<㐀㐿㗿㘀㛀㛿㟀㟿/>
<㠀㠿㡀㤿㥀㨿㩀㬿㭀㯿/>
<㰀㰿㱀㶿㷀㼿㽀㾿㿀㿿/>
<䀀䀿䅀䅿䆀䊿䋀䍿䎀䏿/>
<䐀䕿䖀䙿䚀䝿䞀䟿/>
<䠀䢿䣀䧿䨀䪿䫀䬿䭀䯿/>
<䰀䱿䲀䴿䵀䶿䷀䷿一丿乀伿佀便俀俿/>
<倀忿怀濿瀀翿耀迿退/>
<ꀀꑿꒀ꒿꓀꓿ꔀꙀꟿꩿꪀꬿꭀꯀ가꿿/>
<뀀뚿뛀밿뱀뿿/>
<쀀쐿쑀엿였쟿저쩿쪀쿿/>
<퀀툿퉀퐿푀휿흀/>
<豈錄鹿ﬀנּﭿﮀﯿ﴿/>
<︿﹀ﹿﺿﻀ＿｀ｿﾀﺀﷰ/>
<�/>

<𐀀𐄀𐄿𐌀𐌿𐍀𐎿𐏀𐒀/>
<𒀀𒀿𒁀𒉿𒊀𒐀𒐿𒒀𒒿/>
<𗀀𗀿𗁀𗇿𗈀𗗿𗘀𗢿𗣀𗿿/>
<𛀀𛃿𝀀𝀿𝁀𝄀𝄿𝈀𝈿𝌀𝌿/>
<𞸀🀀🀿🂿🄀🄿🚀/>

<力>
<א/>
<س/>
<अ/>
<அ/>
<அ/>
<𐍑/>
<🪐/>
<😀/>
</力>

<ÀÖØöøÿĀĿŀſƀƿǀǿƀƿǀǿȀȿɀɿʀʿˀ˿/>
<ͰͽͿ΀οπϿ/>
<ЀпрѿҠҀҿӀӿԀԿՀտրֿ׀׿/>

<؀ؿـٿڀڿۀۿ/>
<܀ܿ݀݀ݿ/>
<ހ޿ހ޿/>
<ࠀ࠿ࡀࢿࣀࣿऀिीॿ/>
<ঀিী৿/>
<౿ൿවවເༀཀ྿࿀/>
<ကႠᄀᅀᆿᇀᇿሀሿቀቿኀዀዿጀጿፀ/>
<ᚿᛀក/>
<ᢿᣀ᧿ᨀᨿᩀ᪀/>
<ᰀ᰿᱀ᲀᴀᴿᵀᵿᶀᶿḀḿṀṿẀếỀỿ/>
<ἀἿὀᾀ᾿῀/>
<a⁰ⁿ₀₿℀ℿ⅀ⅿↀ/>
<ⰀⰿⱀⱿⲀⲿⳀ⳿ⴀⴿⵀⶀⷀⷿ/>
<⸀⸿⹀⺀⺿⻀⼀⼿⽀⽿⾀⾿⿀/>
<、みむむみむダㄿㆿ㇀ㇿ㈀㈿㋿㌀㏿/>

<㐀㐿㗿㘀㛀㛿㟀㟿/>
<㠀㠿㡀㤿㥀㨿㩀㬿㭀㯿/>
<㰀㰿㱀㶿㷀㼿㽀㾿㿀㿿/>
<䀀䀿䅀䅿䆀䊿䋀䍿䎀䏿/>
<䐀䕿䖀䙿䚀䝿䞀䟿/>
<䠀䢿䣀䧿䨀䪿䫀䬿䭀䯿/>
<䰀䱿䲀䴿䵀䶿䷀䷿一丿乀伿佀便俀俿/>
<倀忿怀濿瀀翿耀迿退/>
<ꀀꑿꒀ꒿꓀꓿ꔀꙀꟿꩿꪀꬿꭀꯀ가꿿/>
<뀀뚿뛀밿뱀뿿/>
<쀀쐿쑀엿였쟿저쩿쪀쿿/>
<퀀툿퉀퐿푀휿흀/>
<豈錄鹿ﬀנּﭿﮀﯿ﴿/>
<︿﹀ﹿﺿﻀ＿｀ｿﾀﺀﷰ/>
<�/>

<𐀀𐄀𐄿𐌀𐌿𐍀𐎿𐏀𐒀/>
<𒀀𒀿𒁀𒉿𒊀𒐀𒐿𒒀𒒿/>
<𗀀𗀿𗁀𗇿𗈀𗗿𗘀𗢿𗣀𗿿/>
<𛀀𛃿𝀀𝀿𝁀𝄀𝄿𝈀𝈿𝌀𝌿/>
<𞸀🀀🀿🂿🄀🄿🚀/>

<力>
<א/>
<س/>
<अ/>
<அ/>
<அ/>
<𐍑/>
<🪐/>
<😀/>
</力>

<ÀÖØöøÿĀĿŀſƀƿǀǿƀƿǀǿȀȿɀɿʀʿˀ˿/>
<ͰͽͿ΀οπϿ/>
<ЀпрѿҠҀҿӀӿԀԿՀտրֿ׀׿/>

<؀ؿـٿڀڿۀۿ/>
<܀ܿ݀݀ݿ/>
<ހ޿ހ޿/>
<ࠀ࠿ࡀࢿࣀࣿऀिीॿ/>
<ঀিী৿/>
<౿ൿවවເༀཀ྿࿀/>
<ကႠᄀᅀᆿᇀᇿሀሿቀቿኀዀዿጀጿፀ/>
<ᚿᛀក/>
<ᢿᣀ᧿ᨀᨿᩀ᪀/>
<ᰀ᰿᱀ᲀᴀᴿᵀᵿᶀᶿḀḿṀṿẀếỀỿ/>
<ἀἿὀᾀ᾿῀/>
<a⁰ⁿ₀₿℀ℿ⅀ⅿↀ/>
<ⰀⰿⱀⱿⲀⲿⳀ⳿ⴀⴿⵀⶀⷀⷿ/>
<⸀⸿⹀⺀⺿⻀⼀⼿⽀⽿⾀⾿⿀/>
<、みむむみむダㄿㆿ㇀ㇿ㈀㈿㋿㌀㏿/>

<㐀㐿㗿㘀㛀㛿㟀㟿/>
<㠀㠿㡀㤿㥀㨿㩀㬿㭀㯿/>
<㰀㰿㱀㶿㷀㼿㽀㾿㿀㿿/>
<䀀䀿䅀䅿䆀䊿䋀䍿䎀䏿/>
<䐀䕿䖀䙿䚀䝿䞀䟿/>
<䠀䢿䣀䧿䨀䪿䫀䬿䭀䯿/>
<䰀䱿䲀䴿䵀䶿䷀䷿一丿乀伿佀便俀俿/>
<倀忿怀濿瀀翿耀迿退/>
<ꀀꑿꒀ꒿꓀꓿ꔀꙀꟿꩿꪀꬿꭀꯀ가꿿/>
<뀀뚿뛀밿뱀뿿/>
<쀀쐿쑀엿였쟿저쩿쪀쿿/>
<퀀툿퉀퐿푀휿흀/>
<豈錄鹿ﬀנּﭿﮀﯿ﴿/>
<︿﹀ﹿﺿﻀ＿｀ｿﾀﺀﷰ/>
<�/>

<𐀀𐄀𐄿𐌀𐌿𐍀𐎿𐏀𐒀/>
<𒀀𒀿𒁀𒉿𒊀𒐀𒐿𒒀𒒿/>
<𗀀𗀿𗁀𗇿𗈀𗗿𗘀𗢿𗣀𗿿/>
<𛀀𛃿𝀀𝀿𝁀𝄀𝄿𝈀𝈿𝌀𝌿/>
<𞸀🀀🀿🂿🄀🄿🚀/>

<力>
<א/>
<س/>
<अ/>
<அ/>
<அ/>
<𐍑/>
<🪐/>
<😀/>
</力>

<ÀÖØöøÿĀĿŀſƀƿǀǿƀƿǀǿȀȿɀɿʀʿˀ˿/>
<ͰͽͿ΀οπϿ/>
<ЀпрѿҠҀҿӀӿԀԿՀտրֿ׀׿/>

<؀ؿـٿڀڿۀۿ/>
<܀ܿ݀݀ݿ/>
<ހ޿ހ޿/>
<ࠀ࠿ࡀࢿࣀࣿऀिीॿ/>
<ঀিী৿/>
<౿ൿවවເༀཀ྿࿀/>
<ကႠᄀᅀᆿᇀᇿሀሿቀቿኀዀዿጀጿፀ/>
<ᚿᛀក/>
<ᢿᣀ᧿ᨀᨿᩀ᪀/>
<ᰀ᰿᱀ᲀᴀᴿᵀᵿᶀᶿḀḿṀṿẀếỀỿ/>
<ἀἿὀᾀ᾿῀/>
<a⁰ⁿ₀₿℀ℿ⅀ⅿↀ/>
<ⰀⰿⱀⱿⲀⲿⳀ⳿ⴀⴿⵀⶀⷀⷿ/>
<⸀⸿⹀⺀⺿⻀⼀⼿⽀⽿⾀⾿⿀/>
<、みむむみむダㄿㆿ㇀ㇿ㈀㈿㋿㌀㏿/>

<㐀㐿㗿㘀㛀㛿㟀㟿/>
<㠀㠿㡀㤿㥀㨿㩀㬿㭀㯿/>
<㰀㰿㱀㶿㷀㼿㽀㾿㿀㿿/>
<䀀䀿䅀䅿䆀䊿䋀䍿䎀䏿/>
<䐀䕿䖀䙿䚀䝿䞀䟿/>
<䠀䢿䣀䧿䨀䪿䫀䬿䭀䯿/>
<䰀䱿䲀䴿䵀䶿䷀䷿一丿乀伿佀便俀俿/>
<倀忿怀濿瀀翿耀迿退/>
<ꀀꑿꒀ꒿꓀꓿ꔀꙀꟿꩿꪀꬿꭀꯀ가꿿/>
<뀀뚿뛀밿뱀뿿/>
<쀀쐿쑀엿였쟿저쩿쪀쿿/>
<퀀툿퉀퐿푀휿흀/>
<豈錄鹿ﬀנּﭿﮀﯿ﴿/>
<︿﹀ﹿﺿﻀ＿｀ｿﾀﺀﷰ/>
<�/>

<𐀀𐄀𐄿𐌀𐌿𐍀𐎿𐏀𐒀/>
<𒀀𒀿𒁀𒉿𒊀𒐀𒐿𒒀𒒿/>
<𗀀𗀿𗁀𗇿𗈀𗗿𗘀𗢿𗣀𗿿/>
<𛀀𛃿𝀀𝀿𝁀𝄀𝄿𝈀𝈿𝌀𝌿/>
<𞸀🀀🀿🂿🄀🄿🚀/>

<力>
<א/>
<س/>
<अ/>
<அ/>
<அ/>
<𐍑/>
<🪐/>
<😀/>
</力>

<ÀÖØöøÿĀĿŀſƀƿǀǿƀƿǀǿȀȿɀɿʀʿˀ˿/>
<ͰͽͿ΀οπϿ/>
<ЀпрѿҠҀҿӀӿԀԿՀտրֿ׀׿/>

<؀ؿـٿڀڿۀۿ/>
<܀ܿ݀݀ݿ/>
<ހ޿ހ޿/>
<ࠀ࠿ࡀࢿࣀࣿऀिीॿ/>
<ঀিী৿/>
<౿ൿවවເༀཀ྿࿀/>
<ကႠᄀᅀᆿᇀᇿሀሿቀቿኀዀዿጀጿፀ/>
<ᚿᛀក/>
<ᢿᣀ᧿ᨀᨿᩀ᪀/>
<ᰀ᰿᱀ᲀᴀᴿᵀᵿᶀᶿḀḿṀṿẀếỀỿ/>
<ἀἿὀᾀ᾿῀/>
<a⁰ⁿ₀₿℀ℿ⅀ⅿↀ/>
<ⰀⰿⱀⱿⲀⲿⳀ⳿ⴀⴿⵀⶀⷀⷿ/>
<⸀⸿⹀⺀⺿⻀⼀⼿⽀⽿⾀⾿⿀/>
<、みむむみむダㄿㆿ㇀ㇿ㈀㈿㋿㌀㏿/>

<㐀㐿㗿㘀㛀㛿㟀㟿/>
<㠀㠿㡀㤿㥀㨿㩀㬿㭀㯿/>
<㰀㰿㱀㶿㷀㼿㽀㾿㿀㿿/>
<䀀䀿䅀䅿䆀䊿䋀䍿䎀䏿/>
<䐀䕿䖀䙿䚀䝿䞀䟿/>
<䠀䢿䣀䧿䨀䪿䫀䬿䭀䯿/>
<䰀䱿䲀䴿䵀䶿䷀䷿一丿乀伿佀便俀俿/>
<倀忿怀濿瀀翿耀迿退/>
<ꀀꑿꒀ꒿꓀꓿ꔀꙀꟿꩿꪀꬿꭀꯀ가꿿/>
<뀀뚿뛀밿뱀뿿/>
<쀀쐿쑀엿였쟿저쩿쪀쿿/>
<퀀툿퉀퐿푀휿흀/>
<豈錄鹿ﬀנּﭿﮀﯿ﴿/>
<︿﹀ﹿﺿﻀ＿｀ｿﾀﺀﷰ/>
<�/>

<𐀀𐄀𐄿𐌀𐌿𐍀𐎿𐏀𐒀/>
<𒀀𒀿𒁀𒉿𒊀𒐀𒐿𒒀𒒿/>
<𗀀𗀿𗁀𗇿𗈀𗗿𗘀𗢿𗣀𗿿/>
<𛀀𛃿𝀀𝀿𝁀𝄀𝄿𝈀𝈿𝌀𝌿/>
<𞸀🀀🀿🂿🄀🄿🚀/>

<力>
<א/>
<س/>
<अ/>
<அ/>
<அ/>
<𐍑/>
<🪐/>
<😀/>
</力>

<ÀÖØöøÿĀĿŀſƀƿǀǿƀƿǀǿȀȿɀɿʀʿˀ˿/>
<ͰͽͿ΀οπϿ/>
<ЀпрѿҠҀҿӀӿԀԿՀտրֿ׀׿/>

<؀ؿـٿڀڿۀۿ/>
<܀ܿ݀݀ݿ/>
<ހ޿ހ޿/>
<ࠀ࠿ࡀࢿࣀࣿऀिीॿ/>
<ঀিী৿/>
<౿ൿවවເༀཀ྿࿀/>
<ကႠᄀᅀᆿᇀᇿሀሿቀቿኀዀዿጀጿፀ/>
<ᚿᛀក/>
<ᢿᣀ᧿ᨀᨿᩀ᪀/>
<ᰀ᰿᱀ᲀᴀᴿᵀᵿᶀᶿḀḿṀṿẀếỀỿ/>
<ἀἿὀᾀ᾿῀/>
<a⁰ⁿ₀₿℀ℿ⅀ⅿↀ/>
<ⰀⰿⱀⱿⲀⲿⳀ⳿ⴀⴿⵀⶀⷀⷿ/>
<⸀⸿⹀⺀⺿⻀⼀⼿⽀⽿⾀⾿⿀/>
<、みむむみむダㄿㆿ㇀ㇿ㈀㈿㋿㌀㏿/>

<㐀㐿㗿㘀㛀㛿㟀㟿/>
<㠀㠿㡀㤿㥀㨿㩀㬿㭀㯿/>
<㰀㰿㱀㶿㷀㼿㽀㾿㿀㿿/>
<䀀䀿䅀䅿䆀䊿䋀䍿䎀䏿/>
<䐀䕿䖀䙿䚀䝿䞀䟿/>
<䠀䢿䣀䧿䨀䪿䫀䬿䭀䯿/>
<䰀䱿䲀䴿䵀䶿䷀䷿一丿乀伿佀便俀俿/>
<倀忿怀濿瀀翿耀迿退/>
<ꀀꑿꒀ꒿꓀꓿ꔀꙀꟿꩿꪀꬿꭀꯀ가꿿/>
<뀀뚿뛀밿뱀뿿/>
<쀀쐿쑀엿였쟿저쩿쪀쿿/>
<퀀툿퉀퐿푀휿흀/>
<豈錄鹿ﬀנּﭿﮀﯿ﴿/>
<︿﹀ﹿﺿﻀ＿｀ｿﾀﺀﷰ/>
<�/>

<𐀀𐄀𐄿𐌀𐌿𐍀𐎿𐏀𐒀/>
<𒀀𒀿𒁀𒉿𒊀𒐀𒐿𒒀𒒿/>
<𗀀𗀿𗁀𗇿𗈀𗗿𗘀𗢿𗣀𗿿/>
<𛀀𛃿𝀀𝀿𝁀𝄀𝄿𝈀𝈿𝌀𝌿/>
<𞸀🀀🀿🂿🄀🄿🚀/>

<力>
<א/>
<س/>
<अ/>
<அ/>
<அ/>
<𐍑/>
<🪐/>
<😀/>
</力>

<ÀÖØöøÿĀĿŀſƀƿǀǿƀƿǀǿȀȿɀɿʀʿˀ˿/>
<ͰͽͿ΀οπϿ/>
<ЀпрѿҠҀҿӀӿԀԿՀտրֿ׀׿/>

<؀ؿـٿڀڿۀۿ/>
<܀ܿ݀݀ݿ/>
<ހ޿ހ޿/>
<ࠀ࠿ࡀࢿࣀࣿऀिीॿ/>
<ঀিী৿/>
<౿ൿවවເༀཀ྿࿀/>
<ကႠᄀᅀᆿᇀᇿሀሿቀቿኀዀዿጀጿፀ/>
<ᚿᛀក/>
<ᢿᣀ᧿ᨀᨿᩀ᪀/>
<ᰀ᰿᱀ᲀᴀᴿᵀᵿᶀᶿḀḿṀṿẀếỀỿ/>
<ἀἿὀᾀ᾿῀/>
<a⁰ⁿ₀₿℀ℿ⅀ⅿↀ/>
<ⰀⰿⱀⱿⲀⲿⳀ⳿ⴀⴿⵀⶀⷀⷿ/>
<⸀⸿⹀⺀⺿⻀⼀⼿⽀⽿⾀⾿⿀/>
<、みむむみむダㄿㆿ㇀ㇿ㈀㈿㋿㌀㏿/>

<㐀㐿㗿㘀㛀㛿㟀㟿/>
<㠀㠿㡀㤿㥀㨿㩀㬿㭀㯿/>
<㰀㰿㱀㶿㷀㼿㽀㾿㿀㿿/>
<䀀䀿䅀䅿䆀䊿䋀䍿䎀䏿/>
<䐀䕿䖀䙿䚀䝿䞀䟿/>
<䠀䢿䣀䧿䨀䪿䫀䬿䭀䯿/>
<䰀䱿䲀䴿䵀䶿䷀䷿一丿乀伿佀便俀俿/>
<倀忿怀濿瀀翿耀迿退/>
<ꀀꑿꒀ꒿꓀꓿ꔀꙀꟿꩿꪀꬿꭀꯀ가꿿/>
<뀀뚿뛀밿뱀뿿/>
<쀀쐿쑀엿였쟿저쩿쪀쿿/>
<퀀툿퉀퐿푀휿흀/>
<豈錄鹿ﬀנּﭿﮀﯿ﴿/>
<︿﹀ﹿﺿﻀ＿｀ｿﾀﺀﷰ/>
<�/>

<𐀀𐄀𐄿𐌀𐌿𐍀𐎿𐏀𐒀/>
<𒀀𒀿𒁀𒉿𒊀𒐀𒐿𒒀𒒿/>
<𗀀𗀿𗁀𗇿𗈀𗗿𗘀𗢿𗣀𗿿/>
<𛀀𛃿𝀀𝀿𝁀𝄀𝄿𝈀𝈿𝌀𝌿/>
<𞸀🀀🀿🂿🄀🄿🚀/>

<力>
<א/>
<س/>
<अ/>
<அ/>
<அ/>
<𐍑/>
<🪐/>
<😀/>
</力>

<ÀÖØöøÿĀĿŀſƀƿǀǿƀƿǀǿȀȿɀɿʀʿˀ˿/>
<ͰͽͿ΀οπϿ/>
<ЀпрѿҠҀҿӀӿԀԿՀտրֿ׀׿/>

<؀ؿـٿڀڿۀۿ/>
<܀ܿ݀݀ݿ/>
<ހ޿ހ޿/>
<ࠀ࠿ࡀࢿࣀࣿऀिीॿ/>
<ঀিী৿/>
<౿ൿවවເༀཀ྿࿀/>
<ကႠᄀᅀᆿᇀᇿሀሿቀቿኀዀዿጀጿፀ/>
<ᚿᛀក/>
<ᢿᣀ᧿ᨀᨿᩀ᪀/>
<ᰀ᰿᱀ᲀᴀᴿᵀᵿᶀᶿḀḿṀṿẀếỀỿ/>
<ἀἿὀᾀ᾿῀/>
<a⁰ⁿ₀₿℀ℿ⅀ⅿↀ/>
<ⰀⰿⱀⱿⲀⲿⳀ⳿ⴀⴿⵀⶀⷀⷿ/>
<⸀⸿⹀⺀⺿⻀⼀⼿⽀⽿⾀⾿⿀/>
<、みむむみむダㄿㆿ㇀ㇿ㈀㈿㋿㌀㏿/>

<㐀㐿㗿㘀㛀㛿㟀㟿/>
<㠀㠿㡀㤿㥀㨿㩀㬿㭀㯿/>
<㰀㰿㱀㶿㷀㼿㽀㾿㿀㿿/>
<䀀䀿䅀䅿䆀䊿䋀䍿䎀䏿/>
<䐀䕿䖀䙿䚀䝿䞀䟿/>
<䠀䢿䣀䧿䨀䪿䫀䬿䭀䯿/>
<䰀䱿䲀䴿䵀䶿䷀䷿一丿乀伿佀便俀俿/>
<倀忿怀濿瀀翿耀迿退/>
<ꀀꑿꒀ꒿꓀꓿ꔀꙀꟿꩿꪀꬿꭀꯀ가꿿/>
<뀀뚿뛀밿뱀뿿/>
<쀀쐿쑀엿였쟿저쩿쪀쿿/>
<퀀툿퉀퐿푀휿흀/>
<豈錄鹿ﬀנּﭿﮀﯿ﴿/>
<︿﹀ﹿﺿﻀ＿｀ｿﾀﺀﷰ/>
<�/>

<𐀀𐄀𐄿𐌀𐌿𐍀𐎿𐏀𐒀/>
<𒀀𒀿𒁀𒉿𒊀𒐀𒐿𒒀𒒿/>
<𗀀𗀿𗁀𗇿𗈀𗗿𗘀𗢿𗣀𗿿/>
<𛀀𛃿𝀀𝀿𝁀𝄀𝄿𝈀𝈿𝌀𝌿/>
<𞸀🀀🀿🂿🄀🄿🚀/>

<力>
<א/>
<س/>
<अ/>
<அ/>
<அ/>
<𐍑/>
<🪐/>
<😀/>
</力>

<ÀÖØöøÿĀĿŀſƀƿǀǿƀƿǀǿȀȿɀɿʀʿˀ˿/>
<ͰͽͿ΀οπϿ/>
<ЀпрѿҠҀҿӀӿԀԿՀտրֿ׀׿/>

<؀ؿـٿڀڿۀۿ/>
<܀ܿ݀݀ݿ/>
<ހ޿ހ޿/>
<ࠀ࠿ࡀࢿࣀࣿऀिीॿ/>
<ঀিী৿/>
<౿ൿවවເༀཀ྿࿀/>
<ကႠᄀᅀᆿᇀᇿሀሿቀቿኀዀዿጀጿፀ/>
<ᚿᛀក/>
<ᢿᣀ᧿ᨀᨿᩀ᪀/>
<ᰀ᰿᱀ᲀᴀᴿᵀᵿᶀᶿḀḿṀṿẀếỀỿ/>
<ἀἿὀᾀ᾿῀/>
<a⁰ⁿ₀₿℀ℿ⅀ⅿↀ/>
<ⰀⰿⱀⱿⲀⲿⳀ⳿ⴀⴿⵀⶀⷀⷿ/>
<⸀⸿⹀⺀⺿⻀⼀⼿⽀⽿⾀⾿⿀/>
<、みむむみむダㄿㆿ㇀ㇿ㈀㈿㋿㌀㏿/>

<㐀㐿㗿㘀㛀㛿㟀㟿/>
<㠀㠿㡀㤿㥀㨿㩀㬿㭀㯿/>
<㰀㰿㱀㶿㷀㼿㽀㾿㿀㿿/>
<䀀䀿䅀䅿䆀䊿䋀䍿䎀䏿/>
<䐀䕿䖀䙿䚀䝿䞀䟿/>
<䠀䢿䣀䧿䨀䪿䫀䬿䭀䯿/>
<䰀䱿䲀䴿䵀䶿䷀䷿一丿乀伿佀便俀俿/>
<倀忿怀濿瀀翿耀迿退/>
<ꀀꑿꒀ꒿꓀꓿ꔀꙀꟿꩿꪀꬿꭀꯀ가꿿/>
<뀀뚿뛀밿뱀뿿/>
<쀀쐿쑀엿였쟿저쩿쪀쿿/>
<퀀툿퉀퐿푀휿흀/>
<豈錄鹿ﬀנּﭿﮀﯿ﴿/>
<︿﹀ﹿﺿﻀ＿｀ｿﾀﺀﷰ/>
<�/>

<𐀀𐄀𐄿𐌀𐌿𐍀𐎿𐏀𐒀/>
<𒀀𒀿𒁀𒉿𒊀𒐀𒐿𒒀𒒿/>
<𗀀𗀿𗁀𗇿𗈀𗗿𗘀𗢿𗣀𗿿/>
<𛀀𛃿𝀀𝀿𝁀𝄀𝄿𝈀𝈿𝌀𝌿/>
<𞸀🀀🀿🂿🄀🄿🚀/>

<力>
<א/>
<س/>
<अ/>
<அ/>
<அ/>
<𐍑/>
<🪐/>
<😀/>
</力>

<ÀÖØöøÿĀĿŀſƀƿǀǿƀƿǀǿȀȿɀɿʀʿˀ˿/>
<ͰͽͿ΀οπϿ/>
<ЀпрѿҠҀҿӀӿԀԿՀտրֿ׀׿/>

<؀ؿـٿڀڿۀۿ/>
<܀ܿ݀݀ݿ/>
<ހ޿ހ޿/>
<ࠀ࠿ࡀࢿࣀࣿऀिीॿ/>
<ঀিী৿/>
<౿ൿවවເༀཀ྿࿀/>
<ကႠᄀᅀᆿᇀᇿሀሿቀቿኀዀዿጀጿፀ/>
<ᚿᛀក/>
<ᢿᣀ᧿ᨀᨿᩀ᪀/>
<ᰀ᰿᱀ᲀᴀᴿᵀᵿᶀᶿḀḿṀṿẀếỀỿ/>
<ἀἿὀᾀ᾿῀/>
<a⁰ⁿ₀₿℀ℿ⅀ⅿↀ/>
<ⰀⰿⱀⱿⲀⲿⳀ⳿ⴀⴿⵀⶀⷀⷿ/>
<⸀⸿⹀⺀⺿⻀⼀⼿⽀⽿⾀⾿⿀/>
<、みむむみむダㄿㆿ㇀ㇿ㈀㈿㋿㌀㏿/>

<㐀㐿㗿㘀㛀㛿㟀㟿/>
<㠀㠿㡀㤿㥀㨿㩀㬿㭀㯿/>
<㰀㰿㱀㶿㷀㼿㽀㾿㿀㿿/>
<䀀䀿䅀䅿䆀䊿䋀䍿䎀䏿/>
<䐀䕿䖀䙿䚀䝿䞀䟿/>
<䠀䢿䣀䧿䨀䪿䫀䬿䭀䯿/>
<䰀䱿䲀䴿䵀䶿䷀䷿一丿乀伿佀便俀俿/>
<倀忿怀濿瀀翿耀迿退/>
<ꀀꑿꒀ꒿꓀꓿ꔀꙀꟿꩿꪀꬿꭀꯀ가꿿/>
<뀀뚿뛀밿뱀뿿/>
<쀀쐿쑀엿였쟿저쩿쪀쿿/>
<퀀툿퉀퐿푀휿흀/>
<豈錄鹿ﬀנּﭿﮀﯿ﴿/>
<︿﹀ﹿﺿﻀ＿｀ｿﾀﺀﷰ/>
<�/>

<𐀀𐄀𐄿𐌀𐌿𐍀𐎿𐏀𐒀/>
<𒀀𒀿𒁀𒉿𒊀𒐀𒐿𒒀𒒿/>
<𗀀𗀿𗁀𗇿𗈀𗗿𗘀𗢿𗣀𗿿/>
<𛀀𛃿𝀀𝀿𝁀𝄀𝄿𝈀𝈿𝌀𝌿/>
<𞸀🀀🀿🂿🄀🄿🚀/>

<力>
<א/>
<س/>
<अ/>
<அ/>
<அ/>
<𐍑/>
<🪐/>
<😀/>
</力>

<ÀÖØöøÿĀĿŀſƀƿǀǿƀƿǀǿȀȿɀɿʀʿˀ˿/>
<ͰͽͿ΀οπϿ/>
<ЀпрѿҠҀҿӀӿԀԿՀտրֿ׀׿/>

<؀ؿـٿڀڿۀۿ/>
<܀ܿ݀݀ݿ/>
<ހ޿ހ޿/>
<ࠀ࠿ࡀࢿࣀࣿऀिीॿ/>
<ঀিী৿/>
<౿ൿවවເༀཀ྿࿀/>
<ကႠᄀᅀᆿᇀᇿሀሿቀቿኀዀዿጀጿፀ/>
<ᚿᛀក/>
<ᢿᣀ᧿ᨀᨿᩀ᪀/>
<ᰀ᰿᱀ᲀᴀᴿᵀᵿᶀᶿḀḿṀṿẀếỀỿ/>
<ἀἿὀᾀ᾿῀/>
<a⁰ⁿ₀₿℀ℿ⅀ⅿↀ/>
<ⰀⰿⱀⱿⲀⲿⳀ⳿ⴀⴿⵀⶀⷀⷿ/>
<⸀⸿⹀⺀⺿⻀⼀⼿⽀⽿⾀⾿⿀/>
<、みむむみむダㄿㆿ㇀ㇿ㈀㈿㋿㌀㏿/>

<㐀㐿㗿㘀㛀㛿㟀㟿/>
<㠀㠿㡀㤿㥀㨿㩀㬿㭀㯿/>
<㰀㰿㱀㶿㷀㼿㽀㾿㿀㿿/>
<䀀䀿䅀䅿䆀䊿䋀䍿䎀䏿/>
<䐀䕿䖀䙿䚀䝿䞀䟿/>
<䠀䢿䣀䧿䨀䪿䫀䬿䭀䯿/>
<䰀䱿䲀䴿䵀䶿䷀䷿一丿乀伿佀便俀俿/>
<倀忿怀濿瀀翿耀迿退/>
<ꀀꑿꒀ꒿꓀꓿ꔀꙀꟿꩿꪀꬿꭀꯀ가꿿/>
<뀀뚿뛀밿뱀뿿/>
<쀀쐿쑀엿였쟿저쩿쪀쿿/>
<퀀툿퉀퐿푀휿흀/>
<豈錄鹿ﬀנּﭿﮀﯿ﴿/>
<︿﹀ﹿﺿﻀ＿｀ｿﾀﺀﷰ/>
<�/>

<𐀀𐄀𐄿𐌀𐌿𐍀𐎿𐏀𐒀/>
<𒀀𒀿𒁀𒉿𒊀𒐀𒐿𒒀𒒿/>
<𗀀𗀿𗁀𗇿𗈀𗗿𗘀𗢿𗣀𗿿/>
<𛀀𛃿𝀀𝀿𝁀𝄀𝄿𝈀𝈿𝌀𝌿/>
<𞸀🀀🀿🂿🄀🄿🚀/>

<力>
<א/>
<س/>
<अ/>
<அ/>
<அ/>
<𐍑/>
<🪐/>
<😀/>
</力>

<ÀÖØöøÿĀĿŀſƀƿǀǿƀƿǀǿȀȿɀɿʀʿˀ˿/>
<ͰͽͿ΀οπϿ/>
<ЀпрѿҠҀҿӀӿԀԿՀտրֿ׀׿/>

<؀ؿـٿڀڿۀۿ/>
<܀ܿ݀݀ݿ/>
<ހ޿ހ޿/>
<ࠀ࠿ࡀࢿࣀࣿऀिीॿ/>
<ঀিী৿/>
<౿ൿවවເༀཀ྿࿀/>
<ကႠᄀᅀᆿᇀᇿሀሿቀቿኀዀዿጀጿፀ/>
<ᚿᛀក/>
<ᢿᣀ᧿ᨀᨿᩀ᪀/>
<ᰀ᰿᱀ᲀᴀᴿᵀᵿᶀᶿḀḿṀṿẀếỀỿ/>
<ἀἿὀᾀ᾿῀/>
<a⁰ⁿ₀₿℀ℿ⅀ⅿↀ/>
<ⰀⰿⱀⱿⲀⲿⳀ⳿ⴀⴿⵀⶀⷀⷿ/>
<⸀⸿⹀⺀⺿⻀⼀⼿⽀⽿⾀⾿⿀/>
<、みむむみむダㄿㆿ㇀ㇿ㈀㈿㋿㌀㏿/>

<㐀㐿㗿㘀㛀㛿㟀㟿/>
<㠀㠿㡀㤿㥀㨿㩀㬿㭀㯿/>
<㰀㰿㱀㶿㷀㼿㽀㾿㿀㿿/>
<䀀䀿䅀䅿䆀䊿䋀䍿䎀䏿/>
<䐀䕿䖀䙿䚀䝿䞀䟿/>
<䠀䢿䣀䧿䨀䪿䫀䬿䭀䯿/>
<䰀䱿䲀䴿䵀䶿䷀䷿一丿乀伿佀便俀俿/>
<倀忿怀濿瀀翿耀迿退/>
<ꀀꑿꒀ꒿꓀꓿ꔀꙀꟿꩿꪀꬿꭀꯀ가꿿/>
<뀀뚿뛀밿뱀뿿/>
<쀀쐿쑀엿였쟿저쩿쪀쿿/>
<퀀툿퉀퐿푀휿흀/>
<豈錄鹿ﬀנּﭿﮀﯿ﴿/>
<︿﹀ﹿﺿﻀ＿｀ｿﾀﺀﷰ/>
<�/>

<𐀀𐄀𐄿𐌀𐌿𐍀𐎿𐏀𐒀/>
<𒀀𒀿𒁀𒉿𒊀𒐀𒐿𒒀𒒿/>
<𗀀𗀿𗁀𗇿𗈀𗗿𗘀𗢿𗣀𗿿/>
<𛀀𛃿𝀀𝀿𝁀𝄀𝄿𝈀𝈿𝌀𝌿/>
<𞸀🀀🀿🂿🄀🄿🚀/>

<力>
<א/>
<س/>
<अ/>
<அ/>
<அ/>
<𐍑/>
<🪐/>
<😀/>
</力>

<ÀÖØöøÿĀĿŀſƀƿǀǿƀƿǀǿȀȿɀɿʀʿˀ˿/>
<ͰͽͿ΀οπϿ/>
<ЀпрѿҠҀҿӀӿԀԿՀտրֿ׀׿/>

<؀ؿـٿڀڿۀۿ/>
<܀ܿ݀݀ݿ/>
<ހ޿ހ޿/>
<ࠀ࠿ࡀࢿࣀࣿऀिीॿ/>
<ঀিী৿/>
<౿ൿවවເༀཀ྿࿀/>
<ကႠᄀᅀᆿᇀᇿሀሿቀቿኀዀዿጀጿፀ/>
<ᚿᛀក/>
<ᢿᣀ᧿ᨀᨿᩀ᪀/>
<ᰀ᰿᱀ᲀᴀᴿᵀᵿᶀᶿḀḿṀṿẀếỀỿ/>
<ἀἿὀᾀ᾿῀/>
<a⁰ⁿ₀₿℀ℿ⅀ⅿↀ/>
<ⰀⰿⱀⱿⲀⲿⳀ⳿ⴀⴿⵀⶀⷀⷿ/>
<⸀⸿⹀⺀⺿⻀⼀⼿⽀⽿⾀⾿⿀/>
<、みむむみむダㄿㆿ㇀ㇿ㈀㈿㋿㌀㏿/>

<㐀㐿㗿㘀㛀㛿㟀㟿/>
<㠀㠿㡀㤿㥀㨿㩀㬿㭀㯿/>
<㰀㰿㱀㶿㷀㼿㽀㾿㿀㿿/>
<䀀䀿䅀䅿䆀䊿䋀䍿䎀䏿/>
<䐀䕿䖀䙿䚀䝿䞀䟿/>
<䠀䢿䣀䧿䨀䪿䫀䬿䭀䯿/>
<䰀䱿䲀䴿䵀䶿䷀䷿一丿乀伿佀便俀俿/>
<倀忿怀濿瀀翿耀迿退/>
<ꀀꑿꒀ꒿꓀꓿ꔀꙀꟿꩿꪀꬿꭀꯀ가꿿/>
<뀀뚿뛀밿뱀뿿/>
<쀀쐿쑀엿였쟿저쩿쪀쿿/>
<퀀툿퉀퐿푀휿흀/>
<豈錄鹿ﬀנּﭿﮀﯿ﴿/>
<︿﹀ﹿﺿﻀ＿｀ｿﾀﺀﷰ/>
<�/>

<𐀀𐄀𐄿𐌀𐌿𐍀𐎿𐏀𐒀/>
<𒀀𒀿𒁀𒉿𒊀𒐀𒐿𒒀𒒿/>
<𗀀𗀿𗁀𗇿𗈀𗗿𗘀𗢿𗣀𗿿/>
<𛀀𛃿𝀀𝀿𝁀𝄀𝄿𝈀𝈿𝌀𝌿/>
<𞸀🀀🀿🂿🄀🄿🚀/>

<力>
<א/>
<س/>
<अ/>
<அ/>
<அ/>
<𐍑/>
<🪐/>
<😀/>
</力>

<ÀÖØöøÿĀĿŀſƀƿǀǿƀƿǀǿȀȿɀɿʀʿˀ˿/>
<ͰͽͿ΀οπϿ/>
<ЀпрѿҠҀҿӀӿԀԿՀտրֿ׀׿/>

<؀ؿـٿڀڿۀۿ/>
<܀ܿ݀݀ݿ/>
<ހ޿ހ޿/>
<ࠀ࠿ࡀࢿࣀࣿऀिीॿ/>
<ঀিী৿/>
<౿ൿවවເༀཀ྿࿀/>
<ကႠᄀᅀᆿᇀᇿሀሿቀቿኀዀዿጀጿፀ/>
<ᚿᛀក/>
<ᢿᣀ᧿ᨀᨿᩀ᪀/>
<ᰀ᰿᱀ᲀᴀᴿᵀᵿᶀᶿḀḿṀṿẀếỀỿ/>
<ἀἿὀᾀ᾿῀/>
<a⁰ⁿ₀₿℀ℿ⅀ⅿↀ/>
<ⰀⰿⱀⱿⲀⲿⳀ⳿ⴀⴿⵀⶀⷀⷿ/>
<⸀⸿⹀⺀⺿⻀⼀⼿⽀⽿⾀⾿⿀/>
<、みむむみむダㄿㆿ㇀ㇿ㈀㈿㋿㌀㏿/>

<㐀㐿㗿㘀㛀㛿㟀㟿/>
<㠀㠿㡀㤿㥀㨿㩀㬿㭀㯿/>
<㰀㰿㱀㶿㷀㼿㽀㾿㿀㿿/>
<䀀䀿䅀䅿䆀䊿䋀䍿䎀䏿/>
<䐀䕿䖀䙿䚀䝿䞀䟿/>
<䠀䢿䣀䧿䨀䪿䫀䬿䭀䯿/>
<䰀䱿䲀䴿䵀䶿䷀䷿一丿乀伿佀便俀俿/>
<倀忿怀濿瀀翿耀迿退/>
<ꀀꑿꒀ꒿꓀꓿ꔀꙀꟿꩿꪀꬿꭀꯀ가꿿/>
<뀀뚿뛀밿뱀뿿/>
<쀀쐿쑀엿였쟿저쩿쪀쿿/>
<퀀툿퉀퐿푀휿흀/>
<豈錄鹿ﬀנּﭿﮀﯿ﴿/>
<︿﹀ﹿﺿﻀ＿｀ｿﾀﺀﷰ/>
<�/>

<𐀀𐄀𐄿𐌀𐌿𐍀𐎿𐏀𐒀/>
<𒀀𒀿𒁀𒉿𒊀𒐀𒐿𒒀𒒿/>
<𗀀𗀿𗁀𗇿𗈀𗗿𗘀𗢿𗣀𗿿/>
<𛀀𛃿𝀀𝀿𝁀𝄀𝄿𝈀𝈿𝌀𝌿/>
<𞸀🀀🀿🂿🄀🄿🚀/>

<力>
<א/>
<س/>
<अ/>
<அ/>
<அ/>
<𐍑/>
<🪐/>
<😀/>
</力>

<ÀÖØöøÿĀĿŀſƀƿǀǿƀƿǀǿȀȿɀɿʀʿˀ˿/>
<ͰͽͿ΀οπϿ/>
<ЀпрѿҠҀҿӀӿԀԿՀտրֿ׀׿/>

<؀ؿـٿڀڿۀۿ/>
<܀ܿ݀݀ݿ/>
<ހ޿ހ޿/>
<ࠀ࠿ࡀࢿࣀࣿऀिीॿ/>
<ঀিী৿/>
<౿ൿවවເༀཀ྿࿀/>
<ကႠᄀᅀᆿᇀᇿሀሿቀቿኀዀዿጀጿፀ/>
<ᚿᛀក/>
<ᢿᣀ᧿ᨀᨿᩀ᪀/>
<ᰀ᰿᱀ᲀᴀᴿᵀᵿᶀᶿḀḿṀṿẀếỀỿ/>
<ἀἿὀᾀ᾿῀/>
<a⁰ⁿ₀₿℀ℿ⅀ⅿↀ/>
<ⰀⰿⱀⱿⲀⲿⳀ⳿ⴀⴿⵀⶀⷀⷿ/>
<⸀⸿⹀⺀⺿⻀⼀⼿⽀⽿⾀⾿⿀/>
<、みむむみむダㄿㆿ㇀ㇿ㈀㈿㋿㌀㏿/>

<㐀㐿㗿㘀㛀㛿㟀㟿/>
<㠀㠿㡀㤿㥀㨿㩀㬿㭀㯿/>
<㰀㰿㱀㶿㷀㼿㽀㾿㿀㿿/>
<䀀䀿䅀䅿䆀䊿䋀䍿䎀䏿/>
<䐀䕿䖀䙿䚀䝿䞀䟿/>
<䠀䢿䣀䧿䨀䪿䫀䬿䭀䯿/>
<䰀䱿䲀䴿䵀䶿䷀䷿一丿乀伿佀便俀俿/>
<倀忿怀濿瀀翿耀迿退/>
<ꀀꑿꒀ꒿꓀꓿ꔀꙀꟿꩿꪀꬿꭀꯀ가꿿/>
<뀀뚿뛀밿뱀뿿/>
<쀀쐿쑀엿였쟿저쩿쪀쿿/>
<퀀툿퉀퐿푀휿흀/>
<豈錄鹿ﬀנּﭿﮀﯿ﴿/>
<︿﹀ﹿﺿﻀ＿｀ｿﾀﺀﷰ/>
<�/>

<𐀀𐄀𐄿𐌀𐌿𐍀𐎿𐏀𐒀/>
<𒀀𒀿𒁀𒉿𒊀𒐀𒐿𒒀𒒿/>
<𗀀𗀿𗁀𗇿𗈀𗗿𗘀𗢿𗣀𗿿/>
<𛀀𛃿𝀀𝀿𝁀𝄀𝄿𝈀𝈿𝌀𝌿/>
<𞸀🀀🀿🂿🄀🄿🚀/>

<力>
<א/>
<س/>
<अ/>
<அ/>
<அ/>
<𐍑/>
<🪐/>
<😀/>
</力>

<ÀÖØöøÿĀĿŀſƀƿǀǿƀƿǀǿȀȿɀɿʀʿˀ˿/>
<ͰͽͿ΀οπϿ/>
<ЀпрѿҠҀҿӀӿԀԿՀտրֿ׀׿/>

<؀ؿـٿڀڿۀۿ/>
<܀ܿ݀݀ݿ/>
<ހ޿ހ޿/>
<ࠀ࠿ࡀࢿࣀࣿऀिीॿ/>
<ঀিী৿/>
<౿ൿවවເༀཀ྿࿀/>
<ကႠᄀᅀᆿᇀᇿሀሿቀቿኀዀዿጀጿፀ/>
<ᚿᛀក/>
<ᢿᣀ᧿ᨀᨿᩀ᪀/>
<ᰀ᰿᱀ᲀᴀᴿᵀᵿᶀᶿḀḿṀṿẀếỀỿ/>
<ἀἿὀᾀ᾿῀/>
<a⁰ⁿ₀₿℀ℿ⅀ⅿↀ/>
<ⰀⰿⱀⱿⲀⲿⳀ⳿ⴀⴿⵀⶀⷀⷿ/>
<⸀⸿⹀⺀⺿⻀⼀⼿⽀⽿⾀⾿⿀/>
<、みむむみむダㄿㆿ㇀ㇿ㈀㈿㋿㌀㏿/>

<㐀㐿㗿㘀㛀㛿㟀㟿/>
<㠀㠿㡀㤿㥀㨿㩀㬿㭀㯿/>
<㰀㰿㱀㶿㷀㼿㽀㾿㿀㿿/>
<䀀䀿䅀䅿䆀䊿䋀䍿䎀䏿/>
<䐀䕿䖀䙿䚀䝿䞀䟿/>
<䠀䢿䣀䧿䨀䪿䫀䬿䭀䯿/>
<䰀䱿䲀䴿䵀䶿䷀䷿一丿乀伿佀便俀俿/>
<倀忿怀濿瀀翿耀迿退/>
<ꀀꑿꒀ꒿꓀꓿ꔀꙀꟿꩿꪀꬿꭀꯀ가꿿/>
<뀀뚿뛀밿뱀뿿/>
<쀀쐿쑀엿였쟿저쩿쪀쿿/>
<퀀툿퉀퐿푀휿흀/>
<豈錄鹿ﬀנּﭿﮀﯿ﴿/>
<︿﹀ﹿﺿﻀ＿｀ｿﾀﺀﷰ/>
<�/>

<𐀀𐄀𐄿𐌀𐌿𐍀𐎿𐏀𐒀/>
<𒀀𒀿𒁀𒉿𒊀𒐀𒐿𒒀𒒿/>
<𗀀𗀿𗁀𗇿𗈀𗗿𗘀𗢿𗣀𗿿/>
<𛀀𛃿𝀀𝀿𝁀𝄀𝄿𝈀𝈿𝌀𝌿/>
<𞸀🀀🀿🂿🄀🄿🚀/>

<力>
<א/>
<س/>
<अ/>
<அ/>
<அ/>
<𐍑/>
<🪐/>
<😀/>
</力>

<ÀÖØöøÿĀĿŀſƀƿǀǿƀƿǀǿȀȿɀɿʀʿˀ˿/>
<ͰͽͿ΀οπϿ/>
<ЀпрѿҠҀҿӀӿԀԿՀտրֿ׀׿/>

<؀ؿـٿڀڿۀۿ/>
<܀ܿ݀݀ݿ/>
<ހ޿ހ޿/>
<ࠀ࠿ࡀࢿࣀࣿऀिीॿ/>
<ঀিী৿/>
<౿ൿවවເༀཀ྿࿀/>
<ကႠᄀᅀᆿᇀᇿሀሿቀቿኀዀዿጀጿፀ/>
<ᚿᛀក/>
<ᢿᣀ᧿ᨀᨿᩀ᪀/>
<ᰀ᰿᱀ᲀᴀᴿᵀᵿᶀᶿḀḿṀṿẀếỀỿ/>
<ἀἿὀᾀ᾿῀/>
<a⁰ⁿ₀₿℀ℿ⅀ⅿↀ/>
<ⰀⰿⱀⱿⲀⲿⳀ⳿ⴀⴿⵀⶀⷀⷿ/>
<⸀⸿⹀⺀⺿⻀⼀⼿⽀⽿⾀⾿⿀/>
<、みむむみむダㄿㆿ㇀ㇿ㈀㈿㋿㌀㏿/>

<㐀㐿㗿㘀㛀㛿㟀㟿/>
<㠀㠿㡀㤿㥀㨿㩀㬿㭀㯿/>
<㰀㰿㱀㶿㷀㼿㽀㾿㿀㿿/>
<䀀䀿䅀䅿䆀䊿䋀䍿䎀䏿/>
<䐀䕿䖀䙿䚀䝿䞀䟿/>
<䠀䢿䣀䧿䨀䪿䫀䬿䭀䯿/>
<䰀䱿䲀䴿䵀䶿䷀䷿一丿乀伿佀便俀俿/>
<倀忿怀濿瀀翿耀迿退/>
<ꀀꑿꒀ꒿꓀꓿ꔀꙀꟿꩿꪀꬿꭀꯀ가꿿/>
<뀀뚿뛀밿뱀뿿/>
<쀀쐿쑀엿였쟿저쩿쪀쿿/>
<퀀툿퉀퐿푀휿흀/>
<豈錄鹿ﬀנּﭿﮀﯿ﴿/>
<︿﹀ﹿﺿﻀ＿｀ｿﾀﺀﷰ/>
<�/>

<𐀀𐄀𐄿𐌀𐌿𐍀𐎿𐏀𐒀/>
<𒀀𒀿𒁀𒉿𒊀𒐀𒐿𒒀𒒿/>
<𗀀𗀿𗁀𗇿𗈀𗗿𗘀𗢿𗣀𗿿/>
<𛀀𛃿𝀀𝀿𝁀𝄀𝄿𝈀𝈿𝌀𝌿/>
<𞸀🀀🀿🂿🄀🄿🚀/>

<力>
<א/>
<س/>
<अ/>
<அ/>
<அ/>
<𐍑/>
<🪐/>
<😀/>
</力>

<ÀÖØöøÿĀĿŀſƀƿǀǿƀƿǀǿȀȿɀɿʀʿˀ˿/>
<ͰͽͿ΀οπϿ/>
<ЀпрѿҠҀҿӀӿԀԿՀտրֿ׀׿/>

<؀ؿـٿڀڿۀۿ/>
<܀ܿ݀݀ݿ/>
<ހ޿ހ޿/>
<ࠀ࠿ࡀࢿࣀࣿऀिीॿ/>
<ঀিী৿/>
<౿ൿවවເༀཀ྿࿀/>
<ကႠᄀᅀᆿᇀᇿሀሿቀቿኀዀዿጀጿፀ/>
<ᚿᛀក/>
<ᢿᣀ᧿ᨀᨿᩀ᪀/>
<ᰀ᰿᱀ᲀᴀᴿᵀᵿᶀᶿḀḿṀṿẀếỀỿ/>
<ἀἿὀᾀ᾿῀/>
<a⁰ⁿ₀₿℀ℿ⅀ⅿↀ/>
<ⰀⰿⱀⱿⲀⲿⳀ⳿ⴀⴿⵀⶀⷀⷿ/>
<⸀⸿⹀⺀⺿⻀⼀⼿⽀⽿⾀⾿⿀/>
<、みむむみむダㄿㆿ㇀ㇿ㈀㈿㋿㌀㏿/>

<㐀㐿㗿㘀㛀㛿㟀㟿/>
<㠀㠿㡀㤿㥀㨿㩀㬿㭀㯿/>
<㰀㰿㱀㶿㷀㼿㽀㾿㿀㿿/>
<䀀䀿䅀䅿䆀䊿䋀䍿䎀䏿/>
<䐀䕿䖀䙿䚀䝿䞀䟿/>
<䠀䢿䣀䧿䨀䪿䫀䬿䭀䯿/>
<䰀䱿䲀䴿䵀䶿䷀䷿一丿乀伿佀便俀俿/>
<倀忿怀濿瀀翿耀迿退/>
<ꀀꑿꒀ꒿꓀꓿ꔀꙀꟿꩿꪀꬿꭀꯀ가꿿/>
<뀀뚿뛀밿뱀뿿/>
<쀀쐿쑀엿였쟿저쩿쪀쿿/>
<퀀툿퉀퐿푀휿흀/>
<豈錄鹿ﬀנּﭿﮀﯿ﴿/>
<︿﹀ﹿﺿﻀ＿｀ｿﾀﺀﷰ/>
<�/>

<𐀀𐄀𐄿𐌀𐌿𐍀𐎿𐏀𐒀/>
<𒀀𒀿𒁀𒉿𒊀𒐀𒐿𒒀𒒿/>
<𗀀𗀿𗁀𗇿𗈀𗗿𗘀𗢿𗣀𗿿/>
<𛀀𛃿𝀀𝀿𝁀𝄀𝄿𝈀𝈿𝌀𝌿/>
<𞸀🀀🀿🂿🄀🄿🚀/>

<力>
<א/>
<س/>
<अ/>
<அ/>
<அ/>
<𐍑/>
<🪐/>
<😀/>
</力>

<ÀÖØöøÿĀĿŀſƀƿǀǿƀƿǀǿȀȿɀɿʀʿˀ˿/>
<ͰͽͿ΀οπϿ/>
<ЀпрѿҠҀҿӀӿԀԿՀտրֿ׀׿/>

<؀ؿـٿڀڿۀۿ/>
<܀ܿ݀݀ݿ/>
<ހ޿ހ޿/>
<ࠀ࠿ࡀࢿࣀࣿऀिीॿ/>
<ঀিী৿/>
<౿ൿවවເༀཀ྿࿀/>
<ကႠᄀᅀᆿᇀᇿሀሿቀቿኀዀዿጀጿፀ/>
<ᚿᛀក/>
<ᢿᣀ᧿ᨀᨿᩀ᪀/>
<ᰀ᰿᱀ᲀᴀᴿᵀᵿᶀᶿḀḿṀṿẀếỀỿ/>
<ἀἿὀᾀ᾿῀/>
<a⁰ⁿ₀₿℀ℿ⅀ⅿↀ/>
<ⰀⰿⱀⱿⲀⲿⳀ⳿ⴀⴿⵀⶀⷀⷿ/>
<⸀⸿⹀⺀⺿⻀⼀⼿⽀⽿⾀⾿⿀/>
<、みむむみむダㄿㆿ㇀ㇿ㈀㈿㋿㌀㏿/>

<㐀㐿㗿㘀㛀㛿㟀㟿/>
<㠀㠿㡀㤿㥀㨿㩀㬿㭀㯿/>
<㰀㰿㱀㶿㷀㼿㽀㾿㿀㿿/>
<䀀䀿䅀䅿䆀䊿䋀䍿䎀䏿/>
<䐀䕿䖀䙿䚀䝿䞀䟿/>
<䠀䢿䣀䧿䨀䪿䫀䬿䭀䯿/>
<䰀䱿䲀䴿䵀䶿䷀䷿一丿乀伿佀便俀俿/>
<倀忿怀濿瀀翿耀迿退/>
<ꀀꑿꒀ꒿꓀꓿ꔀꙀꟿꩿꪀꬿꭀꯀ가꿿/>
<뀀뚿뛀밿뱀뿿/>
<쀀쐿쑀엿였쟿저쩿쪀쿿/>
<퀀툿퉀퐿푀휿흀/>
<豈錄鹿ﬀנּﭿﮀﯿ﴿/>
<︿﹀ﹿﺿﻀ＿｀ｿﾀﺀﷰ/>
<�/>

<𐀀𐄀𐄿𐌀𐌿𐍀𐎿𐏀𐒀/>
<𒀀𒀿𒁀𒉿𒊀𒐀𒐿𒒀𒒿/>
<𗀀𗀿𗁀𗇿𗈀𗗿𗘀𗢿𗣀𗿿/>
<𛀀𛃿𝀀𝀿𝁀𝄀𝄿𝈀𝈿𝌀𝌿/>
<𞸀🀀🀿🂿🄀🄿🚀/>

<力>
<א/>
<س/>
<अ/>
<அ/>
<அ/>
<𐍑/>
<🪐/>
<😀/>
</力>

<ÀÖØöøÿĀĿŀſƀƿǀǿƀƿǀǿȀȿɀɿʀʿˀ˿/>
<ͰͽͿ΀οπϿ/>
<ЀпрѿҠҀҿӀӿԀԿՀտրֿ׀׿/>

<؀ؿـٿڀڿۀۿ/>
<܀ܿ݀݀ݿ/>
<ހ޿ހ޿/>
<ࠀ࠿ࡀࢿࣀࣿऀिीॿ/>
<ঀিী৿/>
<౿ൿවවເༀཀ྿࿀/>
<ကႠᄀᅀᆿᇀᇿሀሿቀቿኀዀዿጀጿፀ/>
<ᚿᛀក/>
<ᢿᣀ᧿ᨀᨿᩀ᪀/>
<ᰀ᰿᱀ᲀᴀᴿᵀᵿᶀᶿḀḿṀṿẀếỀỿ/>
<ἀἿὀᾀ᾿῀/>
<a⁰ⁿ₀₿℀ℿ⅀ⅿↀ/>
<ⰀⰿⱀⱿⲀⲿⳀ⳿ⴀⴿⵀⶀⷀⷿ/>
<⸀⸿⹀⺀⺿⻀⼀⼿⽀⽿⾀⾿⿀/>
<、みむむみむダㄿㆿ㇀ㇿ㈀㈿㋿㌀㏿/>

<㐀㐿㗿㘀㛀㛿㟀㟿/>
<㠀㠿㡀㤿㥀㨿㩀㬿㭀㯿/>
<㰀㰿㱀㶿㷀㼿㽀㾿㿀㿿/>
<䀀䀿䅀䅿䆀䊿䋀䍿䎀䏿/>
<䐀䕿䖀䙿䚀䝿䞀䟿/>
<䠀䢿䣀䧿䨀䪿䫀䬿䭀䯿/>
<䰀䱿䲀䴿䵀䶿䷀䷿一丿乀伿佀便俀俿/>
<倀忿怀濿瀀翿耀迿退/>
<ꀀꑿꒀ꒿꓀꓿ꔀꙀꟿꩿꪀꬿꭀꯀ가꿿/>
<뀀뚿뛀밿뱀뿿/>
<쀀쐿쑀엿였쟿저쩿쪀쿿/>
<퀀툿퉀퐿푀휿흀/>
<豈錄鹿ﬀנּﭿﮀﯿ﴿/>
<︿﹀ﹿﺿﻀ＿｀ｿﾀﺀﷰ/>
<�/>

<𐀀𐄀𐄿𐌀𐌿𐍀𐎿𐏀𐒀/>
<𒀀𒀿𒁀𒉿𒊀𒐀𒐿𒒀𒒿/>
<𗀀𗀿𗁀𗇿𗈀𗗿𗘀𗢿𗣀𗿿/>
<𛀀𛃿𝀀𝀿𝁀𝄀𝄿𝈀𝈿𝌀𝌿/>
<𞸀🀀🀿🂿🄀🄿🚀/>

<力>
<א/>
<س/>
<अ/>
<அ/>
<அ/>
<𐍑/>
<🪐/>
<😀/>
</力>

<ÀÖØöøÿĀĿŀſƀƿǀǿƀƿǀǿȀȿɀɿʀʿˀ˿/>
<ͰͽͿ΀οπϿ/>
<ЀпрѿҠҀҿӀӿԀԿՀտրֿ׀׿/>

<؀ؿـٿڀڿۀۿ/>
<܀ܿ݀݀ݿ/>
<ހ޿ހ޿/>
<ࠀ࠿ࡀࢿࣀࣿऀिीॿ/>
<ঀিী৿/>
<౿ൿවවເༀཀ྿࿀/>
<ကႠᄀᅀᆿᇀᇿሀሿቀቿኀዀዿጀጿፀ/>
<ᚿᛀក/>
<ᢿᣀ᧿ᨀᨿᩀ᪀/>
<ᰀ᰿᱀ᲀᴀᴿᵀᵿᶀᶿḀḿṀṿẀếỀỿ/>
<ἀἿὀᾀ᾿῀/>
<a⁰ⁿ₀₿℀ℿ⅀ⅿↀ/>
<ⰀⰿⱀⱿⲀⲿⳀ⳿ⴀⴿⵀⶀⷀⷿ/>
<⸀⸿⹀⺀⺿⻀⼀⼿⽀⽿⾀⾿⿀/>
<、みむむみむダㄿㆿ㇀ㇿ㈀㈿㋿㌀㏿/>

<㐀㐿㗿㘀㛀㛿㟀㟿/>
<㠀㠿㡀㤿㥀㨿㩀㬿㭀㯿/>
<㰀㰿㱀㶿㷀㼿㽀㾿㿀㿿/>
<䀀䀿䅀䅿䆀䊿䋀䍿䎀䏿/>
<䐀䕿䖀䙿䚀䝿䞀䟿/>
<䠀䢿䣀䧿䨀䪿䫀䬿䭀䯿/>
<䰀䱿䲀䴿䵀䶿䷀䷿一丿乀伿佀便俀俿/>
<倀忿怀濿瀀翿耀迿退/>
<ꀀꑿꒀ꒿꓀꓿ꔀꙀꟿꩿꪀꬿꭀꯀ가꿿/>
<뀀뚿뛀밿뱀뿿/>
<쀀쐿쑀엿였쟿저쩿쪀쿿/>
<퀀툿퉀퐿푀휿흀/>
<豈錄鹿ﬀנּﭿﮀﯿ﴿/>
<︿﹀ﹿﺿﻀ＿｀ｿﾀﺀﷰ/>
<�/>

<𐀀𐄀𐄿𐌀𐌿𐍀𐎿𐏀𐒀/>
<𒀀𒀿𒁀𒉿𒊀𒐀𒐿𒒀𒒿/>
<𗀀𗀿𗁀𗇿𗈀𗗿𗘀𗢿𗣀𗿿/>
<𛀀𛃿𝀀𝀿𝁀𝄀𝄿𝈀𝈿𝌀𝌿/>
<𞸀🀀🀿🂿🄀🄿🚀/>

<力>
<א/>
<س/>
<अ/>
<அ/>
<அ/>
<𐍑/>
<🪐/>
<😀/>
</力>

<ÀÖØöøÿĀĿŀſƀƿǀǿƀƿǀǿȀȿɀɿʀʿˀ˿/>
<ͰͽͿ΀οπϿ/>
<ЀпрѿҠҀҿӀӿԀԿՀտրֿ׀׿/>

<؀ؿـٿڀڿۀۿ/>
<܀ܿ݀݀ݿ/>
<ހ޿ހ޿/>
<ࠀ࠿ࡀࢿࣀࣿऀिीॿ/>
<ঀিী৿/>
<౿ൿවවເༀཀ྿࿀/>
<ကႠᄀᅀᆿᇀᇿሀሿቀቿኀዀዿጀጿፀ/>
<ᚿᛀក/>
<ᢿᣀ᧿ᨀᨿᩀ᪀/>
<ᰀ᰿᱀ᲀᴀᴿᵀᵿᶀᶿḀḿṀṿẀếỀỿ/>
<ἀἿὀᾀ᾿῀/>
<a⁰ⁿ₀₿℀ℿ⅀ⅿↀ/>
<ⰀⰿⱀⱿⲀⲿⳀ⳿ⴀⴿⵀⶀⷀⷿ/>
<⸀⸿⹀⺀⺿⻀⼀⼿⽀⽿⾀⾿⿀/>
<、みむむみむダㄿㆿ㇀ㇿ㈀㈿㋿㌀㏿/>

<㐀㐿㗿㘀㛀㛿㟀㟿/>
<㠀㠿㡀㤿㥀㨿㩀㬿㭀㯿/>
<㰀㰿㱀㶿㷀㼿㽀㾿㿀㿿/>
<䀀䀿䅀䅿䆀䊿䋀䍿䎀䏿/>
<䐀䕿䖀䙿䚀䝿䞀䟿/>
<䠀䢿䣀䧿䨀䪿䫀䬿䭀䯿/>
<䰀䱿䲀䴿䵀䶿䷀䷿一丿乀伿佀便俀俿/>
<倀忿怀濿瀀翿耀迿退/>
<ꀀꑿꒀ꒿꓀꓿ꔀꙀꟿꩿꪀꬿꭀꯀ가꿿/>
<뀀뚿뛀밿뱀뿿/>
<쀀쐿쑀엿였쟿저쩿쪀쿿/>
<퀀툿퉀퐿푀휿흀/>
<豈錄鹿ﬀנּﭿﮀﯿ﴿/>
<︿﹀ﹿﺿﻀ＿｀ｿﾀﺀﷰ/>
<�/>

<𐀀𐄀𐄿𐌀𐌿𐍀𐎿𐏀𐒀/>
<𒀀𒀿𒁀𒉿𒊀𒐀𒐿𒒀𒒿/>
<𗀀𗀿𗁀𗇿𗈀𗗿𗘀𗢿𗣀𗿿/>
<𛀀𛃿𝀀𝀿𝁀𝄀𝄿𝈀𝈿𝌀𝌿/>
<𞸀🀀🀿🂿🄀🄿🚀/>

<力>
<א/>
<س/>
<अ/>
<அ/>
<அ/>
<𐍑/>
<🪐/>
<😀/>
</力>

<ÀÖØöøÿĀĿŀſƀƿǀǿƀƿǀǿȀȿɀɿʀʿˀ˿/>
<ͰͽͿ΀οπϿ/>
<ЀпрѿҠҀҿӀӿԀԿՀտրֿ׀׿/>

<؀ؿـٿڀڿۀۿ/>
<܀ܿ݀݀ݿ/>
<ހ޿ހ޿/>
<ࠀ࠿ࡀࢿࣀࣿऀिीॿ/>
<ঀিী৿/>
<౿ൿවවເༀཀ྿࿀/>
<ကႠᄀᅀᆿᇀᇿሀሿቀቿኀዀዿጀጿፀ/>
<ᚿᛀក/>
<ᢿᣀ᧿ᨀᨿᩀ᪀/>
<ᰀ᰿᱀ᲀᴀᴿᵀᵿᶀᶿḀḿṀṿẀếỀỿ/>
<ἀἿὀᾀ᾿῀/>
<a⁰ⁿ₀₿℀ℿ⅀ⅿↀ/>
<ⰀⰿⱀⱿⲀⲿⳀ⳿ⴀⴿⵀⶀⷀⷿ/>
<⸀⸿⹀⺀⺿⻀⼀⼿⽀⽿⾀⾿⿀/>
<、みむむみむダㄿㆿ㇀ㇿ㈀㈿㋿㌀㏿/>

<㐀㐿㗿㘀㛀㛿㟀㟿/>
<㠀㠿㡀㤿㥀㨿㩀㬿㭀㯿/>
<㰀㰿㱀㶿㷀㼿㽀㾿㿀㿿/>
<䀀䀿䅀䅿䆀䊿䋀䍿䎀䏿/>
<䐀䕿䖀䙿䚀䝿䞀䟿/>
<䠀䢿䣀䧿䨀䪿䫀䬿䭀䯿/>
<䰀䱿䲀䴿䵀䶿䷀䷿一丿乀伿佀便俀俿/>
<倀忿怀濿瀀翿耀迿退/>
<ꀀꑿꒀ꒿꓀꓿ꔀꙀꟿꩿꪀꬿꭀꯀ가꿿/>
<뀀뚿뛀밿뱀뿿/>
<쀀쐿쑀엿였쟿저쩿쪀쿿/>
<퀀툿퉀퐿푀휿흀/>
<豈錄鹿ﬀנּﭿﮀﯿ﴿/>
<︿﹀ﹿﺿﻀ＿｀ｿﾀﺀﷰ/>
<�/>

<𐀀𐄀𐄿𐌀𐌿𐍀𐎿𐏀𐒀/>
<𒀀𒀿𒁀𒉿𒊀𒐀𒐿𒒀𒒿/>
<𗀀𗀿𗁀𗇿𗈀𗗿𗘀𗢿𗣀𗿿/>
<𛀀𛃿𝀀𝀿𝁀𝄀𝄿𝈀𝈿𝌀𝌿/>
<𞸀🀀🀿🂿🄀🄿🚀/>

<力>
<א/>
<س/>
<अ/>
<அ/>
<அ/>
<𐍑/>
<🪐/>
<😀/>
</力>

<ÀÖØöøÿĀĿŀſƀƿǀǿƀƿǀǿȀȿɀɿʀʿˀ˿/>
<ͰͽͿ΀οπϿ/>
<ЀпрѿҠҀҿӀӿԀԿՀտրֿ׀׿/>

<؀ؿـٿڀڿۀۿ/>
<܀ܿ݀݀ݿ/>
<ހ޿ހ޿/>
<ࠀ࠿ࡀࢿࣀࣿऀिीॿ/>
<ঀিী৿/>
<౿ൿවවເༀཀ྿࿀/>
<ကႠᄀᅀᆿᇀᇿሀሿቀቿኀዀዿጀጿፀ/>
<ᚿᛀក/>
<ᢿᣀ᧿ᨀᨿᩀ᪀/>
<ᰀ᰿᱀ᲀᴀᴿᵀᵿᶀᶿḀḿṀṿẀếỀỿ/>
<ἀἿὀᾀ᾿῀/>
<a⁰ⁿ₀₿℀ℿ⅀ⅿↀ/>
<ⰀⰿⱀⱿⲀⲿⳀ⳿ⴀⴿⵀⶀⷀⷿ/>
<⸀⸿⹀⺀⺿⻀⼀⼿⽀⽿⾀⾿⿀/>
<、みむむみむダㄿㆿ㇀ㇿ㈀㈿㋿㌀㏿/>

<㐀㐿㗿㘀㛀㛿㟀㟿/>
<㠀㠿㡀㤿㥀㨿㩀㬿㭀㯿/>
<㰀㰿㱀㶿㷀㼿㽀㾿㿀㿿/>
<䀀䀿䅀䅿䆀䊿䋀䍿䎀䏿/>
<䐀䕿䖀䙿䚀䝿䞀䟿/>
<䠀䢿䣀䧿䨀䪿䫀䬿䭀䯿/>
<䰀䱿䲀䴿䵀䶿䷀䷿一丿乀伿佀便俀俿/>
<倀忿怀濿瀀翿耀迿退/>
<ꀀꑿꒀ꒿꓀꓿ꔀꙀꟿꩿꪀꬿꭀꯀ가꿿/>
<뀀뚿뛀밿뱀뿿/>
<쀀쐿쑀엿였쟿저쩿쪀쿿/>
<퀀툿퉀퐿푀휿흀/>
<豈錄鹿ﬀנּﭿﮀﯿ﴿/>
<︿﹀ﹿﺿﻀ＿｀ｿﾀﺀﷰ/>
<�/>

<𐀀𐄀𐄿𐌀𐌿𐍀𐎿𐏀𐒀/>
<𒀀𒀿𒁀𒉿𒊀𒐀𒐿𒒀𒒿/>
<𗀀𗀿𗁀𗇿𗈀𗗿𗘀𗢿𗣀𗿿/>
<𛀀𛃿𝀀𝀿𝁀𝄀𝄿𝈀𝈿𝌀𝌿/>
<𞸀🀀🀿🂿🄀🄿🚀/>

<力>
<א/>
<س/>
<अ/>
<அ/>
<அ/>
<𐍑/>
<🪐/>
<😀/>
</力>

<ÀÖØöøÿĀĿŀſƀƿǀǿƀƿǀǿȀȿɀɿʀʿˀ˿/>
<ͰͽͿ΀οπϿ/>
<ЀпрѿҠҀҿӀӿԀԿՀտրֿ׀׿/>

<؀ؿـٿڀڿۀۿ/>
<܀ܿ݀݀ݿ/>
<ހ޿ހ޿/>
<ࠀ࠿ࡀࢿࣀࣿऀिीॿ/>
<ঀিী৿/>
<౿ൿවවເༀཀ྿࿀/>
<ကႠᄀᅀᆿᇀᇿሀሿቀቿኀዀዿጀጿፀ/>
<ᚿᛀក/>
<ᢿᣀ᧿ᨀᨿᩀ᪀/>
<ᰀ᰿᱀ᲀᴀᴿᵀᵿᶀᶿḀḿṀṿẀếỀỿ/>
<ἀἿὀᾀ᾿῀/>
<a⁰ⁿ₀₿℀ℿ⅀ⅿↀ/>
<ⰀⰿⱀⱿⲀⲿⳀ⳿ⴀⴿⵀⶀⷀⷿ/>
<⸀⸿⹀⺀⺿⻀⼀⼿⽀⽿⾀⾿⿀/>
<、みむむみむダㄿㆿ㇀ㇿ㈀㈿㋿㌀㏿/>

<㐀㐿㗿㘀㛀㛿㟀㟿/>
<㠀㠿㡀㤿㥀㨿㩀㬿㭀㯿/>
<㰀㰿㱀㶿㷀㼿㽀㾿㿀㿿/>
<䀀䀿䅀䅿䆀䊿䋀䍿䎀䏿/>
<䐀䕿䖀䙿䚀䝿䞀䟿/>
<䠀䢿䣀䧿䨀䪿䫀䬿䭀䯿/>
<䰀䱿䲀䴿䵀䶿䷀䷿一丿乀伿佀便俀俿/>
<倀忿怀濿瀀翿耀迿退/>
<ꀀꑿꒀ꒿꓀꓿ꔀꙀꟿꩿꪀꬿꭀꯀ가꿿/>
<뀀뚿뛀밿뱀뿿/>
<쀀쐿쑀엿였쟿저쩿쪀쿿/>
<퀀툿퉀퐿푀휿흀/>
<豈錄鹿ﬀנּﭿﮀﯿ﴿/>
<︿﹀ﹿﺿﻀ＿｀ｿﾀﺀﷰ/>
<�/>

<𐀀𐄀𐄿𐌀𐌿𐍀𐎿𐏀𐒀/>
<𒀀𒀿𒁀𒉿𒊀𒐀𒐿𒒀𒒿/>
<𗀀𗀿𗁀𗇿𗈀𗗿𗘀𗢿𗣀𗿿/>
<𛀀𛃿𝀀𝀿𝁀𝄀𝄿𝈀𝈿𝌀𝌿/>
<𞸀🀀🀿🂿🄀🄿🚀/>

</test>
